[2024-07-01T12:56:45.402+0300] {local_task_job_runner.py:120} INFO - ::group::Pre task execution logs
[2024-07-01T12:56:45.472+0300] {taskinstance.py:2076} INFO - Dependencies all met for dep_context=non-requeueable deps ti=<TaskInstance: weather_data_pipeline.ingest_to_sql_server scheduled__2024-07-01T07:00:00+00:00 [queued]>
[2024-07-01T12:56:45.477+0300] {taskinstance.py:2076} INFO - Dependencies all met for dep_context=requeueable deps ti=<TaskInstance: weather_data_pipeline.ingest_to_sql_server scheduled__2024-07-01T07:00:00+00:00 [queued]>
[2024-07-01T12:56:45.488+0300] {taskinstance.py:2306} INFO - Starting attempt 1 of 2
[2024-07-01T12:56:45.500+0300] {taskinstance.py:2330} INFO - Executing <Task(PythonOperator): ingest_to_sql_server> on 2024-07-01 07:00:00+00:00
[2024-07-01T12:56:45.517+0300] {standard_task_runner.py:63} INFO - Started process 20665 to run task
[2024-07-01T12:56:45.524+0300] {standard_task_runner.py:90} INFO - Running: ['airflow', 'tasks', 'run', 'weather_data_pipeline', 'ingest_to_sql_server', 'scheduled__2024-07-01T07:00:00+00:00', '--job-id', '349', '--raw', '--subdir', 'DAGS_FOLDER/Fetch_ingest_DAG.py', '--cfg-path', '/tmp/tmpl2bkmn12']
[2024-07-01T12:56:45.527+0300] {standard_task_runner.py:91} INFO - Job 349: Subtask ingest_to_sql_server
[2024-07-01T12:56:45.563+0300] {task_command.py:426} INFO - Running <TaskInstance: weather_data_pipeline.ingest_to_sql_server scheduled__2024-07-01T07:00:00+00:00 [running]> on host DESKTOP-1R67MDQ.
[2024-07-01T12:56:45.621+0300] {taskinstance.py:2648} INFO - Exporting env vars: AIRFLOW_CTX_DAG_OWNER='airflow' AIRFLOW_CTX_DAG_ID='weather_data_pipeline' AIRFLOW_CTX_TASK_ID='ingest_to_sql_server' AIRFLOW_CTX_EXECUTION_DATE='2024-07-01T07:00:00+00:00' AIRFLOW_CTX_TRY_NUMBER='1' AIRFLOW_CTX_DAG_RUN_ID='scheduled__2024-07-01T07:00:00+00:00'
[2024-07-01T12:56:45.621+0300] {taskinstance.py:430} INFO - ::endgroup::
[2024-07-01T12:56:45.670+0300] {logging_mixin.py:188} INFO - Data inserted successfully
[2024-07-01T12:56:45.671+0300] {logging_mixin.py:188} INFO - Duplicates removed successfully
[2024-07-01T12:56:45.672+0300] {logging_mixin.py:188} INFO - Connection to SQL Server closed
[2024-07-01T12:56:45.672+0300] {python.py:237} INFO - Done. Returned value was: None
[2024-07-01T12:56:45.672+0300] {taskinstance.py:441} INFO - ::group::Post task execution logs
[2024-07-01T12:56:45.676+0300] {taskinstance.py:1206} INFO - Marking task as SUCCESS. dag_id=weather_data_pipeline, task_id=ingest_to_sql_server, run_id=scheduled__2024-07-01T07:00:00+00:00, execution_date=20240701T070000, start_date=20240701T095645, end_date=20240701T095645
[2024-07-01T12:56:45.699+0300] {local_task_job_runner.py:240} INFO - Task exited with return code 0
[2024-07-01T12:56:45.712+0300] {taskinstance.py:3498} INFO - 0 downstream tasks scheduled from follow-on schedule check
[2024-07-01T12:56:45.713+0300] {local_task_job_runner.py:222} INFO - ::endgroup::
