[2024-07-01T12:43:54.520+0300] {local_task_job_runner.py:120} INFO - ::group::Pre task execution logs
[2024-07-01T12:43:54.613+0300] {taskinstance.py:2076} INFO - Dependencies all met for dep_context=non-requeueable deps ti=<TaskInstance: weather_data_pipeline.ingest_to_sql_server scheduled__2024-06-27T21:00:00+00:00 [queued]>
[2024-07-01T12:43:54.619+0300] {taskinstance.py:2076} INFO - Dependencies all met for dep_context=requeueable deps ti=<TaskInstance: weather_data_pipeline.ingest_to_sql_server scheduled__2024-06-27T21:00:00+00:00 [queued]>
[2024-07-01T12:43:54.631+0300] {taskinstance.py:2306} INFO - Starting attempt 1 of 2
[2024-07-01T12:43:54.648+0300] {taskinstance.py:2330} INFO - Executing <Task(PythonOperator): ingest_to_sql_server> on 2024-06-27 21:00:00+00:00
[2024-07-01T12:43:54.688+0300] {standard_task_runner.py:63} INFO - Started process 14034 to run task
[2024-07-01T12:43:54.697+0300] {standard_task_runner.py:90} INFO - Running: ['airflow', 'tasks', 'run', 'weather_data_pipeline', 'ingest_to_sql_server', 'scheduled__2024-06-27T21:00:00+00:00', '--job-id', '186', '--raw', '--subdir', 'DAGS_FOLDER/Fetch_ingest_DAG.py', '--cfg-path', '/tmp/tmp9fr1od2n']
[2024-07-01T12:43:54.701+0300] {standard_task_runner.py:91} INFO - Job 186: Subtask ingest_to_sql_server
[2024-07-01T12:43:54.772+0300] {task_command.py:426} INFO - Running <TaskInstance: weather_data_pipeline.ingest_to_sql_server scheduled__2024-06-27T21:00:00+00:00 [running]> on host DESKTOP-1R67MDQ.
[2024-07-01T12:43:54.870+0300] {taskinstance.py:2648} INFO - Exporting env vars: AIRFLOW_CTX_DAG_OWNER='airflow' AIRFLOW_CTX_DAG_ID='weather_data_pipeline' AIRFLOW_CTX_TASK_ID='ingest_to_sql_server' AIRFLOW_CTX_EXECUTION_DATE='2024-06-27T21:00:00+00:00' AIRFLOW_CTX_TRY_NUMBER='1' AIRFLOW_CTX_DAG_RUN_ID='scheduled__2024-06-27T21:00:00+00:00'
[2024-07-01T12:43:54.871+0300] {taskinstance.py:430} INFO - ::endgroup::
[2024-07-01T12:43:54.948+0300] {logging_mixin.py:188} INFO - Data inserted successfully
[2024-07-01T12:43:54.950+0300] {logging_mixin.py:188} INFO - Duplicates removed successfully
[2024-07-01T12:43:54.951+0300] {logging_mixin.py:188} INFO - Connection to SQL Server closed
[2024-07-01T12:43:54.952+0300] {python.py:237} INFO - Done. Returned value was: None
[2024-07-01T12:43:54.952+0300] {taskinstance.py:441} INFO - ::group::Post task execution logs
[2024-07-01T12:43:54.960+0300] {taskinstance.py:1206} INFO - Marking task as SUCCESS. dag_id=weather_data_pipeline, task_id=ingest_to_sql_server, run_id=scheduled__2024-06-27T21:00:00+00:00, execution_date=20240627T210000, start_date=20240701T094354, end_date=20240701T094354
[2024-07-01T12:43:54.990+0300] {local_task_job_runner.py:240} INFO - Task exited with return code 0
[2024-07-01T12:43:55.014+0300] {taskinstance.py:3498} INFO - 0 downstream tasks scheduled from follow-on schedule check
[2024-07-01T12:43:55.015+0300] {local_task_job_runner.py:222} INFO - ::endgroup::
