[2024-06-24T15:45:09.087+0300] {processor.py:161} INFO - Started process (PID=10768) to work on /home/user/rubix/internship_project/dags/empty_DAG.py
[2024-06-24T15:45:09.088+0300] {processor.py:830} INFO - Processing file /home/user/rubix/internship_project/dags/empty_DAG.py for tasks to queue
[2024-06-24T15:45:09.090+0300] {logging_mixin.py:188} INFO - [2024-06-24T15:45:09.089+0300] {dagbag.py:545} INFO - Filling up the DagBag from /home/user/rubix/internship_project/dags/empty_DAG.py
[2024-06-24T15:45:09.106+0300] {processor.py:840} INFO - DAG(s) 'empty_dag' retrieved from /home/user/rubix/internship_project/dags/empty_DAG.py
[2024-06-24T15:45:09.254+0300] {logging_mixin.py:188} INFO - [2024-06-24T15:45:09.253+0300] {override.py:1829} INFO - Created Permission View: can edit on DAG:empty_dag
[2024-06-24T15:45:09.267+0300] {logging_mixin.py:188} INFO - [2024-06-24T15:45:09.266+0300] {override.py:1829} INFO - Created Permission View: can delete on DAG:empty_dag
[2024-06-24T15:45:09.277+0300] {logging_mixin.py:188} INFO - [2024-06-24T15:45:09.276+0300] {override.py:1829} INFO - Created Permission View: can read on DAG:empty_dag
[2024-06-24T15:45:09.277+0300] {logging_mixin.py:188} INFO - [2024-06-24T15:45:09.277+0300] {dag.py:3096} INFO - Sync 1 DAGs
[2024-06-24T15:45:09.287+0300] {logging_mixin.py:188} INFO - [2024-06-24T15:45:09.287+0300] {dag.py:3118} INFO - Creating ORM DAG for empty_dag
[2024-06-24T15:45:09.296+0300] {logging_mixin.py:188} INFO - [2024-06-24T15:45:09.296+0300] {dag.py:3954} INFO - Setting next_dagrun for empty_dag to None, run_after=None
[2024-06-24T15:45:09.316+0300] {processor.py:183} INFO - Processing /home/user/rubix/internship_project/dags/empty_DAG.py took 0.240 seconds
[2024-06-24T15:45:39.571+0300] {processor.py:161} INFO - Started process (PID=11063) to work on /home/user/rubix/internship_project/dags/empty_DAG.py
[2024-06-24T15:45:39.574+0300] {processor.py:830} INFO - Processing file /home/user/rubix/internship_project/dags/empty_DAG.py for tasks to queue
[2024-06-24T15:45:39.578+0300] {logging_mixin.py:188} INFO - [2024-06-24T15:45:39.577+0300] {dagbag.py:545} INFO - Filling up the DagBag from /home/user/rubix/internship_project/dags/empty_DAG.py
[2024-06-24T15:45:39.591+0300] {processor.py:840} INFO - DAG(s) 'empty_dag' retrieved from /home/user/rubix/internship_project/dags/empty_DAG.py
[2024-06-24T15:45:39.611+0300] {logging_mixin.py:188} INFO - [2024-06-24T15:45:39.611+0300] {dag.py:3096} INFO - Sync 1 DAGs
[2024-06-24T15:45:39.627+0300] {logging_mixin.py:188} INFO - [2024-06-24T15:45:39.626+0300] {dag.py:3954} INFO - Setting next_dagrun for empty_dag to None, run_after=None
[2024-06-24T15:45:39.657+0300] {processor.py:183} INFO - Processing /home/user/rubix/internship_project/dags/empty_DAG.py took 0.095 seconds
[2024-06-24T15:46:10.495+0300] {processor.py:161} INFO - Started process (PID=11094) to work on /home/user/rubix/internship_project/dags/empty_DAG.py
[2024-06-24T15:46:10.497+0300] {processor.py:830} INFO - Processing file /home/user/rubix/internship_project/dags/empty_DAG.py for tasks to queue
[2024-06-24T15:46:10.500+0300] {logging_mixin.py:188} INFO - [2024-06-24T15:46:10.499+0300] {dagbag.py:545} INFO - Filling up the DagBag from /home/user/rubix/internship_project/dags/empty_DAG.py
[2024-06-24T15:46:10.525+0300] {processor.py:840} INFO - DAG(s) 'empty_dag' retrieved from /home/user/rubix/internship_project/dags/empty_DAG.py
[2024-06-24T15:46:10.555+0300] {logging_mixin.py:188} INFO - [2024-06-24T15:46:10.555+0300] {dag.py:3096} INFO - Sync 1 DAGs
[2024-06-24T15:46:10.592+0300] {logging_mixin.py:188} INFO - [2024-06-24T15:46:10.592+0300] {dag.py:3954} INFO - Setting next_dagrun for empty_dag to None, run_after=None
[2024-06-24T15:46:10.634+0300] {processor.py:183} INFO - Processing /home/user/rubix/internship_project/dags/empty_DAG.py took 0.155 seconds
[2024-06-24T19:35:04.999+0300] {processor.py:161} INFO - Started process (PID=11098) to work on /home/user/rubix/internship_project/dags/empty_DAG.py
[2024-06-24T19:35:05.001+0300] {processor.py:830} INFO - Processing file /home/user/rubix/internship_project/dags/empty_DAG.py for tasks to queue
[2024-06-24T19:35:05.005+0300] {logging_mixin.py:188} INFO - [2024-06-24T19:35:05.004+0300] {dagbag.py:545} INFO - Filling up the DagBag from /home/user/rubix/internship_project/dags/empty_DAG.py
[2024-06-24T19:35:05.045+0300] {processor.py:840} INFO - DAG(s) 'empty_dag' retrieved from /home/user/rubix/internship_project/dags/empty_DAG.py
[2024-06-24T19:35:05.096+0300] {logging_mixin.py:188} INFO - [2024-06-24T19:35:05.095+0300] {dag.py:3096} INFO - Sync 1 DAGs
[2024-06-24T19:35:05.146+0300] {logging_mixin.py:188} INFO - [2024-06-24T19:35:05.145+0300] {dag.py:3954} INFO - Setting next_dagrun for empty_dag to None, run_after=None
[2024-06-24T19:35:05.194+0300] {processor.py:183} INFO - Processing /home/user/rubix/internship_project/dags/empty_DAG.py took 0.216 seconds
