[2024-06-24T15:35:08.117+0300] {processor.py:161} INFO - Started process (PID=7586) to work on /home/user/rubix/internship_project/dags/fetch_DAG.py
[2024-06-24T15:35:08.118+0300] {processor.py:830} INFO - Processing file /home/user/rubix/internship_project/dags/fetch_DAG.py for tasks to queue
[2024-06-24T15:35:08.120+0300] {logging_mixin.py:188} INFO - [2024-06-24T15:35:08.120+0300] {dagbag.py:545} INFO - Filling up the DagBag from /home/user/rubix/internship_project/dags/fetch_DAG.py
[2024-06-24T15:35:08.148+0300] {processor.py:840} INFO - DAG(s) 'fetch' retrieved from /home/user/rubix/internship_project/dags/fetch_DAG.py
[2024-06-24T15:35:08.341+0300] {logging_mixin.py:188} INFO - [2024-06-24T15:35:08.340+0300] {override.py:1829} INFO - Created Permission View: can edit on DAG:fetch
[2024-06-24T15:35:08.350+0300] {logging_mixin.py:188} INFO - [2024-06-24T15:35:08.350+0300] {override.py:1829} INFO - Created Permission View: can delete on DAG:fetch
[2024-06-24T15:35:08.360+0300] {logging_mixin.py:188} INFO - [2024-06-24T15:35:08.359+0300] {override.py:1829} INFO - Created Permission View: can read on DAG:fetch
[2024-06-24T15:35:08.360+0300] {logging_mixin.py:188} INFO - [2024-06-24T15:35:08.360+0300] {dag.py:3096} INFO - Sync 1 DAGs
[2024-06-24T15:35:08.368+0300] {logging_mixin.py:188} INFO - [2024-06-24T15:35:08.368+0300] {dag.py:3118} INFO - Creating ORM DAG for fetch
[2024-06-24T15:35:08.396+0300] {logging_mixin.py:188} INFO - [2024-06-24T15:35:08.395+0300] {dag.py:3954} INFO - Setting next_dagrun for fetch to 2024-06-25 00:00:00+00:00, run_after=2024-06-26 00:00:00+00:00
[2024-06-24T15:35:08.512+0300] {processor.py:183} INFO - Processing /home/user/rubix/internship_project/dags/fetch_DAG.py took 0.403 seconds
[2024-06-24T15:35:38.887+0300] {processor.py:161} INFO - Started process (PID=7948) to work on /home/user/rubix/internship_project/dags/fetch_DAG.py
[2024-06-24T15:35:38.890+0300] {processor.py:830} INFO - Processing file /home/user/rubix/internship_project/dags/fetch_DAG.py for tasks to queue
[2024-06-24T15:35:38.895+0300] {logging_mixin.py:188} INFO - [2024-06-24T15:35:38.894+0300] {dagbag.py:545} INFO - Filling up the DagBag from /home/user/rubix/internship_project/dags/fetch_DAG.py
[2024-06-24T15:35:38.913+0300] {processor.py:840} INFO - DAG(s) 'fetch' retrieved from /home/user/rubix/internship_project/dags/fetch_DAG.py
[2024-06-24T15:35:38.952+0300] {logging_mixin.py:188} INFO - [2024-06-24T15:35:38.951+0300] {dag.py:3096} INFO - Sync 1 DAGs
[2024-06-24T15:35:38.971+0300] {logging_mixin.py:188} INFO - [2024-06-24T15:35:38.971+0300] {dag.py:3954} INFO - Setting next_dagrun for fetch to 2024-06-25 00:00:00+00:00, run_after=2024-06-26 00:00:00+00:00
[2024-06-24T15:35:39.004+0300] {processor.py:183} INFO - Processing /home/user/rubix/internship_project/dags/fetch_DAG.py took 0.125 seconds
[2024-06-24T15:36:09.220+0300] {processor.py:161} INFO - Started process (PID=8042) to work on /home/user/rubix/internship_project/dags/fetch_DAG.py
[2024-06-24T15:36:09.222+0300] {processor.py:830} INFO - Processing file /home/user/rubix/internship_project/dags/fetch_DAG.py for tasks to queue
[2024-06-24T15:36:09.226+0300] {logging_mixin.py:188} INFO - [2024-06-24T15:36:09.225+0300] {dagbag.py:545} INFO - Filling up the DagBag from /home/user/rubix/internship_project/dags/fetch_DAG.py
[2024-06-24T15:36:09.238+0300] {processor.py:840} INFO - DAG(s) 'fetch' retrieved from /home/user/rubix/internship_project/dags/fetch_DAG.py
[2024-06-24T15:36:09.269+0300] {logging_mixin.py:188} INFO - [2024-06-24T15:36:09.269+0300] {dag.py:3096} INFO - Sync 1 DAGs
[2024-06-24T15:36:09.291+0300] {logging_mixin.py:188} INFO - [2024-06-24T15:36:09.290+0300] {dag.py:3954} INFO - Setting next_dagrun for fetch to 2024-06-25 00:00:00+00:00, run_after=2024-06-26 00:00:00+00:00
[2024-06-24T15:36:09.319+0300] {processor.py:183} INFO - Processing /home/user/rubix/internship_project/dags/fetch_DAG.py took 0.106 seconds
[2024-06-24T15:36:39.528+0300] {processor.py:161} INFO - Started process (PID=8271) to work on /home/user/rubix/internship_project/dags/fetch_DAG.py
[2024-06-24T15:36:39.530+0300] {processor.py:830} INFO - Processing file /home/user/rubix/internship_project/dags/fetch_DAG.py for tasks to queue
[2024-06-24T15:36:39.532+0300] {logging_mixin.py:188} INFO - [2024-06-24T15:36:39.532+0300] {dagbag.py:545} INFO - Filling up the DagBag from /home/user/rubix/internship_project/dags/fetch_DAG.py
[2024-06-24T15:36:39.548+0300] {processor.py:840} INFO - DAG(s) 'fetch' retrieved from /home/user/rubix/internship_project/dags/fetch_DAG.py
[2024-06-24T15:36:39.576+0300] {logging_mixin.py:188} INFO - [2024-06-24T15:36:39.576+0300] {dag.py:3096} INFO - Sync 1 DAGs
[2024-06-24T15:36:39.595+0300] {logging_mixin.py:188} INFO - [2024-06-24T15:36:39.595+0300] {dag.py:3954} INFO - Setting next_dagrun for fetch to 2024-06-25 00:00:00+00:00, run_after=2024-06-26 00:00:00+00:00
[2024-06-24T15:36:39.615+0300] {processor.py:183} INFO - Processing /home/user/rubix/internship_project/dags/fetch_DAG.py took 0.096 seconds
[2024-06-24T15:37:09.773+0300] {processor.py:161} INFO - Started process (PID=8511) to work on /home/user/rubix/internship_project/dags/fetch_DAG.py
[2024-06-24T15:37:09.775+0300] {processor.py:830} INFO - Processing file /home/user/rubix/internship_project/dags/fetch_DAG.py for tasks to queue
[2024-06-24T15:37:09.777+0300] {logging_mixin.py:188} INFO - [2024-06-24T15:37:09.777+0300] {dagbag.py:545} INFO - Filling up the DagBag from /home/user/rubix/internship_project/dags/fetch_DAG.py
[2024-06-24T15:37:09.794+0300] {processor.py:840} INFO - DAG(s) 'fetch' retrieved from /home/user/rubix/internship_project/dags/fetch_DAG.py
[2024-06-24T15:37:09.829+0300] {logging_mixin.py:188} INFO - [2024-06-24T15:37:09.828+0300] {dag.py:3096} INFO - Sync 1 DAGs
[2024-06-24T15:37:09.853+0300] {logging_mixin.py:188} INFO - [2024-06-24T15:37:09.852+0300] {dag.py:3954} INFO - Setting next_dagrun for fetch to 2024-06-25 00:00:00+00:00, run_after=2024-06-26 00:00:00+00:00
[2024-06-24T15:37:09.879+0300] {processor.py:183} INFO - Processing /home/user/rubix/internship_project/dags/fetch_DAG.py took 0.117 seconds
[2024-06-24T15:37:40.084+0300] {processor.py:161} INFO - Started process (PID=8594) to work on /home/user/rubix/internship_project/dags/fetch_DAG.py
[2024-06-24T15:37:40.085+0300] {processor.py:830} INFO - Processing file /home/user/rubix/internship_project/dags/fetch_DAG.py for tasks to queue
[2024-06-24T15:37:40.087+0300] {logging_mixin.py:188} INFO - [2024-06-24T15:37:40.087+0300] {dagbag.py:545} INFO - Filling up the DagBag from /home/user/rubix/internship_project/dags/fetch_DAG.py
[2024-06-24T15:37:40.103+0300] {processor.py:840} INFO - DAG(s) 'fetch' retrieved from /home/user/rubix/internship_project/dags/fetch_DAG.py
[2024-06-24T15:37:40.135+0300] {logging_mixin.py:188} INFO - [2024-06-24T15:37:40.135+0300] {dag.py:3096} INFO - Sync 1 DAGs
[2024-06-24T15:37:40.154+0300] {logging_mixin.py:188} INFO - [2024-06-24T15:37:40.153+0300] {dag.py:3954} INFO - Setting next_dagrun for fetch to 2024-06-25 00:00:00+00:00, run_after=2024-06-26 00:00:00+00:00
[2024-06-24T15:37:40.184+0300] {processor.py:183} INFO - Processing /home/user/rubix/internship_project/dags/fetch_DAG.py took 0.107 seconds
[2024-06-24T15:38:10.399+0300] {processor.py:161} INFO - Started process (PID=8781) to work on /home/user/rubix/internship_project/dags/fetch_DAG.py
[2024-06-24T15:38:10.400+0300] {processor.py:830} INFO - Processing file /home/user/rubix/internship_project/dags/fetch_DAG.py for tasks to queue
[2024-06-24T15:38:10.402+0300] {logging_mixin.py:188} INFO - [2024-06-24T15:38:10.402+0300] {dagbag.py:545} INFO - Filling up the DagBag from /home/user/rubix/internship_project/dags/fetch_DAG.py
[2024-06-24T15:38:10.416+0300] {processor.py:840} INFO - DAG(s) 'fetch' retrieved from /home/user/rubix/internship_project/dags/fetch_DAG.py
[2024-06-24T15:38:10.446+0300] {logging_mixin.py:188} INFO - [2024-06-24T15:38:10.446+0300] {dag.py:3096} INFO - Sync 1 DAGs
[2024-06-24T15:38:10.463+0300] {logging_mixin.py:188} INFO - [2024-06-24T15:38:10.463+0300] {dag.py:3954} INFO - Setting next_dagrun for fetch to 2024-06-25 00:00:00+00:00, run_after=2024-06-26 00:00:00+00:00
[2024-06-24T15:38:10.496+0300] {processor.py:183} INFO - Processing /home/user/rubix/internship_project/dags/fetch_DAG.py took 0.103 seconds
[2024-06-24T15:38:40.694+0300] {processor.py:161} INFO - Started process (PID=8853) to work on /home/user/rubix/internship_project/dags/fetch_DAG.py
[2024-06-24T15:38:40.695+0300] {processor.py:830} INFO - Processing file /home/user/rubix/internship_project/dags/fetch_DAG.py for tasks to queue
[2024-06-24T15:38:40.697+0300] {logging_mixin.py:188} INFO - [2024-06-24T15:38:40.697+0300] {dagbag.py:545} INFO - Filling up the DagBag from /home/user/rubix/internship_project/dags/fetch_DAG.py
[2024-06-24T15:38:40.714+0300] {processor.py:840} INFO - DAG(s) 'fetch' retrieved from /home/user/rubix/internship_project/dags/fetch_DAG.py
[2024-06-24T15:38:40.748+0300] {logging_mixin.py:188} INFO - [2024-06-24T15:38:40.747+0300] {dag.py:3096} INFO - Sync 1 DAGs
[2024-06-24T15:38:40.768+0300] {logging_mixin.py:188} INFO - [2024-06-24T15:38:40.767+0300] {dag.py:3954} INFO - Setting next_dagrun for fetch to 2024-06-25 00:00:00+00:00, run_after=2024-06-26 00:00:00+00:00
[2024-06-24T15:38:40.802+0300] {processor.py:183} INFO - Processing /home/user/rubix/internship_project/dags/fetch_DAG.py took 0.121 seconds
[2024-06-24T15:39:11.021+0300] {processor.py:161} INFO - Started process (PID=9145) to work on /home/user/rubix/internship_project/dags/fetch_DAG.py
[2024-06-24T15:39:11.022+0300] {processor.py:830} INFO - Processing file /home/user/rubix/internship_project/dags/fetch_DAG.py for tasks to queue
[2024-06-24T15:39:11.024+0300] {logging_mixin.py:188} INFO - [2024-06-24T15:39:11.024+0300] {dagbag.py:545} INFO - Filling up the DagBag from /home/user/rubix/internship_project/dags/fetch_DAG.py
[2024-06-24T15:39:11.037+0300] {processor.py:840} INFO - DAG(s) 'fetch' retrieved from /home/user/rubix/internship_project/dags/fetch_DAG.py
[2024-06-24T15:39:11.066+0300] {logging_mixin.py:188} INFO - [2024-06-24T15:39:11.065+0300] {dag.py:3096} INFO - Sync 1 DAGs
[2024-06-24T15:39:11.082+0300] {logging_mixin.py:188} INFO - [2024-06-24T15:39:11.082+0300] {dag.py:3954} INFO - Setting next_dagrun for fetch to 2024-06-25 00:00:00+00:00, run_after=2024-06-26 00:00:00+00:00
[2024-06-24T15:39:11.115+0300] {processor.py:183} INFO - Processing /home/user/rubix/internship_project/dags/fetch_DAG.py took 0.102 seconds
[2024-06-24T15:39:41.340+0300] {processor.py:161} INFO - Started process (PID=9374) to work on /home/user/rubix/internship_project/dags/fetch_DAG.py
[2024-06-24T15:39:41.341+0300] {processor.py:830} INFO - Processing file /home/user/rubix/internship_project/dags/fetch_DAG.py for tasks to queue
[2024-06-24T15:39:41.343+0300] {logging_mixin.py:188} INFO - [2024-06-24T15:39:41.343+0300] {dagbag.py:545} INFO - Filling up the DagBag from /home/user/rubix/internship_project/dags/fetch_DAG.py
[2024-06-24T15:39:41.358+0300] {processor.py:840} INFO - DAG(s) 'fetch' retrieved from /home/user/rubix/internship_project/dags/fetch_DAG.py
[2024-06-24T15:39:41.385+0300] {logging_mixin.py:188} INFO - [2024-06-24T15:39:41.385+0300] {dag.py:3096} INFO - Sync 1 DAGs
[2024-06-24T15:39:41.404+0300] {logging_mixin.py:188} INFO - [2024-06-24T15:39:41.403+0300] {dag.py:3954} INFO - Setting next_dagrun for fetch to 2024-06-25 00:00:00+00:00, run_after=2024-06-26 00:00:00+00:00
[2024-06-24T15:39:41.536+0300] {processor.py:183} INFO - Processing /home/user/rubix/internship_project/dags/fetch_DAG.py took 0.205 seconds
[2024-06-24T15:40:11.754+0300] {processor.py:161} INFO - Started process (PID=9468) to work on /home/user/rubix/internship_project/dags/fetch_DAG.py
[2024-06-24T15:40:11.756+0300] {processor.py:830} INFO - Processing file /home/user/rubix/internship_project/dags/fetch_DAG.py for tasks to queue
[2024-06-24T15:40:11.759+0300] {logging_mixin.py:188} INFO - [2024-06-24T15:40:11.758+0300] {dagbag.py:545} INFO - Filling up the DagBag from /home/user/rubix/internship_project/dags/fetch_DAG.py
[2024-06-24T15:40:11.772+0300] {processor.py:840} INFO - DAG(s) 'fetch' retrieved from /home/user/rubix/internship_project/dags/fetch_DAG.py
[2024-06-24T15:40:11.799+0300] {logging_mixin.py:188} INFO - [2024-06-24T15:40:11.799+0300] {dag.py:3096} INFO - Sync 1 DAGs
[2024-06-24T15:40:11.918+0300] {logging_mixin.py:188} INFO - [2024-06-24T15:40:11.918+0300] {dag.py:3954} INFO - Setting next_dagrun for fetch to 2024-06-25 00:00:00+00:00, run_after=2024-06-26 00:00:00+00:00
[2024-06-24T15:40:11.950+0300] {processor.py:183} INFO - Processing /home/user/rubix/internship_project/dags/fetch_DAG.py took 0.205 seconds
[2024-06-24T15:40:42.186+0300] {processor.py:161} INFO - Started process (PID=9631) to work on /home/user/rubix/internship_project/dags/fetch_DAG.py
[2024-06-24T15:40:42.188+0300] {processor.py:830} INFO - Processing file /home/user/rubix/internship_project/dags/fetch_DAG.py for tasks to queue
[2024-06-24T15:40:42.193+0300] {logging_mixin.py:188} INFO - [2024-06-24T15:40:42.193+0300] {dagbag.py:545} INFO - Filling up the DagBag from /home/user/rubix/internship_project/dags/fetch_DAG.py
[2024-06-24T15:40:42.217+0300] {processor.py:840} INFO - DAG(s) 'fetch' retrieved from /home/user/rubix/internship_project/dags/fetch_DAG.py
[2024-06-24T15:40:42.263+0300] {logging_mixin.py:188} INFO - [2024-06-24T15:40:42.262+0300] {dag.py:3096} INFO - Sync 1 DAGs
[2024-06-24T15:40:42.418+0300] {logging_mixin.py:188} INFO - [2024-06-24T15:40:42.418+0300] {dag.py:3954} INFO - Setting next_dagrun for fetch to 2024-06-25 00:00:00+00:00, run_after=2024-06-26 00:00:00+00:00
[2024-06-24T15:40:42.450+0300] {processor.py:183} INFO - Processing /home/user/rubix/internship_project/dags/fetch_DAG.py took 0.279 seconds
[2024-06-24T15:41:12.615+0300] {processor.py:161} INFO - Started process (PID=9791) to work on /home/user/rubix/internship_project/dags/fetch_DAG.py
[2024-06-24T15:41:12.616+0300] {processor.py:830} INFO - Processing file /home/user/rubix/internship_project/dags/fetch_DAG.py for tasks to queue
[2024-06-24T15:41:12.618+0300] {logging_mixin.py:188} INFO - [2024-06-24T15:41:12.617+0300] {dagbag.py:545} INFO - Filling up the DagBag from /home/user/rubix/internship_project/dags/fetch_DAG.py
[2024-06-24T15:41:12.637+0300] {processor.py:840} INFO - DAG(s) 'fetch' retrieved from /home/user/rubix/internship_project/dags/fetch_DAG.py
[2024-06-24T15:41:12.677+0300] {logging_mixin.py:188} INFO - [2024-06-24T15:41:12.676+0300] {dag.py:3096} INFO - Sync 1 DAGs
[2024-06-24T15:41:12.836+0300] {logging_mixin.py:188} INFO - [2024-06-24T15:41:12.836+0300] {dag.py:3954} INFO - Setting next_dagrun for fetch to 2024-06-25 00:00:00+00:00, run_after=2024-06-26 00:00:00+00:00
[2024-06-24T15:41:12.877+0300] {processor.py:183} INFO - Processing /home/user/rubix/internship_project/dags/fetch_DAG.py took 0.277 seconds
[2024-06-24T15:41:43.014+0300] {processor.py:161} INFO - Started process (PID=9822) to work on /home/user/rubix/internship_project/dags/fetch_DAG.py
[2024-06-24T15:41:43.015+0300] {processor.py:830} INFO - Processing file /home/user/rubix/internship_project/dags/fetch_DAG.py for tasks to queue
[2024-06-24T15:41:43.017+0300] {logging_mixin.py:188} INFO - [2024-06-24T15:41:43.017+0300] {dagbag.py:545} INFO - Filling up the DagBag from /home/user/rubix/internship_project/dags/fetch_DAG.py
[2024-06-24T15:41:43.033+0300] {processor.py:840} INFO - DAG(s) 'fetch' retrieved from /home/user/rubix/internship_project/dags/fetch_DAG.py
[2024-06-24T15:41:43.186+0300] {logging_mixin.py:188} INFO - [2024-06-24T15:41:43.186+0300] {dag.py:3096} INFO - Sync 1 DAGs
[2024-06-24T15:41:43.208+0300] {logging_mixin.py:188} INFO - [2024-06-24T15:41:43.208+0300] {dag.py:3954} INFO - Setting next_dagrun for fetch to 2024-06-25 00:00:00+00:00, run_after=2024-06-26 00:00:00+00:00
[2024-06-24T15:41:43.242+0300] {processor.py:183} INFO - Processing /home/user/rubix/internship_project/dags/fetch_DAG.py took 0.238 seconds
[2024-06-24T15:42:13.412+0300] {processor.py:161} INFO - Started process (PID=9919) to work on /home/user/rubix/internship_project/dags/fetch_DAG.py
[2024-06-24T15:42:13.413+0300] {processor.py:830} INFO - Processing file /home/user/rubix/internship_project/dags/fetch_DAG.py for tasks to queue
[2024-06-24T15:42:13.415+0300] {logging_mixin.py:188} INFO - [2024-06-24T15:42:13.414+0300] {dagbag.py:545} INFO - Filling up the DagBag from /home/user/rubix/internship_project/dags/fetch_DAG.py
[2024-06-24T15:42:13.426+0300] {processor.py:840} INFO - DAG(s) 'fetch' retrieved from /home/user/rubix/internship_project/dags/fetch_DAG.py
[2024-06-24T15:42:13.535+0300] {logging_mixin.py:188} INFO - [2024-06-24T15:42:13.535+0300] {dag.py:3096} INFO - Sync 1 DAGs
[2024-06-24T15:42:13.548+0300] {logging_mixin.py:188} INFO - [2024-06-24T15:42:13.547+0300] {dag.py:3954} INFO - Setting next_dagrun for fetch to 2024-06-25 00:00:00+00:00, run_after=2024-06-26 00:00:00+00:00
[2024-06-24T15:42:13.576+0300] {processor.py:183} INFO - Processing /home/user/rubix/internship_project/dags/fetch_DAG.py took 0.171 seconds
[2024-06-24T15:42:43.728+0300] {processor.py:161} INFO - Started process (PID=10152) to work on /home/user/rubix/internship_project/dags/fetch_DAG.py
[2024-06-24T15:42:43.730+0300] {processor.py:830} INFO - Processing file /home/user/rubix/internship_project/dags/fetch_DAG.py for tasks to queue
[2024-06-24T15:42:43.732+0300] {logging_mixin.py:188} INFO - [2024-06-24T15:42:43.731+0300] {dagbag.py:545} INFO - Filling up the DagBag from /home/user/rubix/internship_project/dags/fetch_DAG.py
[2024-06-24T15:42:43.844+0300] {processor.py:840} INFO - DAG(s) 'fetch' retrieved from /home/user/rubix/internship_project/dags/fetch_DAG.py
[2024-06-24T15:42:43.861+0300] {logging_mixin.py:188} INFO - [2024-06-24T15:42:43.860+0300] {dag.py:3096} INFO - Sync 1 DAGs
[2024-06-24T15:42:43.874+0300] {logging_mixin.py:188} INFO - [2024-06-24T15:42:43.874+0300] {dag.py:3954} INFO - Setting next_dagrun for fetch to 2024-06-25 00:00:00+00:00, run_after=2024-06-26 00:00:00+00:00
[2024-06-24T15:42:43.893+0300] {processor.py:183} INFO - Processing /home/user/rubix/internship_project/dags/fetch_DAG.py took 0.175 seconds
[2024-06-24T15:43:14.032+0300] {processor.py:161} INFO - Started process (PID=10374) to work on /home/user/rubix/internship_project/dags/fetch_DAG.py
[2024-06-24T15:43:14.033+0300] {processor.py:830} INFO - Processing file /home/user/rubix/internship_project/dags/fetch_DAG.py for tasks to queue
[2024-06-24T15:43:14.035+0300] {logging_mixin.py:188} INFO - [2024-06-24T15:43:14.035+0300] {dagbag.py:545} INFO - Filling up the DagBag from /home/user/rubix/internship_project/dags/fetch_DAG.py
[2024-06-24T15:43:14.049+0300] {processor.py:840} INFO - DAG(s) 'fetch' retrieved from /home/user/rubix/internship_project/dags/fetch_DAG.py
[2024-06-24T15:43:14.078+0300] {logging_mixin.py:188} INFO - [2024-06-24T15:43:14.078+0300] {dag.py:3096} INFO - Sync 1 DAGs
[2024-06-24T15:43:14.100+0300] {logging_mixin.py:188} INFO - [2024-06-24T15:43:14.100+0300] {dag.py:3954} INFO - Setting next_dagrun for fetch to 2024-06-25 00:00:00+00:00, run_after=2024-06-26 00:00:00+00:00
[2024-06-24T15:43:14.147+0300] {processor.py:183} INFO - Processing /home/user/rubix/internship_project/dags/fetch_DAG.py took 0.126 seconds
[2024-06-24T15:43:44.348+0300] {processor.py:161} INFO - Started process (PID=10534) to work on /home/user/rubix/internship_project/dags/fetch_DAG.py
[2024-06-24T15:43:44.349+0300] {processor.py:830} INFO - Processing file /home/user/rubix/internship_project/dags/fetch_DAG.py for tasks to queue
[2024-06-24T15:43:44.351+0300] {logging_mixin.py:188} INFO - [2024-06-24T15:43:44.350+0300] {dagbag.py:545} INFO - Filling up the DagBag from /home/user/rubix/internship_project/dags/fetch_DAG.py
[2024-06-24T15:43:44.365+0300] {processor.py:840} INFO - DAG(s) 'fetch' retrieved from /home/user/rubix/internship_project/dags/fetch_DAG.py
[2024-06-24T15:43:44.391+0300] {logging_mixin.py:188} INFO - [2024-06-24T15:43:44.391+0300] {dag.py:3096} INFO - Sync 1 DAGs
[2024-06-24T15:43:44.407+0300] {logging_mixin.py:188} INFO - [2024-06-24T15:43:44.407+0300] {dag.py:3954} INFO - Setting next_dagrun for fetch to 2024-06-25 00:00:00+00:00, run_after=2024-06-26 00:00:00+00:00
[2024-06-24T15:43:44.440+0300] {processor.py:183} INFO - Processing /home/user/rubix/internship_project/dags/fetch_DAG.py took 0.104 seconds
[2024-06-24T15:44:14.629+0300] {processor.py:161} INFO - Started process (PID=10638) to work on /home/user/rubix/internship_project/dags/fetch_DAG.py
[2024-06-24T15:44:14.630+0300] {processor.py:830} INFO - Processing file /home/user/rubix/internship_project/dags/fetch_DAG.py for tasks to queue
[2024-06-24T15:44:14.632+0300] {logging_mixin.py:188} INFO - [2024-06-24T15:44:14.632+0300] {dagbag.py:545} INFO - Filling up the DagBag from /home/user/rubix/internship_project/dags/fetch_DAG.py
[2024-06-24T15:44:14.651+0300] {processor.py:840} INFO - DAG(s) 'fetch' retrieved from /home/user/rubix/internship_project/dags/fetch_DAG.py
[2024-06-24T15:44:14.691+0300] {logging_mixin.py:188} INFO - [2024-06-24T15:44:14.690+0300] {dag.py:3096} INFO - Sync 1 DAGs
[2024-06-24T15:44:14.716+0300] {logging_mixin.py:188} INFO - [2024-06-24T15:44:14.716+0300] {dag.py:3954} INFO - Setting next_dagrun for fetch to 2024-06-25 00:00:00+00:00, run_after=2024-06-26 00:00:00+00:00
[2024-06-24T15:44:14.749+0300] {processor.py:183} INFO - Processing /home/user/rubix/internship_project/dags/fetch_DAG.py took 0.133 seconds
[2024-06-24T15:44:44.922+0300] {processor.py:161} INFO - Started process (PID=10743) to work on /home/user/rubix/internship_project/dags/fetch_DAG.py
[2024-06-24T15:44:44.923+0300] {processor.py:830} INFO - Processing file /home/user/rubix/internship_project/dags/fetch_DAG.py for tasks to queue
[2024-06-24T15:44:44.925+0300] {logging_mixin.py:188} INFO - [2024-06-24T15:44:44.924+0300] {dagbag.py:545} INFO - Filling up the DagBag from /home/user/rubix/internship_project/dags/fetch_DAG.py
[2024-06-24T15:44:44.937+0300] {processor.py:840} INFO - DAG(s) 'fetch' retrieved from /home/user/rubix/internship_project/dags/fetch_DAG.py
[2024-06-24T15:44:44.962+0300] {logging_mixin.py:188} INFO - [2024-06-24T15:44:44.962+0300] {dag.py:3096} INFO - Sync 1 DAGs
[2024-06-24T15:44:44.980+0300] {logging_mixin.py:188} INFO - [2024-06-24T15:44:44.980+0300] {dag.py:3954} INFO - Setting next_dagrun for fetch to 2024-06-25 00:00:00+00:00, run_after=2024-06-26 00:00:00+00:00
[2024-06-24T15:44:45.001+0300] {processor.py:183} INFO - Processing /home/user/rubix/internship_project/dags/fetch_DAG.py took 0.087 seconds
[2024-06-24T15:45:15.110+0300] {processor.py:161} INFO - Started process (PID=10870) to work on /home/user/rubix/internship_project/dags/fetch_DAG.py
[2024-06-24T15:45:15.111+0300] {processor.py:830} INFO - Processing file /home/user/rubix/internship_project/dags/fetch_DAG.py for tasks to queue
[2024-06-24T15:45:15.113+0300] {logging_mixin.py:188} INFO - [2024-06-24T15:45:15.113+0300] {dagbag.py:545} INFO - Filling up the DagBag from /home/user/rubix/internship_project/dags/fetch_DAG.py
[2024-06-24T15:45:15.127+0300] {processor.py:840} INFO - DAG(s) 'fetch' retrieved from /home/user/rubix/internship_project/dags/fetch_DAG.py
[2024-06-24T15:45:15.153+0300] {logging_mixin.py:188} INFO - [2024-06-24T15:45:15.153+0300] {dag.py:3096} INFO - Sync 1 DAGs
[2024-06-24T15:45:15.171+0300] {logging_mixin.py:188} INFO - [2024-06-24T15:45:15.171+0300] {dag.py:3954} INFO - Setting next_dagrun for fetch to 2024-06-25 00:00:00+00:00, run_after=2024-06-26 00:00:00+00:00
[2024-06-24T15:45:15.201+0300] {processor.py:183} INFO - Processing /home/user/rubix/internship_project/dags/fetch_DAG.py took 0.100 seconds
[2024-06-24T15:45:45.407+0300] {processor.py:161} INFO - Started process (PID=11070) to work on /home/user/rubix/internship_project/dags/fetch_DAG.py
[2024-06-24T15:45:45.408+0300] {processor.py:830} INFO - Processing file /home/user/rubix/internship_project/dags/fetch_DAG.py for tasks to queue
[2024-06-24T15:45:45.410+0300] {logging_mixin.py:188} INFO - [2024-06-24T15:45:45.410+0300] {dagbag.py:545} INFO - Filling up the DagBag from /home/user/rubix/internship_project/dags/fetch_DAG.py
[2024-06-24T15:45:45.424+0300] {processor.py:840} INFO - DAG(s) 'fetch' retrieved from /home/user/rubix/internship_project/dags/fetch_DAG.py
[2024-06-24T15:45:45.449+0300] {logging_mixin.py:188} INFO - [2024-06-24T15:45:45.449+0300] {dag.py:3096} INFO - Sync 1 DAGs
[2024-06-24T15:45:45.466+0300] {logging_mixin.py:188} INFO - [2024-06-24T15:45:45.466+0300] {dag.py:3954} INFO - Setting next_dagrun for fetch to 2024-06-25 00:00:00+00:00, run_after=2024-06-26 00:00:00+00:00
[2024-06-24T15:45:45.494+0300] {processor.py:183} INFO - Processing /home/user/rubix/internship_project/dags/fetch_DAG.py took 0.096 seconds
[2024-06-24T15:46:15.839+0300] {processor.py:161} INFO - Started process (PID=11095) to work on /home/user/rubix/internship_project/dags/fetch_DAG.py
[2024-06-24T15:46:15.843+0300] {processor.py:830} INFO - Processing file /home/user/rubix/internship_project/dags/fetch_DAG.py for tasks to queue
[2024-06-24T15:46:15.851+0300] {logging_mixin.py:188} INFO - [2024-06-24T15:46:15.850+0300] {dagbag.py:545} INFO - Filling up the DagBag from /home/user/rubix/internship_project/dags/fetch_DAG.py
[2024-06-24T15:46:15.914+0300] {processor.py:840} INFO - DAG(s) 'fetch' retrieved from /home/user/rubix/internship_project/dags/fetch_DAG.py
[2024-06-24T15:46:15.987+0300] {logging_mixin.py:188} INFO - [2024-06-24T15:46:15.987+0300] {dag.py:3096} INFO - Sync 1 DAGs
[2024-06-24T15:46:16.018+0300] {logging_mixin.py:188} INFO - [2024-06-24T15:46:16.018+0300] {dag.py:3954} INFO - Setting next_dagrun for fetch to 2024-06-25 00:00:00+00:00, run_after=2024-06-26 00:00:00+00:00
[2024-06-24T15:46:16.060+0300] {processor.py:183} INFO - Processing /home/user/rubix/internship_project/dags/fetch_DAG.py took 0.257 seconds
[2024-06-24T19:35:06.466+0300] {processor.py:161} INFO - Started process (PID=11106) to work on /home/user/rubix/internship_project/dags/fetch_DAG.py
[2024-06-24T19:35:06.468+0300] {processor.py:830} INFO - Processing file /home/user/rubix/internship_project/dags/fetch_DAG.py for tasks to queue
[2024-06-24T19:35:06.473+0300] {logging_mixin.py:188} INFO - [2024-06-24T19:35:06.472+0300] {dagbag.py:545} INFO - Filling up the DagBag from /home/user/rubix/internship_project/dags/fetch_DAG.py
[2024-06-24T19:35:06.504+0300] {processor.py:840} INFO - DAG(s) 'fetch' retrieved from /home/user/rubix/internship_project/dags/fetch_DAG.py
[2024-06-24T19:35:06.564+0300] {logging_mixin.py:188} INFO - [2024-06-24T19:35:06.563+0300] {dag.py:3096} INFO - Sync 1 DAGs
[2024-06-24T19:35:06.602+0300] {logging_mixin.py:188} INFO - [2024-06-24T19:35:06.602+0300] {dag.py:3954} INFO - Setting next_dagrun for fetch to 2024-06-25 00:00:00+00:00, run_after=2024-06-26 00:00:00+00:00
[2024-06-24T19:35:06.654+0300] {processor.py:183} INFO - Processing /home/user/rubix/internship_project/dags/fetch_DAG.py took 0.206 seconds
