[2024-06-25T14:09:53.399+0300] {local_task_job_runner.py:120} INFO - ::group::Pre task execution logs
[2024-06-25T14:09:53.480+0300] {taskinstance.py:2076} INFO - Dependencies all met for dep_context=non-requeueable deps ti=<TaskInstance: weather_data_pipeline.ingest_to_sql_server manual__2024-06-25T10:28:22.224510+00:00 [queued]>
[2024-06-25T14:09:53.485+0300] {taskinstance.py:2076} INFO - Dependencies all met for dep_context=requeueable deps ti=<TaskInstance: weather_data_pipeline.ingest_to_sql_server manual__2024-06-25T10:28:22.224510+00:00 [queued]>
[2024-06-25T14:09:53.496+0300] {taskinstance.py:2306} INFO - Starting attempt 1 of 2
[2024-06-25T14:09:53.506+0300] {taskinstance.py:2330} INFO - Executing <Task(PythonOperator): ingest_to_sql_server> on 2024-06-25 10:28:22.224510+00:00
[2024-06-25T14:09:53.524+0300] {standard_task_runner.py:63} INFO - Started process 10037 to run task
[2024-06-25T14:09:53.531+0300] {standard_task_runner.py:90} INFO - Running: ['airflow', 'tasks', 'run', 'weather_data_pipeline', 'ingest_to_sql_server', 'manual__2024-06-25T10:28:22.224510+00:00', '--job-id', '30', '--raw', '--subdir', 'DAGS_FOLDER/Fetch_ingest_DAG.py', '--cfg-path', '/tmp/tmp1tiasmlf']
[2024-06-25T14:09:53.534+0300] {standard_task_runner.py:91} INFO - Job 30: Subtask ingest_to_sql_server
[2024-06-25T14:09:53.573+0300] {task_command.py:426} INFO - Running <TaskInstance: weather_data_pipeline.ingest_to_sql_server manual__2024-06-25T10:28:22.224510+00:00 [running]> on host DESKTOP-1R67MDQ.
[2024-06-25T14:09:53.623+0300] {taskinstance.py:2648} INFO - Exporting env vars: AIRFLOW_CTX_DAG_OWNER='airflow' AIRFLOW_CTX_DAG_ID='weather_data_pipeline' AIRFLOW_CTX_TASK_ID='ingest_to_sql_server' AIRFLOW_CTX_EXECUTION_DATE='2024-06-25T10:28:22.224510+00:00' AIRFLOW_CTX_TRY_NUMBER='1' AIRFLOW_CTX_DAG_RUN_ID='manual__2024-06-25T10:28:22.224510+00:00'
[2024-06-25T14:09:53.624+0300] {taskinstance.py:430} INFO - ::endgroup::
[2024-06-25T14:09:53.948+0300] {logging_mixin.py:188} INFO - Data inserted successfully
[2024-06-25T14:09:53.956+0300] {logging_mixin.py:188} INFO - Duplicates removed successfully
[2024-06-25T14:09:53.957+0300] {logging_mixin.py:188} INFO - Connection to SQL Server closed
[2024-06-25T14:09:53.958+0300] {python.py:237} INFO - Done. Returned value was: None
[2024-06-25T14:09:53.961+0300] {taskinstance.py:441} INFO - ::group::Post task execution logs
[2024-06-25T14:09:53.974+0300] {taskinstance.py:1206} INFO - Marking task as SUCCESS. dag_id=weather_data_pipeline, task_id=ingest_to_sql_server, run_id=manual__2024-06-25T10:28:22.224510+00:00, execution_date=20240625T102822, start_date=20240625T110953, end_date=20240625T110953
[2024-06-25T14:09:54.029+0300] {local_task_job_runner.py:240} INFO - Task exited with return code 0
[2024-06-25T14:09:54.047+0300] {taskinstance.py:3498} INFO - 0 downstream tasks scheduled from follow-on schedule check
[2024-06-25T14:09:54.048+0300] {local_task_job_runner.py:222} INFO - ::endgroup::
