[2024-07-01T12:37:50.783+0300] {local_task_job_runner.py:120} INFO - ::group::Pre task execution logs
[2024-07-01T12:37:50.889+0300] {taskinstance.py:2076} INFO - Dependencies all met for dep_context=non-requeueable deps ti=<TaskInstance: weather_data_pipeline.ingest_to_sql_server scheduled__2024-06-26T07:00:00+00:00 [queued]>
[2024-07-01T12:37:50.899+0300] {taskinstance.py:2076} INFO - Dependencies all met for dep_context=requeueable deps ti=<TaskInstance: weather_data_pipeline.ingest_to_sql_server scheduled__2024-06-26T07:00:00+00:00 [queued]>
[2024-07-01T12:37:50.910+0300] {taskinstance.py:2306} INFO - Starting attempt 1 of 2
[2024-07-01T12:37:50.938+0300] {taskinstance.py:2330} INFO - Executing <Task(PythonOperator): ingest_to_sql_server> on 2024-06-26 07:00:00+00:00
[2024-07-01T12:37:50.973+0300] {standard_task_runner.py:63} INFO - Started process 10487 to run task
[2024-07-01T12:37:50.984+0300] {standard_task_runner.py:90} INFO - Running: ['airflow', 'tasks', 'run', 'weather_data_pipeline', 'ingest_to_sql_server', 'scheduled__2024-06-26T07:00:00+00:00', '--job-id', '110', '--raw', '--subdir', 'DAGS_FOLDER/Fetch_ingest_DAG.py', '--cfg-path', '/tmp/tmp13k3pt3u']
[2024-07-01T12:37:50.989+0300] {standard_task_runner.py:91} INFO - Job 110: Subtask ingest_to_sql_server
[2024-07-01T12:37:51.045+0300] {task_command.py:426} INFO - Running <TaskInstance: weather_data_pipeline.ingest_to_sql_server scheduled__2024-06-26T07:00:00+00:00 [running]> on host DESKTOP-1R67MDQ.
[2024-07-01T12:37:51.149+0300] {taskinstance.py:2648} INFO - Exporting env vars: AIRFLOW_CTX_DAG_OWNER='airflow' AIRFLOW_CTX_DAG_ID='weather_data_pipeline' AIRFLOW_CTX_TASK_ID='ingest_to_sql_server' AIRFLOW_CTX_EXECUTION_DATE='2024-06-26T07:00:00+00:00' AIRFLOW_CTX_TRY_NUMBER='1' AIRFLOW_CTX_DAG_RUN_ID='scheduled__2024-06-26T07:00:00+00:00'
[2024-07-01T12:37:51.152+0300] {taskinstance.py:430} INFO - ::endgroup::
[2024-07-01T12:37:51.275+0300] {logging_mixin.py:188} INFO - Data inserted successfully
[2024-07-01T12:37:51.278+0300] {logging_mixin.py:188} INFO - Duplicates removed successfully
[2024-07-01T12:37:51.279+0300] {logging_mixin.py:188} INFO - Connection to SQL Server closed
[2024-07-01T12:37:51.280+0300] {python.py:237} INFO - Done. Returned value was: None
[2024-07-01T12:37:51.280+0300] {taskinstance.py:441} INFO - ::group::Post task execution logs
[2024-07-01T12:37:51.291+0300] {taskinstance.py:1206} INFO - Marking task as SUCCESS. dag_id=weather_data_pipeline, task_id=ingest_to_sql_server, run_id=scheduled__2024-06-26T07:00:00+00:00, execution_date=20240626T070000, start_date=20240701T093750, end_date=20240701T093751
[2024-07-01T12:37:51.319+0300] {local_task_job_runner.py:240} INFO - Task exited with return code 0
[2024-07-01T12:37:51.345+0300] {taskinstance.py:3498} INFO - 0 downstream tasks scheduled from follow-on schedule check
[2024-07-01T12:37:51.346+0300] {local_task_job_runner.py:222} INFO - ::endgroup::
