[2024-06-24T14:02:43.189+0300] {processor.py:161} INFO - Started process (PID=22362) to work on /home/user/rubix/internship_project/.venv/lib/python3.10/site-packages/airflow/example_dags/subdags/subdag.py
[2024-06-24T14:02:43.190+0300] {processor.py:830} INFO - Processing file /home/user/rubix/internship_project/.venv/lib/python3.10/site-packages/airflow/example_dags/subdags/subdag.py for tasks to queue
[2024-06-24T14:02:43.193+0300] {logging_mixin.py:188} INFO - [2024-06-24T14:02:43.192+0300] {dagbag.py:545} INFO - Filling up the DagBag from /home/user/rubix/internship_project/.venv/lib/python3.10/site-packages/airflow/example_dags/subdags/subdag.py
[2024-06-24T14:02:43.208+0300] {processor.py:842} WARNING - No viable dags retrieved from /home/user/rubix/internship_project/.venv/lib/python3.10/site-packages/airflow/example_dags/subdags/subdag.py
[2024-06-24T14:02:43.224+0300] {processor.py:183} INFO - Processing /home/user/rubix/internship_project/.venv/lib/python3.10/site-packages/airflow/example_dags/subdags/subdag.py took 0.045 seconds
[2024-06-24T14:03:57.074+0300] {processor.py:161} INFO - Started process (PID=22899) to work on /home/user/rubix/internship_project/.venv/lib/python3.10/site-packages/airflow/example_dags/subdags/subdag.py
[2024-06-24T14:03:57.075+0300] {processor.py:830} INFO - Processing file /home/user/rubix/internship_project/.venv/lib/python3.10/site-packages/airflow/example_dags/subdags/subdag.py for tasks to queue
[2024-06-24T14:03:57.078+0300] {logging_mixin.py:188} INFO - [2024-06-24T14:03:57.077+0300] {dagbag.py:545} INFO - Filling up the DagBag from /home/user/rubix/internship_project/.venv/lib/python3.10/site-packages/airflow/example_dags/subdags/subdag.py
[2024-06-24T14:03:57.081+0300] {processor.py:842} WARNING - No viable dags retrieved from /home/user/rubix/internship_project/.venv/lib/python3.10/site-packages/airflow/example_dags/subdags/subdag.py
[2024-06-24T14:03:57.094+0300] {processor.py:183} INFO - Processing /home/user/rubix/internship_project/.venv/lib/python3.10/site-packages/airflow/example_dags/subdags/subdag.py took 0.031 seconds
[2024-06-24T14:04:50.261+0300] {processor.py:161} INFO - Started process (PID=23340) to work on /home/user/rubix/internship_project/.venv/lib/python3.10/site-packages/airflow/example_dags/subdags/subdag.py
[2024-06-24T14:04:50.263+0300] {processor.py:830} INFO - Processing file /home/user/rubix/internship_project/.venv/lib/python3.10/site-packages/airflow/example_dags/subdags/subdag.py for tasks to queue
[2024-06-24T14:04:50.265+0300] {logging_mixin.py:188} INFO - [2024-06-24T14:04:50.264+0300] {dagbag.py:545} INFO - Filling up the DagBag from /home/user/rubix/internship_project/.venv/lib/python3.10/site-packages/airflow/example_dags/subdags/subdag.py
[2024-06-24T14:04:50.268+0300] {processor.py:842} WARNING - No viable dags retrieved from /home/user/rubix/internship_project/.venv/lib/python3.10/site-packages/airflow/example_dags/subdags/subdag.py
[2024-06-24T14:04:50.281+0300] {processor.py:183} INFO - Processing /home/user/rubix/internship_project/.venv/lib/python3.10/site-packages/airflow/example_dags/subdags/subdag.py took 0.027 seconds
[2024-06-24T14:05:20.853+0300] {processor.py:161} INFO - Started process (PID=23639) to work on /home/user/rubix/internship_project/.venv/lib/python3.10/site-packages/airflow/example_dags/subdags/subdag.py
[2024-06-24T14:05:20.855+0300] {processor.py:830} INFO - Processing file /home/user/rubix/internship_project/.venv/lib/python3.10/site-packages/airflow/example_dags/subdags/subdag.py for tasks to queue
[2024-06-24T14:05:20.857+0300] {logging_mixin.py:188} INFO - [2024-06-24T14:05:20.856+0300] {dagbag.py:545} INFO - Filling up the DagBag from /home/user/rubix/internship_project/.venv/lib/python3.10/site-packages/airflow/example_dags/subdags/subdag.py
[2024-06-24T14:05:20.877+0300] {processor.py:842} WARNING - No viable dags retrieved from /home/user/rubix/internship_project/.venv/lib/python3.10/site-packages/airflow/example_dags/subdags/subdag.py
[2024-06-24T14:05:20.895+0300] {processor.py:183} INFO - Processing /home/user/rubix/internship_project/.venv/lib/python3.10/site-packages/airflow/example_dags/subdags/subdag.py took 0.049 seconds
[2024-06-24T14:05:51.668+0300] {processor.py:161} INFO - Started process (PID=23878) to work on /home/user/rubix/internship_project/.venv/lib/python3.10/site-packages/airflow/example_dags/subdags/subdag.py
[2024-06-24T14:05:51.669+0300] {processor.py:830} INFO - Processing file /home/user/rubix/internship_project/.venv/lib/python3.10/site-packages/airflow/example_dags/subdags/subdag.py for tasks to queue
[2024-06-24T14:05:51.670+0300] {logging_mixin.py:188} INFO - [2024-06-24T14:05:51.670+0300] {dagbag.py:545} INFO - Filling up the DagBag from /home/user/rubix/internship_project/.venv/lib/python3.10/site-packages/airflow/example_dags/subdags/subdag.py
[2024-06-24T14:05:51.673+0300] {processor.py:842} WARNING - No viable dags retrieved from /home/user/rubix/internship_project/.venv/lib/python3.10/site-packages/airflow/example_dags/subdags/subdag.py
[2024-06-24T14:05:51.686+0300] {processor.py:183} INFO - Processing /home/user/rubix/internship_project/.venv/lib/python3.10/site-packages/airflow/example_dags/subdags/subdag.py took 0.026 seconds
[2024-06-24T14:06:23.880+0300] {processor.py:161} INFO - Started process (PID=24102) to work on /home/user/rubix/internship_project/.venv/lib/python3.10/site-packages/airflow/example_dags/subdags/subdag.py
[2024-06-24T14:06:23.881+0300] {processor.py:830} INFO - Processing file /home/user/rubix/internship_project/.venv/lib/python3.10/site-packages/airflow/example_dags/subdags/subdag.py for tasks to queue
[2024-06-24T14:06:23.886+0300] {logging_mixin.py:188} INFO - [2024-06-24T14:06:23.886+0300] {dagbag.py:545} INFO - Filling up the DagBag from /home/user/rubix/internship_project/.venv/lib/python3.10/site-packages/airflow/example_dags/subdags/subdag.py
[2024-06-24T14:06:23.896+0300] {processor.py:842} WARNING - No viable dags retrieved from /home/user/rubix/internship_project/.venv/lib/python3.10/site-packages/airflow/example_dags/subdags/subdag.py
[2024-06-24T14:06:23.917+0300] {processor.py:183} INFO - Processing /home/user/rubix/internship_project/.venv/lib/python3.10/site-packages/airflow/example_dags/subdags/subdag.py took 0.050 seconds
[2024-06-24T14:07:15.622+0300] {processor.py:161} INFO - Started process (PID=24270) to work on /home/user/rubix/internship_project/.venv/lib/python3.10/site-packages/airflow/example_dags/subdags/subdag.py
[2024-06-24T14:07:15.623+0300] {processor.py:830} INFO - Processing file /home/user/rubix/internship_project/.venv/lib/python3.10/site-packages/airflow/example_dags/subdags/subdag.py for tasks to queue
[2024-06-24T14:07:15.624+0300] {logging_mixin.py:188} INFO - [2024-06-24T14:07:15.624+0300] {dagbag.py:545} INFO - Filling up the DagBag from /home/user/rubix/internship_project/.venv/lib/python3.10/site-packages/airflow/example_dags/subdags/subdag.py
[2024-06-24T14:07:15.627+0300] {processor.py:842} WARNING - No viable dags retrieved from /home/user/rubix/internship_project/.venv/lib/python3.10/site-packages/airflow/example_dags/subdags/subdag.py
[2024-06-24T14:07:15.640+0300] {processor.py:183} INFO - Processing /home/user/rubix/internship_project/.venv/lib/python3.10/site-packages/airflow/example_dags/subdags/subdag.py took 0.027 seconds
[2024-06-24T14:08:03.565+0300] {processor.py:161} INFO - Started process (PID=24593) to work on /home/user/rubix/internship_project/.venv/lib/python3.10/site-packages/airflow/example_dags/subdags/subdag.py
[2024-06-24T14:08:03.567+0300] {processor.py:830} INFO - Processing file /home/user/rubix/internship_project/.venv/lib/python3.10/site-packages/airflow/example_dags/subdags/subdag.py for tasks to queue
[2024-06-24T14:08:03.569+0300] {logging_mixin.py:188} INFO - [2024-06-24T14:08:03.568+0300] {dagbag.py:545} INFO - Filling up the DagBag from /home/user/rubix/internship_project/.venv/lib/python3.10/site-packages/airflow/example_dags/subdags/subdag.py
[2024-06-24T14:08:03.572+0300] {processor.py:842} WARNING - No viable dags retrieved from /home/user/rubix/internship_project/.venv/lib/python3.10/site-packages/airflow/example_dags/subdags/subdag.py
[2024-06-24T14:08:03.584+0300] {processor.py:183} INFO - Processing /home/user/rubix/internship_project/.venv/lib/python3.10/site-packages/airflow/example_dags/subdags/subdag.py took 0.027 seconds
[2024-06-24T14:08:49.052+0300] {processor.py:161} INFO - Started process (PID=24828) to work on /home/user/rubix/internship_project/.venv/lib/python3.10/site-packages/airflow/example_dags/subdags/subdag.py
[2024-06-24T14:08:49.053+0300] {processor.py:830} INFO - Processing file /home/user/rubix/internship_project/.venv/lib/python3.10/site-packages/airflow/example_dags/subdags/subdag.py for tasks to queue
[2024-06-24T14:08:49.055+0300] {logging_mixin.py:188} INFO - [2024-06-24T14:08:49.054+0300] {dagbag.py:545} INFO - Filling up the DagBag from /home/user/rubix/internship_project/.venv/lib/python3.10/site-packages/airflow/example_dags/subdags/subdag.py
[2024-06-24T14:08:49.057+0300] {processor.py:842} WARNING - No viable dags retrieved from /home/user/rubix/internship_project/.venv/lib/python3.10/site-packages/airflow/example_dags/subdags/subdag.py
[2024-06-24T14:08:49.071+0300] {processor.py:183} INFO - Processing /home/user/rubix/internship_project/.venv/lib/python3.10/site-packages/airflow/example_dags/subdags/subdag.py took 0.027 seconds
[2024-06-24T14:09:33.549+0300] {processor.py:161} INFO - Started process (PID=25127) to work on /home/user/rubix/internship_project/.venv/lib/python3.10/site-packages/airflow/example_dags/subdags/subdag.py
[2024-06-24T14:09:33.551+0300] {processor.py:830} INFO - Processing file /home/user/rubix/internship_project/.venv/lib/python3.10/site-packages/airflow/example_dags/subdags/subdag.py for tasks to queue
[2024-06-24T14:09:33.553+0300] {logging_mixin.py:188} INFO - [2024-06-24T14:09:33.552+0300] {dagbag.py:545} INFO - Filling up the DagBag from /home/user/rubix/internship_project/.venv/lib/python3.10/site-packages/airflow/example_dags/subdags/subdag.py
[2024-06-24T14:09:33.556+0300] {processor.py:842} WARNING - No viable dags retrieved from /home/user/rubix/internship_project/.venv/lib/python3.10/site-packages/airflow/example_dags/subdags/subdag.py
[2024-06-24T14:09:33.569+0300] {processor.py:183} INFO - Processing /home/user/rubix/internship_project/.venv/lib/python3.10/site-packages/airflow/example_dags/subdags/subdag.py took 0.029 seconds
[2024-06-24T14:10:19.226+0300] {processor.py:161} INFO - Started process (PID=25429) to work on /home/user/rubix/internship_project/.venv/lib/python3.10/site-packages/airflow/example_dags/subdags/subdag.py
[2024-06-24T14:10:19.228+0300] {processor.py:830} INFO - Processing file /home/user/rubix/internship_project/.venv/lib/python3.10/site-packages/airflow/example_dags/subdags/subdag.py for tasks to queue
[2024-06-24T14:10:19.230+0300] {logging_mixin.py:188} INFO - [2024-06-24T14:10:19.229+0300] {dagbag.py:545} INFO - Filling up the DagBag from /home/user/rubix/internship_project/.venv/lib/python3.10/site-packages/airflow/example_dags/subdags/subdag.py
[2024-06-24T14:10:19.233+0300] {processor.py:842} WARNING - No viable dags retrieved from /home/user/rubix/internship_project/.venv/lib/python3.10/site-packages/airflow/example_dags/subdags/subdag.py
[2024-06-24T14:10:19.252+0300] {processor.py:183} INFO - Processing /home/user/rubix/internship_project/.venv/lib/python3.10/site-packages/airflow/example_dags/subdags/subdag.py took 0.038 seconds
[2024-06-24T14:11:03.553+0300] {processor.py:161} INFO - Started process (PID=25699) to work on /home/user/rubix/internship_project/.venv/lib/python3.10/site-packages/airflow/example_dags/subdags/subdag.py
[2024-06-24T14:11:03.555+0300] {processor.py:830} INFO - Processing file /home/user/rubix/internship_project/.venv/lib/python3.10/site-packages/airflow/example_dags/subdags/subdag.py for tasks to queue
[2024-06-24T14:11:03.556+0300] {logging_mixin.py:188} INFO - [2024-06-24T14:11:03.556+0300] {dagbag.py:545} INFO - Filling up the DagBag from /home/user/rubix/internship_project/.venv/lib/python3.10/site-packages/airflow/example_dags/subdags/subdag.py
[2024-06-24T14:11:03.559+0300] {processor.py:842} WARNING - No viable dags retrieved from /home/user/rubix/internship_project/.venv/lib/python3.10/site-packages/airflow/example_dags/subdags/subdag.py
[2024-06-24T14:11:03.576+0300] {processor.py:183} INFO - Processing /home/user/rubix/internship_project/.venv/lib/python3.10/site-packages/airflow/example_dags/subdags/subdag.py took 0.032 seconds
[2024-06-24T14:11:48.975+0300] {processor.py:161} INFO - Started process (PID=25984) to work on /home/user/rubix/internship_project/.venv/lib/python3.10/site-packages/airflow/example_dags/subdags/subdag.py
[2024-06-24T14:11:48.976+0300] {processor.py:830} INFO - Processing file /home/user/rubix/internship_project/.venv/lib/python3.10/site-packages/airflow/example_dags/subdags/subdag.py for tasks to queue
[2024-06-24T14:11:48.978+0300] {logging_mixin.py:188} INFO - [2024-06-24T14:11:48.977+0300] {dagbag.py:545} INFO - Filling up the DagBag from /home/user/rubix/internship_project/.venv/lib/python3.10/site-packages/airflow/example_dags/subdags/subdag.py
[2024-06-24T14:11:48.981+0300] {processor.py:842} WARNING - No viable dags retrieved from /home/user/rubix/internship_project/.venv/lib/python3.10/site-packages/airflow/example_dags/subdags/subdag.py
[2024-06-24T14:11:48.993+0300] {processor.py:183} INFO - Processing /home/user/rubix/internship_project/.venv/lib/python3.10/site-packages/airflow/example_dags/subdags/subdag.py took 0.026 seconds
[2024-06-24T14:12:30.284+0300] {processor.py:161} INFO - Started process (PID=26133) to work on /home/user/rubix/internship_project/.venv/lib/python3.10/site-packages/airflow/example_dags/subdags/subdag.py
[2024-06-24T14:12:30.285+0300] {processor.py:830} INFO - Processing file /home/user/rubix/internship_project/.venv/lib/python3.10/site-packages/airflow/example_dags/subdags/subdag.py for tasks to queue
[2024-06-24T14:12:30.287+0300] {logging_mixin.py:188} INFO - [2024-06-24T14:12:30.287+0300] {dagbag.py:545} INFO - Filling up the DagBag from /home/user/rubix/internship_project/.venv/lib/python3.10/site-packages/airflow/example_dags/subdags/subdag.py
[2024-06-24T14:12:30.300+0300] {processor.py:842} WARNING - No viable dags retrieved from /home/user/rubix/internship_project/.venv/lib/python3.10/site-packages/airflow/example_dags/subdags/subdag.py
[2024-06-24T14:12:30.315+0300] {processor.py:183} INFO - Processing /home/user/rubix/internship_project/.venv/lib/python3.10/site-packages/airflow/example_dags/subdags/subdag.py took 0.038 seconds
[2024-06-24T14:13:21.218+0300] {processor.py:161} INFO - Started process (PID=26294) to work on /home/user/rubix/internship_project/.venv/lib/python3.10/site-packages/airflow/example_dags/subdags/subdag.py
[2024-06-24T14:13:21.219+0300] {processor.py:830} INFO - Processing file /home/user/rubix/internship_project/.venv/lib/python3.10/site-packages/airflow/example_dags/subdags/subdag.py for tasks to queue
[2024-06-24T14:13:21.221+0300] {logging_mixin.py:188} INFO - [2024-06-24T14:13:21.221+0300] {dagbag.py:545} INFO - Filling up the DagBag from /home/user/rubix/internship_project/.venv/lib/python3.10/site-packages/airflow/example_dags/subdags/subdag.py
[2024-06-24T14:13:21.224+0300] {processor.py:842} WARNING - No viable dags retrieved from /home/user/rubix/internship_project/.venv/lib/python3.10/site-packages/airflow/example_dags/subdags/subdag.py
[2024-06-24T14:13:21.236+0300] {processor.py:183} INFO - Processing /home/user/rubix/internship_project/.venv/lib/python3.10/site-packages/airflow/example_dags/subdags/subdag.py took 0.025 seconds
[2024-06-24T14:14:11.217+0300] {processor.py:161} INFO - Started process (PID=26613) to work on /home/user/rubix/internship_project/.venv/lib/python3.10/site-packages/airflow/example_dags/subdags/subdag.py
[2024-06-24T14:14:11.218+0300] {processor.py:830} INFO - Processing file /home/user/rubix/internship_project/.venv/lib/python3.10/site-packages/airflow/example_dags/subdags/subdag.py for tasks to queue
[2024-06-24T14:14:11.220+0300] {logging_mixin.py:188} INFO - [2024-06-24T14:14:11.220+0300] {dagbag.py:545} INFO - Filling up the DagBag from /home/user/rubix/internship_project/.venv/lib/python3.10/site-packages/airflow/example_dags/subdags/subdag.py
[2024-06-24T14:14:11.223+0300] {processor.py:842} WARNING - No viable dags retrieved from /home/user/rubix/internship_project/.venv/lib/python3.10/site-packages/airflow/example_dags/subdags/subdag.py
[2024-06-24T14:14:11.236+0300] {processor.py:183} INFO - Processing /home/user/rubix/internship_project/.venv/lib/python3.10/site-packages/airflow/example_dags/subdags/subdag.py took 0.027 seconds
[2024-06-24T14:14:54.555+0300] {processor.py:161} INFO - Started process (PID=26763) to work on /home/user/rubix/internship_project/.venv/lib/python3.10/site-packages/airflow/example_dags/subdags/subdag.py
[2024-06-24T14:14:54.556+0300] {processor.py:830} INFO - Processing file /home/user/rubix/internship_project/.venv/lib/python3.10/site-packages/airflow/example_dags/subdags/subdag.py for tasks to queue
[2024-06-24T14:14:54.557+0300] {logging_mixin.py:188} INFO - [2024-06-24T14:14:54.557+0300] {dagbag.py:545} INFO - Filling up the DagBag from /home/user/rubix/internship_project/.venv/lib/python3.10/site-packages/airflow/example_dags/subdags/subdag.py
[2024-06-24T14:14:54.560+0300] {processor.py:842} WARNING - No viable dags retrieved from /home/user/rubix/internship_project/.venv/lib/python3.10/site-packages/airflow/example_dags/subdags/subdag.py
[2024-06-24T14:14:54.573+0300] {processor.py:183} INFO - Processing /home/user/rubix/internship_project/.venv/lib/python3.10/site-packages/airflow/example_dags/subdags/subdag.py took 0.026 seconds
[2024-06-24T14:15:37.214+0300] {processor.py:161} INFO - Started process (PID=26915) to work on /home/user/rubix/internship_project/.venv/lib/python3.10/site-packages/airflow/example_dags/subdags/subdag.py
[2024-06-24T14:15:37.215+0300] {processor.py:830} INFO - Processing file /home/user/rubix/internship_project/.venv/lib/python3.10/site-packages/airflow/example_dags/subdags/subdag.py for tasks to queue
[2024-06-24T14:15:37.217+0300] {logging_mixin.py:188} INFO - [2024-06-24T14:15:37.216+0300] {dagbag.py:545} INFO - Filling up the DagBag from /home/user/rubix/internship_project/.venv/lib/python3.10/site-packages/airflow/example_dags/subdags/subdag.py
[2024-06-24T14:15:37.219+0300] {processor.py:842} WARNING - No viable dags retrieved from /home/user/rubix/internship_project/.venv/lib/python3.10/site-packages/airflow/example_dags/subdags/subdag.py
[2024-06-24T14:15:37.232+0300] {processor.py:183} INFO - Processing /home/user/rubix/internship_project/.venv/lib/python3.10/site-packages/airflow/example_dags/subdags/subdag.py took 0.025 seconds
[2024-06-24T14:16:18.797+0300] {processor.py:161} INFO - Started process (PID=27066) to work on /home/user/rubix/internship_project/.venv/lib/python3.10/site-packages/airflow/example_dags/subdags/subdag.py
[2024-06-24T14:16:18.798+0300] {processor.py:830} INFO - Processing file /home/user/rubix/internship_project/.venv/lib/python3.10/site-packages/airflow/example_dags/subdags/subdag.py for tasks to queue
[2024-06-24T14:16:18.799+0300] {logging_mixin.py:188} INFO - [2024-06-24T14:16:18.799+0300] {dagbag.py:545} INFO - Filling up the DagBag from /home/user/rubix/internship_project/.venv/lib/python3.10/site-packages/airflow/example_dags/subdags/subdag.py
[2024-06-24T14:16:18.802+0300] {processor.py:842} WARNING - No viable dags retrieved from /home/user/rubix/internship_project/.venv/lib/python3.10/site-packages/airflow/example_dags/subdags/subdag.py
[2024-06-24T14:16:18.814+0300] {processor.py:183} INFO - Processing /home/user/rubix/internship_project/.venv/lib/python3.10/site-packages/airflow/example_dags/subdags/subdag.py took 0.025 seconds
[2024-06-24T14:16:58.352+0300] {processor.py:161} INFO - Started process (PID=27150) to work on /home/user/rubix/internship_project/.venv/lib/python3.10/site-packages/airflow/example_dags/subdags/subdag.py
[2024-06-24T14:16:58.353+0300] {processor.py:830} INFO - Processing file /home/user/rubix/internship_project/.venv/lib/python3.10/site-packages/airflow/example_dags/subdags/subdag.py for tasks to queue
[2024-06-24T14:16:58.355+0300] {logging_mixin.py:188} INFO - [2024-06-24T14:16:58.354+0300] {dagbag.py:545} INFO - Filling up the DagBag from /home/user/rubix/internship_project/.venv/lib/python3.10/site-packages/airflow/example_dags/subdags/subdag.py
[2024-06-24T14:16:58.357+0300] {processor.py:842} WARNING - No viable dags retrieved from /home/user/rubix/internship_project/.venv/lib/python3.10/site-packages/airflow/example_dags/subdags/subdag.py
[2024-06-24T14:16:58.372+0300] {processor.py:183} INFO - Processing /home/user/rubix/internship_project/.venv/lib/python3.10/site-packages/airflow/example_dags/subdags/subdag.py took 0.029 seconds
[2024-06-24T14:17:37.214+0300] {processor.py:161} INFO - Started process (PID=27296) to work on /home/user/rubix/internship_project/.venv/lib/python3.10/site-packages/airflow/example_dags/subdags/subdag.py
[2024-06-24T14:17:37.215+0300] {processor.py:830} INFO - Processing file /home/user/rubix/internship_project/.venv/lib/python3.10/site-packages/airflow/example_dags/subdags/subdag.py for tasks to queue
[2024-06-24T14:17:37.216+0300] {logging_mixin.py:188} INFO - [2024-06-24T14:17:37.216+0300] {dagbag.py:545} INFO - Filling up the DagBag from /home/user/rubix/internship_project/.venv/lib/python3.10/site-packages/airflow/example_dags/subdags/subdag.py
[2024-06-24T14:17:37.219+0300] {processor.py:842} WARNING - No viable dags retrieved from /home/user/rubix/internship_project/.venv/lib/python3.10/site-packages/airflow/example_dags/subdags/subdag.py
[2024-06-24T14:17:37.231+0300] {processor.py:183} INFO - Processing /home/user/rubix/internship_project/.venv/lib/python3.10/site-packages/airflow/example_dags/subdags/subdag.py took 0.025 seconds
[2024-06-24T14:18:28.673+0300] {processor.py:161} INFO - Started process (PID=27460) to work on /home/user/rubix/internship_project/.venv/lib/python3.10/site-packages/airflow/example_dags/subdags/subdag.py
[2024-06-24T14:18:28.674+0300] {processor.py:830} INFO - Processing file /home/user/rubix/internship_project/.venv/lib/python3.10/site-packages/airflow/example_dags/subdags/subdag.py for tasks to queue
[2024-06-24T14:18:28.676+0300] {logging_mixin.py:188} INFO - [2024-06-24T14:18:28.676+0300] {dagbag.py:545} INFO - Filling up the DagBag from /home/user/rubix/internship_project/.venv/lib/python3.10/site-packages/airflow/example_dags/subdags/subdag.py
[2024-06-24T14:18:28.681+0300] {processor.py:842} WARNING - No viable dags retrieved from /home/user/rubix/internship_project/.venv/lib/python3.10/site-packages/airflow/example_dags/subdags/subdag.py
[2024-06-24T14:18:28.697+0300] {processor.py:183} INFO - Processing /home/user/rubix/internship_project/.venv/lib/python3.10/site-packages/airflow/example_dags/subdags/subdag.py took 0.033 seconds
[2024-06-24T14:19:21.032+0300] {processor.py:161} INFO - Started process (PID=27691) to work on /home/user/rubix/internship_project/.venv/lib/python3.10/site-packages/airflow/example_dags/subdags/subdag.py
[2024-06-24T14:19:21.033+0300] {processor.py:830} INFO - Processing file /home/user/rubix/internship_project/.venv/lib/python3.10/site-packages/airflow/example_dags/subdags/subdag.py for tasks to queue
[2024-06-24T14:19:21.035+0300] {logging_mixin.py:188} INFO - [2024-06-24T14:19:21.035+0300] {dagbag.py:545} INFO - Filling up the DagBag from /home/user/rubix/internship_project/.venv/lib/python3.10/site-packages/airflow/example_dags/subdags/subdag.py
[2024-06-24T14:19:21.039+0300] {processor.py:842} WARNING - No viable dags retrieved from /home/user/rubix/internship_project/.venv/lib/python3.10/site-packages/airflow/example_dags/subdags/subdag.py
[2024-06-24T14:19:21.068+0300] {processor.py:183} INFO - Processing /home/user/rubix/internship_project/.venv/lib/python3.10/site-packages/airflow/example_dags/subdags/subdag.py took 0.048 seconds
[2024-06-24T14:20:02.739+0300] {processor.py:161} INFO - Started process (PID=27991) to work on /home/user/rubix/internship_project/.venv/lib/python3.10/site-packages/airflow/example_dags/subdags/subdag.py
[2024-06-24T14:20:02.741+0300] {processor.py:830} INFO - Processing file /home/user/rubix/internship_project/.venv/lib/python3.10/site-packages/airflow/example_dags/subdags/subdag.py for tasks to queue
[2024-06-24T14:20:02.743+0300] {logging_mixin.py:188} INFO - [2024-06-24T14:20:02.743+0300] {dagbag.py:545} INFO - Filling up the DagBag from /home/user/rubix/internship_project/.venv/lib/python3.10/site-packages/airflow/example_dags/subdags/subdag.py
[2024-06-24T14:20:02.746+0300] {processor.py:842} WARNING - No viable dags retrieved from /home/user/rubix/internship_project/.venv/lib/python3.10/site-packages/airflow/example_dags/subdags/subdag.py
[2024-06-24T14:20:02.762+0300] {processor.py:183} INFO - Processing /home/user/rubix/internship_project/.venv/lib/python3.10/site-packages/airflow/example_dags/subdags/subdag.py took 0.032 seconds
[2024-06-24T14:20:39.577+0300] {processor.py:161} INFO - Started process (PID=28230) to work on /home/user/rubix/internship_project/.venv/lib/python3.10/site-packages/airflow/example_dags/subdags/subdag.py
[2024-06-24T14:20:39.578+0300] {processor.py:830} INFO - Processing file /home/user/rubix/internship_project/.venv/lib/python3.10/site-packages/airflow/example_dags/subdags/subdag.py for tasks to queue
[2024-06-24T14:20:39.580+0300] {logging_mixin.py:188} INFO - [2024-06-24T14:20:39.580+0300] {dagbag.py:545} INFO - Filling up the DagBag from /home/user/rubix/internship_project/.venv/lib/python3.10/site-packages/airflow/example_dags/subdags/subdag.py
[2024-06-24T14:20:39.583+0300] {processor.py:842} WARNING - No viable dags retrieved from /home/user/rubix/internship_project/.venv/lib/python3.10/site-packages/airflow/example_dags/subdags/subdag.py
[2024-06-24T14:20:39.595+0300] {processor.py:183} INFO - Processing /home/user/rubix/internship_project/.venv/lib/python3.10/site-packages/airflow/example_dags/subdags/subdag.py took 0.026 seconds
[2024-06-24T14:21:23.441+0300] {processor.py:161} INFO - Started process (PID=28515) to work on /home/user/rubix/internship_project/.venv/lib/python3.10/site-packages/airflow/example_dags/subdags/subdag.py
[2024-06-24T14:21:23.442+0300] {processor.py:830} INFO - Processing file /home/user/rubix/internship_project/.venv/lib/python3.10/site-packages/airflow/example_dags/subdags/subdag.py for tasks to queue
[2024-06-24T14:21:23.444+0300] {logging_mixin.py:188} INFO - [2024-06-24T14:21:23.444+0300] {dagbag.py:545} INFO - Filling up the DagBag from /home/user/rubix/internship_project/.venv/lib/python3.10/site-packages/airflow/example_dags/subdags/subdag.py
[2024-06-24T14:21:23.448+0300] {processor.py:842} WARNING - No viable dags retrieved from /home/user/rubix/internship_project/.venv/lib/python3.10/site-packages/airflow/example_dags/subdags/subdag.py
[2024-06-24T14:21:23.463+0300] {processor.py:183} INFO - Processing /home/user/rubix/internship_project/.venv/lib/python3.10/site-packages/airflow/example_dags/subdags/subdag.py took 0.032 seconds
[2024-06-24T14:22:02.895+0300] {processor.py:161} INFO - Started process (PID=28717) to work on /home/user/rubix/internship_project/.venv/lib/python3.10/site-packages/airflow/example_dags/subdags/subdag.py
[2024-06-24T14:22:02.896+0300] {processor.py:830} INFO - Processing file /home/user/rubix/internship_project/.venv/lib/python3.10/site-packages/airflow/example_dags/subdags/subdag.py for tasks to queue
[2024-06-24T14:22:02.898+0300] {logging_mixin.py:188} INFO - [2024-06-24T14:22:02.898+0300] {dagbag.py:545} INFO - Filling up the DagBag from /home/user/rubix/internship_project/.venv/lib/python3.10/site-packages/airflow/example_dags/subdags/subdag.py
[2024-06-24T14:22:02.901+0300] {processor.py:842} WARNING - No viable dags retrieved from /home/user/rubix/internship_project/.venv/lib/python3.10/site-packages/airflow/example_dags/subdags/subdag.py
[2024-06-24T14:22:02.913+0300] {processor.py:183} INFO - Processing /home/user/rubix/internship_project/.venv/lib/python3.10/site-packages/airflow/example_dags/subdags/subdag.py took 0.025 seconds
[2024-06-24T14:22:38.943+0300] {processor.py:161} INFO - Started process (PID=28797) to work on /home/user/rubix/internship_project/.venv/lib/python3.10/site-packages/airflow/example_dags/subdags/subdag.py
[2024-06-24T14:22:38.945+0300] {processor.py:830} INFO - Processing file /home/user/rubix/internship_project/.venv/lib/python3.10/site-packages/airflow/example_dags/subdags/subdag.py for tasks to queue
[2024-06-24T14:22:38.947+0300] {logging_mixin.py:188} INFO - [2024-06-24T14:22:38.947+0300] {dagbag.py:545} INFO - Filling up the DagBag from /home/user/rubix/internship_project/.venv/lib/python3.10/site-packages/airflow/example_dags/subdags/subdag.py
[2024-06-24T14:22:38.950+0300] {processor.py:842} WARNING - No viable dags retrieved from /home/user/rubix/internship_project/.venv/lib/python3.10/site-packages/airflow/example_dags/subdags/subdag.py
[2024-06-24T14:22:38.966+0300] {processor.py:183} INFO - Processing /home/user/rubix/internship_project/.venv/lib/python3.10/site-packages/airflow/example_dags/subdags/subdag.py took 0.032 seconds
[2024-06-24T14:23:23.733+0300] {processor.py:161} INFO - Started process (PID=28991) to work on /home/user/rubix/internship_project/.venv/lib/python3.10/site-packages/airflow/example_dags/subdags/subdag.py
[2024-06-24T14:23:23.734+0300] {processor.py:830} INFO - Processing file /home/user/rubix/internship_project/.venv/lib/python3.10/site-packages/airflow/example_dags/subdags/subdag.py for tasks to queue
[2024-06-24T14:23:23.736+0300] {logging_mixin.py:188} INFO - [2024-06-24T14:23:23.735+0300] {dagbag.py:545} INFO - Filling up the DagBag from /home/user/rubix/internship_project/.venv/lib/python3.10/site-packages/airflow/example_dags/subdags/subdag.py
[2024-06-24T14:23:23.738+0300] {processor.py:842} WARNING - No viable dags retrieved from /home/user/rubix/internship_project/.venv/lib/python3.10/site-packages/airflow/example_dags/subdags/subdag.py
[2024-06-24T14:23:23.751+0300] {processor.py:183} INFO - Processing /home/user/rubix/internship_project/.venv/lib/python3.10/site-packages/airflow/example_dags/subdags/subdag.py took 0.026 seconds
[2024-06-24T14:24:08.588+0300] {processor.py:161} INFO - Started process (PID=29207) to work on /home/user/rubix/internship_project/.venv/lib/python3.10/site-packages/airflow/example_dags/subdags/subdag.py
[2024-06-24T14:24:08.592+0300] {processor.py:830} INFO - Processing file /home/user/rubix/internship_project/.venv/lib/python3.10/site-packages/airflow/example_dags/subdags/subdag.py for tasks to queue
[2024-06-24T14:24:08.596+0300] {logging_mixin.py:188} INFO - [2024-06-24T14:24:08.595+0300] {dagbag.py:545} INFO - Filling up the DagBag from /home/user/rubix/internship_project/.venv/lib/python3.10/site-packages/airflow/example_dags/subdags/subdag.py
[2024-06-24T14:24:08.599+0300] {processor.py:842} WARNING - No viable dags retrieved from /home/user/rubix/internship_project/.venv/lib/python3.10/site-packages/airflow/example_dags/subdags/subdag.py
[2024-06-24T14:24:08.620+0300] {processor.py:183} INFO - Processing /home/user/rubix/internship_project/.venv/lib/python3.10/site-packages/airflow/example_dags/subdags/subdag.py took 0.046 seconds
[2024-06-24T14:24:55.510+0300] {processor.py:161} INFO - Started process (PID=29373) to work on /home/user/rubix/internship_project/.venv/lib/python3.10/site-packages/airflow/example_dags/subdags/subdag.py
[2024-06-24T14:24:55.511+0300] {processor.py:830} INFO - Processing file /home/user/rubix/internship_project/.venv/lib/python3.10/site-packages/airflow/example_dags/subdags/subdag.py for tasks to queue
[2024-06-24T14:24:55.513+0300] {logging_mixin.py:188} INFO - [2024-06-24T14:24:55.513+0300] {dagbag.py:545} INFO - Filling up the DagBag from /home/user/rubix/internship_project/.venv/lib/python3.10/site-packages/airflow/example_dags/subdags/subdag.py
[2024-06-24T14:24:55.516+0300] {processor.py:842} WARNING - No viable dags retrieved from /home/user/rubix/internship_project/.venv/lib/python3.10/site-packages/airflow/example_dags/subdags/subdag.py
[2024-06-24T14:24:55.528+0300] {processor.py:183} INFO - Processing /home/user/rubix/internship_project/.venv/lib/python3.10/site-packages/airflow/example_dags/subdags/subdag.py took 0.026 seconds
[2024-06-24T14:25:36.941+0300] {processor.py:161} INFO - Started process (PID=29588) to work on /home/user/rubix/internship_project/.venv/lib/python3.10/site-packages/airflow/example_dags/subdags/subdag.py
[2024-06-24T14:25:36.942+0300] {processor.py:830} INFO - Processing file /home/user/rubix/internship_project/.venv/lib/python3.10/site-packages/airflow/example_dags/subdags/subdag.py for tasks to queue
[2024-06-24T14:25:36.944+0300] {logging_mixin.py:188} INFO - [2024-06-24T14:25:36.944+0300] {dagbag.py:545} INFO - Filling up the DagBag from /home/user/rubix/internship_project/.venv/lib/python3.10/site-packages/airflow/example_dags/subdags/subdag.py
[2024-06-24T14:25:36.948+0300] {processor.py:842} WARNING - No viable dags retrieved from /home/user/rubix/internship_project/.venv/lib/python3.10/site-packages/airflow/example_dags/subdags/subdag.py
[2024-06-24T14:25:36.961+0300] {processor.py:183} INFO - Processing /home/user/rubix/internship_project/.venv/lib/python3.10/site-packages/airflow/example_dags/subdags/subdag.py took 0.027 seconds
[2024-06-24T14:26:15.882+0300] {processor.py:161} INFO - Started process (PID=29735) to work on /home/user/rubix/internship_project/.venv/lib/python3.10/site-packages/airflow/example_dags/subdags/subdag.py
[2024-06-24T14:26:15.883+0300] {processor.py:830} INFO - Processing file /home/user/rubix/internship_project/.venv/lib/python3.10/site-packages/airflow/example_dags/subdags/subdag.py for tasks to queue
[2024-06-24T14:26:15.885+0300] {logging_mixin.py:188} INFO - [2024-06-24T14:26:15.884+0300] {dagbag.py:545} INFO - Filling up the DagBag from /home/user/rubix/internship_project/.venv/lib/python3.10/site-packages/airflow/example_dags/subdags/subdag.py
[2024-06-24T14:26:15.887+0300] {processor.py:842} WARNING - No viable dags retrieved from /home/user/rubix/internship_project/.venv/lib/python3.10/site-packages/airflow/example_dags/subdags/subdag.py
[2024-06-24T14:26:15.900+0300] {processor.py:183} INFO - Processing /home/user/rubix/internship_project/.venv/lib/python3.10/site-packages/airflow/example_dags/subdags/subdag.py took 0.027 seconds
[2024-06-24T14:27:00.058+0300] {processor.py:161} INFO - Started process (PID=30030) to work on /home/user/rubix/internship_project/.venv/lib/python3.10/site-packages/airflow/example_dags/subdags/subdag.py
[2024-06-24T14:27:00.060+0300] {processor.py:830} INFO - Processing file /home/user/rubix/internship_project/.venv/lib/python3.10/site-packages/airflow/example_dags/subdags/subdag.py for tasks to queue
[2024-06-24T14:27:00.063+0300] {logging_mixin.py:188} INFO - [2024-06-24T14:27:00.062+0300] {dagbag.py:545} INFO - Filling up the DagBag from /home/user/rubix/internship_project/.venv/lib/python3.10/site-packages/airflow/example_dags/subdags/subdag.py
[2024-06-24T14:27:00.067+0300] {processor.py:842} WARNING - No viable dags retrieved from /home/user/rubix/internship_project/.venv/lib/python3.10/site-packages/airflow/example_dags/subdags/subdag.py
[2024-06-24T14:27:00.083+0300] {processor.py:183} INFO - Processing /home/user/rubix/internship_project/.venv/lib/python3.10/site-packages/airflow/example_dags/subdags/subdag.py took 0.035 seconds
[2024-06-24T14:27:44.288+0300] {processor.py:161} INFO - Started process (PID=30500) to work on /home/user/rubix/internship_project/.venv/lib/python3.10/site-packages/airflow/example_dags/subdags/subdag.py
[2024-06-24T14:27:44.289+0300] {processor.py:830} INFO - Processing file /home/user/rubix/internship_project/.venv/lib/python3.10/site-packages/airflow/example_dags/subdags/subdag.py for tasks to queue
[2024-06-24T14:27:44.291+0300] {logging_mixin.py:188} INFO - [2024-06-24T14:27:44.291+0300] {dagbag.py:545} INFO - Filling up the DagBag from /home/user/rubix/internship_project/.venv/lib/python3.10/site-packages/airflow/example_dags/subdags/subdag.py
[2024-06-24T14:27:44.294+0300] {processor.py:842} WARNING - No viable dags retrieved from /home/user/rubix/internship_project/.venv/lib/python3.10/site-packages/airflow/example_dags/subdags/subdag.py
[2024-06-24T14:27:44.307+0300] {processor.py:183} INFO - Processing /home/user/rubix/internship_project/.venv/lib/python3.10/site-packages/airflow/example_dags/subdags/subdag.py took 0.027 seconds
[2024-06-24T14:28:26.343+0300] {processor.py:161} INFO - Started process (PID=30729) to work on /home/user/rubix/internship_project/.venv/lib/python3.10/site-packages/airflow/example_dags/subdags/subdag.py
[2024-06-24T14:28:26.344+0300] {processor.py:830} INFO - Processing file /home/user/rubix/internship_project/.venv/lib/python3.10/site-packages/airflow/example_dags/subdags/subdag.py for tasks to queue
[2024-06-24T14:28:26.345+0300] {logging_mixin.py:188} INFO - [2024-06-24T14:28:26.345+0300] {dagbag.py:545} INFO - Filling up the DagBag from /home/user/rubix/internship_project/.venv/lib/python3.10/site-packages/airflow/example_dags/subdags/subdag.py
[2024-06-24T14:28:26.348+0300] {processor.py:842} WARNING - No viable dags retrieved from /home/user/rubix/internship_project/.venv/lib/python3.10/site-packages/airflow/example_dags/subdags/subdag.py
[2024-06-24T14:28:26.361+0300] {processor.py:183} INFO - Processing /home/user/rubix/internship_project/.venv/lib/python3.10/site-packages/airflow/example_dags/subdags/subdag.py took 0.026 seconds
[2024-06-24T14:29:12.980+0300] {processor.py:161} INFO - Started process (PID=31070) to work on /home/user/rubix/internship_project/.venv/lib/python3.10/site-packages/airflow/example_dags/subdags/subdag.py
[2024-06-24T14:29:12.981+0300] {processor.py:830} INFO - Processing file /home/user/rubix/internship_project/.venv/lib/python3.10/site-packages/airflow/example_dags/subdags/subdag.py for tasks to queue
[2024-06-24T14:29:12.983+0300] {logging_mixin.py:188} INFO - [2024-06-24T14:29:12.982+0300] {dagbag.py:545} INFO - Filling up the DagBag from /home/user/rubix/internship_project/.venv/lib/python3.10/site-packages/airflow/example_dags/subdags/subdag.py
[2024-06-24T14:29:12.986+0300] {processor.py:842} WARNING - No viable dags retrieved from /home/user/rubix/internship_project/.venv/lib/python3.10/site-packages/airflow/example_dags/subdags/subdag.py
[2024-06-24T14:29:12.999+0300] {processor.py:183} INFO - Processing /home/user/rubix/internship_project/.venv/lib/python3.10/site-packages/airflow/example_dags/subdags/subdag.py took 0.026 seconds
[2024-06-24T14:30:03.194+0300] {processor.py:161} INFO - Started process (PID=31413) to work on /home/user/rubix/internship_project/.venv/lib/python3.10/site-packages/airflow/example_dags/subdags/subdag.py
[2024-06-24T14:30:03.195+0300] {processor.py:830} INFO - Processing file /home/user/rubix/internship_project/.venv/lib/python3.10/site-packages/airflow/example_dags/subdags/subdag.py for tasks to queue
[2024-06-24T14:30:03.197+0300] {logging_mixin.py:188} INFO - [2024-06-24T14:30:03.196+0300] {dagbag.py:545} INFO - Filling up the DagBag from /home/user/rubix/internship_project/.venv/lib/python3.10/site-packages/airflow/example_dags/subdags/subdag.py
[2024-06-24T14:30:03.200+0300] {processor.py:842} WARNING - No viable dags retrieved from /home/user/rubix/internship_project/.venv/lib/python3.10/site-packages/airflow/example_dags/subdags/subdag.py
[2024-06-24T14:30:03.214+0300] {processor.py:183} INFO - Processing /home/user/rubix/internship_project/.venv/lib/python3.10/site-packages/airflow/example_dags/subdags/subdag.py took 0.029 seconds
[2024-06-24T14:30:50.177+0300] {processor.py:161} INFO - Started process (PID=31510) to work on /home/user/rubix/internship_project/.venv/lib/python3.10/site-packages/airflow/example_dags/subdags/subdag.py
[2024-06-24T14:30:50.178+0300] {processor.py:830} INFO - Processing file /home/user/rubix/internship_project/.venv/lib/python3.10/site-packages/airflow/example_dags/subdags/subdag.py for tasks to queue
[2024-06-24T14:30:50.180+0300] {logging_mixin.py:188} INFO - [2024-06-24T14:30:50.180+0300] {dagbag.py:545} INFO - Filling up the DagBag from /home/user/rubix/internship_project/.venv/lib/python3.10/site-packages/airflow/example_dags/subdags/subdag.py
[2024-06-24T14:30:50.183+0300] {processor.py:842} WARNING - No viable dags retrieved from /home/user/rubix/internship_project/.venv/lib/python3.10/site-packages/airflow/example_dags/subdags/subdag.py
[2024-06-24T14:30:50.197+0300] {processor.py:183} INFO - Processing /home/user/rubix/internship_project/.venv/lib/python3.10/site-packages/airflow/example_dags/subdags/subdag.py took 0.031 seconds
[2024-06-24T14:31:37.315+0300] {processor.py:161} INFO - Started process (PID=31908) to work on /home/user/rubix/internship_project/.venv/lib/python3.10/site-packages/airflow/example_dags/subdags/subdag.py
[2024-06-24T14:31:37.316+0300] {processor.py:830} INFO - Processing file /home/user/rubix/internship_project/.venv/lib/python3.10/site-packages/airflow/example_dags/subdags/subdag.py for tasks to queue
[2024-06-24T14:31:37.318+0300] {logging_mixin.py:188} INFO - [2024-06-24T14:31:37.318+0300] {dagbag.py:545} INFO - Filling up the DagBag from /home/user/rubix/internship_project/.venv/lib/python3.10/site-packages/airflow/example_dags/subdags/subdag.py
[2024-06-24T14:31:37.323+0300] {processor.py:842} WARNING - No viable dags retrieved from /home/user/rubix/internship_project/.venv/lib/python3.10/site-packages/airflow/example_dags/subdags/subdag.py
[2024-06-24T14:31:37.345+0300] {processor.py:183} INFO - Processing /home/user/rubix/internship_project/.venv/lib/python3.10/site-packages/airflow/example_dags/subdags/subdag.py took 0.043 seconds
[2024-06-24T14:32:21.687+0300] {processor.py:161} INFO - Started process (PID=32064) to work on /home/user/rubix/internship_project/.venv/lib/python3.10/site-packages/airflow/example_dags/subdags/subdag.py
[2024-06-24T14:32:21.688+0300] {processor.py:830} INFO - Processing file /home/user/rubix/internship_project/.venv/lib/python3.10/site-packages/airflow/example_dags/subdags/subdag.py for tasks to queue
[2024-06-24T14:32:21.690+0300] {logging_mixin.py:188} INFO - [2024-06-24T14:32:21.690+0300] {dagbag.py:545} INFO - Filling up the DagBag from /home/user/rubix/internship_project/.venv/lib/python3.10/site-packages/airflow/example_dags/subdags/subdag.py
[2024-06-24T14:32:21.693+0300] {processor.py:842} WARNING - No viable dags retrieved from /home/user/rubix/internship_project/.venv/lib/python3.10/site-packages/airflow/example_dags/subdags/subdag.py
[2024-06-24T14:32:21.706+0300] {processor.py:183} INFO - Processing /home/user/rubix/internship_project/.venv/lib/python3.10/site-packages/airflow/example_dags/subdags/subdag.py took 0.028 seconds
