[2024-06-25T11:39:49.316+0300] {processor.py:161} INFO - Started process (PID=11107) to work on /home/user/rubix/internship_project/dags/empty_DAG.py
[2024-06-25T11:39:49.318+0300] {processor.py:830} INFO - Processing file /home/user/rubix/internship_project/dags/empty_DAG.py for tasks to queue
[2024-06-25T11:39:49.322+0300] {logging_mixin.py:188} INFO - [2024-06-25T11:39:49.322+0300] {dagbag.py:545} INFO - Filling up the DagBag from /home/user/rubix/internship_project/dags/empty_DAG.py
[2024-06-25T11:39:49.828+0300] {processor.py:840} INFO - DAG(s) 'empty_dag' retrieved from /home/user/rubix/internship_project/dags/empty_DAG.py
[2024-06-25T11:39:50.001+0300] {logging_mixin.py:188} INFO - [2024-06-25T11:39:50.001+0300] {dag.py:3096} INFO - Sync 1 DAGs
[2024-06-25T11:39:50.077+0300] {logging_mixin.py:188} INFO - [2024-06-25T11:39:50.076+0300] {dag.py:3954} INFO - Setting next_dagrun for empty_dag to None, run_after=None
[2024-06-25T11:39:51.616+0300] {processor.py:183} INFO - Processing /home/user/rubix/internship_project/dags/empty_DAG.py took 2.367 seconds
[2024-06-25T11:40:22.346+0300] {processor.py:161} INFO - Started process (PID=11118) to work on /home/user/rubix/internship_project/dags/empty_DAG.py
[2024-06-25T11:40:22.347+0300] {processor.py:830} INFO - Processing file /home/user/rubix/internship_project/dags/empty_DAG.py for tasks to queue
[2024-06-25T11:40:22.349+0300] {logging_mixin.py:188} INFO - [2024-06-25T11:40:22.349+0300] {dagbag.py:545} INFO - Filling up the DagBag from /home/user/rubix/internship_project/dags/empty_DAG.py
[2024-06-25T11:40:22.360+0300] {processor.py:840} INFO - DAG(s) 'empty_dag' retrieved from /home/user/rubix/internship_project/dags/empty_DAG.py
[2024-06-25T11:40:22.374+0300] {logging_mixin.py:188} INFO - [2024-06-25T11:40:22.374+0300] {dag.py:3096} INFO - Sync 1 DAGs
[2024-06-25T11:40:22.389+0300] {logging_mixin.py:188} INFO - [2024-06-25T11:40:22.388+0300] {dag.py:3954} INFO - Setting next_dagrun for empty_dag to None, run_after=None
[2024-06-25T11:40:22.417+0300] {processor.py:183} INFO - Processing /home/user/rubix/internship_project/dags/empty_DAG.py took 0.078 seconds
[2024-06-25T11:40:52.523+0300] {processor.py:161} INFO - Started process (PID=11120) to work on /home/user/rubix/internship_project/dags/empty_DAG.py
[2024-06-25T11:40:52.525+0300] {processor.py:830} INFO - Processing file /home/user/rubix/internship_project/dags/empty_DAG.py for tasks to queue
[2024-06-25T11:40:52.527+0300] {logging_mixin.py:188} INFO - [2024-06-25T11:40:52.526+0300] {dagbag.py:545} INFO - Filling up the DagBag from /home/user/rubix/internship_project/dags/empty_DAG.py
[2024-06-25T11:40:52.539+0300] {processor.py:840} INFO - DAG(s) 'empty_dag' retrieved from /home/user/rubix/internship_project/dags/empty_DAG.py
[2024-06-25T11:40:52.556+0300] {logging_mixin.py:188} INFO - [2024-06-25T11:40:52.556+0300] {dag.py:3096} INFO - Sync 1 DAGs
[2024-06-25T11:40:52.573+0300] {logging_mixin.py:188} INFO - [2024-06-25T11:40:52.573+0300] {dag.py:3954} INFO - Setting next_dagrun for empty_dag to None, run_after=None
[2024-06-25T11:40:52.601+0300] {processor.py:183} INFO - Processing /home/user/rubix/internship_project/dags/empty_DAG.py took 0.087 seconds
[2024-06-25T11:41:22.693+0300] {processor.py:161} INFO - Started process (PID=11122) to work on /home/user/rubix/internship_project/dags/empty_DAG.py
[2024-06-25T11:41:22.694+0300] {processor.py:830} INFO - Processing file /home/user/rubix/internship_project/dags/empty_DAG.py for tasks to queue
[2024-06-25T11:41:22.696+0300] {logging_mixin.py:188} INFO - [2024-06-25T11:41:22.695+0300] {dagbag.py:545} INFO - Filling up the DagBag from /home/user/rubix/internship_project/dags/empty_DAG.py
[2024-06-25T11:41:22.709+0300] {processor.py:840} INFO - DAG(s) 'empty_dag' retrieved from /home/user/rubix/internship_project/dags/empty_DAG.py
[2024-06-25T11:41:22.724+0300] {logging_mixin.py:188} INFO - [2024-06-25T11:41:22.723+0300] {dag.py:3096} INFO - Sync 1 DAGs
[2024-06-25T11:41:22.740+0300] {logging_mixin.py:188} INFO - [2024-06-25T11:41:22.739+0300] {dag.py:3954} INFO - Setting next_dagrun for empty_dag to None, run_after=None
[2024-06-25T11:41:22.768+0300] {processor.py:183} INFO - Processing /home/user/rubix/internship_project/dags/empty_DAG.py took 0.083 seconds
[2024-06-25T11:41:52.887+0300] {processor.py:161} INFO - Started process (PID=11124) to work on /home/user/rubix/internship_project/dags/empty_DAG.py
[2024-06-25T11:41:52.888+0300] {processor.py:830} INFO - Processing file /home/user/rubix/internship_project/dags/empty_DAG.py for tasks to queue
[2024-06-25T11:41:52.890+0300] {logging_mixin.py:188} INFO - [2024-06-25T11:41:52.890+0300] {dagbag.py:545} INFO - Filling up the DagBag from /home/user/rubix/internship_project/dags/empty_DAG.py
[2024-06-25T11:41:52.902+0300] {processor.py:840} INFO - DAG(s) 'empty_dag' retrieved from /home/user/rubix/internship_project/dags/empty_DAG.py
[2024-06-25T11:41:52.917+0300] {logging_mixin.py:188} INFO - [2024-06-25T11:41:52.917+0300] {dag.py:3096} INFO - Sync 1 DAGs
[2024-06-25T11:41:52.936+0300] {logging_mixin.py:188} INFO - [2024-06-25T11:41:52.936+0300] {dag.py:3954} INFO - Setting next_dagrun for empty_dag to None, run_after=None
[2024-06-25T11:41:52.954+0300] {processor.py:183} INFO - Processing /home/user/rubix/internship_project/dags/empty_DAG.py took 0.077 seconds
[2024-06-25T11:42:23.103+0300] {processor.py:161} INFO - Started process (PID=11467) to work on /home/user/rubix/internship_project/dags/empty_DAG.py
[2024-06-25T11:42:23.105+0300] {processor.py:830} INFO - Processing file /home/user/rubix/internship_project/dags/empty_DAG.py for tasks to queue
[2024-06-25T11:42:23.120+0300] {logging_mixin.py:188} INFO - [2024-06-25T11:42:23.113+0300] {dagbag.py:545} INFO - Filling up the DagBag from /home/user/rubix/internship_project/dags/empty_DAG.py
[2024-06-25T11:42:23.156+0300] {processor.py:840} INFO - DAG(s) 'empty_dag' retrieved from /home/user/rubix/internship_project/dags/empty_DAG.py
[2024-06-25T11:42:23.183+0300] {logging_mixin.py:188} INFO - [2024-06-25T11:42:23.182+0300] {dag.py:3096} INFO - Sync 1 DAGs
[2024-06-25T11:42:23.210+0300] {logging_mixin.py:188} INFO - [2024-06-25T11:42:23.210+0300] {dag.py:3954} INFO - Setting next_dagrun for empty_dag to None, run_after=None
[2024-06-25T11:42:23.256+0300] {processor.py:183} INFO - Processing /home/user/rubix/internship_project/dags/empty_DAG.py took 0.173 seconds
[2024-06-25T11:42:53.480+0300] {processor.py:161} INFO - Started process (PID=11549) to work on /home/user/rubix/internship_project/dags/empty_DAG.py
[2024-06-25T11:42:53.482+0300] {processor.py:830} INFO - Processing file /home/user/rubix/internship_project/dags/empty_DAG.py for tasks to queue
[2024-06-25T11:42:53.485+0300] {logging_mixin.py:188} INFO - [2024-06-25T11:42:53.484+0300] {dagbag.py:545} INFO - Filling up the DagBag from /home/user/rubix/internship_project/dags/empty_DAG.py
[2024-06-25T11:42:53.507+0300] {processor.py:840} INFO - DAG(s) 'empty_dag' retrieved from /home/user/rubix/internship_project/dags/empty_DAG.py
[2024-06-25T11:42:53.536+0300] {logging_mixin.py:188} INFO - [2024-06-25T11:42:53.536+0300] {dag.py:3096} INFO - Sync 1 DAGs
[2024-06-25T11:42:53.568+0300] {logging_mixin.py:188} INFO - [2024-06-25T11:42:53.567+0300] {dag.py:3954} INFO - Setting next_dagrun for empty_dag to None, run_after=None
[2024-06-25T11:42:53.616+0300] {processor.py:183} INFO - Processing /home/user/rubix/internship_project/dags/empty_DAG.py took 0.158 seconds
[2024-06-25T11:43:23.780+0300] {processor.py:161} INFO - Started process (PID=11566) to work on /home/user/rubix/internship_project/dags/empty_DAG.py
[2024-06-25T11:43:23.781+0300] {processor.py:830} INFO - Processing file /home/user/rubix/internship_project/dags/empty_DAG.py for tasks to queue
[2024-06-25T11:43:23.783+0300] {logging_mixin.py:188} INFO - [2024-06-25T11:43:23.782+0300] {dagbag.py:545} INFO - Filling up the DagBag from /home/user/rubix/internship_project/dags/empty_DAG.py
[2024-06-25T11:43:23.794+0300] {processor.py:840} INFO - DAG(s) 'empty_dag' retrieved from /home/user/rubix/internship_project/dags/empty_DAG.py
[2024-06-25T11:43:23.810+0300] {logging_mixin.py:188} INFO - [2024-06-25T11:43:23.809+0300] {dag.py:3096} INFO - Sync 1 DAGs
[2024-06-25T11:43:23.825+0300] {logging_mixin.py:188} INFO - [2024-06-25T11:43:23.824+0300] {dag.py:3954} INFO - Setting next_dagrun for empty_dag to None, run_after=None
[2024-06-25T11:43:23.850+0300] {processor.py:183} INFO - Processing /home/user/rubix/internship_project/dags/empty_DAG.py took 0.078 seconds
[2024-06-25T11:43:53.976+0300] {processor.py:161} INFO - Started process (PID=11589) to work on /home/user/rubix/internship_project/dags/empty_DAG.py
[2024-06-25T11:43:53.977+0300] {processor.py:830} INFO - Processing file /home/user/rubix/internship_project/dags/empty_DAG.py for tasks to queue
[2024-06-25T11:43:53.980+0300] {logging_mixin.py:188} INFO - [2024-06-25T11:43:53.980+0300] {dagbag.py:545} INFO - Filling up the DagBag from /home/user/rubix/internship_project/dags/empty_DAG.py
[2024-06-25T11:43:53.990+0300] {processor.py:840} INFO - DAG(s) 'empty_dag' retrieved from /home/user/rubix/internship_project/dags/empty_DAG.py
[2024-06-25T11:43:54.004+0300] {logging_mixin.py:188} INFO - [2024-06-25T11:43:54.004+0300] {dag.py:3096} INFO - Sync 1 DAGs
[2024-06-25T11:43:54.018+0300] {logging_mixin.py:188} INFO - [2024-06-25T11:43:54.018+0300] {dag.py:3954} INFO - Setting next_dagrun for empty_dag to None, run_after=None
[2024-06-25T11:43:54.046+0300] {processor.py:183} INFO - Processing /home/user/rubix/internship_project/dags/empty_DAG.py took 0.077 seconds
[2024-06-25T11:44:24.205+0300] {processor.py:161} INFO - Started process (PID=11624) to work on /home/user/rubix/internship_project/dags/empty_DAG.py
[2024-06-25T11:44:24.207+0300] {processor.py:830} INFO - Processing file /home/user/rubix/internship_project/dags/empty_DAG.py for tasks to queue
[2024-06-25T11:44:24.208+0300] {logging_mixin.py:188} INFO - [2024-06-25T11:44:24.208+0300] {dagbag.py:545} INFO - Filling up the DagBag from /home/user/rubix/internship_project/dags/empty_DAG.py
[2024-06-25T11:44:24.220+0300] {processor.py:840} INFO - DAG(s) 'empty_dag' retrieved from /home/user/rubix/internship_project/dags/empty_DAG.py
[2024-06-25T11:44:24.237+0300] {logging_mixin.py:188} INFO - [2024-06-25T11:44:24.237+0300] {dag.py:3096} INFO - Sync 1 DAGs
[2024-06-25T11:44:24.253+0300] {logging_mixin.py:188} INFO - [2024-06-25T11:44:24.253+0300] {dag.py:3954} INFO - Setting next_dagrun for empty_dag to None, run_after=None
[2024-06-25T11:44:24.285+0300] {processor.py:183} INFO - Processing /home/user/rubix/internship_project/dags/empty_DAG.py took 0.089 seconds
[2024-06-25T11:44:54.413+0300] {processor.py:161} INFO - Started process (PID=11689) to work on /home/user/rubix/internship_project/dags/empty_DAG.py
[2024-06-25T11:44:54.415+0300] {processor.py:830} INFO - Processing file /home/user/rubix/internship_project/dags/empty_DAG.py for tasks to queue
[2024-06-25T11:44:54.417+0300] {logging_mixin.py:188} INFO - [2024-06-25T11:44:54.417+0300] {dagbag.py:545} INFO - Filling up the DagBag from /home/user/rubix/internship_project/dags/empty_DAG.py
[2024-06-25T11:44:54.433+0300] {processor.py:840} INFO - DAG(s) 'empty_dag' retrieved from /home/user/rubix/internship_project/dags/empty_DAG.py
[2024-06-25T11:44:54.453+0300] {logging_mixin.py:188} INFO - [2024-06-25T11:44:54.453+0300] {dag.py:3096} INFO - Sync 1 DAGs
[2024-06-25T11:44:54.474+0300] {logging_mixin.py:188} INFO - [2024-06-25T11:44:54.474+0300] {dag.py:3954} INFO - Setting next_dagrun for empty_dag to None, run_after=None
[2024-06-25T11:44:54.514+0300] {processor.py:183} INFO - Processing /home/user/rubix/internship_project/dags/empty_DAG.py took 0.112 seconds
[2024-06-25T11:45:24.710+0300] {processor.py:161} INFO - Started process (PID=11715) to work on /home/user/rubix/internship_project/dags/empty_DAG.py
[2024-06-25T11:45:24.711+0300] {processor.py:830} INFO - Processing file /home/user/rubix/internship_project/dags/empty_DAG.py for tasks to queue
[2024-06-25T11:45:24.713+0300] {logging_mixin.py:188} INFO - [2024-06-25T11:45:24.712+0300] {dagbag.py:545} INFO - Filling up the DagBag from /home/user/rubix/internship_project/dags/empty_DAG.py
[2024-06-25T11:45:24.723+0300] {processor.py:840} INFO - DAG(s) 'empty_dag' retrieved from /home/user/rubix/internship_project/dags/empty_DAG.py
[2024-06-25T11:45:24.737+0300] {logging_mixin.py:188} INFO - [2024-06-25T11:45:24.737+0300] {dag.py:3096} INFO - Sync 1 DAGs
[2024-06-25T11:45:24.751+0300] {logging_mixin.py:188} INFO - [2024-06-25T11:45:24.751+0300] {dag.py:3954} INFO - Setting next_dagrun for empty_dag to None, run_after=None
[2024-06-25T11:45:24.780+0300] {processor.py:183} INFO - Processing /home/user/rubix/internship_project/dags/empty_DAG.py took 0.079 seconds
[2024-06-25T11:45:54.901+0300] {processor.py:161} INFO - Started process (PID=11744) to work on /home/user/rubix/internship_project/dags/empty_DAG.py
[2024-06-25T11:45:54.902+0300] {processor.py:830} INFO - Processing file /home/user/rubix/internship_project/dags/empty_DAG.py for tasks to queue
[2024-06-25T11:45:54.904+0300] {logging_mixin.py:188} INFO - [2024-06-25T11:45:54.904+0300] {dagbag.py:545} INFO - Filling up the DagBag from /home/user/rubix/internship_project/dags/empty_DAG.py
[2024-06-25T11:45:54.914+0300] {processor.py:840} INFO - DAG(s) 'empty_dag' retrieved from /home/user/rubix/internship_project/dags/empty_DAG.py
[2024-06-25T11:45:54.928+0300] {logging_mixin.py:188} INFO - [2024-06-25T11:45:54.928+0300] {dag.py:3096} INFO - Sync 1 DAGs
[2024-06-25T11:45:54.943+0300] {logging_mixin.py:188} INFO - [2024-06-25T11:45:54.943+0300] {dag.py:3954} INFO - Setting next_dagrun for empty_dag to None, run_after=None
[2024-06-25T11:45:54.971+0300] {processor.py:183} INFO - Processing /home/user/rubix/internship_project/dags/empty_DAG.py took 0.077 seconds
[2024-06-25T11:46:25.117+0300] {processor.py:161} INFO - Started process (PID=11773) to work on /home/user/rubix/internship_project/dags/empty_DAG.py
[2024-06-25T11:46:25.119+0300] {processor.py:830} INFO - Processing file /home/user/rubix/internship_project/dags/empty_DAG.py for tasks to queue
[2024-06-25T11:46:25.121+0300] {logging_mixin.py:188} INFO - [2024-06-25T11:46:25.121+0300] {dagbag.py:545} INFO - Filling up the DagBag from /home/user/rubix/internship_project/dags/empty_DAG.py
[2024-06-25T11:46:25.146+0300] {processor.py:840} INFO - DAG(s) 'empty_dag' retrieved from /home/user/rubix/internship_project/dags/empty_DAG.py
[2024-06-25T11:46:25.187+0300] {logging_mixin.py:188} INFO - [2024-06-25T11:46:25.187+0300] {dag.py:3096} INFO - Sync 1 DAGs
[2024-06-25T11:46:25.209+0300] {logging_mixin.py:188} INFO - [2024-06-25T11:46:25.208+0300] {dag.py:3954} INFO - Setting next_dagrun for empty_dag to None, run_after=None
[2024-06-25T11:46:25.234+0300] {processor.py:183} INFO - Processing /home/user/rubix/internship_project/dags/empty_DAG.py took 0.130 seconds
[2024-06-25T11:46:55.421+0300] {processor.py:161} INFO - Started process (PID=11802) to work on /home/user/rubix/internship_project/dags/empty_DAG.py
[2024-06-25T11:46:55.423+0300] {processor.py:830} INFO - Processing file /home/user/rubix/internship_project/dags/empty_DAG.py for tasks to queue
[2024-06-25T11:46:55.425+0300] {logging_mixin.py:188} INFO - [2024-06-25T11:46:55.425+0300] {dagbag.py:545} INFO - Filling up the DagBag from /home/user/rubix/internship_project/dags/empty_DAG.py
[2024-06-25T11:46:55.443+0300] {processor.py:840} INFO - DAG(s) 'empty_dag' retrieved from /home/user/rubix/internship_project/dags/empty_DAG.py
[2024-06-25T11:46:55.462+0300] {logging_mixin.py:188} INFO - [2024-06-25T11:46:55.462+0300] {dag.py:3096} INFO - Sync 1 DAGs
[2024-06-25T11:46:55.483+0300] {logging_mixin.py:188} INFO - [2024-06-25T11:46:55.483+0300] {dag.py:3954} INFO - Setting next_dagrun for empty_dag to None, run_after=None
[2024-06-25T11:46:55.515+0300] {processor.py:183} INFO - Processing /home/user/rubix/internship_project/dags/empty_DAG.py took 0.102 seconds
[2024-06-25T11:47:25.751+0300] {processor.py:161} INFO - Started process (PID=11831) to work on /home/user/rubix/internship_project/dags/empty_DAG.py
[2024-06-25T11:47:25.753+0300] {processor.py:830} INFO - Processing file /home/user/rubix/internship_project/dags/empty_DAG.py for tasks to queue
[2024-06-25T11:47:25.754+0300] {logging_mixin.py:188} INFO - [2024-06-25T11:47:25.754+0300] {dagbag.py:545} INFO - Filling up the DagBag from /home/user/rubix/internship_project/dags/empty_DAG.py
[2024-06-25T11:47:25.774+0300] {processor.py:840} INFO - DAG(s) 'empty_dag' retrieved from /home/user/rubix/internship_project/dags/empty_DAG.py
[2024-06-25T11:47:25.804+0300] {logging_mixin.py:188} INFO - [2024-06-25T11:47:25.804+0300] {dag.py:3096} INFO - Sync 1 DAGs
[2024-06-25T11:47:25.833+0300] {logging_mixin.py:188} INFO - [2024-06-25T11:47:25.833+0300] {dag.py:3954} INFO - Setting next_dagrun for empty_dag to None, run_after=None
[2024-06-25T11:47:25.873+0300] {processor.py:183} INFO - Processing /home/user/rubix/internship_project/dags/empty_DAG.py took 0.138 seconds
[2024-06-25T11:47:56.055+0300] {processor.py:161} INFO - Started process (PID=11863) to work on /home/user/rubix/internship_project/dags/empty_DAG.py
[2024-06-25T11:47:56.056+0300] {processor.py:830} INFO - Processing file /home/user/rubix/internship_project/dags/empty_DAG.py for tasks to queue
[2024-06-25T11:47:56.060+0300] {logging_mixin.py:188} INFO - [2024-06-25T11:47:56.059+0300] {dagbag.py:545} INFO - Filling up the DagBag from /home/user/rubix/internship_project/dags/empty_DAG.py
[2024-06-25T11:47:56.070+0300] {processor.py:840} INFO - DAG(s) 'empty_dag' retrieved from /home/user/rubix/internship_project/dags/empty_DAG.py
[2024-06-25T11:47:56.087+0300] {logging_mixin.py:188} INFO - [2024-06-25T11:47:56.087+0300] {dag.py:3096} INFO - Sync 1 DAGs
[2024-06-25T11:47:56.104+0300] {logging_mixin.py:188} INFO - [2024-06-25T11:47:56.104+0300] {dag.py:3954} INFO - Setting next_dagrun for empty_dag to None, run_after=None
[2024-06-25T11:47:56.129+0300] {processor.py:183} INFO - Processing /home/user/rubix/internship_project/dags/empty_DAG.py took 0.082 seconds
[2024-06-25T11:48:26.250+0300] {processor.py:161} INFO - Started process (PID=11892) to work on /home/user/rubix/internship_project/dags/empty_DAG.py
[2024-06-25T11:48:26.251+0300] {processor.py:830} INFO - Processing file /home/user/rubix/internship_project/dags/empty_DAG.py for tasks to queue
[2024-06-25T11:48:26.252+0300] {logging_mixin.py:188} INFO - [2024-06-25T11:48:26.252+0300] {dagbag.py:545} INFO - Filling up the DagBag from /home/user/rubix/internship_project/dags/empty_DAG.py
[2024-06-25T11:48:26.265+0300] {processor.py:840} INFO - DAG(s) 'empty_dag' retrieved from /home/user/rubix/internship_project/dags/empty_DAG.py
[2024-06-25T11:48:26.281+0300] {logging_mixin.py:188} INFO - [2024-06-25T11:48:26.281+0300] {dag.py:3096} INFO - Sync 1 DAGs
[2024-06-25T11:48:26.299+0300] {logging_mixin.py:188} INFO - [2024-06-25T11:48:26.299+0300] {dag.py:3954} INFO - Setting next_dagrun for empty_dag to None, run_after=None
[2024-06-25T11:48:26.332+0300] {processor.py:183} INFO - Processing /home/user/rubix/internship_project/dags/empty_DAG.py took 0.092 seconds
[2024-06-25T11:48:56.462+0300] {processor.py:161} INFO - Started process (PID=11966) to work on /home/user/rubix/internship_project/dags/empty_DAG.py
[2024-06-25T11:48:56.463+0300] {processor.py:830} INFO - Processing file /home/user/rubix/internship_project/dags/empty_DAG.py for tasks to queue
[2024-06-25T11:48:56.465+0300] {logging_mixin.py:188} INFO - [2024-06-25T11:48:56.465+0300] {dagbag.py:545} INFO - Filling up the DagBag from /home/user/rubix/internship_project/dags/empty_DAG.py
[2024-06-25T11:48:56.476+0300] {processor.py:840} INFO - DAG(s) 'empty_dag' retrieved from /home/user/rubix/internship_project/dags/empty_DAG.py
[2024-06-25T11:48:56.493+0300] {logging_mixin.py:188} INFO - [2024-06-25T11:48:56.493+0300] {dag.py:3096} INFO - Sync 1 DAGs
[2024-06-25T11:48:56.511+0300] {logging_mixin.py:188} INFO - [2024-06-25T11:48:56.511+0300] {dag.py:3954} INFO - Setting next_dagrun for empty_dag to None, run_after=None
[2024-06-25T11:48:56.544+0300] {processor.py:183} INFO - Processing /home/user/rubix/internship_project/dags/empty_DAG.py took 0.092 seconds
[2024-06-25T11:49:26.669+0300] {processor.py:161} INFO - Started process (PID=12065) to work on /home/user/rubix/internship_project/dags/empty_DAG.py
[2024-06-25T11:49:26.670+0300] {processor.py:830} INFO - Processing file /home/user/rubix/internship_project/dags/empty_DAG.py for tasks to queue
[2024-06-25T11:49:26.672+0300] {logging_mixin.py:188} INFO - [2024-06-25T11:49:26.671+0300] {dagbag.py:545} INFO - Filling up the DagBag from /home/user/rubix/internship_project/dags/empty_DAG.py
[2024-06-25T11:49:26.685+0300] {processor.py:840} INFO - DAG(s) 'empty_dag' retrieved from /home/user/rubix/internship_project/dags/empty_DAG.py
[2024-06-25T11:49:26.705+0300] {logging_mixin.py:188} INFO - [2024-06-25T11:49:26.705+0300] {dag.py:3096} INFO - Sync 1 DAGs
[2024-06-25T11:49:26.722+0300] {logging_mixin.py:188} INFO - [2024-06-25T11:49:26.722+0300] {dag.py:3954} INFO - Setting next_dagrun for empty_dag to None, run_after=None
[2024-06-25T11:49:26.754+0300] {processor.py:183} INFO - Processing /home/user/rubix/internship_project/dags/empty_DAG.py took 0.094 seconds
[2024-06-25T11:49:56.985+0300] {processor.py:161} INFO - Started process (PID=12205) to work on /home/user/rubix/internship_project/dags/empty_DAG.py
[2024-06-25T11:49:56.986+0300] {processor.py:830} INFO - Processing file /home/user/rubix/internship_project/dags/empty_DAG.py for tasks to queue
[2024-06-25T11:49:56.988+0300] {logging_mixin.py:188} INFO - [2024-06-25T11:49:56.987+0300] {dagbag.py:545} INFO - Filling up the DagBag from /home/user/rubix/internship_project/dags/empty_DAG.py
[2024-06-25T11:49:57.001+0300] {processor.py:840} INFO - DAG(s) 'empty_dag' retrieved from /home/user/rubix/internship_project/dags/empty_DAG.py
[2024-06-25T11:49:57.019+0300] {logging_mixin.py:188} INFO - [2024-06-25T11:49:57.019+0300] {dag.py:3096} INFO - Sync 1 DAGs
[2024-06-25T11:49:57.042+0300] {logging_mixin.py:188} INFO - [2024-06-25T11:49:57.040+0300] {dag.py:3954} INFO - Setting next_dagrun for empty_dag to None, run_after=None
[2024-06-25T11:49:57.072+0300] {processor.py:183} INFO - Processing /home/user/rubix/internship_project/dags/empty_DAG.py took 0.096 seconds
[2024-06-25T11:50:27.301+0300] {processor.py:161} INFO - Started process (PID=12304) to work on /home/user/rubix/internship_project/dags/empty_DAG.py
[2024-06-25T11:50:27.302+0300] {processor.py:830} INFO - Processing file /home/user/rubix/internship_project/dags/empty_DAG.py for tasks to queue
[2024-06-25T11:50:27.304+0300] {logging_mixin.py:188} INFO - [2024-06-25T11:50:27.303+0300] {dagbag.py:545} INFO - Filling up the DagBag from /home/user/rubix/internship_project/dags/empty_DAG.py
[2024-06-25T11:50:27.320+0300] {processor.py:840} INFO - DAG(s) 'empty_dag' retrieved from /home/user/rubix/internship_project/dags/empty_DAG.py
[2024-06-25T11:50:27.340+0300] {logging_mixin.py:188} INFO - [2024-06-25T11:50:27.339+0300] {dag.py:3096} INFO - Sync 1 DAGs
[2024-06-25T11:50:27.367+0300] {logging_mixin.py:188} INFO - [2024-06-25T11:50:27.366+0300] {dag.py:3954} INFO - Setting next_dagrun for empty_dag to None, run_after=None
[2024-06-25T11:50:27.399+0300] {processor.py:183} INFO - Processing /home/user/rubix/internship_project/dags/empty_DAG.py took 0.110 seconds
[2024-06-25T11:50:57.560+0300] {processor.py:161} INFO - Started process (PID=12377) to work on /home/user/rubix/internship_project/dags/empty_DAG.py
[2024-06-25T11:50:57.562+0300] {processor.py:830} INFO - Processing file /home/user/rubix/internship_project/dags/empty_DAG.py for tasks to queue
[2024-06-25T11:50:57.564+0300] {logging_mixin.py:188} INFO - [2024-06-25T11:50:57.564+0300] {dagbag.py:545} INFO - Filling up the DagBag from /home/user/rubix/internship_project/dags/empty_DAG.py
[2024-06-25T11:50:57.581+0300] {processor.py:840} INFO - DAG(s) 'empty_dag' retrieved from /home/user/rubix/internship_project/dags/empty_DAG.py
[2024-06-25T11:50:57.600+0300] {logging_mixin.py:188} INFO - [2024-06-25T11:50:57.600+0300] {dag.py:3096} INFO - Sync 1 DAGs
[2024-06-25T11:50:57.621+0300] {logging_mixin.py:188} INFO - [2024-06-25T11:50:57.621+0300] {dag.py:3954} INFO - Setting next_dagrun for empty_dag to None, run_after=None
[2024-06-25T11:50:57.660+0300] {processor.py:183} INFO - Processing /home/user/rubix/internship_project/dags/empty_DAG.py took 0.112 seconds
[2024-06-25T11:51:27.871+0300] {processor.py:161} INFO - Started process (PID=12391) to work on /home/user/rubix/internship_project/dags/empty_DAG.py
[2024-06-25T11:51:27.872+0300] {processor.py:830} INFO - Processing file /home/user/rubix/internship_project/dags/empty_DAG.py for tasks to queue
[2024-06-25T11:51:27.875+0300] {logging_mixin.py:188} INFO - [2024-06-25T11:51:27.874+0300] {dagbag.py:545} INFO - Filling up the DagBag from /home/user/rubix/internship_project/dags/empty_DAG.py
[2024-06-25T11:51:27.886+0300] {processor.py:840} INFO - DAG(s) 'empty_dag' retrieved from /home/user/rubix/internship_project/dags/empty_DAG.py
[2024-06-25T11:51:27.902+0300] {logging_mixin.py:188} INFO - [2024-06-25T11:51:27.902+0300] {dag.py:3096} INFO - Sync 1 DAGs
[2024-06-25T11:51:27.920+0300] {logging_mixin.py:188} INFO - [2024-06-25T11:51:27.920+0300] {dag.py:3954} INFO - Setting next_dagrun for empty_dag to None, run_after=None
[2024-06-25T11:51:27.952+0300] {processor.py:183} INFO - Processing /home/user/rubix/internship_project/dags/empty_DAG.py took 0.089 seconds
[2024-06-25T12:25:09.249+0300] {processor.py:161} INFO - Started process (PID=4431) to work on /home/user/rubix/internship_project/dags/empty_DAG.py
[2024-06-25T12:25:09.261+0300] {processor.py:830} INFO - Processing file /home/user/rubix/internship_project/dags/empty_DAG.py for tasks to queue
[2024-06-25T12:25:09.264+0300] {logging_mixin.py:188} INFO - [2024-06-25T12:25:09.263+0300] {dagbag.py:545} INFO - Filling up the DagBag from /home/user/rubix/internship_project/dags/empty_DAG.py
[2024-06-25T12:25:09.286+0300] {processor.py:840} INFO - DAG(s) 'empty_dag' retrieved from /home/user/rubix/internship_project/dags/empty_DAG.py
[2024-06-25T12:25:09.302+0300] {logging_mixin.py:188} INFO - [2024-06-25T12:25:09.301+0300] {dag.py:3096} INFO - Sync 1 DAGs
[2024-06-25T12:25:09.330+0300] {logging_mixin.py:188} INFO - [2024-06-25T12:25:09.330+0300] {dag.py:3954} INFO - Setting next_dagrun for empty_dag to None, run_after=None
[2024-06-25T12:25:09.362+0300] {processor.py:183} INFO - Processing /home/user/rubix/internship_project/dags/empty_DAG.py took 0.123 seconds
[2024-06-25T12:25:40.274+0300] {processor.py:161} INFO - Started process (PID=4828) to work on /home/user/rubix/internship_project/dags/empty_DAG.py
[2024-06-25T12:25:40.276+0300] {processor.py:830} INFO - Processing file /home/user/rubix/internship_project/dags/empty_DAG.py for tasks to queue
[2024-06-25T12:25:40.278+0300] {logging_mixin.py:188} INFO - [2024-06-25T12:25:40.277+0300] {dagbag.py:545} INFO - Filling up the DagBag from /home/user/rubix/internship_project/dags/empty_DAG.py
[2024-06-25T12:25:40.295+0300] {processor.py:840} INFO - DAG(s) 'empty_dag' retrieved from /home/user/rubix/internship_project/dags/empty_DAG.py
[2024-06-25T12:25:40.389+0300] {logging_mixin.py:188} INFO - [2024-06-25T12:25:40.389+0300] {dag.py:3096} INFO - Sync 1 DAGs
[2024-06-25T12:25:40.402+0300] {logging_mixin.py:188} INFO - [2024-06-25T12:25:40.402+0300] {dag.py:3954} INFO - Setting next_dagrun for empty_dag to None, run_after=None
[2024-06-25T12:25:40.434+0300] {processor.py:183} INFO - Processing /home/user/rubix/internship_project/dags/empty_DAG.py took 0.168 seconds
[2024-06-25T12:26:11.505+0300] {processor.py:161} INFO - Started process (PID=5128) to work on /home/user/rubix/internship_project/dags/empty_DAG.py
[2024-06-25T12:26:11.506+0300] {processor.py:830} INFO - Processing file /home/user/rubix/internship_project/dags/empty_DAG.py for tasks to queue
[2024-06-25T12:26:11.509+0300] {logging_mixin.py:188} INFO - [2024-06-25T12:26:11.509+0300] {dagbag.py:545} INFO - Filling up the DagBag from /home/user/rubix/internship_project/dags/empty_DAG.py
[2024-06-25T12:26:11.522+0300] {processor.py:840} INFO - DAG(s) 'empty_dag' retrieved from /home/user/rubix/internship_project/dags/empty_DAG.py
[2024-06-25T12:26:11.540+0300] {logging_mixin.py:188} INFO - [2024-06-25T12:26:11.540+0300] {dag.py:3096} INFO - Sync 1 DAGs
[2024-06-25T12:26:11.560+0300] {logging_mixin.py:188} INFO - [2024-06-25T12:26:11.559+0300] {dag.py:3954} INFO - Setting next_dagrun for empty_dag to None, run_after=None
[2024-06-25T12:26:11.589+0300] {processor.py:183} INFO - Processing /home/user/rubix/internship_project/dags/empty_DAG.py took 0.093 seconds
[2024-06-25T12:26:42.318+0300] {processor.py:161} INFO - Started process (PID=5260) to work on /home/user/rubix/internship_project/dags/empty_DAG.py
[2024-06-25T12:26:42.319+0300] {processor.py:830} INFO - Processing file /home/user/rubix/internship_project/dags/empty_DAG.py for tasks to queue
[2024-06-25T12:26:42.322+0300] {logging_mixin.py:188} INFO - [2024-06-25T12:26:42.322+0300] {dagbag.py:545} INFO - Filling up the DagBag from /home/user/rubix/internship_project/dags/empty_DAG.py
[2024-06-25T12:26:42.337+0300] {processor.py:840} INFO - DAG(s) 'empty_dag' retrieved from /home/user/rubix/internship_project/dags/empty_DAG.py
[2024-06-25T12:26:42.355+0300] {logging_mixin.py:188} INFO - [2024-06-25T12:26:42.355+0300] {dag.py:3096} INFO - Sync 1 DAGs
[2024-06-25T12:26:42.373+0300] {logging_mixin.py:188} INFO - [2024-06-25T12:26:42.373+0300] {dag.py:3954} INFO - Setting next_dagrun for empty_dag to None, run_after=None
[2024-06-25T12:26:42.409+0300] {processor.py:183} INFO - Processing /home/user/rubix/internship_project/dags/empty_DAG.py took 0.102 seconds
[2024-06-25T12:27:12.728+0300] {processor.py:161} INFO - Started process (PID=5542) to work on /home/user/rubix/internship_project/dags/empty_DAG.py
[2024-06-25T12:27:12.729+0300] {processor.py:830} INFO - Processing file /home/user/rubix/internship_project/dags/empty_DAG.py for tasks to queue
[2024-06-25T12:27:12.731+0300] {logging_mixin.py:188} INFO - [2024-06-25T12:27:12.731+0300] {dagbag.py:545} INFO - Filling up the DagBag from /home/user/rubix/internship_project/dags/empty_DAG.py
[2024-06-25T12:27:12.745+0300] {processor.py:840} INFO - DAG(s) 'empty_dag' retrieved from /home/user/rubix/internship_project/dags/empty_DAG.py
[2024-06-25T12:27:12.762+0300] {logging_mixin.py:188} INFO - [2024-06-25T12:27:12.762+0300] {dag.py:3096} INFO - Sync 1 DAGs
[2024-06-25T12:27:12.781+0300] {logging_mixin.py:188} INFO - [2024-06-25T12:27:12.781+0300] {dag.py:3954} INFO - Setting next_dagrun for empty_dag to None, run_after=None
[2024-06-25T12:27:12.811+0300] {processor.py:183} INFO - Processing /home/user/rubix/internship_project/dags/empty_DAG.py took 0.092 seconds
[2024-06-25T12:27:43.124+0300] {processor.py:161} INFO - Started process (PID=5579) to work on /home/user/rubix/internship_project/dags/empty_DAG.py
[2024-06-25T12:27:43.126+0300] {processor.py:830} INFO - Processing file /home/user/rubix/internship_project/dags/empty_DAG.py for tasks to queue
[2024-06-25T12:27:43.128+0300] {logging_mixin.py:188} INFO - [2024-06-25T12:27:43.127+0300] {dagbag.py:545} INFO - Filling up the DagBag from /home/user/rubix/internship_project/dags/empty_DAG.py
[2024-06-25T12:27:43.139+0300] {processor.py:840} INFO - DAG(s) 'empty_dag' retrieved from /home/user/rubix/internship_project/dags/empty_DAG.py
[2024-06-25T12:27:43.156+0300] {logging_mixin.py:188} INFO - [2024-06-25T12:27:43.156+0300] {dag.py:3096} INFO - Sync 1 DAGs
[2024-06-25T12:27:43.171+0300] {logging_mixin.py:188} INFO - [2024-06-25T12:27:43.171+0300] {dag.py:3954} INFO - Setting next_dagrun for empty_dag to None, run_after=None
[2024-06-25T12:27:43.199+0300] {processor.py:183} INFO - Processing /home/user/rubix/internship_project/dags/empty_DAG.py took 0.083 seconds
[2024-06-25T12:28:13.551+0300] {processor.py:161} INFO - Started process (PID=5676) to work on /home/user/rubix/internship_project/dags/empty_DAG.py
[2024-06-25T12:28:13.552+0300] {processor.py:830} INFO - Processing file /home/user/rubix/internship_project/dags/empty_DAG.py for tasks to queue
[2024-06-25T12:28:13.554+0300] {logging_mixin.py:188} INFO - [2024-06-25T12:28:13.554+0300] {dagbag.py:545} INFO - Filling up the DagBag from /home/user/rubix/internship_project/dags/empty_DAG.py
[2024-06-25T12:28:13.566+0300] {processor.py:840} INFO - DAG(s) 'empty_dag' retrieved from /home/user/rubix/internship_project/dags/empty_DAG.py
[2024-06-25T12:28:13.584+0300] {logging_mixin.py:188} INFO - [2024-06-25T12:28:13.583+0300] {dag.py:3096} INFO - Sync 1 DAGs
[2024-06-25T12:28:13.601+0300] {logging_mixin.py:188} INFO - [2024-06-25T12:28:13.601+0300] {dag.py:3954} INFO - Setting next_dagrun for empty_dag to None, run_after=None
[2024-06-25T12:28:13.632+0300] {processor.py:183} INFO - Processing /home/user/rubix/internship_project/dags/empty_DAG.py took 0.089 seconds
[2024-06-25T12:28:43.988+0300] {processor.py:161} INFO - Started process (PID=5711) to work on /home/user/rubix/internship_project/dags/empty_DAG.py
[2024-06-25T12:28:43.989+0300] {processor.py:830} INFO - Processing file /home/user/rubix/internship_project/dags/empty_DAG.py for tasks to queue
[2024-06-25T12:28:43.992+0300] {logging_mixin.py:188} INFO - [2024-06-25T12:28:43.991+0300] {dagbag.py:545} INFO - Filling up the DagBag from /home/user/rubix/internship_project/dags/empty_DAG.py
[2024-06-25T12:28:44.007+0300] {processor.py:840} INFO - DAG(s) 'empty_dag' retrieved from /home/user/rubix/internship_project/dags/empty_DAG.py
[2024-06-25T12:28:44.028+0300] {logging_mixin.py:188} INFO - [2024-06-25T12:28:44.027+0300] {dag.py:3096} INFO - Sync 1 DAGs
[2024-06-25T12:28:44.054+0300] {logging_mixin.py:188} INFO - [2024-06-25T12:28:44.054+0300] {dag.py:3954} INFO - Setting next_dagrun for empty_dag to None, run_after=None
[2024-06-25T12:28:44.099+0300] {processor.py:183} INFO - Processing /home/user/rubix/internship_project/dags/empty_DAG.py took 0.123 seconds
[2024-06-25T12:29:14.596+0300] {processor.py:161} INFO - Started process (PID=5926) to work on /home/user/rubix/internship_project/dags/empty_DAG.py
[2024-06-25T12:29:14.597+0300] {processor.py:830} INFO - Processing file /home/user/rubix/internship_project/dags/empty_DAG.py for tasks to queue
[2024-06-25T12:29:14.600+0300] {logging_mixin.py:188} INFO - [2024-06-25T12:29:14.599+0300] {dagbag.py:545} INFO - Filling up the DagBag from /home/user/rubix/internship_project/dags/empty_DAG.py
[2024-06-25T12:29:14.615+0300] {processor.py:840} INFO - DAG(s) 'empty_dag' retrieved from /home/user/rubix/internship_project/dags/empty_DAG.py
[2024-06-25T12:29:14.633+0300] {logging_mixin.py:188} INFO - [2024-06-25T12:29:14.633+0300] {dag.py:3096} INFO - Sync 1 DAGs
[2024-06-25T12:29:14.651+0300] {logging_mixin.py:188} INFO - [2024-06-25T12:29:14.651+0300] {dag.py:3954} INFO - Setting next_dagrun for empty_dag to None, run_after=None
[2024-06-25T12:29:14.681+0300] {processor.py:183} INFO - Processing /home/user/rubix/internship_project/dags/empty_DAG.py took 0.098 seconds
[2024-06-25T12:29:45.155+0300] {processor.py:161} INFO - Started process (PID=6370) to work on /home/user/rubix/internship_project/dags/empty_DAG.py
[2024-06-25T12:29:45.156+0300] {processor.py:830} INFO - Processing file /home/user/rubix/internship_project/dags/empty_DAG.py for tasks to queue
[2024-06-25T12:29:45.159+0300] {logging_mixin.py:188} INFO - [2024-06-25T12:29:45.158+0300] {dagbag.py:545} INFO - Filling up the DagBag from /home/user/rubix/internship_project/dags/empty_DAG.py
[2024-06-25T12:29:45.171+0300] {processor.py:840} INFO - DAG(s) 'empty_dag' retrieved from /home/user/rubix/internship_project/dags/empty_DAG.py
[2024-06-25T12:29:45.188+0300] {logging_mixin.py:188} INFO - [2024-06-25T12:29:45.188+0300] {dag.py:3096} INFO - Sync 1 DAGs
[2024-06-25T12:29:45.205+0300] {logging_mixin.py:188} INFO - [2024-06-25T12:29:45.205+0300] {dag.py:3954} INFO - Setting next_dagrun for empty_dag to None, run_after=None
[2024-06-25T12:29:45.236+0300] {processor.py:183} INFO - Processing /home/user/rubix/internship_project/dags/empty_DAG.py took 0.090 seconds
[2024-06-25T12:30:15.615+0300] {processor.py:161} INFO - Started process (PID=6562) to work on /home/user/rubix/internship_project/dags/empty_DAG.py
[2024-06-25T12:30:15.616+0300] {processor.py:830} INFO - Processing file /home/user/rubix/internship_project/dags/empty_DAG.py for tasks to queue
[2024-06-25T12:30:15.619+0300] {logging_mixin.py:188} INFO - [2024-06-25T12:30:15.618+0300] {dagbag.py:545} INFO - Filling up the DagBag from /home/user/rubix/internship_project/dags/empty_DAG.py
[2024-06-25T12:30:15.634+0300] {processor.py:840} INFO - DAG(s) 'empty_dag' retrieved from /home/user/rubix/internship_project/dags/empty_DAG.py
[2024-06-25T12:30:15.652+0300] {logging_mixin.py:188} INFO - [2024-06-25T12:30:15.652+0300] {dag.py:3096} INFO - Sync 1 DAGs
[2024-06-25T12:30:15.670+0300] {logging_mixin.py:188} INFO - [2024-06-25T12:30:15.670+0300] {dag.py:3954} INFO - Setting next_dagrun for empty_dag to None, run_after=None
[2024-06-25T12:30:15.702+0300] {processor.py:183} INFO - Processing /home/user/rubix/internship_project/dags/empty_DAG.py took 0.099 seconds
[2024-06-25T12:30:46.192+0300] {processor.py:161} INFO - Started process (PID=6632) to work on /home/user/rubix/internship_project/dags/empty_DAG.py
[2024-06-25T12:30:46.193+0300] {processor.py:830} INFO - Processing file /home/user/rubix/internship_project/dags/empty_DAG.py for tasks to queue
[2024-06-25T12:30:46.195+0300] {logging_mixin.py:188} INFO - [2024-06-25T12:30:46.195+0300] {dagbag.py:545} INFO - Filling up the DagBag from /home/user/rubix/internship_project/dags/empty_DAG.py
[2024-06-25T12:30:46.206+0300] {processor.py:840} INFO - DAG(s) 'empty_dag' retrieved from /home/user/rubix/internship_project/dags/empty_DAG.py
[2024-06-25T12:30:46.222+0300] {logging_mixin.py:188} INFO - [2024-06-25T12:30:46.222+0300] {dag.py:3096} INFO - Sync 1 DAGs
[2024-06-25T12:30:46.237+0300] {logging_mixin.py:188} INFO - [2024-06-25T12:30:46.236+0300] {dag.py:3954} INFO - Setting next_dagrun for empty_dag to None, run_after=None
[2024-06-25T12:30:46.266+0300] {processor.py:183} INFO - Processing /home/user/rubix/internship_project/dags/empty_DAG.py took 0.082 seconds
[2024-06-25T12:31:16.590+0300] {processor.py:161} INFO - Started process (PID=6727) to work on /home/user/rubix/internship_project/dags/empty_DAG.py
[2024-06-25T12:31:16.591+0300] {processor.py:830} INFO - Processing file /home/user/rubix/internship_project/dags/empty_DAG.py for tasks to queue
[2024-06-25T12:31:16.593+0300] {logging_mixin.py:188} INFO - [2024-06-25T12:31:16.593+0300] {dagbag.py:545} INFO - Filling up the DagBag from /home/user/rubix/internship_project/dags/empty_DAG.py
[2024-06-25T12:31:16.606+0300] {processor.py:840} INFO - DAG(s) 'empty_dag' retrieved from /home/user/rubix/internship_project/dags/empty_DAG.py
[2024-06-25T12:31:16.626+0300] {logging_mixin.py:188} INFO - [2024-06-25T12:31:16.625+0300] {dag.py:3096} INFO - Sync 1 DAGs
[2024-06-25T12:31:16.657+0300] {logging_mixin.py:188} INFO - [2024-06-25T12:31:16.657+0300] {dag.py:3954} INFO - Setting next_dagrun for empty_dag to None, run_after=None
[2024-06-25T12:31:16.698+0300] {processor.py:183} INFO - Processing /home/user/rubix/internship_project/dags/empty_DAG.py took 0.118 seconds
[2024-06-25T12:31:47.308+0300] {processor.py:161} INFO - Started process (PID=6765) to work on /home/user/rubix/internship_project/dags/empty_DAG.py
[2024-06-25T12:31:47.309+0300] {processor.py:830} INFO - Processing file /home/user/rubix/internship_project/dags/empty_DAG.py for tasks to queue
[2024-06-25T12:31:47.312+0300] {logging_mixin.py:188} INFO - [2024-06-25T12:31:47.311+0300] {dagbag.py:545} INFO - Filling up the DagBag from /home/user/rubix/internship_project/dags/empty_DAG.py
[2024-06-25T12:31:47.323+0300] {processor.py:840} INFO - DAG(s) 'empty_dag' retrieved from /home/user/rubix/internship_project/dags/empty_DAG.py
[2024-06-25T12:31:47.340+0300] {logging_mixin.py:188} INFO - [2024-06-25T12:31:47.340+0300] {dag.py:3096} INFO - Sync 1 DAGs
[2024-06-25T12:31:47.357+0300] {logging_mixin.py:188} INFO - [2024-06-25T12:31:47.356+0300] {dag.py:3954} INFO - Setting next_dagrun for empty_dag to None, run_after=None
[2024-06-25T12:31:47.389+0300] {processor.py:183} INFO - Processing /home/user/rubix/internship_project/dags/empty_DAG.py took 0.090 seconds
[2024-06-25T12:32:17.835+0300] {processor.py:161} INFO - Started process (PID=6863) to work on /home/user/rubix/internship_project/dags/empty_DAG.py
[2024-06-25T12:32:17.836+0300] {processor.py:830} INFO - Processing file /home/user/rubix/internship_project/dags/empty_DAG.py for tasks to queue
[2024-06-25T12:32:17.838+0300] {logging_mixin.py:188} INFO - [2024-06-25T12:32:17.837+0300] {dagbag.py:545} INFO - Filling up the DagBag from /home/user/rubix/internship_project/dags/empty_DAG.py
[2024-06-25T12:32:17.852+0300] {processor.py:840} INFO - DAG(s) 'empty_dag' retrieved from /home/user/rubix/internship_project/dags/empty_DAG.py
[2024-06-25T12:32:17.871+0300] {logging_mixin.py:188} INFO - [2024-06-25T12:32:17.870+0300] {dag.py:3096} INFO - Sync 1 DAGs
[2024-06-25T12:32:17.888+0300] {logging_mixin.py:188} INFO - [2024-06-25T12:32:17.888+0300] {dag.py:3954} INFO - Setting next_dagrun for empty_dag to None, run_after=None
[2024-06-25T12:32:17.920+0300] {processor.py:183} INFO - Processing /home/user/rubix/internship_project/dags/empty_DAG.py took 0.094 seconds
[2024-06-25T12:32:48.355+0300] {processor.py:161} INFO - Started process (PID=6895) to work on /home/user/rubix/internship_project/dags/empty_DAG.py
[2024-06-25T12:32:48.356+0300] {processor.py:830} INFO - Processing file /home/user/rubix/internship_project/dags/empty_DAG.py for tasks to queue
[2024-06-25T12:32:48.360+0300] {logging_mixin.py:188} INFO - [2024-06-25T12:32:48.360+0300] {dagbag.py:545} INFO - Filling up the DagBag from /home/user/rubix/internship_project/dags/empty_DAG.py
[2024-06-25T12:32:48.372+0300] {processor.py:840} INFO - DAG(s) 'empty_dag' retrieved from /home/user/rubix/internship_project/dags/empty_DAG.py
[2024-06-25T12:32:48.390+0300] {logging_mixin.py:188} INFO - [2024-06-25T12:32:48.390+0300] {dag.py:3096} INFO - Sync 1 DAGs
[2024-06-25T12:32:48.409+0300] {logging_mixin.py:188} INFO - [2024-06-25T12:32:48.409+0300] {dag.py:3954} INFO - Setting next_dagrun for empty_dag to None, run_after=None
[2024-06-25T12:32:48.439+0300] {processor.py:183} INFO - Processing /home/user/rubix/internship_project/dags/empty_DAG.py took 0.093 seconds
[2024-06-25T12:33:18.922+0300] {processor.py:161} INFO - Started process (PID=6992) to work on /home/user/rubix/internship_project/dags/empty_DAG.py
[2024-06-25T12:33:18.923+0300] {processor.py:830} INFO - Processing file /home/user/rubix/internship_project/dags/empty_DAG.py for tasks to queue
[2024-06-25T12:33:18.925+0300] {logging_mixin.py:188} INFO - [2024-06-25T12:33:18.925+0300] {dagbag.py:545} INFO - Filling up the DagBag from /home/user/rubix/internship_project/dags/empty_DAG.py
[2024-06-25T12:33:18.938+0300] {processor.py:840} INFO - DAG(s) 'empty_dag' retrieved from /home/user/rubix/internship_project/dags/empty_DAG.py
[2024-06-25T12:33:18.958+0300] {logging_mixin.py:188} INFO - [2024-06-25T12:33:18.958+0300] {dag.py:3096} INFO - Sync 1 DAGs
[2024-06-25T12:33:18.973+0300] {logging_mixin.py:188} INFO - [2024-06-25T12:33:18.973+0300] {dag.py:3954} INFO - Setting next_dagrun for empty_dag to None, run_after=None
[2024-06-25T12:33:19.001+0300] {processor.py:183} INFO - Processing /home/user/rubix/internship_project/dags/empty_DAG.py took 0.088 seconds
