[2024-06-25T13:26:33.014+0300] {processor.py:161} INFO - Started process (PID=19929) to work on /home/user/rubix/internship_project/dags/Fetch_ingest_DAG.py
[2024-06-25T13:26:33.016+0300] {processor.py:830} INFO - Processing file /home/user/rubix/internship_project/dags/Fetch_ingest_DAG.py for tasks to queue
[2024-06-25T13:26:33.020+0300] {logging_mixin.py:188} INFO - [2024-06-25T13:26:33.019+0300] {dagbag.py:545} INFO - Filling up the DagBag from /home/user/rubix/internship_project/dags/Fetch_ingest_DAG.py
[2024-06-25T13:26:33.518+0300] {processor.py:840} INFO - DAG(s) 'weather_data_pipeline' retrieved from /home/user/rubix/internship_project/dags/Fetch_ingest_DAG.py
[2024-06-25T13:26:33.527+0300] {logging_mixin.py:188} INFO - [2024-06-25T13:26:33.526+0300] {dag.py:3096} INFO - Sync 1 DAGs
[2024-06-25T13:26:33.548+0300] {logging_mixin.py:188} INFO - [2024-06-25T13:26:33.548+0300] {dag.py:3954} INFO - Setting next_dagrun for weather_data_pipeline to 2024-06-25 00:00:00+00:00, run_after=2024-06-26 00:00:00+00:00
[2024-06-25T13:26:33.577+0300] {processor.py:183} INFO - Processing /home/user/rubix/internship_project/dags/Fetch_ingest_DAG.py took 0.576 seconds
[2024-06-25T14:09:30.379+0300] {processor.py:161} INFO - Started process (PID=9806) to work on /home/user/rubix/internship_project/dags/Fetch_ingest_DAG.py
[2024-06-25T14:09:30.380+0300] {processor.py:830} INFO - Processing file /home/user/rubix/internship_project/dags/Fetch_ingest_DAG.py for tasks to queue
[2024-06-25T14:09:30.383+0300] {logging_mixin.py:188} INFO - [2024-06-25T14:09:30.382+0300] {dagbag.py:545} INFO - Filling up the DagBag from /home/user/rubix/internship_project/dags/Fetch_ingest_DAG.py
[2024-06-25T14:09:30.816+0300] {processor.py:840} INFO - DAG(s) 'weather_data_pipeline' retrieved from /home/user/rubix/internship_project/dags/Fetch_ingest_DAG.py
[2024-06-25T14:09:30.904+0300] {logging_mixin.py:188} INFO - [2024-06-25T14:09:30.903+0300] {dag.py:3096} INFO - Sync 1 DAGs
[2024-06-25T14:09:30.921+0300] {logging_mixin.py:188} INFO - [2024-06-25T14:09:30.921+0300] {dag.py:3954} INFO - Setting next_dagrun for weather_data_pipeline to 2024-06-25 00:00:00+00:00, run_after=2024-06-26 00:00:00+00:00
[2024-06-25T14:09:30.955+0300] {processor.py:183} INFO - Processing /home/user/rubix/internship_project/dags/Fetch_ingest_DAG.py took 0.587 seconds
[2024-06-25T14:10:09.099+0300] {processor.py:161} INFO - Started process (PID=10191) to work on /home/user/rubix/internship_project/dags/Fetch_ingest_DAG.py
[2024-06-25T14:10:09.100+0300] {processor.py:830} INFO - Processing file /home/user/rubix/internship_project/dags/Fetch_ingest_DAG.py for tasks to queue
[2024-06-25T14:10:09.102+0300] {logging_mixin.py:188} INFO - [2024-06-25T14:10:09.102+0300] {dagbag.py:545} INFO - Filling up the DagBag from /home/user/rubix/internship_project/dags/Fetch_ingest_DAG.py
[2024-06-25T14:10:10.039+0300] {processor.py:840} INFO - DAG(s) 'weather_data_pipeline' retrieved from /home/user/rubix/internship_project/dags/Fetch_ingest_DAG.py
[2024-06-25T14:10:10.072+0300] {logging_mixin.py:188} INFO - [2024-06-25T14:10:10.072+0300] {dag.py:3096} INFO - Sync 1 DAGs
[2024-06-25T14:10:10.103+0300] {logging_mixin.py:188} INFO - [2024-06-25T14:10:10.103+0300] {dag.py:3954} INFO - Setting next_dagrun for weather_data_pipeline to 2024-06-25 00:00:00+00:00, run_after=2024-06-26 00:00:00+00:00
[2024-06-25T14:10:10.140+0300] {processor.py:183} INFO - Processing /home/user/rubix/internship_project/dags/Fetch_ingest_DAG.py took 1.053 seconds
[2024-06-25T14:10:40.683+0300] {processor.py:161} INFO - Started process (PID=10274) to work on /home/user/rubix/internship_project/dags/Fetch_ingest_DAG.py
[2024-06-25T14:10:40.684+0300] {processor.py:830} INFO - Processing file /home/user/rubix/internship_project/dags/Fetch_ingest_DAG.py for tasks to queue
[2024-06-25T14:10:40.686+0300] {logging_mixin.py:188} INFO - [2024-06-25T14:10:40.686+0300] {dagbag.py:545} INFO - Filling up the DagBag from /home/user/rubix/internship_project/dags/Fetch_ingest_DAG.py
[2024-06-25T14:10:41.087+0300] {processor.py:840} INFO - DAG(s) 'weather_data_pipeline' retrieved from /home/user/rubix/internship_project/dags/Fetch_ingest_DAG.py
[2024-06-25T14:10:41.102+0300] {logging_mixin.py:188} INFO - [2024-06-25T14:10:41.102+0300] {dag.py:3096} INFO - Sync 1 DAGs
[2024-06-25T14:10:41.116+0300] {logging_mixin.py:188} INFO - [2024-06-25T14:10:41.115+0300] {dag.py:3954} INFO - Setting next_dagrun for weather_data_pipeline to 2024-06-25 00:00:00+00:00, run_after=2024-06-26 00:00:00+00:00
[2024-06-25T14:10:41.142+0300] {processor.py:183} INFO - Processing /home/user/rubix/internship_project/dags/Fetch_ingest_DAG.py took 0.467 seconds
[2024-06-25T14:11:11.674+0300] {processor.py:161} INFO - Started process (PID=10328) to work on /home/user/rubix/internship_project/dags/Fetch_ingest_DAG.py
[2024-06-25T14:11:11.678+0300] {processor.py:830} INFO - Processing file /home/user/rubix/internship_project/dags/Fetch_ingest_DAG.py for tasks to queue
[2024-06-25T14:11:11.680+0300] {logging_mixin.py:188} INFO - [2024-06-25T14:11:11.680+0300] {dagbag.py:545} INFO - Filling up the DagBag from /home/user/rubix/internship_project/dags/Fetch_ingest_DAG.py
[2024-06-25T14:11:12.173+0300] {processor.py:840} INFO - DAG(s) 'weather_data_pipeline' retrieved from /home/user/rubix/internship_project/dags/Fetch_ingest_DAG.py
[2024-06-25T14:11:12.191+0300] {logging_mixin.py:188} INFO - [2024-06-25T14:11:12.191+0300] {dag.py:3096} INFO - Sync 1 DAGs
[2024-06-25T14:11:12.207+0300] {logging_mixin.py:188} INFO - [2024-06-25T14:11:12.206+0300] {dag.py:3954} INFO - Setting next_dagrun for weather_data_pipeline to 2024-06-25 00:00:00+00:00, run_after=2024-06-26 00:00:00+00:00
[2024-06-25T14:11:12.236+0300] {processor.py:183} INFO - Processing /home/user/rubix/internship_project/dags/Fetch_ingest_DAG.py took 0.570 seconds
[2024-06-25T14:11:35.253+0300] {processor.py:161} INFO - Started process (PID=10509) to work on /home/user/rubix/internship_project/dags/Fetch_ingest_DAG.py
[2024-06-25T14:11:35.254+0300] {processor.py:830} INFO - Processing file /home/user/rubix/internship_project/dags/Fetch_ingest_DAG.py for tasks to queue
[2024-06-25T14:11:35.260+0300] {logging_mixin.py:188} INFO - [2024-06-25T14:11:35.257+0300] {dagbag.py:545} INFO - Filling up the DagBag from /home/user/rubix/internship_project/dags/Fetch_ingest_DAG.py
[2024-06-25T14:11:36.020+0300] {processor.py:840} INFO - DAG(s) 'weather_data_pipeline' retrieved from /home/user/rubix/internship_project/dags/Fetch_ingest_DAG.py
[2024-06-25T14:11:36.031+0300] {logging_mixin.py:188} INFO - [2024-06-25T14:11:36.030+0300] {dag.py:3096} INFO - Sync 1 DAGs
[2024-06-25T14:11:36.048+0300] {logging_mixin.py:188} INFO - [2024-06-25T14:11:36.048+0300] {dag.py:3954} INFO - Setting next_dagrun for weather_data_pipeline to 2024-06-25 00:00:00+00:00, run_after=2024-06-26 00:00:00+00:00
[2024-06-25T14:11:36.085+0300] {processor.py:183} INFO - Processing /home/user/rubix/internship_project/dags/Fetch_ingest_DAG.py took 0.847 seconds
[2024-06-25T14:12:06.670+0300] {processor.py:161} INFO - Started process (PID=10793) to work on /home/user/rubix/internship_project/dags/Fetch_ingest_DAG.py
[2024-06-25T14:12:06.671+0300] {processor.py:830} INFO - Processing file /home/user/rubix/internship_project/dags/Fetch_ingest_DAG.py for tasks to queue
[2024-06-25T14:12:06.673+0300] {logging_mixin.py:188} INFO - [2024-06-25T14:12:06.672+0300] {dagbag.py:545} INFO - Filling up the DagBag from /home/user/rubix/internship_project/dags/Fetch_ingest_DAG.py
[2024-06-25T14:12:07.225+0300] {processor.py:840} INFO - DAG(s) 'weather_data_pipeline' retrieved from /home/user/rubix/internship_project/dags/Fetch_ingest_DAG.py
[2024-06-25T14:12:07.321+0300] {logging_mixin.py:188} INFO - [2024-06-25T14:12:07.321+0300] {dag.py:3096} INFO - Sync 1 DAGs
[2024-06-25T14:12:07.334+0300] {logging_mixin.py:188} INFO - [2024-06-25T14:12:07.334+0300] {dag.py:3954} INFO - Setting next_dagrun for weather_data_pipeline to 2024-06-25 00:00:00+00:00, run_after=2024-06-26 00:00:00+00:00
[2024-06-25T14:12:07.365+0300] {processor.py:183} INFO - Processing /home/user/rubix/internship_project/dags/Fetch_ingest_DAG.py took 0.704 seconds
[2024-06-25T14:12:38.537+0300] {processor.py:161} INFO - Started process (PID=10969) to work on /home/user/rubix/internship_project/dags/Fetch_ingest_DAG.py
[2024-06-25T14:12:38.538+0300] {processor.py:830} INFO - Processing file /home/user/rubix/internship_project/dags/Fetch_ingest_DAG.py for tasks to queue
[2024-06-25T14:12:38.540+0300] {logging_mixin.py:188} INFO - [2024-06-25T14:12:38.539+0300] {dagbag.py:545} INFO - Filling up the DagBag from /home/user/rubix/internship_project/dags/Fetch_ingest_DAG.py
[2024-06-25T14:12:39.007+0300] {processor.py:840} INFO - DAG(s) 'weather_data_pipeline' retrieved from /home/user/rubix/internship_project/dags/Fetch_ingest_DAG.py
[2024-06-25T14:12:39.028+0300] {logging_mixin.py:188} INFO - [2024-06-25T14:12:39.027+0300] {dag.py:3096} INFO - Sync 1 DAGs
[2024-06-25T14:12:39.040+0300] {logging_mixin.py:188} INFO - [2024-06-25T14:12:39.040+0300] {dag.py:3954} INFO - Setting next_dagrun for weather_data_pipeline to 2024-06-25 00:00:00+00:00, run_after=2024-06-26 00:00:00+00:00
[2024-06-25T14:12:39.071+0300] {processor.py:183} INFO - Processing /home/user/rubix/internship_project/dags/Fetch_ingest_DAG.py took 0.542 seconds
[2024-06-25T14:13:09.564+0300] {processor.py:161} INFO - Started process (PID=11260) to work on /home/user/rubix/internship_project/dags/Fetch_ingest_DAG.py
[2024-06-25T14:13:09.565+0300] {processor.py:830} INFO - Processing file /home/user/rubix/internship_project/dags/Fetch_ingest_DAG.py for tasks to queue
[2024-06-25T14:13:09.568+0300] {logging_mixin.py:188} INFO - [2024-06-25T14:13:09.568+0300] {dagbag.py:545} INFO - Filling up the DagBag from /home/user/rubix/internship_project/dags/Fetch_ingest_DAG.py
[2024-06-25T14:13:09.994+0300] {processor.py:840} INFO - DAG(s) 'weather_data_pipeline' retrieved from /home/user/rubix/internship_project/dags/Fetch_ingest_DAG.py
[2024-06-25T14:13:10.010+0300] {logging_mixin.py:188} INFO - [2024-06-25T14:13:10.010+0300] {dag.py:3096} INFO - Sync 1 DAGs
[2024-06-25T14:13:10.021+0300] {logging_mixin.py:188} INFO - [2024-06-25T14:13:10.021+0300] {dag.py:3954} INFO - Setting next_dagrun for weather_data_pipeline to 2024-06-25 00:00:00+00:00, run_after=2024-06-26 00:00:00+00:00
[2024-06-25T14:13:10.048+0300] {processor.py:183} INFO - Processing /home/user/rubix/internship_project/dags/Fetch_ingest_DAG.py took 0.495 seconds
[2024-06-25T14:13:40.423+0300] {processor.py:161} INFO - Started process (PID=11374) to work on /home/user/rubix/internship_project/dags/Fetch_ingest_DAG.py
[2024-06-25T14:13:40.425+0300] {processor.py:830} INFO - Processing file /home/user/rubix/internship_project/dags/Fetch_ingest_DAG.py for tasks to queue
[2024-06-25T14:13:40.427+0300] {logging_mixin.py:188} INFO - [2024-06-25T14:13:40.426+0300] {dagbag.py:545} INFO - Filling up the DagBag from /home/user/rubix/internship_project/dags/Fetch_ingest_DAG.py
[2024-06-25T14:13:40.842+0300] {processor.py:840} INFO - DAG(s) 'weather_data_pipeline' retrieved from /home/user/rubix/internship_project/dags/Fetch_ingest_DAG.py
[2024-06-25T14:13:40.857+0300] {logging_mixin.py:188} INFO - [2024-06-25T14:13:40.857+0300] {dag.py:3096} INFO - Sync 1 DAGs
[2024-06-25T14:13:40.870+0300] {logging_mixin.py:188} INFO - [2024-06-25T14:13:40.869+0300] {dag.py:3954} INFO - Setting next_dagrun for weather_data_pipeline to 2024-06-25 00:00:00+00:00, run_after=2024-06-26 00:00:00+00:00
[2024-06-25T14:13:40.896+0300] {processor.py:183} INFO - Processing /home/user/rubix/internship_project/dags/Fetch_ingest_DAG.py took 0.481 seconds
[2024-06-25T14:14:11.325+0300] {processor.py:161} INFO - Started process (PID=11425) to work on /home/user/rubix/internship_project/dags/Fetch_ingest_DAG.py
[2024-06-25T14:14:11.326+0300] {processor.py:830} INFO - Processing file /home/user/rubix/internship_project/dags/Fetch_ingest_DAG.py for tasks to queue
[2024-06-25T14:14:11.328+0300] {logging_mixin.py:188} INFO - [2024-06-25T14:14:11.328+0300] {dagbag.py:545} INFO - Filling up the DagBag from /home/user/rubix/internship_project/dags/Fetch_ingest_DAG.py
[2024-06-25T14:14:11.737+0300] {processor.py:840} INFO - DAG(s) 'weather_data_pipeline' retrieved from /home/user/rubix/internship_project/dags/Fetch_ingest_DAG.py
[2024-06-25T14:14:11.756+0300] {logging_mixin.py:188} INFO - [2024-06-25T14:14:11.755+0300] {dag.py:3096} INFO - Sync 1 DAGs
[2024-06-25T14:14:11.771+0300] {logging_mixin.py:188} INFO - [2024-06-25T14:14:11.771+0300] {dag.py:3954} INFO - Setting next_dagrun for weather_data_pipeline to 2024-06-25 00:00:00+00:00, run_after=2024-06-26 00:00:00+00:00
[2024-06-25T14:14:11.802+0300] {processor.py:183} INFO - Processing /home/user/rubix/internship_project/dags/Fetch_ingest_DAG.py took 0.486 seconds
[2024-06-25T14:14:42.164+0300] {processor.py:161} INFO - Started process (PID=11539) to work on /home/user/rubix/internship_project/dags/Fetch_ingest_DAG.py
[2024-06-25T14:14:42.165+0300] {processor.py:830} INFO - Processing file /home/user/rubix/internship_project/dags/Fetch_ingest_DAG.py for tasks to queue
[2024-06-25T14:14:42.167+0300] {logging_mixin.py:188} INFO - [2024-06-25T14:14:42.166+0300] {dagbag.py:545} INFO - Filling up the DagBag from /home/user/rubix/internship_project/dags/Fetch_ingest_DAG.py
[2024-06-25T14:14:42.577+0300] {processor.py:840} INFO - DAG(s) 'weather_data_pipeline' retrieved from /home/user/rubix/internship_project/dags/Fetch_ingest_DAG.py
[2024-06-25T14:14:42.593+0300] {logging_mixin.py:188} INFO - [2024-06-25T14:14:42.593+0300] {dag.py:3096} INFO - Sync 1 DAGs
[2024-06-25T14:14:42.607+0300] {logging_mixin.py:188} INFO - [2024-06-25T14:14:42.606+0300] {dag.py:3954} INFO - Setting next_dagrun for weather_data_pipeline to 2024-06-25 00:00:00+00:00, run_after=2024-06-26 00:00:00+00:00
[2024-06-25T14:14:42.638+0300] {processor.py:183} INFO - Processing /home/user/rubix/internship_project/dags/Fetch_ingest_DAG.py took 0.482 seconds
[2024-06-25T14:15:13.027+0300] {processor.py:161} INFO - Started process (PID=11714) to work on /home/user/rubix/internship_project/dags/Fetch_ingest_DAG.py
[2024-06-25T14:15:13.028+0300] {processor.py:830} INFO - Processing file /home/user/rubix/internship_project/dags/Fetch_ingest_DAG.py for tasks to queue
[2024-06-25T14:15:13.030+0300] {logging_mixin.py:188} INFO - [2024-06-25T14:15:13.030+0300] {dagbag.py:545} INFO - Filling up the DagBag from /home/user/rubix/internship_project/dags/Fetch_ingest_DAG.py
[2024-06-25T14:15:13.433+0300] {processor.py:840} INFO - DAG(s) 'weather_data_pipeline' retrieved from /home/user/rubix/internship_project/dags/Fetch_ingest_DAG.py
[2024-06-25T14:15:13.450+0300] {logging_mixin.py:188} INFO - [2024-06-25T14:15:13.450+0300] {dag.py:3096} INFO - Sync 1 DAGs
[2024-06-25T14:15:13.462+0300] {logging_mixin.py:188} INFO - [2024-06-25T14:15:13.462+0300] {dag.py:3954} INFO - Setting next_dagrun for weather_data_pipeline to 2024-06-25 00:00:00+00:00, run_after=2024-06-26 00:00:00+00:00
[2024-06-25T14:15:13.489+0300] {processor.py:183} INFO - Processing /home/user/rubix/internship_project/dags/Fetch_ingest_DAG.py took 0.470 seconds
[2024-06-25T14:15:43.823+0300] {processor.py:161} INFO - Started process (PID=11825) to work on /home/user/rubix/internship_project/dags/Fetch_ingest_DAG.py
[2024-06-25T14:15:43.824+0300] {processor.py:830} INFO - Processing file /home/user/rubix/internship_project/dags/Fetch_ingest_DAG.py for tasks to queue
[2024-06-25T14:15:43.826+0300] {logging_mixin.py:188} INFO - [2024-06-25T14:15:43.826+0300] {dagbag.py:545} INFO - Filling up the DagBag from /home/user/rubix/internship_project/dags/Fetch_ingest_DAG.py
[2024-06-25T14:15:44.239+0300] {processor.py:840} INFO - DAG(s) 'weather_data_pipeline' retrieved from /home/user/rubix/internship_project/dags/Fetch_ingest_DAG.py
[2024-06-25T14:15:44.255+0300] {logging_mixin.py:188} INFO - [2024-06-25T14:15:44.255+0300] {dag.py:3096} INFO - Sync 1 DAGs
[2024-06-25T14:15:44.269+0300] {logging_mixin.py:188} INFO - [2024-06-25T14:15:44.268+0300] {dag.py:3954} INFO - Setting next_dagrun for weather_data_pipeline to 2024-06-25 00:00:00+00:00, run_after=2024-06-26 00:00:00+00:00
[2024-06-25T14:15:44.296+0300] {processor.py:183} INFO - Processing /home/user/rubix/internship_project/dags/Fetch_ingest_DAG.py took 0.481 seconds
[2024-06-25T14:16:14.506+0300] {processor.py:161} INFO - Started process (PID=11879) to work on /home/user/rubix/internship_project/dags/Fetch_ingest_DAG.py
[2024-06-25T14:16:14.508+0300] {processor.py:830} INFO - Processing file /home/user/rubix/internship_project/dags/Fetch_ingest_DAG.py for tasks to queue
[2024-06-25T14:16:14.509+0300] {logging_mixin.py:188} INFO - [2024-06-25T14:16:14.509+0300] {dagbag.py:545} INFO - Filling up the DagBag from /home/user/rubix/internship_project/dags/Fetch_ingest_DAG.py
[2024-06-25T14:16:14.909+0300] {processor.py:840} INFO - DAG(s) 'weather_data_pipeline' retrieved from /home/user/rubix/internship_project/dags/Fetch_ingest_DAG.py
[2024-06-25T14:16:14.925+0300] {logging_mixin.py:188} INFO - [2024-06-25T14:16:14.924+0300] {dag.py:3096} INFO - Sync 1 DAGs
[2024-06-25T14:16:14.937+0300] {logging_mixin.py:188} INFO - [2024-06-25T14:16:14.936+0300] {dag.py:3954} INFO - Setting next_dagrun for weather_data_pipeline to 2024-06-25 00:00:00+00:00, run_after=2024-06-26 00:00:00+00:00
[2024-06-25T14:16:14.963+0300] {processor.py:183} INFO - Processing /home/user/rubix/internship_project/dags/Fetch_ingest_DAG.py took 0.464 seconds
[2024-06-25T14:16:45.163+0300] {processor.py:161} INFO - Started process (PID=12050) to work on /home/user/rubix/internship_project/dags/Fetch_ingest_DAG.py
[2024-06-25T14:16:45.165+0300] {processor.py:830} INFO - Processing file /home/user/rubix/internship_project/dags/Fetch_ingest_DAG.py for tasks to queue
[2024-06-25T14:16:45.166+0300] {logging_mixin.py:188} INFO - [2024-06-25T14:16:45.166+0300] {dagbag.py:545} INFO - Filling up the DagBag from /home/user/rubix/internship_project/dags/Fetch_ingest_DAG.py
[2024-06-25T14:16:45.645+0300] {processor.py:840} INFO - DAG(s) 'weather_data_pipeline' retrieved from /home/user/rubix/internship_project/dags/Fetch_ingest_DAG.py
[2024-06-25T14:16:45.661+0300] {logging_mixin.py:188} INFO - [2024-06-25T14:16:45.661+0300] {dag.py:3096} INFO - Sync 1 DAGs
[2024-06-25T14:16:45.673+0300] {logging_mixin.py:188} INFO - [2024-06-25T14:16:45.673+0300] {dag.py:3954} INFO - Setting next_dagrun for weather_data_pipeline to 2024-06-25 00:00:00+00:00, run_after=2024-06-26 00:00:00+00:00
[2024-06-25T14:16:45.703+0300] {processor.py:183} INFO - Processing /home/user/rubix/internship_project/dags/Fetch_ingest_DAG.py took 0.548 seconds
[2024-06-25T14:17:15.925+0300] {processor.py:161} INFO - Started process (PID=12104) to work on /home/user/rubix/internship_project/dags/Fetch_ingest_DAG.py
[2024-06-25T14:17:15.927+0300] {processor.py:830} INFO - Processing file /home/user/rubix/internship_project/dags/Fetch_ingest_DAG.py for tasks to queue
[2024-06-25T14:17:15.929+0300] {logging_mixin.py:188} INFO - [2024-06-25T14:17:15.929+0300] {dagbag.py:545} INFO - Filling up the DagBag from /home/user/rubix/internship_project/dags/Fetch_ingest_DAG.py
[2024-06-25T14:17:16.347+0300] {processor.py:840} INFO - DAG(s) 'weather_data_pipeline' retrieved from /home/user/rubix/internship_project/dags/Fetch_ingest_DAG.py
[2024-06-25T14:17:16.362+0300] {logging_mixin.py:188} INFO - [2024-06-25T14:17:16.362+0300] {dag.py:3096} INFO - Sync 1 DAGs
[2024-06-25T14:17:16.373+0300] {logging_mixin.py:188} INFO - [2024-06-25T14:17:16.373+0300] {dag.py:3954} INFO - Setting next_dagrun for weather_data_pipeline to 2024-06-25 00:00:00+00:00, run_after=2024-06-26 00:00:00+00:00
[2024-06-25T14:17:16.405+0300] {processor.py:183} INFO - Processing /home/user/rubix/internship_project/dags/Fetch_ingest_DAG.py took 0.489 seconds
[2024-06-25T14:17:47.445+0300] {processor.py:161} INFO - Started process (PID=12218) to work on /home/user/rubix/internship_project/dags/Fetch_ingest_DAG.py
[2024-06-25T14:17:47.446+0300] {processor.py:830} INFO - Processing file /home/user/rubix/internship_project/dags/Fetch_ingest_DAG.py for tasks to queue
[2024-06-25T14:17:47.448+0300] {logging_mixin.py:188} INFO - [2024-06-25T14:17:47.447+0300] {dagbag.py:545} INFO - Filling up the DagBag from /home/user/rubix/internship_project/dags/Fetch_ingest_DAG.py
[2024-06-25T14:17:47.848+0300] {processor.py:840} INFO - DAG(s) 'weather_data_pipeline' retrieved from /home/user/rubix/internship_project/dags/Fetch_ingest_DAG.py
[2024-06-25T14:17:47.863+0300] {logging_mixin.py:188} INFO - [2024-06-25T14:17:47.863+0300] {dag.py:3096} INFO - Sync 1 DAGs
[2024-06-25T14:17:47.876+0300] {logging_mixin.py:188} INFO - [2024-06-25T14:17:47.876+0300] {dag.py:3954} INFO - Setting next_dagrun for weather_data_pipeline to 2024-06-25 00:00:00+00:00, run_after=2024-06-26 00:00:00+00:00
[2024-06-25T14:17:47.903+0300] {processor.py:183} INFO - Processing /home/user/rubix/internship_project/dags/Fetch_ingest_DAG.py took 0.466 seconds
[2024-06-25T14:18:18.585+0300] {processor.py:161} INFO - Started process (PID=12410) to work on /home/user/rubix/internship_project/dags/Fetch_ingest_DAG.py
[2024-06-25T14:18:18.586+0300] {processor.py:830} INFO - Processing file /home/user/rubix/internship_project/dags/Fetch_ingest_DAG.py for tasks to queue
[2024-06-25T14:18:18.588+0300] {logging_mixin.py:188} INFO - [2024-06-25T14:18:18.588+0300] {dagbag.py:545} INFO - Filling up the DagBag from /home/user/rubix/internship_project/dags/Fetch_ingest_DAG.py
[2024-06-25T14:18:19.078+0300] {processor.py:840} INFO - DAG(s) 'weather_data_pipeline' retrieved from /home/user/rubix/internship_project/dags/Fetch_ingest_DAG.py
[2024-06-25T14:18:19.097+0300] {logging_mixin.py:188} INFO - [2024-06-25T14:18:19.096+0300] {dag.py:3096} INFO - Sync 1 DAGs
[2024-06-25T14:18:19.115+0300] {logging_mixin.py:188} INFO - [2024-06-25T14:18:19.115+0300] {dag.py:3954} INFO - Setting next_dagrun for weather_data_pipeline to 2024-06-25 00:00:00+00:00, run_after=2024-06-26 00:00:00+00:00
[2024-06-25T14:18:19.144+0300] {processor.py:183} INFO - Processing /home/user/rubix/internship_project/dags/Fetch_ingest_DAG.py took 0.571 seconds
[2024-06-25T14:18:49.688+0300] {processor.py:161} INFO - Started process (PID=12584) to work on /home/user/rubix/internship_project/dags/Fetch_ingest_DAG.py
[2024-06-25T14:18:49.690+0300] {processor.py:830} INFO - Processing file /home/user/rubix/internship_project/dags/Fetch_ingest_DAG.py for tasks to queue
[2024-06-25T14:18:49.694+0300] {logging_mixin.py:188} INFO - [2024-06-25T14:18:49.693+0300] {dagbag.py:545} INFO - Filling up the DagBag from /home/user/rubix/internship_project/dags/Fetch_ingest_DAG.py
[2024-06-25T14:18:50.155+0300] {processor.py:840} INFO - DAG(s) 'weather_data_pipeline' retrieved from /home/user/rubix/internship_project/dags/Fetch_ingest_DAG.py
[2024-06-25T14:18:50.173+0300] {logging_mixin.py:188} INFO - [2024-06-25T14:18:50.172+0300] {dag.py:3096} INFO - Sync 1 DAGs
[2024-06-25T14:18:50.189+0300] {logging_mixin.py:188} INFO - [2024-06-25T14:18:50.188+0300] {dag.py:3954} INFO - Setting next_dagrun for weather_data_pipeline to 2024-06-25 00:00:00+00:00, run_after=2024-06-26 00:00:00+00:00
[2024-06-25T14:18:50.220+0300] {processor.py:183} INFO - Processing /home/user/rubix/internship_project/dags/Fetch_ingest_DAG.py took 0.540 seconds
[2024-06-25T14:19:20.670+0300] {processor.py:161} INFO - Started process (PID=12635) to work on /home/user/rubix/internship_project/dags/Fetch_ingest_DAG.py
[2024-06-25T14:19:20.671+0300] {processor.py:830} INFO - Processing file /home/user/rubix/internship_project/dags/Fetch_ingest_DAG.py for tasks to queue
[2024-06-25T14:19:20.673+0300] {logging_mixin.py:188} INFO - [2024-06-25T14:19:20.673+0300] {dagbag.py:545} INFO - Filling up the DagBag from /home/user/rubix/internship_project/dags/Fetch_ingest_DAG.py
[2024-06-25T14:19:21.124+0300] {processor.py:840} INFO - DAG(s) 'weather_data_pipeline' retrieved from /home/user/rubix/internship_project/dags/Fetch_ingest_DAG.py
[2024-06-25T14:19:21.140+0300] {logging_mixin.py:188} INFO - [2024-06-25T14:19:21.139+0300] {dag.py:3096} INFO - Sync 1 DAGs
[2024-06-25T14:19:21.152+0300] {logging_mixin.py:188} INFO - [2024-06-25T14:19:21.152+0300] {dag.py:3954} INFO - Setting next_dagrun for weather_data_pipeline to 2024-06-25 00:00:00+00:00, run_after=2024-06-26 00:00:00+00:00
[2024-06-25T14:19:21.179+0300] {processor.py:183} INFO - Processing /home/user/rubix/internship_project/dags/Fetch_ingest_DAG.py took 0.519 seconds
[2024-06-25T14:19:51.794+0300] {processor.py:161} INFO - Started process (PID=12809) to work on /home/user/rubix/internship_project/dags/Fetch_ingest_DAG.py
[2024-06-25T14:19:51.795+0300] {processor.py:830} INFO - Processing file /home/user/rubix/internship_project/dags/Fetch_ingest_DAG.py for tasks to queue
[2024-06-25T14:19:51.797+0300] {logging_mixin.py:188} INFO - [2024-06-25T14:19:51.797+0300] {dagbag.py:545} INFO - Filling up the DagBag from /home/user/rubix/internship_project/dags/Fetch_ingest_DAG.py
[2024-06-25T14:19:52.255+0300] {processor.py:840} INFO - DAG(s) 'weather_data_pipeline' retrieved from /home/user/rubix/internship_project/dags/Fetch_ingest_DAG.py
[2024-06-25T14:19:52.277+0300] {logging_mixin.py:188} INFO - [2024-06-25T14:19:52.277+0300] {dag.py:3096} INFO - Sync 1 DAGs
[2024-06-25T14:19:52.295+0300] {logging_mixin.py:188} INFO - [2024-06-25T14:19:52.294+0300] {dag.py:3954} INFO - Setting next_dagrun for weather_data_pipeline to 2024-06-25 00:00:00+00:00, run_after=2024-06-26 00:00:00+00:00
[2024-06-25T14:19:52.331+0300] {processor.py:183} INFO - Processing /home/user/rubix/internship_project/dags/Fetch_ingest_DAG.py took 0.547 seconds
[2024-06-25T14:20:22.651+0300] {processor.py:161} INFO - Started process (PID=12922) to work on /home/user/rubix/internship_project/dags/Fetch_ingest_DAG.py
[2024-06-25T14:20:22.655+0300] {processor.py:830} INFO - Processing file /home/user/rubix/internship_project/dags/Fetch_ingest_DAG.py for tasks to queue
[2024-06-25T14:20:22.664+0300] {logging_mixin.py:188} INFO - [2024-06-25T14:20:22.664+0300] {dagbag.py:545} INFO - Filling up the DagBag from /home/user/rubix/internship_project/dags/Fetch_ingest_DAG.py
[2024-06-25T14:20:23.268+0300] {processor.py:840} INFO - DAG(s) 'weather_data_pipeline' retrieved from /home/user/rubix/internship_project/dags/Fetch_ingest_DAG.py
[2024-06-25T14:20:23.286+0300] {logging_mixin.py:188} INFO - [2024-06-25T14:20:23.286+0300] {dag.py:3096} INFO - Sync 1 DAGs
[2024-06-25T14:20:23.303+0300] {logging_mixin.py:188} INFO - [2024-06-25T14:20:23.302+0300] {dag.py:3954} INFO - Setting next_dagrun for weather_data_pipeline to 2024-06-25 00:00:00+00:00, run_after=2024-06-26 00:00:00+00:00
[2024-06-25T14:20:23.320+0300] {processor.py:183} INFO - Processing /home/user/rubix/internship_project/dags/Fetch_ingest_DAG.py took 0.691 seconds
[2024-06-25T14:20:53.566+0300] {processor.py:161} INFO - Started process (PID=13036) to work on /home/user/rubix/internship_project/dags/Fetch_ingest_DAG.py
[2024-06-25T14:20:53.567+0300] {processor.py:830} INFO - Processing file /home/user/rubix/internship_project/dags/Fetch_ingest_DAG.py for tasks to queue
[2024-06-25T14:20:53.569+0300] {logging_mixin.py:188} INFO - [2024-06-25T14:20:53.568+0300] {dagbag.py:545} INFO - Filling up the DagBag from /home/user/rubix/internship_project/dags/Fetch_ingest_DAG.py
[2024-06-25T14:20:54.003+0300] {processor.py:840} INFO - DAG(s) 'weather_data_pipeline' retrieved from /home/user/rubix/internship_project/dags/Fetch_ingest_DAG.py
[2024-06-25T14:20:54.018+0300] {logging_mixin.py:188} INFO - [2024-06-25T14:20:54.018+0300] {dag.py:3096} INFO - Sync 1 DAGs
[2024-06-25T14:20:54.031+0300] {logging_mixin.py:188} INFO - [2024-06-25T14:20:54.031+0300] {dag.py:3954} INFO - Setting next_dagrun for weather_data_pipeline to 2024-06-25 00:00:00+00:00, run_after=2024-06-26 00:00:00+00:00
[2024-06-25T14:20:54.058+0300] {processor.py:183} INFO - Processing /home/user/rubix/internship_project/dags/Fetch_ingest_DAG.py took 0.501 seconds
[2024-06-25T14:21:03.469+0300] {processor.py:161} INFO - Started process (PID=13069) to work on /home/user/rubix/internship_project/dags/Fetch_ingest_DAG.py
[2024-06-25T14:21:03.470+0300] {processor.py:830} INFO - Processing file /home/user/rubix/internship_project/dags/Fetch_ingest_DAG.py for tasks to queue
[2024-06-25T14:21:03.473+0300] {logging_mixin.py:188} INFO - [2024-06-25T14:21:03.472+0300] {dagbag.py:545} INFO - Filling up the DagBag from /home/user/rubix/internship_project/dags/Fetch_ingest_DAG.py
[2024-06-25T14:21:03.795+0300] {processor.py:840} INFO - DAG(s) 'weather_data_pipeline' retrieved from /home/user/rubix/internship_project/dags/Fetch_ingest_DAG.py
[2024-06-25T14:21:03.818+0300] {logging_mixin.py:188} INFO - [2024-06-25T14:21:03.818+0300] {dag.py:3096} INFO - Sync 1 DAGs
[2024-06-25T14:21:03.834+0300] {logging_mixin.py:188} INFO - [2024-06-25T14:21:03.834+0300] {dag.py:3954} INFO - Setting next_dagrun for weather_data_pipeline to 2024-06-25 00:00:00+00:00, run_after=2024-06-26 00:00:00+00:00
[2024-06-25T14:21:03.864+0300] {processor.py:183} INFO - Processing /home/user/rubix/internship_project/dags/Fetch_ingest_DAG.py took 0.405 seconds
[2024-06-25T14:21:13.467+0300] {processor.py:161} INFO - Started process (PID=13086) to work on /home/user/rubix/internship_project/dags/Fetch_ingest_DAG.py
[2024-06-25T14:21:13.468+0300] {processor.py:830} INFO - Processing file /home/user/rubix/internship_project/dags/Fetch_ingest_DAG.py for tasks to queue
[2024-06-25T14:21:13.471+0300] {logging_mixin.py:188} INFO - [2024-06-25T14:21:13.470+0300] {dagbag.py:545} INFO - Filling up the DagBag from /home/user/rubix/internship_project/dags/Fetch_ingest_DAG.py
[2024-06-25T14:21:13.808+0300] {processor.py:840} INFO - DAG(s) 'weather_data_pipeline' retrieved from /home/user/rubix/internship_project/dags/Fetch_ingest_DAG.py
[2024-06-25T14:21:13.911+0300] {logging_mixin.py:188} INFO - [2024-06-25T14:21:13.911+0300] {dag.py:3096} INFO - Sync 1 DAGs
[2024-06-25T14:21:13.954+0300] {logging_mixin.py:188} INFO - [2024-06-25T14:21:13.953+0300] {dag.py:3954} INFO - Setting next_dagrun for weather_data_pipeline to 2024-06-25 00:00:00+00:00, run_after=2024-06-25 01:00:00+00:00
[2024-06-25T14:21:13.973+0300] {processor.py:183} INFO - Processing /home/user/rubix/internship_project/dags/Fetch_ingest_DAG.py took 0.518 seconds
[2024-06-25T14:21:31.923+0300] {processor.py:161} INFO - Started process (PID=13408) to work on /home/user/rubix/internship_project/dags/Fetch_ingest_DAG.py
[2024-06-25T14:21:31.926+0300] {processor.py:830} INFO - Processing file /home/user/rubix/internship_project/dags/Fetch_ingest_DAG.py for tasks to queue
[2024-06-25T14:21:31.930+0300] {logging_mixin.py:188} INFO - [2024-06-25T14:21:31.929+0300] {dagbag.py:545} INFO - Filling up the DagBag from /home/user/rubix/internship_project/dags/Fetch_ingest_DAG.py
[2024-06-25T14:21:32.441+0300] {processor.py:840} INFO - DAG(s) 'weather_data_pipeline' retrieved from /home/user/rubix/internship_project/dags/Fetch_ingest_DAG.py
[2024-06-25T14:21:32.494+0300] {logging_mixin.py:188} INFO - [2024-06-25T14:21:32.494+0300] {taskinstance.py:2907} ERROR - {'DAG Id': 'weather_data_pipeline', 'Task Id': 'fetch_weather_data', 'Run Id': 'scheduled__2024-06-25T01:00:00+00:00', 'Hostname': 'DESKTOP-1R67MDQ.'}
[2024-06-25T14:21:32.552+0300] {logging_mixin.py:188} INFO - [2024-06-25T14:21:32.551+0300] {taskinstance.py:1206} INFO - Marking task as UP_FOR_RETRY. dag_id=weather_data_pipeline, task_id=fetch_weather_data, run_id=scheduled__2024-06-25T01:00:00+00:00, execution_date=20240625T010000, start_date=20240625T112119, end_date=20240625T112132
[2024-06-25T14:21:32.571+0300] {processor.py:791} INFO - Executed failure callback for <TaskInstance: weather_data_pipeline.fetch_weather_data scheduled__2024-06-25T01:00:00+00:00 [up_for_retry]> in state up_for_retry
[2024-06-25T14:21:32.588+0300] {logging_mixin.py:188} INFO - [2024-06-25T14:21:32.587+0300] {dag.py:3096} INFO - Sync 1 DAGs
[2024-06-25T14:21:32.632+0300] {logging_mixin.py:188} INFO - [2024-06-25T14:21:32.632+0300] {dag.py:3954} INFO - Setting next_dagrun for weather_data_pipeline to 2024-06-25 03:00:00+00:00, run_after=2024-06-25 04:00:00+00:00
[2024-06-25T14:21:32.657+0300] {processor.py:183} INFO - Processing /home/user/rubix/internship_project/dags/Fetch_ingest_DAG.py took 0.743 seconds
[2024-06-25T14:22:09.080+0300] {processor.py:161} INFO - Started process (PID=13978) to work on /home/user/rubix/internship_project/dags/Fetch_ingest_DAG.py
[2024-06-25T14:22:09.082+0300] {processor.py:830} INFO - Processing file /home/user/rubix/internship_project/dags/Fetch_ingest_DAG.py for tasks to queue
[2024-06-25T14:22:09.084+0300] {logging_mixin.py:188} INFO - [2024-06-25T14:22:09.083+0300] {dagbag.py:545} INFO - Filling up the DagBag from /home/user/rubix/internship_project/dags/Fetch_ingest_DAG.py
[2024-06-25T14:22:09.481+0300] {processor.py:840} INFO - DAG(s) 'weather_data_pipeline' retrieved from /home/user/rubix/internship_project/dags/Fetch_ingest_DAG.py
[2024-06-25T14:22:09.505+0300] {logging_mixin.py:188} INFO - [2024-06-25T14:22:09.504+0300] {dag.py:3096} INFO - Sync 1 DAGs
[2024-06-25T14:22:09.523+0300] {logging_mixin.py:188} INFO - [2024-06-25T14:22:09.523+0300] {dag.py:3954} INFO - Setting next_dagrun for weather_data_pipeline to 2024-06-25 08:00:00+00:00, run_after=2024-06-25 09:00:00+00:00
[2024-06-25T14:22:09.554+0300] {processor.py:183} INFO - Processing /home/user/rubix/internship_project/dags/Fetch_ingest_DAG.py took 0.485 seconds
[2024-06-25T14:22:40.777+0300] {processor.py:161} INFO - Started process (PID=14496) to work on /home/user/rubix/internship_project/dags/Fetch_ingest_DAG.py
[2024-06-25T14:22:40.780+0300] {processor.py:830} INFO - Processing file /home/user/rubix/internship_project/dags/Fetch_ingest_DAG.py for tasks to queue
[2024-06-25T14:22:40.782+0300] {logging_mixin.py:188} INFO - [2024-06-25T14:22:40.782+0300] {dagbag.py:545} INFO - Filling up the DagBag from /home/user/rubix/internship_project/dags/Fetch_ingest_DAG.py
[2024-06-25T14:22:41.302+0300] {processor.py:840} INFO - DAG(s) 'weather_data_pipeline' retrieved from /home/user/rubix/internship_project/dags/Fetch_ingest_DAG.py
[2024-06-25T14:22:41.338+0300] {logging_mixin.py:188} INFO - [2024-06-25T14:22:41.337+0300] {dag.py:3096} INFO - Sync 1 DAGs
[2024-06-25T14:22:41.365+0300] {logging_mixin.py:188} INFO - [2024-06-25T14:22:41.365+0300] {dag.py:3954} INFO - Setting next_dagrun for weather_data_pipeline to 2024-06-25 11:00:00+00:00, run_after=2024-06-25 12:00:00+00:00
[2024-06-25T14:22:41.401+0300] {processor.py:183} INFO - Processing /home/user/rubix/internship_project/dags/Fetch_ingest_DAG.py took 0.638 seconds
[2024-06-25T14:23:11.522+0300] {processor.py:161} INFO - Started process (PID=14913) to work on /home/user/rubix/internship_project/dags/Fetch_ingest_DAG.py
[2024-06-25T14:23:11.524+0300] {processor.py:830} INFO - Processing file /home/user/rubix/internship_project/dags/Fetch_ingest_DAG.py for tasks to queue
[2024-06-25T14:23:11.529+0300] {logging_mixin.py:188} INFO - [2024-06-25T14:23:11.528+0300] {dagbag.py:545} INFO - Filling up the DagBag from /home/user/rubix/internship_project/dags/Fetch_ingest_DAG.py
[2024-06-25T14:23:11.966+0300] {processor.py:840} INFO - DAG(s) 'weather_data_pipeline' retrieved from /home/user/rubix/internship_project/dags/Fetch_ingest_DAG.py
[2024-06-25T14:23:11.989+0300] {logging_mixin.py:188} INFO - [2024-06-25T14:23:11.988+0300] {dag.py:3096} INFO - Sync 1 DAGs
[2024-06-25T14:23:12.014+0300] {logging_mixin.py:188} INFO - [2024-06-25T14:23:12.013+0300] {dag.py:3954} INFO - Setting next_dagrun for weather_data_pipeline to 2024-06-25 11:00:00+00:00, run_after=2024-06-25 12:00:00+00:00
[2024-06-25T14:23:12.046+0300] {processor.py:183} INFO - Processing /home/user/rubix/internship_project/dags/Fetch_ingest_DAG.py took 0.540 seconds
