[2024-07-01T12:35:06.405+0300] {local_task_job_runner.py:120} INFO - ::group::Pre task execution logs
[2024-07-01T12:35:06.587+0300] {taskinstance.py:2076} INFO - Dependencies all met for dep_context=non-requeueable deps ti=<TaskInstance: weather_data_pipeline.ingest_to_sql_server manual__2024-07-01T09:31:36.269579+00:00 [queued]>
[2024-07-01T12:35:06.605+0300] {taskinstance.py:2076} INFO - Dependencies all met for dep_context=requeueable deps ti=<TaskInstance: weather_data_pipeline.ingest_to_sql_server manual__2024-07-01T09:31:36.269579+00:00 [queued]>
[2024-07-01T12:35:06.617+0300] {taskinstance.py:2306} INFO - Starting attempt 1 of 2
[2024-07-01T12:35:06.658+0300] {taskinstance.py:2330} INFO - Executing <Task(PythonOperator): ingest_to_sql_server> on 2024-07-01 09:31:36.269579+00:00
[2024-07-01T12:35:06.711+0300] {standard_task_runner.py:63} INFO - Started process 8553 to run task
[2024-07-01T12:35:06.725+0300] {standard_task_runner.py:90} INFO - Running: ['airflow', 'tasks', 'run', 'weather_data_pipeline', 'ingest_to_sql_server', 'manual__2024-07-01T09:31:36.269579+00:00', '--job-id', '74', '--raw', '--subdir', 'DAGS_FOLDER/Fetch_ingest_DAG.py', '--cfg-path', '/tmp/tmp5q4x9d7w']
[2024-07-01T12:35:06.730+0300] {standard_task_runner.py:91} INFO - Job 74: Subtask ingest_to_sql_server
[2024-07-01T12:35:06.807+0300] {task_command.py:426} INFO - Running <TaskInstance: weather_data_pipeline.ingest_to_sql_server manual__2024-07-01T09:31:36.269579+00:00 [running]> on host DESKTOP-1R67MDQ.
[2024-07-01T12:35:06.880+0300] {taskinstance.py:2648} INFO - Exporting env vars: AIRFLOW_CTX_DAG_OWNER='airflow' AIRFLOW_CTX_DAG_ID='weather_data_pipeline' AIRFLOW_CTX_TASK_ID='ingest_to_sql_server' AIRFLOW_CTX_EXECUTION_DATE='2024-07-01T09:31:36.269579+00:00' AIRFLOW_CTX_TRY_NUMBER='1' AIRFLOW_CTX_DAG_RUN_ID='manual__2024-07-01T09:31:36.269579+00:00'
[2024-07-01T12:35:06.881+0300] {taskinstance.py:430} INFO - ::endgroup::
[2024-07-01T12:35:06.958+0300] {logging_mixin.py:188} INFO - Data inserted successfully
[2024-07-01T12:35:06.965+0300] {logging_mixin.py:188} INFO - Duplicates removed successfully
[2024-07-01T12:35:06.965+0300] {logging_mixin.py:188} INFO - Connection to SQL Server closed
[2024-07-01T12:35:06.966+0300] {python.py:237} INFO - Done. Returned value was: None
[2024-07-01T12:35:06.966+0300] {taskinstance.py:441} INFO - ::group::Post task execution logs
[2024-07-01T12:35:06.977+0300] {taskinstance.py:1206} INFO - Marking task as SUCCESS. dag_id=weather_data_pipeline, task_id=ingest_to_sql_server, run_id=manual__2024-07-01T09:31:36.269579+00:00, execution_date=20240701T093136, start_date=20240701T093506, end_date=20240701T093506
[2024-07-01T12:35:07.018+0300] {local_task_job_runner.py:240} INFO - Task exited with return code 0
[2024-07-01T12:35:07.065+0300] {taskinstance.py:3498} INFO - 0 downstream tasks scheduled from follow-on schedule check
[2024-07-01T12:35:07.067+0300] {local_task_job_runner.py:222} INFO - ::endgroup::
