[2024-07-03T14:28:08.752+0300] {manager.py:470} INFO - Processing files using up to 1 processes at a time 
[2024-07-03T14:28:08.753+0300] {manager.py:471} INFO - Process each file at most once every 30 seconds
[2024-07-03T14:28:08.753+0300] {manager.py:472} INFO - Checking for new files in /home/user/rubix/internship_project/dags every 300 seconds
[2024-07-03T14:28:08.754+0300] {manager.py:737} INFO - Searching for files in /home/user/rubix/internship_project/dags
[2024-07-03T14:28:08.766+0300] {manager.py:740} INFO - There are 1 files in /home/user/rubix/internship_project/dags
[2024-07-03T14:28:09.478+0300] {manager.py:878} INFO - 
================================================================================
DAG File Processing Stats

File Path                                                   PID    Runtime      # DAGs    # Errors  Last Runtime    Last Run
----------------------------------------------------------  -----  ---------  --------  ----------  --------------  -------------------
/home/user/rubix/internship_project/dags/Internship_DAG.py                           1           0  0.62s           2024-07-03T11:28:09
================================================================================
[2024-07-03T14:28:40.989+0300] {manager.py:878} INFO - 
================================================================================
DAG File Processing Stats

File Path                                                   PID    Runtime      # DAGs    # Errors  Last Runtime    Last Run
----------------------------------------------------------  -----  ---------  --------  ----------  --------------  -------------------
/home/user/rubix/internship_project/dags/Internship_DAG.py                           1           0  0.72s           2024-07-03T11:28:40
================================================================================
[2024-07-03T14:29:11.345+0300] {manager.py:878} INFO - 
================================================================================
DAG File Processing Stats

File Path                                                   PID    Runtime      # DAGs    # Errors  Last Runtime    Last Run
----------------------------------------------------------  -----  ---------  --------  ----------  --------------  -------------------
/home/user/rubix/internship_project/dags/Internship_DAG.py                           1           0  0.62s           2024-07-03T11:29:04
================================================================================
[2024-07-03T14:29:41.614+0300] {manager.py:878} INFO - 
================================================================================
DAG File Processing Stats

File Path                                                   PID    Runtime      # DAGs    # Errors  Last Runtime    Last Run
----------------------------------------------------------  -----  ---------  --------  ----------  --------------  -------------------
/home/user/rubix/internship_project/dags/Internship_DAG.py                           1           0  0.61s           2024-07-03T11:29:35
================================================================================
[2024-07-03T14:30:11.731+0300] {manager.py:878} INFO - 
================================================================================
DAG File Processing Stats

File Path                                                   PID    Runtime      # DAGs    # Errors  Last Runtime    Last Run
----------------------------------------------------------  -----  ---------  --------  ----------  --------------  -------------------
/home/user/rubix/internship_project/dags/Internship_DAG.py                           1           0  0.62s           2024-07-03T11:30:07
================================================================================
[2024-07-03T14:30:41.856+0300] {manager.py:878} INFO - 
================================================================================
DAG File Processing Stats

File Path                                                   PID    Runtime      # DAGs    # Errors  Last Runtime    Last Run
----------------------------------------------------------  -----  ---------  --------  ----------  --------------  -------------------
/home/user/rubix/internship_project/dags/Internship_DAG.py                           0           1  0.72s           2024-07-03T11:30:38
================================================================================
[2024-07-03T14:31:12.003+0300] {manager.py:878} INFO - 
================================================================================
DAG File Processing Stats

File Path                                                   PID    Runtime      # DAGs    # Errors  Last Runtime    Last Run
----------------------------------------------------------  -----  ---------  --------  ----------  --------------  -------------------
/home/user/rubix/internship_project/dags/Internship_DAG.py                           1           0  0.73s           2024-07-03T11:31:09
================================================================================
[2024-07-03T14:31:42.135+0300] {manager.py:878} INFO - 
================================================================================
DAG File Processing Stats

File Path                                                   PID    Runtime      # DAGs    # Errors  Last Runtime    Last Run
----------------------------------------------------------  -----  ---------  --------  ----------  --------------  -------------------
/home/user/rubix/internship_project/dags/Internship_DAG.py                           1           0  0.62s           2024-07-03T11:31:40
================================================================================
[2024-07-03T14:32:12.520+0300] {manager.py:878} INFO - 
================================================================================
DAG File Processing Stats

File Path                                                   PID    Runtime      # DAGs    # Errors  Last Runtime    Last Run
----------------------------------------------------------  -----  ---------  --------  ----------  --------------  -------------------
/home/user/rubix/internship_project/dags/Internship_DAG.py                           1           0  0.61s           2024-07-03T11:32:11
================================================================================
[2024-07-03T14:32:42.807+0300] {manager.py:878} INFO - 
================================================================================
DAG File Processing Stats

File Path                                                   PID    Runtime      # DAGs    # Errors  Last Runtime    Last Run
----------------------------------------------------------  -----  ---------  --------  ----------  --------------  -------------------
/home/user/rubix/internship_project/dags/Internship_DAG.py                           1           0  0.62s           2024-07-03T11:32:42
================================================================================
[2024-07-03T14:33:09.744+0300] {manager.py:737} INFO - Searching for files in /home/user/rubix/internship_project/dags
[2024-07-03T14:33:09.755+0300] {manager.py:740} INFO - There are 1 files in /home/user/rubix/internship_project/dags
[2024-07-03T14:33:13.080+0300] {manager.py:878} INFO - 
================================================================================
DAG File Processing Stats

File Path                                                   PID    Runtime      # DAGs    # Errors  Last Runtime    Last Run
----------------------------------------------------------  -----  ---------  --------  ----------  --------------  -------------------
/home/user/rubix/internship_project/dags/Internship_DAG.py                           1           0  0.72s           2024-07-03T11:33:13
================================================================================
[2024-07-03T14:33:44.416+0300] {manager.py:878} INFO - 
================================================================================
DAG File Processing Stats

File Path                                                   PID    Runtime      # DAGs    # Errors  Last Runtime    Last Run
----------------------------------------------------------  -----  ---------  --------  ----------  --------------  -------------------
/home/user/rubix/internship_project/dags/Internship_DAG.py                           1           0  0.83s           2024-07-03T11:33:44
================================================================================
[2024-07-03T14:34:15.572+0300] {manager.py:878} INFO - 
================================================================================
DAG File Processing Stats

File Path                                                   PID    Runtime      # DAGs    # Errors  Last Runtime    Last Run
----------------------------------------------------------  -----  ---------  --------  ----------  --------------  -------------------
/home/user/rubix/internship_project/dags/Internship_DAG.py                           1           0  0.62s           2024-07-03T11:34:15
================================================================================
[2024-07-03T14:34:47.198+0300] {manager.py:878} INFO - 
================================================================================
DAG File Processing Stats

File Path                                                   PID    Runtime      # DAGs    # Errors  Last Runtime    Last Run
----------------------------------------------------------  -----  ---------  --------  ----------  --------------  -------------------
/home/user/rubix/internship_project/dags/Internship_DAG.py                           1           0  0.62s           2024-07-03T11:34:47
================================================================================
[2024-07-03T14:35:18.182+0300] {manager.py:878} INFO - 
================================================================================
DAG File Processing Stats

File Path                                                   PID    Runtime      # DAGs    # Errors  Last Runtime    Last Run
----------------------------------------------------------  -----  ---------  --------  ----------  --------------  -------------------
/home/user/rubix/internship_project/dags/Internship_DAG.py                           1           0  0.72s           2024-07-03T11:35:18
================================================================================
[2024-07-03T14:35:49.258+0300] {manager.py:878} INFO - 
================================================================================
DAG File Processing Stats

File Path                                                   PID    Runtime      # DAGs    # Errors  Last Runtime    Last Run
----------------------------------------------------------  -----  ---------  --------  ----------  --------------  -------------------
/home/user/rubix/internship_project/dags/Internship_DAG.py                           1           0  0.62s           2024-07-03T11:35:49
================================================================================
[2024-07-03T14:36:20.401+0300] {manager.py:878} INFO - 
================================================================================
DAG File Processing Stats

File Path                                                   PID    Runtime      # DAGs    # Errors  Last Runtime    Last Run
----------------------------------------------------------  -----  ---------  --------  ----------  --------------  -------------------
/home/user/rubix/internship_project/dags/Internship_DAG.py                           1           0  0.62s           2024-07-03T11:36:20
================================================================================
[2024-07-03T14:36:51.406+0300] {manager.py:878} INFO - 
================================================================================
DAG File Processing Stats

File Path                                                   PID    Runtime      # DAGs    # Errors  Last Runtime    Last Run
----------------------------------------------------------  -----  ---------  --------  ----------  --------------  -------------------
/home/user/rubix/internship_project/dags/Internship_DAG.py                           1           0  0.62s           2024-07-03T11:36:51
================================================================================
[2024-07-03T14:37:22.385+0300] {manager.py:878} INFO - 
================================================================================
DAG File Processing Stats

File Path                                                   PID    Runtime      # DAGs    # Errors  Last Runtime    Last Run
----------------------------------------------------------  -----  ---------  --------  ----------  --------------  -------------------
/home/user/rubix/internship_project/dags/Internship_DAG.py                           1           0  0.62s           2024-07-03T11:37:22
================================================================================
[2024-07-03T14:37:53.403+0300] {manager.py:878} INFO - 
================================================================================
DAG File Processing Stats

File Path                                                   PID    Runtime      # DAGs    # Errors  Last Runtime    Last Run
----------------------------------------------------------  -----  ---------  --------  ----------  --------------  -------------------
/home/user/rubix/internship_project/dags/Internship_DAG.py                           1           0  0.62s           2024-07-03T11:37:53
================================================================================
[2024-07-03T14:38:10.040+0300] {manager.py:737} INFO - Searching for files in /home/user/rubix/internship_project/dags
[2024-07-03T14:38:10.047+0300] {manager.py:740} INFO - There are 1 files in /home/user/rubix/internship_project/dags
