[2024-06-25T12:41:16.270+0300] {local_task_job_runner.py:120} INFO - ::group::Pre task execution logs
[2024-06-25T12:41:16.338+0300] {taskinstance.py:2076} INFO - Dependencies all met for dep_context=non-requeueable deps ti=<TaskInstance: ingesting.ingest_data manual__2024-06-25T09:41:12.418117+00:00 [queued]>
[2024-06-25T12:41:16.343+0300] {taskinstance.py:2076} INFO - Dependencies all met for dep_context=requeueable deps ti=<TaskInstance: ingesting.ingest_data manual__2024-06-25T09:41:12.418117+00:00 [queued]>
[2024-06-25T12:41:16.354+0300] {taskinstance.py:2306} INFO - Starting attempt 1 of 2
[2024-06-25T12:41:16.363+0300] {taskinstance.py:2330} INFO - Executing <Task(PythonOperator): ingest_data> on 2024-06-25 09:41:12.418117+00:00
[2024-06-25T12:41:16.379+0300] {standard_task_runner.py:63} INFO - Started process 9219 to run task
[2024-06-25T12:41:16.386+0300] {standard_task_runner.py:90} INFO - Running: ['airflow', 'tasks', 'run', 'ingesting', 'ingest_data', 'manual__2024-06-25T09:41:12.418117+00:00', '--job-id', '13', '--raw', '--subdir', 'DAGS_FOLDER/ingest_DAG.py', '--cfg-path', '/tmp/tmpwgi669kj']
[2024-06-25T12:41:16.389+0300] {standard_task_runner.py:91} INFO - Job 13: Subtask ingest_data
[2024-06-25T12:41:16.428+0300] {task_command.py:426} INFO - Running <TaskInstance: ingesting.ingest_data manual__2024-06-25T09:41:12.418117+00:00 [running]> on host DESKTOP-1R67MDQ.
[2024-06-25T12:41:16.482+0300] {taskinstance.py:2648} INFO - Exporting env vars: AIRFLOW_CTX_DAG_OWNER='airflow' AIRFLOW_CTX_DAG_ID='ingesting' AIRFLOW_CTX_TASK_ID='ingest_data' AIRFLOW_CTX_EXECUTION_DATE='2024-06-25T09:41:12.418117+00:00' AIRFLOW_CTX_TRY_NUMBER='1' AIRFLOW_CTX_DAG_RUN_ID='manual__2024-06-25T09:41:12.418117+00:00'
[2024-06-25T12:41:16.483+0300] {taskinstance.py:430} INFO - ::endgroup::
[2024-06-25T12:41:16.496+0300] {logging_mixin.py:188} INFO - Current working directory: /home/user/rubix/internship_project
[2024-06-25T12:41:16.537+0300] {logging_mixin.py:188} INFO -               datetime    name  temperature  pressure  humidity  wind
0  2024-06-24 08:06:11  Beirut        30.56      1008        74  7.34
[2024-06-25T12:41:16.728+0300] {logging_mixin.py:188} INFO - Connected to SQL Server successfully
[2024-06-25T12:41:16.865+0300] {logging_mixin.py:188} INFO - Data inserted successfully
[2024-06-25T12:41:16.869+0300] {logging_mixin.py:188} INFO - Duplicates removed successfully
[2024-06-25T12:41:16.869+0300] {logging_mixin.py:188} INFO - Connection to SQL Server closed
[2024-06-25T12:41:16.870+0300] {python.py:237} INFO - Done. Returned value was: None
[2024-06-25T12:41:16.870+0300] {taskinstance.py:441} INFO - ::group::Post task execution logs
[2024-06-25T12:41:16.876+0300] {taskinstance.py:1206} INFO - Marking task as SUCCESS. dag_id=ingesting, task_id=ingest_data, run_id=manual__2024-06-25T09:41:12.418117+00:00, execution_date=20240625T094112, start_date=20240625T094116, end_date=20240625T094116
[2024-06-25T12:41:16.924+0300] {local_task_job_runner.py:240} INFO - Task exited with return code 0
[2024-06-25T12:41:16.941+0300] {taskinstance.py:3498} INFO - 0 downstream tasks scheduled from follow-on schedule check
[2024-06-25T12:41:16.941+0300] {local_task_job_runner.py:222} INFO - ::endgroup::
