[2024-06-24T14:02:47.341+0300] {processor.py:161} INFO - Started process (PID=22382) to work on /home/user/rubix/internship_project/.venv/lib/python3.10/site-packages/airflow/example_dags/plugins/event_listener.py
[2024-06-24T14:02:47.343+0300] {processor.py:830} INFO - Processing file /home/user/rubix/internship_project/.venv/lib/python3.10/site-packages/airflow/example_dags/plugins/event_listener.py for tasks to queue
[2024-06-24T14:02:47.346+0300] {logging_mixin.py:188} INFO - [2024-06-24T14:02:47.346+0300] {dagbag.py:545} INFO - Filling up the DagBag from /home/user/rubix/internship_project/.venv/lib/python3.10/site-packages/airflow/example_dags/plugins/event_listener.py
[2024-06-24T14:02:47.351+0300] {processor.py:842} WARNING - No viable dags retrieved from /home/user/rubix/internship_project/.venv/lib/python3.10/site-packages/airflow/example_dags/plugins/event_listener.py
[2024-06-24T14:02:47.369+0300] {processor.py:183} INFO - Processing /home/user/rubix/internship_project/.venv/lib/python3.10/site-packages/airflow/example_dags/plugins/event_listener.py took 0.041 seconds
[2024-06-24T14:04:00.952+0300] {processor.py:161} INFO - Started process (PID=22968) to work on /home/user/rubix/internship_project/.venv/lib/python3.10/site-packages/airflow/example_dags/plugins/event_listener.py
[2024-06-24T14:04:00.953+0300] {processor.py:830} INFO - Processing file /home/user/rubix/internship_project/.venv/lib/python3.10/site-packages/airflow/example_dags/plugins/event_listener.py for tasks to queue
[2024-06-24T14:04:00.955+0300] {logging_mixin.py:188} INFO - [2024-06-24T14:04:00.955+0300] {dagbag.py:545} INFO - Filling up the DagBag from /home/user/rubix/internship_project/.venv/lib/python3.10/site-packages/airflow/example_dags/plugins/event_listener.py
[2024-06-24T14:04:00.958+0300] {processor.py:842} WARNING - No viable dags retrieved from /home/user/rubix/internship_project/.venv/lib/python3.10/site-packages/airflow/example_dags/plugins/event_listener.py
[2024-06-24T14:04:00.971+0300] {processor.py:183} INFO - Processing /home/user/rubix/internship_project/.venv/lib/python3.10/site-packages/airflow/example_dags/plugins/event_listener.py took 0.026 seconds
[2024-06-24T14:04:54.117+0300] {processor.py:161} INFO - Started process (PID=23368) to work on /home/user/rubix/internship_project/.venv/lib/python3.10/site-packages/airflow/example_dags/plugins/event_listener.py
[2024-06-24T14:04:54.118+0300] {processor.py:830} INFO - Processing file /home/user/rubix/internship_project/.venv/lib/python3.10/site-packages/airflow/example_dags/plugins/event_listener.py for tasks to queue
[2024-06-24T14:04:54.120+0300] {logging_mixin.py:188} INFO - [2024-06-24T14:04:54.119+0300] {dagbag.py:545} INFO - Filling up the DagBag from /home/user/rubix/internship_project/.venv/lib/python3.10/site-packages/airflow/example_dags/plugins/event_listener.py
[2024-06-24T14:04:54.123+0300] {processor.py:842} WARNING - No viable dags retrieved from /home/user/rubix/internship_project/.venv/lib/python3.10/site-packages/airflow/example_dags/plugins/event_listener.py
[2024-06-24T14:04:54.135+0300] {processor.py:183} INFO - Processing /home/user/rubix/internship_project/.venv/lib/python3.10/site-packages/airflow/example_dags/plugins/event_listener.py took 0.026 seconds
[2024-06-24T14:05:58.671+0300] {processor.py:161} INFO - Started process (PID=23966) to work on /home/user/rubix/internship_project/.venv/lib/python3.10/site-packages/airflow/example_dags/plugins/event_listener.py
[2024-06-24T14:05:58.672+0300] {processor.py:830} INFO - Processing file /home/user/rubix/internship_project/.venv/lib/python3.10/site-packages/airflow/example_dags/plugins/event_listener.py for tasks to queue
[2024-06-24T14:05:58.674+0300] {logging_mixin.py:188} INFO - [2024-06-24T14:05:58.674+0300] {dagbag.py:545} INFO - Filling up the DagBag from /home/user/rubix/internship_project/.venv/lib/python3.10/site-packages/airflow/example_dags/plugins/event_listener.py
[2024-06-24T14:05:58.678+0300] {processor.py:842} WARNING - No viable dags retrieved from /home/user/rubix/internship_project/.venv/lib/python3.10/site-packages/airflow/example_dags/plugins/event_listener.py
[2024-06-24T14:05:58.695+0300] {processor.py:183} INFO - Processing /home/user/rubix/internship_project/.venv/lib/python3.10/site-packages/airflow/example_dags/plugins/event_listener.py took 0.032 seconds
[2024-06-24T14:06:53.937+0300] {processor.py:161} INFO - Started process (PID=24168) to work on /home/user/rubix/internship_project/.venv/lib/python3.10/site-packages/airflow/example_dags/plugins/event_listener.py
[2024-06-24T14:06:53.942+0300] {processor.py:830} INFO - Processing file /home/user/rubix/internship_project/.venv/lib/python3.10/site-packages/airflow/example_dags/plugins/event_listener.py for tasks to queue
[2024-06-24T14:06:53.947+0300] {logging_mixin.py:188} INFO - [2024-06-24T14:06:53.947+0300] {dagbag.py:545} INFO - Filling up the DagBag from /home/user/rubix/internship_project/.venv/lib/python3.10/site-packages/airflow/example_dags/plugins/event_listener.py
[2024-06-24T14:06:53.950+0300] {processor.py:842} WARNING - No viable dags retrieved from /home/user/rubix/internship_project/.venv/lib/python3.10/site-packages/airflow/example_dags/plugins/event_listener.py
[2024-06-24T14:06:53.970+0300] {processor.py:183} INFO - Processing /home/user/rubix/internship_project/.venv/lib/python3.10/site-packages/airflow/example_dags/plugins/event_listener.py took 0.042 seconds
[2024-06-24T14:07:42.947+0300] {processor.py:161} INFO - Started process (PID=24419) to work on /home/user/rubix/internship_project/.venv/lib/python3.10/site-packages/airflow/example_dags/plugins/event_listener.py
[2024-06-24T14:07:42.948+0300] {processor.py:830} INFO - Processing file /home/user/rubix/internship_project/.venv/lib/python3.10/site-packages/airflow/example_dags/plugins/event_listener.py for tasks to queue
[2024-06-24T14:07:42.950+0300] {logging_mixin.py:188} INFO - [2024-06-24T14:07:42.950+0300] {dagbag.py:545} INFO - Filling up the DagBag from /home/user/rubix/internship_project/.venv/lib/python3.10/site-packages/airflow/example_dags/plugins/event_listener.py
[2024-06-24T14:07:42.953+0300] {processor.py:842} WARNING - No viable dags retrieved from /home/user/rubix/internship_project/.venv/lib/python3.10/site-packages/airflow/example_dags/plugins/event_listener.py
[2024-06-24T14:07:42.968+0300] {processor.py:183} INFO - Processing /home/user/rubix/internship_project/.venv/lib/python3.10/site-packages/airflow/example_dags/plugins/event_listener.py took 0.030 seconds
[2024-06-24T14:08:28.340+0300] {processor.py:161} INFO - Started process (PID=24721) to work on /home/user/rubix/internship_project/.venv/lib/python3.10/site-packages/airflow/example_dags/plugins/event_listener.py
[2024-06-24T14:08:28.341+0300] {processor.py:830} INFO - Processing file /home/user/rubix/internship_project/.venv/lib/python3.10/site-packages/airflow/example_dags/plugins/event_listener.py for tasks to queue
[2024-06-24T14:08:28.343+0300] {logging_mixin.py:188} INFO - [2024-06-24T14:08:28.343+0300] {dagbag.py:545} INFO - Filling up the DagBag from /home/user/rubix/internship_project/.venv/lib/python3.10/site-packages/airflow/example_dags/plugins/event_listener.py
[2024-06-24T14:08:28.346+0300] {processor.py:842} WARNING - No viable dags retrieved from /home/user/rubix/internship_project/.venv/lib/python3.10/site-packages/airflow/example_dags/plugins/event_listener.py
[2024-06-24T14:08:28.359+0300] {processor.py:183} INFO - Processing /home/user/rubix/internship_project/.venv/lib/python3.10/site-packages/airflow/example_dags/plugins/event_listener.py took 0.026 seconds
[2024-06-24T14:09:13.774+0300] {processor.py:161} INFO - Started process (PID=25047) to work on /home/user/rubix/internship_project/.venv/lib/python3.10/site-packages/airflow/example_dags/plugins/event_listener.py
[2024-06-24T14:09:13.775+0300] {processor.py:830} INFO - Processing file /home/user/rubix/internship_project/.venv/lib/python3.10/site-packages/airflow/example_dags/plugins/event_listener.py for tasks to queue
[2024-06-24T14:09:13.777+0300] {logging_mixin.py:188} INFO - [2024-06-24T14:09:13.777+0300] {dagbag.py:545} INFO - Filling up the DagBag from /home/user/rubix/internship_project/.venv/lib/python3.10/site-packages/airflow/example_dags/plugins/event_listener.py
[2024-06-24T14:09:13.780+0300] {processor.py:842} WARNING - No viable dags retrieved from /home/user/rubix/internship_project/.venv/lib/python3.10/site-packages/airflow/example_dags/plugins/event_listener.py
[2024-06-24T14:09:13.793+0300] {processor.py:183} INFO - Processing /home/user/rubix/internship_project/.venv/lib/python3.10/site-packages/airflow/example_dags/plugins/event_listener.py took 0.028 seconds
[2024-06-24T14:09:58.545+0300] {processor.py:161} INFO - Started process (PID=25288) to work on /home/user/rubix/internship_project/.venv/lib/python3.10/site-packages/airflow/example_dags/plugins/event_listener.py
[2024-06-24T14:09:58.546+0300] {processor.py:830} INFO - Processing file /home/user/rubix/internship_project/.venv/lib/python3.10/site-packages/airflow/example_dags/plugins/event_listener.py for tasks to queue
[2024-06-24T14:09:58.549+0300] {logging_mixin.py:188} INFO - [2024-06-24T14:09:58.548+0300] {dagbag.py:545} INFO - Filling up the DagBag from /home/user/rubix/internship_project/.venv/lib/python3.10/site-packages/airflow/example_dags/plugins/event_listener.py
[2024-06-24T14:09:58.554+0300] {processor.py:842} WARNING - No viable dags retrieved from /home/user/rubix/internship_project/.venv/lib/python3.10/site-packages/airflow/example_dags/plugins/event_listener.py
[2024-06-24T14:09:58.571+0300] {processor.py:183} INFO - Processing /home/user/rubix/internship_project/.venv/lib/python3.10/site-packages/airflow/example_dags/plugins/event_listener.py took 0.036 seconds
[2024-06-24T14:10:44.153+0300] {processor.py:161} INFO - Started process (PID=25569) to work on /home/user/rubix/internship_project/.venv/lib/python3.10/site-packages/airflow/example_dags/plugins/event_listener.py
[2024-06-24T14:10:44.154+0300] {processor.py:830} INFO - Processing file /home/user/rubix/internship_project/.venv/lib/python3.10/site-packages/airflow/example_dags/plugins/event_listener.py for tasks to queue
[2024-06-24T14:10:44.156+0300] {logging_mixin.py:188} INFO - [2024-06-24T14:10:44.156+0300] {dagbag.py:545} INFO - Filling up the DagBag from /home/user/rubix/internship_project/.venv/lib/python3.10/site-packages/airflow/example_dags/plugins/event_listener.py
[2024-06-24T14:10:44.160+0300] {processor.py:842} WARNING - No viable dags retrieved from /home/user/rubix/internship_project/.venv/lib/python3.10/site-packages/airflow/example_dags/plugins/event_listener.py
[2024-06-24T14:10:44.178+0300] {processor.py:183} INFO - Processing /home/user/rubix/internship_project/.venv/lib/python3.10/site-packages/airflow/example_dags/plugins/event_listener.py took 0.035 seconds
[2024-06-24T14:11:29.475+0300] {processor.py:161} INFO - Started process (PID=25887) to work on /home/user/rubix/internship_project/.venv/lib/python3.10/site-packages/airflow/example_dags/plugins/event_listener.py
[2024-06-24T14:11:29.476+0300] {processor.py:830} INFO - Processing file /home/user/rubix/internship_project/.venv/lib/python3.10/site-packages/airflow/example_dags/plugins/event_listener.py for tasks to queue
[2024-06-24T14:11:29.478+0300] {logging_mixin.py:188} INFO - [2024-06-24T14:11:29.478+0300] {dagbag.py:545} INFO - Filling up the DagBag from /home/user/rubix/internship_project/.venv/lib/python3.10/site-packages/airflow/example_dags/plugins/event_listener.py
[2024-06-24T14:11:29.481+0300] {processor.py:842} WARNING - No viable dags retrieved from /home/user/rubix/internship_project/.venv/lib/python3.10/site-packages/airflow/example_dags/plugins/event_listener.py
[2024-06-24T14:11:29.494+0300] {processor.py:183} INFO - Processing /home/user/rubix/internship_project/.venv/lib/python3.10/site-packages/airflow/example_dags/plugins/event_listener.py took 0.026 seconds
[2024-06-24T14:12:13.380+0300] {processor.py:161} INFO - Started process (PID=26100) to work on /home/user/rubix/internship_project/.venv/lib/python3.10/site-packages/airflow/example_dags/plugins/event_listener.py
[2024-06-24T14:12:13.381+0300] {processor.py:830} INFO - Processing file /home/user/rubix/internship_project/.venv/lib/python3.10/site-packages/airflow/example_dags/plugins/event_listener.py for tasks to queue
[2024-06-24T14:12:13.383+0300] {logging_mixin.py:188} INFO - [2024-06-24T14:12:13.382+0300] {dagbag.py:545} INFO - Filling up the DagBag from /home/user/rubix/internship_project/.venv/lib/python3.10/site-packages/airflow/example_dags/plugins/event_listener.py
[2024-06-24T14:12:13.386+0300] {processor.py:842} WARNING - No viable dags retrieved from /home/user/rubix/internship_project/.venv/lib/python3.10/site-packages/airflow/example_dags/plugins/event_listener.py
[2024-06-24T14:12:13.398+0300] {processor.py:183} INFO - Processing /home/user/rubix/internship_project/.venv/lib/python3.10/site-packages/airflow/example_dags/plugins/event_listener.py took 0.026 seconds
[2024-06-24T14:12:58.715+0300] {processor.py:161} INFO - Started process (PID=26190) to work on /home/user/rubix/internship_project/.venv/lib/python3.10/site-packages/airflow/example_dags/plugins/event_listener.py
[2024-06-24T14:12:58.716+0300] {processor.py:830} INFO - Processing file /home/user/rubix/internship_project/.venv/lib/python3.10/site-packages/airflow/example_dags/plugins/event_listener.py for tasks to queue
[2024-06-24T14:12:58.718+0300] {logging_mixin.py:188} INFO - [2024-06-24T14:12:58.717+0300] {dagbag.py:545} INFO - Filling up the DagBag from /home/user/rubix/internship_project/.venv/lib/python3.10/site-packages/airflow/example_dags/plugins/event_listener.py
[2024-06-24T14:12:58.720+0300] {processor.py:842} WARNING - No viable dags retrieved from /home/user/rubix/internship_project/.venv/lib/python3.10/site-packages/airflow/example_dags/plugins/event_listener.py
[2024-06-24T14:12:58.732+0300] {processor.py:183} INFO - Processing /home/user/rubix/internship_project/.venv/lib/python3.10/site-packages/airflow/example_dags/plugins/event_listener.py took 0.025 seconds
[2024-06-24T14:13:51.627+0300] {processor.py:161} INFO - Started process (PID=26447) to work on /home/user/rubix/internship_project/.venv/lib/python3.10/site-packages/airflow/example_dags/plugins/event_listener.py
[2024-06-24T14:13:51.628+0300] {processor.py:830} INFO - Processing file /home/user/rubix/internship_project/.venv/lib/python3.10/site-packages/airflow/example_dags/plugins/event_listener.py for tasks to queue
[2024-06-24T14:13:51.630+0300] {logging_mixin.py:188} INFO - [2024-06-24T14:13:51.630+0300] {dagbag.py:545} INFO - Filling up the DagBag from /home/user/rubix/internship_project/.venv/lib/python3.10/site-packages/airflow/example_dags/plugins/event_listener.py
[2024-06-24T14:13:51.633+0300] {processor.py:842} WARNING - No viable dags retrieved from /home/user/rubix/internship_project/.venv/lib/python3.10/site-packages/airflow/example_dags/plugins/event_listener.py
[2024-06-24T14:13:51.646+0300] {processor.py:183} INFO - Processing /home/user/rubix/internship_project/.venv/lib/python3.10/site-packages/airflow/example_dags/plugins/event_listener.py took 0.028 seconds
[2024-06-24T14:14:35.280+0300] {processor.py:161} INFO - Started process (PID=26726) to work on /home/user/rubix/internship_project/.venv/lib/python3.10/site-packages/airflow/example_dags/plugins/event_listener.py
[2024-06-24T14:14:35.281+0300] {processor.py:830} INFO - Processing file /home/user/rubix/internship_project/.venv/lib/python3.10/site-packages/airflow/example_dags/plugins/event_listener.py for tasks to queue
[2024-06-24T14:14:35.283+0300] {logging_mixin.py:188} INFO - [2024-06-24T14:14:35.282+0300] {dagbag.py:545} INFO - Filling up the DagBag from /home/user/rubix/internship_project/.venv/lib/python3.10/site-packages/airflow/example_dags/plugins/event_listener.py
[2024-06-24T14:14:35.285+0300] {processor.py:842} WARNING - No viable dags retrieved from /home/user/rubix/internship_project/.venv/lib/python3.10/site-packages/airflow/example_dags/plugins/event_listener.py
[2024-06-24T14:14:35.298+0300] {processor.py:183} INFO - Processing /home/user/rubix/internship_project/.venv/lib/python3.10/site-packages/airflow/example_dags/plugins/event_listener.py took 0.025 seconds
[2024-06-24T14:15:18.892+0300] {processor.py:161} INFO - Started process (PID=26878) to work on /home/user/rubix/internship_project/.venv/lib/python3.10/site-packages/airflow/example_dags/plugins/event_listener.py
[2024-06-24T14:15:18.893+0300] {processor.py:830} INFO - Processing file /home/user/rubix/internship_project/.venv/lib/python3.10/site-packages/airflow/example_dags/plugins/event_listener.py for tasks to queue
[2024-06-24T14:15:18.895+0300] {logging_mixin.py:188} INFO - [2024-06-24T14:15:18.895+0300] {dagbag.py:545} INFO - Filling up the DagBag from /home/user/rubix/internship_project/.venv/lib/python3.10/site-packages/airflow/example_dags/plugins/event_listener.py
[2024-06-24T14:15:18.898+0300] {processor.py:842} WARNING - No viable dags retrieved from /home/user/rubix/internship_project/.venv/lib/python3.10/site-packages/airflow/example_dags/plugins/event_listener.py
[2024-06-24T14:15:18.912+0300] {processor.py:183} INFO - Processing /home/user/rubix/internship_project/.venv/lib/python3.10/site-packages/airflow/example_dags/plugins/event_listener.py took 0.029 seconds
[2024-06-24T14:16:00.306+0300] {processor.py:161} INFO - Started process (PID=27025) to work on /home/user/rubix/internship_project/.venv/lib/python3.10/site-packages/airflow/example_dags/plugins/event_listener.py
[2024-06-24T14:16:00.307+0300] {processor.py:830} INFO - Processing file /home/user/rubix/internship_project/.venv/lib/python3.10/site-packages/airflow/example_dags/plugins/event_listener.py for tasks to queue
[2024-06-24T14:16:00.310+0300] {logging_mixin.py:188} INFO - [2024-06-24T14:16:00.309+0300] {dagbag.py:545} INFO - Filling up the DagBag from /home/user/rubix/internship_project/.venv/lib/python3.10/site-packages/airflow/example_dags/plugins/event_listener.py
[2024-06-24T14:16:00.314+0300] {processor.py:842} WARNING - No viable dags retrieved from /home/user/rubix/internship_project/.venv/lib/python3.10/site-packages/airflow/example_dags/plugins/event_listener.py
[2024-06-24T14:16:00.326+0300] {processor.py:183} INFO - Processing /home/user/rubix/internship_project/.venv/lib/python3.10/site-packages/airflow/example_dags/plugins/event_listener.py took 0.029 seconds
[2024-06-24T14:16:40.583+0300] {processor.py:161} INFO - Started process (PID=27116) to work on /home/user/rubix/internship_project/.venv/lib/python3.10/site-packages/airflow/example_dags/plugins/event_listener.py
[2024-06-24T14:16:40.584+0300] {processor.py:830} INFO - Processing file /home/user/rubix/internship_project/.venv/lib/python3.10/site-packages/airflow/example_dags/plugins/event_listener.py for tasks to queue
[2024-06-24T14:16:40.585+0300] {logging_mixin.py:188} INFO - [2024-06-24T14:16:40.585+0300] {dagbag.py:545} INFO - Filling up the DagBag from /home/user/rubix/internship_project/.venv/lib/python3.10/site-packages/airflow/example_dags/plugins/event_listener.py
[2024-06-24T14:16:40.588+0300] {processor.py:842} WARNING - No viable dags retrieved from /home/user/rubix/internship_project/.venv/lib/python3.10/site-packages/airflow/example_dags/plugins/event_listener.py
[2024-06-24T14:16:40.601+0300] {processor.py:183} INFO - Processing /home/user/rubix/internship_project/.venv/lib/python3.10/site-packages/airflow/example_dags/plugins/event_listener.py took 0.026 seconds
[2024-06-24T14:17:20.311+0300] {processor.py:161} INFO - Started process (PID=27263) to work on /home/user/rubix/internship_project/.venv/lib/python3.10/site-packages/airflow/example_dags/plugins/event_listener.py
[2024-06-24T14:17:20.312+0300] {processor.py:830} INFO - Processing file /home/user/rubix/internship_project/.venv/lib/python3.10/site-packages/airflow/example_dags/plugins/event_listener.py for tasks to queue
[2024-06-24T14:17:20.314+0300] {logging_mixin.py:188} INFO - [2024-06-24T14:17:20.314+0300] {dagbag.py:545} INFO - Filling up the DagBag from /home/user/rubix/internship_project/.venv/lib/python3.10/site-packages/airflow/example_dags/plugins/event_listener.py
[2024-06-24T14:17:20.317+0300] {processor.py:842} WARNING - No viable dags retrieved from /home/user/rubix/internship_project/.venv/lib/python3.10/site-packages/airflow/example_dags/plugins/event_listener.py
[2024-06-24T14:17:20.329+0300] {processor.py:183} INFO - Processing /home/user/rubix/internship_project/.venv/lib/python3.10/site-packages/airflow/example_dags/plugins/event_listener.py took 0.026 seconds
[2024-06-24T14:18:04.488+0300] {processor.py:161} INFO - Started process (PID=27416) to work on /home/user/rubix/internship_project/.venv/lib/python3.10/site-packages/airflow/example_dags/plugins/event_listener.py
[2024-06-24T14:18:04.489+0300] {processor.py:830} INFO - Processing file /home/user/rubix/internship_project/.venv/lib/python3.10/site-packages/airflow/example_dags/plugins/event_listener.py for tasks to queue
[2024-06-24T14:18:04.491+0300] {logging_mixin.py:188} INFO - [2024-06-24T14:18:04.491+0300] {dagbag.py:545} INFO - Filling up the DagBag from /home/user/rubix/internship_project/.venv/lib/python3.10/site-packages/airflow/example_dags/plugins/event_listener.py
[2024-06-24T14:18:04.494+0300] {processor.py:842} WARNING - No viable dags retrieved from /home/user/rubix/internship_project/.venv/lib/python3.10/site-packages/airflow/example_dags/plugins/event_listener.py
[2024-06-24T14:18:04.509+0300] {processor.py:183} INFO - Processing /home/user/rubix/internship_project/.venv/lib/python3.10/site-packages/airflow/example_dags/plugins/event_listener.py took 0.030 seconds
[2024-06-24T14:19:00.574+0300] {processor.py:161} INFO - Started process (PID=27590) to work on /home/user/rubix/internship_project/.venv/lib/python3.10/site-packages/airflow/example_dags/plugins/event_listener.py
[2024-06-24T14:19:00.576+0300] {processor.py:830} INFO - Processing file /home/user/rubix/internship_project/.venv/lib/python3.10/site-packages/airflow/example_dags/plugins/event_listener.py for tasks to queue
[2024-06-24T14:19:00.581+0300] {logging_mixin.py:188} INFO - [2024-06-24T14:19:00.579+0300] {dagbag.py:545} INFO - Filling up the DagBag from /home/user/rubix/internship_project/.venv/lib/python3.10/site-packages/airflow/example_dags/plugins/event_listener.py
[2024-06-24T14:19:00.587+0300] {processor.py:842} WARNING - No viable dags retrieved from /home/user/rubix/internship_project/.venv/lib/python3.10/site-packages/airflow/example_dags/plugins/event_listener.py
[2024-06-24T14:19:00.615+0300] {processor.py:183} INFO - Processing /home/user/rubix/internship_project/.venv/lib/python3.10/site-packages/airflow/example_dags/plugins/event_listener.py took 0.059 seconds
[2024-06-24T14:19:45.136+0300] {processor.py:161} INFO - Started process (PID=27747) to work on /home/user/rubix/internship_project/.venv/lib/python3.10/site-packages/airflow/example_dags/plugins/event_listener.py
[2024-06-24T14:19:45.137+0300] {processor.py:830} INFO - Processing file /home/user/rubix/internship_project/.venv/lib/python3.10/site-packages/airflow/example_dags/plugins/event_listener.py for tasks to queue
[2024-06-24T14:19:45.138+0300] {logging_mixin.py:188} INFO - [2024-06-24T14:19:45.138+0300] {dagbag.py:545} INFO - Filling up the DagBag from /home/user/rubix/internship_project/.venv/lib/python3.10/site-packages/airflow/example_dags/plugins/event_listener.py
[2024-06-24T14:19:45.141+0300] {processor.py:842} WARNING - No viable dags retrieved from /home/user/rubix/internship_project/.venv/lib/python3.10/site-packages/airflow/example_dags/plugins/event_listener.py
[2024-06-24T14:19:45.154+0300] {processor.py:183} INFO - Processing /home/user/rubix/internship_project/.venv/lib/python3.10/site-packages/airflow/example_dags/plugins/event_listener.py took 0.026 seconds
[2024-06-24T14:20:23.844+0300] {processor.py:161} INFO - Started process (PID=28127) to work on /home/user/rubix/internship_project/.venv/lib/python3.10/site-packages/airflow/example_dags/plugins/event_listener.py
[2024-06-24T14:20:23.845+0300] {processor.py:830} INFO - Processing file /home/user/rubix/internship_project/.venv/lib/python3.10/site-packages/airflow/example_dags/plugins/event_listener.py for tasks to queue
[2024-06-24T14:20:23.847+0300] {logging_mixin.py:188} INFO - [2024-06-24T14:20:23.847+0300] {dagbag.py:545} INFO - Filling up the DagBag from /home/user/rubix/internship_project/.venv/lib/python3.10/site-packages/airflow/example_dags/plugins/event_listener.py
[2024-06-24T14:20:23.850+0300] {processor.py:842} WARNING - No viable dags retrieved from /home/user/rubix/internship_project/.venv/lib/python3.10/site-packages/airflow/example_dags/plugins/event_listener.py
[2024-06-24T14:20:23.862+0300] {processor.py:183} INFO - Processing /home/user/rubix/internship_project/.venv/lib/python3.10/site-packages/airflow/example_dags/plugins/event_listener.py took 0.027 seconds
[2024-06-24T14:21:03.066+0300] {processor.py:161} INFO - Started process (PID=28398) to work on /home/user/rubix/internship_project/.venv/lib/python3.10/site-packages/airflow/example_dags/plugins/event_listener.py
[2024-06-24T14:21:03.067+0300] {processor.py:830} INFO - Processing file /home/user/rubix/internship_project/.venv/lib/python3.10/site-packages/airflow/example_dags/plugins/event_listener.py for tasks to queue
[2024-06-24T14:21:03.069+0300] {logging_mixin.py:188} INFO - [2024-06-24T14:21:03.069+0300] {dagbag.py:545} INFO - Filling up the DagBag from /home/user/rubix/internship_project/.venv/lib/python3.10/site-packages/airflow/example_dags/plugins/event_listener.py
[2024-06-24T14:21:03.072+0300] {processor.py:842} WARNING - No viable dags retrieved from /home/user/rubix/internship_project/.venv/lib/python3.10/site-packages/airflow/example_dags/plugins/event_listener.py
[2024-06-24T14:21:03.084+0300] {processor.py:183} INFO - Processing /home/user/rubix/internship_project/.venv/lib/python3.10/site-packages/airflow/example_dags/plugins/event_listener.py took 0.026 seconds
[2024-06-24T14:21:46.957+0300] {processor.py:161} INFO - Started process (PID=28623) to work on /home/user/rubix/internship_project/.venv/lib/python3.10/site-packages/airflow/example_dags/plugins/event_listener.py
[2024-06-24T14:21:46.958+0300] {processor.py:830} INFO - Processing file /home/user/rubix/internship_project/.venv/lib/python3.10/site-packages/airflow/example_dags/plugins/event_listener.py for tasks to queue
[2024-06-24T14:21:46.961+0300] {logging_mixin.py:188} INFO - [2024-06-24T14:21:46.960+0300] {dagbag.py:545} INFO - Filling up the DagBag from /home/user/rubix/internship_project/.venv/lib/python3.10/site-packages/airflow/example_dags/plugins/event_listener.py
[2024-06-24T14:21:46.964+0300] {processor.py:842} WARNING - No viable dags retrieved from /home/user/rubix/internship_project/.venv/lib/python3.10/site-packages/airflow/example_dags/plugins/event_listener.py
[2024-06-24T14:21:46.978+0300] {processor.py:183} INFO - Processing /home/user/rubix/internship_project/.venv/lib/python3.10/site-packages/airflow/example_dags/plugins/event_listener.py took 0.029 seconds
[2024-06-24T14:22:23.193+0300] {processor.py:161} INFO - Started process (PID=28765) to work on /home/user/rubix/internship_project/.venv/lib/python3.10/site-packages/airflow/example_dags/plugins/event_listener.py
[2024-06-24T14:22:23.194+0300] {processor.py:830} INFO - Processing file /home/user/rubix/internship_project/.venv/lib/python3.10/site-packages/airflow/example_dags/plugins/event_listener.py for tasks to queue
[2024-06-24T14:22:23.196+0300] {logging_mixin.py:188} INFO - [2024-06-24T14:22:23.195+0300] {dagbag.py:545} INFO - Filling up the DagBag from /home/user/rubix/internship_project/.venv/lib/python3.10/site-packages/airflow/example_dags/plugins/event_listener.py
[2024-06-24T14:22:23.198+0300] {processor.py:842} WARNING - No viable dags retrieved from /home/user/rubix/internship_project/.venv/lib/python3.10/site-packages/airflow/example_dags/plugins/event_listener.py
[2024-06-24T14:22:23.210+0300] {processor.py:183} INFO - Processing /home/user/rubix/internship_project/.venv/lib/python3.10/site-packages/airflow/example_dags/plugins/event_listener.py took 0.025 seconds
[2024-06-24T14:23:03.375+0300] {processor.py:161} INFO - Started process (PID=28950) to work on /home/user/rubix/internship_project/.venv/lib/python3.10/site-packages/airflow/example_dags/plugins/event_listener.py
[2024-06-24T14:23:03.376+0300] {processor.py:830} INFO - Processing file /home/user/rubix/internship_project/.venv/lib/python3.10/site-packages/airflow/example_dags/plugins/event_listener.py for tasks to queue
[2024-06-24T14:23:03.377+0300] {logging_mixin.py:188} INFO - [2024-06-24T14:23:03.377+0300] {dagbag.py:545} INFO - Filling up the DagBag from /home/user/rubix/internship_project/.venv/lib/python3.10/site-packages/airflow/example_dags/plugins/event_listener.py
[2024-06-24T14:23:03.380+0300] {processor.py:842} WARNING - No viable dags retrieved from /home/user/rubix/internship_project/.venv/lib/python3.10/site-packages/airflow/example_dags/plugins/event_listener.py
[2024-06-24T14:23:03.393+0300] {processor.py:183} INFO - Processing /home/user/rubix/internship_project/.venv/lib/python3.10/site-packages/airflow/example_dags/plugins/event_listener.py took 0.027 seconds
[2024-06-24T14:23:48.701+0300] {processor.py:161} INFO - Started process (PID=29047) to work on /home/user/rubix/internship_project/.venv/lib/python3.10/site-packages/airflow/example_dags/plugins/event_listener.py
[2024-06-24T14:23:48.702+0300] {processor.py:830} INFO - Processing file /home/user/rubix/internship_project/.venv/lib/python3.10/site-packages/airflow/example_dags/plugins/event_listener.py for tasks to queue
[2024-06-24T14:23:48.704+0300] {logging_mixin.py:188} INFO - [2024-06-24T14:23:48.704+0300] {dagbag.py:545} INFO - Filling up the DagBag from /home/user/rubix/internship_project/.venv/lib/python3.10/site-packages/airflow/example_dags/plugins/event_listener.py
[2024-06-24T14:23:48.707+0300] {processor.py:842} WARNING - No viable dags retrieved from /home/user/rubix/internship_project/.venv/lib/python3.10/site-packages/airflow/example_dags/plugins/event_listener.py
[2024-06-24T14:23:48.721+0300] {processor.py:183} INFO - Processing /home/user/rubix/internship_project/.venv/lib/python3.10/site-packages/airflow/example_dags/plugins/event_listener.py took 0.028 seconds
[2024-06-24T14:24:35.032+0300] {processor.py:161} INFO - Started process (PID=29266) to work on /home/user/rubix/internship_project/.venv/lib/python3.10/site-packages/airflow/example_dags/plugins/event_listener.py
[2024-06-24T14:24:35.033+0300] {processor.py:830} INFO - Processing file /home/user/rubix/internship_project/.venv/lib/python3.10/site-packages/airflow/example_dags/plugins/event_listener.py for tasks to queue
[2024-06-24T14:24:35.034+0300] {logging_mixin.py:188} INFO - [2024-06-24T14:24:35.034+0300] {dagbag.py:545} INFO - Filling up the DagBag from /home/user/rubix/internship_project/.venv/lib/python3.10/site-packages/airflow/example_dags/plugins/event_listener.py
[2024-06-24T14:24:35.037+0300] {processor.py:842} WARNING - No viable dags retrieved from /home/user/rubix/internship_project/.venv/lib/python3.10/site-packages/airflow/example_dags/plugins/event_listener.py
[2024-06-24T14:24:35.049+0300] {processor.py:183} INFO - Processing /home/user/rubix/internship_project/.venv/lib/python3.10/site-packages/airflow/example_dags/plugins/event_listener.py took 0.025 seconds
[2024-06-24T14:25:18.878+0300] {processor.py:161} INFO - Started process (PID=29551) to work on /home/user/rubix/internship_project/.venv/lib/python3.10/site-packages/airflow/example_dags/plugins/event_listener.py
[2024-06-24T14:25:18.879+0300] {processor.py:830} INFO - Processing file /home/user/rubix/internship_project/.venv/lib/python3.10/site-packages/airflow/example_dags/plugins/event_listener.py for tasks to queue
[2024-06-24T14:25:18.881+0300] {logging_mixin.py:188} INFO - [2024-06-24T14:25:18.881+0300] {dagbag.py:545} INFO - Filling up the DagBag from /home/user/rubix/internship_project/.venv/lib/python3.10/site-packages/airflow/example_dags/plugins/event_listener.py
[2024-06-24T14:25:18.884+0300] {processor.py:842} WARNING - No viable dags retrieved from /home/user/rubix/internship_project/.venv/lib/python3.10/site-packages/airflow/example_dags/plugins/event_listener.py
[2024-06-24T14:25:18.896+0300] {processor.py:183} INFO - Processing /home/user/rubix/internship_project/.venv/lib/python3.10/site-packages/airflow/example_dags/plugins/event_listener.py took 0.026 seconds
[2024-06-24T14:25:59.582+0300] {processor.py:161} INFO - Started process (PID=29639) to work on /home/user/rubix/internship_project/.venv/lib/python3.10/site-packages/airflow/example_dags/plugins/event_listener.py
[2024-06-24T14:25:59.583+0300] {processor.py:830} INFO - Processing file /home/user/rubix/internship_project/.venv/lib/python3.10/site-packages/airflow/example_dags/plugins/event_listener.py for tasks to queue
[2024-06-24T14:25:59.585+0300] {logging_mixin.py:188} INFO - [2024-06-24T14:25:59.585+0300] {dagbag.py:545} INFO - Filling up the DagBag from /home/user/rubix/internship_project/.venv/lib/python3.10/site-packages/airflow/example_dags/plugins/event_listener.py
[2024-06-24T14:25:59.588+0300] {processor.py:842} WARNING - No viable dags retrieved from /home/user/rubix/internship_project/.venv/lib/python3.10/site-packages/airflow/example_dags/plugins/event_listener.py
[2024-06-24T14:25:59.601+0300] {processor.py:183} INFO - Processing /home/user/rubix/internship_project/.venv/lib/python3.10/site-packages/airflow/example_dags/plugins/event_listener.py took 0.027 seconds
[2024-06-24T14:26:39.784+0300] {processor.py:161} INFO - Started process (PID=29873) to work on /home/user/rubix/internship_project/.venv/lib/python3.10/site-packages/airflow/example_dags/plugins/event_listener.py
[2024-06-24T14:26:39.786+0300] {processor.py:830} INFO - Processing file /home/user/rubix/internship_project/.venv/lib/python3.10/site-packages/airflow/example_dags/plugins/event_listener.py for tasks to queue
[2024-06-24T14:26:39.790+0300] {logging_mixin.py:188} INFO - [2024-06-24T14:26:39.787+0300] {dagbag.py:545} INFO - Filling up the DagBag from /home/user/rubix/internship_project/.venv/lib/python3.10/site-packages/airflow/example_dags/plugins/event_listener.py
[2024-06-24T14:26:39.794+0300] {processor.py:842} WARNING - No viable dags retrieved from /home/user/rubix/internship_project/.venv/lib/python3.10/site-packages/airflow/example_dags/plugins/event_listener.py
[2024-06-24T14:26:39.808+0300] {processor.py:183} INFO - Processing /home/user/rubix/internship_project/.venv/lib/python3.10/site-packages/airflow/example_dags/plugins/event_listener.py took 0.033 seconds
[2024-06-24T14:27:25.496+0300] {processor.py:161} INFO - Started process (PID=30413) to work on /home/user/rubix/internship_project/.venv/lib/python3.10/site-packages/airflow/example_dags/plugins/event_listener.py
[2024-06-24T14:27:25.497+0300] {processor.py:830} INFO - Processing file /home/user/rubix/internship_project/.venv/lib/python3.10/site-packages/airflow/example_dags/plugins/event_listener.py for tasks to queue
[2024-06-24T14:27:25.499+0300] {logging_mixin.py:188} INFO - [2024-06-24T14:27:25.499+0300] {dagbag.py:545} INFO - Filling up the DagBag from /home/user/rubix/internship_project/.venv/lib/python3.10/site-packages/airflow/example_dags/plugins/event_listener.py
[2024-06-24T14:27:25.503+0300] {processor.py:842} WARNING - No viable dags retrieved from /home/user/rubix/internship_project/.venv/lib/python3.10/site-packages/airflow/example_dags/plugins/event_listener.py
[2024-06-24T14:27:25.515+0300] {processor.py:183} INFO - Processing /home/user/rubix/internship_project/.venv/lib/python3.10/site-packages/airflow/example_dags/plugins/event_listener.py took 0.028 seconds
[2024-06-24T14:28:06.891+0300] {processor.py:161} INFO - Started process (PID=30686) to work on /home/user/rubix/internship_project/.venv/lib/python3.10/site-packages/airflow/example_dags/plugins/event_listener.py
[2024-06-24T14:28:06.892+0300] {processor.py:830} INFO - Processing file /home/user/rubix/internship_project/.venv/lib/python3.10/site-packages/airflow/example_dags/plugins/event_listener.py for tasks to queue
[2024-06-24T14:28:06.894+0300] {logging_mixin.py:188} INFO - [2024-06-24T14:28:06.893+0300] {dagbag.py:545} INFO - Filling up the DagBag from /home/user/rubix/internship_project/.venv/lib/python3.10/site-packages/airflow/example_dags/plugins/event_listener.py
[2024-06-24T14:28:06.897+0300] {processor.py:842} WARNING - No viable dags retrieved from /home/user/rubix/internship_project/.venv/lib/python3.10/site-packages/airflow/example_dags/plugins/event_listener.py
[2024-06-24T14:28:06.910+0300] {processor.py:183} INFO - Processing /home/user/rubix/internship_project/.venv/lib/python3.10/site-packages/airflow/example_dags/plugins/event_listener.py took 0.026 seconds
[2024-06-24T14:28:51.402+0300] {processor.py:161} INFO - Started process (PID=30880) to work on /home/user/rubix/internship_project/.venv/lib/python3.10/site-packages/airflow/example_dags/plugins/event_listener.py
[2024-06-24T14:28:51.404+0300] {processor.py:830} INFO - Processing file /home/user/rubix/internship_project/.venv/lib/python3.10/site-packages/airflow/example_dags/plugins/event_listener.py for tasks to queue
[2024-06-24T14:28:51.407+0300] {logging_mixin.py:188} INFO - [2024-06-24T14:28:51.406+0300] {dagbag.py:545} INFO - Filling up the DagBag from /home/user/rubix/internship_project/.venv/lib/python3.10/site-packages/airflow/example_dags/plugins/event_listener.py
[2024-06-24T14:28:51.411+0300] {processor.py:842} WARNING - No viable dags retrieved from /home/user/rubix/internship_project/.venv/lib/python3.10/site-packages/airflow/example_dags/plugins/event_listener.py
[2024-06-24T14:28:51.429+0300] {processor.py:183} INFO - Processing /home/user/rubix/internship_project/.venv/lib/python3.10/site-packages/airflow/example_dags/plugins/event_listener.py took 0.037 seconds
[2024-06-24T14:29:40.158+0300] {processor.py:161} INFO - Started process (PID=31310) to work on /home/user/rubix/internship_project/.venv/lib/python3.10/site-packages/airflow/example_dags/plugins/event_listener.py
[2024-06-24T14:29:40.159+0300] {processor.py:830} INFO - Processing file /home/user/rubix/internship_project/.venv/lib/python3.10/site-packages/airflow/example_dags/plugins/event_listener.py for tasks to queue
[2024-06-24T14:29:40.161+0300] {logging_mixin.py:188} INFO - [2024-06-24T14:29:40.160+0300] {dagbag.py:545} INFO - Filling up the DagBag from /home/user/rubix/internship_project/.venv/lib/python3.10/site-packages/airflow/example_dags/plugins/event_listener.py
[2024-06-24T14:29:40.164+0300] {processor.py:842} WARNING - No viable dags retrieved from /home/user/rubix/internship_project/.venv/lib/python3.10/site-packages/airflow/example_dags/plugins/event_listener.py
[2024-06-24T14:29:40.176+0300] {processor.py:183} INFO - Processing /home/user/rubix/internship_project/.venv/lib/python3.10/site-packages/airflow/example_dags/plugins/event_listener.py took 0.029 seconds
[2024-06-24T14:30:28.623+0300] {processor.py:161} INFO - Started process (PID=31469) to work on /home/user/rubix/internship_project/.venv/lib/python3.10/site-packages/airflow/example_dags/plugins/event_listener.py
[2024-06-24T14:30:28.624+0300] {processor.py:830} INFO - Processing file /home/user/rubix/internship_project/.venv/lib/python3.10/site-packages/airflow/example_dags/plugins/event_listener.py for tasks to queue
[2024-06-24T14:30:28.627+0300] {logging_mixin.py:188} INFO - [2024-06-24T14:30:28.626+0300] {dagbag.py:545} INFO - Filling up the DagBag from /home/user/rubix/internship_project/.venv/lib/python3.10/site-packages/airflow/example_dags/plugins/event_listener.py
[2024-06-24T14:30:28.630+0300] {processor.py:842} WARNING - No viable dags retrieved from /home/user/rubix/internship_project/.venv/lib/python3.10/site-packages/airflow/example_dags/plugins/event_listener.py
[2024-06-24T14:30:28.645+0300] {processor.py:183} INFO - Processing /home/user/rubix/internship_project/.venv/lib/python3.10/site-packages/airflow/example_dags/plugins/event_listener.py took 0.031 seconds
[2024-06-24T14:31:16.415+0300] {processor.py:161} INFO - Started process (PID=31690) to work on /home/user/rubix/internship_project/.venv/lib/python3.10/site-packages/airflow/example_dags/plugins/event_listener.py
[2024-06-24T14:31:16.416+0300] {processor.py:830} INFO - Processing file /home/user/rubix/internship_project/.venv/lib/python3.10/site-packages/airflow/example_dags/plugins/event_listener.py for tasks to queue
[2024-06-24T14:31:16.418+0300] {logging_mixin.py:188} INFO - [2024-06-24T14:31:16.417+0300] {dagbag.py:545} INFO - Filling up the DagBag from /home/user/rubix/internship_project/.venv/lib/python3.10/site-packages/airflow/example_dags/plugins/event_listener.py
[2024-06-24T14:31:16.421+0300] {processor.py:842} WARNING - No viable dags retrieved from /home/user/rubix/internship_project/.venv/lib/python3.10/site-packages/airflow/example_dags/plugins/event_listener.py
[2024-06-24T14:31:16.435+0300] {processor.py:183} INFO - Processing /home/user/rubix/internship_project/.venv/lib/python3.10/site-packages/airflow/example_dags/plugins/event_listener.py took 0.029 seconds
[2024-06-24T14:32:02.158+0300] {processor.py:161} INFO - Started process (PID=32024) to work on /home/user/rubix/internship_project/.venv/lib/python3.10/site-packages/airflow/example_dags/plugins/event_listener.py
[2024-06-24T14:32:02.159+0300] {processor.py:830} INFO - Processing file /home/user/rubix/internship_project/.venv/lib/python3.10/site-packages/airflow/example_dags/plugins/event_listener.py for tasks to queue
[2024-06-24T14:32:02.161+0300] {logging_mixin.py:188} INFO - [2024-06-24T14:32:02.160+0300] {dagbag.py:545} INFO - Filling up the DagBag from /home/user/rubix/internship_project/.venv/lib/python3.10/site-packages/airflow/example_dags/plugins/event_listener.py
[2024-06-24T14:32:02.164+0300] {processor.py:842} WARNING - No viable dags retrieved from /home/user/rubix/internship_project/.venv/lib/python3.10/site-packages/airflow/example_dags/plugins/event_listener.py
[2024-06-24T14:32:02.176+0300] {processor.py:183} INFO - Processing /home/user/rubix/internship_project/.venv/lib/python3.10/site-packages/airflow/example_dags/plugins/event_listener.py took 0.026 seconds
[2024-06-24T14:32:47.421+0300] {processor.py:161} INFO - Started process (PID=32119) to work on /home/user/rubix/internship_project/.venv/lib/python3.10/site-packages/airflow/example_dags/plugins/event_listener.py
[2024-06-24T14:32:47.424+0300] {processor.py:830} INFO - Processing file /home/user/rubix/internship_project/.venv/lib/python3.10/site-packages/airflow/example_dags/plugins/event_listener.py for tasks to queue
[2024-06-24T14:32:47.427+0300] {logging_mixin.py:188} INFO - [2024-06-24T14:32:47.427+0300] {dagbag.py:545} INFO - Filling up the DagBag from /home/user/rubix/internship_project/.venv/lib/python3.10/site-packages/airflow/example_dags/plugins/event_listener.py
[2024-06-24T14:32:47.431+0300] {processor.py:842} WARNING - No viable dags retrieved from /home/user/rubix/internship_project/.venv/lib/python3.10/site-packages/airflow/example_dags/plugins/event_listener.py
[2024-06-24T14:32:47.450+0300] {processor.py:183} INFO - Processing /home/user/rubix/internship_project/.venv/lib/python3.10/site-packages/airflow/example_dags/plugins/event_listener.py took 0.039 seconds
