[2024-06-24T14:02:46.168+0300] {processor.py:161} INFO - Started process (PID=22381) to work on /home/user/rubix/internship_project/.venv/lib/python3.10/site-packages/airflow/example_dags/plugins/listener_plugin.py
[2024-06-24T14:02:46.170+0300] {processor.py:830} INFO - Processing file /home/user/rubix/internship_project/.venv/lib/python3.10/site-packages/airflow/example_dags/plugins/listener_plugin.py for tasks to queue
[2024-06-24T14:02:46.176+0300] {logging_mixin.py:188} INFO - [2024-06-24T14:02:46.176+0300] {dagbag.py:545} INFO - Filling up the DagBag from /home/user/rubix/internship_project/.venv/lib/python3.10/site-packages/airflow/example_dags/plugins/listener_plugin.py
[2024-06-24T14:02:46.181+0300] {processor.py:842} WARNING - No viable dags retrieved from /home/user/rubix/internship_project/.venv/lib/python3.10/site-packages/airflow/example_dags/plugins/listener_plugin.py
[2024-06-24T14:02:46.218+0300] {processor.py:183} INFO - Processing /home/user/rubix/internship_project/.venv/lib/python3.10/site-packages/airflow/example_dags/plugins/listener_plugin.py took 0.061 seconds
[2024-06-24T14:03:59.802+0300] {processor.py:161} INFO - Started process (PID=22964) to work on /home/user/rubix/internship_project/.venv/lib/python3.10/site-packages/airflow/example_dags/plugins/listener_plugin.py
[2024-06-24T14:03:59.803+0300] {processor.py:830} INFO - Processing file /home/user/rubix/internship_project/.venv/lib/python3.10/site-packages/airflow/example_dags/plugins/listener_plugin.py for tasks to queue
[2024-06-24T14:03:59.805+0300] {logging_mixin.py:188} INFO - [2024-06-24T14:03:59.805+0300] {dagbag.py:545} INFO - Filling up the DagBag from /home/user/rubix/internship_project/.venv/lib/python3.10/site-packages/airflow/example_dags/plugins/listener_plugin.py
[2024-06-24T14:03:59.810+0300] {processor.py:842} WARNING - No viable dags retrieved from /home/user/rubix/internship_project/.venv/lib/python3.10/site-packages/airflow/example_dags/plugins/listener_plugin.py
[2024-06-24T14:03:59.824+0300] {processor.py:183} INFO - Processing /home/user/rubix/internship_project/.venv/lib/python3.10/site-packages/airflow/example_dags/plugins/listener_plugin.py took 0.029 seconds
[2024-06-24T14:04:52.967+0300] {processor.py:161} INFO - Started process (PID=23367) to work on /home/user/rubix/internship_project/.venv/lib/python3.10/site-packages/airflow/example_dags/plugins/listener_plugin.py
[2024-06-24T14:04:52.968+0300] {processor.py:830} INFO - Processing file /home/user/rubix/internship_project/.venv/lib/python3.10/site-packages/airflow/example_dags/plugins/listener_plugin.py for tasks to queue
[2024-06-24T14:04:52.970+0300] {logging_mixin.py:188} INFO - [2024-06-24T14:04:52.969+0300] {dagbag.py:545} INFO - Filling up the DagBag from /home/user/rubix/internship_project/.venv/lib/python3.10/site-packages/airflow/example_dags/plugins/listener_plugin.py
[2024-06-24T14:04:52.974+0300] {processor.py:842} WARNING - No viable dags retrieved from /home/user/rubix/internship_project/.venv/lib/python3.10/site-packages/airflow/example_dags/plugins/listener_plugin.py
[2024-06-24T14:04:52.987+0300] {processor.py:183} INFO - Processing /home/user/rubix/internship_project/.venv/lib/python3.10/site-packages/airflow/example_dags/plugins/listener_plugin.py took 0.029 seconds
[2024-06-24T14:05:58.152+0300] {processor.py:161} INFO - Started process (PID=23933) to work on /home/user/rubix/internship_project/.venv/lib/python3.10/site-packages/airflow/example_dags/plugins/listener_plugin.py
[2024-06-24T14:05:58.153+0300] {processor.py:830} INFO - Processing file /home/user/rubix/internship_project/.venv/lib/python3.10/site-packages/airflow/example_dags/plugins/listener_plugin.py for tasks to queue
[2024-06-24T14:05:58.156+0300] {logging_mixin.py:188} INFO - [2024-06-24T14:05:58.156+0300] {dagbag.py:545} INFO - Filling up the DagBag from /home/user/rubix/internship_project/.venv/lib/python3.10/site-packages/airflow/example_dags/plugins/listener_plugin.py
[2024-06-24T14:05:58.184+0300] {processor.py:842} WARNING - No viable dags retrieved from /home/user/rubix/internship_project/.venv/lib/python3.10/site-packages/airflow/example_dags/plugins/listener_plugin.py
[2024-06-24T14:05:58.199+0300] {processor.py:183} INFO - Processing /home/user/rubix/internship_project/.venv/lib/python3.10/site-packages/airflow/example_dags/plugins/listener_plugin.py took 0.056 seconds
[2024-06-24T14:06:53.545+0300] {processor.py:161} INFO - Started process (PID=24167) to work on /home/user/rubix/internship_project/.venv/lib/python3.10/site-packages/airflow/example_dags/plugins/listener_plugin.py
[2024-06-24T14:06:53.547+0300] {processor.py:830} INFO - Processing file /home/user/rubix/internship_project/.venv/lib/python3.10/site-packages/airflow/example_dags/plugins/listener_plugin.py for tasks to queue
[2024-06-24T14:06:53.550+0300] {logging_mixin.py:188} INFO - [2024-06-24T14:06:53.549+0300] {dagbag.py:545} INFO - Filling up the DagBag from /home/user/rubix/internship_project/.venv/lib/python3.10/site-packages/airflow/example_dags/plugins/listener_plugin.py
[2024-06-24T14:06:53.554+0300] {processor.py:842} WARNING - No viable dags retrieved from /home/user/rubix/internship_project/.venv/lib/python3.10/site-packages/airflow/example_dags/plugins/listener_plugin.py
[2024-06-24T14:06:53.576+0300] {processor.py:183} INFO - Processing /home/user/rubix/internship_project/.venv/lib/python3.10/site-packages/airflow/example_dags/plugins/listener_plugin.py took 0.045 seconds
[2024-06-24T14:07:41.794+0300] {processor.py:161} INFO - Started process (PID=24418) to work on /home/user/rubix/internship_project/.venv/lib/python3.10/site-packages/airflow/example_dags/plugins/listener_plugin.py
[2024-06-24T14:07:41.795+0300] {processor.py:830} INFO - Processing file /home/user/rubix/internship_project/.venv/lib/python3.10/site-packages/airflow/example_dags/plugins/listener_plugin.py for tasks to queue
[2024-06-24T14:07:41.797+0300] {logging_mixin.py:188} INFO - [2024-06-24T14:07:41.797+0300] {dagbag.py:545} INFO - Filling up the DagBag from /home/user/rubix/internship_project/.venv/lib/python3.10/site-packages/airflow/example_dags/plugins/listener_plugin.py
[2024-06-24T14:07:41.803+0300] {processor.py:842} WARNING - No viable dags retrieved from /home/user/rubix/internship_project/.venv/lib/python3.10/site-packages/airflow/example_dags/plugins/listener_plugin.py
[2024-06-24T14:07:41.816+0300] {processor.py:183} INFO - Processing /home/user/rubix/internship_project/.venv/lib/python3.10/site-packages/airflow/example_dags/plugins/listener_plugin.py took 0.030 seconds
[2024-06-24T14:08:27.171+0300] {processor.py:161} INFO - Started process (PID=24720) to work on /home/user/rubix/internship_project/.venv/lib/python3.10/site-packages/airflow/example_dags/plugins/listener_plugin.py
[2024-06-24T14:08:27.172+0300] {processor.py:830} INFO - Processing file /home/user/rubix/internship_project/.venv/lib/python3.10/site-packages/airflow/example_dags/plugins/listener_plugin.py for tasks to queue
[2024-06-24T14:08:27.174+0300] {logging_mixin.py:188} INFO - [2024-06-24T14:08:27.174+0300] {dagbag.py:545} INFO - Filling up the DagBag from /home/user/rubix/internship_project/.venv/lib/python3.10/site-packages/airflow/example_dags/plugins/listener_plugin.py
[2024-06-24T14:08:27.178+0300] {processor.py:842} WARNING - No viable dags retrieved from /home/user/rubix/internship_project/.venv/lib/python3.10/site-packages/airflow/example_dags/plugins/listener_plugin.py
[2024-06-24T14:08:27.193+0300] {processor.py:183} INFO - Processing /home/user/rubix/internship_project/.venv/lib/python3.10/site-packages/airflow/example_dags/plugins/listener_plugin.py took 0.030 seconds
[2024-06-24T14:09:12.599+0300] {processor.py:161} INFO - Started process (PID=25046) to work on /home/user/rubix/internship_project/.venv/lib/python3.10/site-packages/airflow/example_dags/plugins/listener_plugin.py
[2024-06-24T14:09:12.600+0300] {processor.py:830} INFO - Processing file /home/user/rubix/internship_project/.venv/lib/python3.10/site-packages/airflow/example_dags/plugins/listener_plugin.py for tasks to queue
[2024-06-24T14:09:12.602+0300] {logging_mixin.py:188} INFO - [2024-06-24T14:09:12.602+0300] {dagbag.py:545} INFO - Filling up the DagBag from /home/user/rubix/internship_project/.venv/lib/python3.10/site-packages/airflow/example_dags/plugins/listener_plugin.py
[2024-06-24T14:09:12.606+0300] {processor.py:842} WARNING - No viable dags retrieved from /home/user/rubix/internship_project/.venv/lib/python3.10/site-packages/airflow/example_dags/plugins/listener_plugin.py
[2024-06-24T14:09:12.621+0300] {processor.py:183} INFO - Processing /home/user/rubix/internship_project/.venv/lib/python3.10/site-packages/airflow/example_dags/plugins/listener_plugin.py took 0.031 seconds
[2024-06-24T14:09:57.385+0300] {processor.py:161} INFO - Started process (PID=25282) to work on /home/user/rubix/internship_project/.venv/lib/python3.10/site-packages/airflow/example_dags/plugins/listener_plugin.py
[2024-06-24T14:09:57.386+0300] {processor.py:830} INFO - Processing file /home/user/rubix/internship_project/.venv/lib/python3.10/site-packages/airflow/example_dags/plugins/listener_plugin.py for tasks to queue
[2024-06-24T14:09:57.388+0300] {logging_mixin.py:188} INFO - [2024-06-24T14:09:57.387+0300] {dagbag.py:545} INFO - Filling up the DagBag from /home/user/rubix/internship_project/.venv/lib/python3.10/site-packages/airflow/example_dags/plugins/listener_plugin.py
[2024-06-24T14:09:57.391+0300] {processor.py:842} WARNING - No viable dags retrieved from /home/user/rubix/internship_project/.venv/lib/python3.10/site-packages/airflow/example_dags/plugins/listener_plugin.py
[2024-06-24T14:09:57.404+0300] {processor.py:183} INFO - Processing /home/user/rubix/internship_project/.venv/lib/python3.10/site-packages/airflow/example_dags/plugins/listener_plugin.py took 0.026 seconds
[2024-06-24T14:10:42.997+0300] {processor.py:161} INFO - Started process (PID=25557) to work on /home/user/rubix/internship_project/.venv/lib/python3.10/site-packages/airflow/example_dags/plugins/listener_plugin.py
[2024-06-24T14:10:42.998+0300] {processor.py:830} INFO - Processing file /home/user/rubix/internship_project/.venv/lib/python3.10/site-packages/airflow/example_dags/plugins/listener_plugin.py for tasks to queue
[2024-06-24T14:10:43.000+0300] {logging_mixin.py:188} INFO - [2024-06-24T14:10:43.000+0300] {dagbag.py:545} INFO - Filling up the DagBag from /home/user/rubix/internship_project/.venv/lib/python3.10/site-packages/airflow/example_dags/plugins/listener_plugin.py
[2024-06-24T14:10:43.004+0300] {processor.py:842} WARNING - No viable dags retrieved from /home/user/rubix/internship_project/.venv/lib/python3.10/site-packages/airflow/example_dags/plugins/listener_plugin.py
[2024-06-24T14:10:43.019+0300] {processor.py:183} INFO - Processing /home/user/rubix/internship_project/.venv/lib/python3.10/site-packages/airflow/example_dags/plugins/listener_plugin.py took 0.031 seconds
[2024-06-24T14:11:28.305+0300] {processor.py:161} INFO - Started process (PID=25879) to work on /home/user/rubix/internship_project/.venv/lib/python3.10/site-packages/airflow/example_dags/plugins/listener_plugin.py
[2024-06-24T14:11:28.306+0300] {processor.py:830} INFO - Processing file /home/user/rubix/internship_project/.venv/lib/python3.10/site-packages/airflow/example_dags/plugins/listener_plugin.py for tasks to queue
[2024-06-24T14:11:28.308+0300] {logging_mixin.py:188} INFO - [2024-06-24T14:11:28.308+0300] {dagbag.py:545} INFO - Filling up the DagBag from /home/user/rubix/internship_project/.venv/lib/python3.10/site-packages/airflow/example_dags/plugins/listener_plugin.py
[2024-06-24T14:11:28.312+0300] {processor.py:842} WARNING - No viable dags retrieved from /home/user/rubix/internship_project/.venv/lib/python3.10/site-packages/airflow/example_dags/plugins/listener_plugin.py
[2024-06-24T14:11:28.324+0300] {processor.py:183} INFO - Processing /home/user/rubix/internship_project/.venv/lib/python3.10/site-packages/airflow/example_dags/plugins/listener_plugin.py took 0.028 seconds
[2024-06-24T14:12:12.230+0300] {processor.py:161} INFO - Started process (PID=26096) to work on /home/user/rubix/internship_project/.venv/lib/python3.10/site-packages/airflow/example_dags/plugins/listener_plugin.py
[2024-06-24T14:12:12.231+0300] {processor.py:830} INFO - Processing file /home/user/rubix/internship_project/.venv/lib/python3.10/site-packages/airflow/example_dags/plugins/listener_plugin.py for tasks to queue
[2024-06-24T14:12:12.233+0300] {logging_mixin.py:188} INFO - [2024-06-24T14:12:12.233+0300] {dagbag.py:545} INFO - Filling up the DagBag from /home/user/rubix/internship_project/.venv/lib/python3.10/site-packages/airflow/example_dags/plugins/listener_plugin.py
[2024-06-24T14:12:12.237+0300] {processor.py:842} WARNING - No viable dags retrieved from /home/user/rubix/internship_project/.venv/lib/python3.10/site-packages/airflow/example_dags/plugins/listener_plugin.py
[2024-06-24T14:12:12.249+0300] {processor.py:183} INFO - Processing /home/user/rubix/internship_project/.venv/lib/python3.10/site-packages/airflow/example_dags/plugins/listener_plugin.py took 0.026 seconds
[2024-06-24T14:12:57.790+0300] {processor.py:161} INFO - Started process (PID=26189) to work on /home/user/rubix/internship_project/.venv/lib/python3.10/site-packages/airflow/example_dags/plugins/listener_plugin.py
[2024-06-24T14:12:57.791+0300] {processor.py:830} INFO - Processing file /home/user/rubix/internship_project/.venv/lib/python3.10/site-packages/airflow/example_dags/plugins/listener_plugin.py for tasks to queue
[2024-06-24T14:12:57.792+0300] {logging_mixin.py:188} INFO - [2024-06-24T14:12:57.792+0300] {dagbag.py:545} INFO - Filling up the DagBag from /home/user/rubix/internship_project/.venv/lib/python3.10/site-packages/airflow/example_dags/plugins/listener_plugin.py
[2024-06-24T14:12:57.819+0300] {processor.py:842} WARNING - No viable dags retrieved from /home/user/rubix/internship_project/.venv/lib/python3.10/site-packages/airflow/example_dags/plugins/listener_plugin.py
[2024-06-24T14:12:57.833+0300] {processor.py:183} INFO - Processing /home/user/rubix/internship_project/.venv/lib/python3.10/site-packages/airflow/example_dags/plugins/listener_plugin.py took 0.051 seconds
[2024-06-24T14:13:50.470+0300] {processor.py:161} INFO - Started process (PID=26431) to work on /home/user/rubix/internship_project/.venv/lib/python3.10/site-packages/airflow/example_dags/plugins/listener_plugin.py
[2024-06-24T14:13:50.471+0300] {processor.py:830} INFO - Processing file /home/user/rubix/internship_project/.venv/lib/python3.10/site-packages/airflow/example_dags/plugins/listener_plugin.py for tasks to queue
[2024-06-24T14:13:50.473+0300] {logging_mixin.py:188} INFO - [2024-06-24T14:13:50.473+0300] {dagbag.py:545} INFO - Filling up the DagBag from /home/user/rubix/internship_project/.venv/lib/python3.10/site-packages/airflow/example_dags/plugins/listener_plugin.py
[2024-06-24T14:13:50.478+0300] {processor.py:842} WARNING - No viable dags retrieved from /home/user/rubix/internship_project/.venv/lib/python3.10/site-packages/airflow/example_dags/plugins/listener_plugin.py
[2024-06-24T14:13:50.492+0300] {processor.py:183} INFO - Processing /home/user/rubix/internship_project/.venv/lib/python3.10/site-packages/airflow/example_dags/plugins/listener_plugin.py took 0.030 seconds
[2024-06-24T14:14:34.132+0300] {processor.py:161} INFO - Started process (PID=26722) to work on /home/user/rubix/internship_project/.venv/lib/python3.10/site-packages/airflow/example_dags/plugins/listener_plugin.py
[2024-06-24T14:14:34.133+0300] {processor.py:830} INFO - Processing file /home/user/rubix/internship_project/.venv/lib/python3.10/site-packages/airflow/example_dags/plugins/listener_plugin.py for tasks to queue
[2024-06-24T14:14:34.135+0300] {logging_mixin.py:188} INFO - [2024-06-24T14:14:34.134+0300] {dagbag.py:545} INFO - Filling up the DagBag from /home/user/rubix/internship_project/.venv/lib/python3.10/site-packages/airflow/example_dags/plugins/listener_plugin.py
[2024-06-24T14:14:34.138+0300] {processor.py:842} WARNING - No viable dags retrieved from /home/user/rubix/internship_project/.venv/lib/python3.10/site-packages/airflow/example_dags/plugins/listener_plugin.py
[2024-06-24T14:14:34.150+0300] {processor.py:183} INFO - Processing /home/user/rubix/internship_project/.venv/lib/python3.10/site-packages/airflow/example_dags/plugins/listener_plugin.py took 0.026 seconds
[2024-06-24T14:15:17.737+0300] {processor.py:161} INFO - Started process (PID=26877) to work on /home/user/rubix/internship_project/.venv/lib/python3.10/site-packages/airflow/example_dags/plugins/listener_plugin.py
[2024-06-24T14:15:17.738+0300] {processor.py:830} INFO - Processing file /home/user/rubix/internship_project/.venv/lib/python3.10/site-packages/airflow/example_dags/plugins/listener_plugin.py for tasks to queue
[2024-06-24T14:15:17.740+0300] {logging_mixin.py:188} INFO - [2024-06-24T14:15:17.740+0300] {dagbag.py:545} INFO - Filling up the DagBag from /home/user/rubix/internship_project/.venv/lib/python3.10/site-packages/airflow/example_dags/plugins/listener_plugin.py
[2024-06-24T14:15:17.744+0300] {processor.py:842} WARNING - No viable dags retrieved from /home/user/rubix/internship_project/.venv/lib/python3.10/site-packages/airflow/example_dags/plugins/listener_plugin.py
[2024-06-24T14:15:17.758+0300] {processor.py:183} INFO - Processing /home/user/rubix/internship_project/.venv/lib/python3.10/site-packages/airflow/example_dags/plugins/listener_plugin.py took 0.030 seconds
[2024-06-24T14:15:59.321+0300] {processor.py:161} INFO - Started process (PID=26990) to work on /home/user/rubix/internship_project/.venv/lib/python3.10/site-packages/airflow/example_dags/plugins/listener_plugin.py
[2024-06-24T14:15:59.322+0300] {processor.py:830} INFO - Processing file /home/user/rubix/internship_project/.venv/lib/python3.10/site-packages/airflow/example_dags/plugins/listener_plugin.py for tasks to queue
[2024-06-24T14:15:59.324+0300] {logging_mixin.py:188} INFO - [2024-06-24T14:15:59.324+0300] {dagbag.py:545} INFO - Filling up the DagBag from /home/user/rubix/internship_project/.venv/lib/python3.10/site-packages/airflow/example_dags/plugins/listener_plugin.py
[2024-06-24T14:15:59.328+0300] {processor.py:842} WARNING - No viable dags retrieved from /home/user/rubix/internship_project/.venv/lib/python3.10/site-packages/airflow/example_dags/plugins/listener_plugin.py
[2024-06-24T14:15:59.341+0300] {processor.py:183} INFO - Processing /home/user/rubix/internship_project/.venv/lib/python3.10/site-packages/airflow/example_dags/plugins/listener_plugin.py took 0.027 seconds
[2024-06-24T14:16:39.414+0300] {processor.py:161} INFO - Started process (PID=27112) to work on /home/user/rubix/internship_project/.venv/lib/python3.10/site-packages/airflow/example_dags/plugins/listener_plugin.py
[2024-06-24T14:16:39.416+0300] {processor.py:830} INFO - Processing file /home/user/rubix/internship_project/.venv/lib/python3.10/site-packages/airflow/example_dags/plugins/listener_plugin.py for tasks to queue
[2024-06-24T14:16:39.418+0300] {logging_mixin.py:188} INFO - [2024-06-24T14:16:39.417+0300] {dagbag.py:545} INFO - Filling up the DagBag from /home/user/rubix/internship_project/.venv/lib/python3.10/site-packages/airflow/example_dags/plugins/listener_plugin.py
[2024-06-24T14:16:39.422+0300] {processor.py:842} WARNING - No viable dags retrieved from /home/user/rubix/internship_project/.venv/lib/python3.10/site-packages/airflow/example_dags/plugins/listener_plugin.py
[2024-06-24T14:16:39.435+0300] {processor.py:183} INFO - Processing /home/user/rubix/internship_project/.venv/lib/python3.10/site-packages/airflow/example_dags/plugins/listener_plugin.py took 0.029 seconds
[2024-06-24T14:17:19.158+0300] {processor.py:161} INFO - Started process (PID=27259) to work on /home/user/rubix/internship_project/.venv/lib/python3.10/site-packages/airflow/example_dags/plugins/listener_plugin.py
[2024-06-24T14:17:19.159+0300] {processor.py:830} INFO - Processing file /home/user/rubix/internship_project/.venv/lib/python3.10/site-packages/airflow/example_dags/plugins/listener_plugin.py for tasks to queue
[2024-06-24T14:17:19.161+0300] {logging_mixin.py:188} INFO - [2024-06-24T14:17:19.161+0300] {dagbag.py:545} INFO - Filling up the DagBag from /home/user/rubix/internship_project/.venv/lib/python3.10/site-packages/airflow/example_dags/plugins/listener_plugin.py
[2024-06-24T14:17:19.165+0300] {processor.py:842} WARNING - No viable dags retrieved from /home/user/rubix/internship_project/.venv/lib/python3.10/site-packages/airflow/example_dags/plugins/listener_plugin.py
[2024-06-24T14:17:19.177+0300] {processor.py:183} INFO - Processing /home/user/rubix/internship_project/.venv/lib/python3.10/site-packages/airflow/example_dags/plugins/listener_plugin.py took 0.027 seconds
[2024-06-24T14:18:03.317+0300] {processor.py:161} INFO - Started process (PID=27415) to work on /home/user/rubix/internship_project/.venv/lib/python3.10/site-packages/airflow/example_dags/plugins/listener_plugin.py
[2024-06-24T14:18:03.319+0300] {processor.py:830} INFO - Processing file /home/user/rubix/internship_project/.venv/lib/python3.10/site-packages/airflow/example_dags/plugins/listener_plugin.py for tasks to queue
[2024-06-24T14:18:03.321+0300] {logging_mixin.py:188} INFO - [2024-06-24T14:18:03.320+0300] {dagbag.py:545} INFO - Filling up the DagBag from /home/user/rubix/internship_project/.venv/lib/python3.10/site-packages/airflow/example_dags/plugins/listener_plugin.py
[2024-06-24T14:18:03.344+0300] {processor.py:842} WARNING - No viable dags retrieved from /home/user/rubix/internship_project/.venv/lib/python3.10/site-packages/airflow/example_dags/plugins/listener_plugin.py
[2024-06-24T14:18:03.359+0300] {processor.py:183} INFO - Processing /home/user/rubix/internship_project/.venv/lib/python3.10/site-packages/airflow/example_dags/plugins/listener_plugin.py took 0.050 seconds
[2024-06-24T14:19:00.308+0300] {processor.py:161} INFO - Started process (PID=27589) to work on /home/user/rubix/internship_project/.venv/lib/python3.10/site-packages/airflow/example_dags/plugins/listener_plugin.py
[2024-06-24T14:19:00.312+0300] {processor.py:830} INFO - Processing file /home/user/rubix/internship_project/.venv/lib/python3.10/site-packages/airflow/example_dags/plugins/listener_plugin.py for tasks to queue
[2024-06-24T14:19:00.317+0300] {logging_mixin.py:188} INFO - [2024-06-24T14:19:00.316+0300] {dagbag.py:545} INFO - Filling up the DagBag from /home/user/rubix/internship_project/.venv/lib/python3.10/site-packages/airflow/example_dags/plugins/listener_plugin.py
[2024-06-24T14:19:00.327+0300] {processor.py:842} WARNING - No viable dags retrieved from /home/user/rubix/internship_project/.venv/lib/python3.10/site-packages/airflow/example_dags/plugins/listener_plugin.py
[2024-06-24T14:19:00.364+0300] {processor.py:183} INFO - Processing /home/user/rubix/internship_project/.venv/lib/python3.10/site-packages/airflow/example_dags/plugins/listener_plugin.py took 0.077 seconds
[2024-06-24T14:19:43.987+0300] {processor.py:161} INFO - Started process (PID=27742) to work on /home/user/rubix/internship_project/.venv/lib/python3.10/site-packages/airflow/example_dags/plugins/listener_plugin.py
[2024-06-24T14:19:43.989+0300] {processor.py:830} INFO - Processing file /home/user/rubix/internship_project/.venv/lib/python3.10/site-packages/airflow/example_dags/plugins/listener_plugin.py for tasks to queue
[2024-06-24T14:19:43.991+0300] {logging_mixin.py:188} INFO - [2024-06-24T14:19:43.990+0300] {dagbag.py:545} INFO - Filling up the DagBag from /home/user/rubix/internship_project/.venv/lib/python3.10/site-packages/airflow/example_dags/plugins/listener_plugin.py
[2024-06-24T14:19:43.995+0300] {processor.py:842} WARNING - No viable dags retrieved from /home/user/rubix/internship_project/.venv/lib/python3.10/site-packages/airflow/example_dags/plugins/listener_plugin.py
[2024-06-24T14:19:44.009+0300] {processor.py:183} INFO - Processing /home/user/rubix/internship_project/.venv/lib/python3.10/site-packages/airflow/example_dags/plugins/listener_plugin.py took 0.032 seconds
[2024-06-24T14:20:22.687+0300] {processor.py:161} INFO - Started process (PID=28119) to work on /home/user/rubix/internship_project/.venv/lib/python3.10/site-packages/airflow/example_dags/plugins/listener_plugin.py
[2024-06-24T14:20:22.688+0300] {processor.py:830} INFO - Processing file /home/user/rubix/internship_project/.venv/lib/python3.10/site-packages/airflow/example_dags/plugins/listener_plugin.py for tasks to queue
[2024-06-24T14:20:22.690+0300] {logging_mixin.py:188} INFO - [2024-06-24T14:20:22.690+0300] {dagbag.py:545} INFO - Filling up the DagBag from /home/user/rubix/internship_project/.venv/lib/python3.10/site-packages/airflow/example_dags/plugins/listener_plugin.py
[2024-06-24T14:20:22.694+0300] {processor.py:842} WARNING - No viable dags retrieved from /home/user/rubix/internship_project/.venv/lib/python3.10/site-packages/airflow/example_dags/plugins/listener_plugin.py
[2024-06-24T14:20:22.707+0300] {processor.py:183} INFO - Processing /home/user/rubix/internship_project/.venv/lib/python3.10/site-packages/airflow/example_dags/plugins/listener_plugin.py took 0.028 seconds
[2024-06-24T14:21:02.851+0300] {processor.py:161} INFO - Started process (PID=28397) to work on /home/user/rubix/internship_project/.venv/lib/python3.10/site-packages/airflow/example_dags/plugins/listener_plugin.py
[2024-06-24T14:21:02.852+0300] {processor.py:830} INFO - Processing file /home/user/rubix/internship_project/.venv/lib/python3.10/site-packages/airflow/example_dags/plugins/listener_plugin.py for tasks to queue
[2024-06-24T14:21:02.853+0300] {logging_mixin.py:188} INFO - [2024-06-24T14:21:02.853+0300] {dagbag.py:545} INFO - Filling up the DagBag from /home/user/rubix/internship_project/.venv/lib/python3.10/site-packages/airflow/example_dags/plugins/listener_plugin.py
[2024-06-24T14:21:02.857+0300] {processor.py:842} WARNING - No viable dags retrieved from /home/user/rubix/internship_project/.venv/lib/python3.10/site-packages/airflow/example_dags/plugins/listener_plugin.py
[2024-06-24T14:21:02.869+0300] {processor.py:183} INFO - Processing /home/user/rubix/internship_project/.venv/lib/python3.10/site-packages/airflow/example_dags/plugins/listener_plugin.py took 0.026 seconds
[2024-06-24T14:21:45.805+0300] {processor.py:161} INFO - Started process (PID=28615) to work on /home/user/rubix/internship_project/.venv/lib/python3.10/site-packages/airflow/example_dags/plugins/listener_plugin.py
[2024-06-24T14:21:45.806+0300] {processor.py:830} INFO - Processing file /home/user/rubix/internship_project/.venv/lib/python3.10/site-packages/airflow/example_dags/plugins/listener_plugin.py for tasks to queue
[2024-06-24T14:21:45.809+0300] {logging_mixin.py:188} INFO - [2024-06-24T14:21:45.809+0300] {dagbag.py:545} INFO - Filling up the DagBag from /home/user/rubix/internship_project/.venv/lib/python3.10/site-packages/airflow/example_dags/plugins/listener_plugin.py
[2024-06-24T14:21:45.814+0300] {processor.py:842} WARNING - No viable dags retrieved from /home/user/rubix/internship_project/.venv/lib/python3.10/site-packages/airflow/example_dags/plugins/listener_plugin.py
[2024-06-24T14:21:45.830+0300] {processor.py:183} INFO - Processing /home/user/rubix/internship_project/.venv/lib/python3.10/site-packages/airflow/example_dags/plugins/listener_plugin.py took 0.033 seconds
[2024-06-24T14:22:22.048+0300] {processor.py:161} INFO - Started process (PID=28764) to work on /home/user/rubix/internship_project/.venv/lib/python3.10/site-packages/airflow/example_dags/plugins/listener_plugin.py
[2024-06-24T14:22:22.049+0300] {processor.py:830} INFO - Processing file /home/user/rubix/internship_project/.venv/lib/python3.10/site-packages/airflow/example_dags/plugins/listener_plugin.py for tasks to queue
[2024-06-24T14:22:22.051+0300] {logging_mixin.py:188} INFO - [2024-06-24T14:22:22.051+0300] {dagbag.py:545} INFO - Filling up the DagBag from /home/user/rubix/internship_project/.venv/lib/python3.10/site-packages/airflow/example_dags/plugins/listener_plugin.py
[2024-06-24T14:22:22.055+0300] {processor.py:842} WARNING - No viable dags retrieved from /home/user/rubix/internship_project/.venv/lib/python3.10/site-packages/airflow/example_dags/plugins/listener_plugin.py
[2024-06-24T14:22:22.069+0300] {processor.py:183} INFO - Processing /home/user/rubix/internship_project/.venv/lib/python3.10/site-packages/airflow/example_dags/plugins/listener_plugin.py took 0.029 seconds
[2024-06-24T14:23:02.255+0300] {processor.py:161} INFO - Started process (PID=28949) to work on /home/user/rubix/internship_project/.venv/lib/python3.10/site-packages/airflow/example_dags/plugins/listener_plugin.py
[2024-06-24T14:23:02.256+0300] {processor.py:830} INFO - Processing file /home/user/rubix/internship_project/.venv/lib/python3.10/site-packages/airflow/example_dags/plugins/listener_plugin.py for tasks to queue
[2024-06-24T14:23:02.258+0300] {logging_mixin.py:188} INFO - [2024-06-24T14:23:02.257+0300] {dagbag.py:545} INFO - Filling up the DagBag from /home/user/rubix/internship_project/.venv/lib/python3.10/site-packages/airflow/example_dags/plugins/listener_plugin.py
[2024-06-24T14:23:02.261+0300] {processor.py:842} WARNING - No viable dags retrieved from /home/user/rubix/internship_project/.venv/lib/python3.10/site-packages/airflow/example_dags/plugins/listener_plugin.py
[2024-06-24T14:23:02.274+0300] {processor.py:183} INFO - Processing /home/user/rubix/internship_project/.venv/lib/python3.10/site-packages/airflow/example_dags/plugins/listener_plugin.py took 0.027 seconds
[2024-06-24T14:23:47.543+0300] {processor.py:161} INFO - Started process (PID=29043) to work on /home/user/rubix/internship_project/.venv/lib/python3.10/site-packages/airflow/example_dags/plugins/listener_plugin.py
[2024-06-24T14:23:47.544+0300] {processor.py:830} INFO - Processing file /home/user/rubix/internship_project/.venv/lib/python3.10/site-packages/airflow/example_dags/plugins/listener_plugin.py for tasks to queue
[2024-06-24T14:23:47.546+0300] {logging_mixin.py:188} INFO - [2024-06-24T14:23:47.545+0300] {dagbag.py:545} INFO - Filling up the DagBag from /home/user/rubix/internship_project/.venv/lib/python3.10/site-packages/airflow/example_dags/plugins/listener_plugin.py
[2024-06-24T14:23:47.550+0300] {processor.py:842} WARNING - No viable dags retrieved from /home/user/rubix/internship_project/.venv/lib/python3.10/site-packages/airflow/example_dags/plugins/listener_plugin.py
[2024-06-24T14:23:47.562+0300] {processor.py:183} INFO - Processing /home/user/rubix/internship_project/.venv/lib/python3.10/site-packages/airflow/example_dags/plugins/listener_plugin.py took 0.027 seconds
[2024-06-24T14:24:33.839+0300] {processor.py:161} INFO - Started process (PID=29262) to work on /home/user/rubix/internship_project/.venv/lib/python3.10/site-packages/airflow/example_dags/plugins/listener_plugin.py
[2024-06-24T14:24:33.840+0300] {processor.py:830} INFO - Processing file /home/user/rubix/internship_project/.venv/lib/python3.10/site-packages/airflow/example_dags/plugins/listener_plugin.py for tasks to queue
[2024-06-24T14:24:33.841+0300] {logging_mixin.py:188} INFO - [2024-06-24T14:24:33.841+0300] {dagbag.py:545} INFO - Filling up the DagBag from /home/user/rubix/internship_project/.venv/lib/python3.10/site-packages/airflow/example_dags/plugins/listener_plugin.py
[2024-06-24T14:24:33.845+0300] {processor.py:842} WARNING - No viable dags retrieved from /home/user/rubix/internship_project/.venv/lib/python3.10/site-packages/airflow/example_dags/plugins/listener_plugin.py
[2024-06-24T14:24:33.857+0300] {processor.py:183} INFO - Processing /home/user/rubix/internship_project/.venv/lib/python3.10/site-packages/airflow/example_dags/plugins/listener_plugin.py took 0.026 seconds
[2024-06-24T14:25:17.725+0300] {processor.py:161} INFO - Started process (PID=29550) to work on /home/user/rubix/internship_project/.venv/lib/python3.10/site-packages/airflow/example_dags/plugins/listener_plugin.py
[2024-06-24T14:25:17.726+0300] {processor.py:830} INFO - Processing file /home/user/rubix/internship_project/.venv/lib/python3.10/site-packages/airflow/example_dags/plugins/listener_plugin.py for tasks to queue
[2024-06-24T14:25:17.728+0300] {logging_mixin.py:188} INFO - [2024-06-24T14:25:17.727+0300] {dagbag.py:545} INFO - Filling up the DagBag from /home/user/rubix/internship_project/.venv/lib/python3.10/site-packages/airflow/example_dags/plugins/listener_plugin.py
[2024-06-24T14:25:17.731+0300] {processor.py:842} WARNING - No viable dags retrieved from /home/user/rubix/internship_project/.venv/lib/python3.10/site-packages/airflow/example_dags/plugins/listener_plugin.py
[2024-06-24T14:25:17.744+0300] {processor.py:183} INFO - Processing /home/user/rubix/internship_project/.venv/lib/python3.10/site-packages/airflow/example_dags/plugins/listener_plugin.py took 0.026 seconds
[2024-06-24T14:25:58.429+0300] {processor.py:161} INFO - Started process (PID=29638) to work on /home/user/rubix/internship_project/.venv/lib/python3.10/site-packages/airflow/example_dags/plugins/listener_plugin.py
[2024-06-24T14:25:58.430+0300] {processor.py:830} INFO - Processing file /home/user/rubix/internship_project/.venv/lib/python3.10/site-packages/airflow/example_dags/plugins/listener_plugin.py for tasks to queue
[2024-06-24T14:25:58.432+0300] {logging_mixin.py:188} INFO - [2024-06-24T14:25:58.432+0300] {dagbag.py:545} INFO - Filling up the DagBag from /home/user/rubix/internship_project/.venv/lib/python3.10/site-packages/airflow/example_dags/plugins/listener_plugin.py
[2024-06-24T14:25:58.436+0300] {processor.py:842} WARNING - No viable dags retrieved from /home/user/rubix/internship_project/.venv/lib/python3.10/site-packages/airflow/example_dags/plugins/listener_plugin.py
[2024-06-24T14:25:58.448+0300] {processor.py:183} INFO - Processing /home/user/rubix/internship_project/.venv/lib/python3.10/site-packages/airflow/example_dags/plugins/listener_plugin.py took 0.027 seconds
[2024-06-24T14:26:38.634+0300] {processor.py:161} INFO - Started process (PID=29872) to work on /home/user/rubix/internship_project/.venv/lib/python3.10/site-packages/airflow/example_dags/plugins/listener_plugin.py
[2024-06-24T14:26:38.635+0300] {processor.py:830} INFO - Processing file /home/user/rubix/internship_project/.venv/lib/python3.10/site-packages/airflow/example_dags/plugins/listener_plugin.py for tasks to queue
[2024-06-24T14:26:38.637+0300] {logging_mixin.py:188} INFO - [2024-06-24T14:26:38.637+0300] {dagbag.py:545} INFO - Filling up the DagBag from /home/user/rubix/internship_project/.venv/lib/python3.10/site-packages/airflow/example_dags/plugins/listener_plugin.py
[2024-06-24T14:26:38.641+0300] {processor.py:842} WARNING - No viable dags retrieved from /home/user/rubix/internship_project/.venv/lib/python3.10/site-packages/airflow/example_dags/plugins/listener_plugin.py
[2024-06-24T14:26:38.658+0300] {processor.py:183} INFO - Processing /home/user/rubix/internship_project/.venv/lib/python3.10/site-packages/airflow/example_dags/plugins/listener_plugin.py took 0.034 seconds
[2024-06-24T14:27:24.307+0300] {processor.py:161} INFO - Started process (PID=30409) to work on /home/user/rubix/internship_project/.venv/lib/python3.10/site-packages/airflow/example_dags/plugins/listener_plugin.py
[2024-06-24T14:27:24.309+0300] {processor.py:830} INFO - Processing file /home/user/rubix/internship_project/.venv/lib/python3.10/site-packages/airflow/example_dags/plugins/listener_plugin.py for tasks to queue
[2024-06-24T14:27:24.311+0300] {logging_mixin.py:188} INFO - [2024-06-24T14:27:24.310+0300] {dagbag.py:545} INFO - Filling up the DagBag from /home/user/rubix/internship_project/.venv/lib/python3.10/site-packages/airflow/example_dags/plugins/listener_plugin.py
[2024-06-24T14:27:24.315+0300] {processor.py:842} WARNING - No viable dags retrieved from /home/user/rubix/internship_project/.venv/lib/python3.10/site-packages/airflow/example_dags/plugins/listener_plugin.py
[2024-06-24T14:27:24.331+0300] {processor.py:183} INFO - Processing /home/user/rubix/internship_project/.venv/lib/python3.10/site-packages/airflow/example_dags/plugins/listener_plugin.py took 0.035 seconds
[2024-06-24T14:28:05.722+0300] {processor.py:161} INFO - Started process (PID=30671) to work on /home/user/rubix/internship_project/.venv/lib/python3.10/site-packages/airflow/example_dags/plugins/listener_plugin.py
[2024-06-24T14:28:05.723+0300] {processor.py:830} INFO - Processing file /home/user/rubix/internship_project/.venv/lib/python3.10/site-packages/airflow/example_dags/plugins/listener_plugin.py for tasks to queue
[2024-06-24T14:28:05.725+0300] {logging_mixin.py:188} INFO - [2024-06-24T14:28:05.725+0300] {dagbag.py:545} INFO - Filling up the DagBag from /home/user/rubix/internship_project/.venv/lib/python3.10/site-packages/airflow/example_dags/plugins/listener_plugin.py
[2024-06-24T14:28:05.730+0300] {processor.py:842} WARNING - No viable dags retrieved from /home/user/rubix/internship_project/.venv/lib/python3.10/site-packages/airflow/example_dags/plugins/listener_plugin.py
[2024-06-24T14:28:05.744+0300] {processor.py:183} INFO - Processing /home/user/rubix/internship_project/.venv/lib/python3.10/site-packages/airflow/example_dags/plugins/listener_plugin.py took 0.031 seconds
[2024-06-24T14:28:50.219+0300] {processor.py:161} INFO - Started process (PID=30860) to work on /home/user/rubix/internship_project/.venv/lib/python3.10/site-packages/airflow/example_dags/plugins/listener_plugin.py
[2024-06-24T14:28:50.220+0300] {processor.py:830} INFO - Processing file /home/user/rubix/internship_project/.venv/lib/python3.10/site-packages/airflow/example_dags/plugins/listener_plugin.py for tasks to queue
[2024-06-24T14:28:50.227+0300] {logging_mixin.py:188} INFO - [2024-06-24T14:28:50.226+0300] {dagbag.py:545} INFO - Filling up the DagBag from /home/user/rubix/internship_project/.venv/lib/python3.10/site-packages/airflow/example_dags/plugins/listener_plugin.py
[2024-06-24T14:28:50.235+0300] {processor.py:842} WARNING - No viable dags retrieved from /home/user/rubix/internship_project/.venv/lib/python3.10/site-packages/airflow/example_dags/plugins/listener_plugin.py
[2024-06-24T14:28:50.263+0300] {processor.py:183} INFO - Processing /home/user/rubix/internship_project/.venv/lib/python3.10/site-packages/airflow/example_dags/plugins/listener_plugin.py took 0.060 seconds
[2024-06-24T14:29:38.973+0300] {processor.py:161} INFO - Started process (PID=31306) to work on /home/user/rubix/internship_project/.venv/lib/python3.10/site-packages/airflow/example_dags/plugins/listener_plugin.py
[2024-06-24T14:29:38.974+0300] {processor.py:830} INFO - Processing file /home/user/rubix/internship_project/.venv/lib/python3.10/site-packages/airflow/example_dags/plugins/listener_plugin.py for tasks to queue
[2024-06-24T14:29:38.976+0300] {logging_mixin.py:188} INFO - [2024-06-24T14:29:38.976+0300] {dagbag.py:545} INFO - Filling up the DagBag from /home/user/rubix/internship_project/.venv/lib/python3.10/site-packages/airflow/example_dags/plugins/listener_plugin.py
[2024-06-24T14:29:38.980+0300] {processor.py:842} WARNING - No viable dags retrieved from /home/user/rubix/internship_project/.venv/lib/python3.10/site-packages/airflow/example_dags/plugins/listener_plugin.py
[2024-06-24T14:29:38.995+0300] {processor.py:183} INFO - Processing /home/user/rubix/internship_project/.venv/lib/python3.10/site-packages/airflow/example_dags/plugins/listener_plugin.py took 0.032 seconds
[2024-06-24T14:30:27.457+0300] {processor.py:161} INFO - Started process (PID=31468) to work on /home/user/rubix/internship_project/.venv/lib/python3.10/site-packages/airflow/example_dags/plugins/listener_plugin.py
[2024-06-24T14:30:27.458+0300] {processor.py:830} INFO - Processing file /home/user/rubix/internship_project/.venv/lib/python3.10/site-packages/airflow/example_dags/plugins/listener_plugin.py for tasks to queue
[2024-06-24T14:30:27.460+0300] {logging_mixin.py:188} INFO - [2024-06-24T14:30:27.460+0300] {dagbag.py:545} INFO - Filling up the DagBag from /home/user/rubix/internship_project/.venv/lib/python3.10/site-packages/airflow/example_dags/plugins/listener_plugin.py
[2024-06-24T14:30:27.464+0300] {processor.py:842} WARNING - No viable dags retrieved from /home/user/rubix/internship_project/.venv/lib/python3.10/site-packages/airflow/example_dags/plugins/listener_plugin.py
[2024-06-24T14:30:27.481+0300] {processor.py:183} INFO - Processing /home/user/rubix/internship_project/.venv/lib/python3.10/site-packages/airflow/example_dags/plugins/listener_plugin.py took 0.032 seconds
[2024-06-24T14:31:15.259+0300] {processor.py:161} INFO - Started process (PID=31686) to work on /home/user/rubix/internship_project/.venv/lib/python3.10/site-packages/airflow/example_dags/plugins/listener_plugin.py
[2024-06-24T14:31:15.260+0300] {processor.py:830} INFO - Processing file /home/user/rubix/internship_project/.venv/lib/python3.10/site-packages/airflow/example_dags/plugins/listener_plugin.py for tasks to queue
[2024-06-24T14:31:15.262+0300] {logging_mixin.py:188} INFO - [2024-06-24T14:31:15.262+0300] {dagbag.py:545} INFO - Filling up the DagBag from /home/user/rubix/internship_project/.venv/lib/python3.10/site-packages/airflow/example_dags/plugins/listener_plugin.py
[2024-06-24T14:31:15.266+0300] {processor.py:842} WARNING - No viable dags retrieved from /home/user/rubix/internship_project/.venv/lib/python3.10/site-packages/airflow/example_dags/plugins/listener_plugin.py
[2024-06-24T14:31:15.278+0300] {processor.py:183} INFO - Processing /home/user/rubix/internship_project/.venv/lib/python3.10/site-packages/airflow/example_dags/plugins/listener_plugin.py took 0.031 seconds
[2024-06-24T14:32:01.183+0300] {processor.py:161} INFO - Started process (PID=31988) to work on /home/user/rubix/internship_project/.venv/lib/python3.10/site-packages/airflow/example_dags/plugins/listener_plugin.py
[2024-06-24T14:32:01.184+0300] {processor.py:830} INFO - Processing file /home/user/rubix/internship_project/.venv/lib/python3.10/site-packages/airflow/example_dags/plugins/listener_plugin.py for tasks to queue
[2024-06-24T14:32:01.186+0300] {logging_mixin.py:188} INFO - [2024-06-24T14:32:01.185+0300] {dagbag.py:545} INFO - Filling up the DagBag from /home/user/rubix/internship_project/.venv/lib/python3.10/site-packages/airflow/example_dags/plugins/listener_plugin.py
[2024-06-24T14:32:01.189+0300] {processor.py:842} WARNING - No viable dags retrieved from /home/user/rubix/internship_project/.venv/lib/python3.10/site-packages/airflow/example_dags/plugins/listener_plugin.py
[2024-06-24T14:32:01.202+0300] {processor.py:183} INFO - Processing /home/user/rubix/internship_project/.venv/lib/python3.10/site-packages/airflow/example_dags/plugins/listener_plugin.py took 0.026 seconds
[2024-06-24T14:32:46.247+0300] {processor.py:161} INFO - Started process (PID=32118) to work on /home/user/rubix/internship_project/.venv/lib/python3.10/site-packages/airflow/example_dags/plugins/listener_plugin.py
[2024-06-24T14:32:46.248+0300] {processor.py:830} INFO - Processing file /home/user/rubix/internship_project/.venv/lib/python3.10/site-packages/airflow/example_dags/plugins/listener_plugin.py for tasks to queue
[2024-06-24T14:32:46.250+0300] {logging_mixin.py:188} INFO - [2024-06-24T14:32:46.249+0300] {dagbag.py:545} INFO - Filling up the DagBag from /home/user/rubix/internship_project/.venv/lib/python3.10/site-packages/airflow/example_dags/plugins/listener_plugin.py
[2024-06-24T14:32:46.254+0300] {processor.py:842} WARNING - No viable dags retrieved from /home/user/rubix/internship_project/.venv/lib/python3.10/site-packages/airflow/example_dags/plugins/listener_plugin.py
[2024-06-24T14:32:46.270+0300] {processor.py:183} INFO - Processing /home/user/rubix/internship_project/.venv/lib/python3.10/site-packages/airflow/example_dags/plugins/listener_plugin.py took 0.037 seconds
