[2024-06-24T14:02:44.392+0300] {processor.py:161} INFO - Started process (PID=22373) to work on /home/user/rubix/internship_project/.venv/lib/python3.10/site-packages/airflow/example_dags/plugins/workday.py
[2024-06-24T14:02:44.394+0300] {processor.py:830} INFO - Processing file /home/user/rubix/internship_project/.venv/lib/python3.10/site-packages/airflow/example_dags/plugins/workday.py for tasks to queue
[2024-06-24T14:02:44.397+0300] {logging_mixin.py:188} INFO - [2024-06-24T14:02:44.396+0300] {dagbag.py:545} INFO - Filling up the DagBag from /home/user/rubix/internship_project/.venv/lib/python3.10/site-packages/airflow/example_dags/plugins/workday.py
[2024-06-24T14:02:45.017+0300] {processor.py:842} WARNING - No viable dags retrieved from /home/user/rubix/internship_project/.venv/lib/python3.10/site-packages/airflow/example_dags/plugins/workday.py
[2024-06-24T14:02:45.025+0300] {processor.py:183} INFO - Processing /home/user/rubix/internship_project/.venv/lib/python3.10/site-packages/airflow/example_dags/plugins/workday.py took 0.645 seconds
[2024-06-24T14:03:58.251+0300] {processor.py:161} INFO - Started process (PID=22925) to work on /home/user/rubix/internship_project/.venv/lib/python3.10/site-packages/airflow/example_dags/plugins/workday.py
[2024-06-24T14:03:58.252+0300] {processor.py:830} INFO - Processing file /home/user/rubix/internship_project/.venv/lib/python3.10/site-packages/airflow/example_dags/plugins/workday.py for tasks to queue
[2024-06-24T14:03:58.254+0300] {logging_mixin.py:188} INFO - [2024-06-24T14:03:58.254+0300] {dagbag.py:545} INFO - Filling up the DagBag from /home/user/rubix/internship_project/.venv/lib/python3.10/site-packages/airflow/example_dags/plugins/workday.py
[2024-06-24T14:03:58.674+0300] {processor.py:842} WARNING - No viable dags retrieved from /home/user/rubix/internship_project/.venv/lib/python3.10/site-packages/airflow/example_dags/plugins/workday.py
[2024-06-24T14:03:58.680+0300] {processor.py:183} INFO - Processing /home/user/rubix/internship_project/.venv/lib/python3.10/site-packages/airflow/example_dags/plugins/workday.py took 0.437 seconds
[2024-06-24T14:04:51.416+0300] {processor.py:161} INFO - Started process (PID=23351) to work on /home/user/rubix/internship_project/.venv/lib/python3.10/site-packages/airflow/example_dags/plugins/workday.py
[2024-06-24T14:04:51.417+0300] {processor.py:830} INFO - Processing file /home/user/rubix/internship_project/.venv/lib/python3.10/site-packages/airflow/example_dags/plugins/workday.py for tasks to queue
[2024-06-24T14:04:51.419+0300] {logging_mixin.py:188} INFO - [2024-06-24T14:04:51.418+0300] {dagbag.py:545} INFO - Filling up the DagBag from /home/user/rubix/internship_project/.venv/lib/python3.10/site-packages/airflow/example_dags/plugins/workday.py
[2024-06-24T14:04:51.860+0300] {processor.py:842} WARNING - No viable dags retrieved from /home/user/rubix/internship_project/.venv/lib/python3.10/site-packages/airflow/example_dags/plugins/workday.py
[2024-06-24T14:04:51.866+0300] {processor.py:183} INFO - Processing /home/user/rubix/internship_project/.venv/lib/python3.10/site-packages/airflow/example_dags/plugins/workday.py took 0.460 seconds
[2024-06-24T14:05:52.115+0300] {processor.py:161} INFO - Started process (PID=23886) to work on /home/user/rubix/internship_project/.venv/lib/python3.10/site-packages/airflow/example_dags/plugins/workday.py
[2024-06-24T14:05:52.116+0300] {processor.py:830} INFO - Processing file /home/user/rubix/internship_project/.venv/lib/python3.10/site-packages/airflow/example_dags/plugins/workday.py for tasks to queue
[2024-06-24T14:05:52.118+0300] {logging_mixin.py:188} INFO - [2024-06-24T14:05:52.118+0300] {dagbag.py:545} INFO - Filling up the DagBag from /home/user/rubix/internship_project/.venv/lib/python3.10/site-packages/airflow/example_dags/plugins/workday.py
[2024-06-24T14:05:56.945+0300] {processor.py:842} WARNING - No viable dags retrieved from /home/user/rubix/internship_project/.venv/lib/python3.10/site-packages/airflow/example_dags/plugins/workday.py
[2024-06-24T14:05:56.952+0300] {processor.py:183} INFO - Processing /home/user/rubix/internship_project/.venv/lib/python3.10/site-packages/airflow/example_dags/plugins/workday.py took 4.845 seconds
[2024-06-24T14:06:52.053+0300] {processor.py:161} INFO - Started process (PID=24159) to work on /home/user/rubix/internship_project/.venv/lib/python3.10/site-packages/airflow/example_dags/plugins/workday.py
[2024-06-24T14:06:52.054+0300] {processor.py:830} INFO - Processing file /home/user/rubix/internship_project/.venv/lib/python3.10/site-packages/airflow/example_dags/plugins/workday.py for tasks to queue
[2024-06-24T14:06:52.056+0300] {logging_mixin.py:188} INFO - [2024-06-24T14:06:52.055+0300] {dagbag.py:545} INFO - Filling up the DagBag from /home/user/rubix/internship_project/.venv/lib/python3.10/site-packages/airflow/example_dags/plugins/workday.py
[2024-06-24T14:06:52.373+0300] {processor.py:842} WARNING - No viable dags retrieved from /home/user/rubix/internship_project/.venv/lib/python3.10/site-packages/airflow/example_dags/plugins/workday.py
[2024-06-24T14:06:52.383+0300] {processor.py:183} INFO - Processing /home/user/rubix/internship_project/.venv/lib/python3.10/site-packages/airflow/example_dags/plugins/workday.py took 0.338 seconds
[2024-06-24T14:07:40.323+0300] {processor.py:161} INFO - Started process (PID=24407) to work on /home/user/rubix/internship_project/.venv/lib/python3.10/site-packages/airflow/example_dags/plugins/workday.py
[2024-06-24T14:07:40.324+0300] {processor.py:830} INFO - Processing file /home/user/rubix/internship_project/.venv/lib/python3.10/site-packages/airflow/example_dags/plugins/workday.py for tasks to queue
[2024-06-24T14:07:40.326+0300] {logging_mixin.py:188} INFO - [2024-06-24T14:07:40.326+0300] {dagbag.py:545} INFO - Filling up the DagBag from /home/user/rubix/internship_project/.venv/lib/python3.10/site-packages/airflow/example_dags/plugins/workday.py
[2024-06-24T14:07:40.635+0300] {processor.py:842} WARNING - No viable dags retrieved from /home/user/rubix/internship_project/.venv/lib/python3.10/site-packages/airflow/example_dags/plugins/workday.py
[2024-06-24T14:07:40.649+0300] {processor.py:183} INFO - Processing /home/user/rubix/internship_project/.venv/lib/python3.10/site-packages/airflow/example_dags/plugins/workday.py took 0.333 seconds
[2024-06-24T14:08:26.596+0300] {processor.py:161} INFO - Started process (PID=24712) to work on /home/user/rubix/internship_project/.venv/lib/python3.10/site-packages/airflow/example_dags/plugins/workday.py
[2024-06-24T14:08:26.597+0300] {processor.py:830} INFO - Processing file /home/user/rubix/internship_project/.venv/lib/python3.10/site-packages/airflow/example_dags/plugins/workday.py for tasks to queue
[2024-06-24T14:08:26.599+0300] {logging_mixin.py:188} INFO - [2024-06-24T14:08:26.599+0300] {dagbag.py:545} INFO - Filling up the DagBag from /home/user/rubix/internship_project/.venv/lib/python3.10/site-packages/airflow/example_dags/plugins/workday.py
[2024-06-24T14:08:26.908+0300] {processor.py:842} WARNING - No viable dags retrieved from /home/user/rubix/internship_project/.venv/lib/python3.10/site-packages/airflow/example_dags/plugins/workday.py
[2024-06-24T14:08:26.918+0300] {processor.py:183} INFO - Processing /home/user/rubix/internship_project/.venv/lib/python3.10/site-packages/airflow/example_dags/plugins/workday.py took 0.330 seconds
[2024-06-24T14:09:11.043+0300] {processor.py:161} INFO - Started process (PID=25035) to work on /home/user/rubix/internship_project/.venv/lib/python3.10/site-packages/airflow/example_dags/plugins/workday.py
[2024-06-24T14:09:11.044+0300] {processor.py:830} INFO - Processing file /home/user/rubix/internship_project/.venv/lib/python3.10/site-packages/airflow/example_dags/plugins/workday.py for tasks to queue
[2024-06-24T14:09:11.046+0300] {logging_mixin.py:188} INFO - [2024-06-24T14:09:11.045+0300] {dagbag.py:545} INFO - Filling up the DagBag from /home/user/rubix/internship_project/.venv/lib/python3.10/site-packages/airflow/example_dags/plugins/workday.py
[2024-06-24T14:09:11.451+0300] {processor.py:842} WARNING - No viable dags retrieved from /home/user/rubix/internship_project/.venv/lib/python3.10/site-packages/airflow/example_dags/plugins/workday.py
[2024-06-24T14:09:11.467+0300] {processor.py:183} INFO - Processing /home/user/rubix/internship_project/.venv/lib/python3.10/site-packages/airflow/example_dags/plugins/workday.py took 0.436 seconds
[2024-06-24T14:09:56.714+0300] {processor.py:161} INFO - Started process (PID=25274) to work on /home/user/rubix/internship_project/.venv/lib/python3.10/site-packages/airflow/example_dags/plugins/workday.py
[2024-06-24T14:09:56.715+0300] {processor.py:830} INFO - Processing file /home/user/rubix/internship_project/.venv/lib/python3.10/site-packages/airflow/example_dags/plugins/workday.py for tasks to queue
[2024-06-24T14:09:56.718+0300] {logging_mixin.py:188} INFO - [2024-06-24T14:09:56.717+0300] {dagbag.py:545} INFO - Filling up the DagBag from /home/user/rubix/internship_project/.venv/lib/python3.10/site-packages/airflow/example_dags/plugins/workday.py
[2024-06-24T14:09:57.015+0300] {processor.py:842} WARNING - No viable dags retrieved from /home/user/rubix/internship_project/.venv/lib/python3.10/site-packages/airflow/example_dags/plugins/workday.py
[2024-06-24T14:09:57.024+0300] {processor.py:183} INFO - Processing /home/user/rubix/internship_project/.venv/lib/python3.10/site-packages/airflow/example_dags/plugins/workday.py took 0.318 seconds
[2024-06-24T14:10:41.519+0300] {processor.py:161} INFO - Started process (PID=25548) to work on /home/user/rubix/internship_project/.venv/lib/python3.10/site-packages/airflow/example_dags/plugins/workday.py
[2024-06-24T14:10:41.520+0300] {processor.py:830} INFO - Processing file /home/user/rubix/internship_project/.venv/lib/python3.10/site-packages/airflow/example_dags/plugins/workday.py for tasks to queue
[2024-06-24T14:10:41.522+0300] {logging_mixin.py:188} INFO - [2024-06-24T14:10:41.522+0300] {dagbag.py:545} INFO - Filling up the DagBag from /home/user/rubix/internship_project/.venv/lib/python3.10/site-packages/airflow/example_dags/plugins/workday.py
[2024-06-24T14:10:41.823+0300] {processor.py:842} WARNING - No viable dags retrieved from /home/user/rubix/internship_project/.venv/lib/python3.10/site-packages/airflow/example_dags/plugins/workday.py
[2024-06-24T14:10:41.833+0300] {processor.py:183} INFO - Processing /home/user/rubix/internship_project/.venv/lib/python3.10/site-packages/airflow/example_dags/plugins/workday.py took 0.322 seconds
[2024-06-24T14:11:26.840+0300] {processor.py:161} INFO - Started process (PID=25857) to work on /home/user/rubix/internship_project/.venv/lib/python3.10/site-packages/airflow/example_dags/plugins/workday.py
[2024-06-24T14:11:26.841+0300] {processor.py:830} INFO - Processing file /home/user/rubix/internship_project/.venv/lib/python3.10/site-packages/airflow/example_dags/plugins/workday.py for tasks to queue
[2024-06-24T14:11:26.843+0300] {logging_mixin.py:188} INFO - [2024-06-24T14:11:26.842+0300] {dagbag.py:545} INFO - Filling up the DagBag from /home/user/rubix/internship_project/.venv/lib/python3.10/site-packages/airflow/example_dags/plugins/workday.py
[2024-06-24T14:11:27.182+0300] {processor.py:842} WARNING - No viable dags retrieved from /home/user/rubix/internship_project/.venv/lib/python3.10/site-packages/airflow/example_dags/plugins/workday.py
[2024-06-24T14:11:27.193+0300] {processor.py:183} INFO - Processing /home/user/rubix/internship_project/.venv/lib/python3.10/site-packages/airflow/example_dags/plugins/workday.py took 0.362 seconds
[2024-06-24T14:12:10.780+0300] {processor.py:161} INFO - Started process (PID=26088) to work on /home/user/rubix/internship_project/.venv/lib/python3.10/site-packages/airflow/example_dags/plugins/workday.py
[2024-06-24T14:12:10.781+0300] {processor.py:830} INFO - Processing file /home/user/rubix/internship_project/.venv/lib/python3.10/site-packages/airflow/example_dags/plugins/workday.py for tasks to queue
[2024-06-24T14:12:10.783+0300] {logging_mixin.py:188} INFO - [2024-06-24T14:12:10.782+0300] {dagbag.py:545} INFO - Filling up the DagBag from /home/user/rubix/internship_project/.venv/lib/python3.10/site-packages/airflow/example_dags/plugins/workday.py
[2024-06-24T14:12:11.083+0300] {processor.py:842} WARNING - No viable dags retrieved from /home/user/rubix/internship_project/.venv/lib/python3.10/site-packages/airflow/example_dags/plugins/workday.py
[2024-06-24T14:12:11.093+0300] {processor.py:183} INFO - Processing /home/user/rubix/internship_project/.venv/lib/python3.10/site-packages/airflow/example_dags/plugins/workday.py took 0.321 seconds
[2024-06-24T14:12:52.177+0300] {processor.py:161} INFO - Started process (PID=26175) to work on /home/user/rubix/internship_project/.venv/lib/python3.10/site-packages/airflow/example_dags/plugins/workday.py
[2024-06-24T14:12:52.178+0300] {processor.py:830} INFO - Processing file /home/user/rubix/internship_project/.venv/lib/python3.10/site-packages/airflow/example_dags/plugins/workday.py for tasks to queue
[2024-06-24T14:12:52.180+0300] {logging_mixin.py:188} INFO - [2024-06-24T14:12:52.179+0300] {dagbag.py:545} INFO - Filling up the DagBag from /home/user/rubix/internship_project/.venv/lib/python3.10/site-packages/airflow/example_dags/plugins/workday.py
[2024-06-24T14:12:56.654+0300] {processor.py:842} WARNING - No viable dags retrieved from /home/user/rubix/internship_project/.venv/lib/python3.10/site-packages/airflow/example_dags/plugins/workday.py
[2024-06-24T14:12:56.668+0300] {processor.py:183} INFO - Processing /home/user/rubix/internship_project/.venv/lib/python3.10/site-packages/airflow/example_dags/plugins/workday.py took 4.498 seconds
[2024-06-24T14:13:49.431+0300] {processor.py:161} INFO - Started process (PID=26422) to work on /home/user/rubix/internship_project/.venv/lib/python3.10/site-packages/airflow/example_dags/plugins/workday.py
[2024-06-24T14:13:49.432+0300] {processor.py:830} INFO - Processing file /home/user/rubix/internship_project/.venv/lib/python3.10/site-packages/airflow/example_dags/plugins/workday.py for tasks to queue
[2024-06-24T14:13:49.434+0300] {logging_mixin.py:188} INFO - [2024-06-24T14:13:49.433+0300] {dagbag.py:545} INFO - Filling up the DagBag from /home/user/rubix/internship_project/.venv/lib/python3.10/site-packages/airflow/example_dags/plugins/workday.py
[2024-06-24T14:13:49.732+0300] {processor.py:842} WARNING - No viable dags retrieved from /home/user/rubix/internship_project/.venv/lib/python3.10/site-packages/airflow/example_dags/plugins/workday.py
[2024-06-24T14:13:49.743+0300] {processor.py:183} INFO - Processing /home/user/rubix/internship_project/.venv/lib/python3.10/site-packages/airflow/example_dags/plugins/workday.py took 0.319 seconds
[2024-06-24T14:14:32.675+0300] {processor.py:161} INFO - Started process (PID=26714) to work on /home/user/rubix/internship_project/.venv/lib/python3.10/site-packages/airflow/example_dags/plugins/workday.py
[2024-06-24T14:14:32.676+0300] {processor.py:830} INFO - Processing file /home/user/rubix/internship_project/.venv/lib/python3.10/site-packages/airflow/example_dags/plugins/workday.py for tasks to queue
[2024-06-24T14:14:32.677+0300] {logging_mixin.py:188} INFO - [2024-06-24T14:14:32.677+0300] {dagbag.py:545} INFO - Filling up the DagBag from /home/user/rubix/internship_project/.venv/lib/python3.10/site-packages/airflow/example_dags/plugins/workday.py
[2024-06-24T14:14:32.973+0300] {processor.py:842} WARNING - No viable dags retrieved from /home/user/rubix/internship_project/.venv/lib/python3.10/site-packages/airflow/example_dags/plugins/workday.py
[2024-06-24T14:14:32.982+0300] {processor.py:183} INFO - Processing /home/user/rubix/internship_project/.venv/lib/python3.10/site-packages/airflow/example_dags/plugins/workday.py took 0.315 seconds
[2024-06-24T14:15:16.259+0300] {processor.py:161} INFO - Started process (PID=26866) to work on /home/user/rubix/internship_project/.venv/lib/python3.10/site-packages/airflow/example_dags/plugins/workday.py
[2024-06-24T14:15:16.260+0300] {processor.py:830} INFO - Processing file /home/user/rubix/internship_project/.venv/lib/python3.10/site-packages/airflow/example_dags/plugins/workday.py for tasks to queue
[2024-06-24T14:15:16.262+0300] {logging_mixin.py:188} INFO - [2024-06-24T14:15:16.261+0300] {dagbag.py:545} INFO - Filling up the DagBag from /home/user/rubix/internship_project/.venv/lib/python3.10/site-packages/airflow/example_dags/plugins/workday.py
[2024-06-24T14:15:16.585+0300] {processor.py:842} WARNING - No viable dags retrieved from /home/user/rubix/internship_project/.venv/lib/python3.10/site-packages/airflow/example_dags/plugins/workday.py
[2024-06-24T14:15:16.595+0300] {processor.py:183} INFO - Processing /home/user/rubix/internship_project/.venv/lib/python3.10/site-packages/airflow/example_dags/plugins/workday.py took 0.345 seconds
[2024-06-24T14:15:57.840+0300] {processor.py:161} INFO - Started process (PID=26957) to work on /home/user/rubix/internship_project/.venv/lib/python3.10/site-packages/airflow/example_dags/plugins/workday.py
[2024-06-24T14:15:57.841+0300] {processor.py:830} INFO - Processing file /home/user/rubix/internship_project/.venv/lib/python3.10/site-packages/airflow/example_dags/plugins/workday.py for tasks to queue
[2024-06-24T14:15:57.843+0300] {logging_mixin.py:188} INFO - [2024-06-24T14:15:57.843+0300] {dagbag.py:545} INFO - Filling up the DagBag from /home/user/rubix/internship_project/.venv/lib/python3.10/site-packages/airflow/example_dags/plugins/workday.py
[2024-06-24T14:15:58.144+0300] {processor.py:842} WARNING - No viable dags retrieved from /home/user/rubix/internship_project/.venv/lib/python3.10/site-packages/airflow/example_dags/plugins/workday.py
[2024-06-24T14:15:58.155+0300] {processor.py:183} INFO - Processing /home/user/rubix/internship_project/.venv/lib/python3.10/site-packages/airflow/example_dags/plugins/workday.py took 0.323 seconds
[2024-06-24T14:16:38.570+0300] {processor.py:161} INFO - Started process (PID=27104) to work on /home/user/rubix/internship_project/.venv/lib/python3.10/site-packages/airflow/example_dags/plugins/workday.py
[2024-06-24T14:16:38.571+0300] {processor.py:830} INFO - Processing file /home/user/rubix/internship_project/.venv/lib/python3.10/site-packages/airflow/example_dags/plugins/workday.py for tasks to queue
[2024-06-24T14:16:38.573+0300] {logging_mixin.py:188} INFO - [2024-06-24T14:16:38.573+0300] {dagbag.py:545} INFO - Filling up the DagBag from /home/user/rubix/internship_project/.venv/lib/python3.10/site-packages/airflow/example_dags/plugins/workday.py
[2024-06-24T14:16:38.883+0300] {processor.py:842} WARNING - No viable dags retrieved from /home/user/rubix/internship_project/.venv/lib/python3.10/site-packages/airflow/example_dags/plugins/workday.py
[2024-06-24T14:16:38.893+0300] {processor.py:183} INFO - Processing /home/user/rubix/internship_project/.venv/lib/python3.10/site-packages/airflow/example_dags/plugins/workday.py took 0.331 seconds
[2024-06-24T14:17:17.701+0300] {processor.py:161} INFO - Started process (PID=27251) to work on /home/user/rubix/internship_project/.venv/lib/python3.10/site-packages/airflow/example_dags/plugins/workday.py
[2024-06-24T14:17:17.702+0300] {processor.py:830} INFO - Processing file /home/user/rubix/internship_project/.venv/lib/python3.10/site-packages/airflow/example_dags/plugins/workday.py for tasks to queue
[2024-06-24T14:17:17.704+0300] {logging_mixin.py:188} INFO - [2024-06-24T14:17:17.704+0300] {dagbag.py:545} INFO - Filling up the DagBag from /home/user/rubix/internship_project/.venv/lib/python3.10/site-packages/airflow/example_dags/plugins/workday.py
[2024-06-24T14:17:17.994+0300] {processor.py:842} WARNING - No viable dags retrieved from /home/user/rubix/internship_project/.venv/lib/python3.10/site-packages/airflow/example_dags/plugins/workday.py
[2024-06-24T14:17:18.004+0300] {processor.py:183} INFO - Processing /home/user/rubix/internship_project/.venv/lib/python3.10/site-packages/airflow/example_dags/plugins/workday.py took 0.310 seconds
[2024-06-24T14:17:58.341+0300] {processor.py:161} INFO - Started process (PID=27338) to work on /home/user/rubix/internship_project/.venv/lib/python3.10/site-packages/airflow/example_dags/plugins/workday.py
[2024-06-24T14:17:58.343+0300] {processor.py:830} INFO - Processing file /home/user/rubix/internship_project/.venv/lib/python3.10/site-packages/airflow/example_dags/plugins/workday.py for tasks to queue
[2024-06-24T14:17:58.345+0300] {logging_mixin.py:188} INFO - [2024-06-24T14:17:58.344+0300] {dagbag.py:545} INFO - Filling up the DagBag from /home/user/rubix/internship_project/.venv/lib/python3.10/site-packages/airflow/example_dags/plugins/workday.py
[2024-06-24T14:18:02.554+0300] {processor.py:842} WARNING - No viable dags retrieved from /home/user/rubix/internship_project/.venv/lib/python3.10/site-packages/airflow/example_dags/plugins/workday.py
[2024-06-24T14:18:02.567+0300] {processor.py:183} INFO - Processing /home/user/rubix/internship_project/.venv/lib/python3.10/site-packages/airflow/example_dags/plugins/workday.py took 4.235 seconds
[2024-06-24T14:18:58.451+0300] {processor.py:161} INFO - Started process (PID=27519) to work on /home/user/rubix/internship_project/.venv/lib/python3.10/site-packages/airflow/example_dags/plugins/workday.py
[2024-06-24T14:18:58.452+0300] {processor.py:830} INFO - Processing file /home/user/rubix/internship_project/.venv/lib/python3.10/site-packages/airflow/example_dags/plugins/workday.py for tasks to queue
[2024-06-24T14:18:58.454+0300] {logging_mixin.py:188} INFO - [2024-06-24T14:18:58.454+0300] {dagbag.py:545} INFO - Filling up the DagBag from /home/user/rubix/internship_project/.venv/lib/python3.10/site-packages/airflow/example_dags/plugins/workday.py
[2024-06-24T14:18:58.925+0300] {processor.py:842} WARNING - No viable dags retrieved from /home/user/rubix/internship_project/.venv/lib/python3.10/site-packages/airflow/example_dags/plugins/workday.py
[2024-06-24T14:18:58.944+0300] {processor.py:183} INFO - Processing /home/user/rubix/internship_project/.venv/lib/python3.10/site-packages/airflow/example_dags/plugins/workday.py took 0.502 seconds
[2024-06-24T14:19:42.506+0300] {processor.py:161} INFO - Started process (PID=27734) to work on /home/user/rubix/internship_project/.venv/lib/python3.10/site-packages/airflow/example_dags/plugins/workday.py
[2024-06-24T14:19:42.507+0300] {processor.py:830} INFO - Processing file /home/user/rubix/internship_project/.venv/lib/python3.10/site-packages/airflow/example_dags/plugins/workday.py for tasks to queue
[2024-06-24T14:19:42.508+0300] {logging_mixin.py:188} INFO - [2024-06-24T14:19:42.508+0300] {dagbag.py:545} INFO - Filling up the DagBag from /home/user/rubix/internship_project/.venv/lib/python3.10/site-packages/airflow/example_dags/plugins/workday.py
[2024-06-24T14:19:42.801+0300] {processor.py:842} WARNING - No viable dags retrieved from /home/user/rubix/internship_project/.venv/lib/python3.10/site-packages/airflow/example_dags/plugins/workday.py
[2024-06-24T14:19:42.811+0300] {processor.py:183} INFO - Processing /home/user/rubix/internship_project/.venv/lib/python3.10/site-packages/airflow/example_dags/plugins/workday.py took 0.313 seconds
[2024-06-24T14:20:21.233+0300] {processor.py:161} INFO - Started process (PID=28097) to work on /home/user/rubix/internship_project/.venv/lib/python3.10/site-packages/airflow/example_dags/plugins/workday.py
[2024-06-24T14:20:21.234+0300] {processor.py:830} INFO - Processing file /home/user/rubix/internship_project/.venv/lib/python3.10/site-packages/airflow/example_dags/plugins/workday.py for tasks to queue
[2024-06-24T14:20:21.236+0300] {logging_mixin.py:188} INFO - [2024-06-24T14:20:21.236+0300] {dagbag.py:545} INFO - Filling up the DagBag from /home/user/rubix/internship_project/.venv/lib/python3.10/site-packages/airflow/example_dags/plugins/workday.py
[2024-06-24T14:20:21.553+0300] {processor.py:842} WARNING - No viable dags retrieved from /home/user/rubix/internship_project/.venv/lib/python3.10/site-packages/airflow/example_dags/plugins/workday.py
[2024-06-24T14:20:21.566+0300] {processor.py:183} INFO - Processing /home/user/rubix/internship_project/.venv/lib/python3.10/site-packages/airflow/example_dags/plugins/workday.py took 0.341 seconds
[2024-06-24T14:21:01.402+0300] {processor.py:161} INFO - Started process (PID=28386) to work on /home/user/rubix/internship_project/.venv/lib/python3.10/site-packages/airflow/example_dags/plugins/workday.py
[2024-06-24T14:21:01.404+0300] {processor.py:830} INFO - Processing file /home/user/rubix/internship_project/.venv/lib/python3.10/site-packages/airflow/example_dags/plugins/workday.py for tasks to queue
[2024-06-24T14:21:01.406+0300] {logging_mixin.py:188} INFO - [2024-06-24T14:21:01.405+0300] {dagbag.py:545} INFO - Filling up the DagBag from /home/user/rubix/internship_project/.venv/lib/python3.10/site-packages/airflow/example_dags/plugins/workday.py
[2024-06-24T14:21:01.717+0300] {processor.py:842} WARNING - No viable dags retrieved from /home/user/rubix/internship_project/.venv/lib/python3.10/site-packages/airflow/example_dags/plugins/workday.py
[2024-06-24T14:21:01.726+0300] {processor.py:183} INFO - Processing /home/user/rubix/internship_project/.venv/lib/python3.10/site-packages/airflow/example_dags/plugins/workday.py took 0.333 seconds
[2024-06-24T14:21:44.342+0300] {processor.py:161} INFO - Started process (PID=28593) to work on /home/user/rubix/internship_project/.venv/lib/python3.10/site-packages/airflow/example_dags/plugins/workday.py
[2024-06-24T14:21:44.343+0300] {processor.py:830} INFO - Processing file /home/user/rubix/internship_project/.venv/lib/python3.10/site-packages/airflow/example_dags/plugins/workday.py for tasks to queue
[2024-06-24T14:21:44.345+0300] {logging_mixin.py:188} INFO - [2024-06-24T14:21:44.345+0300] {dagbag.py:545} INFO - Filling up the DagBag from /home/user/rubix/internship_project/.venv/lib/python3.10/site-packages/airflow/example_dags/plugins/workday.py
[2024-06-24T14:21:44.648+0300] {processor.py:842} WARNING - No viable dags retrieved from /home/user/rubix/internship_project/.venv/lib/python3.10/site-packages/airflow/example_dags/plugins/workday.py
[2024-06-24T14:21:44.659+0300] {processor.py:183} INFO - Processing /home/user/rubix/internship_project/.venv/lib/python3.10/site-packages/airflow/example_dags/plugins/workday.py took 0.324 seconds
[2024-06-24T14:22:20.596+0300] {processor.py:161} INFO - Started process (PID=28753) to work on /home/user/rubix/internship_project/.venv/lib/python3.10/site-packages/airflow/example_dags/plugins/workday.py
[2024-06-24T14:22:20.597+0300] {processor.py:830} INFO - Processing file /home/user/rubix/internship_project/.venv/lib/python3.10/site-packages/airflow/example_dags/plugins/workday.py for tasks to queue
[2024-06-24T14:22:20.598+0300] {logging_mixin.py:188} INFO - [2024-06-24T14:22:20.598+0300] {dagbag.py:545} INFO - Filling up the DagBag from /home/user/rubix/internship_project/.venv/lib/python3.10/site-packages/airflow/example_dags/plugins/workday.py
[2024-06-24T14:22:20.900+0300] {processor.py:842} WARNING - No viable dags retrieved from /home/user/rubix/internship_project/.venv/lib/python3.10/site-packages/airflow/example_dags/plugins/workday.py
[2024-06-24T14:22:20.910+0300] {processor.py:183} INFO - Processing /home/user/rubix/internship_project/.venv/lib/python3.10/site-packages/airflow/example_dags/plugins/workday.py took 0.321 seconds
[2024-06-24T14:23:00.807+0300] {processor.py:161} INFO - Started process (PID=28901) to work on /home/user/rubix/internship_project/.venv/lib/python3.10/site-packages/airflow/example_dags/plugins/workday.py
[2024-06-24T14:23:00.808+0300] {processor.py:830} INFO - Processing file /home/user/rubix/internship_project/.venv/lib/python3.10/site-packages/airflow/example_dags/plugins/workday.py for tasks to queue
[2024-06-24T14:23:00.810+0300] {logging_mixin.py:188} INFO - [2024-06-24T14:23:00.810+0300] {dagbag.py:545} INFO - Filling up the DagBag from /home/user/rubix/internship_project/.venv/lib/python3.10/site-packages/airflow/example_dags/plugins/workday.py
[2024-06-24T14:23:01.127+0300] {processor.py:842} WARNING - No viable dags retrieved from /home/user/rubix/internship_project/.venv/lib/python3.10/site-packages/airflow/example_dags/plugins/workday.py
[2024-06-24T14:23:01.138+0300] {processor.py:183} INFO - Processing /home/user/rubix/internship_project/.venv/lib/python3.10/site-packages/airflow/example_dags/plugins/workday.py took 0.341 seconds
[2024-06-24T14:23:46.064+0300] {processor.py:161} INFO - Started process (PID=29035) to work on /home/user/rubix/internship_project/.venv/lib/python3.10/site-packages/airflow/example_dags/plugins/workday.py
[2024-06-24T14:23:46.065+0300] {processor.py:830} INFO - Processing file /home/user/rubix/internship_project/.venv/lib/python3.10/site-packages/airflow/example_dags/plugins/workday.py for tasks to queue
[2024-06-24T14:23:46.067+0300] {logging_mixin.py:188} INFO - [2024-06-24T14:23:46.067+0300] {dagbag.py:545} INFO - Filling up the DagBag from /home/user/rubix/internship_project/.venv/lib/python3.10/site-packages/airflow/example_dags/plugins/workday.py
[2024-06-24T14:23:46.372+0300] {processor.py:842} WARNING - No viable dags retrieved from /home/user/rubix/internship_project/.venv/lib/python3.10/site-packages/airflow/example_dags/plugins/workday.py
[2024-06-24T14:23:46.385+0300] {processor.py:183} INFO - Processing /home/user/rubix/internship_project/.venv/lib/python3.10/site-packages/airflow/example_dags/plugins/workday.py took 0.329 seconds
[2024-06-24T14:24:32.731+0300] {processor.py:161} INFO - Started process (PID=29254) to work on /home/user/rubix/internship_project/.venv/lib/python3.10/site-packages/airflow/example_dags/plugins/workday.py
[2024-06-24T14:24:32.732+0300] {processor.py:830} INFO - Processing file /home/user/rubix/internship_project/.venv/lib/python3.10/site-packages/airflow/example_dags/plugins/workday.py for tasks to queue
[2024-06-24T14:24:32.734+0300] {logging_mixin.py:188} INFO - [2024-06-24T14:24:32.734+0300] {dagbag.py:545} INFO - Filling up the DagBag from /home/user/rubix/internship_project/.venv/lib/python3.10/site-packages/airflow/example_dags/plugins/workday.py
[2024-06-24T14:24:33.104+0300] {processor.py:842} WARNING - No viable dags retrieved from /home/user/rubix/internship_project/.venv/lib/python3.10/site-packages/airflow/example_dags/plugins/workday.py
[2024-06-24T14:24:33.115+0300] {processor.py:183} INFO - Processing /home/user/rubix/internship_project/.venv/lib/python3.10/site-packages/airflow/example_dags/plugins/workday.py took 0.398 seconds
[2024-06-24T14:25:16.270+0300] {processor.py:161} INFO - Started process (PID=29539) to work on /home/user/rubix/internship_project/.venv/lib/python3.10/site-packages/airflow/example_dags/plugins/workday.py
[2024-06-24T14:25:16.271+0300] {processor.py:830} INFO - Processing file /home/user/rubix/internship_project/.venv/lib/python3.10/site-packages/airflow/example_dags/plugins/workday.py for tasks to queue
[2024-06-24T14:25:16.273+0300] {logging_mixin.py:188} INFO - [2024-06-24T14:25:16.272+0300] {dagbag.py:545} INFO - Filling up the DagBag from /home/user/rubix/internship_project/.venv/lib/python3.10/site-packages/airflow/example_dags/plugins/workday.py
[2024-06-24T14:25:16.579+0300] {processor.py:842} WARNING - No viable dags retrieved from /home/user/rubix/internship_project/.venv/lib/python3.10/site-packages/airflow/example_dags/plugins/workday.py
[2024-06-24T14:25:16.601+0300] {processor.py:183} INFO - Processing /home/user/rubix/internship_project/.venv/lib/python3.10/site-packages/airflow/example_dags/plugins/workday.py took 0.339 seconds
[2024-06-24T14:25:57.581+0300] {processor.py:161} INFO - Started process (PID=29630) to work on /home/user/rubix/internship_project/.venv/lib/python3.10/site-packages/airflow/example_dags/plugins/workday.py
[2024-06-24T14:25:57.582+0300] {processor.py:830} INFO - Processing file /home/user/rubix/internship_project/.venv/lib/python3.10/site-packages/airflow/example_dags/plugins/workday.py for tasks to queue
[2024-06-24T14:25:57.584+0300] {logging_mixin.py:188} INFO - [2024-06-24T14:25:57.583+0300] {dagbag.py:545} INFO - Filling up the DagBag from /home/user/rubix/internship_project/.venv/lib/python3.10/site-packages/airflow/example_dags/plugins/workday.py
[2024-06-24T14:25:57.889+0300] {processor.py:842} WARNING - No viable dags retrieved from /home/user/rubix/internship_project/.venv/lib/python3.10/site-packages/airflow/example_dags/plugins/workday.py
[2024-06-24T14:25:57.898+0300] {processor.py:183} INFO - Processing /home/user/rubix/internship_project/.venv/lib/python3.10/site-packages/airflow/example_dags/plugins/workday.py took 0.326 seconds
[2024-06-24T14:26:37.033+0300] {processor.py:161} INFO - Started process (PID=29861) to work on /home/user/rubix/internship_project/.venv/lib/python3.10/site-packages/airflow/example_dags/plugins/workday.py
[2024-06-24T14:26:37.034+0300] {processor.py:830} INFO - Processing file /home/user/rubix/internship_project/.venv/lib/python3.10/site-packages/airflow/example_dags/plugins/workday.py for tasks to queue
[2024-06-24T14:26:37.036+0300] {logging_mixin.py:188} INFO - [2024-06-24T14:26:37.035+0300] {dagbag.py:545} INFO - Filling up the DagBag from /home/user/rubix/internship_project/.venv/lib/python3.10/site-packages/airflow/example_dags/plugins/workday.py
[2024-06-24T14:26:37.468+0300] {processor.py:842} WARNING - No viable dags retrieved from /home/user/rubix/internship_project/.venv/lib/python3.10/site-packages/airflow/example_dags/plugins/workday.py
[2024-06-24T14:26:37.484+0300] {processor.py:183} INFO - Processing /home/user/rubix/internship_project/.venv/lib/python3.10/site-packages/airflow/example_dags/plugins/workday.py took 0.461 seconds
[2024-06-24T14:27:23.289+0300] {processor.py:161} INFO - Started process (PID=30398) to work on /home/user/rubix/internship_project/.venv/lib/python3.10/site-packages/airflow/example_dags/plugins/workday.py
[2024-06-24T14:27:23.290+0300] {processor.py:830} INFO - Processing file /home/user/rubix/internship_project/.venv/lib/python3.10/site-packages/airflow/example_dags/plugins/workday.py for tasks to queue
[2024-06-24T14:27:23.293+0300] {logging_mixin.py:188} INFO - [2024-06-24T14:27:23.292+0300] {dagbag.py:545} INFO - Filling up the DagBag from /home/user/rubix/internship_project/.venv/lib/python3.10/site-packages/airflow/example_dags/plugins/workday.py
[2024-06-24T14:27:23.627+0300] {processor.py:842} WARNING - No viable dags retrieved from /home/user/rubix/internship_project/.venv/lib/python3.10/site-packages/airflow/example_dags/plugins/workday.py
[2024-06-24T14:27:23.642+0300] {processor.py:183} INFO - Processing /home/user/rubix/internship_project/.venv/lib/python3.10/site-packages/airflow/example_dags/plugins/workday.py took 0.360 seconds
[2024-06-24T14:28:04.459+0300] {processor.py:161} INFO - Started process (PID=30663) to work on /home/user/rubix/internship_project/.venv/lib/python3.10/site-packages/airflow/example_dags/plugins/workday.py
[2024-06-24T14:28:04.460+0300] {processor.py:830} INFO - Processing file /home/user/rubix/internship_project/.venv/lib/python3.10/site-packages/airflow/example_dags/plugins/workday.py for tasks to queue
[2024-06-24T14:28:04.462+0300] {logging_mixin.py:188} INFO - [2024-06-24T14:28:04.461+0300] {dagbag.py:545} INFO - Filling up the DagBag from /home/user/rubix/internship_project/.venv/lib/python3.10/site-packages/airflow/example_dags/plugins/workday.py
[2024-06-24T14:28:04.922+0300] {processor.py:842} WARNING - No viable dags retrieved from /home/user/rubix/internship_project/.venv/lib/python3.10/site-packages/airflow/example_dags/plugins/workday.py
[2024-06-24T14:28:04.928+0300] {processor.py:183} INFO - Processing /home/user/rubix/internship_project/.venv/lib/python3.10/site-packages/airflow/example_dags/plugins/workday.py took 0.479 seconds
[2024-06-24T14:28:48.696+0300] {processor.py:161} INFO - Started process (PID=30834) to work on /home/user/rubix/internship_project/.venv/lib/python3.10/site-packages/airflow/example_dags/plugins/workday.py
[2024-06-24T14:28:48.697+0300] {processor.py:830} INFO - Processing file /home/user/rubix/internship_project/.venv/lib/python3.10/site-packages/airflow/example_dags/plugins/workday.py for tasks to queue
[2024-06-24T14:28:48.699+0300] {logging_mixin.py:188} INFO - [2024-06-24T14:28:48.699+0300] {dagbag.py:545} INFO - Filling up the DagBag from /home/user/rubix/internship_project/.venv/lib/python3.10/site-packages/airflow/example_dags/plugins/workday.py
[2024-06-24T14:28:49.002+0300] {processor.py:842} WARNING - No viable dags retrieved from /home/user/rubix/internship_project/.venv/lib/python3.10/site-packages/airflow/example_dags/plugins/workday.py
[2024-06-24T14:28:49.017+0300] {processor.py:183} INFO - Processing /home/user/rubix/internship_project/.venv/lib/python3.10/site-packages/airflow/example_dags/plugins/workday.py took 0.328 seconds
[2024-06-24T14:29:37.948+0300] {processor.py:161} INFO - Started process (PID=31298) to work on /home/user/rubix/internship_project/.venv/lib/python3.10/site-packages/airflow/example_dags/plugins/workday.py
[2024-06-24T14:29:37.949+0300] {processor.py:830} INFO - Processing file /home/user/rubix/internship_project/.venv/lib/python3.10/site-packages/airflow/example_dags/plugins/workday.py for tasks to queue
[2024-06-24T14:29:37.951+0300] {logging_mixin.py:188} INFO - [2024-06-24T14:29:37.951+0300] {dagbag.py:545} INFO - Filling up the DagBag from /home/user/rubix/internship_project/.venv/lib/python3.10/site-packages/airflow/example_dags/plugins/workday.py
[2024-06-24T14:29:38.442+0300] {processor.py:842} WARNING - No viable dags retrieved from /home/user/rubix/internship_project/.venv/lib/python3.10/site-packages/airflow/example_dags/plugins/workday.py
[2024-06-24T14:29:38.449+0300] {processor.py:183} INFO - Processing /home/user/rubix/internship_project/.venv/lib/python3.10/site-packages/airflow/example_dags/plugins/workday.py took 0.514 seconds
[2024-06-24T14:30:26.854+0300] {processor.py:161} INFO - Started process (PID=31460) to work on /home/user/rubix/internship_project/.venv/lib/python3.10/site-packages/airflow/example_dags/plugins/workday.py
[2024-06-24T14:30:26.855+0300] {processor.py:830} INFO - Processing file /home/user/rubix/internship_project/.venv/lib/python3.10/site-packages/airflow/example_dags/plugins/workday.py for tasks to queue
[2024-06-24T14:30:26.856+0300] {logging_mixin.py:188} INFO - [2024-06-24T14:30:26.856+0300] {dagbag.py:545} INFO - Filling up the DagBag from /home/user/rubix/internship_project/.venv/lib/python3.10/site-packages/airflow/example_dags/plugins/workday.py
[2024-06-24T14:30:27.304+0300] {processor.py:842} WARNING - No viable dags retrieved from /home/user/rubix/internship_project/.venv/lib/python3.10/site-packages/airflow/example_dags/plugins/workday.py
[2024-06-24T14:30:27.312+0300] {processor.py:183} INFO - Processing /home/user/rubix/internship_project/.venv/lib/python3.10/site-packages/airflow/example_dags/plugins/workday.py took 0.466 seconds
[2024-06-24T14:31:13.705+0300] {processor.py:161} INFO - Started process (PID=31678) to work on /home/user/rubix/internship_project/.venv/lib/python3.10/site-packages/airflow/example_dags/plugins/workday.py
[2024-06-24T14:31:13.706+0300] {processor.py:830} INFO - Processing file /home/user/rubix/internship_project/.venv/lib/python3.10/site-packages/airflow/example_dags/plugins/workday.py for tasks to queue
[2024-06-24T14:31:13.707+0300] {logging_mixin.py:188} INFO - [2024-06-24T14:31:13.707+0300] {dagbag.py:545} INFO - Filling up the DagBag from /home/user/rubix/internship_project/.venv/lib/python3.10/site-packages/airflow/example_dags/plugins/workday.py
[2024-06-24T14:31:14.099+0300] {processor.py:842} WARNING - No viable dags retrieved from /home/user/rubix/internship_project/.venv/lib/python3.10/site-packages/airflow/example_dags/plugins/workday.py
[2024-06-24T14:31:14.105+0300] {processor.py:183} INFO - Processing /home/user/rubix/internship_project/.venv/lib/python3.10/site-packages/airflow/example_dags/plugins/workday.py took 0.409 seconds
[2024-06-24T14:31:59.619+0300] {processor.py:161} INFO - Started process (PID=31955) to work on /home/user/rubix/internship_project/.venv/lib/python3.10/site-packages/airflow/example_dags/plugins/workday.py
[2024-06-24T14:31:59.620+0300] {processor.py:830} INFO - Processing file /home/user/rubix/internship_project/.venv/lib/python3.10/site-packages/airflow/example_dags/plugins/workday.py for tasks to queue
[2024-06-24T14:31:59.622+0300] {logging_mixin.py:188} INFO - [2024-06-24T14:31:59.621+0300] {dagbag.py:545} INFO - Filling up the DagBag from /home/user/rubix/internship_project/.venv/lib/python3.10/site-packages/airflow/example_dags/plugins/workday.py
[2024-06-24T14:32:00.022+0300] {processor.py:842} WARNING - No viable dags retrieved from /home/user/rubix/internship_project/.venv/lib/python3.10/site-packages/airflow/example_dags/plugins/workday.py
[2024-06-24T14:32:00.028+0300] {processor.py:183} INFO - Processing /home/user/rubix/internship_project/.venv/lib/python3.10/site-packages/airflow/example_dags/plugins/workday.py took 0.417 seconds
[2024-06-24T14:32:44.688+0300] {processor.py:161} INFO - Started process (PID=32107) to work on /home/user/rubix/internship_project/.venv/lib/python3.10/site-packages/airflow/example_dags/plugins/workday.py
[2024-06-24T14:32:44.689+0300] {processor.py:830} INFO - Processing file /home/user/rubix/internship_project/.venv/lib/python3.10/site-packages/airflow/example_dags/plugins/workday.py for tasks to queue
[2024-06-24T14:32:44.691+0300] {logging_mixin.py:188} INFO - [2024-06-24T14:32:44.690+0300] {dagbag.py:545} INFO - Filling up the DagBag from /home/user/rubix/internship_project/.venv/lib/python3.10/site-packages/airflow/example_dags/plugins/workday.py
[2024-06-24T14:32:45.142+0300] {processor.py:842} WARNING - No viable dags retrieved from /home/user/rubix/internship_project/.venv/lib/python3.10/site-packages/airflow/example_dags/plugins/workday.py
[2024-06-24T14:32:45.148+0300] {processor.py:183} INFO - Processing /home/user/rubix/internship_project/.venv/lib/python3.10/site-packages/airflow/example_dags/plugins/workday.py took 0.469 seconds
