[2024-06-24T14:03:27.501+0300] {processor.py:161} INFO - Started process (PID=22717) to work on /home/user/rubix/internship_project/.venv/lib/python3.10/site-packages/airflow/example_dags/example_dag_decorator.py
[2024-06-24T14:03:27.503+0300] {processor.py:830} INFO - Processing file /home/user/rubix/internship_project/.venv/lib/python3.10/site-packages/airflow/example_dags/example_dag_decorator.py for tasks to queue
[2024-06-24T14:03:27.507+0300] {logging_mixin.py:188} INFO - [2024-06-24T14:03:27.506+0300] {dagbag.py:545} INFO - Filling up the DagBag from /home/user/rubix/internship_project/.venv/lib/python3.10/site-packages/airflow/example_dags/example_dag_decorator.py
[2024-06-24T14:03:27.617+0300] {processor.py:840} INFO - DAG(s) 'example_dag_decorator' retrieved from /home/user/rubix/internship_project/.venv/lib/python3.10/site-packages/airflow/example_dags/example_dag_decorator.py
[2024-06-24T14:03:27.838+0300] {logging_mixin.py:188} INFO - [2024-06-24T14:03:27.838+0300] {dag.py:3096} INFO - Sync 1 DAGs
[2024-06-24T14:03:27.846+0300] {logging_mixin.py:188} INFO - [2024-06-24T14:03:27.845+0300] {dag.py:3954} INFO - Setting next_dagrun for example_dag_decorator to None, run_after=None
[2024-06-24T14:03:27.879+0300] {processor.py:183} INFO - Processing /home/user/rubix/internship_project/.venv/lib/python3.10/site-packages/airflow/example_dags/example_dag_decorator.py took 0.386 seconds
[2024-06-24T14:04:38.158+0300] {processor.py:161} INFO - Started process (PID=23274) to work on /home/user/rubix/internship_project/.venv/lib/python3.10/site-packages/airflow/example_dags/example_dag_decorator.py
[2024-06-24T14:04:38.159+0300] {processor.py:830} INFO - Processing file /home/user/rubix/internship_project/.venv/lib/python3.10/site-packages/airflow/example_dags/example_dag_decorator.py for tasks to queue
[2024-06-24T14:04:38.161+0300] {logging_mixin.py:188} INFO - [2024-06-24T14:04:38.161+0300] {dagbag.py:545} INFO - Filling up the DagBag from /home/user/rubix/internship_project/.venv/lib/python3.10/site-packages/airflow/example_dags/example_dag_decorator.py
[2024-06-24T14:04:38.234+0300] {processor.py:840} INFO - DAG(s) 'example_dag_decorator' retrieved from /home/user/rubix/internship_project/.venv/lib/python3.10/site-packages/airflow/example_dags/example_dag_decorator.py
[2024-06-24T14:04:38.394+0300] {logging_mixin.py:188} INFO - [2024-06-24T14:04:38.393+0300] {dag.py:3096} INFO - Sync 1 DAGs
[2024-06-24T14:04:38.400+0300] {logging_mixin.py:188} INFO - [2024-06-24T14:04:38.400+0300] {dag.py:3954} INFO - Setting next_dagrun for example_dag_decorator to None, run_after=None
[2024-06-24T14:04:38.429+0300] {processor.py:183} INFO - Processing /home/user/rubix/internship_project/.venv/lib/python3.10/site-packages/airflow/example_dags/example_dag_decorator.py took 0.280 seconds
[2024-06-24T14:05:39.139+0300] {processor.py:161} INFO - Started process (PID=23782) to work on /home/user/rubix/internship_project/.venv/lib/python3.10/site-packages/airflow/example_dags/example_dag_decorator.py
[2024-06-24T14:05:39.140+0300] {processor.py:830} INFO - Processing file /home/user/rubix/internship_project/.venv/lib/python3.10/site-packages/airflow/example_dags/example_dag_decorator.py for tasks to queue
[2024-06-24T14:05:39.142+0300] {logging_mixin.py:188} INFO - [2024-06-24T14:05:39.141+0300] {dagbag.py:545} INFO - Filling up the DagBag from /home/user/rubix/internship_project/.venv/lib/python3.10/site-packages/airflow/example_dags/example_dag_decorator.py
[2024-06-24T14:05:40.280+0300] {processor.py:840} INFO - DAG(s) 'example_dag_decorator' retrieved from /home/user/rubix/internship_project/.venv/lib/python3.10/site-packages/airflow/example_dags/example_dag_decorator.py
[2024-06-24T14:05:40.360+0300] {logging_mixin.py:188} INFO - [2024-06-24T14:05:40.359+0300] {dag.py:3096} INFO - Sync 1 DAGs
[2024-06-24T14:05:40.367+0300] {logging_mixin.py:188} INFO - [2024-06-24T14:05:40.367+0300] {dag.py:3954} INFO - Setting next_dagrun for example_dag_decorator to None, run_after=None
[2024-06-24T14:05:40.401+0300] {processor.py:183} INFO - Processing /home/user/rubix/internship_project/.venv/lib/python3.10/site-packages/airflow/example_dags/example_dag_decorator.py took 1.270 seconds
[2024-06-24T14:06:41.700+0300] {processor.py:161} INFO - Started process (PID=24137) to work on /home/user/rubix/internship_project/.venv/lib/python3.10/site-packages/airflow/example_dags/example_dag_decorator.py
[2024-06-24T14:06:41.701+0300] {processor.py:830} INFO - Processing file /home/user/rubix/internship_project/.venv/lib/python3.10/site-packages/airflow/example_dags/example_dag_decorator.py for tasks to queue
[2024-06-24T14:06:41.702+0300] {logging_mixin.py:188} INFO - [2024-06-24T14:06:41.702+0300] {dagbag.py:545} INFO - Filling up the DagBag from /home/user/rubix/internship_project/.venv/lib/python3.10/site-packages/airflow/example_dags/example_dag_decorator.py
[2024-06-24T14:06:41.864+0300] {processor.py:840} INFO - DAG(s) 'example_dag_decorator' retrieved from /home/user/rubix/internship_project/.venv/lib/python3.10/site-packages/airflow/example_dags/example_dag_decorator.py
[2024-06-24T14:06:41.934+0300] {logging_mixin.py:188} INFO - [2024-06-24T14:06:41.933+0300] {dag.py:3096} INFO - Sync 1 DAGs
[2024-06-24T14:06:41.939+0300] {logging_mixin.py:188} INFO - [2024-06-24T14:06:41.939+0300] {dag.py:3954} INFO - Setting next_dagrun for example_dag_decorator to None, run_after=None
[2024-06-24T14:06:41.969+0300] {processor.py:183} INFO - Processing /home/user/rubix/internship_project/.venv/lib/python3.10/site-packages/airflow/example_dags/example_dag_decorator.py took 0.277 seconds
[2024-06-24T14:07:34.357+0300] {processor.py:161} INFO - Started process (PID=24378) to work on /home/user/rubix/internship_project/.venv/lib/python3.10/site-packages/airflow/example_dags/example_dag_decorator.py
[2024-06-24T14:07:34.358+0300] {processor.py:830} INFO - Processing file /home/user/rubix/internship_project/.venv/lib/python3.10/site-packages/airflow/example_dags/example_dag_decorator.py for tasks to queue
[2024-06-24T14:07:34.360+0300] {logging_mixin.py:188} INFO - [2024-06-24T14:07:34.359+0300] {dagbag.py:545} INFO - Filling up the DagBag from /home/user/rubix/internship_project/.venv/lib/python3.10/site-packages/airflow/example_dags/example_dag_decorator.py
[2024-06-24T14:07:34.443+0300] {processor.py:840} INFO - DAG(s) 'example_dag_decorator' retrieved from /home/user/rubix/internship_project/.venv/lib/python3.10/site-packages/airflow/example_dags/example_dag_decorator.py
[2024-06-24T14:07:34.534+0300] {logging_mixin.py:188} INFO - [2024-06-24T14:07:34.534+0300] {dag.py:3096} INFO - Sync 1 DAGs
[2024-06-24T14:07:34.543+0300] {logging_mixin.py:188} INFO - [2024-06-24T14:07:34.543+0300] {dag.py:3954} INFO - Setting next_dagrun for example_dag_decorator to None, run_after=None
[2024-06-24T14:07:34.576+0300] {processor.py:183} INFO - Processing /home/user/rubix/internship_project/.venv/lib/python3.10/site-packages/airflow/example_dags/example_dag_decorator.py took 0.227 seconds
[2024-06-24T14:08:43.935+0300] {processor.py:161} INFO - Started process (PID=24787) to work on /home/user/rubix/internship_project/.venv/lib/python3.10/site-packages/airflow/example_dags/example_dag_decorator.py
[2024-06-24T14:08:43.936+0300] {processor.py:830} INFO - Processing file /home/user/rubix/internship_project/.venv/lib/python3.10/site-packages/airflow/example_dags/example_dag_decorator.py for tasks to queue
[2024-06-24T14:08:43.938+0300] {logging_mixin.py:188} INFO - [2024-06-24T14:08:43.937+0300] {dagbag.py:545} INFO - Filling up the DagBag from /home/user/rubix/internship_project/.venv/lib/python3.10/site-packages/airflow/example_dags/example_dag_decorator.py
[2024-06-24T14:08:44.048+0300] {processor.py:840} INFO - DAG(s) 'example_dag_decorator' retrieved from /home/user/rubix/internship_project/.venv/lib/python3.10/site-packages/airflow/example_dags/example_dag_decorator.py
[2024-06-24T14:08:44.170+0300] {logging_mixin.py:188} INFO - [2024-06-24T14:08:44.170+0300] {dag.py:3096} INFO - Sync 1 DAGs
[2024-06-24T14:08:44.180+0300] {logging_mixin.py:188} INFO - [2024-06-24T14:08:44.180+0300] {dag.py:3954} INFO - Setting next_dagrun for example_dag_decorator to None, run_after=None
[2024-06-24T14:08:44.217+0300] {processor.py:183} INFO - Processing /home/user/rubix/internship_project/.venv/lib/python3.10/site-packages/airflow/example_dags/example_dag_decorator.py took 0.292 seconds
[2024-06-24T14:09:52.478+0300] {processor.py:161} INFO - Started process (PID=25248) to work on /home/user/rubix/internship_project/.venv/lib/python3.10/site-packages/airflow/example_dags/example_dag_decorator.py
[2024-06-24T14:09:52.479+0300] {processor.py:830} INFO - Processing file /home/user/rubix/internship_project/.venv/lib/python3.10/site-packages/airflow/example_dags/example_dag_decorator.py for tasks to queue
[2024-06-24T14:09:52.481+0300] {logging_mixin.py:188} INFO - [2024-06-24T14:09:52.481+0300] {dagbag.py:545} INFO - Filling up the DagBag from /home/user/rubix/internship_project/.venv/lib/python3.10/site-packages/airflow/example_dags/example_dag_decorator.py
[2024-06-24T14:09:52.564+0300] {processor.py:840} INFO - DAG(s) 'example_dag_decorator' retrieved from /home/user/rubix/internship_project/.venv/lib/python3.10/site-packages/airflow/example_dags/example_dag_decorator.py
[2024-06-24T14:09:52.646+0300] {logging_mixin.py:188} INFO - [2024-06-24T14:09:52.645+0300] {dag.py:3096} INFO - Sync 1 DAGs
[2024-06-24T14:09:52.652+0300] {logging_mixin.py:188} INFO - [2024-06-24T14:09:52.652+0300] {dag.py:3954} INFO - Setting next_dagrun for example_dag_decorator to None, run_after=None
[2024-06-24T14:09:52.669+0300] {processor.py:183} INFO - Processing /home/user/rubix/internship_project/.venv/lib/python3.10/site-packages/airflow/example_dags/example_dag_decorator.py took 0.199 seconds
[2024-06-24T14:10:58.586+0300] {processor.py:161} INFO - Started process (PID=25627) to work on /home/user/rubix/internship_project/.venv/lib/python3.10/site-packages/airflow/example_dags/example_dag_decorator.py
[2024-06-24T14:10:58.587+0300] {processor.py:830} INFO - Processing file /home/user/rubix/internship_project/.venv/lib/python3.10/site-packages/airflow/example_dags/example_dag_decorator.py for tasks to queue
[2024-06-24T14:10:58.589+0300] {logging_mixin.py:188} INFO - [2024-06-24T14:10:58.589+0300] {dagbag.py:545} INFO - Filling up the DagBag from /home/user/rubix/internship_project/.venv/lib/python3.10/site-packages/airflow/example_dags/example_dag_decorator.py
[2024-06-24T14:10:58.690+0300] {processor.py:840} INFO - DAG(s) 'example_dag_decorator' retrieved from /home/user/rubix/internship_project/.venv/lib/python3.10/site-packages/airflow/example_dags/example_dag_decorator.py
[2024-06-24T14:10:58.802+0300] {logging_mixin.py:188} INFO - [2024-06-24T14:10:58.801+0300] {dag.py:3096} INFO - Sync 1 DAGs
[2024-06-24T14:10:58.809+0300] {logging_mixin.py:188} INFO - [2024-06-24T14:10:58.809+0300] {dag.py:3954} INFO - Setting next_dagrun for example_dag_decorator to None, run_after=None
[2024-06-24T14:10:58.832+0300] {processor.py:183} INFO - Processing /home/user/rubix/internship_project/.venv/lib/python3.10/site-packages/airflow/example_dags/example_dag_decorator.py took 0.256 seconds
[2024-06-24T14:12:05.616+0300] {processor.py:161} INFO - Started process (PID=26077) to work on /home/user/rubix/internship_project/.venv/lib/python3.10/site-packages/airflow/example_dags/example_dag_decorator.py
[2024-06-24T14:12:05.617+0300] {processor.py:830} INFO - Processing file /home/user/rubix/internship_project/.venv/lib/python3.10/site-packages/airflow/example_dags/example_dag_decorator.py for tasks to queue
[2024-06-24T14:12:05.619+0300] {logging_mixin.py:188} INFO - [2024-06-24T14:12:05.619+0300] {dagbag.py:545} INFO - Filling up the DagBag from /home/user/rubix/internship_project/.venv/lib/python3.10/site-packages/airflow/example_dags/example_dag_decorator.py
[2024-06-24T14:12:05.701+0300] {processor.py:840} INFO - DAG(s) 'example_dag_decorator' retrieved from /home/user/rubix/internship_project/.venv/lib/python3.10/site-packages/airflow/example_dags/example_dag_decorator.py
[2024-06-24T14:12:05.720+0300] {logging_mixin.py:188} INFO - [2024-06-24T14:12:05.720+0300] {dag.py:3096} INFO - Sync 1 DAGs
[2024-06-24T14:12:05.730+0300] {logging_mixin.py:188} INFO - [2024-06-24T14:12:05.729+0300] {dag.py:3954} INFO - Setting next_dagrun for example_dag_decorator to None, run_after=None
[2024-06-24T14:12:05.759+0300] {processor.py:183} INFO - Processing /home/user/rubix/internship_project/.venv/lib/python3.10/site-packages/airflow/example_dags/example_dag_decorator.py took 0.151 seconds
[2024-06-24T14:13:14.498+0300] {processor.py:161} INFO - Started process (PID=26280) to work on /home/user/rubix/internship_project/.venv/lib/python3.10/site-packages/airflow/example_dags/example_dag_decorator.py
[2024-06-24T14:13:14.499+0300] {processor.py:830} INFO - Processing file /home/user/rubix/internship_project/.venv/lib/python3.10/site-packages/airflow/example_dags/example_dag_decorator.py for tasks to queue
[2024-06-24T14:13:14.501+0300] {logging_mixin.py:188} INFO - [2024-06-24T14:13:14.500+0300] {dagbag.py:545} INFO - Filling up the DagBag from /home/user/rubix/internship_project/.venv/lib/python3.10/site-packages/airflow/example_dags/example_dag_decorator.py
[2024-06-24T14:13:15.421+0300] {processor.py:840} INFO - DAG(s) 'example_dag_decorator' retrieved from /home/user/rubix/internship_project/.venv/lib/python3.10/site-packages/airflow/example_dags/example_dag_decorator.py
[2024-06-24T14:13:16.605+0300] {logging_mixin.py:188} INFO - [2024-06-24T14:13:16.605+0300] {dag.py:3096} INFO - Sync 1 DAGs
[2024-06-24T14:13:16.611+0300] {logging_mixin.py:188} INFO - [2024-06-24T14:13:16.611+0300] {dag.py:3954} INFO - Setting next_dagrun for example_dag_decorator to None, run_after=None
[2024-06-24T14:13:16.640+0300] {processor.py:183} INFO - Processing /home/user/rubix/internship_project/.venv/lib/python3.10/site-packages/airflow/example_dags/example_dag_decorator.py took 2.150 seconds
[2024-06-24T14:14:06.790+0300] {processor.py:161} INFO - Started process (PID=26606) to work on /home/user/rubix/internship_project/.venv/lib/python3.10/site-packages/airflow/example_dags/example_dag_decorator.py
[2024-06-24T14:14:06.791+0300] {processor.py:830} INFO - Processing file /home/user/rubix/internship_project/.venv/lib/python3.10/site-packages/airflow/example_dags/example_dag_decorator.py for tasks to queue
[2024-06-24T14:14:06.793+0300] {logging_mixin.py:188} INFO - [2024-06-24T14:14:06.792+0300] {dagbag.py:545} INFO - Filling up the DagBag from /home/user/rubix/internship_project/.venv/lib/python3.10/site-packages/airflow/example_dags/example_dag_decorator.py
[2024-06-24T14:14:06.872+0300] {processor.py:840} INFO - DAG(s) 'example_dag_decorator' retrieved from /home/user/rubix/internship_project/.venv/lib/python3.10/site-packages/airflow/example_dags/example_dag_decorator.py
[2024-06-24T14:14:06.959+0300] {logging_mixin.py:188} INFO - [2024-06-24T14:14:06.959+0300] {dag.py:3096} INFO - Sync 1 DAGs
[2024-06-24T14:14:06.967+0300] {logging_mixin.py:188} INFO - [2024-06-24T14:14:06.967+0300] {dag.py:3954} INFO - Setting next_dagrun for example_dag_decorator to None, run_after=None
[2024-06-24T14:14:06.997+0300] {processor.py:183} INFO - Processing /home/user/rubix/internship_project/.venv/lib/python3.10/site-packages/airflow/example_dags/example_dag_decorator.py took 0.215 seconds
[2024-06-24T14:15:12.258+0300] {processor.py:161} INFO - Started process (PID=26859) to work on /home/user/rubix/internship_project/.venv/lib/python3.10/site-packages/airflow/example_dags/example_dag_decorator.py
[2024-06-24T14:15:12.259+0300] {processor.py:830} INFO - Processing file /home/user/rubix/internship_project/.venv/lib/python3.10/site-packages/airflow/example_dags/example_dag_decorator.py for tasks to queue
[2024-06-24T14:15:12.262+0300] {logging_mixin.py:188} INFO - [2024-06-24T14:15:12.261+0300] {dagbag.py:545} INFO - Filling up the DagBag from /home/user/rubix/internship_project/.venv/lib/python3.10/site-packages/airflow/example_dags/example_dag_decorator.py
[2024-06-24T14:15:12.360+0300] {processor.py:840} INFO - DAG(s) 'example_dag_decorator' retrieved from /home/user/rubix/internship_project/.venv/lib/python3.10/site-packages/airflow/example_dags/example_dag_decorator.py
[2024-06-24T14:15:12.467+0300] {logging_mixin.py:188} INFO - [2024-06-24T14:15:12.467+0300] {dag.py:3096} INFO - Sync 1 DAGs
[2024-06-24T14:15:12.476+0300] {logging_mixin.py:188} INFO - [2024-06-24T14:15:12.475+0300] {dag.py:3954} INFO - Setting next_dagrun for example_dag_decorator to None, run_after=None
[2024-06-24T14:15:12.497+0300] {processor.py:183} INFO - Processing /home/user/rubix/internship_project/.venv/lib/python3.10/site-packages/airflow/example_dags/example_dag_decorator.py took 0.249 seconds
[2024-06-24T14:16:14.795+0300] {processor.py:161} INFO - Started process (PID=27056) to work on /home/user/rubix/internship_project/.venv/lib/python3.10/site-packages/airflow/example_dags/example_dag_decorator.py
[2024-06-24T14:16:14.796+0300] {processor.py:830} INFO - Processing file /home/user/rubix/internship_project/.venv/lib/python3.10/site-packages/airflow/example_dags/example_dag_decorator.py for tasks to queue
[2024-06-24T14:16:14.798+0300] {logging_mixin.py:188} INFO - [2024-06-24T14:16:14.798+0300] {dagbag.py:545} INFO - Filling up the DagBag from /home/user/rubix/internship_project/.venv/lib/python3.10/site-packages/airflow/example_dags/example_dag_decorator.py
[2024-06-24T14:16:14.878+0300] {processor.py:840} INFO - DAG(s) 'example_dag_decorator' retrieved from /home/user/rubix/internship_project/.venv/lib/python3.10/site-packages/airflow/example_dags/example_dag_decorator.py
[2024-06-24T14:16:14.896+0300] {logging_mixin.py:188} INFO - [2024-06-24T14:16:14.896+0300] {dag.py:3096} INFO - Sync 1 DAGs
[2024-06-24T14:16:14.906+0300] {logging_mixin.py:188} INFO - [2024-06-24T14:16:14.905+0300] {dag.py:3954} INFO - Setting next_dagrun for example_dag_decorator to None, run_after=None
[2024-06-24T14:16:14.938+0300] {processor.py:183} INFO - Processing /home/user/rubix/internship_project/.venv/lib/python3.10/site-packages/airflow/example_dags/example_dag_decorator.py took 0.151 seconds
[2024-06-24T14:17:13.691+0300] {processor.py:161} INFO - Started process (PID=27241) to work on /home/user/rubix/internship_project/.venv/lib/python3.10/site-packages/airflow/example_dags/example_dag_decorator.py
[2024-06-24T14:17:13.692+0300] {processor.py:830} INFO - Processing file /home/user/rubix/internship_project/.venv/lib/python3.10/site-packages/airflow/example_dags/example_dag_decorator.py for tasks to queue
[2024-06-24T14:17:13.694+0300] {logging_mixin.py:188} INFO - [2024-06-24T14:17:13.694+0300] {dagbag.py:545} INFO - Filling up the DagBag from /home/user/rubix/internship_project/.venv/lib/python3.10/site-packages/airflow/example_dags/example_dag_decorator.py
[2024-06-24T14:17:13.786+0300] {processor.py:840} INFO - DAG(s) 'example_dag_decorator' retrieved from /home/user/rubix/internship_project/.venv/lib/python3.10/site-packages/airflow/example_dags/example_dag_decorator.py
[2024-06-24T14:17:13.803+0300] {logging_mixin.py:188} INFO - [2024-06-24T14:17:13.803+0300] {dag.py:3096} INFO - Sync 1 DAGs
[2024-06-24T14:17:13.812+0300] {logging_mixin.py:188} INFO - [2024-06-24T14:17:13.812+0300] {dag.py:3954} INFO - Setting next_dagrun for example_dag_decorator to None, run_after=None
[2024-06-24T14:17:13.846+0300] {processor.py:183} INFO - Processing /home/user/rubix/internship_project/.venv/lib/python3.10/site-packages/airflow/example_dags/example_dag_decorator.py took 0.163 seconds
[2024-06-24T14:18:21.751+0300] {processor.py:161} INFO - Started process (PID=27450) to work on /home/user/rubix/internship_project/.venv/lib/python3.10/site-packages/airflow/example_dags/example_dag_decorator.py
[2024-06-24T14:18:21.752+0300] {processor.py:830} INFO - Processing file /home/user/rubix/internship_project/.venv/lib/python3.10/site-packages/airflow/example_dags/example_dag_decorator.py for tasks to queue
[2024-06-24T14:18:21.754+0300] {logging_mixin.py:188} INFO - [2024-06-24T14:18:21.754+0300] {dagbag.py:545} INFO - Filling up the DagBag from /home/user/rubix/internship_project/.venv/lib/python3.10/site-packages/airflow/example_dags/example_dag_decorator.py
[2024-06-24T14:18:22.818+0300] {processor.py:840} INFO - DAG(s) 'example_dag_decorator' retrieved from /home/user/rubix/internship_project/.venv/lib/python3.10/site-packages/airflow/example_dags/example_dag_decorator.py
[2024-06-24T14:18:23.853+0300] {logging_mixin.py:188} INFO - [2024-06-24T14:18:23.852+0300] {dag.py:3096} INFO - Sync 1 DAGs
[2024-06-24T14:18:23.861+0300] {logging_mixin.py:188} INFO - [2024-06-24T14:18:23.861+0300] {dag.py:3954} INFO - Setting next_dagrun for example_dag_decorator to None, run_after=None
[2024-06-24T14:18:23.892+0300] {processor.py:183} INFO - Processing /home/user/rubix/internship_project/.venv/lib/python3.10/site-packages/airflow/example_dags/example_dag_decorator.py took 2.150 seconds
[2024-06-24T14:19:16.143+0300] {processor.py:161} INFO - Started process (PID=27681) to work on /home/user/rubix/internship_project/.venv/lib/python3.10/site-packages/airflow/example_dags/example_dag_decorator.py
[2024-06-24T14:19:16.144+0300] {processor.py:830} INFO - Processing file /home/user/rubix/internship_project/.venv/lib/python3.10/site-packages/airflow/example_dags/example_dag_decorator.py for tasks to queue
[2024-06-24T14:19:16.145+0300] {logging_mixin.py:188} INFO - [2024-06-24T14:19:16.145+0300] {dagbag.py:545} INFO - Filling up the DagBag from /home/user/rubix/internship_project/.venv/lib/python3.10/site-packages/airflow/example_dags/example_dag_decorator.py
[2024-06-24T14:19:16.219+0300] {processor.py:840} INFO - DAG(s) 'example_dag_decorator' retrieved from /home/user/rubix/internship_project/.venv/lib/python3.10/site-packages/airflow/example_dags/example_dag_decorator.py
[2024-06-24T14:19:16.299+0300] {logging_mixin.py:188} INFO - [2024-06-24T14:19:16.299+0300] {dag.py:3096} INFO - Sync 1 DAGs
[2024-06-24T14:19:16.306+0300] {logging_mixin.py:188} INFO - [2024-06-24T14:19:16.305+0300] {dag.py:3954} INFO - Setting next_dagrun for example_dag_decorator to None, run_after=None
[2024-06-24T14:19:16.335+0300] {processor.py:183} INFO - Processing /home/user/rubix/internship_project/.venv/lib/python3.10/site-packages/airflow/example_dags/example_dag_decorator.py took 0.200 seconds
[2024-06-24T14:20:17.221+0300] {processor.py:161} INFO - Started process (PID=28072) to work on /home/user/rubix/internship_project/.venv/lib/python3.10/site-packages/airflow/example_dags/example_dag_decorator.py
[2024-06-24T14:20:17.222+0300] {processor.py:830} INFO - Processing file /home/user/rubix/internship_project/.venv/lib/python3.10/site-packages/airflow/example_dags/example_dag_decorator.py for tasks to queue
[2024-06-24T14:20:17.224+0300] {logging_mixin.py:188} INFO - [2024-06-24T14:20:17.224+0300] {dagbag.py:545} INFO - Filling up the DagBag from /home/user/rubix/internship_project/.venv/lib/python3.10/site-packages/airflow/example_dags/example_dag_decorator.py
[2024-06-24T14:20:17.308+0300] {processor.py:840} INFO - DAG(s) 'example_dag_decorator' retrieved from /home/user/rubix/internship_project/.venv/lib/python3.10/site-packages/airflow/example_dags/example_dag_decorator.py
[2024-06-24T14:20:17.391+0300] {logging_mixin.py:188} INFO - [2024-06-24T14:20:17.390+0300] {dag.py:3096} INFO - Sync 1 DAGs
[2024-06-24T14:20:17.397+0300] {logging_mixin.py:188} INFO - [2024-06-24T14:20:17.397+0300] {dag.py:3954} INFO - Setting next_dagrun for example_dag_decorator to None, run_after=None
[2024-06-24T14:20:17.427+0300] {processor.py:183} INFO - Processing /home/user/rubix/internship_project/.venv/lib/python3.10/site-packages/airflow/example_dags/example_dag_decorator.py took 0.213 seconds
[2024-06-24T14:21:19.282+0300] {processor.py:161} INFO - Started process (PID=28484) to work on /home/user/rubix/internship_project/.venv/lib/python3.10/site-packages/airflow/example_dags/example_dag_decorator.py
[2024-06-24T14:21:19.283+0300] {processor.py:830} INFO - Processing file /home/user/rubix/internship_project/.venv/lib/python3.10/site-packages/airflow/example_dags/example_dag_decorator.py for tasks to queue
[2024-06-24T14:21:19.285+0300] {logging_mixin.py:188} INFO - [2024-06-24T14:21:19.284+0300] {dagbag.py:545} INFO - Filling up the DagBag from /home/user/rubix/internship_project/.venv/lib/python3.10/site-packages/airflow/example_dags/example_dag_decorator.py
[2024-06-24T14:21:19.369+0300] {processor.py:840} INFO - DAG(s) 'example_dag_decorator' retrieved from /home/user/rubix/internship_project/.venv/lib/python3.10/site-packages/airflow/example_dags/example_dag_decorator.py
[2024-06-24T14:21:19.460+0300] {logging_mixin.py:188} INFO - [2024-06-24T14:21:19.460+0300] {dag.py:3096} INFO - Sync 1 DAGs
[2024-06-24T14:21:19.467+0300] {logging_mixin.py:188} INFO - [2024-06-24T14:21:19.467+0300] {dag.py:3954} INFO - Setting next_dagrun for example_dag_decorator to None, run_after=None
[2024-06-24T14:21:19.487+0300] {processor.py:183} INFO - Processing /home/user/rubix/internship_project/.venv/lib/python3.10/site-packages/airflow/example_dags/example_dag_decorator.py took 0.213 seconds
[2024-06-24T14:22:16.588+0300] {processor.py:161} INFO - Started process (PID=28746) to work on /home/user/rubix/internship_project/.venv/lib/python3.10/site-packages/airflow/example_dags/example_dag_decorator.py
[2024-06-24T14:22:16.590+0300] {processor.py:830} INFO - Processing file /home/user/rubix/internship_project/.venv/lib/python3.10/site-packages/airflow/example_dags/example_dag_decorator.py for tasks to queue
[2024-06-24T14:22:16.591+0300] {logging_mixin.py:188} INFO - [2024-06-24T14:22:16.591+0300] {dagbag.py:545} INFO - Filling up the DagBag from /home/user/rubix/internship_project/.venv/lib/python3.10/site-packages/airflow/example_dags/example_dag_decorator.py
[2024-06-24T14:22:16.673+0300] {processor.py:840} INFO - DAG(s) 'example_dag_decorator' retrieved from /home/user/rubix/internship_project/.venv/lib/python3.10/site-packages/airflow/example_dags/example_dag_decorator.py
[2024-06-24T14:22:16.763+0300] {logging_mixin.py:188} INFO - [2024-06-24T14:22:16.763+0300] {dag.py:3096} INFO - Sync 1 DAGs
[2024-06-24T14:22:16.770+0300] {logging_mixin.py:188} INFO - [2024-06-24T14:22:16.770+0300] {dag.py:3954} INFO - Setting next_dagrun for example_dag_decorator to None, run_after=None
[2024-06-24T14:22:16.801+0300] {processor.py:183} INFO - Processing /home/user/rubix/internship_project/.venv/lib/python3.10/site-packages/airflow/example_dags/example_dag_decorator.py took 0.220 seconds
[2024-06-24T14:23:18.961+0300] {processor.py:161} INFO - Started process (PID=28981) to work on /home/user/rubix/internship_project/.venv/lib/python3.10/site-packages/airflow/example_dags/example_dag_decorator.py
[2024-06-24T14:23:18.962+0300] {processor.py:830} INFO - Processing file /home/user/rubix/internship_project/.venv/lib/python3.10/site-packages/airflow/example_dags/example_dag_decorator.py for tasks to queue
[2024-06-24T14:23:18.964+0300] {logging_mixin.py:188} INFO - [2024-06-24T14:23:18.963+0300] {dagbag.py:545} INFO - Filling up the DagBag from /home/user/rubix/internship_project/.venv/lib/python3.10/site-packages/airflow/example_dags/example_dag_decorator.py
[2024-06-24T14:23:19.049+0300] {processor.py:840} INFO - DAG(s) 'example_dag_decorator' retrieved from /home/user/rubix/internship_project/.venv/lib/python3.10/site-packages/airflow/example_dags/example_dag_decorator.py
[2024-06-24T14:23:19.140+0300] {logging_mixin.py:188} INFO - [2024-06-24T14:23:19.140+0300] {dag.py:3096} INFO - Sync 1 DAGs
[2024-06-24T14:23:19.146+0300] {logging_mixin.py:188} INFO - [2024-06-24T14:23:19.146+0300] {dag.py:3954} INFO - Setting next_dagrun for example_dag_decorator to None, run_after=None
[2024-06-24T14:23:19.176+0300] {processor.py:183} INFO - Processing /home/user/rubix/internship_project/.venv/lib/python3.10/site-packages/airflow/example_dags/example_dag_decorator.py took 0.224 seconds
[2024-06-24T14:24:28.439+0300] {processor.py:161} INFO - Started process (PID=29247) to work on /home/user/rubix/internship_project/.venv/lib/python3.10/site-packages/airflow/example_dags/example_dag_decorator.py
[2024-06-24T14:24:28.440+0300] {processor.py:830} INFO - Processing file /home/user/rubix/internship_project/.venv/lib/python3.10/site-packages/airflow/example_dags/example_dag_decorator.py for tasks to queue
[2024-06-24T14:24:28.442+0300] {logging_mixin.py:188} INFO - [2024-06-24T14:24:28.442+0300] {dagbag.py:545} INFO - Filling up the DagBag from /home/user/rubix/internship_project/.venv/lib/python3.10/site-packages/airflow/example_dags/example_dag_decorator.py
[2024-06-24T14:24:28.525+0300] {processor.py:840} INFO - DAG(s) 'example_dag_decorator' retrieved from /home/user/rubix/internship_project/.venv/lib/python3.10/site-packages/airflow/example_dags/example_dag_decorator.py
[2024-06-24T14:24:28.613+0300] {logging_mixin.py:188} INFO - [2024-06-24T14:24:28.613+0300] {dag.py:3096} INFO - Sync 1 DAGs
[2024-06-24T14:24:28.619+0300] {logging_mixin.py:188} INFO - [2024-06-24T14:24:28.619+0300] {dag.py:3954} INFO - Setting next_dagrun for example_dag_decorator to None, run_after=None
[2024-06-24T14:24:28.650+0300] {processor.py:183} INFO - Processing /home/user/rubix/internship_project/.venv/lib/python3.10/site-packages/airflow/example_dags/example_dag_decorator.py took 0.220 seconds
[2024-06-24T14:25:32.548+0300] {processor.py:161} INFO - Started process (PID=29578) to work on /home/user/rubix/internship_project/.venv/lib/python3.10/site-packages/airflow/example_dags/example_dag_decorator.py
[2024-06-24T14:25:32.549+0300] {processor.py:830} INFO - Processing file /home/user/rubix/internship_project/.venv/lib/python3.10/site-packages/airflow/example_dags/example_dag_decorator.py for tasks to queue
[2024-06-24T14:25:32.551+0300] {logging_mixin.py:188} INFO - [2024-06-24T14:25:32.550+0300] {dagbag.py:545} INFO - Filling up the DagBag from /home/user/rubix/internship_project/.venv/lib/python3.10/site-packages/airflow/example_dags/example_dag_decorator.py
[2024-06-24T14:25:32.624+0300] {processor.py:840} INFO - DAG(s) 'example_dag_decorator' retrieved from /home/user/rubix/internship_project/.venv/lib/python3.10/site-packages/airflow/example_dags/example_dag_decorator.py
[2024-06-24T14:25:32.721+0300] {logging_mixin.py:188} INFO - [2024-06-24T14:25:32.721+0300] {dag.py:3096} INFO - Sync 1 DAGs
[2024-06-24T14:25:32.728+0300] {logging_mixin.py:188} INFO - [2024-06-24T14:25:32.728+0300] {dag.py:3954} INFO - Setting next_dagrun for example_dag_decorator to None, run_after=None
[2024-06-24T14:25:32.753+0300] {processor.py:183} INFO - Processing /home/user/rubix/internship_project/.venv/lib/python3.10/site-packages/airflow/example_dags/example_dag_decorator.py took 0.213 seconds
[2024-06-24T14:26:32.194+0300] {processor.py:161} INFO - Started process (PID=29828) to work on /home/user/rubix/internship_project/.venv/lib/python3.10/site-packages/airflow/example_dags/example_dag_decorator.py
[2024-06-24T14:26:32.195+0300] {processor.py:830} INFO - Processing file /home/user/rubix/internship_project/.venv/lib/python3.10/site-packages/airflow/example_dags/example_dag_decorator.py for tasks to queue
[2024-06-24T14:26:32.196+0300] {logging_mixin.py:188} INFO - [2024-06-24T14:26:32.196+0300] {dagbag.py:545} INFO - Filling up the DagBag from /home/user/rubix/internship_project/.venv/lib/python3.10/site-packages/airflow/example_dags/example_dag_decorator.py
[2024-06-24T14:26:32.268+0300] {processor.py:840} INFO - DAG(s) 'example_dag_decorator' retrieved from /home/user/rubix/internship_project/.venv/lib/python3.10/site-packages/airflow/example_dags/example_dag_decorator.py
[2024-06-24T14:26:32.350+0300] {logging_mixin.py:188} INFO - [2024-06-24T14:26:32.350+0300] {dag.py:3096} INFO - Sync 1 DAGs
[2024-06-24T14:26:32.357+0300] {logging_mixin.py:188} INFO - [2024-06-24T14:26:32.357+0300] {dag.py:3954} INFO - Setting next_dagrun for example_dag_decorator to None, run_after=None
[2024-06-24T14:26:32.386+0300] {processor.py:183} INFO - Processing /home/user/rubix/internship_project/.venv/lib/python3.10/site-packages/airflow/example_dags/example_dag_decorator.py took 0.200 seconds
[2024-06-24T14:27:40.981+0300] {processor.py:161} INFO - Started process (PID=30482) to work on /home/user/rubix/internship_project/.venv/lib/python3.10/site-packages/airflow/example_dags/example_dag_decorator.py
[2024-06-24T14:27:40.982+0300] {processor.py:830} INFO - Processing file /home/user/rubix/internship_project/.venv/lib/python3.10/site-packages/airflow/example_dags/example_dag_decorator.py for tasks to queue
[2024-06-24T14:27:40.984+0300] {logging_mixin.py:188} INFO - [2024-06-24T14:27:40.984+0300] {dagbag.py:545} INFO - Filling up the DagBag from /home/user/rubix/internship_project/.venv/lib/python3.10/site-packages/airflow/example_dags/example_dag_decorator.py
[2024-06-24T14:27:41.066+0300] {processor.py:840} INFO - DAG(s) 'example_dag_decorator' retrieved from /home/user/rubix/internship_project/.venv/lib/python3.10/site-packages/airflow/example_dags/example_dag_decorator.py
[2024-06-24T14:27:41.157+0300] {logging_mixin.py:188} INFO - [2024-06-24T14:27:41.157+0300] {dag.py:3096} INFO - Sync 1 DAGs
[2024-06-24T14:27:41.165+0300] {logging_mixin.py:188} INFO - [2024-06-24T14:27:41.165+0300] {dag.py:3954} INFO - Setting next_dagrun for example_dag_decorator to None, run_after=None
[2024-06-24T14:27:41.194+0300] {processor.py:183} INFO - Processing /home/user/rubix/internship_project/.venv/lib/python3.10/site-packages/airflow/example_dags/example_dag_decorator.py took 0.221 seconds
[2024-06-24T14:28:44.662+0300] {processor.py:161} INFO - Started process (PID=30766) to work on /home/user/rubix/internship_project/.venv/lib/python3.10/site-packages/airflow/example_dags/example_dag_decorator.py
[2024-06-24T14:28:44.663+0300] {processor.py:830} INFO - Processing file /home/user/rubix/internship_project/.venv/lib/python3.10/site-packages/airflow/example_dags/example_dag_decorator.py for tasks to queue
[2024-06-24T14:28:44.667+0300] {logging_mixin.py:188} INFO - [2024-06-24T14:28:44.666+0300] {dagbag.py:545} INFO - Filling up the DagBag from /home/user/rubix/internship_project/.venv/lib/python3.10/site-packages/airflow/example_dags/example_dag_decorator.py
[2024-06-24T14:28:44.804+0300] {processor.py:840} INFO - DAG(s) 'example_dag_decorator' retrieved from /home/user/rubix/internship_project/.venv/lib/python3.10/site-packages/airflow/example_dags/example_dag_decorator.py
[2024-06-24T14:28:44.945+0300] {logging_mixin.py:188} INFO - [2024-06-24T14:28:44.945+0300] {dag.py:3096} INFO - Sync 1 DAGs
[2024-06-24T14:28:44.955+0300] {logging_mixin.py:188} INFO - [2024-06-24T14:28:44.954+0300] {dag.py:3954} INFO - Setting next_dagrun for example_dag_decorator to None, run_after=None
[2024-06-24T14:28:44.985+0300] {processor.py:183} INFO - Processing /home/user/rubix/internship_project/.venv/lib/python3.10/site-packages/airflow/example_dags/example_dag_decorator.py took 0.333 seconds
[2024-06-24T14:29:58.287+0300] {processor.py:161} INFO - Started process (PID=31343) to work on /home/user/rubix/internship_project/.venv/lib/python3.10/site-packages/airflow/example_dags/example_dag_decorator.py
[2024-06-24T14:29:58.288+0300] {processor.py:830} INFO - Processing file /home/user/rubix/internship_project/.venv/lib/python3.10/site-packages/airflow/example_dags/example_dag_decorator.py for tasks to queue
[2024-06-24T14:29:58.290+0300] {logging_mixin.py:188} INFO - [2024-06-24T14:29:58.290+0300] {dagbag.py:545} INFO - Filling up the DagBag from /home/user/rubix/internship_project/.venv/lib/python3.10/site-packages/airflow/example_dags/example_dag_decorator.py
[2024-06-24T14:29:58.393+0300] {processor.py:840} INFO - DAG(s) 'example_dag_decorator' retrieved from /home/user/rubix/internship_project/.venv/lib/python3.10/site-packages/airflow/example_dags/example_dag_decorator.py
[2024-06-24T14:29:58.511+0300] {logging_mixin.py:188} INFO - [2024-06-24T14:29:58.511+0300] {dag.py:3096} INFO - Sync 1 DAGs
[2024-06-24T14:29:58.519+0300] {logging_mixin.py:188} INFO - [2024-06-24T14:29:58.519+0300] {dag.py:3954} INFO - Setting next_dagrun for example_dag_decorator to None, run_after=None
[2024-06-24T14:29:58.551+0300] {processor.py:183} INFO - Processing /home/user/rubix/internship_project/.venv/lib/python3.10/site-packages/airflow/example_dags/example_dag_decorator.py took 0.272 seconds
[2024-06-24T14:31:09.329+0300] {processor.py:161} INFO - Started process (PID=31668) to work on /home/user/rubix/internship_project/.venv/lib/python3.10/site-packages/airflow/example_dags/example_dag_decorator.py
[2024-06-24T14:31:09.330+0300] {processor.py:830} INFO - Processing file /home/user/rubix/internship_project/.venv/lib/python3.10/site-packages/airflow/example_dags/example_dag_decorator.py for tasks to queue
[2024-06-24T14:31:09.332+0300] {logging_mixin.py:188} INFO - [2024-06-24T14:31:09.332+0300] {dagbag.py:545} INFO - Filling up the DagBag from /home/user/rubix/internship_project/.venv/lib/python3.10/site-packages/airflow/example_dags/example_dag_decorator.py
[2024-06-24T14:31:09.407+0300] {processor.py:840} INFO - DAG(s) 'example_dag_decorator' retrieved from /home/user/rubix/internship_project/.venv/lib/python3.10/site-packages/airflow/example_dags/example_dag_decorator.py
[2024-06-24T14:31:09.500+0300] {logging_mixin.py:188} INFO - [2024-06-24T14:31:09.500+0300] {dag.py:3096} INFO - Sync 1 DAGs
[2024-06-24T14:31:09.509+0300] {logging_mixin.py:188} INFO - [2024-06-24T14:31:09.509+0300] {dag.py:3954} INFO - Setting next_dagrun for example_dag_decorator to None, run_after=None
[2024-06-24T14:31:09.541+0300] {processor.py:183} INFO - Processing /home/user/rubix/internship_project/.venv/lib/python3.10/site-packages/airflow/example_dags/example_dag_decorator.py took 0.220 seconds
[2024-06-24T14:32:17.310+0300] {processor.py:161} INFO - Started process (PID=32054) to work on /home/user/rubix/internship_project/.venv/lib/python3.10/site-packages/airflow/example_dags/example_dag_decorator.py
[2024-06-24T14:32:17.311+0300] {processor.py:830} INFO - Processing file /home/user/rubix/internship_project/.venv/lib/python3.10/site-packages/airflow/example_dags/example_dag_decorator.py for tasks to queue
[2024-06-24T14:32:17.312+0300] {logging_mixin.py:188} INFO - [2024-06-24T14:32:17.312+0300] {dagbag.py:545} INFO - Filling up the DagBag from /home/user/rubix/internship_project/.venv/lib/python3.10/site-packages/airflow/example_dags/example_dag_decorator.py
[2024-06-24T14:32:17.389+0300] {processor.py:840} INFO - DAG(s) 'example_dag_decorator' retrieved from /home/user/rubix/internship_project/.venv/lib/python3.10/site-packages/airflow/example_dags/example_dag_decorator.py
[2024-06-24T14:32:17.493+0300] {logging_mixin.py:188} INFO - [2024-06-24T14:32:17.492+0300] {dag.py:3096} INFO - Sync 1 DAGs
[2024-06-24T14:32:17.500+0300] {logging_mixin.py:188} INFO - [2024-06-24T14:32:17.500+0300] {dag.py:3954} INFO - Setting next_dagrun for example_dag_decorator to None, run_after=None
[2024-06-24T14:32:17.528+0300] {processor.py:183} INFO - Processing /home/user/rubix/internship_project/.venv/lib/python3.10/site-packages/airflow/example_dags/example_dag_decorator.py took 0.226 seconds
