[2024-06-24T14:02:56.830+0300] {processor.py:161} INFO - Started process (PID=22505) to work on /home/user/rubix/internship_project/.venv/lib/python3.10/site-packages/airflow/example_dags/example_trigger_controller_dag.py
[2024-06-24T14:02:56.831+0300] {processor.py:830} INFO - Processing file /home/user/rubix/internship_project/.venv/lib/python3.10/site-packages/airflow/example_dags/example_trigger_controller_dag.py for tasks to queue
[2024-06-24T14:02:56.845+0300] {logging_mixin.py:188} INFO - [2024-06-24T14:02:56.844+0300] {dagbag.py:545} INFO - Filling up the DagBag from /home/user/rubix/internship_project/.venv/lib/python3.10/site-packages/airflow/example_dags/example_trigger_controller_dag.py
[2024-06-24T14:02:56.855+0300] {processor.py:840} INFO - DAG(s) 'example_trigger_controller_dag' retrieved from /home/user/rubix/internship_project/.venv/lib/python3.10/site-packages/airflow/example_dags/example_trigger_controller_dag.py
[2024-06-24T14:02:56.869+0300] {logging_mixin.py:188} INFO - [2024-06-24T14:02:56.868+0300] {dag.py:3096} INFO - Sync 1 DAGs
[2024-06-24T14:02:56.888+0300] {logging_mixin.py:188} INFO - [2024-06-24T14:02:56.887+0300] {dag.py:3954} INFO - Setting next_dagrun for example_trigger_controller_dag to 2021-01-01 00:00:00+00:00, run_after=2021-01-01 00:00:00+00:00
[2024-06-24T14:02:56.925+0300] {processor.py:183} INFO - Processing /home/user/rubix/internship_project/.venv/lib/python3.10/site-packages/airflow/example_dags/example_trigger_controller_dag.py took 0.106 seconds
[2024-06-24T14:04:10.590+0300] {processor.py:161} INFO - Started process (PID=23131) to work on /home/user/rubix/internship_project/.venv/lib/python3.10/site-packages/airflow/example_dags/example_trigger_controller_dag.py
[2024-06-24T14:04:10.592+0300] {processor.py:830} INFO - Processing file /home/user/rubix/internship_project/.venv/lib/python3.10/site-packages/airflow/example_dags/example_trigger_controller_dag.py for tasks to queue
[2024-06-24T14:04:10.593+0300] {logging_mixin.py:188} INFO - [2024-06-24T14:04:10.593+0300] {dagbag.py:545} INFO - Filling up the DagBag from /home/user/rubix/internship_project/.venv/lib/python3.10/site-packages/airflow/example_dags/example_trigger_controller_dag.py
[2024-06-24T14:04:10.602+0300] {processor.py:840} INFO - DAG(s) 'example_trigger_controller_dag' retrieved from /home/user/rubix/internship_project/.venv/lib/python3.10/site-packages/airflow/example_dags/example_trigger_controller_dag.py
[2024-06-24T14:04:10.612+0300] {logging_mixin.py:188} INFO - [2024-06-24T14:04:10.611+0300] {dag.py:3096} INFO - Sync 1 DAGs
[2024-06-24T14:04:10.629+0300] {logging_mixin.py:188} INFO - [2024-06-24T14:04:10.628+0300] {dag.py:3954} INFO - Setting next_dagrun for example_trigger_controller_dag to 2021-01-01 00:00:00+00:00, run_after=2021-01-01 00:00:00+00:00
[2024-06-24T14:04:10.659+0300] {processor.py:183} INFO - Processing /home/user/rubix/internship_project/.venv/lib/python3.10/site-packages/airflow/example_dags/example_trigger_controller_dag.py took 0.076 seconds
[2024-06-24T14:05:07.494+0300] {processor.py:161} INFO - Started process (PID=23548) to work on /home/user/rubix/internship_project/.venv/lib/python3.10/site-packages/airflow/example_dags/example_trigger_controller_dag.py
[2024-06-24T14:05:07.496+0300] {processor.py:830} INFO - Processing file /home/user/rubix/internship_project/.venv/lib/python3.10/site-packages/airflow/example_dags/example_trigger_controller_dag.py for tasks to queue
[2024-06-24T14:05:07.500+0300] {logging_mixin.py:188} INFO - [2024-06-24T14:05:07.499+0300] {dagbag.py:545} INFO - Filling up the DagBag from /home/user/rubix/internship_project/.venv/lib/python3.10/site-packages/airflow/example_dags/example_trigger_controller_dag.py
[2024-06-24T14:05:07.522+0300] {processor.py:840} INFO - DAG(s) 'example_trigger_controller_dag' retrieved from /home/user/rubix/internship_project/.venv/lib/python3.10/site-packages/airflow/example_dags/example_trigger_controller_dag.py
[2024-06-24T14:05:07.733+0300] {logging_mixin.py:188} INFO - [2024-06-24T14:05:07.733+0300] {dag.py:3096} INFO - Sync 1 DAGs
[2024-06-24T14:05:07.743+0300] {logging_mixin.py:188} INFO - [2024-06-24T14:05:07.742+0300] {dag.py:3954} INFO - Setting next_dagrun for example_trigger_controller_dag to 2021-01-01 00:00:00+00:00, run_after=2021-01-01 00:00:00+00:00
[2024-06-24T14:05:07.760+0300] {processor.py:183} INFO - Processing /home/user/rubix/internship_project/.venv/lib/python3.10/site-packages/airflow/example_dags/example_trigger_controller_dag.py took 0.279 seconds
[2024-06-24T14:06:09.560+0300] {processor.py:161} INFO - Started process (PID=24060) to work on /home/user/rubix/internship_project/.venv/lib/python3.10/site-packages/airflow/example_dags/example_trigger_controller_dag.py
[2024-06-24T14:06:09.561+0300] {processor.py:830} INFO - Processing file /home/user/rubix/internship_project/.venv/lib/python3.10/site-packages/airflow/example_dags/example_trigger_controller_dag.py for tasks to queue
[2024-06-24T14:06:09.563+0300] {logging_mixin.py:188} INFO - [2024-06-24T14:06:09.562+0300] {dagbag.py:545} INFO - Filling up the DagBag from /home/user/rubix/internship_project/.venv/lib/python3.10/site-packages/airflow/example_dags/example_trigger_controller_dag.py
[2024-06-24T14:06:09.569+0300] {processor.py:840} INFO - DAG(s) 'example_trigger_controller_dag' retrieved from /home/user/rubix/internship_project/.venv/lib/python3.10/site-packages/airflow/example_dags/example_trigger_controller_dag.py
[2024-06-24T14:06:09.585+0300] {logging_mixin.py:188} INFO - [2024-06-24T14:06:09.585+0300] {dag.py:3096} INFO - Sync 1 DAGs
[2024-06-24T14:06:09.600+0300] {logging_mixin.py:188} INFO - [2024-06-24T14:06:09.600+0300] {dag.py:3954} INFO - Setting next_dagrun for example_trigger_controller_dag to 2021-01-01 00:00:00+00:00, run_after=2021-01-01 00:00:00+00:00
[2024-06-24T14:06:09.718+0300] {processor.py:183} INFO - Processing /home/user/rubix/internship_project/.venv/lib/python3.10/site-packages/airflow/example_dags/example_trigger_controller_dag.py took 0.166 seconds
[2024-06-24T14:07:04.451+0300] {processor.py:161} INFO - Started process (PID=24250) to work on /home/user/rubix/internship_project/.venv/lib/python3.10/site-packages/airflow/example_dags/example_trigger_controller_dag.py
[2024-06-24T14:07:04.452+0300] {processor.py:830} INFO - Processing file /home/user/rubix/internship_project/.venv/lib/python3.10/site-packages/airflow/example_dags/example_trigger_controller_dag.py for tasks to queue
[2024-06-24T14:07:04.454+0300] {logging_mixin.py:188} INFO - [2024-06-24T14:07:04.454+0300] {dagbag.py:545} INFO - Filling up the DagBag from /home/user/rubix/internship_project/.venv/lib/python3.10/site-packages/airflow/example_dags/example_trigger_controller_dag.py
[2024-06-24T14:07:04.462+0300] {processor.py:840} INFO - DAG(s) 'example_trigger_controller_dag' retrieved from /home/user/rubix/internship_project/.venv/lib/python3.10/site-packages/airflow/example_dags/example_trigger_controller_dag.py
[2024-06-24T14:07:04.482+0300] {logging_mixin.py:188} INFO - [2024-06-24T14:07:04.481+0300] {dag.py:3096} INFO - Sync 1 DAGs
[2024-06-24T14:07:04.501+0300] {logging_mixin.py:188} INFO - [2024-06-24T14:07:04.500+0300] {dag.py:3954} INFO - Setting next_dagrun for example_trigger_controller_dag to 2021-01-01 00:00:00+00:00, run_after=2021-01-01 00:00:00+00:00
[2024-06-24T14:07:04.535+0300] {processor.py:183} INFO - Processing /home/user/rubix/internship_project/.venv/lib/python3.10/site-packages/airflow/example_dags/example_trigger_controller_dag.py took 0.100 seconds
[2024-06-24T14:07:52.001+0300] {processor.py:161} INFO - Started process (PID=24485) to work on /home/user/rubix/internship_project/.venv/lib/python3.10/site-packages/airflow/example_dags/example_trigger_controller_dag.py
[2024-06-24T14:07:52.002+0300] {processor.py:830} INFO - Processing file /home/user/rubix/internship_project/.venv/lib/python3.10/site-packages/airflow/example_dags/example_trigger_controller_dag.py for tasks to queue
[2024-06-24T14:07:52.004+0300] {logging_mixin.py:188} INFO - [2024-06-24T14:07:52.004+0300] {dagbag.py:545} INFO - Filling up the DagBag from /home/user/rubix/internship_project/.venv/lib/python3.10/site-packages/airflow/example_dags/example_trigger_controller_dag.py
[2024-06-24T14:07:52.011+0300] {processor.py:840} INFO - DAG(s) 'example_trigger_controller_dag' retrieved from /home/user/rubix/internship_project/.venv/lib/python3.10/site-packages/airflow/example_dags/example_trigger_controller_dag.py
[2024-06-24T14:07:52.027+0300] {logging_mixin.py:188} INFO - [2024-06-24T14:07:52.027+0300] {dag.py:3096} INFO - Sync 1 DAGs
[2024-06-24T14:07:52.047+0300] {logging_mixin.py:188} INFO - [2024-06-24T14:07:52.047+0300] {dag.py:3954} INFO - Setting next_dagrun for example_trigger_controller_dag to 2021-01-01 00:00:00+00:00, run_after=2021-01-01 00:00:00+00:00
[2024-06-24T14:07:52.084+0300] {processor.py:183} INFO - Processing /home/user/rubix/internship_project/.venv/lib/python3.10/site-packages/airflow/example_dags/example_trigger_controller_dag.py took 0.091 seconds
[2024-06-24T14:08:38.659+0300] {processor.py:161} INFO - Started process (PID=24758) to work on /home/user/rubix/internship_project/.venv/lib/python3.10/site-packages/airflow/example_dags/example_trigger_controller_dag.py
[2024-06-24T14:08:38.660+0300] {processor.py:830} INFO - Processing file /home/user/rubix/internship_project/.venv/lib/python3.10/site-packages/airflow/example_dags/example_trigger_controller_dag.py for tasks to queue
[2024-06-24T14:08:38.662+0300] {logging_mixin.py:188} INFO - [2024-06-24T14:08:38.661+0300] {dagbag.py:545} INFO - Filling up the DagBag from /home/user/rubix/internship_project/.venv/lib/python3.10/site-packages/airflow/example_dags/example_trigger_controller_dag.py
[2024-06-24T14:08:38.668+0300] {processor.py:840} INFO - DAG(s) 'example_trigger_controller_dag' retrieved from /home/user/rubix/internship_project/.venv/lib/python3.10/site-packages/airflow/example_dags/example_trigger_controller_dag.py
[2024-06-24T14:08:38.685+0300] {logging_mixin.py:188} INFO - [2024-06-24T14:08:38.684+0300] {dag.py:3096} INFO - Sync 1 DAGs
[2024-06-24T14:08:38.702+0300] {logging_mixin.py:188} INFO - [2024-06-24T14:08:38.702+0300] {dag.py:3954} INFO - Setting next_dagrun for example_trigger_controller_dag to 2021-01-01 00:00:00+00:00, run_after=2021-01-01 00:00:00+00:00
[2024-06-24T14:08:38.734+0300] {processor.py:183} INFO - Processing /home/user/rubix/internship_project/.venv/lib/python3.10/site-packages/airflow/example_dags/example_trigger_controller_dag.py took 0.084 seconds
[2024-06-24T14:09:24.216+0300] {processor.py:161} INFO - Started process (PID=25109) to work on /home/user/rubix/internship_project/.venv/lib/python3.10/site-packages/airflow/example_dags/example_trigger_controller_dag.py
[2024-06-24T14:09:24.218+0300] {processor.py:830} INFO - Processing file /home/user/rubix/internship_project/.venv/lib/python3.10/site-packages/airflow/example_dags/example_trigger_controller_dag.py for tasks to queue
[2024-06-24T14:09:24.219+0300] {logging_mixin.py:188} INFO - [2024-06-24T14:09:24.219+0300] {dagbag.py:545} INFO - Filling up the DagBag from /home/user/rubix/internship_project/.venv/lib/python3.10/site-packages/airflow/example_dags/example_trigger_controller_dag.py
[2024-06-24T14:09:24.226+0300] {processor.py:840} INFO - DAG(s) 'example_trigger_controller_dag' retrieved from /home/user/rubix/internship_project/.venv/lib/python3.10/site-packages/airflow/example_dags/example_trigger_controller_dag.py
[2024-06-24T14:09:24.243+0300] {logging_mixin.py:188} INFO - [2024-06-24T14:09:24.243+0300] {dag.py:3096} INFO - Sync 1 DAGs
[2024-06-24T14:09:24.259+0300] {logging_mixin.py:188} INFO - [2024-06-24T14:09:24.259+0300] {dag.py:3954} INFO - Setting next_dagrun for example_trigger_controller_dag to 2021-01-01 00:00:00+00:00, run_after=2021-01-01 00:00:00+00:00
[2024-06-24T14:09:24.289+0300] {processor.py:183} INFO - Processing /home/user/rubix/internship_project/.venv/lib/python3.10/site-packages/airflow/example_dags/example_trigger_controller_dag.py took 0.081 seconds
[2024-06-24T14:10:09.353+0300] {processor.py:161} INFO - Started process (PID=25410) to work on /home/user/rubix/internship_project/.venv/lib/python3.10/site-packages/airflow/example_dags/example_trigger_controller_dag.py
[2024-06-24T14:10:09.357+0300] {processor.py:830} INFO - Processing file /home/user/rubix/internship_project/.venv/lib/python3.10/site-packages/airflow/example_dags/example_trigger_controller_dag.py for tasks to queue
[2024-06-24T14:10:09.359+0300] {logging_mixin.py:188} INFO - [2024-06-24T14:10:09.359+0300] {dagbag.py:545} INFO - Filling up the DagBag from /home/user/rubix/internship_project/.venv/lib/python3.10/site-packages/airflow/example_dags/example_trigger_controller_dag.py
[2024-06-24T14:10:09.367+0300] {processor.py:840} INFO - DAG(s) 'example_trigger_controller_dag' retrieved from /home/user/rubix/internship_project/.venv/lib/python3.10/site-packages/airflow/example_dags/example_trigger_controller_dag.py
[2024-06-24T14:10:09.391+0300] {logging_mixin.py:188} INFO - [2024-06-24T14:10:09.391+0300] {dag.py:3096} INFO - Sync 1 DAGs
[2024-06-24T14:10:09.412+0300] {logging_mixin.py:188} INFO - [2024-06-24T14:10:09.411+0300] {dag.py:3954} INFO - Setting next_dagrun for example_trigger_controller_dag to 2021-01-01 00:00:00+00:00, run_after=2021-01-01 00:00:00+00:00
[2024-06-24T14:10:09.450+0300] {processor.py:183} INFO - Processing /home/user/rubix/internship_project/.venv/lib/python3.10/site-packages/airflow/example_dags/example_trigger_controller_dag.py took 0.107 seconds
[2024-06-24T14:10:53.396+0300] {processor.py:161} INFO - Started process (PID=25613) to work on /home/user/rubix/internship_project/.venv/lib/python3.10/site-packages/airflow/example_dags/example_trigger_controller_dag.py
[2024-06-24T14:10:53.397+0300] {processor.py:830} INFO - Processing file /home/user/rubix/internship_project/.venv/lib/python3.10/site-packages/airflow/example_dags/example_trigger_controller_dag.py for tasks to queue
[2024-06-24T14:10:53.399+0300] {logging_mixin.py:188} INFO - [2024-06-24T14:10:53.399+0300] {dagbag.py:545} INFO - Filling up the DagBag from /home/user/rubix/internship_project/.venv/lib/python3.10/site-packages/airflow/example_dags/example_trigger_controller_dag.py
[2024-06-24T14:10:53.406+0300] {processor.py:840} INFO - DAG(s) 'example_trigger_controller_dag' retrieved from /home/user/rubix/internship_project/.venv/lib/python3.10/site-packages/airflow/example_dags/example_trigger_controller_dag.py
[2024-06-24T14:10:53.423+0300] {logging_mixin.py:188} INFO - [2024-06-24T14:10:53.423+0300] {dag.py:3096} INFO - Sync 1 DAGs
[2024-06-24T14:10:53.444+0300] {logging_mixin.py:188} INFO - [2024-06-24T14:10:53.444+0300] {dag.py:3954} INFO - Setting next_dagrun for example_trigger_controller_dag to 2021-01-01 00:00:00+00:00, run_after=2021-01-01 00:00:00+00:00
[2024-06-24T14:10:53.478+0300] {processor.py:183} INFO - Processing /home/user/rubix/internship_project/.venv/lib/python3.10/site-packages/airflow/example_dags/example_trigger_controller_dag.py took 0.093 seconds
[2024-06-24T14:11:38.638+0300] {processor.py:161} INFO - Started process (PID=25936) to work on /home/user/rubix/internship_project/.venv/lib/python3.10/site-packages/airflow/example_dags/example_trigger_controller_dag.py
[2024-06-24T14:11:38.639+0300] {processor.py:830} INFO - Processing file /home/user/rubix/internship_project/.venv/lib/python3.10/site-packages/airflow/example_dags/example_trigger_controller_dag.py for tasks to queue
[2024-06-24T14:11:38.641+0300] {logging_mixin.py:188} INFO - [2024-06-24T14:11:38.640+0300] {dagbag.py:545} INFO - Filling up the DagBag from /home/user/rubix/internship_project/.venv/lib/python3.10/site-packages/airflow/example_dags/example_trigger_controller_dag.py
[2024-06-24T14:11:38.647+0300] {processor.py:840} INFO - DAG(s) 'example_trigger_controller_dag' retrieved from /home/user/rubix/internship_project/.venv/lib/python3.10/site-packages/airflow/example_dags/example_trigger_controller_dag.py
[2024-06-24T14:11:38.664+0300] {logging_mixin.py:188} INFO - [2024-06-24T14:11:38.663+0300] {dag.py:3096} INFO - Sync 1 DAGs
[2024-06-24T14:11:38.678+0300] {logging_mixin.py:188} INFO - [2024-06-24T14:11:38.678+0300] {dag.py:3954} INFO - Setting next_dagrun for example_trigger_controller_dag to 2021-01-01 00:00:00+00:00, run_after=2021-01-01 00:00:00+00:00
[2024-06-24T14:11:38.709+0300] {processor.py:183} INFO - Processing /home/user/rubix/internship_project/.venv/lib/python3.10/site-packages/airflow/example_dags/example_trigger_controller_dag.py took 0.079 seconds
[2024-06-24T14:12:22.255+0300] {processor.py:161} INFO - Started process (PID=26116) to work on /home/user/rubix/internship_project/.venv/lib/python3.10/site-packages/airflow/example_dags/example_trigger_controller_dag.py
[2024-06-24T14:12:22.256+0300] {processor.py:830} INFO - Processing file /home/user/rubix/internship_project/.venv/lib/python3.10/site-packages/airflow/example_dags/example_trigger_controller_dag.py for tasks to queue
[2024-06-24T14:12:22.258+0300] {logging_mixin.py:188} INFO - [2024-06-24T14:12:22.258+0300] {dagbag.py:545} INFO - Filling up the DagBag from /home/user/rubix/internship_project/.venv/lib/python3.10/site-packages/airflow/example_dags/example_trigger_controller_dag.py
[2024-06-24T14:12:22.265+0300] {processor.py:840} INFO - DAG(s) 'example_trigger_controller_dag' retrieved from /home/user/rubix/internship_project/.venv/lib/python3.10/site-packages/airflow/example_dags/example_trigger_controller_dag.py
[2024-06-24T14:12:22.286+0300] {logging_mixin.py:188} INFO - [2024-06-24T14:12:22.285+0300] {dag.py:3096} INFO - Sync 1 DAGs
[2024-06-24T14:12:22.305+0300] {logging_mixin.py:188} INFO - [2024-06-24T14:12:22.305+0300] {dag.py:3954} INFO - Setting next_dagrun for example_trigger_controller_dag to 2021-01-01 00:00:00+00:00, run_after=2021-01-01 00:00:00+00:00
[2024-06-24T14:12:22.341+0300] {processor.py:183} INFO - Processing /home/user/rubix/internship_project/.venv/lib/python3.10/site-packages/airflow/example_dags/example_trigger_controller_dag.py took 0.095 seconds
[2024-06-24T14:13:22.383+0300] {processor.py:161} INFO - Started process (PID=26295) to work on /home/user/rubix/internship_project/.venv/lib/python3.10/site-packages/airflow/example_dags/example_trigger_controller_dag.py
[2024-06-24T14:13:22.383+0300] {processor.py:830} INFO - Processing file /home/user/rubix/internship_project/.venv/lib/python3.10/site-packages/airflow/example_dags/example_trigger_controller_dag.py for tasks to queue
[2024-06-24T14:13:22.385+0300] {logging_mixin.py:188} INFO - [2024-06-24T14:13:22.385+0300] {dagbag.py:545} INFO - Filling up the DagBag from /home/user/rubix/internship_project/.venv/lib/python3.10/site-packages/airflow/example_dags/example_trigger_controller_dag.py
[2024-06-24T14:13:22.405+0300] {processor.py:840} INFO - DAG(s) 'example_trigger_controller_dag' retrieved from /home/user/rubix/internship_project/.venv/lib/python3.10/site-packages/airflow/example_dags/example_trigger_controller_dag.py
[2024-06-24T14:13:22.421+0300] {logging_mixin.py:188} INFO - [2024-06-24T14:13:22.421+0300] {dag.py:3096} INFO - Sync 1 DAGs
[2024-06-24T14:13:22.436+0300] {logging_mixin.py:188} INFO - [2024-06-24T14:13:22.435+0300] {dag.py:3954} INFO - Setting next_dagrun for example_trigger_controller_dag to 2021-01-01 00:00:00+00:00, run_after=2021-01-01 00:00:00+00:00
[2024-06-24T14:13:22.466+0300] {processor.py:183} INFO - Processing /home/user/rubix/internship_project/.venv/lib/python3.10/site-packages/airflow/example_dags/example_trigger_controller_dag.py took 0.091 seconds
[2024-06-24T14:14:12.369+0300] {processor.py:161} INFO - Started process (PID=26614) to work on /home/user/rubix/internship_project/.venv/lib/python3.10/site-packages/airflow/example_dags/example_trigger_controller_dag.py
[2024-06-24T14:14:12.370+0300] {processor.py:830} INFO - Processing file /home/user/rubix/internship_project/.venv/lib/python3.10/site-packages/airflow/example_dags/example_trigger_controller_dag.py for tasks to queue
[2024-06-24T14:14:12.372+0300] {logging_mixin.py:188} INFO - [2024-06-24T14:14:12.372+0300] {dagbag.py:545} INFO - Filling up the DagBag from /home/user/rubix/internship_project/.venv/lib/python3.10/site-packages/airflow/example_dags/example_trigger_controller_dag.py
[2024-06-24T14:14:12.379+0300] {processor.py:840} INFO - DAG(s) 'example_trigger_controller_dag' retrieved from /home/user/rubix/internship_project/.venv/lib/python3.10/site-packages/airflow/example_dags/example_trigger_controller_dag.py
[2024-06-24T14:14:12.396+0300] {logging_mixin.py:188} INFO - [2024-06-24T14:14:12.396+0300] {dag.py:3096} INFO - Sync 1 DAGs
[2024-06-24T14:14:12.415+0300] {logging_mixin.py:188} INFO - [2024-06-24T14:14:12.415+0300] {dag.py:3954} INFO - Setting next_dagrun for example_trigger_controller_dag to 2021-01-01 00:00:00+00:00, run_after=2021-01-01 00:00:00+00:00
[2024-06-24T14:14:12.446+0300] {processor.py:183} INFO - Processing /home/user/rubix/internship_project/.venv/lib/python3.10/site-packages/airflow/example_dags/example_trigger_controller_dag.py took 0.086 seconds
[2024-06-24T14:14:55.710+0300] {processor.py:161} INFO - Started process (PID=26764) to work on /home/user/rubix/internship_project/.venv/lib/python3.10/site-packages/airflow/example_dags/example_trigger_controller_dag.py
[2024-06-24T14:14:55.711+0300] {processor.py:830} INFO - Processing file /home/user/rubix/internship_project/.venv/lib/python3.10/site-packages/airflow/example_dags/example_trigger_controller_dag.py for tasks to queue
[2024-06-24T14:14:55.713+0300] {logging_mixin.py:188} INFO - [2024-06-24T14:14:55.713+0300] {dagbag.py:545} INFO - Filling up the DagBag from /home/user/rubix/internship_project/.venv/lib/python3.10/site-packages/airflow/example_dags/example_trigger_controller_dag.py
[2024-06-24T14:14:55.720+0300] {processor.py:840} INFO - DAG(s) 'example_trigger_controller_dag' retrieved from /home/user/rubix/internship_project/.venv/lib/python3.10/site-packages/airflow/example_dags/example_trigger_controller_dag.py
[2024-06-24T14:14:55.741+0300] {logging_mixin.py:188} INFO - [2024-06-24T14:14:55.741+0300] {dag.py:3096} INFO - Sync 1 DAGs
[2024-06-24T14:14:55.761+0300] {logging_mixin.py:188} INFO - [2024-06-24T14:14:55.761+0300] {dag.py:3954} INFO - Setting next_dagrun for example_trigger_controller_dag to 2021-01-01 00:00:00+00:00, run_after=2021-01-01 00:00:00+00:00
[2024-06-24T14:14:55.792+0300] {processor.py:183} INFO - Processing /home/user/rubix/internship_project/.venv/lib/python3.10/site-packages/airflow/example_dags/example_trigger_controller_dag.py took 0.092 seconds
[2024-06-24T14:15:38.390+0300] {processor.py:161} INFO - Started process (PID=26916) to work on /home/user/rubix/internship_project/.venv/lib/python3.10/site-packages/airflow/example_dags/example_trigger_controller_dag.py
[2024-06-24T14:15:38.391+0300] {processor.py:830} INFO - Processing file /home/user/rubix/internship_project/.venv/lib/python3.10/site-packages/airflow/example_dags/example_trigger_controller_dag.py for tasks to queue
[2024-06-24T14:15:38.392+0300] {logging_mixin.py:188} INFO - [2024-06-24T14:15:38.392+0300] {dagbag.py:545} INFO - Filling up the DagBag from /home/user/rubix/internship_project/.venv/lib/python3.10/site-packages/airflow/example_dags/example_trigger_controller_dag.py
[2024-06-24T14:15:38.398+0300] {processor.py:840} INFO - DAG(s) 'example_trigger_controller_dag' retrieved from /home/user/rubix/internship_project/.venv/lib/python3.10/site-packages/airflow/example_dags/example_trigger_controller_dag.py
[2024-06-24T14:15:38.414+0300] {logging_mixin.py:188} INFO - [2024-06-24T14:15:38.414+0300] {dag.py:3096} INFO - Sync 1 DAGs
[2024-06-24T14:15:38.428+0300] {logging_mixin.py:188} INFO - [2024-06-24T14:15:38.428+0300] {dag.py:3954} INFO - Setting next_dagrun for example_trigger_controller_dag to 2021-01-01 00:00:00+00:00, run_after=2021-01-01 00:00:00+00:00
[2024-06-24T14:15:38.457+0300] {processor.py:183} INFO - Processing /home/user/rubix/internship_project/.venv/lib/python3.10/site-packages/airflow/example_dags/example_trigger_controller_dag.py took 0.075 seconds
[2024-06-24T14:16:19.968+0300] {processor.py:161} INFO - Started process (PID=27067) to work on /home/user/rubix/internship_project/.venv/lib/python3.10/site-packages/airflow/example_dags/example_trigger_controller_dag.py
[2024-06-24T14:16:19.969+0300] {processor.py:830} INFO - Processing file /home/user/rubix/internship_project/.venv/lib/python3.10/site-packages/airflow/example_dags/example_trigger_controller_dag.py for tasks to queue
[2024-06-24T14:16:19.971+0300] {logging_mixin.py:188} INFO - [2024-06-24T14:16:19.971+0300] {dagbag.py:545} INFO - Filling up the DagBag from /home/user/rubix/internship_project/.venv/lib/python3.10/site-packages/airflow/example_dags/example_trigger_controller_dag.py
[2024-06-24T14:16:19.977+0300] {processor.py:840} INFO - DAG(s) 'example_trigger_controller_dag' retrieved from /home/user/rubix/internship_project/.venv/lib/python3.10/site-packages/airflow/example_dags/example_trigger_controller_dag.py
[2024-06-24T14:16:19.994+0300] {logging_mixin.py:188} INFO - [2024-06-24T14:16:19.994+0300] {dag.py:3096} INFO - Sync 1 DAGs
[2024-06-24T14:16:20.009+0300] {logging_mixin.py:188} INFO - [2024-06-24T14:16:20.009+0300] {dag.py:3954} INFO - Setting next_dagrun for example_trigger_controller_dag to 2021-01-01 00:00:00+00:00, run_after=2021-01-01 00:00:00+00:00
[2024-06-24T14:16:20.041+0300] {processor.py:183} INFO - Processing /home/user/rubix/internship_project/.venv/lib/python3.10/site-packages/airflow/example_dags/example_trigger_controller_dag.py took 0.081 seconds
[2024-06-24T14:17:00.056+0300] {processor.py:161} INFO - Started process (PID=27180) to work on /home/user/rubix/internship_project/.venv/lib/python3.10/site-packages/airflow/example_dags/example_trigger_controller_dag.py
[2024-06-24T14:17:00.058+0300] {processor.py:830} INFO - Processing file /home/user/rubix/internship_project/.venv/lib/python3.10/site-packages/airflow/example_dags/example_trigger_controller_dag.py for tasks to queue
[2024-06-24T14:17:00.060+0300] {logging_mixin.py:188} INFO - [2024-06-24T14:17:00.059+0300] {dagbag.py:545} INFO - Filling up the DagBag from /home/user/rubix/internship_project/.venv/lib/python3.10/site-packages/airflow/example_dags/example_trigger_controller_dag.py
[2024-06-24T14:17:00.068+0300] {processor.py:840} INFO - DAG(s) 'example_trigger_controller_dag' retrieved from /home/user/rubix/internship_project/.venv/lib/python3.10/site-packages/airflow/example_dags/example_trigger_controller_dag.py
[2024-06-24T14:17:00.087+0300] {logging_mixin.py:188} INFO - [2024-06-24T14:17:00.086+0300] {dag.py:3096} INFO - Sync 1 DAGs
[2024-06-24T14:17:00.103+0300] {logging_mixin.py:188} INFO - [2024-06-24T14:17:00.103+0300] {dag.py:3954} INFO - Setting next_dagrun for example_trigger_controller_dag to 2021-01-01 00:00:00+00:00, run_after=2021-01-01 00:00:00+00:00
[2024-06-24T14:17:00.134+0300] {processor.py:183} INFO - Processing /home/user/rubix/internship_project/.venv/lib/python3.10/site-packages/airflow/example_dags/example_trigger_controller_dag.py took 0.087 seconds
[2024-06-24T14:17:40.438+0300] {processor.py:161} INFO - Started process (PID=27302) to work on /home/user/rubix/internship_project/.venv/lib/python3.10/site-packages/airflow/example_dags/example_trigger_controller_dag.py
[2024-06-24T14:17:40.439+0300] {processor.py:830} INFO - Processing file /home/user/rubix/internship_project/.venv/lib/python3.10/site-packages/airflow/example_dags/example_trigger_controller_dag.py for tasks to queue
[2024-06-24T14:17:40.441+0300] {logging_mixin.py:188} INFO - [2024-06-24T14:17:40.441+0300] {dagbag.py:545} INFO - Filling up the DagBag from /home/user/rubix/internship_project/.venv/lib/python3.10/site-packages/airflow/example_dags/example_trigger_controller_dag.py
[2024-06-24T14:17:40.448+0300] {processor.py:840} INFO - DAG(s) 'example_trigger_controller_dag' retrieved from /home/user/rubix/internship_project/.venv/lib/python3.10/site-packages/airflow/example_dags/example_trigger_controller_dag.py
[2024-06-24T14:17:40.465+0300] {logging_mixin.py:188} INFO - [2024-06-24T14:17:40.465+0300] {dag.py:3096} INFO - Sync 1 DAGs
[2024-06-24T14:17:40.481+0300] {logging_mixin.py:188} INFO - [2024-06-24T14:17:40.480+0300] {dag.py:3954} INFO - Setting next_dagrun for example_trigger_controller_dag to 2021-01-01 00:00:00+00:00, run_after=2021-01-01 00:00:00+00:00
[2024-06-24T14:17:40.510+0300] {processor.py:183} INFO - Processing /home/user/rubix/internship_project/.venv/lib/python3.10/site-packages/airflow/example_dags/example_trigger_controller_dag.py took 0.079 seconds
[2024-06-24T14:18:31.492+0300] {processor.py:161} INFO - Started process (PID=27466) to work on /home/user/rubix/internship_project/.venv/lib/python3.10/site-packages/airflow/example_dags/example_trigger_controller_dag.py
[2024-06-24T14:18:31.493+0300] {processor.py:830} INFO - Processing file /home/user/rubix/internship_project/.venv/lib/python3.10/site-packages/airflow/example_dags/example_trigger_controller_dag.py for tasks to queue
[2024-06-24T14:18:31.494+0300] {logging_mixin.py:188} INFO - [2024-06-24T14:18:31.494+0300] {dagbag.py:545} INFO - Filling up the DagBag from /home/user/rubix/internship_project/.venv/lib/python3.10/site-packages/airflow/example_dags/example_trigger_controller_dag.py
[2024-06-24T14:18:31.503+0300] {processor.py:840} INFO - DAG(s) 'example_trigger_controller_dag' retrieved from /home/user/rubix/internship_project/.venv/lib/python3.10/site-packages/airflow/example_dags/example_trigger_controller_dag.py
[2024-06-24T14:18:31.520+0300] {logging_mixin.py:188} INFO - [2024-06-24T14:18:31.520+0300] {dag.py:3096} INFO - Sync 1 DAGs
[2024-06-24T14:18:31.535+0300] {logging_mixin.py:188} INFO - [2024-06-24T14:18:31.535+0300] {dag.py:3954} INFO - Setting next_dagrun for example_trigger_controller_dag to 2021-01-01 00:00:00+00:00, run_after=2021-01-01 00:00:00+00:00
[2024-06-24T14:18:31.565+0300] {processor.py:183} INFO - Processing /home/user/rubix/internship_project/.venv/lib/python3.10/site-packages/airflow/example_dags/example_trigger_controller_dag.py took 0.081 seconds
[2024-06-24T14:19:23.896+0300] {processor.py:161} INFO - Started process (PID=27697) to work on /home/user/rubix/internship_project/.venv/lib/python3.10/site-packages/airflow/example_dags/example_trigger_controller_dag.py
[2024-06-24T14:19:23.897+0300] {processor.py:830} INFO - Processing file /home/user/rubix/internship_project/.venv/lib/python3.10/site-packages/airflow/example_dags/example_trigger_controller_dag.py for tasks to queue
[2024-06-24T14:19:23.899+0300] {logging_mixin.py:188} INFO - [2024-06-24T14:19:23.898+0300] {dagbag.py:545} INFO - Filling up the DagBag from /home/user/rubix/internship_project/.venv/lib/python3.10/site-packages/airflow/example_dags/example_trigger_controller_dag.py
[2024-06-24T14:19:23.905+0300] {processor.py:840} INFO - DAG(s) 'example_trigger_controller_dag' retrieved from /home/user/rubix/internship_project/.venv/lib/python3.10/site-packages/airflow/example_dags/example_trigger_controller_dag.py
[2024-06-24T14:19:23.925+0300] {logging_mixin.py:188} INFO - [2024-06-24T14:19:23.924+0300] {dag.py:3096} INFO - Sync 1 DAGs
[2024-06-24T14:19:23.952+0300] {logging_mixin.py:188} INFO - [2024-06-24T14:19:23.951+0300] {dag.py:3954} INFO - Setting next_dagrun for example_trigger_controller_dag to 2021-01-01 00:00:00+00:00, run_after=2021-01-01 00:00:00+00:00
[2024-06-24T14:19:24.000+0300] {processor.py:183} INFO - Processing /home/user/rubix/internship_project/.venv/lib/python3.10/site-packages/airflow/example_dags/example_trigger_controller_dag.py took 0.115 seconds
[2024-06-24T14:20:04.601+0300] {processor.py:161} INFO - Started process (PID=28010) to work on /home/user/rubix/internship_project/.venv/lib/python3.10/site-packages/airflow/example_dags/example_trigger_controller_dag.py
[2024-06-24T14:20:04.602+0300] {processor.py:830} INFO - Processing file /home/user/rubix/internship_project/.venv/lib/python3.10/site-packages/airflow/example_dags/example_trigger_controller_dag.py for tasks to queue
[2024-06-24T14:20:04.604+0300] {logging_mixin.py:188} INFO - [2024-06-24T14:20:04.604+0300] {dagbag.py:545} INFO - Filling up the DagBag from /home/user/rubix/internship_project/.venv/lib/python3.10/site-packages/airflow/example_dags/example_trigger_controller_dag.py
[2024-06-24T14:20:04.612+0300] {processor.py:840} INFO - DAG(s) 'example_trigger_controller_dag' retrieved from /home/user/rubix/internship_project/.venv/lib/python3.10/site-packages/airflow/example_dags/example_trigger_controller_dag.py
[2024-06-24T14:20:04.633+0300] {logging_mixin.py:188} INFO - [2024-06-24T14:20:04.633+0300] {dag.py:3096} INFO - Sync 1 DAGs
[2024-06-24T14:20:04.653+0300] {logging_mixin.py:188} INFO - [2024-06-24T14:20:04.652+0300] {dag.py:3954} INFO - Setting next_dagrun for example_trigger_controller_dag to 2021-01-01 00:00:00+00:00, run_after=2021-01-01 00:00:00+00:00
[2024-06-24T14:20:04.675+0300] {processor.py:183} INFO - Processing /home/user/rubix/internship_project/.venv/lib/python3.10/site-packages/airflow/example_dags/example_trigger_controller_dag.py took 0.083 seconds
[2024-06-24T14:20:43.761+0300] {processor.py:161} INFO - Started process (PID=28240) to work on /home/user/rubix/internship_project/.venv/lib/python3.10/site-packages/airflow/example_dags/example_trigger_controller_dag.py
[2024-06-24T14:20:43.762+0300] {processor.py:830} INFO - Processing file /home/user/rubix/internship_project/.venv/lib/python3.10/site-packages/airflow/example_dags/example_trigger_controller_dag.py for tasks to queue
[2024-06-24T14:20:43.764+0300] {logging_mixin.py:188} INFO - [2024-06-24T14:20:43.763+0300] {dagbag.py:545} INFO - Filling up the DagBag from /home/user/rubix/internship_project/.venv/lib/python3.10/site-packages/airflow/example_dags/example_trigger_controller_dag.py
[2024-06-24T14:20:43.770+0300] {processor.py:840} INFO - DAG(s) 'example_trigger_controller_dag' retrieved from /home/user/rubix/internship_project/.venv/lib/python3.10/site-packages/airflow/example_dags/example_trigger_controller_dag.py
[2024-06-24T14:20:43.788+0300] {logging_mixin.py:188} INFO - [2024-06-24T14:20:43.788+0300] {dag.py:3096} INFO - Sync 1 DAGs
[2024-06-24T14:20:43.804+0300] {logging_mixin.py:188} INFO - [2024-06-24T14:20:43.804+0300] {dag.py:3954} INFO - Setting next_dagrun for example_trigger_controller_dag to 2021-01-01 00:00:00+00:00, run_after=2021-01-01 00:00:00+00:00
[2024-06-24T14:20:43.837+0300] {processor.py:183} INFO - Processing /home/user/rubix/internship_project/.venv/lib/python3.10/site-packages/airflow/example_dags/example_trigger_controller_dag.py took 0.084 seconds
[2024-06-24T14:21:27.127+0300] {processor.py:161} INFO - Started process (PID=28543) to work on /home/user/rubix/internship_project/.venv/lib/python3.10/site-packages/airflow/example_dags/example_trigger_controller_dag.py
[2024-06-24T14:21:27.128+0300] {processor.py:830} INFO - Processing file /home/user/rubix/internship_project/.venv/lib/python3.10/site-packages/airflow/example_dags/example_trigger_controller_dag.py for tasks to queue
[2024-06-24T14:21:27.130+0300] {logging_mixin.py:188} INFO - [2024-06-24T14:21:27.130+0300] {dagbag.py:545} INFO - Filling up the DagBag from /home/user/rubix/internship_project/.venv/lib/python3.10/site-packages/airflow/example_dags/example_trigger_controller_dag.py
[2024-06-24T14:21:27.137+0300] {processor.py:840} INFO - DAG(s) 'example_trigger_controller_dag' retrieved from /home/user/rubix/internship_project/.venv/lib/python3.10/site-packages/airflow/example_dags/example_trigger_controller_dag.py
[2024-06-24T14:21:27.155+0300] {logging_mixin.py:188} INFO - [2024-06-24T14:21:27.154+0300] {dag.py:3096} INFO - Sync 1 DAGs
[2024-06-24T14:21:27.174+0300] {logging_mixin.py:188} INFO - [2024-06-24T14:21:27.174+0300] {dag.py:3954} INFO - Setting next_dagrun for example_trigger_controller_dag to 2021-01-01 00:00:00+00:00, run_after=2021-01-01 00:00:00+00:00
[2024-06-24T14:21:27.205+0300] {processor.py:183} INFO - Processing /home/user/rubix/internship_project/.venv/lib/python3.10/site-packages/airflow/example_dags/example_trigger_controller_dag.py took 0.087 seconds
[2024-06-24T14:22:06.673+0300] {processor.py:161} INFO - Started process (PID=28727) to work on /home/user/rubix/internship_project/.venv/lib/python3.10/site-packages/airflow/example_dags/example_trigger_controller_dag.py
[2024-06-24T14:22:06.674+0300] {processor.py:830} INFO - Processing file /home/user/rubix/internship_project/.venv/lib/python3.10/site-packages/airflow/example_dags/example_trigger_controller_dag.py for tasks to queue
[2024-06-24T14:22:06.676+0300] {logging_mixin.py:188} INFO - [2024-06-24T14:22:06.675+0300] {dagbag.py:545} INFO - Filling up the DagBag from /home/user/rubix/internship_project/.venv/lib/python3.10/site-packages/airflow/example_dags/example_trigger_controller_dag.py
[2024-06-24T14:22:06.682+0300] {processor.py:840} INFO - DAG(s) 'example_trigger_controller_dag' retrieved from /home/user/rubix/internship_project/.venv/lib/python3.10/site-packages/airflow/example_dags/example_trigger_controller_dag.py
[2024-06-24T14:22:06.698+0300] {logging_mixin.py:188} INFO - [2024-06-24T14:22:06.698+0300] {dag.py:3096} INFO - Sync 1 DAGs
[2024-06-24T14:22:06.713+0300] {logging_mixin.py:188} INFO - [2024-06-24T14:22:06.713+0300] {dag.py:3954} INFO - Setting next_dagrun for example_trigger_controller_dag to 2021-01-01 00:00:00+00:00, run_after=2021-01-01 00:00:00+00:00
[2024-06-24T14:22:06.743+0300] {processor.py:183} INFO - Processing /home/user/rubix/internship_project/.venv/lib/python3.10/site-packages/airflow/example_dags/example_trigger_controller_dag.py took 0.078 seconds
[2024-06-24T14:22:44.116+0300] {processor.py:161} INFO - Started process (PID=28809) to work on /home/user/rubix/internship_project/.venv/lib/python3.10/site-packages/airflow/example_dags/example_trigger_controller_dag.py
[2024-06-24T14:22:44.117+0300] {processor.py:830} INFO - Processing file /home/user/rubix/internship_project/.venv/lib/python3.10/site-packages/airflow/example_dags/example_trigger_controller_dag.py for tasks to queue
[2024-06-24T14:22:44.119+0300] {logging_mixin.py:188} INFO - [2024-06-24T14:22:44.119+0300] {dagbag.py:545} INFO - Filling up the DagBag from /home/user/rubix/internship_project/.venv/lib/python3.10/site-packages/airflow/example_dags/example_trigger_controller_dag.py
[2024-06-24T14:22:44.127+0300] {processor.py:840} INFO - DAG(s) 'example_trigger_controller_dag' retrieved from /home/user/rubix/internship_project/.venv/lib/python3.10/site-packages/airflow/example_dags/example_trigger_controller_dag.py
[2024-06-24T14:22:44.145+0300] {logging_mixin.py:188} INFO - [2024-06-24T14:22:44.145+0300] {dag.py:3096} INFO - Sync 1 DAGs
[2024-06-24T14:22:44.163+0300] {logging_mixin.py:188} INFO - [2024-06-24T14:22:44.162+0300] {dag.py:3954} INFO - Setting next_dagrun for example_trigger_controller_dag to 2021-01-01 00:00:00+00:00, run_after=2021-01-01 00:00:00+00:00
[2024-06-24T14:22:44.195+0300] {processor.py:183} INFO - Processing /home/user/rubix/internship_project/.venv/lib/python3.10/site-packages/airflow/example_dags/example_trigger_controller_dag.py took 0.088 seconds
[2024-06-24T14:23:29.274+0300] {processor.py:161} INFO - Started process (PID=29003) to work on /home/user/rubix/internship_project/.venv/lib/python3.10/site-packages/airflow/example_dags/example_trigger_controller_dag.py
[2024-06-24T14:23:29.275+0300] {processor.py:830} INFO - Processing file /home/user/rubix/internship_project/.venv/lib/python3.10/site-packages/airflow/example_dags/example_trigger_controller_dag.py for tasks to queue
[2024-06-24T14:23:29.277+0300] {logging_mixin.py:188} INFO - [2024-06-24T14:23:29.277+0300] {dagbag.py:545} INFO - Filling up the DagBag from /home/user/rubix/internship_project/.venv/lib/python3.10/site-packages/airflow/example_dags/example_trigger_controller_dag.py
[2024-06-24T14:23:29.284+0300] {processor.py:840} INFO - DAG(s) 'example_trigger_controller_dag' retrieved from /home/user/rubix/internship_project/.venv/lib/python3.10/site-packages/airflow/example_dags/example_trigger_controller_dag.py
[2024-06-24T14:23:29.302+0300] {logging_mixin.py:188} INFO - [2024-06-24T14:23:29.302+0300] {dag.py:3096} INFO - Sync 1 DAGs
[2024-06-24T14:23:29.321+0300] {logging_mixin.py:188} INFO - [2024-06-24T14:23:29.320+0300] {dag.py:3954} INFO - Setting next_dagrun for example_trigger_controller_dag to 2021-01-01 00:00:00+00:00, run_after=2021-01-01 00:00:00+00:00
[2024-06-24T14:23:29.350+0300] {processor.py:183} INFO - Processing /home/user/rubix/internship_project/.venv/lib/python3.10/site-packages/airflow/example_dags/example_trigger_controller_dag.py took 0.086 seconds
[2024-06-24T14:24:15.012+0300] {processor.py:161} INFO - Started process (PID=29219) to work on /home/user/rubix/internship_project/.venv/lib/python3.10/site-packages/airflow/example_dags/example_trigger_controller_dag.py
[2024-06-24T14:24:15.013+0300] {processor.py:830} INFO - Processing file /home/user/rubix/internship_project/.venv/lib/python3.10/site-packages/airflow/example_dags/example_trigger_controller_dag.py for tasks to queue
[2024-06-24T14:24:15.016+0300] {logging_mixin.py:188} INFO - [2024-06-24T14:24:15.015+0300] {dagbag.py:545} INFO - Filling up the DagBag from /home/user/rubix/internship_project/.venv/lib/python3.10/site-packages/airflow/example_dags/example_trigger_controller_dag.py
[2024-06-24T14:24:15.023+0300] {processor.py:840} INFO - DAG(s) 'example_trigger_controller_dag' retrieved from /home/user/rubix/internship_project/.venv/lib/python3.10/site-packages/airflow/example_dags/example_trigger_controller_dag.py
[2024-06-24T14:24:15.042+0300] {logging_mixin.py:188} INFO - [2024-06-24T14:24:15.042+0300] {dag.py:3096} INFO - Sync 1 DAGs
[2024-06-24T14:24:15.060+0300] {logging_mixin.py:188} INFO - [2024-06-24T14:24:15.060+0300] {dag.py:3954} INFO - Setting next_dagrun for example_trigger_controller_dag to 2021-01-01 00:00:00+00:00, run_after=2021-01-01 00:00:00+00:00
[2024-06-24T14:24:15.081+0300] {processor.py:183} INFO - Processing /home/user/rubix/internship_project/.venv/lib/python3.10/site-packages/airflow/example_dags/example_trigger_controller_dag.py took 0.079 seconds
[2024-06-24T14:25:00.942+0300] {processor.py:161} INFO - Started process (PID=29440) to work on /home/user/rubix/internship_project/.venv/lib/python3.10/site-packages/airflow/example_dags/example_trigger_controller_dag.py
[2024-06-24T14:25:00.943+0300] {processor.py:830} INFO - Processing file /home/user/rubix/internship_project/.venv/lib/python3.10/site-packages/airflow/example_dags/example_trigger_controller_dag.py for tasks to queue
[2024-06-24T14:25:00.945+0300] {logging_mixin.py:188} INFO - [2024-06-24T14:25:00.944+0300] {dagbag.py:545} INFO - Filling up the DagBag from /home/user/rubix/internship_project/.venv/lib/python3.10/site-packages/airflow/example_dags/example_trigger_controller_dag.py
[2024-06-24T14:25:00.953+0300] {processor.py:840} INFO - DAG(s) 'example_trigger_controller_dag' retrieved from /home/user/rubix/internship_project/.venv/lib/python3.10/site-packages/airflow/example_dags/example_trigger_controller_dag.py
[2024-06-24T14:25:00.973+0300] {logging_mixin.py:188} INFO - [2024-06-24T14:25:00.973+0300] {dag.py:3096} INFO - Sync 1 DAGs
[2024-06-24T14:25:00.995+0300] {logging_mixin.py:188} INFO - [2024-06-24T14:25:00.995+0300] {dag.py:3954} INFO - Setting next_dagrun for example_trigger_controller_dag to 2021-01-01 00:00:00+00:00, run_after=2021-01-01 00:00:00+00:00
[2024-06-24T14:25:01.017+0300] {processor.py:183} INFO - Processing /home/user/rubix/internship_project/.venv/lib/python3.10/site-packages/airflow/example_dags/example_trigger_controller_dag.py took 0.086 seconds
[2024-06-24T14:25:42.700+0300] {processor.py:161} INFO - Started process (PID=29600) to work on /home/user/rubix/internship_project/.venv/lib/python3.10/site-packages/airflow/example_dags/example_trigger_controller_dag.py
[2024-06-24T14:25:42.701+0300] {processor.py:830} INFO - Processing file /home/user/rubix/internship_project/.venv/lib/python3.10/site-packages/airflow/example_dags/example_trigger_controller_dag.py for tasks to queue
[2024-06-24T14:25:42.703+0300] {logging_mixin.py:188} INFO - [2024-06-24T14:25:42.702+0300] {dagbag.py:545} INFO - Filling up the DagBag from /home/user/rubix/internship_project/.venv/lib/python3.10/site-packages/airflow/example_dags/example_trigger_controller_dag.py
[2024-06-24T14:25:42.709+0300] {processor.py:840} INFO - DAG(s) 'example_trigger_controller_dag' retrieved from /home/user/rubix/internship_project/.venv/lib/python3.10/site-packages/airflow/example_dags/example_trigger_controller_dag.py
[2024-06-24T14:25:42.726+0300] {logging_mixin.py:188} INFO - [2024-06-24T14:25:42.726+0300] {dag.py:3096} INFO - Sync 1 DAGs
[2024-06-24T14:25:42.742+0300] {logging_mixin.py:188} INFO - [2024-06-24T14:25:42.741+0300] {dag.py:3954} INFO - Setting next_dagrun for example_trigger_controller_dag to 2021-01-01 00:00:00+00:00, run_after=2021-01-01 00:00:00+00:00
[2024-06-24T14:25:42.770+0300] {processor.py:183} INFO - Processing /home/user/rubix/internship_project/.venv/lib/python3.10/site-packages/airflow/example_dags/example_trigger_controller_dag.py took 0.079 seconds
[2024-06-24T14:26:22.069+0300] {processor.py:161} INFO - Started process (PID=29747) to work on /home/user/rubix/internship_project/.venv/lib/python3.10/site-packages/airflow/example_dags/example_trigger_controller_dag.py
[2024-06-24T14:26:22.070+0300] {processor.py:830} INFO - Processing file /home/user/rubix/internship_project/.venv/lib/python3.10/site-packages/airflow/example_dags/example_trigger_controller_dag.py for tasks to queue
[2024-06-24T14:26:22.072+0300] {logging_mixin.py:188} INFO - [2024-06-24T14:26:22.071+0300] {dagbag.py:545} INFO - Filling up the DagBag from /home/user/rubix/internship_project/.venv/lib/python3.10/site-packages/airflow/example_dags/example_trigger_controller_dag.py
[2024-06-24T14:26:22.079+0300] {processor.py:840} INFO - DAG(s) 'example_trigger_controller_dag' retrieved from /home/user/rubix/internship_project/.venv/lib/python3.10/site-packages/airflow/example_dags/example_trigger_controller_dag.py
[2024-06-24T14:26:22.095+0300] {logging_mixin.py:188} INFO - [2024-06-24T14:26:22.095+0300] {dag.py:3096} INFO - Sync 1 DAGs
[2024-06-24T14:26:22.110+0300] {logging_mixin.py:188} INFO - [2024-06-24T14:26:22.110+0300] {dag.py:3954} INFO - Setting next_dagrun for example_trigger_controller_dag to 2021-01-01 00:00:00+00:00, run_after=2021-01-01 00:00:00+00:00
[2024-06-24T14:26:22.141+0300] {processor.py:183} INFO - Processing /home/user/rubix/internship_project/.venv/lib/python3.10/site-packages/airflow/example_dags/example_trigger_controller_dag.py took 0.079 seconds
[2024-06-24T14:27:05.250+0300] {processor.py:161} INFO - Started process (PID=30113) to work on /home/user/rubix/internship_project/.venv/lib/python3.10/site-packages/airflow/example_dags/example_trigger_controller_dag.py
[2024-06-24T14:27:05.251+0300] {processor.py:830} INFO - Processing file /home/user/rubix/internship_project/.venv/lib/python3.10/site-packages/airflow/example_dags/example_trigger_controller_dag.py for tasks to queue
[2024-06-24T14:27:05.252+0300] {logging_mixin.py:188} INFO - [2024-06-24T14:27:05.252+0300] {dagbag.py:545} INFO - Filling up the DagBag from /home/user/rubix/internship_project/.venv/lib/python3.10/site-packages/airflow/example_dags/example_trigger_controller_dag.py
[2024-06-24T14:27:05.259+0300] {processor.py:840} INFO - DAG(s) 'example_trigger_controller_dag' retrieved from /home/user/rubix/internship_project/.venv/lib/python3.10/site-packages/airflow/example_dags/example_trigger_controller_dag.py
[2024-06-24T14:27:05.276+0300] {logging_mixin.py:188} INFO - [2024-06-24T14:27:05.276+0300] {dag.py:3096} INFO - Sync 1 DAGs
[2024-06-24T14:27:05.292+0300] {logging_mixin.py:188} INFO - [2024-06-24T14:27:05.291+0300] {dag.py:3954} INFO - Setting next_dagrun for example_trigger_controller_dag to 2021-01-01 00:00:00+00:00, run_after=2021-01-01 00:00:00+00:00
[2024-06-24T14:27:05.321+0300] {processor.py:183} INFO - Processing /home/user/rubix/internship_project/.venv/lib/python3.10/site-packages/airflow/example_dags/example_trigger_controller_dag.py took 0.079 seconds
[2024-06-24T14:27:50.135+0300] {processor.py:161} INFO - Started process (PID=30527) to work on /home/user/rubix/internship_project/.venv/lib/python3.10/site-packages/airflow/example_dags/example_trigger_controller_dag.py
[2024-06-24T14:27:50.137+0300] {processor.py:830} INFO - Processing file /home/user/rubix/internship_project/.venv/lib/python3.10/site-packages/airflow/example_dags/example_trigger_controller_dag.py for tasks to queue
[2024-06-24T14:27:50.139+0300] {logging_mixin.py:188} INFO - [2024-06-24T14:27:50.138+0300] {dagbag.py:545} INFO - Filling up the DagBag from /home/user/rubix/internship_project/.venv/lib/python3.10/site-packages/airflow/example_dags/example_trigger_controller_dag.py
[2024-06-24T14:27:50.146+0300] {processor.py:840} INFO - DAG(s) 'example_trigger_controller_dag' retrieved from /home/user/rubix/internship_project/.venv/lib/python3.10/site-packages/airflow/example_dags/example_trigger_controller_dag.py
[2024-06-24T14:27:50.168+0300] {logging_mixin.py:188} INFO - [2024-06-24T14:27:50.168+0300] {dag.py:3096} INFO - Sync 1 DAGs
[2024-06-24T14:27:50.190+0300] {logging_mixin.py:188} INFO - [2024-06-24T14:27:50.189+0300] {dag.py:3954} INFO - Setting next_dagrun for example_trigger_controller_dag to 2021-01-01 00:00:00+00:00, run_after=2021-01-01 00:00:00+00:00
[2024-06-24T14:27:50.221+0300] {processor.py:183} INFO - Processing /home/user/rubix/internship_project/.venv/lib/python3.10/site-packages/airflow/example_dags/example_trigger_controller_dag.py took 0.097 seconds
[2024-06-24T14:28:31.826+0300] {processor.py:161} INFO - Started process (PID=30741) to work on /home/user/rubix/internship_project/.venv/lib/python3.10/site-packages/airflow/example_dags/example_trigger_controller_dag.py
[2024-06-24T14:28:31.827+0300] {processor.py:830} INFO - Processing file /home/user/rubix/internship_project/.venv/lib/python3.10/site-packages/airflow/example_dags/example_trigger_controller_dag.py for tasks to queue
[2024-06-24T14:28:31.829+0300] {logging_mixin.py:188} INFO - [2024-06-24T14:28:31.828+0300] {dagbag.py:545} INFO - Filling up the DagBag from /home/user/rubix/internship_project/.venv/lib/python3.10/site-packages/airflow/example_dags/example_trigger_controller_dag.py
[2024-06-24T14:28:31.836+0300] {processor.py:840} INFO - DAG(s) 'example_trigger_controller_dag' retrieved from /home/user/rubix/internship_project/.venv/lib/python3.10/site-packages/airflow/example_dags/example_trigger_controller_dag.py
[2024-06-24T14:28:31.854+0300] {logging_mixin.py:188} INFO - [2024-06-24T14:28:31.854+0300] {dag.py:3096} INFO - Sync 1 DAGs
[2024-06-24T14:28:31.871+0300] {logging_mixin.py:188} INFO - [2024-06-24T14:28:31.871+0300] {dag.py:3954} INFO - Setting next_dagrun for example_trigger_controller_dag to 2021-01-01 00:00:00+00:00, run_after=2021-01-01 00:00:00+00:00
[2024-06-24T14:28:31.902+0300] {processor.py:183} INFO - Processing /home/user/rubix/internship_project/.venv/lib/python3.10/site-packages/airflow/example_dags/example_trigger_controller_dag.py took 0.084 seconds
[2024-06-24T14:29:19.475+0300] {processor.py:161} INFO - Started process (PID=31089) to work on /home/user/rubix/internship_project/.venv/lib/python3.10/site-packages/airflow/example_dags/example_trigger_controller_dag.py
[2024-06-24T14:29:19.476+0300] {processor.py:830} INFO - Processing file /home/user/rubix/internship_project/.venv/lib/python3.10/site-packages/airflow/example_dags/example_trigger_controller_dag.py for tasks to queue
[2024-06-24T14:29:19.478+0300] {logging_mixin.py:188} INFO - [2024-06-24T14:29:19.478+0300] {dagbag.py:545} INFO - Filling up the DagBag from /home/user/rubix/internship_project/.venv/lib/python3.10/site-packages/airflow/example_dags/example_trigger_controller_dag.py
[2024-06-24T14:29:19.490+0300] {processor.py:840} INFO - DAG(s) 'example_trigger_controller_dag' retrieved from /home/user/rubix/internship_project/.venv/lib/python3.10/site-packages/airflow/example_dags/example_trigger_controller_dag.py
[2024-06-24T14:29:19.518+0300] {logging_mixin.py:188} INFO - [2024-06-24T14:29:19.518+0300] {dag.py:3096} INFO - Sync 1 DAGs
[2024-06-24T14:29:19.546+0300] {logging_mixin.py:188} INFO - [2024-06-24T14:29:19.545+0300] {dag.py:3954} INFO - Setting next_dagrun for example_trigger_controller_dag to 2021-01-01 00:00:00+00:00, run_after=2021-01-01 00:00:00+00:00
[2024-06-24T14:29:19.590+0300] {processor.py:183} INFO - Processing /home/user/rubix/internship_project/.venv/lib/python3.10/site-packages/airflow/example_dags/example_trigger_controller_dag.py took 0.129 seconds
[2024-06-24T14:30:09.522+0300] {processor.py:161} INFO - Started process (PID=31425) to work on /home/user/rubix/internship_project/.venv/lib/python3.10/site-packages/airflow/example_dags/example_trigger_controller_dag.py
[2024-06-24T14:30:09.523+0300] {processor.py:830} INFO - Processing file /home/user/rubix/internship_project/.venv/lib/python3.10/site-packages/airflow/example_dags/example_trigger_controller_dag.py for tasks to queue
[2024-06-24T14:30:09.524+0300] {logging_mixin.py:188} INFO - [2024-06-24T14:30:09.524+0300] {dagbag.py:545} INFO - Filling up the DagBag from /home/user/rubix/internship_project/.venv/lib/python3.10/site-packages/airflow/example_dags/example_trigger_controller_dag.py
[2024-06-24T14:30:09.531+0300] {processor.py:840} INFO - DAG(s) 'example_trigger_controller_dag' retrieved from /home/user/rubix/internship_project/.venv/lib/python3.10/site-packages/airflow/example_dags/example_trigger_controller_dag.py
[2024-06-24T14:30:09.546+0300] {logging_mixin.py:188} INFO - [2024-06-24T14:30:09.546+0300] {dag.py:3096} INFO - Sync 1 DAGs
[2024-06-24T14:30:09.562+0300] {logging_mixin.py:188} INFO - [2024-06-24T14:30:09.561+0300] {dag.py:3954} INFO - Setting next_dagrun for example_trigger_controller_dag to 2021-01-01 00:00:00+00:00, run_after=2021-01-01 00:00:00+00:00
[2024-06-24T14:30:09.592+0300] {processor.py:183} INFO - Processing /home/user/rubix/internship_project/.venv/lib/python3.10/site-packages/airflow/example_dags/example_trigger_controller_dag.py took 0.078 seconds
[2024-06-24T14:30:56.603+0300] {processor.py:161} INFO - Started process (PID=31522) to work on /home/user/rubix/internship_project/.venv/lib/python3.10/site-packages/airflow/example_dags/example_trigger_controller_dag.py
[2024-06-24T14:30:56.604+0300] {processor.py:830} INFO - Processing file /home/user/rubix/internship_project/.venv/lib/python3.10/site-packages/airflow/example_dags/example_trigger_controller_dag.py for tasks to queue
[2024-06-24T14:30:56.606+0300] {logging_mixin.py:188} INFO - [2024-06-24T14:30:56.606+0300] {dagbag.py:545} INFO - Filling up the DagBag from /home/user/rubix/internship_project/.venv/lib/python3.10/site-packages/airflow/example_dags/example_trigger_controller_dag.py
[2024-06-24T14:30:56.613+0300] {processor.py:840} INFO - DAG(s) 'example_trigger_controller_dag' retrieved from /home/user/rubix/internship_project/.venv/lib/python3.10/site-packages/airflow/example_dags/example_trigger_controller_dag.py
[2024-06-24T14:30:56.629+0300] {logging_mixin.py:188} INFO - [2024-06-24T14:30:56.629+0300] {dag.py:3096} INFO - Sync 1 DAGs
[2024-06-24T14:30:56.645+0300] {logging_mixin.py:188} INFO - [2024-06-24T14:30:56.645+0300] {dag.py:3954} INFO - Setting next_dagrun for example_trigger_controller_dag to 2021-01-01 00:00:00+00:00, run_after=2021-01-01 00:00:00+00:00
[2024-06-24T14:30:56.673+0300] {processor.py:183} INFO - Processing /home/user/rubix/internship_project/.venv/lib/python3.10/site-packages/airflow/example_dags/example_trigger_controller_dag.py took 0.077 seconds
[2024-06-24T14:31:43.669+0300] {processor.py:161} INFO - Started process (PID=31920) to work on /home/user/rubix/internship_project/.venv/lib/python3.10/site-packages/airflow/example_dags/example_trigger_controller_dag.py
[2024-06-24T14:31:43.670+0300] {processor.py:830} INFO - Processing file /home/user/rubix/internship_project/.venv/lib/python3.10/site-packages/airflow/example_dags/example_trigger_controller_dag.py for tasks to queue
[2024-06-24T14:31:43.671+0300] {logging_mixin.py:188} INFO - [2024-06-24T14:31:43.671+0300] {dagbag.py:545} INFO - Filling up the DagBag from /home/user/rubix/internship_project/.venv/lib/python3.10/site-packages/airflow/example_dags/example_trigger_controller_dag.py
[2024-06-24T14:31:43.677+0300] {processor.py:840} INFO - DAG(s) 'example_trigger_controller_dag' retrieved from /home/user/rubix/internship_project/.venv/lib/python3.10/site-packages/airflow/example_dags/example_trigger_controller_dag.py
[2024-06-24T14:31:43.694+0300] {logging_mixin.py:188} INFO - [2024-06-24T14:31:43.693+0300] {dag.py:3096} INFO - Sync 1 DAGs
[2024-06-24T14:31:43.708+0300] {logging_mixin.py:188} INFO - [2024-06-24T14:31:43.708+0300] {dag.py:3954} INFO - Setting next_dagrun for example_trigger_controller_dag to 2021-01-01 00:00:00+00:00, run_after=2021-01-01 00:00:00+00:00
[2024-06-24T14:31:43.738+0300] {processor.py:183} INFO - Processing /home/user/rubix/internship_project/.venv/lib/python3.10/site-packages/airflow/example_dags/example_trigger_controller_dag.py took 0.077 seconds
[2024-06-24T14:32:28.000+0300] {processor.py:161} INFO - Started process (PID=32076) to work on /home/user/rubix/internship_project/.venv/lib/python3.10/site-packages/airflow/example_dags/example_trigger_controller_dag.py
[2024-06-24T14:32:28.001+0300] {processor.py:830} INFO - Processing file /home/user/rubix/internship_project/.venv/lib/python3.10/site-packages/airflow/example_dags/example_trigger_controller_dag.py for tasks to queue
[2024-06-24T14:32:28.003+0300] {logging_mixin.py:188} INFO - [2024-06-24T14:32:28.002+0300] {dagbag.py:545} INFO - Filling up the DagBag from /home/user/rubix/internship_project/.venv/lib/python3.10/site-packages/airflow/example_dags/example_trigger_controller_dag.py
[2024-06-24T14:32:28.009+0300] {processor.py:840} INFO - DAG(s) 'example_trigger_controller_dag' retrieved from /home/user/rubix/internship_project/.venv/lib/python3.10/site-packages/airflow/example_dags/example_trigger_controller_dag.py
[2024-06-24T14:32:28.025+0300] {logging_mixin.py:188} INFO - [2024-06-24T14:32:28.025+0300] {dag.py:3096} INFO - Sync 1 DAGs
[2024-06-24T14:32:28.041+0300] {logging_mixin.py:188} INFO - [2024-06-24T14:32:28.040+0300] {dag.py:3954} INFO - Setting next_dagrun for example_trigger_controller_dag to 2021-01-01 00:00:00+00:00, run_after=2021-01-01 00:00:00+00:00
[2024-06-24T14:32:28.070+0300] {processor.py:183} INFO - Processing /home/user/rubix/internship_project/.venv/lib/python3.10/site-packages/airflow/example_dags/example_trigger_controller_dag.py took 0.079 seconds
