[2024-06-24T14:03:00.780+0300] {processor.py:161} INFO - Started process (PID=22563) to work on /home/user/rubix/internship_project/.venv/lib/python3.10/site-packages/airflow/example_dags/example_subdag_operator.py
[2024-06-24T14:03:00.781+0300] {processor.py:830} INFO - Processing file /home/user/rubix/internship_project/.venv/lib/python3.10/site-packages/airflow/example_dags/example_subdag_operator.py for tasks to queue
[2024-06-24T14:03:00.783+0300] {logging_mixin.py:188} INFO - [2024-06-24T14:03:00.783+0300] {dagbag.py:545} INFO - Filling up the DagBag from /home/user/rubix/internship_project/.venv/lib/python3.10/site-packages/airflow/example_dags/example_subdag_operator.py
[2024-06-24T14:03:00.804+0300] {processor.py:840} INFO - DAG(s) 'example_subdag_operator.section-1', 'example_subdag_operator.section-2', 'example_subdag_operator' retrieved from /home/user/rubix/internship_project/.venv/lib/python3.10/site-packages/airflow/example_dags/example_subdag_operator.py
[2024-06-24T14:03:00.810+0300] {logging_mixin.py:188} INFO - [2024-06-24T14:03:00.808+0300] {dag.py:3096} INFO - Sync 3 DAGs
[2024-06-24T14:03:00.824+0300] {logging_mixin.py:188} INFO - [2024-06-24T14:03:00.823+0300] {dag.py:3954} INFO - Setting next_dagrun for example_subdag_operator to 2022-01-01 00:00:00+00:00, run_after=2022-01-01 00:00:00+00:00
[2024-06-24T14:03:00.826+0300] {logging_mixin.py:188} INFO - [2024-06-24T14:03:00.825+0300] {dag.py:3954} INFO - Setting next_dagrun for example_subdag_operator.section-1 to None, run_after=None
[2024-06-24T14:03:00.826+0300] {logging_mixin.py:188} INFO - [2024-06-24T14:03:00.826+0300] {dag.py:3954} INFO - Setting next_dagrun for example_subdag_operator.section-2 to None, run_after=None
[2024-06-24T14:03:00.831+0300] {logging_mixin.py:188} INFO - [2024-06-24T14:03:00.831+0300] {dag.py:3096} INFO - Sync 2 DAGs
[2024-06-24T14:03:00.834+0300] {logging_mixin.py:188} INFO - [2024-06-24T14:03:00.834+0300] {dag.py:3954} INFO - Setting next_dagrun for example_subdag_operator.section-1 to None, run_after=None
[2024-06-24T14:03:00.834+0300] {logging_mixin.py:188} INFO - [2024-06-24T14:03:00.834+0300] {dag.py:3954} INFO - Setting next_dagrun for example_subdag_operator.section-2 to None, run_after=None
[2024-06-24T14:03:00.847+0300] {processor.py:183} INFO - Processing /home/user/rubix/internship_project/.venv/lib/python3.10/site-packages/airflow/example_dags/example_subdag_operator.py took 0.074 seconds
[2024-06-24T14:04:13.445+0300] {processor.py:161} INFO - Started process (PID=23155) to work on /home/user/rubix/internship_project/.venv/lib/python3.10/site-packages/airflow/example_dags/example_subdag_operator.py
[2024-06-24T14:04:13.446+0300] {processor.py:830} INFO - Processing file /home/user/rubix/internship_project/.venv/lib/python3.10/site-packages/airflow/example_dags/example_subdag_operator.py for tasks to queue
[2024-06-24T14:04:13.447+0300] {logging_mixin.py:188} INFO - [2024-06-24T14:04:13.447+0300] {dagbag.py:545} INFO - Filling up the DagBag from /home/user/rubix/internship_project/.venv/lib/python3.10/site-packages/airflow/example_dags/example_subdag_operator.py
[2024-06-24T14:04:13.469+0300] {processor.py:840} INFO - DAG(s) 'example_subdag_operator.section-1', 'example_subdag_operator.section-2', 'example_subdag_operator' retrieved from /home/user/rubix/internship_project/.venv/lib/python3.10/site-packages/airflow/example_dags/example_subdag_operator.py
[2024-06-24T14:04:13.474+0300] {logging_mixin.py:188} INFO - [2024-06-24T14:04:13.472+0300] {dag.py:3096} INFO - Sync 3 DAGs
[2024-06-24T14:04:13.489+0300] {logging_mixin.py:188} INFO - [2024-06-24T14:04:13.489+0300] {dag.py:3954} INFO - Setting next_dagrun for example_subdag_operator to 2022-01-01 00:00:00+00:00, run_after=2022-01-01 00:00:00+00:00
[2024-06-24T14:04:13.492+0300] {logging_mixin.py:188} INFO - [2024-06-24T14:04:13.492+0300] {dag.py:3954} INFO - Setting next_dagrun for example_subdag_operator.section-1 to None, run_after=None
[2024-06-24T14:04:13.492+0300] {logging_mixin.py:188} INFO - [2024-06-24T14:04:13.492+0300] {dag.py:3954} INFO - Setting next_dagrun for example_subdag_operator.section-2 to None, run_after=None
[2024-06-24T14:04:13.498+0300] {logging_mixin.py:188} INFO - [2024-06-24T14:04:13.498+0300] {dag.py:3096} INFO - Sync 2 DAGs
[2024-06-24T14:04:13.502+0300] {logging_mixin.py:188} INFO - [2024-06-24T14:04:13.502+0300] {dag.py:3954} INFO - Setting next_dagrun for example_subdag_operator.section-1 to None, run_after=None
[2024-06-24T14:04:13.503+0300] {logging_mixin.py:188} INFO - [2024-06-24T14:04:13.503+0300] {dag.py:3954} INFO - Setting next_dagrun for example_subdag_operator.section-2 to None, run_after=None
[2024-06-24T14:04:13.528+0300] {processor.py:183} INFO - Processing /home/user/rubix/internship_project/.venv/lib/python3.10/site-packages/airflow/example_dags/example_subdag_operator.py took 0.091 seconds
[2024-06-24T14:05:12.827+0300] {processor.py:161} INFO - Started process (PID=23593) to work on /home/user/rubix/internship_project/.venv/lib/python3.10/site-packages/airflow/example_dags/example_subdag_operator.py
[2024-06-24T14:05:12.828+0300] {processor.py:830} INFO - Processing file /home/user/rubix/internship_project/.venv/lib/python3.10/site-packages/airflow/example_dags/example_subdag_operator.py for tasks to queue
[2024-06-24T14:05:12.830+0300] {logging_mixin.py:188} INFO - [2024-06-24T14:05:12.829+0300] {dagbag.py:545} INFO - Filling up the DagBag from /home/user/rubix/internship_project/.venv/lib/python3.10/site-packages/airflow/example_dags/example_subdag_operator.py
[2024-06-24T14:05:12.869+0300] {processor.py:840} INFO - DAG(s) 'example_subdag_operator.section-1', 'example_subdag_operator.section-2', 'example_subdag_operator' retrieved from /home/user/rubix/internship_project/.venv/lib/python3.10/site-packages/airflow/example_dags/example_subdag_operator.py
[2024-06-24T14:05:13.058+0300] {logging_mixin.py:188} INFO - [2024-06-24T14:05:13.058+0300] {dag.py:3096} INFO - Sync 3 DAGs
[2024-06-24T14:05:13.069+0300] {logging_mixin.py:188} INFO - [2024-06-24T14:05:13.069+0300] {dag.py:3954} INFO - Setting next_dagrun for example_subdag_operator to 2022-01-01 00:00:00+00:00, run_after=2022-01-01 00:00:00+00:00
[2024-06-24T14:05:13.071+0300] {logging_mixin.py:188} INFO - [2024-06-24T14:05:13.071+0300] {dag.py:3954} INFO - Setting next_dagrun for example_subdag_operator.section-1 to None, run_after=None
[2024-06-24T14:05:13.072+0300] {logging_mixin.py:188} INFO - [2024-06-24T14:05:13.072+0300] {dag.py:3954} INFO - Setting next_dagrun for example_subdag_operator.section-2 to None, run_after=None
[2024-06-24T14:05:13.078+0300] {logging_mixin.py:188} INFO - [2024-06-24T14:05:13.078+0300] {dag.py:3096} INFO - Sync 2 DAGs
[2024-06-24T14:05:13.082+0300] {logging_mixin.py:188} INFO - [2024-06-24T14:05:13.082+0300] {dag.py:3954} INFO - Setting next_dagrun for example_subdag_operator.section-1 to None, run_after=None
[2024-06-24T14:05:13.082+0300] {logging_mixin.py:188} INFO - [2024-06-24T14:05:13.082+0300] {dag.py:3954} INFO - Setting next_dagrun for example_subdag_operator.section-2 to None, run_after=None
[2024-06-24T14:05:13.105+0300] {processor.py:183} INFO - Processing /home/user/rubix/internship_project/.venv/lib/python3.10/site-packages/airflow/example_dags/example_subdag_operator.py took 0.286 seconds
[2024-06-24T14:06:13.583+0300] {processor.py:161} INFO - Started process (PID=24085) to work on /home/user/rubix/internship_project/.venv/lib/python3.10/site-packages/airflow/example_dags/example_subdag_operator.py
[2024-06-24T14:06:13.584+0300] {processor.py:830} INFO - Processing file /home/user/rubix/internship_project/.venv/lib/python3.10/site-packages/airflow/example_dags/example_subdag_operator.py for tasks to queue
[2024-06-24T14:06:13.587+0300] {logging_mixin.py:188} INFO - [2024-06-24T14:06:13.587+0300] {dagbag.py:545} INFO - Filling up the DagBag from /home/user/rubix/internship_project/.venv/lib/python3.10/site-packages/airflow/example_dags/example_subdag_operator.py
[2024-06-24T14:06:13.609+0300] {processor.py:840} INFO - DAG(s) 'example_subdag_operator.section-1', 'example_subdag_operator.section-2', 'example_subdag_operator' retrieved from /home/user/rubix/internship_project/.venv/lib/python3.10/site-packages/airflow/example_dags/example_subdag_operator.py
[2024-06-24T14:06:13.622+0300] {logging_mixin.py:188} INFO - [2024-06-24T14:06:13.622+0300] {dag.py:3096} INFO - Sync 3 DAGs
[2024-06-24T14:06:13.726+0300] {logging_mixin.py:188} INFO - [2024-06-24T14:06:13.726+0300] {dag.py:3954} INFO - Setting next_dagrun for example_subdag_operator to 2022-01-01 00:00:00+00:00, run_after=2022-01-01 00:00:00+00:00
[2024-06-24T14:06:13.729+0300] {logging_mixin.py:188} INFO - [2024-06-24T14:06:13.728+0300] {dag.py:3954} INFO - Setting next_dagrun for example_subdag_operator.section-1 to None, run_after=None
[2024-06-24T14:06:13.729+0300] {logging_mixin.py:188} INFO - [2024-06-24T14:06:13.729+0300] {dag.py:3954} INFO - Setting next_dagrun for example_subdag_operator.section-2 to None, run_after=None
[2024-06-24T14:06:13.734+0300] {logging_mixin.py:188} INFO - [2024-06-24T14:06:13.734+0300] {dag.py:3096} INFO - Sync 2 DAGs
[2024-06-24T14:06:13.737+0300] {logging_mixin.py:188} INFO - [2024-06-24T14:06:13.736+0300] {dag.py:3954} INFO - Setting next_dagrun for example_subdag_operator.section-1 to None, run_after=None
[2024-06-24T14:06:13.737+0300] {logging_mixin.py:188} INFO - [2024-06-24T14:06:13.737+0300] {dag.py:3954} INFO - Setting next_dagrun for example_subdag_operator.section-2 to None, run_after=None
[2024-06-24T14:06:13.760+0300] {processor.py:183} INFO - Processing /home/user/rubix/internship_project/.venv/lib/python3.10/site-packages/airflow/example_dags/example_subdag_operator.py took 0.185 seconds
[2024-06-24T14:07:09.470+0300] {processor.py:161} INFO - Started process (PID=24257) to work on /home/user/rubix/internship_project/.venv/lib/python3.10/site-packages/airflow/example_dags/example_subdag_operator.py
[2024-06-24T14:07:09.471+0300] {processor.py:830} INFO - Processing file /home/user/rubix/internship_project/.venv/lib/python3.10/site-packages/airflow/example_dags/example_subdag_operator.py for tasks to queue
[2024-06-24T14:07:09.473+0300] {logging_mixin.py:188} INFO - [2024-06-24T14:07:09.472+0300] {dagbag.py:545} INFO - Filling up the DagBag from /home/user/rubix/internship_project/.venv/lib/python3.10/site-packages/airflow/example_dags/example_subdag_operator.py
[2024-06-24T14:07:09.494+0300] {processor.py:840} INFO - DAG(s) 'example_subdag_operator.section-1', 'example_subdag_operator.section-2', 'example_subdag_operator' retrieved from /home/user/rubix/internship_project/.venv/lib/python3.10/site-packages/airflow/example_dags/example_subdag_operator.py
[2024-06-24T14:07:09.506+0300] {logging_mixin.py:188} INFO - [2024-06-24T14:07:09.506+0300] {dag.py:3096} INFO - Sync 3 DAGs
[2024-06-24T14:07:09.521+0300] {logging_mixin.py:188} INFO - [2024-06-24T14:07:09.521+0300] {dag.py:3954} INFO - Setting next_dagrun for example_subdag_operator to 2022-01-01 00:00:00+00:00, run_after=2022-01-01 00:00:00+00:00
[2024-06-24T14:07:09.523+0300] {logging_mixin.py:188} INFO - [2024-06-24T14:07:09.523+0300] {dag.py:3954} INFO - Setting next_dagrun for example_subdag_operator.section-1 to None, run_after=None
[2024-06-24T14:07:09.524+0300] {logging_mixin.py:188} INFO - [2024-06-24T14:07:09.523+0300] {dag.py:3954} INFO - Setting next_dagrun for example_subdag_operator.section-2 to None, run_after=None
[2024-06-24T14:07:09.528+0300] {logging_mixin.py:188} INFO - [2024-06-24T14:07:09.528+0300] {dag.py:3096} INFO - Sync 2 DAGs
[2024-06-24T14:07:09.531+0300] {logging_mixin.py:188} INFO - [2024-06-24T14:07:09.531+0300] {dag.py:3954} INFO - Setting next_dagrun for example_subdag_operator.section-1 to None, run_after=None
[2024-06-24T14:07:09.531+0300] {logging_mixin.py:188} INFO - [2024-06-24T14:07:09.531+0300] {dag.py:3954} INFO - Setting next_dagrun for example_subdag_operator.section-2 to None, run_after=None
[2024-06-24T14:07:09.554+0300] {processor.py:183} INFO - Processing /home/user/rubix/internship_project/.venv/lib/python3.10/site-packages/airflow/example_dags/example_subdag_operator.py took 0.092 seconds
[2024-06-24T14:07:55.922+0300] {processor.py:161} INFO - Started process (PID=24517) to work on /home/user/rubix/internship_project/.venv/lib/python3.10/site-packages/airflow/example_dags/example_subdag_operator.py
[2024-06-24T14:07:55.923+0300] {processor.py:830} INFO - Processing file /home/user/rubix/internship_project/.venv/lib/python3.10/site-packages/airflow/example_dags/example_subdag_operator.py for tasks to queue
[2024-06-24T14:07:55.925+0300] {logging_mixin.py:188} INFO - [2024-06-24T14:07:55.924+0300] {dagbag.py:545} INFO - Filling up the DagBag from /home/user/rubix/internship_project/.venv/lib/python3.10/site-packages/airflow/example_dags/example_subdag_operator.py
[2024-06-24T14:07:55.958+0300] {processor.py:840} INFO - DAG(s) 'example_subdag_operator.section-1', 'example_subdag_operator.section-2', 'example_subdag_operator' retrieved from /home/user/rubix/internship_project/.venv/lib/python3.10/site-packages/airflow/example_dags/example_subdag_operator.py
[2024-06-24T14:07:55.976+0300] {logging_mixin.py:188} INFO - [2024-06-24T14:07:55.976+0300] {dag.py:3096} INFO - Sync 3 DAGs
[2024-06-24T14:07:55.996+0300] {logging_mixin.py:188} INFO - [2024-06-24T14:07:55.996+0300] {dag.py:3954} INFO - Setting next_dagrun for example_subdag_operator to 2022-01-01 00:00:00+00:00, run_after=2022-01-01 00:00:00+00:00
[2024-06-24T14:07:55.999+0300] {logging_mixin.py:188} INFO - [2024-06-24T14:07:55.999+0300] {dag.py:3954} INFO - Setting next_dagrun for example_subdag_operator.section-1 to None, run_after=None
[2024-06-24T14:07:56.000+0300] {logging_mixin.py:188} INFO - [2024-06-24T14:07:55.999+0300] {dag.py:3954} INFO - Setting next_dagrun for example_subdag_operator.section-2 to None, run_after=None
[2024-06-24T14:07:56.008+0300] {logging_mixin.py:188} INFO - [2024-06-24T14:07:56.008+0300] {dag.py:3096} INFO - Sync 2 DAGs
[2024-06-24T14:07:56.011+0300] {logging_mixin.py:188} INFO - [2024-06-24T14:07:56.011+0300] {dag.py:3954} INFO - Setting next_dagrun for example_subdag_operator.section-1 to None, run_after=None
[2024-06-24T14:07:56.012+0300] {logging_mixin.py:188} INFO - [2024-06-24T14:07:56.012+0300] {dag.py:3954} INFO - Setting next_dagrun for example_subdag_operator.section-2 to None, run_after=None
[2024-06-24T14:07:56.037+0300] {processor.py:183} INFO - Processing /home/user/rubix/internship_project/.venv/lib/python3.10/site-packages/airflow/example_dags/example_subdag_operator.py took 0.125 seconds
[2024-06-24T14:08:42.663+0300] {processor.py:161} INFO - Started process (PID=24786) to work on /home/user/rubix/internship_project/.venv/lib/python3.10/site-packages/airflow/example_dags/example_subdag_operator.py
[2024-06-24T14:08:42.664+0300] {processor.py:830} INFO - Processing file /home/user/rubix/internship_project/.venv/lib/python3.10/site-packages/airflow/example_dags/example_subdag_operator.py for tasks to queue
[2024-06-24T14:08:42.666+0300] {logging_mixin.py:188} INFO - [2024-06-24T14:08:42.666+0300] {dagbag.py:545} INFO - Filling up the DagBag from /home/user/rubix/internship_project/.venv/lib/python3.10/site-packages/airflow/example_dags/example_subdag_operator.py
[2024-06-24T14:08:42.698+0300] {processor.py:840} INFO - DAG(s) 'example_subdag_operator.section-1', 'example_subdag_operator.section-2', 'example_subdag_operator' retrieved from /home/user/rubix/internship_project/.venv/lib/python3.10/site-packages/airflow/example_dags/example_subdag_operator.py
[2024-06-24T14:08:42.719+0300] {logging_mixin.py:188} INFO - [2024-06-24T14:08:42.719+0300] {dag.py:3096} INFO - Sync 3 DAGs
[2024-06-24T14:08:42.742+0300] {logging_mixin.py:188} INFO - [2024-06-24T14:08:42.741+0300] {dag.py:3954} INFO - Setting next_dagrun for example_subdag_operator to 2022-01-01 00:00:00+00:00, run_after=2022-01-01 00:00:00+00:00
[2024-06-24T14:08:42.745+0300] {logging_mixin.py:188} INFO - [2024-06-24T14:08:42.745+0300] {dag.py:3954} INFO - Setting next_dagrun for example_subdag_operator.section-1 to None, run_after=None
[2024-06-24T14:08:42.748+0300] {logging_mixin.py:188} INFO - [2024-06-24T14:08:42.747+0300] {dag.py:3954} INFO - Setting next_dagrun for example_subdag_operator.section-2 to None, run_after=None
[2024-06-24T14:08:42.758+0300] {logging_mixin.py:188} INFO - [2024-06-24T14:08:42.757+0300] {dag.py:3096} INFO - Sync 2 DAGs
[2024-06-24T14:08:42.762+0300] {logging_mixin.py:188} INFO - [2024-06-24T14:08:42.762+0300] {dag.py:3954} INFO - Setting next_dagrun for example_subdag_operator.section-1 to None, run_after=None
[2024-06-24T14:08:42.763+0300] {logging_mixin.py:188} INFO - [2024-06-24T14:08:42.763+0300] {dag.py:3954} INFO - Setting next_dagrun for example_subdag_operator.section-2 to None, run_after=None
[2024-06-24T14:08:42.791+0300] {processor.py:183} INFO - Processing /home/user/rubix/internship_project/.venv/lib/python3.10/site-packages/airflow/example_dags/example_subdag_operator.py took 0.141 seconds
[2024-06-24T14:09:36.404+0300] {processor.py:161} INFO - Started process (PID=25133) to work on /home/user/rubix/internship_project/.venv/lib/python3.10/site-packages/airflow/example_dags/example_subdag_operator.py
[2024-06-24T14:09:36.407+0300] {processor.py:830} INFO - Processing file /home/user/rubix/internship_project/.venv/lib/python3.10/site-packages/airflow/example_dags/example_subdag_operator.py for tasks to queue
[2024-06-24T14:09:36.409+0300] {logging_mixin.py:188} INFO - [2024-06-24T14:09:36.408+0300] {dagbag.py:545} INFO - Filling up the DagBag from /home/user/rubix/internship_project/.venv/lib/python3.10/site-packages/airflow/example_dags/example_subdag_operator.py
[2024-06-24T14:09:36.440+0300] {processor.py:840} INFO - DAG(s) 'example_subdag_operator.section-1', 'example_subdag_operator.section-2', 'example_subdag_operator' retrieved from /home/user/rubix/internship_project/.venv/lib/python3.10/site-packages/airflow/example_dags/example_subdag_operator.py
[2024-06-24T14:09:36.458+0300] {logging_mixin.py:188} INFO - [2024-06-24T14:09:36.458+0300] {dag.py:3096} INFO - Sync 3 DAGs
[2024-06-24T14:09:36.479+0300] {logging_mixin.py:188} INFO - [2024-06-24T14:09:36.479+0300] {dag.py:3954} INFO - Setting next_dagrun for example_subdag_operator to 2022-01-01 00:00:00+00:00, run_after=2022-01-01 00:00:00+00:00
[2024-06-24T14:09:36.482+0300] {logging_mixin.py:188} INFO - [2024-06-24T14:09:36.482+0300] {dag.py:3954} INFO - Setting next_dagrun for example_subdag_operator.section-1 to None, run_after=None
[2024-06-24T14:09:36.483+0300] {logging_mixin.py:188} INFO - [2024-06-24T14:09:36.483+0300] {dag.py:3954} INFO - Setting next_dagrun for example_subdag_operator.section-2 to None, run_after=None
[2024-06-24T14:09:36.490+0300] {logging_mixin.py:188} INFO - [2024-06-24T14:09:36.489+0300] {dag.py:3096} INFO - Sync 2 DAGs
[2024-06-24T14:09:36.493+0300] {logging_mixin.py:188} INFO - [2024-06-24T14:09:36.493+0300] {dag.py:3954} INFO - Setting next_dagrun for example_subdag_operator.section-1 to None, run_after=None
[2024-06-24T14:09:36.493+0300] {logging_mixin.py:188} INFO - [2024-06-24T14:09:36.493+0300] {dag.py:3954} INFO - Setting next_dagrun for example_subdag_operator.section-2 to None, run_after=None
[2024-06-24T14:09:36.518+0300] {processor.py:183} INFO - Processing /home/user/rubix/internship_project/.venv/lib/python3.10/site-packages/airflow/example_dags/example_subdag_operator.py took 0.124 seconds
[2024-06-24T14:10:22.486+0300] {processor.py:161} INFO - Started process (PID=25447) to work on /home/user/rubix/internship_project/.venv/lib/python3.10/site-packages/airflow/example_dags/example_subdag_operator.py
[2024-06-24T14:10:22.487+0300] {processor.py:830} INFO - Processing file /home/user/rubix/internship_project/.venv/lib/python3.10/site-packages/airflow/example_dags/example_subdag_operator.py for tasks to queue
[2024-06-24T14:10:22.489+0300] {logging_mixin.py:188} INFO - [2024-06-24T14:10:22.488+0300] {dagbag.py:545} INFO - Filling up the DagBag from /home/user/rubix/internship_project/.venv/lib/python3.10/site-packages/airflow/example_dags/example_subdag_operator.py
[2024-06-24T14:10:22.514+0300] {processor.py:840} INFO - DAG(s) 'example_subdag_operator.section-1', 'example_subdag_operator.section-2', 'example_subdag_operator' retrieved from /home/user/rubix/internship_project/.venv/lib/python3.10/site-packages/airflow/example_dags/example_subdag_operator.py
[2024-06-24T14:10:22.529+0300] {logging_mixin.py:188} INFO - [2024-06-24T14:10:22.529+0300] {dag.py:3096} INFO - Sync 3 DAGs
[2024-06-24T14:10:22.546+0300] {logging_mixin.py:188} INFO - [2024-06-24T14:10:22.546+0300] {dag.py:3954} INFO - Setting next_dagrun for example_subdag_operator to 2022-01-01 00:00:00+00:00, run_after=2022-01-01 00:00:00+00:00
[2024-06-24T14:10:22.549+0300] {logging_mixin.py:188} INFO - [2024-06-24T14:10:22.549+0300] {dag.py:3954} INFO - Setting next_dagrun for example_subdag_operator.section-1 to None, run_after=None
[2024-06-24T14:10:22.550+0300] {logging_mixin.py:188} INFO - [2024-06-24T14:10:22.550+0300] {dag.py:3954} INFO - Setting next_dagrun for example_subdag_operator.section-2 to None, run_after=None
[2024-06-24T14:10:22.557+0300] {logging_mixin.py:188} INFO - [2024-06-24T14:10:22.557+0300] {dag.py:3096} INFO - Sync 2 DAGs
[2024-06-24T14:10:22.562+0300] {logging_mixin.py:188} INFO - [2024-06-24T14:10:22.561+0300] {dag.py:3954} INFO - Setting next_dagrun for example_subdag_operator.section-1 to None, run_after=None
[2024-06-24T14:10:22.562+0300] {logging_mixin.py:188} INFO - [2024-06-24T14:10:22.562+0300] {dag.py:3954} INFO - Setting next_dagrun for example_subdag_operator.section-2 to None, run_after=None
[2024-06-24T14:10:22.585+0300] {processor.py:183} INFO - Processing /home/user/rubix/internship_project/.venv/lib/python3.10/site-packages/airflow/example_dags/example_subdag_operator.py took 0.108 seconds
[2024-06-24T14:11:06.830+0300] {processor.py:161} INFO - Started process (PID=25765) to work on /home/user/rubix/internship_project/.venv/lib/python3.10/site-packages/airflow/example_dags/example_subdag_operator.py
[2024-06-24T14:11:06.832+0300] {processor.py:830} INFO - Processing file /home/user/rubix/internship_project/.venv/lib/python3.10/site-packages/airflow/example_dags/example_subdag_operator.py for tasks to queue
[2024-06-24T14:11:06.833+0300] {logging_mixin.py:188} INFO - [2024-06-24T14:11:06.833+0300] {dagbag.py:545} INFO - Filling up the DagBag from /home/user/rubix/internship_project/.venv/lib/python3.10/site-packages/airflow/example_dags/example_subdag_operator.py
[2024-06-24T14:11:06.855+0300] {processor.py:840} INFO - DAG(s) 'example_subdag_operator.section-1', 'example_subdag_operator.section-2', 'example_subdag_operator' retrieved from /home/user/rubix/internship_project/.venv/lib/python3.10/site-packages/airflow/example_dags/example_subdag_operator.py
[2024-06-24T14:11:06.870+0300] {logging_mixin.py:188} INFO - [2024-06-24T14:11:06.869+0300] {dag.py:3096} INFO - Sync 3 DAGs
[2024-06-24T14:11:06.888+0300] {logging_mixin.py:188} INFO - [2024-06-24T14:11:06.887+0300] {dag.py:3954} INFO - Setting next_dagrun for example_subdag_operator to 2022-01-01 00:00:00+00:00, run_after=2022-01-01 00:00:00+00:00
[2024-06-24T14:11:06.892+0300] {logging_mixin.py:188} INFO - [2024-06-24T14:11:06.892+0300] {dag.py:3954} INFO - Setting next_dagrun for example_subdag_operator.section-1 to None, run_after=None
[2024-06-24T14:11:06.893+0300] {logging_mixin.py:188} INFO - [2024-06-24T14:11:06.893+0300] {dag.py:3954} INFO - Setting next_dagrun for example_subdag_operator.section-2 to None, run_after=None
[2024-06-24T14:11:06.900+0300] {logging_mixin.py:188} INFO - [2024-06-24T14:11:06.899+0300] {dag.py:3096} INFO - Sync 2 DAGs
[2024-06-24T14:11:06.905+0300] {logging_mixin.py:188} INFO - [2024-06-24T14:11:06.905+0300] {dag.py:3954} INFO - Setting next_dagrun for example_subdag_operator.section-1 to None, run_after=None
[2024-06-24T14:11:06.905+0300] {logging_mixin.py:188} INFO - [2024-06-24T14:11:06.905+0300] {dag.py:3954} INFO - Setting next_dagrun for example_subdag_operator.section-2 to None, run_after=None
[2024-06-24T14:11:06.932+0300] {processor.py:183} INFO - Processing /home/user/rubix/internship_project/.venv/lib/python3.10/site-packages/airflow/example_dags/example_subdag_operator.py took 0.110 seconds
[2024-06-24T14:11:52.437+0300] {processor.py:161} INFO - Started process (PID=25990) to work on /home/user/rubix/internship_project/.venv/lib/python3.10/site-packages/airflow/example_dags/example_subdag_operator.py
[2024-06-24T14:11:52.438+0300] {processor.py:830} INFO - Processing file /home/user/rubix/internship_project/.venv/lib/python3.10/site-packages/airflow/example_dags/example_subdag_operator.py for tasks to queue
[2024-06-24T14:11:52.441+0300] {logging_mixin.py:188} INFO - [2024-06-24T14:11:52.440+0300] {dagbag.py:545} INFO - Filling up the DagBag from /home/user/rubix/internship_project/.venv/lib/python3.10/site-packages/airflow/example_dags/example_subdag_operator.py
[2024-06-24T14:11:52.466+0300] {processor.py:840} INFO - DAG(s) 'example_subdag_operator.section-1', 'example_subdag_operator.section-2', 'example_subdag_operator' retrieved from /home/user/rubix/internship_project/.venv/lib/python3.10/site-packages/airflow/example_dags/example_subdag_operator.py
[2024-06-24T14:11:52.479+0300] {logging_mixin.py:188} INFO - [2024-06-24T14:11:52.479+0300] {dag.py:3096} INFO - Sync 3 DAGs
[2024-06-24T14:11:52.496+0300] {logging_mixin.py:188} INFO - [2024-06-24T14:11:52.496+0300] {dag.py:3954} INFO - Setting next_dagrun for example_subdag_operator to 2022-01-01 00:00:00+00:00, run_after=2022-01-01 00:00:00+00:00
[2024-06-24T14:11:52.499+0300] {logging_mixin.py:188} INFO - [2024-06-24T14:11:52.498+0300] {dag.py:3954} INFO - Setting next_dagrun for example_subdag_operator.section-1 to None, run_after=None
[2024-06-24T14:11:52.500+0300] {logging_mixin.py:188} INFO - [2024-06-24T14:11:52.499+0300] {dag.py:3954} INFO - Setting next_dagrun for example_subdag_operator.section-2 to None, run_after=None
[2024-06-24T14:11:52.506+0300] {logging_mixin.py:188} INFO - [2024-06-24T14:11:52.506+0300] {dag.py:3096} INFO - Sync 2 DAGs
[2024-06-24T14:11:52.509+0300] {logging_mixin.py:188} INFO - [2024-06-24T14:11:52.509+0300] {dag.py:3954} INFO - Setting next_dagrun for example_subdag_operator.section-1 to None, run_after=None
[2024-06-24T14:11:52.509+0300] {logging_mixin.py:188} INFO - [2024-06-24T14:11:52.509+0300] {dag.py:3954} INFO - Setting next_dagrun for example_subdag_operator.section-2 to None, run_after=None
[2024-06-24T14:11:52.532+0300] {processor.py:183} INFO - Processing /home/user/rubix/internship_project/.venv/lib/python3.10/site-packages/airflow/example_dags/example_subdag_operator.py took 0.103 seconds
[2024-06-24T14:12:34.013+0300] {processor.py:161} INFO - Started process (PID=26139) to work on /home/user/rubix/internship_project/.venv/lib/python3.10/site-packages/airflow/example_dags/example_subdag_operator.py
[2024-06-24T14:12:34.014+0300] {processor.py:830} INFO - Processing file /home/user/rubix/internship_project/.venv/lib/python3.10/site-packages/airflow/example_dags/example_subdag_operator.py for tasks to queue
[2024-06-24T14:12:34.016+0300] {logging_mixin.py:188} INFO - [2024-06-24T14:12:34.016+0300] {dagbag.py:545} INFO - Filling up the DagBag from /home/user/rubix/internship_project/.venv/lib/python3.10/site-packages/airflow/example_dags/example_subdag_operator.py
[2024-06-24T14:12:34.049+0300] {processor.py:840} INFO - DAG(s) 'example_subdag_operator.section-1', 'example_subdag_operator.section-2', 'example_subdag_operator' retrieved from /home/user/rubix/internship_project/.venv/lib/python3.10/site-packages/airflow/example_dags/example_subdag_operator.py
[2024-06-24T14:12:34.063+0300] {logging_mixin.py:188} INFO - [2024-06-24T14:12:34.062+0300] {dag.py:3096} INFO - Sync 3 DAGs
[2024-06-24T14:12:34.079+0300] {logging_mixin.py:188} INFO - [2024-06-24T14:12:34.078+0300] {dag.py:3954} INFO - Setting next_dagrun for example_subdag_operator to 2022-01-01 00:00:00+00:00, run_after=2022-01-01 00:00:00+00:00
[2024-06-24T14:12:34.081+0300] {logging_mixin.py:188} INFO - [2024-06-24T14:12:34.081+0300] {dag.py:3954} INFO - Setting next_dagrun for example_subdag_operator.section-1 to None, run_after=None
[2024-06-24T14:12:34.082+0300] {logging_mixin.py:188} INFO - [2024-06-24T14:12:34.082+0300] {dag.py:3954} INFO - Setting next_dagrun for example_subdag_operator.section-2 to None, run_after=None
[2024-06-24T14:12:34.087+0300] {logging_mixin.py:188} INFO - [2024-06-24T14:12:34.087+0300] {dag.py:3096} INFO - Sync 2 DAGs
[2024-06-24T14:12:34.090+0300] {logging_mixin.py:188} INFO - [2024-06-24T14:12:34.090+0300] {dag.py:3954} INFO - Setting next_dagrun for example_subdag_operator.section-1 to None, run_after=None
[2024-06-24T14:12:34.091+0300] {logging_mixin.py:188} INFO - [2024-06-24T14:12:34.091+0300] {dag.py:3954} INFO - Setting next_dagrun for example_subdag_operator.section-2 to None, run_after=None
[2024-06-24T14:12:34.113+0300] {processor.py:183} INFO - Processing /home/user/rubix/internship_project/.venv/lib/python3.10/site-packages/airflow/example_dags/example_subdag_operator.py took 0.109 seconds
[2024-06-24T14:13:26.088+0300] {processor.py:161} INFO - Started process (PID=26302) to work on /home/user/rubix/internship_project/.venv/lib/python3.10/site-packages/airflow/example_dags/example_subdag_operator.py
[2024-06-24T14:13:26.089+0300] {processor.py:830} INFO - Processing file /home/user/rubix/internship_project/.venv/lib/python3.10/site-packages/airflow/example_dags/example_subdag_operator.py for tasks to queue
[2024-06-24T14:13:26.091+0300] {logging_mixin.py:188} INFO - [2024-06-24T14:13:26.090+0300] {dagbag.py:545} INFO - Filling up the DagBag from /home/user/rubix/internship_project/.venv/lib/python3.10/site-packages/airflow/example_dags/example_subdag_operator.py
[2024-06-24T14:13:26.113+0300] {processor.py:840} INFO - DAG(s) 'example_subdag_operator.section-1', 'example_subdag_operator.section-2', 'example_subdag_operator' retrieved from /home/user/rubix/internship_project/.venv/lib/python3.10/site-packages/airflow/example_dags/example_subdag_operator.py
[2024-06-24T14:13:26.126+0300] {logging_mixin.py:188} INFO - [2024-06-24T14:13:26.126+0300] {dag.py:3096} INFO - Sync 3 DAGs
[2024-06-24T14:13:26.140+0300] {logging_mixin.py:188} INFO - [2024-06-24T14:13:26.140+0300] {dag.py:3954} INFO - Setting next_dagrun for example_subdag_operator to 2022-01-01 00:00:00+00:00, run_after=2022-01-01 00:00:00+00:00
[2024-06-24T14:13:26.142+0300] {logging_mixin.py:188} INFO - [2024-06-24T14:13:26.142+0300] {dag.py:3954} INFO - Setting next_dagrun for example_subdag_operator.section-1 to None, run_after=None
[2024-06-24T14:13:26.143+0300] {logging_mixin.py:188} INFO - [2024-06-24T14:13:26.142+0300] {dag.py:3954} INFO - Setting next_dagrun for example_subdag_operator.section-2 to None, run_after=None
[2024-06-24T14:13:26.148+0300] {logging_mixin.py:188} INFO - [2024-06-24T14:13:26.148+0300] {dag.py:3096} INFO - Sync 2 DAGs
[2024-06-24T14:13:26.152+0300] {logging_mixin.py:188} INFO - [2024-06-24T14:13:26.152+0300] {dag.py:3954} INFO - Setting next_dagrun for example_subdag_operator.section-1 to None, run_after=None
[2024-06-24T14:13:26.152+0300] {logging_mixin.py:188} INFO - [2024-06-24T14:13:26.152+0300] {dag.py:3954} INFO - Setting next_dagrun for example_subdag_operator.section-2 to None, run_after=None
[2024-06-24T14:13:26.175+0300] {processor.py:183} INFO - Processing /home/user/rubix/internship_project/.venv/lib/python3.10/site-packages/airflow/example_dags/example_subdag_operator.py took 0.095 seconds
[2024-06-24T14:14:16.759+0300] {processor.py:161} INFO - Started process (PID=26645) to work on /home/user/rubix/internship_project/.venv/lib/python3.10/site-packages/airflow/example_dags/example_subdag_operator.py
[2024-06-24T14:14:16.760+0300] {processor.py:830} INFO - Processing file /home/user/rubix/internship_project/.venv/lib/python3.10/site-packages/airflow/example_dags/example_subdag_operator.py for tasks to queue
[2024-06-24T14:14:16.762+0300] {logging_mixin.py:188} INFO - [2024-06-24T14:14:16.761+0300] {dagbag.py:545} INFO - Filling up the DagBag from /home/user/rubix/internship_project/.venv/lib/python3.10/site-packages/airflow/example_dags/example_subdag_operator.py
[2024-06-24T14:14:16.785+0300] {processor.py:840} INFO - DAG(s) 'example_subdag_operator.section-1', 'example_subdag_operator.section-2', 'example_subdag_operator' retrieved from /home/user/rubix/internship_project/.venv/lib/python3.10/site-packages/airflow/example_dags/example_subdag_operator.py
[2024-06-24T14:14:16.798+0300] {logging_mixin.py:188} INFO - [2024-06-24T14:14:16.798+0300] {dag.py:3096} INFO - Sync 3 DAGs
[2024-06-24T14:14:16.814+0300] {logging_mixin.py:188} INFO - [2024-06-24T14:14:16.814+0300] {dag.py:3954} INFO - Setting next_dagrun for example_subdag_operator to 2022-01-01 00:00:00+00:00, run_after=2022-01-01 00:00:00+00:00
[2024-06-24T14:14:16.817+0300] {logging_mixin.py:188} INFO - [2024-06-24T14:14:16.816+0300] {dag.py:3954} INFO - Setting next_dagrun for example_subdag_operator.section-1 to None, run_after=None
[2024-06-24T14:14:16.817+0300] {logging_mixin.py:188} INFO - [2024-06-24T14:14:16.817+0300] {dag.py:3954} INFO - Setting next_dagrun for example_subdag_operator.section-2 to None, run_after=None
[2024-06-24T14:14:16.823+0300] {logging_mixin.py:188} INFO - [2024-06-24T14:14:16.822+0300] {dag.py:3096} INFO - Sync 2 DAGs
[2024-06-24T14:14:16.825+0300] {logging_mixin.py:188} INFO - [2024-06-24T14:14:16.825+0300] {dag.py:3954} INFO - Setting next_dagrun for example_subdag_operator.section-1 to None, run_after=None
[2024-06-24T14:14:16.826+0300] {logging_mixin.py:188} INFO - [2024-06-24T14:14:16.825+0300] {dag.py:3954} INFO - Setting next_dagrun for example_subdag_operator.section-2 to None, run_after=None
[2024-06-24T14:14:16.851+0300] {processor.py:183} INFO - Processing /home/user/rubix/internship_project/.venv/lib/python3.10/site-packages/airflow/example_dags/example_subdag_operator.py took 0.101 seconds
[2024-06-24T14:15:00.049+0300] {processor.py:161} INFO - Started process (PID=26799) to work on /home/user/rubix/internship_project/.venv/lib/python3.10/site-packages/airflow/example_dags/example_subdag_operator.py
[2024-06-24T14:15:00.050+0300] {processor.py:830} INFO - Processing file /home/user/rubix/internship_project/.venv/lib/python3.10/site-packages/airflow/example_dags/example_subdag_operator.py for tasks to queue
[2024-06-24T14:15:00.052+0300] {logging_mixin.py:188} INFO - [2024-06-24T14:15:00.052+0300] {dagbag.py:545} INFO - Filling up the DagBag from /home/user/rubix/internship_project/.venv/lib/python3.10/site-packages/airflow/example_dags/example_subdag_operator.py
[2024-06-24T14:15:00.076+0300] {processor.py:840} INFO - DAG(s) 'example_subdag_operator.section-1', 'example_subdag_operator.section-2', 'example_subdag_operator' retrieved from /home/user/rubix/internship_project/.venv/lib/python3.10/site-packages/airflow/example_dags/example_subdag_operator.py
[2024-06-24T14:15:00.088+0300] {logging_mixin.py:188} INFO - [2024-06-24T14:15:00.087+0300] {dag.py:3096} INFO - Sync 3 DAGs
[2024-06-24T14:15:00.103+0300] {logging_mixin.py:188} INFO - [2024-06-24T14:15:00.102+0300] {dag.py:3954} INFO - Setting next_dagrun for example_subdag_operator to 2022-01-01 00:00:00+00:00, run_after=2022-01-01 00:00:00+00:00
[2024-06-24T14:15:00.105+0300] {logging_mixin.py:188} INFO - [2024-06-24T14:15:00.105+0300] {dag.py:3954} INFO - Setting next_dagrun for example_subdag_operator.section-1 to None, run_after=None
[2024-06-24T14:15:00.105+0300] {logging_mixin.py:188} INFO - [2024-06-24T14:15:00.105+0300] {dag.py:3954} INFO - Setting next_dagrun for example_subdag_operator.section-2 to None, run_after=None
[2024-06-24T14:15:00.111+0300] {logging_mixin.py:188} INFO - [2024-06-24T14:15:00.111+0300] {dag.py:3096} INFO - Sync 2 DAGs
[2024-06-24T14:15:00.115+0300] {logging_mixin.py:188} INFO - [2024-06-24T14:15:00.115+0300] {dag.py:3954} INFO - Setting next_dagrun for example_subdag_operator.section-1 to None, run_after=None
[2024-06-24T14:15:00.115+0300] {logging_mixin.py:188} INFO - [2024-06-24T14:15:00.115+0300] {dag.py:3954} INFO - Setting next_dagrun for example_subdag_operator.section-2 to None, run_after=None
[2024-06-24T14:15:00.141+0300] {processor.py:183} INFO - Processing /home/user/rubix/internship_project/.venv/lib/python3.10/site-packages/airflow/example_dags/example_subdag_operator.py took 0.101 seconds
[2024-06-24T14:15:42.391+0300] {processor.py:161} INFO - Started process (PID=26926) to work on /home/user/rubix/internship_project/.venv/lib/python3.10/site-packages/airflow/example_dags/example_subdag_operator.py
[2024-06-24T14:15:42.392+0300] {processor.py:830} INFO - Processing file /home/user/rubix/internship_project/.venv/lib/python3.10/site-packages/airflow/example_dags/example_subdag_operator.py for tasks to queue
[2024-06-24T14:15:42.393+0300] {logging_mixin.py:188} INFO - [2024-06-24T14:15:42.393+0300] {dagbag.py:545} INFO - Filling up the DagBag from /home/user/rubix/internship_project/.venv/lib/python3.10/site-packages/airflow/example_dags/example_subdag_operator.py
[2024-06-24T14:15:42.417+0300] {processor.py:840} INFO - DAG(s) 'example_subdag_operator.section-1', 'example_subdag_operator.section-2', 'example_subdag_operator' retrieved from /home/user/rubix/internship_project/.venv/lib/python3.10/site-packages/airflow/example_dags/example_subdag_operator.py
[2024-06-24T14:15:42.430+0300] {logging_mixin.py:188} INFO - [2024-06-24T14:15:42.430+0300] {dag.py:3096} INFO - Sync 3 DAGs
[2024-06-24T14:15:42.446+0300] {logging_mixin.py:188} INFO - [2024-06-24T14:15:42.446+0300] {dag.py:3954} INFO - Setting next_dagrun for example_subdag_operator to 2022-01-01 00:00:00+00:00, run_after=2022-01-01 00:00:00+00:00
[2024-06-24T14:15:42.449+0300] {logging_mixin.py:188} INFO - [2024-06-24T14:15:42.448+0300] {dag.py:3954} INFO - Setting next_dagrun for example_subdag_operator.section-1 to None, run_after=None
[2024-06-24T14:15:42.449+0300] {logging_mixin.py:188} INFO - [2024-06-24T14:15:42.449+0300] {dag.py:3954} INFO - Setting next_dagrun for example_subdag_operator.section-2 to None, run_after=None
[2024-06-24T14:15:42.455+0300] {logging_mixin.py:188} INFO - [2024-06-24T14:15:42.455+0300] {dag.py:3096} INFO - Sync 2 DAGs
[2024-06-24T14:15:42.459+0300] {logging_mixin.py:188} INFO - [2024-06-24T14:15:42.458+0300] {dag.py:3954} INFO - Setting next_dagrun for example_subdag_operator.section-1 to None, run_after=None
[2024-06-24T14:15:42.459+0300] {logging_mixin.py:188} INFO - [2024-06-24T14:15:42.459+0300] {dag.py:3954} INFO - Setting next_dagrun for example_subdag_operator.section-2 to None, run_after=None
[2024-06-24T14:15:42.483+0300] {processor.py:183} INFO - Processing /home/user/rubix/internship_project/.venv/lib/python3.10/site-packages/airflow/example_dags/example_subdag_operator.py took 0.100 seconds
[2024-06-24T14:16:23.406+0300] {processor.py:161} INFO - Started process (PID=27074) to work on /home/user/rubix/internship_project/.venv/lib/python3.10/site-packages/airflow/example_dags/example_subdag_operator.py
[2024-06-24T14:16:23.407+0300] {processor.py:830} INFO - Processing file /home/user/rubix/internship_project/.venv/lib/python3.10/site-packages/airflow/example_dags/example_subdag_operator.py for tasks to queue
[2024-06-24T14:16:23.409+0300] {logging_mixin.py:188} INFO - [2024-06-24T14:16:23.409+0300] {dagbag.py:545} INFO - Filling up the DagBag from /home/user/rubix/internship_project/.venv/lib/python3.10/site-packages/airflow/example_dags/example_subdag_operator.py
[2024-06-24T14:16:23.432+0300] {processor.py:840} INFO - DAG(s) 'example_subdag_operator.section-1', 'example_subdag_operator.section-2', 'example_subdag_operator' retrieved from /home/user/rubix/internship_project/.venv/lib/python3.10/site-packages/airflow/example_dags/example_subdag_operator.py
[2024-06-24T14:16:23.445+0300] {logging_mixin.py:188} INFO - [2024-06-24T14:16:23.445+0300] {dag.py:3096} INFO - Sync 3 DAGs
[2024-06-24T14:16:23.462+0300] {logging_mixin.py:188} INFO - [2024-06-24T14:16:23.461+0300] {dag.py:3954} INFO - Setting next_dagrun for example_subdag_operator to 2022-01-01 00:00:00+00:00, run_after=2022-01-01 00:00:00+00:00
[2024-06-24T14:16:23.464+0300] {logging_mixin.py:188} INFO - [2024-06-24T14:16:23.464+0300] {dag.py:3954} INFO - Setting next_dagrun for example_subdag_operator.section-1 to None, run_after=None
[2024-06-24T14:16:23.465+0300] {logging_mixin.py:188} INFO - [2024-06-24T14:16:23.465+0300] {dag.py:3954} INFO - Setting next_dagrun for example_subdag_operator.section-2 to None, run_after=None
[2024-06-24T14:16:23.471+0300] {logging_mixin.py:188} INFO - [2024-06-24T14:16:23.471+0300] {dag.py:3096} INFO - Sync 2 DAGs
[2024-06-24T14:16:23.475+0300] {logging_mixin.py:188} INFO - [2024-06-24T14:16:23.474+0300] {dag.py:3954} INFO - Setting next_dagrun for example_subdag_operator.section-1 to None, run_after=None
[2024-06-24T14:16:23.475+0300] {logging_mixin.py:188} INFO - [2024-06-24T14:16:23.475+0300] {dag.py:3954} INFO - Setting next_dagrun for example_subdag_operator.section-2 to None, run_after=None
[2024-06-24T14:16:23.500+0300] {processor.py:183} INFO - Processing /home/user/rubix/internship_project/.venv/lib/python3.10/site-packages/airflow/example_dags/example_subdag_operator.py took 0.103 seconds
[2024-06-24T14:17:03.639+0300] {processor.py:161} INFO - Started process (PID=27222) to work on /home/user/rubix/internship_project/.venv/lib/python3.10/site-packages/airflow/example_dags/example_subdag_operator.py
[2024-06-24T14:17:03.640+0300] {processor.py:830} INFO - Processing file /home/user/rubix/internship_project/.venv/lib/python3.10/site-packages/airflow/example_dags/example_subdag_operator.py for tasks to queue
[2024-06-24T14:17:03.642+0300] {logging_mixin.py:188} INFO - [2024-06-24T14:17:03.641+0300] {dagbag.py:545} INFO - Filling up the DagBag from /home/user/rubix/internship_project/.venv/lib/python3.10/site-packages/airflow/example_dags/example_subdag_operator.py
[2024-06-24T14:17:03.664+0300] {processor.py:840} INFO - DAG(s) 'example_subdag_operator.section-1', 'example_subdag_operator.section-2', 'example_subdag_operator' retrieved from /home/user/rubix/internship_project/.venv/lib/python3.10/site-packages/airflow/example_dags/example_subdag_operator.py
[2024-06-24T14:17:03.676+0300] {logging_mixin.py:188} INFO - [2024-06-24T14:17:03.675+0300] {dag.py:3096} INFO - Sync 3 DAGs
[2024-06-24T14:17:03.690+0300] {logging_mixin.py:188} INFO - [2024-06-24T14:17:03.689+0300] {dag.py:3954} INFO - Setting next_dagrun for example_subdag_operator to 2022-01-01 00:00:00+00:00, run_after=2022-01-01 00:00:00+00:00
[2024-06-24T14:17:03.692+0300] {logging_mixin.py:188} INFO - [2024-06-24T14:17:03.692+0300] {dag.py:3954} INFO - Setting next_dagrun for example_subdag_operator.section-1 to None, run_after=None
[2024-06-24T14:17:03.692+0300] {logging_mixin.py:188} INFO - [2024-06-24T14:17:03.692+0300] {dag.py:3954} INFO - Setting next_dagrun for example_subdag_operator.section-2 to None, run_after=None
[2024-06-24T14:17:03.698+0300] {logging_mixin.py:188} INFO - [2024-06-24T14:17:03.697+0300] {dag.py:3096} INFO - Sync 2 DAGs
[2024-06-24T14:17:03.701+0300] {logging_mixin.py:188} INFO - [2024-06-24T14:17:03.701+0300] {dag.py:3954} INFO - Setting next_dagrun for example_subdag_operator.section-1 to None, run_after=None
[2024-06-24T14:17:03.702+0300] {logging_mixin.py:188} INFO - [2024-06-24T14:17:03.702+0300] {dag.py:3954} INFO - Setting next_dagrun for example_subdag_operator.section-2 to None, run_after=None
[2024-06-24T14:17:03.725+0300] {processor.py:183} INFO - Processing /home/user/rubix/internship_project/.venv/lib/python3.10/site-packages/airflow/example_dags/example_subdag_operator.py took 0.094 seconds
[2024-06-24T14:17:44.152+0300] {processor.py:161} INFO - Started process (PID=27309) to work on /home/user/rubix/internship_project/.venv/lib/python3.10/site-packages/airflow/example_dags/example_subdag_operator.py
[2024-06-24T14:17:44.153+0300] {processor.py:830} INFO - Processing file /home/user/rubix/internship_project/.venv/lib/python3.10/site-packages/airflow/example_dags/example_subdag_operator.py for tasks to queue
[2024-06-24T14:17:44.155+0300] {logging_mixin.py:188} INFO - [2024-06-24T14:17:44.155+0300] {dagbag.py:545} INFO - Filling up the DagBag from /home/user/rubix/internship_project/.venv/lib/python3.10/site-packages/airflow/example_dags/example_subdag_operator.py
[2024-06-24T14:17:44.178+0300] {processor.py:840} INFO - DAG(s) 'example_subdag_operator.section-1', 'example_subdag_operator.section-2', 'example_subdag_operator' retrieved from /home/user/rubix/internship_project/.venv/lib/python3.10/site-packages/airflow/example_dags/example_subdag_operator.py
[2024-06-24T14:17:44.192+0300] {logging_mixin.py:188} INFO - [2024-06-24T14:17:44.192+0300] {dag.py:3096} INFO - Sync 3 DAGs
[2024-06-24T14:17:44.208+0300] {logging_mixin.py:188} INFO - [2024-06-24T14:17:44.207+0300] {dag.py:3954} INFO - Setting next_dagrun for example_subdag_operator to 2022-01-01 00:00:00+00:00, run_after=2022-01-01 00:00:00+00:00
[2024-06-24T14:17:44.210+0300] {logging_mixin.py:188} INFO - [2024-06-24T14:17:44.210+0300] {dag.py:3954} INFO - Setting next_dagrun for example_subdag_operator.section-1 to None, run_after=None
[2024-06-24T14:17:44.211+0300] {logging_mixin.py:188} INFO - [2024-06-24T14:17:44.211+0300] {dag.py:3954} INFO - Setting next_dagrun for example_subdag_operator.section-2 to None, run_after=None
[2024-06-24T14:17:44.217+0300] {logging_mixin.py:188} INFO - [2024-06-24T14:17:44.216+0300] {dag.py:3096} INFO - Sync 2 DAGs
[2024-06-24T14:17:44.221+0300] {logging_mixin.py:188} INFO - [2024-06-24T14:17:44.221+0300] {dag.py:3954} INFO - Setting next_dagrun for example_subdag_operator.section-1 to None, run_after=None
[2024-06-24T14:17:44.221+0300] {logging_mixin.py:188} INFO - [2024-06-24T14:17:44.221+0300] {dag.py:3954} INFO - Setting next_dagrun for example_subdag_operator.section-2 to None, run_after=None
[2024-06-24T14:17:44.246+0300] {processor.py:183} INFO - Processing /home/user/rubix/internship_project/.venv/lib/python3.10/site-packages/airflow/example_dags/example_subdag_operator.py took 0.102 seconds
[2024-06-24T14:18:35.630+0300] {processor.py:161} INFO - Started process (PID=27473) to work on /home/user/rubix/internship_project/.venv/lib/python3.10/site-packages/airflow/example_dags/example_subdag_operator.py
[2024-06-24T14:18:35.631+0300] {processor.py:830} INFO - Processing file /home/user/rubix/internship_project/.venv/lib/python3.10/site-packages/airflow/example_dags/example_subdag_operator.py for tasks to queue
[2024-06-24T14:18:35.633+0300] {logging_mixin.py:188} INFO - [2024-06-24T14:18:35.632+0300] {dagbag.py:545} INFO - Filling up the DagBag from /home/user/rubix/internship_project/.venv/lib/python3.10/site-packages/airflow/example_dags/example_subdag_operator.py
[2024-06-24T14:18:35.671+0300] {processor.py:840} INFO - DAG(s) 'example_subdag_operator.section-1', 'example_subdag_operator.section-2', 'example_subdag_operator' retrieved from /home/user/rubix/internship_project/.venv/lib/python3.10/site-packages/airflow/example_dags/example_subdag_operator.py
[2024-06-24T14:18:35.685+0300] {logging_mixin.py:188} INFO - [2024-06-24T14:18:35.684+0300] {dag.py:3096} INFO - Sync 3 DAGs
[2024-06-24T14:18:35.704+0300] {logging_mixin.py:188} INFO - [2024-06-24T14:18:35.703+0300] {dag.py:3954} INFO - Setting next_dagrun for example_subdag_operator to 2022-01-01 00:00:00+00:00, run_after=2022-01-01 00:00:00+00:00
[2024-06-24T14:18:35.706+0300] {logging_mixin.py:188} INFO - [2024-06-24T14:18:35.706+0300] {dag.py:3954} INFO - Setting next_dagrun for example_subdag_operator.section-1 to None, run_after=None
[2024-06-24T14:18:35.707+0300] {logging_mixin.py:188} INFO - [2024-06-24T14:18:35.707+0300] {dag.py:3954} INFO - Setting next_dagrun for example_subdag_operator.section-2 to None, run_after=None
[2024-06-24T14:18:35.712+0300] {logging_mixin.py:188} INFO - [2024-06-24T14:18:35.712+0300] {dag.py:3096} INFO - Sync 2 DAGs
[2024-06-24T14:18:35.715+0300] {logging_mixin.py:188} INFO - [2024-06-24T14:18:35.715+0300] {dag.py:3954} INFO - Setting next_dagrun for example_subdag_operator.section-1 to None, run_after=None
[2024-06-24T14:18:35.715+0300] {logging_mixin.py:188} INFO - [2024-06-24T14:18:35.715+0300] {dag.py:3954} INFO - Setting next_dagrun for example_subdag_operator.section-2 to None, run_after=None
[2024-06-24T14:18:35.740+0300] {processor.py:183} INFO - Processing /home/user/rubix/internship_project/.venv/lib/python3.10/site-packages/airflow/example_dags/example_subdag_operator.py took 0.120 seconds
[2024-06-24T14:19:26.742+0300] {processor.py:161} INFO - Started process (PID=27704) to work on /home/user/rubix/internship_project/.venv/lib/python3.10/site-packages/airflow/example_dags/example_subdag_operator.py
[2024-06-24T14:19:26.744+0300] {processor.py:830} INFO - Processing file /home/user/rubix/internship_project/.venv/lib/python3.10/site-packages/airflow/example_dags/example_subdag_operator.py for tasks to queue
[2024-06-24T14:19:26.747+0300] {logging_mixin.py:188} INFO - [2024-06-24T14:19:26.746+0300] {dagbag.py:545} INFO - Filling up the DagBag from /home/user/rubix/internship_project/.venv/lib/python3.10/site-packages/airflow/example_dags/example_subdag_operator.py
[2024-06-24T14:19:26.771+0300] {processor.py:840} INFO - DAG(s) 'example_subdag_operator.section-1', 'example_subdag_operator.section-2', 'example_subdag_operator' retrieved from /home/user/rubix/internship_project/.venv/lib/python3.10/site-packages/airflow/example_dags/example_subdag_operator.py
[2024-06-24T14:19:26.788+0300] {logging_mixin.py:188} INFO - [2024-06-24T14:19:26.788+0300] {dag.py:3096} INFO - Sync 3 DAGs
[2024-06-24T14:19:26.805+0300] {logging_mixin.py:188} INFO - [2024-06-24T14:19:26.804+0300] {dag.py:3954} INFO - Setting next_dagrun for example_subdag_operator to 2022-01-01 00:00:00+00:00, run_after=2022-01-01 00:00:00+00:00
[2024-06-24T14:19:26.810+0300] {logging_mixin.py:188} INFO - [2024-06-24T14:19:26.810+0300] {dag.py:3954} INFO - Setting next_dagrun for example_subdag_operator.section-1 to None, run_after=None
[2024-06-24T14:19:26.811+0300] {logging_mixin.py:188} INFO - [2024-06-24T14:19:26.811+0300] {dag.py:3954} INFO - Setting next_dagrun for example_subdag_operator.section-2 to None, run_after=None
[2024-06-24T14:19:26.817+0300] {logging_mixin.py:188} INFO - [2024-06-24T14:19:26.817+0300] {dag.py:3096} INFO - Sync 2 DAGs
[2024-06-24T14:19:26.820+0300] {logging_mixin.py:188} INFO - [2024-06-24T14:19:26.819+0300] {dag.py:3954} INFO - Setting next_dagrun for example_subdag_operator.section-1 to None, run_after=None
[2024-06-24T14:19:26.820+0300] {logging_mixin.py:188} INFO - [2024-06-24T14:19:26.820+0300] {dag.py:3954} INFO - Setting next_dagrun for example_subdag_operator.section-2 to None, run_after=None
[2024-06-24T14:19:26.834+0300] {processor.py:183} INFO - Processing /home/user/rubix/internship_project/.venv/lib/python3.10/site-packages/airflow/example_dags/example_subdag_operator.py took 0.103 seconds
[2024-06-24T14:20:08.336+0300] {processor.py:161} INFO - Started process (PID=28035) to work on /home/user/rubix/internship_project/.venv/lib/python3.10/site-packages/airflow/example_dags/example_subdag_operator.py
[2024-06-24T14:20:08.337+0300] {processor.py:830} INFO - Processing file /home/user/rubix/internship_project/.venv/lib/python3.10/site-packages/airflow/example_dags/example_subdag_operator.py for tasks to queue
[2024-06-24T14:20:08.340+0300] {logging_mixin.py:188} INFO - [2024-06-24T14:20:08.339+0300] {dagbag.py:545} INFO - Filling up the DagBag from /home/user/rubix/internship_project/.venv/lib/python3.10/site-packages/airflow/example_dags/example_subdag_operator.py
[2024-06-24T14:20:08.367+0300] {processor.py:840} INFO - DAG(s) 'example_subdag_operator.section-1', 'example_subdag_operator.section-2', 'example_subdag_operator' retrieved from /home/user/rubix/internship_project/.venv/lib/python3.10/site-packages/airflow/example_dags/example_subdag_operator.py
[2024-06-24T14:20:08.380+0300] {logging_mixin.py:188} INFO - [2024-06-24T14:20:08.380+0300] {dag.py:3096} INFO - Sync 3 DAGs
[2024-06-24T14:20:08.399+0300] {logging_mixin.py:188} INFO - [2024-06-24T14:20:08.399+0300] {dag.py:3954} INFO - Setting next_dagrun for example_subdag_operator to 2022-01-01 00:00:00+00:00, run_after=2022-01-01 00:00:00+00:00
[2024-06-24T14:20:08.401+0300] {logging_mixin.py:188} INFO - [2024-06-24T14:20:08.401+0300] {dag.py:3954} INFO - Setting next_dagrun for example_subdag_operator.section-1 to None, run_after=None
[2024-06-24T14:20:08.402+0300] {logging_mixin.py:188} INFO - [2024-06-24T14:20:08.402+0300] {dag.py:3954} INFO - Setting next_dagrun for example_subdag_operator.section-2 to None, run_after=None
[2024-06-24T14:20:08.410+0300] {logging_mixin.py:188} INFO - [2024-06-24T14:20:08.410+0300] {dag.py:3096} INFO - Sync 2 DAGs
[2024-06-24T14:20:08.414+0300] {logging_mixin.py:188} INFO - [2024-06-24T14:20:08.414+0300] {dag.py:3954} INFO - Setting next_dagrun for example_subdag_operator.section-1 to None, run_after=None
[2024-06-24T14:20:08.414+0300] {logging_mixin.py:188} INFO - [2024-06-24T14:20:08.414+0300] {dag.py:3954} INFO - Setting next_dagrun for example_subdag_operator.section-2 to None, run_after=None
[2024-06-24T14:20:08.438+0300] {processor.py:183} INFO - Processing /home/user/rubix/internship_project/.venv/lib/python3.10/site-packages/airflow/example_dags/example_subdag_operator.py took 0.110 seconds
[2024-06-24T14:20:47.687+0300] {processor.py:161} INFO - Started process (PID=28247) to work on /home/user/rubix/internship_project/.venv/lib/python3.10/site-packages/airflow/example_dags/example_subdag_operator.py
[2024-06-24T14:20:47.690+0300] {processor.py:830} INFO - Processing file /home/user/rubix/internship_project/.venv/lib/python3.10/site-packages/airflow/example_dags/example_subdag_operator.py for tasks to queue
[2024-06-24T14:20:47.693+0300] {logging_mixin.py:188} INFO - [2024-06-24T14:20:47.693+0300] {dagbag.py:545} INFO - Filling up the DagBag from /home/user/rubix/internship_project/.venv/lib/python3.10/site-packages/airflow/example_dags/example_subdag_operator.py
[2024-06-24T14:20:47.716+0300] {processor.py:840} INFO - DAG(s) 'example_subdag_operator.section-1', 'example_subdag_operator.section-2', 'example_subdag_operator' retrieved from /home/user/rubix/internship_project/.venv/lib/python3.10/site-packages/airflow/example_dags/example_subdag_operator.py
[2024-06-24T14:20:47.730+0300] {logging_mixin.py:188} INFO - [2024-06-24T14:20:47.730+0300] {dag.py:3096} INFO - Sync 3 DAGs
[2024-06-24T14:20:47.745+0300] {logging_mixin.py:188} INFO - [2024-06-24T14:20:47.745+0300] {dag.py:3954} INFO - Setting next_dagrun for example_subdag_operator to 2022-01-01 00:00:00+00:00, run_after=2022-01-01 00:00:00+00:00
[2024-06-24T14:20:47.747+0300] {logging_mixin.py:188} INFO - [2024-06-24T14:20:47.747+0300] {dag.py:3954} INFO - Setting next_dagrun for example_subdag_operator.section-1 to None, run_after=None
[2024-06-24T14:20:47.748+0300] {logging_mixin.py:188} INFO - [2024-06-24T14:20:47.747+0300] {dag.py:3954} INFO - Setting next_dagrun for example_subdag_operator.section-2 to None, run_after=None
[2024-06-24T14:20:47.752+0300] {logging_mixin.py:188} INFO - [2024-06-24T14:20:47.752+0300] {dag.py:3096} INFO - Sync 2 DAGs
[2024-06-24T14:20:47.755+0300] {logging_mixin.py:188} INFO - [2024-06-24T14:20:47.755+0300] {dag.py:3954} INFO - Setting next_dagrun for example_subdag_operator.section-1 to None, run_after=None
[2024-06-24T14:20:47.755+0300] {logging_mixin.py:188} INFO - [2024-06-24T14:20:47.755+0300] {dag.py:3954} INFO - Setting next_dagrun for example_subdag_operator.section-2 to None, run_after=None
[2024-06-24T14:20:47.780+0300] {processor.py:183} INFO - Processing /home/user/rubix/internship_project/.venv/lib/python3.10/site-packages/airflow/example_dags/example_subdag_operator.py took 0.101 seconds
[2024-06-24T14:21:31.561+0300] {processor.py:161} INFO - Started process (PID=28550) to work on /home/user/rubix/internship_project/.venv/lib/python3.10/site-packages/airflow/example_dags/example_subdag_operator.py
[2024-06-24T14:21:31.562+0300] {processor.py:830} INFO - Processing file /home/user/rubix/internship_project/.venv/lib/python3.10/site-packages/airflow/example_dags/example_subdag_operator.py for tasks to queue
[2024-06-24T14:21:31.565+0300] {logging_mixin.py:188} INFO - [2024-06-24T14:21:31.564+0300] {dagbag.py:545} INFO - Filling up the DagBag from /home/user/rubix/internship_project/.venv/lib/python3.10/site-packages/airflow/example_dags/example_subdag_operator.py
[2024-06-24T14:21:31.589+0300] {processor.py:840} INFO - DAG(s) 'example_subdag_operator.section-1', 'example_subdag_operator.section-2', 'example_subdag_operator' retrieved from /home/user/rubix/internship_project/.venv/lib/python3.10/site-packages/airflow/example_dags/example_subdag_operator.py
[2024-06-24T14:21:31.604+0300] {logging_mixin.py:188} INFO - [2024-06-24T14:21:31.604+0300] {dag.py:3096} INFO - Sync 3 DAGs
[2024-06-24T14:21:31.621+0300] {logging_mixin.py:188} INFO - [2024-06-24T14:21:31.621+0300] {dag.py:3954} INFO - Setting next_dagrun for example_subdag_operator to 2022-01-01 00:00:00+00:00, run_after=2022-01-01 00:00:00+00:00
[2024-06-24T14:21:31.624+0300] {logging_mixin.py:188} INFO - [2024-06-24T14:21:31.623+0300] {dag.py:3954} INFO - Setting next_dagrun for example_subdag_operator.section-1 to None, run_after=None
[2024-06-24T14:21:31.624+0300] {logging_mixin.py:188} INFO - [2024-06-24T14:21:31.624+0300] {dag.py:3954} INFO - Setting next_dagrun for example_subdag_operator.section-2 to None, run_after=None
[2024-06-24T14:21:31.630+0300] {logging_mixin.py:188} INFO - [2024-06-24T14:21:31.630+0300] {dag.py:3096} INFO - Sync 2 DAGs
[2024-06-24T14:21:31.633+0300] {logging_mixin.py:188} INFO - [2024-06-24T14:21:31.633+0300] {dag.py:3954} INFO - Setting next_dagrun for example_subdag_operator.section-1 to None, run_after=None
[2024-06-24T14:21:31.634+0300] {logging_mixin.py:188} INFO - [2024-06-24T14:21:31.634+0300] {dag.py:3954} INFO - Setting next_dagrun for example_subdag_operator.section-2 to None, run_after=None
[2024-06-24T14:21:31.656+0300] {processor.py:183} INFO - Processing /home/user/rubix/internship_project/.venv/lib/python3.10/site-packages/airflow/example_dags/example_subdag_operator.py took 0.104 seconds
[2024-06-24T14:22:10.153+0300] {processor.py:161} INFO - Started process (PID=28734) to work on /home/user/rubix/internship_project/.venv/lib/python3.10/site-packages/airflow/example_dags/example_subdag_operator.py
[2024-06-24T14:22:10.154+0300] {processor.py:830} INFO - Processing file /home/user/rubix/internship_project/.venv/lib/python3.10/site-packages/airflow/example_dags/example_subdag_operator.py for tasks to queue
[2024-06-24T14:22:10.156+0300] {logging_mixin.py:188} INFO - [2024-06-24T14:22:10.156+0300] {dagbag.py:545} INFO - Filling up the DagBag from /home/user/rubix/internship_project/.venv/lib/python3.10/site-packages/airflow/example_dags/example_subdag_operator.py
[2024-06-24T14:22:10.179+0300] {processor.py:840} INFO - DAG(s) 'example_subdag_operator.section-1', 'example_subdag_operator.section-2', 'example_subdag_operator' retrieved from /home/user/rubix/internship_project/.venv/lib/python3.10/site-packages/airflow/example_dags/example_subdag_operator.py
[2024-06-24T14:22:10.192+0300] {logging_mixin.py:188} INFO - [2024-06-24T14:22:10.192+0300] {dag.py:3096} INFO - Sync 3 DAGs
[2024-06-24T14:22:10.208+0300] {logging_mixin.py:188} INFO - [2024-06-24T14:22:10.208+0300] {dag.py:3954} INFO - Setting next_dagrun for example_subdag_operator to 2022-01-01 00:00:00+00:00, run_after=2022-01-01 00:00:00+00:00
[2024-06-24T14:22:10.211+0300] {logging_mixin.py:188} INFO - [2024-06-24T14:22:10.210+0300] {dag.py:3954} INFO - Setting next_dagrun for example_subdag_operator.section-1 to None, run_after=None
[2024-06-24T14:22:10.211+0300] {logging_mixin.py:188} INFO - [2024-06-24T14:22:10.211+0300] {dag.py:3954} INFO - Setting next_dagrun for example_subdag_operator.section-2 to None, run_after=None
[2024-06-24T14:22:10.217+0300] {logging_mixin.py:188} INFO - [2024-06-24T14:22:10.216+0300] {dag.py:3096} INFO - Sync 2 DAGs
[2024-06-24T14:22:10.219+0300] {logging_mixin.py:188} INFO - [2024-06-24T14:22:10.219+0300] {dag.py:3954} INFO - Setting next_dagrun for example_subdag_operator.section-1 to None, run_after=None
[2024-06-24T14:22:10.220+0300] {logging_mixin.py:188} INFO - [2024-06-24T14:22:10.220+0300] {dag.py:3954} INFO - Setting next_dagrun for example_subdag_operator.section-2 to None, run_after=None
[2024-06-24T14:22:10.243+0300] {processor.py:183} INFO - Processing /home/user/rubix/internship_project/.venv/lib/python3.10/site-packages/airflow/example_dags/example_subdag_operator.py took 0.098 seconds
[2024-06-24T14:23:08.703+0300] {processor.py:161} INFO - Started process (PID=28962) to work on /home/user/rubix/internship_project/.venv/lib/python3.10/site-packages/airflow/example_dags/example_subdag_operator.py
[2024-06-24T14:23:08.704+0300] {processor.py:830} INFO - Processing file /home/user/rubix/internship_project/.venv/lib/python3.10/site-packages/airflow/example_dags/example_subdag_operator.py for tasks to queue
[2024-06-24T14:23:08.706+0300] {logging_mixin.py:188} INFO - [2024-06-24T14:23:08.705+0300] {dagbag.py:545} INFO - Filling up the DagBag from /home/user/rubix/internship_project/.venv/lib/python3.10/site-packages/airflow/example_dags/example_subdag_operator.py
[2024-06-24T14:23:08.731+0300] {processor.py:840} INFO - DAG(s) 'example_subdag_operator.section-1', 'example_subdag_operator.section-2', 'example_subdag_operator' retrieved from /home/user/rubix/internship_project/.venv/lib/python3.10/site-packages/airflow/example_dags/example_subdag_operator.py
[2024-06-24T14:23:08.747+0300] {logging_mixin.py:188} INFO - [2024-06-24T14:23:08.747+0300] {dag.py:3096} INFO - Sync 3 DAGs
[2024-06-24T14:23:08.765+0300] {logging_mixin.py:188} INFO - [2024-06-24T14:23:08.764+0300] {dag.py:3954} INFO - Setting next_dagrun for example_subdag_operator to 2022-01-01 00:00:00+00:00, run_after=2022-01-01 00:00:00+00:00
[2024-06-24T14:23:08.768+0300] {logging_mixin.py:188} INFO - [2024-06-24T14:23:08.768+0300] {dag.py:3954} INFO - Setting next_dagrun for example_subdag_operator.section-1 to None, run_after=None
[2024-06-24T14:23:08.769+0300] {logging_mixin.py:188} INFO - [2024-06-24T14:23:08.769+0300] {dag.py:3954} INFO - Setting next_dagrun for example_subdag_operator.section-2 to None, run_after=None
[2024-06-24T14:23:08.775+0300] {logging_mixin.py:188} INFO - [2024-06-24T14:23:08.775+0300] {dag.py:3096} INFO - Sync 2 DAGs
[2024-06-24T14:23:08.778+0300] {logging_mixin.py:188} INFO - [2024-06-24T14:23:08.778+0300] {dag.py:3954} INFO - Setting next_dagrun for example_subdag_operator.section-1 to None, run_after=None
[2024-06-24T14:23:08.779+0300] {logging_mixin.py:188} INFO - [2024-06-24T14:23:08.778+0300] {dag.py:3954} INFO - Setting next_dagrun for example_subdag_operator.section-2 to None, run_after=None
[2024-06-24T14:23:08.802+0300] {processor.py:183} INFO - Processing /home/user/rubix/internship_project/.venv/lib/python3.10/site-packages/airflow/example_dags/example_subdag_operator.py took 0.107 seconds
[2024-06-24T14:23:55.010+0300] {processor.py:161} INFO - Started process (PID=29059) to work on /home/user/rubix/internship_project/.venv/lib/python3.10/site-packages/airflow/example_dags/example_subdag_operator.py
[2024-06-24T14:23:55.011+0300] {processor.py:830} INFO - Processing file /home/user/rubix/internship_project/.venv/lib/python3.10/site-packages/airflow/example_dags/example_subdag_operator.py for tasks to queue
[2024-06-24T14:23:55.013+0300] {logging_mixin.py:188} INFO - [2024-06-24T14:23:55.013+0300] {dagbag.py:545} INFO - Filling up the DagBag from /home/user/rubix/internship_project/.venv/lib/python3.10/site-packages/airflow/example_dags/example_subdag_operator.py
[2024-06-24T14:23:55.045+0300] {processor.py:840} INFO - DAG(s) 'example_subdag_operator.section-1', 'example_subdag_operator.section-2', 'example_subdag_operator' retrieved from /home/user/rubix/internship_project/.venv/lib/python3.10/site-packages/airflow/example_dags/example_subdag_operator.py
[2024-06-24T14:23:55.062+0300] {logging_mixin.py:188} INFO - [2024-06-24T14:23:55.062+0300] {dag.py:3096} INFO - Sync 3 DAGs
[2024-06-24T14:23:55.083+0300] {logging_mixin.py:188} INFO - [2024-06-24T14:23:55.082+0300] {dag.py:3954} INFO - Setting next_dagrun for example_subdag_operator to 2022-01-01 00:00:00+00:00, run_after=2022-01-01 00:00:00+00:00
[2024-06-24T14:23:55.086+0300] {logging_mixin.py:188} INFO - [2024-06-24T14:23:55.086+0300] {dag.py:3954} INFO - Setting next_dagrun for example_subdag_operator.section-1 to None, run_after=None
[2024-06-24T14:23:55.087+0300] {logging_mixin.py:188} INFO - [2024-06-24T14:23:55.087+0300] {dag.py:3954} INFO - Setting next_dagrun for example_subdag_operator.section-2 to None, run_after=None
[2024-06-24T14:23:55.095+0300] {logging_mixin.py:188} INFO - [2024-06-24T14:23:55.095+0300] {dag.py:3096} INFO - Sync 2 DAGs
[2024-06-24T14:23:55.099+0300] {logging_mixin.py:188} INFO - [2024-06-24T14:23:55.099+0300] {dag.py:3954} INFO - Setting next_dagrun for example_subdag_operator.section-1 to None, run_after=None
[2024-06-24T14:23:55.100+0300] {logging_mixin.py:188} INFO - [2024-06-24T14:23:55.100+0300] {dag.py:3954} INFO - Setting next_dagrun for example_subdag_operator.section-2 to None, run_after=None
[2024-06-24T14:23:55.126+0300] {processor.py:183} INFO - Processing /home/user/rubix/internship_project/.venv/lib/python3.10/site-packages/airflow/example_dags/example_subdag_operator.py took 0.129 seconds
[2024-06-24T14:24:40.524+0300] {processor.py:161} INFO - Started process (PID=29279) to work on /home/user/rubix/internship_project/.venv/lib/python3.10/site-packages/airflow/example_dags/example_subdag_operator.py
[2024-06-24T14:24:40.525+0300] {processor.py:830} INFO - Processing file /home/user/rubix/internship_project/.venv/lib/python3.10/site-packages/airflow/example_dags/example_subdag_operator.py for tasks to queue
[2024-06-24T14:24:40.527+0300] {logging_mixin.py:188} INFO - [2024-06-24T14:24:40.526+0300] {dagbag.py:545} INFO - Filling up the DagBag from /home/user/rubix/internship_project/.venv/lib/python3.10/site-packages/airflow/example_dags/example_subdag_operator.py
[2024-06-24T14:24:40.549+0300] {processor.py:840} INFO - DAG(s) 'example_subdag_operator.section-1', 'example_subdag_operator.section-2', 'example_subdag_operator' retrieved from /home/user/rubix/internship_project/.venv/lib/python3.10/site-packages/airflow/example_dags/example_subdag_operator.py
[2024-06-24T14:24:40.561+0300] {logging_mixin.py:188} INFO - [2024-06-24T14:24:40.561+0300] {dag.py:3096} INFO - Sync 3 DAGs
[2024-06-24T14:24:40.575+0300] {logging_mixin.py:188} INFO - [2024-06-24T14:24:40.575+0300] {dag.py:3954} INFO - Setting next_dagrun for example_subdag_operator to 2022-01-01 00:00:00+00:00, run_after=2022-01-01 00:00:00+00:00
[2024-06-24T14:24:40.577+0300] {logging_mixin.py:188} INFO - [2024-06-24T14:24:40.577+0300] {dag.py:3954} INFO - Setting next_dagrun for example_subdag_operator.section-1 to None, run_after=None
[2024-06-24T14:24:40.578+0300] {logging_mixin.py:188} INFO - [2024-06-24T14:24:40.578+0300] {dag.py:3954} INFO - Setting next_dagrun for example_subdag_operator.section-2 to None, run_after=None
[2024-06-24T14:24:40.584+0300] {logging_mixin.py:188} INFO - [2024-06-24T14:24:40.583+0300] {dag.py:3096} INFO - Sync 2 DAGs
[2024-06-24T14:24:40.589+0300] {logging_mixin.py:188} INFO - [2024-06-24T14:24:40.589+0300] {dag.py:3954} INFO - Setting next_dagrun for example_subdag_operator.section-1 to None, run_after=None
[2024-06-24T14:24:40.589+0300] {logging_mixin.py:188} INFO - [2024-06-24T14:24:40.589+0300] {dag.py:3954} INFO - Setting next_dagrun for example_subdag_operator.section-2 to None, run_after=None
[2024-06-24T14:24:40.613+0300] {processor.py:183} INFO - Processing /home/user/rubix/internship_project/.venv/lib/python3.10/site-packages/airflow/example_dags/example_subdag_operator.py took 0.097 seconds
[2024-06-24T14:25:24.696+0300] {processor.py:161} INFO - Started process (PID=29563) to work on /home/user/rubix/internship_project/.venv/lib/python3.10/site-packages/airflow/example_dags/example_subdag_operator.py
[2024-06-24T14:25:24.697+0300] {processor.py:830} INFO - Processing file /home/user/rubix/internship_project/.venv/lib/python3.10/site-packages/airflow/example_dags/example_subdag_operator.py for tasks to queue
[2024-06-24T14:25:24.699+0300] {logging_mixin.py:188} INFO - [2024-06-24T14:25:24.699+0300] {dagbag.py:545} INFO - Filling up the DagBag from /home/user/rubix/internship_project/.venv/lib/python3.10/site-packages/airflow/example_dags/example_subdag_operator.py
[2024-06-24T14:25:24.722+0300] {processor.py:840} INFO - DAG(s) 'example_subdag_operator.section-1', 'example_subdag_operator.section-2', 'example_subdag_operator' retrieved from /home/user/rubix/internship_project/.venv/lib/python3.10/site-packages/airflow/example_dags/example_subdag_operator.py
[2024-06-24T14:25:24.735+0300] {logging_mixin.py:188} INFO - [2024-06-24T14:25:24.734+0300] {dag.py:3096} INFO - Sync 3 DAGs
[2024-06-24T14:25:24.749+0300] {logging_mixin.py:188} INFO - [2024-06-24T14:25:24.749+0300] {dag.py:3954} INFO - Setting next_dagrun for example_subdag_operator to 2022-01-01 00:00:00+00:00, run_after=2022-01-01 00:00:00+00:00
[2024-06-24T14:25:24.751+0300] {logging_mixin.py:188} INFO - [2024-06-24T14:25:24.751+0300] {dag.py:3954} INFO - Setting next_dagrun for example_subdag_operator.section-1 to None, run_after=None
[2024-06-24T14:25:24.752+0300] {logging_mixin.py:188} INFO - [2024-06-24T14:25:24.752+0300] {dag.py:3954} INFO - Setting next_dagrun for example_subdag_operator.section-2 to None, run_after=None
[2024-06-24T14:25:24.757+0300] {logging_mixin.py:188} INFO - [2024-06-24T14:25:24.757+0300] {dag.py:3096} INFO - Sync 2 DAGs
[2024-06-24T14:25:24.760+0300] {logging_mixin.py:188} INFO - [2024-06-24T14:25:24.760+0300] {dag.py:3954} INFO - Setting next_dagrun for example_subdag_operator.section-1 to None, run_after=None
[2024-06-24T14:25:24.760+0300] {logging_mixin.py:188} INFO - [2024-06-24T14:25:24.760+0300] {dag.py:3954} INFO - Setting next_dagrun for example_subdag_operator.section-2 to None, run_after=None
[2024-06-24T14:25:24.783+0300] {processor.py:183} INFO - Processing /home/user/rubix/internship_project/.venv/lib/python3.10/site-packages/airflow/example_dags/example_subdag_operator.py took 0.094 seconds
[2024-06-24T14:26:03.940+0300] {processor.py:161} INFO - Started process (PID=29711) to work on /home/user/rubix/internship_project/.venv/lib/python3.10/site-packages/airflow/example_dags/example_subdag_operator.py
[2024-06-24T14:26:03.941+0300] {processor.py:830} INFO - Processing file /home/user/rubix/internship_project/.venv/lib/python3.10/site-packages/airflow/example_dags/example_subdag_operator.py for tasks to queue
[2024-06-24T14:26:03.943+0300] {logging_mixin.py:188} INFO - [2024-06-24T14:26:03.943+0300] {dagbag.py:545} INFO - Filling up the DagBag from /home/user/rubix/internship_project/.venv/lib/python3.10/site-packages/airflow/example_dags/example_subdag_operator.py
[2024-06-24T14:26:03.965+0300] {processor.py:840} INFO - DAG(s) 'example_subdag_operator.section-1', 'example_subdag_operator.section-2', 'example_subdag_operator' retrieved from /home/user/rubix/internship_project/.venv/lib/python3.10/site-packages/airflow/example_dags/example_subdag_operator.py
[2024-06-24T14:26:03.977+0300] {logging_mixin.py:188} INFO - [2024-06-24T14:26:03.976+0300] {dag.py:3096} INFO - Sync 3 DAGs
[2024-06-24T14:26:03.991+0300] {logging_mixin.py:188} INFO - [2024-06-24T14:26:03.991+0300] {dag.py:3954} INFO - Setting next_dagrun for example_subdag_operator to 2022-01-01 00:00:00+00:00, run_after=2022-01-01 00:00:00+00:00
[2024-06-24T14:26:03.993+0300] {logging_mixin.py:188} INFO - [2024-06-24T14:26:03.993+0300] {dag.py:3954} INFO - Setting next_dagrun for example_subdag_operator.section-1 to None, run_after=None
[2024-06-24T14:26:03.994+0300] {logging_mixin.py:188} INFO - [2024-06-24T14:26:03.994+0300] {dag.py:3954} INFO - Setting next_dagrun for example_subdag_operator.section-2 to None, run_after=None
[2024-06-24T14:26:03.999+0300] {logging_mixin.py:188} INFO - [2024-06-24T14:26:03.998+0300] {dag.py:3096} INFO - Sync 2 DAGs
[2024-06-24T14:26:04.001+0300] {logging_mixin.py:188} INFO - [2024-06-24T14:26:04.001+0300] {dag.py:3954} INFO - Setting next_dagrun for example_subdag_operator.section-1 to None, run_after=None
[2024-06-24T14:26:04.002+0300] {logging_mixin.py:188} INFO - [2024-06-24T14:26:04.001+0300] {dag.py:3954} INFO - Setting next_dagrun for example_subdag_operator.section-2 to None, run_after=None
[2024-06-24T14:26:04.024+0300] {processor.py:183} INFO - Processing /home/user/rubix/internship_project/.venv/lib/python3.10/site-packages/airflow/example_dags/example_subdag_operator.py took 0.091 seconds
[2024-06-24T14:26:46.039+0300] {processor.py:161} INFO - Started process (PID=29918) to work on /home/user/rubix/internship_project/.venv/lib/python3.10/site-packages/airflow/example_dags/example_subdag_operator.py
[2024-06-24T14:26:46.040+0300] {processor.py:830} INFO - Processing file /home/user/rubix/internship_project/.venv/lib/python3.10/site-packages/airflow/example_dags/example_subdag_operator.py for tasks to queue
[2024-06-24T14:26:46.042+0300] {logging_mixin.py:188} INFO - [2024-06-24T14:26:46.042+0300] {dagbag.py:545} INFO - Filling up the DagBag from /home/user/rubix/internship_project/.venv/lib/python3.10/site-packages/airflow/example_dags/example_subdag_operator.py
[2024-06-24T14:26:46.064+0300] {processor.py:840} INFO - DAG(s) 'example_subdag_operator.section-1', 'example_subdag_operator.section-2', 'example_subdag_operator' retrieved from /home/user/rubix/internship_project/.venv/lib/python3.10/site-packages/airflow/example_dags/example_subdag_operator.py
[2024-06-24T14:26:46.079+0300] {logging_mixin.py:188} INFO - [2024-06-24T14:26:46.079+0300] {dag.py:3096} INFO - Sync 3 DAGs
[2024-06-24T14:26:46.097+0300] {logging_mixin.py:188} INFO - [2024-06-24T14:26:46.096+0300] {dag.py:3954} INFO - Setting next_dagrun for example_subdag_operator to 2022-01-01 00:00:00+00:00, run_after=2022-01-01 00:00:00+00:00
[2024-06-24T14:26:46.099+0300] {logging_mixin.py:188} INFO - [2024-06-24T14:26:46.099+0300] {dag.py:3954} INFO - Setting next_dagrun for example_subdag_operator.section-1 to None, run_after=None
[2024-06-24T14:26:46.100+0300] {logging_mixin.py:188} INFO - [2024-06-24T14:26:46.099+0300] {dag.py:3954} INFO - Setting next_dagrun for example_subdag_operator.section-2 to None, run_after=None
[2024-06-24T14:26:46.104+0300] {logging_mixin.py:188} INFO - [2024-06-24T14:26:46.104+0300] {dag.py:3096} INFO - Sync 2 DAGs
[2024-06-24T14:26:46.107+0300] {logging_mixin.py:188} INFO - [2024-06-24T14:26:46.107+0300] {dag.py:3954} INFO - Setting next_dagrun for example_subdag_operator.section-1 to None, run_after=None
[2024-06-24T14:26:46.108+0300] {logging_mixin.py:188} INFO - [2024-06-24T14:26:46.107+0300] {dag.py:3954} INFO - Setting next_dagrun for example_subdag_operator.section-2 to None, run_after=None
[2024-06-24T14:26:46.132+0300] {processor.py:183} INFO - Processing /home/user/rubix/internship_project/.venv/lib/python3.10/site-packages/airflow/example_dags/example_subdag_operator.py took 0.101 seconds
[2024-06-24T14:27:30.648+0300] {processor.py:161} INFO - Started process (PID=30437) to work on /home/user/rubix/internship_project/.venv/lib/python3.10/site-packages/airflow/example_dags/example_subdag_operator.py
[2024-06-24T14:27:30.649+0300] {processor.py:830} INFO - Processing file /home/user/rubix/internship_project/.venv/lib/python3.10/site-packages/airflow/example_dags/example_subdag_operator.py for tasks to queue
[2024-06-24T14:27:30.651+0300] {logging_mixin.py:188} INFO - [2024-06-24T14:27:30.650+0300] {dagbag.py:545} INFO - Filling up the DagBag from /home/user/rubix/internship_project/.venv/lib/python3.10/site-packages/airflow/example_dags/example_subdag_operator.py
[2024-06-24T14:27:30.678+0300] {processor.py:840} INFO - DAG(s) 'example_subdag_operator.section-1', 'example_subdag_operator.section-2', 'example_subdag_operator' retrieved from /home/user/rubix/internship_project/.venv/lib/python3.10/site-packages/airflow/example_dags/example_subdag_operator.py
[2024-06-24T14:27:30.694+0300] {logging_mixin.py:188} INFO - [2024-06-24T14:27:30.694+0300] {dag.py:3096} INFO - Sync 3 DAGs
[2024-06-24T14:27:30.710+0300] {logging_mixin.py:188} INFO - [2024-06-24T14:27:30.710+0300] {dag.py:3954} INFO - Setting next_dagrun for example_subdag_operator to 2022-01-01 00:00:00+00:00, run_after=2022-01-01 00:00:00+00:00
[2024-06-24T14:27:30.712+0300] {logging_mixin.py:188} INFO - [2024-06-24T14:27:30.712+0300] {dag.py:3954} INFO - Setting next_dagrun for example_subdag_operator.section-1 to None, run_after=None
[2024-06-24T14:27:30.713+0300] {logging_mixin.py:188} INFO - [2024-06-24T14:27:30.713+0300] {dag.py:3954} INFO - Setting next_dagrun for example_subdag_operator.section-2 to None, run_after=None
[2024-06-24T14:27:30.719+0300] {logging_mixin.py:188} INFO - [2024-06-24T14:27:30.719+0300] {dag.py:3096} INFO - Sync 2 DAGs
[2024-06-24T14:27:30.722+0300] {logging_mixin.py:188} INFO - [2024-06-24T14:27:30.722+0300] {dag.py:3954} INFO - Setting next_dagrun for example_subdag_operator.section-1 to None, run_after=None
[2024-06-24T14:27:30.722+0300] {logging_mixin.py:188} INFO - [2024-06-24T14:27:30.722+0300] {dag.py:3954} INFO - Setting next_dagrun for example_subdag_operator.section-2 to None, run_after=None
[2024-06-24T14:27:30.746+0300] {processor.py:183} INFO - Processing /home/user/rubix/internship_project/.venv/lib/python3.10/site-packages/airflow/example_dags/example_subdag_operator.py took 0.106 seconds
[2024-06-24T14:28:13.410+0300] {processor.py:161} INFO - Started process (PID=30705) to work on /home/user/rubix/internship_project/.venv/lib/python3.10/site-packages/airflow/example_dags/example_subdag_operator.py
[2024-06-24T14:28:13.411+0300] {processor.py:830} INFO - Processing file /home/user/rubix/internship_project/.venv/lib/python3.10/site-packages/airflow/example_dags/example_subdag_operator.py for tasks to queue
[2024-06-24T14:28:13.413+0300] {logging_mixin.py:188} INFO - [2024-06-24T14:28:13.412+0300] {dagbag.py:545} INFO - Filling up the DagBag from /home/user/rubix/internship_project/.venv/lib/python3.10/site-packages/airflow/example_dags/example_subdag_operator.py
[2024-06-24T14:28:13.435+0300] {processor.py:840} INFO - DAG(s) 'example_subdag_operator.section-1', 'example_subdag_operator.section-2', 'example_subdag_operator' retrieved from /home/user/rubix/internship_project/.venv/lib/python3.10/site-packages/airflow/example_dags/example_subdag_operator.py
[2024-06-24T14:28:13.450+0300] {logging_mixin.py:188} INFO - [2024-06-24T14:28:13.449+0300] {dag.py:3096} INFO - Sync 3 DAGs
[2024-06-24T14:28:13.470+0300] {logging_mixin.py:188} INFO - [2024-06-24T14:28:13.470+0300] {dag.py:3954} INFO - Setting next_dagrun for example_subdag_operator to 2022-01-01 00:00:00+00:00, run_after=2022-01-01 00:00:00+00:00
[2024-06-24T14:28:13.475+0300] {logging_mixin.py:188} INFO - [2024-06-24T14:28:13.475+0300] {dag.py:3954} INFO - Setting next_dagrun for example_subdag_operator.section-1 to None, run_after=None
[2024-06-24T14:28:13.477+0300] {logging_mixin.py:188} INFO - [2024-06-24T14:28:13.476+0300] {dag.py:3954} INFO - Setting next_dagrun for example_subdag_operator.section-2 to None, run_after=None
[2024-06-24T14:28:13.483+0300] {logging_mixin.py:188} INFO - [2024-06-24T14:28:13.482+0300] {dag.py:3096} INFO - Sync 2 DAGs
[2024-06-24T14:28:13.486+0300] {logging_mixin.py:188} INFO - [2024-06-24T14:28:13.486+0300] {dag.py:3954} INFO - Setting next_dagrun for example_subdag_operator.section-1 to None, run_after=None
[2024-06-24T14:28:13.486+0300] {logging_mixin.py:188} INFO - [2024-06-24T14:28:13.486+0300] {dag.py:3954} INFO - Setting next_dagrun for example_subdag_operator.section-2 to None, run_after=None
[2024-06-24T14:28:13.512+0300] {processor.py:183} INFO - Processing /home/user/rubix/internship_project/.venv/lib/python3.10/site-packages/airflow/example_dags/example_subdag_operator.py took 0.110 seconds
[2024-06-24T14:28:57.499+0300] {processor.py:161} INFO - Started process (PID=30918) to work on /home/user/rubix/internship_project/.venv/lib/python3.10/site-packages/airflow/example_dags/example_subdag_operator.py
[2024-06-24T14:28:57.500+0300] {processor.py:830} INFO - Processing file /home/user/rubix/internship_project/.venv/lib/python3.10/site-packages/airflow/example_dags/example_subdag_operator.py for tasks to queue
[2024-06-24T14:28:57.502+0300] {logging_mixin.py:188} INFO - [2024-06-24T14:28:57.502+0300] {dagbag.py:545} INFO - Filling up the DagBag from /home/user/rubix/internship_project/.venv/lib/python3.10/site-packages/airflow/example_dags/example_subdag_operator.py
[2024-06-24T14:28:57.530+0300] {processor.py:840} INFO - DAG(s) 'example_subdag_operator.section-1', 'example_subdag_operator.section-2', 'example_subdag_operator' retrieved from /home/user/rubix/internship_project/.venv/lib/python3.10/site-packages/airflow/example_dags/example_subdag_operator.py
[2024-06-24T14:28:57.546+0300] {logging_mixin.py:188} INFO - [2024-06-24T14:28:57.546+0300] {dag.py:3096} INFO - Sync 3 DAGs
[2024-06-24T14:28:57.564+0300] {logging_mixin.py:188} INFO - [2024-06-24T14:28:57.563+0300] {dag.py:3954} INFO - Setting next_dagrun for example_subdag_operator to 2022-01-01 00:00:00+00:00, run_after=2022-01-01 00:00:00+00:00
[2024-06-24T14:28:57.567+0300] {logging_mixin.py:188} INFO - [2024-06-24T14:28:57.566+0300] {dag.py:3954} INFO - Setting next_dagrun for example_subdag_operator.section-1 to None, run_after=None
[2024-06-24T14:28:57.568+0300] {logging_mixin.py:188} INFO - [2024-06-24T14:28:57.567+0300] {dag.py:3954} INFO - Setting next_dagrun for example_subdag_operator.section-2 to None, run_after=None
[2024-06-24T14:28:57.573+0300] {logging_mixin.py:188} INFO - [2024-06-24T14:28:57.573+0300] {dag.py:3096} INFO - Sync 2 DAGs
[2024-06-24T14:28:57.577+0300] {logging_mixin.py:188} INFO - [2024-06-24T14:28:57.576+0300] {dag.py:3954} INFO - Setting next_dagrun for example_subdag_operator.section-1 to None, run_after=None
[2024-06-24T14:28:57.577+0300] {logging_mixin.py:188} INFO - [2024-06-24T14:28:57.577+0300] {dag.py:3954} INFO - Setting next_dagrun for example_subdag_operator.section-2 to None, run_after=None
[2024-06-24T14:28:57.600+0300] {processor.py:183} INFO - Processing /home/user/rubix/internship_project/.venv/lib/python3.10/site-packages/airflow/example_dags/example_subdag_operator.py took 0.110 seconds
[2024-06-24T14:29:45.622+0300] {processor.py:161} INFO - Started process (PID=31319) to work on /home/user/rubix/internship_project/.venv/lib/python3.10/site-packages/airflow/example_dags/example_subdag_operator.py
[2024-06-24T14:29:45.623+0300] {processor.py:830} INFO - Processing file /home/user/rubix/internship_project/.venv/lib/python3.10/site-packages/airflow/example_dags/example_subdag_operator.py for tasks to queue
[2024-06-24T14:29:45.625+0300] {logging_mixin.py:188} INFO - [2024-06-24T14:29:45.625+0300] {dagbag.py:545} INFO - Filling up the DagBag from /home/user/rubix/internship_project/.venv/lib/python3.10/site-packages/airflow/example_dags/example_subdag_operator.py
[2024-06-24T14:29:45.647+0300] {processor.py:840} INFO - DAG(s) 'example_subdag_operator.section-1', 'example_subdag_operator.section-2', 'example_subdag_operator' retrieved from /home/user/rubix/internship_project/.venv/lib/python3.10/site-packages/airflow/example_dags/example_subdag_operator.py
[2024-06-24T14:29:45.659+0300] {logging_mixin.py:188} INFO - [2024-06-24T14:29:45.659+0300] {dag.py:3096} INFO - Sync 3 DAGs
[2024-06-24T14:29:45.673+0300] {logging_mixin.py:188} INFO - [2024-06-24T14:29:45.673+0300] {dag.py:3954} INFO - Setting next_dagrun for example_subdag_operator to 2022-01-01 00:00:00+00:00, run_after=2022-01-01 00:00:00+00:00
[2024-06-24T14:29:45.676+0300] {logging_mixin.py:188} INFO - [2024-06-24T14:29:45.676+0300] {dag.py:3954} INFO - Setting next_dagrun for example_subdag_operator.section-1 to None, run_after=None
[2024-06-24T14:29:45.677+0300] {logging_mixin.py:188} INFO - [2024-06-24T14:29:45.676+0300] {dag.py:3954} INFO - Setting next_dagrun for example_subdag_operator.section-2 to None, run_after=None
[2024-06-24T14:29:45.682+0300] {logging_mixin.py:188} INFO - [2024-06-24T14:29:45.682+0300] {dag.py:3096} INFO - Sync 2 DAGs
[2024-06-24T14:29:45.687+0300] {logging_mixin.py:188} INFO - [2024-06-24T14:29:45.687+0300] {dag.py:3954} INFO - Setting next_dagrun for example_subdag_operator.section-1 to None, run_after=None
[2024-06-24T14:29:45.687+0300] {logging_mixin.py:188} INFO - [2024-06-24T14:29:45.687+0300] {dag.py:3954} INFO - Setting next_dagrun for example_subdag_operator.section-2 to None, run_after=None
[2024-06-24T14:29:45.712+0300] {processor.py:183} INFO - Processing /home/user/rubix/internship_project/.venv/lib/python3.10/site-packages/airflow/example_dags/example_subdag_operator.py took 0.097 seconds
[2024-06-24T14:30:34.663+0300] {processor.py:161} INFO - Started process (PID=31481) to work on /home/user/rubix/internship_project/.venv/lib/python3.10/site-packages/airflow/example_dags/example_subdag_operator.py
[2024-06-24T14:30:34.664+0300] {processor.py:830} INFO - Processing file /home/user/rubix/internship_project/.venv/lib/python3.10/site-packages/airflow/example_dags/example_subdag_operator.py for tasks to queue
[2024-06-24T14:30:34.666+0300] {logging_mixin.py:188} INFO - [2024-06-24T14:30:34.665+0300] {dagbag.py:545} INFO - Filling up the DagBag from /home/user/rubix/internship_project/.venv/lib/python3.10/site-packages/airflow/example_dags/example_subdag_operator.py
[2024-06-24T14:30:34.694+0300] {processor.py:840} INFO - DAG(s) 'example_subdag_operator.section-1', 'example_subdag_operator.section-2', 'example_subdag_operator' retrieved from /home/user/rubix/internship_project/.venv/lib/python3.10/site-packages/airflow/example_dags/example_subdag_operator.py
[2024-06-24T14:30:34.709+0300] {logging_mixin.py:188} INFO - [2024-06-24T14:30:34.709+0300] {dag.py:3096} INFO - Sync 3 DAGs
[2024-06-24T14:30:34.728+0300] {logging_mixin.py:188} INFO - [2024-06-24T14:30:34.728+0300] {dag.py:3954} INFO - Setting next_dagrun for example_subdag_operator to 2022-01-01 00:00:00+00:00, run_after=2022-01-01 00:00:00+00:00
[2024-06-24T14:30:34.731+0300] {logging_mixin.py:188} INFO - [2024-06-24T14:30:34.731+0300] {dag.py:3954} INFO - Setting next_dagrun for example_subdag_operator.section-1 to None, run_after=None
[2024-06-24T14:30:34.732+0300] {logging_mixin.py:188} INFO - [2024-06-24T14:30:34.732+0300] {dag.py:3954} INFO - Setting next_dagrun for example_subdag_operator.section-2 to None, run_after=None
[2024-06-24T14:30:34.739+0300] {logging_mixin.py:188} INFO - [2024-06-24T14:30:34.738+0300] {dag.py:3096} INFO - Sync 2 DAGs
[2024-06-24T14:30:34.743+0300] {logging_mixin.py:188} INFO - [2024-06-24T14:30:34.742+0300] {dag.py:3954} INFO - Setting next_dagrun for example_subdag_operator.section-1 to None, run_after=None
[2024-06-24T14:30:34.743+0300] {logging_mixin.py:188} INFO - [2024-06-24T14:30:34.743+0300] {dag.py:3954} INFO - Setting next_dagrun for example_subdag_operator.section-2 to None, run_after=None
[2024-06-24T14:30:34.769+0300] {processor.py:183} INFO - Processing /home/user/rubix/internship_project/.venv/lib/python3.10/site-packages/airflow/example_dags/example_subdag_operator.py took 0.117 seconds
[2024-06-24T14:31:22.336+0300] {processor.py:161} INFO - Started process (PID=31762) to work on /home/user/rubix/internship_project/.venv/lib/python3.10/site-packages/airflow/example_dags/example_subdag_operator.py
[2024-06-24T14:31:22.337+0300] {processor.py:830} INFO - Processing file /home/user/rubix/internship_project/.venv/lib/python3.10/site-packages/airflow/example_dags/example_subdag_operator.py for tasks to queue
[2024-06-24T14:31:22.342+0300] {logging_mixin.py:188} INFO - [2024-06-24T14:31:22.341+0300] {dagbag.py:545} INFO - Filling up the DagBag from /home/user/rubix/internship_project/.venv/lib/python3.10/site-packages/airflow/example_dags/example_subdag_operator.py
[2024-06-24T14:31:22.378+0300] {processor.py:840} INFO - DAG(s) 'example_subdag_operator.section-1', 'example_subdag_operator.section-2', 'example_subdag_operator' retrieved from /home/user/rubix/internship_project/.venv/lib/python3.10/site-packages/airflow/example_dags/example_subdag_operator.py
[2024-06-24T14:31:22.402+0300] {logging_mixin.py:188} INFO - [2024-06-24T14:31:22.401+0300] {dag.py:3096} INFO - Sync 3 DAGs
[2024-06-24T14:31:22.430+0300] {logging_mixin.py:188} INFO - [2024-06-24T14:31:22.430+0300] {dag.py:3954} INFO - Setting next_dagrun for example_subdag_operator to 2022-01-01 00:00:00+00:00, run_after=2022-01-01 00:00:00+00:00
[2024-06-24T14:31:22.433+0300] {logging_mixin.py:188} INFO - [2024-06-24T14:31:22.433+0300] {dag.py:3954} INFO - Setting next_dagrun for example_subdag_operator.section-1 to None, run_after=None
[2024-06-24T14:31:22.434+0300] {logging_mixin.py:188} INFO - [2024-06-24T14:31:22.434+0300] {dag.py:3954} INFO - Setting next_dagrun for example_subdag_operator.section-2 to None, run_after=None
[2024-06-24T14:31:22.446+0300] {logging_mixin.py:188} INFO - [2024-06-24T14:31:22.445+0300] {dag.py:3096} INFO - Sync 2 DAGs
[2024-06-24T14:31:22.451+0300] {logging_mixin.py:188} INFO - [2024-06-24T14:31:22.450+0300] {dag.py:3954} INFO - Setting next_dagrun for example_subdag_operator.section-1 to None, run_after=None
[2024-06-24T14:31:22.451+0300] {logging_mixin.py:188} INFO - [2024-06-24T14:31:22.451+0300] {dag.py:3954} INFO - Setting next_dagrun for example_subdag_operator.section-2 to None, run_after=None
[2024-06-24T14:31:22.469+0300] {processor.py:183} INFO - Processing /home/user/rubix/internship_project/.venv/lib/python3.10/site-packages/airflow/example_dags/example_subdag_operator.py took 0.149 seconds
[2024-06-24T14:32:08.498+0300] {processor.py:161} INFO - Started process (PID=32036) to work on /home/user/rubix/internship_project/.venv/lib/python3.10/site-packages/airflow/example_dags/example_subdag_operator.py
[2024-06-24T14:32:08.499+0300] {processor.py:830} INFO - Processing file /home/user/rubix/internship_project/.venv/lib/python3.10/site-packages/airflow/example_dags/example_subdag_operator.py for tasks to queue
[2024-06-24T14:32:08.501+0300] {logging_mixin.py:188} INFO - [2024-06-24T14:32:08.501+0300] {dagbag.py:545} INFO - Filling up the DagBag from /home/user/rubix/internship_project/.venv/lib/python3.10/site-packages/airflow/example_dags/example_subdag_operator.py
[2024-06-24T14:32:08.524+0300] {processor.py:840} INFO - DAG(s) 'example_subdag_operator.section-1', 'example_subdag_operator.section-2', 'example_subdag_operator' retrieved from /home/user/rubix/internship_project/.venv/lib/python3.10/site-packages/airflow/example_dags/example_subdag_operator.py
[2024-06-24T14:32:08.539+0300] {logging_mixin.py:188} INFO - [2024-06-24T14:32:08.539+0300] {dag.py:3096} INFO - Sync 3 DAGs
[2024-06-24T14:32:08.554+0300] {logging_mixin.py:188} INFO - [2024-06-24T14:32:08.554+0300] {dag.py:3954} INFO - Setting next_dagrun for example_subdag_operator to 2022-01-01 00:00:00+00:00, run_after=2022-01-01 00:00:00+00:00
[2024-06-24T14:32:08.557+0300] {logging_mixin.py:188} INFO - [2024-06-24T14:32:08.557+0300] {dag.py:3954} INFO - Setting next_dagrun for example_subdag_operator.section-1 to None, run_after=None
[2024-06-24T14:32:08.558+0300] {logging_mixin.py:188} INFO - [2024-06-24T14:32:08.557+0300] {dag.py:3954} INFO - Setting next_dagrun for example_subdag_operator.section-2 to None, run_after=None
[2024-06-24T14:32:08.563+0300] {logging_mixin.py:188} INFO - [2024-06-24T14:32:08.563+0300] {dag.py:3096} INFO - Sync 2 DAGs
[2024-06-24T14:32:08.567+0300] {logging_mixin.py:188} INFO - [2024-06-24T14:32:08.567+0300] {dag.py:3954} INFO - Setting next_dagrun for example_subdag_operator.section-1 to None, run_after=None
[2024-06-24T14:32:08.567+0300] {logging_mixin.py:188} INFO - [2024-06-24T14:32:08.567+0300] {dag.py:3954} INFO - Setting next_dagrun for example_subdag_operator.section-2 to None, run_after=None
[2024-06-24T14:32:08.591+0300] {processor.py:183} INFO - Processing /home/user/rubix/internship_project/.venv/lib/python3.10/site-packages/airflow/example_dags/example_subdag_operator.py took 0.101 seconds
[2024-06-24T14:32:53.670+0300] {processor.py:161} INFO - Started process (PID=32131) to work on /home/user/rubix/internship_project/.venv/lib/python3.10/site-packages/airflow/example_dags/example_subdag_operator.py
[2024-06-24T14:32:53.671+0300] {processor.py:830} INFO - Processing file /home/user/rubix/internship_project/.venv/lib/python3.10/site-packages/airflow/example_dags/example_subdag_operator.py for tasks to queue
[2024-06-24T14:32:53.673+0300] {logging_mixin.py:188} INFO - [2024-06-24T14:32:53.672+0300] {dagbag.py:545} INFO - Filling up the DagBag from /home/user/rubix/internship_project/.venv/lib/python3.10/site-packages/airflow/example_dags/example_subdag_operator.py
[2024-06-24T14:32:53.696+0300] {processor.py:840} INFO - DAG(s) 'example_subdag_operator.section-1', 'example_subdag_operator.section-2', 'example_subdag_operator' retrieved from /home/user/rubix/internship_project/.venv/lib/python3.10/site-packages/airflow/example_dags/example_subdag_operator.py
[2024-06-24T14:32:53.710+0300] {logging_mixin.py:188} INFO - [2024-06-24T14:32:53.710+0300] {dag.py:3096} INFO - Sync 3 DAGs
[2024-06-24T14:32:53.726+0300] {logging_mixin.py:188} INFO - [2024-06-24T14:32:53.725+0300] {dag.py:3954} INFO - Setting next_dagrun for example_subdag_operator to 2022-01-01 00:00:00+00:00, run_after=2022-01-01 00:00:00+00:00
[2024-06-24T14:32:53.728+0300] {logging_mixin.py:188} INFO - [2024-06-24T14:32:53.728+0300] {dag.py:3954} INFO - Setting next_dagrun for example_subdag_operator.section-1 to None, run_after=None
[2024-06-24T14:32:53.729+0300] {logging_mixin.py:188} INFO - [2024-06-24T14:32:53.729+0300] {dag.py:3954} INFO - Setting next_dagrun for example_subdag_operator.section-2 to None, run_after=None
[2024-06-24T14:32:53.734+0300] {logging_mixin.py:188} INFO - [2024-06-24T14:32:53.734+0300] {dag.py:3096} INFO - Sync 2 DAGs
[2024-06-24T14:32:53.737+0300] {logging_mixin.py:188} INFO - [2024-06-24T14:32:53.737+0300] {dag.py:3954} INFO - Setting next_dagrun for example_subdag_operator.section-1 to None, run_after=None
[2024-06-24T14:32:53.737+0300] {logging_mixin.py:188} INFO - [2024-06-24T14:32:53.737+0300] {dag.py:3954} INFO - Setting next_dagrun for example_subdag_operator.section-2 to None, run_after=None
[2024-06-24T14:32:53.759+0300] {processor.py:183} INFO - Processing /home/user/rubix/internship_project/.venv/lib/python3.10/site-packages/airflow/example_dags/example_subdag_operator.py took 0.098 seconds
