[2024-06-24T14:03:11.299+0300] {processor.py:161} INFO - Started process (PID=22685) to work on /home/user/rubix/internship_project/.venv/lib/python3.10/site-packages/airflow/example_dags/example_python_decorator.py
[2024-06-24T14:03:11.300+0300] {processor.py:830} INFO - Processing file /home/user/rubix/internship_project/.venv/lib/python3.10/site-packages/airflow/example_dags/example_python_decorator.py for tasks to queue
[2024-06-24T14:03:11.302+0300] {logging_mixin.py:188} INFO - [2024-06-24T14:03:11.302+0300] {dagbag.py:545} INFO - Filling up the DagBag from /home/user/rubix/internship_project/.venv/lib/python3.10/site-packages/airflow/example_dags/example_python_decorator.py
[2024-06-24T14:03:11.327+0300] {logging_mixin.py:188} INFO - [2024-06-24T14:03:11.327+0300] {example_python_decorator.py:80} WARNING - The virtalenv_python example task requires virtualenv, please install it.
[2024-06-24T14:03:11.328+0300] {processor.py:840} INFO - DAG(s) 'example_python_decorator' retrieved from /home/user/rubix/internship_project/.venv/lib/python3.10/site-packages/airflow/example_dags/example_python_decorator.py
[2024-06-24T14:03:11.418+0300] {logging_mixin.py:188} INFO - [2024-06-24T14:03:11.417+0300] {dag.py:3096} INFO - Sync 1 DAGs
[2024-06-24T14:03:11.425+0300] {logging_mixin.py:188} INFO - [2024-06-24T14:03:11.425+0300] {dag.py:3954} INFO - Setting next_dagrun for example_python_decorator to None, run_after=None
[2024-06-24T14:03:11.457+0300] {processor.py:183} INFO - Processing /home/user/rubix/internship_project/.venv/lib/python3.10/site-packages/airflow/example_dags/example_python_decorator.py took 0.165 seconds
[2024-06-24T14:04:22.599+0300] {processor.py:161} INFO - Started process (PID=23194) to work on /home/user/rubix/internship_project/.venv/lib/python3.10/site-packages/airflow/example_dags/example_python_decorator.py
[2024-06-24T14:04:22.601+0300] {processor.py:830} INFO - Processing file /home/user/rubix/internship_project/.venv/lib/python3.10/site-packages/airflow/example_dags/example_python_decorator.py for tasks to queue
[2024-06-24T14:04:22.603+0300] {logging_mixin.py:188} INFO - [2024-06-24T14:04:22.602+0300] {dagbag.py:545} INFO - Filling up the DagBag from /home/user/rubix/internship_project/.venv/lib/python3.10/site-packages/airflow/example_dags/example_python_decorator.py
[2024-06-24T14:04:22.619+0300] {logging_mixin.py:188} INFO - [2024-06-24T14:04:22.618+0300] {example_python_decorator.py:80} WARNING - The virtalenv_python example task requires virtualenv, please install it.
[2024-06-24T14:04:22.619+0300] {processor.py:840} INFO - DAG(s) 'example_python_decorator' retrieved from /home/user/rubix/internship_project/.venv/lib/python3.10/site-packages/airflow/example_dags/example_python_decorator.py
[2024-06-24T14:04:22.631+0300] {logging_mixin.py:188} INFO - [2024-06-24T14:04:22.630+0300] {dag.py:3096} INFO - Sync 1 DAGs
[2024-06-24T14:04:22.644+0300] {logging_mixin.py:188} INFO - [2024-06-24T14:04:22.644+0300] {dag.py:3954} INFO - Setting next_dagrun for example_python_decorator to None, run_after=None
[2024-06-24T14:04:22.666+0300] {processor.py:183} INFO - Processing /home/user/rubix/internship_project/.venv/lib/python3.10/site-packages/airflow/example_dags/example_python_decorator.py took 0.075 seconds
[2024-06-24T14:05:24.769+0300] {processor.py:161} INFO - Started process (PID=23652) to work on /home/user/rubix/internship_project/.venv/lib/python3.10/site-packages/airflow/example_dags/example_python_decorator.py
[2024-06-24T14:05:24.770+0300] {processor.py:830} INFO - Processing file /home/user/rubix/internship_project/.venv/lib/python3.10/site-packages/airflow/example_dags/example_python_decorator.py for tasks to queue
[2024-06-24T14:05:24.771+0300] {logging_mixin.py:188} INFO - [2024-06-24T14:05:24.771+0300] {dagbag.py:545} INFO - Filling up the DagBag from /home/user/rubix/internship_project/.venv/lib/python3.10/site-packages/airflow/example_dags/example_python_decorator.py
[2024-06-24T14:05:24.799+0300] {logging_mixin.py:188} INFO - [2024-06-24T14:05:24.798+0300] {example_python_decorator.py:80} WARNING - The virtalenv_python example task requires virtualenv, please install it.
[2024-06-24T14:05:24.799+0300] {processor.py:840} INFO - DAG(s) 'example_python_decorator' retrieved from /home/user/rubix/internship_project/.venv/lib/python3.10/site-packages/airflow/example_dags/example_python_decorator.py
[2024-06-24T14:05:24.970+0300] {logging_mixin.py:188} INFO - [2024-06-24T14:05:24.970+0300] {dag.py:3096} INFO - Sync 1 DAGs
[2024-06-24T14:05:24.975+0300] {logging_mixin.py:188} INFO - [2024-06-24T14:05:24.975+0300] {dag.py:3954} INFO - Setting next_dagrun for example_python_decorator to None, run_after=None
[2024-06-24T14:05:25.002+0300] {processor.py:183} INFO - Processing /home/user/rubix/internship_project/.venv/lib/python3.10/site-packages/airflow/example_dags/example_python_decorator.py took 0.242 seconds
[2024-06-24T14:06:27.668+0300] {processor.py:161} INFO - Started process (PID=24111) to work on /home/user/rubix/internship_project/.venv/lib/python3.10/site-packages/airflow/example_dags/example_python_decorator.py
[2024-06-24T14:06:27.669+0300] {processor.py:830} INFO - Processing file /home/user/rubix/internship_project/.venv/lib/python3.10/site-packages/airflow/example_dags/example_python_decorator.py for tasks to queue
[2024-06-24T14:06:27.670+0300] {logging_mixin.py:188} INFO - [2024-06-24T14:06:27.670+0300] {dagbag.py:545} INFO - Filling up the DagBag from /home/user/rubix/internship_project/.venv/lib/python3.10/site-packages/airflow/example_dags/example_python_decorator.py
[2024-06-24T14:06:27.682+0300] {logging_mixin.py:188} INFO - [2024-06-24T14:06:27.681+0300] {example_python_decorator.py:80} WARNING - The virtalenv_python example task requires virtualenv, please install it.
[2024-06-24T14:06:27.682+0300] {processor.py:840} INFO - DAG(s) 'example_python_decorator' retrieved from /home/user/rubix/internship_project/.venv/lib/python3.10/site-packages/airflow/example_dags/example_python_decorator.py
[2024-06-24T14:06:27.699+0300] {logging_mixin.py:188} INFO - [2024-06-24T14:06:27.699+0300] {dag.py:3096} INFO - Sync 1 DAGs
[2024-06-24T14:06:27.708+0300] {logging_mixin.py:188} INFO - [2024-06-24T14:06:27.708+0300] {dag.py:3954} INFO - Setting next_dagrun for example_python_decorator to None, run_after=None
[2024-06-24T14:06:27.834+0300] {processor.py:183} INFO - Processing /home/user/rubix/internship_project/.venv/lib/python3.10/site-packages/airflow/example_dags/example_python_decorator.py took 0.173 seconds
[2024-06-24T14:07:20.102+0300] {processor.py:161} INFO - Started process (PID=24298) to work on /home/user/rubix/internship_project/.venv/lib/python3.10/site-packages/airflow/example_dags/example_python_decorator.py
[2024-06-24T14:07:20.103+0300] {processor.py:830} INFO - Processing file /home/user/rubix/internship_project/.venv/lib/python3.10/site-packages/airflow/example_dags/example_python_decorator.py for tasks to queue
[2024-06-24T14:07:20.105+0300] {logging_mixin.py:188} INFO - [2024-06-24T14:07:20.105+0300] {dagbag.py:545} INFO - Filling up the DagBag from /home/user/rubix/internship_project/.venv/lib/python3.10/site-packages/airflow/example_dags/example_python_decorator.py
[2024-06-24T14:07:20.117+0300] {logging_mixin.py:188} INFO - [2024-06-24T14:07:20.117+0300] {example_python_decorator.py:80} WARNING - The virtalenv_python example task requires virtualenv, please install it.
[2024-06-24T14:07:20.117+0300] {processor.py:840} INFO - DAG(s) 'example_python_decorator' retrieved from /home/user/rubix/internship_project/.venv/lib/python3.10/site-packages/airflow/example_dags/example_python_decorator.py
[2024-06-24T14:07:20.137+0300] {logging_mixin.py:188} INFO - [2024-06-24T14:07:20.137+0300] {dag.py:3096} INFO - Sync 1 DAGs
[2024-06-24T14:07:20.148+0300] {logging_mixin.py:188} INFO - [2024-06-24T14:07:20.147+0300] {dag.py:3954} INFO - Setting next_dagrun for example_python_decorator to None, run_after=None
[2024-06-24T14:07:20.178+0300] {processor.py:183} INFO - Processing /home/user/rubix/internship_project/.venv/lib/python3.10/site-packages/airflow/example_dags/example_python_decorator.py took 0.084 seconds
[2024-06-24T14:08:11.575+0300] {processor.py:161} INFO - Started process (PID=24647) to work on /home/user/rubix/internship_project/.venv/lib/python3.10/site-packages/airflow/example_dags/example_python_decorator.py
[2024-06-24T14:08:11.576+0300] {processor.py:830} INFO - Processing file /home/user/rubix/internship_project/.venv/lib/python3.10/site-packages/airflow/example_dags/example_python_decorator.py for tasks to queue
[2024-06-24T14:08:11.578+0300] {logging_mixin.py:188} INFO - [2024-06-24T14:08:11.577+0300] {dagbag.py:545} INFO - Filling up the DagBag from /home/user/rubix/internship_project/.venv/lib/python3.10/site-packages/airflow/example_dags/example_python_decorator.py
[2024-06-24T14:08:11.593+0300] {logging_mixin.py:188} INFO - [2024-06-24T14:08:11.593+0300] {example_python_decorator.py:80} WARNING - The virtalenv_python example task requires virtualenv, please install it.
[2024-06-24T14:08:11.593+0300] {processor.py:840} INFO - DAG(s) 'example_python_decorator' retrieved from /home/user/rubix/internship_project/.venv/lib/python3.10/site-packages/airflow/example_dags/example_python_decorator.py
[2024-06-24T14:08:11.617+0300] {logging_mixin.py:188} INFO - [2024-06-24T14:08:11.617+0300] {dag.py:3096} INFO - Sync 1 DAGs
[2024-06-24T14:08:11.630+0300] {logging_mixin.py:188} INFO - [2024-06-24T14:08:11.630+0300] {dag.py:3954} INFO - Setting next_dagrun for example_python_decorator to None, run_after=None
[2024-06-24T14:08:11.674+0300] {processor.py:183} INFO - Processing /home/user/rubix/internship_project/.venv/lib/python3.10/site-packages/airflow/example_dags/example_python_decorator.py took 0.109 seconds
[2024-06-24T14:08:59.261+0300] {processor.py:161} INFO - Started process (PID=24897) to work on /home/user/rubix/internship_project/.venv/lib/python3.10/site-packages/airflow/example_dags/example_python_decorator.py
[2024-06-24T14:08:59.262+0300] {processor.py:830} INFO - Processing file /home/user/rubix/internship_project/.venv/lib/python3.10/site-packages/airflow/example_dags/example_python_decorator.py for tasks to queue
[2024-06-24T14:08:59.264+0300] {logging_mixin.py:188} INFO - [2024-06-24T14:08:59.264+0300] {dagbag.py:545} INFO - Filling up the DagBag from /home/user/rubix/internship_project/.venv/lib/python3.10/site-packages/airflow/example_dags/example_python_decorator.py
[2024-06-24T14:08:59.276+0300] {logging_mixin.py:188} INFO - [2024-06-24T14:08:59.276+0300] {example_python_decorator.py:80} WARNING - The virtalenv_python example task requires virtualenv, please install it.
[2024-06-24T14:08:59.276+0300] {processor.py:840} INFO - DAG(s) 'example_python_decorator' retrieved from /home/user/rubix/internship_project/.venv/lib/python3.10/site-packages/airflow/example_dags/example_python_decorator.py
[2024-06-24T14:08:59.294+0300] {logging_mixin.py:188} INFO - [2024-06-24T14:08:59.294+0300] {dag.py:3096} INFO - Sync 1 DAGs
[2024-06-24T14:08:59.304+0300] {logging_mixin.py:188} INFO - [2024-06-24T14:08:59.304+0300] {dag.py:3954} INFO - Setting next_dagrun for example_python_decorator to None, run_after=None
[2024-06-24T14:08:59.336+0300] {processor.py:183} INFO - Processing /home/user/rubix/internship_project/.venv/lib/python3.10/site-packages/airflow/example_dags/example_python_decorator.py took 0.082 seconds
[2024-06-24T14:09:46.564+0300] {processor.py:161} INFO - Started process (PID=25209) to work on /home/user/rubix/internship_project/.venv/lib/python3.10/site-packages/airflow/example_dags/example_python_decorator.py
[2024-06-24T14:09:46.565+0300] {processor.py:830} INFO - Processing file /home/user/rubix/internship_project/.venv/lib/python3.10/site-packages/airflow/example_dags/example_python_decorator.py for tasks to queue
[2024-06-24T14:09:46.567+0300] {logging_mixin.py:188} INFO - [2024-06-24T14:09:46.567+0300] {dagbag.py:545} INFO - Filling up the DagBag from /home/user/rubix/internship_project/.venv/lib/python3.10/site-packages/airflow/example_dags/example_python_decorator.py
[2024-06-24T14:09:46.583+0300] {logging_mixin.py:188} INFO - [2024-06-24T14:09:46.583+0300] {example_python_decorator.py:80} WARNING - The virtalenv_python example task requires virtualenv, please install it.
[2024-06-24T14:09:46.584+0300] {processor.py:840} INFO - DAG(s) 'example_python_decorator' retrieved from /home/user/rubix/internship_project/.venv/lib/python3.10/site-packages/airflow/example_dags/example_python_decorator.py
[2024-06-24T14:09:46.609+0300] {logging_mixin.py:188} INFO - [2024-06-24T14:09:46.609+0300] {dag.py:3096} INFO - Sync 1 DAGs
[2024-06-24T14:09:46.621+0300] {logging_mixin.py:188} INFO - [2024-06-24T14:09:46.620+0300] {dag.py:3954} INFO - Setting next_dagrun for example_python_decorator to None, run_after=None
[2024-06-24T14:09:46.660+0300] {processor.py:183} INFO - Processing /home/user/rubix/internship_project/.venv/lib/python3.10/site-packages/airflow/example_dags/example_python_decorator.py took 0.108 seconds
[2024-06-24T14:10:32.802+0300] {processor.py:161} INFO - Started process (PID=25512) to work on /home/user/rubix/internship_project/.venv/lib/python3.10/site-packages/airflow/example_dags/example_python_decorator.py
[2024-06-24T14:10:32.803+0300] {processor.py:830} INFO - Processing file /home/user/rubix/internship_project/.venv/lib/python3.10/site-packages/airflow/example_dags/example_python_decorator.py for tasks to queue
[2024-06-24T14:10:32.805+0300] {logging_mixin.py:188} INFO - [2024-06-24T14:10:32.805+0300] {dagbag.py:545} INFO - Filling up the DagBag from /home/user/rubix/internship_project/.venv/lib/python3.10/site-packages/airflow/example_dags/example_python_decorator.py
[2024-06-24T14:10:32.816+0300] {logging_mixin.py:188} INFO - [2024-06-24T14:10:32.816+0300] {example_python_decorator.py:80} WARNING - The virtalenv_python example task requires virtualenv, please install it.
[2024-06-24T14:10:32.817+0300] {processor.py:840} INFO - DAG(s) 'example_python_decorator' retrieved from /home/user/rubix/internship_project/.venv/lib/python3.10/site-packages/airflow/example_dags/example_python_decorator.py
[2024-06-24T14:10:32.833+0300] {logging_mixin.py:188} INFO - [2024-06-24T14:10:32.833+0300] {dag.py:3096} INFO - Sync 1 DAGs
[2024-06-24T14:10:32.843+0300] {logging_mixin.py:188} INFO - [2024-06-24T14:10:32.843+0300] {dag.py:3954} INFO - Setting next_dagrun for example_python_decorator to None, run_after=None
[2024-06-24T14:10:32.865+0300] {processor.py:183} INFO - Processing /home/user/rubix/internship_project/.venv/lib/python3.10/site-packages/airflow/example_dags/example_python_decorator.py took 0.070 seconds
[2024-06-24T14:11:17.106+0300] {processor.py:161} INFO - Started process (PID=25784) to work on /home/user/rubix/internship_project/.venv/lib/python3.10/site-packages/airflow/example_dags/example_python_decorator.py
[2024-06-24T14:11:17.107+0300] {processor.py:830} INFO - Processing file /home/user/rubix/internship_project/.venv/lib/python3.10/site-packages/airflow/example_dags/example_python_decorator.py for tasks to queue
[2024-06-24T14:11:17.108+0300] {logging_mixin.py:188} INFO - [2024-06-24T14:11:17.108+0300] {dagbag.py:545} INFO - Filling up the DagBag from /home/user/rubix/internship_project/.venv/lib/python3.10/site-packages/airflow/example_dags/example_python_decorator.py
[2024-06-24T14:11:17.125+0300] {logging_mixin.py:188} INFO - [2024-06-24T14:11:17.125+0300] {example_python_decorator.py:80} WARNING - The virtalenv_python example task requires virtualenv, please install it.
[2024-06-24T14:11:17.125+0300] {processor.py:840} INFO - DAG(s) 'example_python_decorator' retrieved from /home/user/rubix/internship_project/.venv/lib/python3.10/site-packages/airflow/example_dags/example_python_decorator.py
[2024-06-24T14:11:17.143+0300] {logging_mixin.py:188} INFO - [2024-06-24T14:11:17.142+0300] {dag.py:3096} INFO - Sync 1 DAGs
[2024-06-24T14:11:17.152+0300] {logging_mixin.py:188} INFO - [2024-06-24T14:11:17.152+0300] {dag.py:3954} INFO - Setting next_dagrun for example_python_decorator to None, run_after=None
[2024-06-24T14:11:17.183+0300] {processor.py:183} INFO - Processing /home/user/rubix/internship_project/.venv/lib/python3.10/site-packages/airflow/example_dags/example_python_decorator.py took 0.085 seconds
[2024-06-24T14:12:02.164+0300] {processor.py:161} INFO - Started process (PID=26070) to work on /home/user/rubix/internship_project/.venv/lib/python3.10/site-packages/airflow/example_dags/example_python_decorator.py
[2024-06-24T14:12:02.165+0300] {processor.py:830} INFO - Processing file /home/user/rubix/internship_project/.venv/lib/python3.10/site-packages/airflow/example_dags/example_python_decorator.py for tasks to queue
[2024-06-24T14:12:02.167+0300] {logging_mixin.py:188} INFO - [2024-06-24T14:12:02.167+0300] {dagbag.py:545} INFO - Filling up the DagBag from /home/user/rubix/internship_project/.venv/lib/python3.10/site-packages/airflow/example_dags/example_python_decorator.py
[2024-06-24T14:12:02.179+0300] {logging_mixin.py:188} INFO - [2024-06-24T14:12:02.179+0300] {example_python_decorator.py:80} WARNING - The virtalenv_python example task requires virtualenv, please install it.
[2024-06-24T14:12:02.179+0300] {processor.py:840} INFO - DAG(s) 'example_python_decorator' retrieved from /home/user/rubix/internship_project/.venv/lib/python3.10/site-packages/airflow/example_dags/example_python_decorator.py
[2024-06-24T14:12:02.198+0300] {logging_mixin.py:188} INFO - [2024-06-24T14:12:02.198+0300] {dag.py:3096} INFO - Sync 1 DAGs
[2024-06-24T14:12:02.209+0300] {logging_mixin.py:188} INFO - [2024-06-24T14:12:02.209+0300] {dag.py:3954} INFO - Setting next_dagrun for example_python_decorator to None, run_after=None
[2024-06-24T14:12:02.238+0300] {processor.py:183} INFO - Processing /home/user/rubix/internship_project/.venv/lib/python3.10/site-packages/airflow/example_dags/example_python_decorator.py took 0.081 seconds
[2024-06-24T14:13:10.046+0300] {processor.py:161} INFO - Started process (PID=26273) to work on /home/user/rubix/internship_project/.venv/lib/python3.10/site-packages/airflow/example_dags/example_python_decorator.py
[2024-06-24T14:13:10.047+0300] {processor.py:830} INFO - Processing file /home/user/rubix/internship_project/.venv/lib/python3.10/site-packages/airflow/example_dags/example_python_decorator.py for tasks to queue
[2024-06-24T14:13:10.048+0300] {logging_mixin.py:188} INFO - [2024-06-24T14:13:10.048+0300] {dagbag.py:545} INFO - Filling up the DagBag from /home/user/rubix/internship_project/.venv/lib/python3.10/site-packages/airflow/example_dags/example_python_decorator.py
[2024-06-24T14:13:10.070+0300] {logging_mixin.py:188} INFO - [2024-06-24T14:13:10.069+0300] {example_python_decorator.py:80} WARNING - The virtalenv_python example task requires virtualenv, please install it.
[2024-06-24T14:13:10.070+0300] {processor.py:840} INFO - DAG(s) 'example_python_decorator' retrieved from /home/user/rubix/internship_project/.venv/lib/python3.10/site-packages/airflow/example_dags/example_python_decorator.py
[2024-06-24T14:13:10.087+0300] {logging_mixin.py:188} INFO - [2024-06-24T14:13:10.087+0300] {dag.py:3096} INFO - Sync 1 DAGs
[2024-06-24T14:13:10.096+0300] {logging_mixin.py:188} INFO - [2024-06-24T14:13:10.096+0300] {dag.py:3954} INFO - Setting next_dagrun for example_python_decorator to None, run_after=None
[2024-06-24T14:13:10.121+0300] {processor.py:183} INFO - Processing /home/user/rubix/internship_project/.venv/lib/python3.10/site-packages/airflow/example_dags/example_python_decorator.py took 0.083 seconds
[2024-06-24T14:14:03.354+0300] {processor.py:161} INFO - Started process (PID=26543) to work on /home/user/rubix/internship_project/.venv/lib/python3.10/site-packages/airflow/example_dags/example_python_decorator.py
[2024-06-24T14:14:03.355+0300] {processor.py:830} INFO - Processing file /home/user/rubix/internship_project/.venv/lib/python3.10/site-packages/airflow/example_dags/example_python_decorator.py for tasks to queue
[2024-06-24T14:14:03.358+0300] {logging_mixin.py:188} INFO - [2024-06-24T14:14:03.357+0300] {dagbag.py:545} INFO - Filling up the DagBag from /home/user/rubix/internship_project/.venv/lib/python3.10/site-packages/airflow/example_dags/example_python_decorator.py
[2024-06-24T14:14:03.371+0300] {logging_mixin.py:188} INFO - [2024-06-24T14:14:03.371+0300] {example_python_decorator.py:80} WARNING - The virtalenv_python example task requires virtualenv, please install it.
[2024-06-24T14:14:03.372+0300] {processor.py:840} INFO - DAG(s) 'example_python_decorator' retrieved from /home/user/rubix/internship_project/.venv/lib/python3.10/site-packages/airflow/example_dags/example_python_decorator.py
[2024-06-24T14:14:03.398+0300] {logging_mixin.py:188} INFO - [2024-06-24T14:14:03.397+0300] {dag.py:3096} INFO - Sync 1 DAGs
[2024-06-24T14:14:03.412+0300] {logging_mixin.py:188} INFO - [2024-06-24T14:14:03.411+0300] {dag.py:3954} INFO - Setting next_dagrun for example_python_decorator to None, run_after=None
[2024-06-24T14:14:03.439+0300] {processor.py:183} INFO - Processing /home/user/rubix/internship_project/.venv/lib/python3.10/site-packages/airflow/example_dags/example_python_decorator.py took 0.095 seconds
[2024-06-24T14:15:08.569+0300] {processor.py:161} INFO - Started process (PID=26852) to work on /home/user/rubix/internship_project/.venv/lib/python3.10/site-packages/airflow/example_dags/example_python_decorator.py
[2024-06-24T14:15:08.570+0300] {processor.py:830} INFO - Processing file /home/user/rubix/internship_project/.venv/lib/python3.10/site-packages/airflow/example_dags/example_python_decorator.py for tasks to queue
[2024-06-24T14:15:08.572+0300] {logging_mixin.py:188} INFO - [2024-06-24T14:15:08.572+0300] {dagbag.py:545} INFO - Filling up the DagBag from /home/user/rubix/internship_project/.venv/lib/python3.10/site-packages/airflow/example_dags/example_python_decorator.py
[2024-06-24T14:15:08.585+0300] {logging_mixin.py:188} INFO - [2024-06-24T14:15:08.584+0300] {example_python_decorator.py:80} WARNING - The virtalenv_python example task requires virtualenv, please install it.
[2024-06-24T14:15:08.585+0300] {processor.py:840} INFO - DAG(s) 'example_python_decorator' retrieved from /home/user/rubix/internship_project/.venv/lib/python3.10/site-packages/airflow/example_dags/example_python_decorator.py
[2024-06-24T14:15:08.603+0300] {logging_mixin.py:188} INFO - [2024-06-24T14:15:08.603+0300] {dag.py:3096} INFO - Sync 1 DAGs
[2024-06-24T14:15:08.613+0300] {logging_mixin.py:188} INFO - [2024-06-24T14:15:08.613+0300] {dag.py:3954} INFO - Setting next_dagrun for example_python_decorator to None, run_after=None
[2024-06-24T14:15:08.644+0300] {processor.py:183} INFO - Processing /home/user/rubix/internship_project/.venv/lib/python3.10/site-packages/airflow/example_dags/example_python_decorator.py took 0.083 seconds
[2024-06-24T14:16:10.786+0300] {processor.py:161} INFO - Started process (PID=27049) to work on /home/user/rubix/internship_project/.venv/lib/python3.10/site-packages/airflow/example_dags/example_python_decorator.py
[2024-06-24T14:16:10.787+0300] {processor.py:830} INFO - Processing file /home/user/rubix/internship_project/.venv/lib/python3.10/site-packages/airflow/example_dags/example_python_decorator.py for tasks to queue
[2024-06-24T14:16:10.789+0300] {logging_mixin.py:188} INFO - [2024-06-24T14:16:10.788+0300] {dagbag.py:545} INFO - Filling up the DagBag from /home/user/rubix/internship_project/.venv/lib/python3.10/site-packages/airflow/example_dags/example_python_decorator.py
[2024-06-24T14:16:10.800+0300] {logging_mixin.py:188} INFO - [2024-06-24T14:16:10.800+0300] {example_python_decorator.py:80} WARNING - The virtalenv_python example task requires virtualenv, please install it.
[2024-06-24T14:16:10.800+0300] {processor.py:840} INFO - DAG(s) 'example_python_decorator' retrieved from /home/user/rubix/internship_project/.venv/lib/python3.10/site-packages/airflow/example_dags/example_python_decorator.py
[2024-06-24T14:16:10.818+0300] {logging_mixin.py:188} INFO - [2024-06-24T14:16:10.818+0300] {dag.py:3096} INFO - Sync 1 DAGs
[2024-06-24T14:16:10.828+0300] {logging_mixin.py:188} INFO - [2024-06-24T14:16:10.828+0300] {dag.py:3954} INFO - Setting next_dagrun for example_python_decorator to None, run_after=None
[2024-06-24T14:16:10.859+0300] {processor.py:183} INFO - Processing /home/user/rubix/internship_project/.venv/lib/python3.10/site-packages/airflow/example_dags/example_python_decorator.py took 0.080 seconds
[2024-06-24T14:17:08.975+0300] {processor.py:161} INFO - Started process (PID=27234) to work on /home/user/rubix/internship_project/.venv/lib/python3.10/site-packages/airflow/example_dags/example_python_decorator.py
[2024-06-24T14:17:08.976+0300] {processor.py:830} INFO - Processing file /home/user/rubix/internship_project/.venv/lib/python3.10/site-packages/airflow/example_dags/example_python_decorator.py for tasks to queue
[2024-06-24T14:17:08.977+0300] {logging_mixin.py:188} INFO - [2024-06-24T14:17:08.977+0300] {dagbag.py:545} INFO - Filling up the DagBag from /home/user/rubix/internship_project/.venv/lib/python3.10/site-packages/airflow/example_dags/example_python_decorator.py
[2024-06-24T14:17:08.990+0300] {logging_mixin.py:188} INFO - [2024-06-24T14:17:08.989+0300] {example_python_decorator.py:80} WARNING - The virtalenv_python example task requires virtualenv, please install it.
[2024-06-24T14:17:08.990+0300] {processor.py:840} INFO - DAG(s) 'example_python_decorator' retrieved from /home/user/rubix/internship_project/.venv/lib/python3.10/site-packages/airflow/example_dags/example_python_decorator.py
[2024-06-24T14:17:09.011+0300] {logging_mixin.py:188} INFO - [2024-06-24T14:17:09.011+0300] {dag.py:3096} INFO - Sync 1 DAGs
[2024-06-24T14:17:09.021+0300] {logging_mixin.py:188} INFO - [2024-06-24T14:17:09.021+0300] {dag.py:3954} INFO - Setting next_dagrun for example_python_decorator to None, run_after=None
[2024-06-24T14:17:09.038+0300] {processor.py:183} INFO - Processing /home/user/rubix/internship_project/.venv/lib/python3.10/site-packages/airflow/example_dags/example_python_decorator.py took 0.071 seconds
[2024-06-24T14:18:17.179+0300] {processor.py:161} INFO - Started process (PID=27440) to work on /home/user/rubix/internship_project/.venv/lib/python3.10/site-packages/airflow/example_dags/example_python_decorator.py
[2024-06-24T14:18:17.180+0300] {processor.py:830} INFO - Processing file /home/user/rubix/internship_project/.venv/lib/python3.10/site-packages/airflow/example_dags/example_python_decorator.py for tasks to queue
[2024-06-24T14:18:17.182+0300] {logging_mixin.py:188} INFO - [2024-06-24T14:18:17.182+0300] {dagbag.py:545} INFO - Filling up the DagBag from /home/user/rubix/internship_project/.venv/lib/python3.10/site-packages/airflow/example_dags/example_python_decorator.py
[2024-06-24T14:18:17.207+0300] {logging_mixin.py:188} INFO - [2024-06-24T14:18:17.206+0300] {example_python_decorator.py:80} WARNING - The virtalenv_python example task requires virtualenv, please install it.
[2024-06-24T14:18:17.207+0300] {processor.py:840} INFO - DAG(s) 'example_python_decorator' retrieved from /home/user/rubix/internship_project/.venv/lib/python3.10/site-packages/airflow/example_dags/example_python_decorator.py
[2024-06-24T14:18:17.226+0300] {logging_mixin.py:188} INFO - [2024-06-24T14:18:17.226+0300] {dag.py:3096} INFO - Sync 1 DAGs
[2024-06-24T14:18:17.237+0300] {logging_mixin.py:188} INFO - [2024-06-24T14:18:17.237+0300] {dag.py:3954} INFO - Setting next_dagrun for example_python_decorator to None, run_after=None
[2024-06-24T14:18:17.260+0300] {processor.py:183} INFO - Processing /home/user/rubix/internship_project/.venv/lib/python3.10/site-packages/airflow/example_dags/example_python_decorator.py took 0.089 seconds
[2024-06-24T14:19:13.311+0300] {processor.py:161} INFO - Started process (PID=27674) to work on /home/user/rubix/internship_project/.venv/lib/python3.10/site-packages/airflow/example_dags/example_python_decorator.py
[2024-06-24T14:19:13.312+0300] {processor.py:830} INFO - Processing file /home/user/rubix/internship_project/.venv/lib/python3.10/site-packages/airflow/example_dags/example_python_decorator.py for tasks to queue
[2024-06-24T14:19:13.314+0300] {logging_mixin.py:188} INFO - [2024-06-24T14:19:13.314+0300] {dagbag.py:545} INFO - Filling up the DagBag from /home/user/rubix/internship_project/.venv/lib/python3.10/site-packages/airflow/example_dags/example_python_decorator.py
[2024-06-24T14:19:13.327+0300] {logging_mixin.py:188} INFO - [2024-06-24T14:19:13.326+0300] {example_python_decorator.py:80} WARNING - The virtalenv_python example task requires virtualenv, please install it.
[2024-06-24T14:19:13.327+0300] {processor.py:840} INFO - DAG(s) 'example_python_decorator' retrieved from /home/user/rubix/internship_project/.venv/lib/python3.10/site-packages/airflow/example_dags/example_python_decorator.py
[2024-06-24T14:19:13.344+0300] {logging_mixin.py:188} INFO - [2024-06-24T14:19:13.344+0300] {dag.py:3096} INFO - Sync 1 DAGs
[2024-06-24T14:19:13.353+0300] {logging_mixin.py:188} INFO - [2024-06-24T14:19:13.353+0300] {dag.py:3954} INFO - Setting next_dagrun for example_python_decorator to None, run_after=None
[2024-06-24T14:19:13.384+0300] {processor.py:183} INFO - Processing /home/user/rubix/internship_project/.venv/lib/python3.10/site-packages/airflow/example_dags/example_python_decorator.py took 0.082 seconds
[2024-06-24T14:20:13.436+0300] {processor.py:161} INFO - Started process (PID=28065) to work on /home/user/rubix/internship_project/.venv/lib/python3.10/site-packages/airflow/example_dags/example_python_decorator.py
[2024-06-24T14:20:13.438+0300] {processor.py:830} INFO - Processing file /home/user/rubix/internship_project/.venv/lib/python3.10/site-packages/airflow/example_dags/example_python_decorator.py for tasks to queue
[2024-06-24T14:20:13.439+0300] {logging_mixin.py:188} INFO - [2024-06-24T14:20:13.439+0300] {dagbag.py:545} INFO - Filling up the DagBag from /home/user/rubix/internship_project/.venv/lib/python3.10/site-packages/airflow/example_dags/example_python_decorator.py
[2024-06-24T14:20:13.451+0300] {logging_mixin.py:188} INFO - [2024-06-24T14:20:13.451+0300] {example_python_decorator.py:80} WARNING - The virtalenv_python example task requires virtualenv, please install it.
[2024-06-24T14:20:13.451+0300] {processor.py:840} INFO - DAG(s) 'example_python_decorator' retrieved from /home/user/rubix/internship_project/.venv/lib/python3.10/site-packages/airflow/example_dags/example_python_decorator.py
[2024-06-24T14:20:13.468+0300] {logging_mixin.py:188} INFO - [2024-06-24T14:20:13.468+0300] {dag.py:3096} INFO - Sync 1 DAGs
[2024-06-24T14:20:13.478+0300] {logging_mixin.py:188} INFO - [2024-06-24T14:20:13.477+0300] {dag.py:3954} INFO - Setting next_dagrun for example_python_decorator to None, run_after=None
[2024-06-24T14:20:13.508+0300] {processor.py:183} INFO - Processing /home/user/rubix/internship_project/.venv/lib/python3.10/site-packages/airflow/example_dags/example_python_decorator.py took 0.079 seconds
[2024-06-24T14:21:14.160+0300] {processor.py:161} INFO - Started process (PID=28475) to work on /home/user/rubix/internship_project/.venv/lib/python3.10/site-packages/airflow/example_dags/example_python_decorator.py
[2024-06-24T14:21:14.161+0300] {processor.py:830} INFO - Processing file /home/user/rubix/internship_project/.venv/lib/python3.10/site-packages/airflow/example_dags/example_python_decorator.py for tasks to queue
[2024-06-24T14:21:14.163+0300] {logging_mixin.py:188} INFO - [2024-06-24T14:21:14.162+0300] {dagbag.py:545} INFO - Filling up the DagBag from /home/user/rubix/internship_project/.venv/lib/python3.10/site-packages/airflow/example_dags/example_python_decorator.py
[2024-06-24T14:21:14.177+0300] {logging_mixin.py:188} INFO - [2024-06-24T14:21:14.177+0300] {example_python_decorator.py:80} WARNING - The virtalenv_python example task requires virtualenv, please install it.
[2024-06-24T14:21:14.178+0300] {processor.py:840} INFO - DAG(s) 'example_python_decorator' retrieved from /home/user/rubix/internship_project/.venv/lib/python3.10/site-packages/airflow/example_dags/example_python_decorator.py
[2024-06-24T14:21:14.203+0300] {logging_mixin.py:188} INFO - [2024-06-24T14:21:14.203+0300] {dag.py:3096} INFO - Sync 1 DAGs
[2024-06-24T14:21:14.217+0300] {logging_mixin.py:188} INFO - [2024-06-24T14:21:14.217+0300] {dag.py:3954} INFO - Setting next_dagrun for example_python_decorator to None, run_after=None
[2024-06-24T14:21:14.253+0300] {processor.py:183} INFO - Processing /home/user/rubix/internship_project/.venv/lib/python3.10/site-packages/airflow/example_dags/example_python_decorator.py took 0.106 seconds
[2024-06-24T14:22:11.194+0300] {processor.py:161} INFO - Started process (PID=28735) to work on /home/user/rubix/internship_project/.venv/lib/python3.10/site-packages/airflow/example_dags/example_python_decorator.py
[2024-06-24T14:22:11.195+0300] {processor.py:830} INFO - Processing file /home/user/rubix/internship_project/.venv/lib/python3.10/site-packages/airflow/example_dags/example_python_decorator.py for tasks to queue
[2024-06-24T14:22:11.197+0300] {logging_mixin.py:188} INFO - [2024-06-24T14:22:11.196+0300] {dagbag.py:545} INFO - Filling up the DagBag from /home/user/rubix/internship_project/.venv/lib/python3.10/site-packages/airflow/example_dags/example_python_decorator.py
[2024-06-24T14:22:11.210+0300] {logging_mixin.py:188} INFO - [2024-06-24T14:22:11.210+0300] {example_python_decorator.py:80} WARNING - The virtalenv_python example task requires virtualenv, please install it.
[2024-06-24T14:22:11.210+0300] {processor.py:840} INFO - DAG(s) 'example_python_decorator' retrieved from /home/user/rubix/internship_project/.venv/lib/python3.10/site-packages/airflow/example_dags/example_python_decorator.py
[2024-06-24T14:22:11.228+0300] {logging_mixin.py:188} INFO - [2024-06-24T14:22:11.228+0300] {dag.py:3096} INFO - Sync 1 DAGs
[2024-06-24T14:22:11.238+0300] {logging_mixin.py:188} INFO - [2024-06-24T14:22:11.238+0300] {dag.py:3954} INFO - Setting next_dagrun for example_python_decorator to None, run_after=None
[2024-06-24T14:22:11.258+0300] {processor.py:183} INFO - Processing /home/user/rubix/internship_project/.venv/lib/python3.10/site-packages/airflow/example_dags/example_python_decorator.py took 0.071 seconds
[2024-06-24T14:23:14.125+0300] {processor.py:161} INFO - Started process (PID=28973) to work on /home/user/rubix/internship_project/.venv/lib/python3.10/site-packages/airflow/example_dags/example_python_decorator.py
[2024-06-24T14:23:14.126+0300] {processor.py:830} INFO - Processing file /home/user/rubix/internship_project/.venv/lib/python3.10/site-packages/airflow/example_dags/example_python_decorator.py for tasks to queue
[2024-06-24T14:23:14.128+0300] {logging_mixin.py:188} INFO - [2024-06-24T14:23:14.127+0300] {dagbag.py:545} INFO - Filling up the DagBag from /home/user/rubix/internship_project/.venv/lib/python3.10/site-packages/airflow/example_dags/example_python_decorator.py
[2024-06-24T14:23:14.139+0300] {logging_mixin.py:188} INFO - [2024-06-24T14:23:14.139+0300] {example_python_decorator.py:80} WARNING - The virtalenv_python example task requires virtualenv, please install it.
[2024-06-24T14:23:14.140+0300] {processor.py:840} INFO - DAG(s) 'example_python_decorator' retrieved from /home/user/rubix/internship_project/.venv/lib/python3.10/site-packages/airflow/example_dags/example_python_decorator.py
[2024-06-24T14:23:14.158+0300] {logging_mixin.py:188} INFO - [2024-06-24T14:23:14.158+0300] {dag.py:3096} INFO - Sync 1 DAGs
[2024-06-24T14:23:14.168+0300] {logging_mixin.py:188} INFO - [2024-06-24T14:23:14.168+0300] {dag.py:3954} INFO - Setting next_dagrun for example_python_decorator to None, run_after=None
[2024-06-24T14:23:14.199+0300] {processor.py:183} INFO - Processing /home/user/rubix/internship_project/.venv/lib/python3.10/site-packages/airflow/example_dags/example_python_decorator.py took 0.082 seconds
[2024-06-24T14:23:59.626+0300] {processor.py:161} INFO - Started process (PID=29092) to work on /home/user/rubix/internship_project/.venv/lib/python3.10/site-packages/airflow/example_dags/example_python_decorator.py
[2024-06-24T14:23:59.627+0300] {processor.py:830} INFO - Processing file /home/user/rubix/internship_project/.venv/lib/python3.10/site-packages/airflow/example_dags/example_python_decorator.py for tasks to queue
[2024-06-24T14:23:59.629+0300] {logging_mixin.py:188} INFO - [2024-06-24T14:23:59.629+0300] {dagbag.py:545} INFO - Filling up the DagBag from /home/user/rubix/internship_project/.venv/lib/python3.10/site-packages/airflow/example_dags/example_python_decorator.py
[2024-06-24T14:23:59.645+0300] {logging_mixin.py:188} INFO - [2024-06-24T14:23:59.644+0300] {example_python_decorator.py:80} WARNING - The virtalenv_python example task requires virtualenv, please install it.
[2024-06-24T14:23:59.645+0300] {processor.py:840} INFO - DAG(s) 'example_python_decorator' retrieved from /home/user/rubix/internship_project/.venv/lib/python3.10/site-packages/airflow/example_dags/example_python_decorator.py
[2024-06-24T14:23:59.667+0300] {logging_mixin.py:188} INFO - [2024-06-24T14:23:59.667+0300] {dag.py:3096} INFO - Sync 1 DAGs
[2024-06-24T14:23:59.681+0300] {logging_mixin.py:188} INFO - [2024-06-24T14:23:59.680+0300] {dag.py:3954} INFO - Setting next_dagrun for example_python_decorator to None, run_after=None
[2024-06-24T14:23:59.717+0300] {processor.py:183} INFO - Processing /home/user/rubix/internship_project/.venv/lib/python3.10/site-packages/airflow/example_dags/example_python_decorator.py took 0.100 seconds
[2024-06-24T14:24:45.336+0300] {processor.py:161} INFO - Started process (PID=29305) to work on /home/user/rubix/internship_project/.venv/lib/python3.10/site-packages/airflow/example_dags/example_python_decorator.py
[2024-06-24T14:24:45.337+0300] {processor.py:830} INFO - Processing file /home/user/rubix/internship_project/.venv/lib/python3.10/site-packages/airflow/example_dags/example_python_decorator.py for tasks to queue
[2024-06-24T14:24:45.339+0300] {logging_mixin.py:188} INFO - [2024-06-24T14:24:45.339+0300] {dagbag.py:545} INFO - Filling up the DagBag from /home/user/rubix/internship_project/.venv/lib/python3.10/site-packages/airflow/example_dags/example_python_decorator.py
[2024-06-24T14:24:45.350+0300] {logging_mixin.py:188} INFO - [2024-06-24T14:24:45.350+0300] {example_python_decorator.py:80} WARNING - The virtalenv_python example task requires virtualenv, please install it.
[2024-06-24T14:24:45.351+0300] {processor.py:840} INFO - DAG(s) 'example_python_decorator' retrieved from /home/user/rubix/internship_project/.venv/lib/python3.10/site-packages/airflow/example_dags/example_python_decorator.py
[2024-06-24T14:24:45.369+0300] {logging_mixin.py:188} INFO - [2024-06-24T14:24:45.369+0300] {dag.py:3096} INFO - Sync 1 DAGs
[2024-06-24T14:24:45.379+0300] {logging_mixin.py:188} INFO - [2024-06-24T14:24:45.379+0300] {dag.py:3954} INFO - Setting next_dagrun for example_python_decorator to None, run_after=None
[2024-06-24T14:24:45.408+0300] {processor.py:183} INFO - Processing /home/user/rubix/internship_project/.venv/lib/python3.10/site-packages/airflow/example_dags/example_python_decorator.py took 0.079 seconds
[2024-06-24T14:25:29.268+0300] {processor.py:161} INFO - Started process (PID=29571) to work on /home/user/rubix/internship_project/.venv/lib/python3.10/site-packages/airflow/example_dags/example_python_decorator.py
[2024-06-24T14:25:29.269+0300] {processor.py:830} INFO - Processing file /home/user/rubix/internship_project/.venv/lib/python3.10/site-packages/airflow/example_dags/example_python_decorator.py for tasks to queue
[2024-06-24T14:25:29.271+0300] {logging_mixin.py:188} INFO - [2024-06-24T14:25:29.270+0300] {dagbag.py:545} INFO - Filling up the DagBag from /home/user/rubix/internship_project/.venv/lib/python3.10/site-packages/airflow/example_dags/example_python_decorator.py
[2024-06-24T14:25:29.281+0300] {logging_mixin.py:188} INFO - [2024-06-24T14:25:29.281+0300] {example_python_decorator.py:80} WARNING - The virtalenv_python example task requires virtualenv, please install it.
[2024-06-24T14:25:29.282+0300] {processor.py:840} INFO - DAG(s) 'example_python_decorator' retrieved from /home/user/rubix/internship_project/.venv/lib/python3.10/site-packages/airflow/example_dags/example_python_decorator.py
[2024-06-24T14:25:29.299+0300] {logging_mixin.py:188} INFO - [2024-06-24T14:25:29.299+0300] {dag.py:3096} INFO - Sync 1 DAGs
[2024-06-24T14:25:29.308+0300] {logging_mixin.py:188} INFO - [2024-06-24T14:25:29.308+0300] {dag.py:3954} INFO - Setting next_dagrun for example_python_decorator to None, run_after=None
[2024-06-24T14:25:29.340+0300] {processor.py:183} INFO - Processing /home/user/rubix/internship_project/.venv/lib/python3.10/site-packages/airflow/example_dags/example_python_decorator.py took 0.080 seconds
[2024-06-24T14:26:28.386+0300] {processor.py:161} INFO - Started process (PID=29801) to work on /home/user/rubix/internship_project/.venv/lib/python3.10/site-packages/airflow/example_dags/example_python_decorator.py
[2024-06-24T14:26:28.387+0300] {processor.py:830} INFO - Processing file /home/user/rubix/internship_project/.venv/lib/python3.10/site-packages/airflow/example_dags/example_python_decorator.py for tasks to queue
[2024-06-24T14:26:28.389+0300] {logging_mixin.py:188} INFO - [2024-06-24T14:26:28.388+0300] {dagbag.py:545} INFO - Filling up the DagBag from /home/user/rubix/internship_project/.venv/lib/python3.10/site-packages/airflow/example_dags/example_python_decorator.py
[2024-06-24T14:26:28.400+0300] {logging_mixin.py:188} INFO - [2024-06-24T14:26:28.400+0300] {example_python_decorator.py:80} WARNING - The virtalenv_python example task requires virtualenv, please install it.
[2024-06-24T14:26:28.400+0300] {processor.py:840} INFO - DAG(s) 'example_python_decorator' retrieved from /home/user/rubix/internship_project/.venv/lib/python3.10/site-packages/airflow/example_dags/example_python_decorator.py
[2024-06-24T14:26:28.417+0300] {logging_mixin.py:188} INFO - [2024-06-24T14:26:28.417+0300] {dag.py:3096} INFO - Sync 1 DAGs
[2024-06-24T14:26:28.427+0300] {logging_mixin.py:188} INFO - [2024-06-24T14:26:28.426+0300] {dag.py:3954} INFO - Setting next_dagrun for example_python_decorator to None, run_after=None
[2024-06-24T14:26:28.456+0300] {processor.py:183} INFO - Processing /home/user/rubix/internship_project/.venv/lib/python3.10/site-packages/airflow/example_dags/example_python_decorator.py took 0.078 seconds
[2024-06-24T14:27:13.133+0300] {processor.py:161} INFO - Started process (PID=30260) to work on /home/user/rubix/internship_project/.venv/lib/python3.10/site-packages/airflow/example_dags/example_python_decorator.py
[2024-06-24T14:27:13.134+0300] {processor.py:830} INFO - Processing file /home/user/rubix/internship_project/.venv/lib/python3.10/site-packages/airflow/example_dags/example_python_decorator.py for tasks to queue
[2024-06-24T14:27:13.136+0300] {logging_mixin.py:188} INFO - [2024-06-24T14:27:13.136+0300] {dagbag.py:545} INFO - Filling up the DagBag from /home/user/rubix/internship_project/.venv/lib/python3.10/site-packages/airflow/example_dags/example_python_decorator.py
[2024-06-24T14:27:13.148+0300] {logging_mixin.py:188} INFO - [2024-06-24T14:27:13.148+0300] {example_python_decorator.py:80} WARNING - The virtalenv_python example task requires virtualenv, please install it.
[2024-06-24T14:27:13.148+0300] {processor.py:840} INFO - DAG(s) 'example_python_decorator' retrieved from /home/user/rubix/internship_project/.venv/lib/python3.10/site-packages/airflow/example_dags/example_python_decorator.py
[2024-06-24T14:27:13.167+0300] {logging_mixin.py:188} INFO - [2024-06-24T14:27:13.166+0300] {dag.py:3096} INFO - Sync 1 DAGs
[2024-06-24T14:27:13.177+0300] {logging_mixin.py:188} INFO - [2024-06-24T14:27:13.176+0300] {dag.py:3954} INFO - Setting next_dagrun for example_python_decorator to None, run_after=None
[2024-06-24T14:27:13.206+0300] {processor.py:183} INFO - Processing /home/user/rubix/internship_project/.venv/lib/python3.10/site-packages/airflow/example_dags/example_python_decorator.py took 0.081 seconds
[2024-06-24T14:27:57.728+0300] {processor.py:161} INFO - Started process (PID=30567) to work on /home/user/rubix/internship_project/.venv/lib/python3.10/site-packages/airflow/example_dags/example_python_decorator.py
[2024-06-24T14:27:57.729+0300] {processor.py:830} INFO - Processing file /home/user/rubix/internship_project/.venv/lib/python3.10/site-packages/airflow/example_dags/example_python_decorator.py for tasks to queue
[2024-06-24T14:27:57.731+0300] {logging_mixin.py:188} INFO - [2024-06-24T14:27:57.730+0300] {dagbag.py:545} INFO - Filling up the DagBag from /home/user/rubix/internship_project/.venv/lib/python3.10/site-packages/airflow/example_dags/example_python_decorator.py
[2024-06-24T14:27:57.744+0300] {logging_mixin.py:188} INFO - [2024-06-24T14:27:57.744+0300] {example_python_decorator.py:80} WARNING - The virtalenv_python example task requires virtualenv, please install it.
[2024-06-24T14:27:57.745+0300] {processor.py:840} INFO - DAG(s) 'example_python_decorator' retrieved from /home/user/rubix/internship_project/.venv/lib/python3.10/site-packages/airflow/example_dags/example_python_decorator.py
[2024-06-24T14:27:57.764+0300] {logging_mixin.py:188} INFO - [2024-06-24T14:27:57.764+0300] {dag.py:3096} INFO - Sync 1 DAGs
[2024-06-24T14:27:57.773+0300] {logging_mixin.py:188} INFO - [2024-06-24T14:27:57.773+0300] {dag.py:3954} INFO - Setting next_dagrun for example_python_decorator to None, run_after=None
[2024-06-24T14:27:57.804+0300] {processor.py:183} INFO - Processing /home/user/rubix/internship_project/.venv/lib/python3.10/site-packages/airflow/example_dags/example_python_decorator.py took 0.087 seconds
[2024-06-24T14:29:03.827+0300] {processor.py:161} INFO - Started process (PID=30996) to work on /home/user/rubix/internship_project/.venv/lib/python3.10/site-packages/airflow/example_dags/example_python_decorator.py
[2024-06-24T14:29:03.828+0300] {processor.py:830} INFO - Processing file /home/user/rubix/internship_project/.venv/lib/python3.10/site-packages/airflow/example_dags/example_python_decorator.py for tasks to queue
[2024-06-24T14:29:03.830+0300] {logging_mixin.py:188} INFO - [2024-06-24T14:29:03.830+0300] {dagbag.py:545} INFO - Filling up the DagBag from /home/user/rubix/internship_project/.venv/lib/python3.10/site-packages/airflow/example_dags/example_python_decorator.py
[2024-06-24T14:29:03.845+0300] {logging_mixin.py:188} INFO - [2024-06-24T14:29:03.845+0300] {example_python_decorator.py:80} WARNING - The virtalenv_python example task requires virtualenv, please install it.
[2024-06-24T14:29:03.845+0300] {processor.py:840} INFO - DAG(s) 'example_python_decorator' retrieved from /home/user/rubix/internship_project/.venv/lib/python3.10/site-packages/airflow/example_dags/example_python_decorator.py
[2024-06-24T14:29:03.866+0300] {logging_mixin.py:188} INFO - [2024-06-24T14:29:03.866+0300] {dag.py:3096} INFO - Sync 1 DAGs
[2024-06-24T14:29:03.878+0300] {logging_mixin.py:188} INFO - [2024-06-24T14:29:03.877+0300] {dag.py:3954} INFO - Setting next_dagrun for example_python_decorator to None, run_after=None
[2024-06-24T14:29:03.914+0300] {processor.py:183} INFO - Processing /home/user/rubix/internship_project/.venv/lib/python3.10/site-packages/airflow/example_dags/example_python_decorator.py took 0.097 seconds
[2024-06-24T14:29:51.628+0300] {processor.py:161} INFO - Started process (PID=31330) to work on /home/user/rubix/internship_project/.venv/lib/python3.10/site-packages/airflow/example_dags/example_python_decorator.py
[2024-06-24T14:29:51.629+0300] {processor.py:830} INFO - Processing file /home/user/rubix/internship_project/.venv/lib/python3.10/site-packages/airflow/example_dags/example_python_decorator.py for tasks to queue
[2024-06-24T14:29:51.630+0300] {logging_mixin.py:188} INFO - [2024-06-24T14:29:51.630+0300] {dagbag.py:545} INFO - Filling up the DagBag from /home/user/rubix/internship_project/.venv/lib/python3.10/site-packages/airflow/example_dags/example_python_decorator.py
[2024-06-24T14:29:51.642+0300] {logging_mixin.py:188} INFO - [2024-06-24T14:29:51.642+0300] {example_python_decorator.py:80} WARNING - The virtalenv_python example task requires virtualenv, please install it.
[2024-06-24T14:29:51.642+0300] {processor.py:840} INFO - DAG(s) 'example_python_decorator' retrieved from /home/user/rubix/internship_project/.venv/lib/python3.10/site-packages/airflow/example_dags/example_python_decorator.py
[2024-06-24T14:29:51.660+0300] {logging_mixin.py:188} INFO - [2024-06-24T14:29:51.659+0300] {dag.py:3096} INFO - Sync 1 DAGs
[2024-06-24T14:29:51.669+0300] {logging_mixin.py:188} INFO - [2024-06-24T14:29:51.669+0300] {dag.py:3954} INFO - Setting next_dagrun for example_python_decorator to None, run_after=None
[2024-06-24T14:29:51.701+0300] {processor.py:183} INFO - Processing /home/user/rubix/internship_project/.venv/lib/python3.10/site-packages/airflow/example_dags/example_python_decorator.py took 0.081 seconds
[2024-06-24T14:30:39.926+0300] {processor.py:161} INFO - Started process (PID=31492) to work on /home/user/rubix/internship_project/.venv/lib/python3.10/site-packages/airflow/example_dags/example_python_decorator.py
[2024-06-24T14:30:39.927+0300] {processor.py:830} INFO - Processing file /home/user/rubix/internship_project/.venv/lib/python3.10/site-packages/airflow/example_dags/example_python_decorator.py for tasks to queue
[2024-06-24T14:30:39.929+0300] {logging_mixin.py:188} INFO - [2024-06-24T14:30:39.929+0300] {dagbag.py:545} INFO - Filling up the DagBag from /home/user/rubix/internship_project/.venv/lib/python3.10/site-packages/airflow/example_dags/example_python_decorator.py
[2024-06-24T14:30:39.941+0300] {logging_mixin.py:188} INFO - [2024-06-24T14:30:39.941+0300] {example_python_decorator.py:80} WARNING - The virtalenv_python example task requires virtualenv, please install it.
[2024-06-24T14:30:39.941+0300] {processor.py:840} INFO - DAG(s) 'example_python_decorator' retrieved from /home/user/rubix/internship_project/.venv/lib/python3.10/site-packages/airflow/example_dags/example_python_decorator.py
[2024-06-24T14:30:39.959+0300] {logging_mixin.py:188} INFO - [2024-06-24T14:30:39.959+0300] {dag.py:3096} INFO - Sync 1 DAGs
[2024-06-24T14:30:39.969+0300] {logging_mixin.py:188} INFO - [2024-06-24T14:30:39.969+0300] {dag.py:3954} INFO - Setting next_dagrun for example_python_decorator to None, run_after=None
[2024-06-24T14:30:40.000+0300] {processor.py:183} INFO - Processing /home/user/rubix/internship_project/.venv/lib/python3.10/site-packages/airflow/example_dags/example_python_decorator.py took 0.081 seconds
[2024-06-24T14:31:28.271+0300] {processor.py:161} INFO - Started process (PID=31830) to work on /home/user/rubix/internship_project/.venv/lib/python3.10/site-packages/airflow/example_dags/example_python_decorator.py
[2024-06-24T14:31:28.281+0300] {processor.py:830} INFO - Processing file /home/user/rubix/internship_project/.venv/lib/python3.10/site-packages/airflow/example_dags/example_python_decorator.py for tasks to queue
[2024-06-24T14:31:28.284+0300] {logging_mixin.py:188} INFO - [2024-06-24T14:31:28.284+0300] {dagbag.py:545} INFO - Filling up the DagBag from /home/user/rubix/internship_project/.venv/lib/python3.10/site-packages/airflow/example_dags/example_python_decorator.py
[2024-06-24T14:31:28.326+0300] {logging_mixin.py:188} INFO - [2024-06-24T14:31:28.324+0300] {example_python_decorator.py:80} WARNING - The virtalenv_python example task requires virtualenv, please install it.
[2024-06-24T14:31:28.329+0300] {processor.py:840} INFO - DAG(s) 'example_python_decorator' retrieved from /home/user/rubix/internship_project/.venv/lib/python3.10/site-packages/airflow/example_dags/example_python_decorator.py
[2024-06-24T14:31:28.402+0300] {logging_mixin.py:188} INFO - [2024-06-24T14:31:28.401+0300] {dag.py:3096} INFO - Sync 1 DAGs
[2024-06-24T14:31:28.448+0300] {logging_mixin.py:188} INFO - [2024-06-24T14:31:28.447+0300] {dag.py:3954} INFO - Setting next_dagrun for example_python_decorator to None, run_after=None
[2024-06-24T14:31:28.486+0300] {processor.py:183} INFO - Processing /home/user/rubix/internship_project/.venv/lib/python3.10/site-packages/airflow/example_dags/example_python_decorator.py took 0.236 seconds
[2024-06-24T14:32:13.658+0300] {processor.py:161} INFO - Started process (PID=32047) to work on /home/user/rubix/internship_project/.venv/lib/python3.10/site-packages/airflow/example_dags/example_python_decorator.py
[2024-06-24T14:32:13.659+0300] {processor.py:830} INFO - Processing file /home/user/rubix/internship_project/.venv/lib/python3.10/site-packages/airflow/example_dags/example_python_decorator.py for tasks to queue
[2024-06-24T14:32:13.661+0300] {logging_mixin.py:188} INFO - [2024-06-24T14:32:13.661+0300] {dagbag.py:545} INFO - Filling up the DagBag from /home/user/rubix/internship_project/.venv/lib/python3.10/site-packages/airflow/example_dags/example_python_decorator.py
[2024-06-24T14:32:13.675+0300] {logging_mixin.py:188} INFO - [2024-06-24T14:32:13.674+0300] {example_python_decorator.py:80} WARNING - The virtalenv_python example task requires virtualenv, please install it.
[2024-06-24T14:32:13.675+0300] {processor.py:840} INFO - DAG(s) 'example_python_decorator' retrieved from /home/user/rubix/internship_project/.venv/lib/python3.10/site-packages/airflow/example_dags/example_python_decorator.py
[2024-06-24T14:32:13.697+0300] {logging_mixin.py:188} INFO - [2024-06-24T14:32:13.696+0300] {dag.py:3096} INFO - Sync 1 DAGs
[2024-06-24T14:32:13.707+0300] {logging_mixin.py:188} INFO - [2024-06-24T14:32:13.707+0300] {dag.py:3954} INFO - Setting next_dagrun for example_python_decorator to None, run_after=None
[2024-06-24T14:32:13.727+0300] {processor.py:183} INFO - Processing /home/user/rubix/internship_project/.venv/lib/python3.10/site-packages/airflow/example_dags/example_python_decorator.py took 0.077 seconds
