[2024-06-24T14:03:10.032+0300] {processor.py:161} INFO - Started process (PID=22684) to work on /home/user/rubix/internship_project/.venv/lib/python3.10/site-packages/airflow/example_dags/example_python_operator.py
[2024-06-24T14:03:10.033+0300] {processor.py:830} INFO - Processing file /home/user/rubix/internship_project/.venv/lib/python3.10/site-packages/airflow/example_dags/example_python_operator.py for tasks to queue
[2024-06-24T14:03:10.035+0300] {logging_mixin.py:188} INFO - [2024-06-24T14:03:10.034+0300] {dagbag.py:545} INFO - Filling up the DagBag from /home/user/rubix/internship_project/.venv/lib/python3.10/site-packages/airflow/example_dags/example_python_operator.py
[2024-06-24T14:03:10.047+0300] {logging_mixin.py:188} INFO - [2024-06-24T14:03:10.047+0300] {example_python_operator.py:93} WARNING - The virtalenv_python example task requires virtualenv, please install it.
[2024-06-24T14:03:10.048+0300] {processor.py:840} INFO - DAG(s) 'example_python_operator' retrieved from /home/user/rubix/internship_project/.venv/lib/python3.10/site-packages/airflow/example_dags/example_python_operator.py
[2024-06-24T14:03:10.143+0300] {logging_mixin.py:188} INFO - [2024-06-24T14:03:10.142+0300] {dag.py:3096} INFO - Sync 1 DAGs
[2024-06-24T14:03:10.150+0300] {logging_mixin.py:188} INFO - [2024-06-24T14:03:10.150+0300] {dag.py:3954} INFO - Setting next_dagrun for example_python_operator to None, run_after=None
[2024-06-24T14:03:10.181+0300] {processor.py:183} INFO - Processing /home/user/rubix/internship_project/.venv/lib/python3.10/site-packages/airflow/example_dags/example_python_operator.py took 0.157 seconds
[2024-06-24T14:04:22.046+0300] {processor.py:161} INFO - Started process (PID=23185) to work on /home/user/rubix/internship_project/.venv/lib/python3.10/site-packages/airflow/example_dags/example_python_operator.py
[2024-06-24T14:04:22.048+0300] {processor.py:830} INFO - Processing file /home/user/rubix/internship_project/.venv/lib/python3.10/site-packages/airflow/example_dags/example_python_operator.py for tasks to queue
[2024-06-24T14:04:22.050+0300] {logging_mixin.py:188} INFO - [2024-06-24T14:04:22.049+0300] {dagbag.py:545} INFO - Filling up the DagBag from /home/user/rubix/internship_project/.venv/lib/python3.10/site-packages/airflow/example_dags/example_python_operator.py
[2024-06-24T14:04:22.062+0300] {logging_mixin.py:188} INFO - [2024-06-24T14:04:22.062+0300] {example_python_operator.py:93} WARNING - The virtalenv_python example task requires virtualenv, please install it.
[2024-06-24T14:04:22.062+0300] {processor.py:840} INFO - DAG(s) 'example_python_operator' retrieved from /home/user/rubix/internship_project/.venv/lib/python3.10/site-packages/airflow/example_dags/example_python_operator.py
[2024-06-24T14:04:22.071+0300] {logging_mixin.py:188} INFO - [2024-06-24T14:04:22.071+0300] {dag.py:3096} INFO - Sync 1 DAGs
[2024-06-24T14:04:22.082+0300] {logging_mixin.py:188} INFO - [2024-06-24T14:04:22.082+0300] {dag.py:3954} INFO - Setting next_dagrun for example_python_operator to None, run_after=None
[2024-06-24T14:04:22.113+0300] {processor.py:183} INFO - Processing /home/user/rubix/internship_project/.venv/lib/python3.10/site-packages/airflow/example_dags/example_python_operator.py took 0.074 seconds
[2024-06-24T14:05:23.400+0300] {processor.py:161} INFO - Started process (PID=23651) to work on /home/user/rubix/internship_project/.venv/lib/python3.10/site-packages/airflow/example_dags/example_python_operator.py
[2024-06-24T14:05:23.401+0300] {processor.py:830} INFO - Processing file /home/user/rubix/internship_project/.venv/lib/python3.10/site-packages/airflow/example_dags/example_python_operator.py for tasks to queue
[2024-06-24T14:05:23.403+0300] {logging_mixin.py:188} INFO - [2024-06-24T14:05:23.403+0300] {dagbag.py:545} INFO - Filling up the DagBag from /home/user/rubix/internship_project/.venv/lib/python3.10/site-packages/airflow/example_dags/example_python_operator.py
[2024-06-24T14:05:23.430+0300] {logging_mixin.py:188} INFO - [2024-06-24T14:05:23.430+0300] {example_python_operator.py:93} WARNING - The virtalenv_python example task requires virtualenv, please install it.
[2024-06-24T14:05:23.431+0300] {processor.py:840} INFO - DAG(s) 'example_python_operator' retrieved from /home/user/rubix/internship_project/.venv/lib/python3.10/site-packages/airflow/example_dags/example_python_operator.py
[2024-06-24T14:05:23.623+0300] {logging_mixin.py:188} INFO - [2024-06-24T14:05:23.622+0300] {dag.py:3096} INFO - Sync 1 DAGs
[2024-06-24T14:05:23.629+0300] {logging_mixin.py:188} INFO - [2024-06-24T14:05:23.629+0300] {dag.py:3954} INFO - Setting next_dagrun for example_python_operator to None, run_after=None
[2024-06-24T14:05:23.657+0300] {processor.py:183} INFO - Processing /home/user/rubix/internship_project/.venv/lib/python3.10/site-packages/airflow/example_dags/example_python_operator.py took 0.267 seconds
[2024-06-24T14:06:26.316+0300] {processor.py:161} INFO - Started process (PID=24107) to work on /home/user/rubix/internship_project/.venv/lib/python3.10/site-packages/airflow/example_dags/example_python_operator.py
[2024-06-24T14:06:26.317+0300] {processor.py:830} INFO - Processing file /home/user/rubix/internship_project/.venv/lib/python3.10/site-packages/airflow/example_dags/example_python_operator.py for tasks to queue
[2024-06-24T14:06:26.320+0300] {logging_mixin.py:188} INFO - [2024-06-24T14:06:26.319+0300] {dagbag.py:545} INFO - Filling up the DagBag from /home/user/rubix/internship_project/.venv/lib/python3.10/site-packages/airflow/example_dags/example_python_operator.py
[2024-06-24T14:06:26.336+0300] {logging_mixin.py:188} INFO - [2024-06-24T14:06:26.336+0300] {example_python_operator.py:93} WARNING - The virtalenv_python example task requires virtualenv, please install it.
[2024-06-24T14:06:26.337+0300] {processor.py:840} INFO - DAG(s) 'example_python_operator' retrieved from /home/user/rubix/internship_project/.venv/lib/python3.10/site-packages/airflow/example_dags/example_python_operator.py
[2024-06-24T14:06:26.367+0300] {logging_mixin.py:188} INFO - [2024-06-24T14:06:26.366+0300] {dag.py:3096} INFO - Sync 1 DAGs
[2024-06-24T14:06:26.383+0300] {logging_mixin.py:188} INFO - [2024-06-24T14:06:26.383+0300] {dag.py:3954} INFO - Setting next_dagrun for example_python_operator to None, run_after=None
[2024-06-24T14:06:26.546+0300] {processor.py:183} INFO - Processing /home/user/rubix/internship_project/.venv/lib/python3.10/site-packages/airflow/example_dags/example_python_operator.py took 0.239 seconds
[2024-06-24T14:07:19.097+0300] {processor.py:161} INFO - Started process (PID=24294) to work on /home/user/rubix/internship_project/.venv/lib/python3.10/site-packages/airflow/example_dags/example_python_operator.py
[2024-06-24T14:07:19.098+0300] {processor.py:830} INFO - Processing file /home/user/rubix/internship_project/.venv/lib/python3.10/site-packages/airflow/example_dags/example_python_operator.py for tasks to queue
[2024-06-24T14:07:19.100+0300] {logging_mixin.py:188} INFO - [2024-06-24T14:07:19.099+0300] {dagbag.py:545} INFO - Filling up the DagBag from /home/user/rubix/internship_project/.venv/lib/python3.10/site-packages/airflow/example_dags/example_python_operator.py
[2024-06-24T14:07:19.110+0300] {logging_mixin.py:188} INFO - [2024-06-24T14:07:19.109+0300] {example_python_operator.py:93} WARNING - The virtalenv_python example task requires virtualenv, please install it.
[2024-06-24T14:07:19.110+0300] {processor.py:840} INFO - DAG(s) 'example_python_operator' retrieved from /home/user/rubix/internship_project/.venv/lib/python3.10/site-packages/airflow/example_dags/example_python_operator.py
[2024-06-24T14:07:19.127+0300] {logging_mixin.py:188} INFO - [2024-06-24T14:07:19.127+0300] {dag.py:3096} INFO - Sync 1 DAGs
[2024-06-24T14:07:19.137+0300] {logging_mixin.py:188} INFO - [2024-06-24T14:07:19.137+0300] {dag.py:3954} INFO - Setting next_dagrun for example_python_operator to None, run_after=None
[2024-06-24T14:07:19.166+0300] {processor.py:183} INFO - Processing /home/user/rubix/internship_project/.venv/lib/python3.10/site-packages/airflow/example_dags/example_python_operator.py took 0.077 seconds
[2024-06-24T14:08:11.141+0300] {processor.py:161} INFO - Started process (PID=24643) to work on /home/user/rubix/internship_project/.venv/lib/python3.10/site-packages/airflow/example_dags/example_python_operator.py
[2024-06-24T14:08:11.142+0300] {processor.py:830} INFO - Processing file /home/user/rubix/internship_project/.venv/lib/python3.10/site-packages/airflow/example_dags/example_python_operator.py for tasks to queue
[2024-06-24T14:08:11.145+0300] {logging_mixin.py:188} INFO - [2024-06-24T14:08:11.144+0300] {dagbag.py:545} INFO - Filling up the DagBag from /home/user/rubix/internship_project/.venv/lib/python3.10/site-packages/airflow/example_dags/example_python_operator.py
[2024-06-24T14:08:11.156+0300] {logging_mixin.py:188} INFO - [2024-06-24T14:08:11.156+0300] {example_python_operator.py:93} WARNING - The virtalenv_python example task requires virtualenv, please install it.
[2024-06-24T14:08:11.157+0300] {processor.py:840} INFO - DAG(s) 'example_python_operator' retrieved from /home/user/rubix/internship_project/.venv/lib/python3.10/site-packages/airflow/example_dags/example_python_operator.py
[2024-06-24T14:08:11.176+0300] {logging_mixin.py:188} INFO - [2024-06-24T14:08:11.175+0300] {dag.py:3096} INFO - Sync 1 DAGs
[2024-06-24T14:08:11.186+0300] {logging_mixin.py:188} INFO - [2024-06-24T14:08:11.186+0300] {dag.py:3954} INFO - Setting next_dagrun for example_python_operator to None, run_after=None
[2024-06-24T14:08:11.221+0300] {processor.py:183} INFO - Processing /home/user/rubix/internship_project/.venv/lib/python3.10/site-packages/airflow/example_dags/example_python_operator.py took 0.089 seconds
[2024-06-24T14:08:58.279+0300] {processor.py:161} INFO - Started process (PID=24881) to work on /home/user/rubix/internship_project/.venv/lib/python3.10/site-packages/airflow/example_dags/example_python_operator.py
[2024-06-24T14:08:58.280+0300] {processor.py:830} INFO - Processing file /home/user/rubix/internship_project/.venv/lib/python3.10/site-packages/airflow/example_dags/example_python_operator.py for tasks to queue
[2024-06-24T14:08:58.282+0300] {logging_mixin.py:188} INFO - [2024-06-24T14:08:58.282+0300] {dagbag.py:545} INFO - Filling up the DagBag from /home/user/rubix/internship_project/.venv/lib/python3.10/site-packages/airflow/example_dags/example_python_operator.py
[2024-06-24T14:08:58.296+0300] {logging_mixin.py:188} INFO - [2024-06-24T14:08:58.296+0300] {example_python_operator.py:93} WARNING - The virtalenv_python example task requires virtualenv, please install it.
[2024-06-24T14:08:58.297+0300] {processor.py:840} INFO - DAG(s) 'example_python_operator' retrieved from /home/user/rubix/internship_project/.venv/lib/python3.10/site-packages/airflow/example_dags/example_python_operator.py
[2024-06-24T14:08:58.319+0300] {logging_mixin.py:188} INFO - [2024-06-24T14:08:58.318+0300] {dag.py:3096} INFO - Sync 1 DAGs
[2024-06-24T14:08:58.332+0300] {logging_mixin.py:188} INFO - [2024-06-24T14:08:58.332+0300] {dag.py:3954} INFO - Setting next_dagrun for example_python_operator to None, run_after=None
[2024-06-24T14:08:58.371+0300] {processor.py:183} INFO - Processing /home/user/rubix/internship_project/.venv/lib/python3.10/site-packages/airflow/example_dags/example_python_operator.py took 0.104 seconds
[2024-06-24T14:09:45.399+0300] {processor.py:161} INFO - Started process (PID=25184) to work on /home/user/rubix/internship_project/.venv/lib/python3.10/site-packages/airflow/example_dags/example_python_operator.py
[2024-06-24T14:09:45.401+0300] {processor.py:830} INFO - Processing file /home/user/rubix/internship_project/.venv/lib/python3.10/site-packages/airflow/example_dags/example_python_operator.py for tasks to queue
[2024-06-24T14:09:45.403+0300] {logging_mixin.py:188} INFO - [2024-06-24T14:09:45.402+0300] {dagbag.py:545} INFO - Filling up the DagBag from /home/user/rubix/internship_project/.venv/lib/python3.10/site-packages/airflow/example_dags/example_python_operator.py
[2024-06-24T14:09:45.413+0300] {logging_mixin.py:188} INFO - [2024-06-24T14:09:45.413+0300] {example_python_operator.py:93} WARNING - The virtalenv_python example task requires virtualenv, please install it.
[2024-06-24T14:09:45.414+0300] {processor.py:840} INFO - DAG(s) 'example_python_operator' retrieved from /home/user/rubix/internship_project/.venv/lib/python3.10/site-packages/airflow/example_dags/example_python_operator.py
[2024-06-24T14:09:45.434+0300] {logging_mixin.py:188} INFO - [2024-06-24T14:09:45.434+0300] {dag.py:3096} INFO - Sync 1 DAGs
[2024-06-24T14:09:45.445+0300] {logging_mixin.py:188} INFO - [2024-06-24T14:09:45.445+0300] {dag.py:3954} INFO - Setting next_dagrun for example_python_operator to None, run_after=None
[2024-06-24T14:09:45.478+0300] {processor.py:183} INFO - Processing /home/user/rubix/internship_project/.venv/lib/python3.10/site-packages/airflow/example_dags/example_python_operator.py took 0.087 seconds
[2024-06-24T14:10:31.646+0300] {processor.py:161} INFO - Started process (PID=25508) to work on /home/user/rubix/internship_project/.venv/lib/python3.10/site-packages/airflow/example_dags/example_python_operator.py
[2024-06-24T14:10:31.647+0300] {processor.py:830} INFO - Processing file /home/user/rubix/internship_project/.venv/lib/python3.10/site-packages/airflow/example_dags/example_python_operator.py for tasks to queue
[2024-06-24T14:10:31.649+0300] {logging_mixin.py:188} INFO - [2024-06-24T14:10:31.648+0300] {dagbag.py:545} INFO - Filling up the DagBag from /home/user/rubix/internship_project/.venv/lib/python3.10/site-packages/airflow/example_dags/example_python_operator.py
[2024-06-24T14:10:31.659+0300] {logging_mixin.py:188} INFO - [2024-06-24T14:10:31.659+0300] {example_python_operator.py:93} WARNING - The virtalenv_python example task requires virtualenv, please install it.
[2024-06-24T14:10:31.659+0300] {processor.py:840} INFO - DAG(s) 'example_python_operator' retrieved from /home/user/rubix/internship_project/.venv/lib/python3.10/site-packages/airflow/example_dags/example_python_operator.py
[2024-06-24T14:10:31.678+0300] {logging_mixin.py:188} INFO - [2024-06-24T14:10:31.678+0300] {dag.py:3096} INFO - Sync 1 DAGs
[2024-06-24T14:10:31.688+0300] {logging_mixin.py:188} INFO - [2024-06-24T14:10:31.688+0300] {dag.py:3954} INFO - Setting next_dagrun for example_python_operator to None, run_after=None
[2024-06-24T14:10:31.720+0300] {processor.py:183} INFO - Processing /home/user/rubix/internship_project/.venv/lib/python3.10/site-packages/airflow/example_dags/example_python_operator.py took 0.083 seconds
[2024-06-24T14:11:16.481+0300] {processor.py:161} INFO - Started process (PID=25783) to work on /home/user/rubix/internship_project/.venv/lib/python3.10/site-packages/airflow/example_dags/example_python_operator.py
[2024-06-24T14:11:16.482+0300] {processor.py:830} INFO - Processing file /home/user/rubix/internship_project/.venv/lib/python3.10/site-packages/airflow/example_dags/example_python_operator.py for tasks to queue
[2024-06-24T14:11:16.483+0300] {logging_mixin.py:188} INFO - [2024-06-24T14:11:16.483+0300] {dagbag.py:545} INFO - Filling up the DagBag from /home/user/rubix/internship_project/.venv/lib/python3.10/site-packages/airflow/example_dags/example_python_operator.py
[2024-06-24T14:11:16.493+0300] {logging_mixin.py:188} INFO - [2024-06-24T14:11:16.493+0300] {example_python_operator.py:93} WARNING - The virtalenv_python example task requires virtualenv, please install it.
[2024-06-24T14:11:16.494+0300] {processor.py:840} INFO - DAG(s) 'example_python_operator' retrieved from /home/user/rubix/internship_project/.venv/lib/python3.10/site-packages/airflow/example_dags/example_python_operator.py
[2024-06-24T14:11:16.511+0300] {logging_mixin.py:188} INFO - [2024-06-24T14:11:16.511+0300] {dag.py:3096} INFO - Sync 1 DAGs
[2024-06-24T14:11:16.520+0300] {logging_mixin.py:188} INFO - [2024-06-24T14:11:16.520+0300] {dag.py:3954} INFO - Setting next_dagrun for example_python_operator to None, run_after=None
[2024-06-24T14:11:16.550+0300] {processor.py:183} INFO - Processing /home/user/rubix/internship_project/.venv/lib/python3.10/site-packages/airflow/example_dags/example_python_operator.py took 0.077 seconds
[2024-06-24T14:12:01.016+0300] {processor.py:161} INFO - Started process (PID=26069) to work on /home/user/rubix/internship_project/.venv/lib/python3.10/site-packages/airflow/example_dags/example_python_operator.py
[2024-06-24T14:12:01.017+0300] {processor.py:830} INFO - Processing file /home/user/rubix/internship_project/.venv/lib/python3.10/site-packages/airflow/example_dags/example_python_operator.py for tasks to queue
[2024-06-24T14:12:01.019+0300] {logging_mixin.py:188} INFO - [2024-06-24T14:12:01.018+0300] {dagbag.py:545} INFO - Filling up the DagBag from /home/user/rubix/internship_project/.venv/lib/python3.10/site-packages/airflow/example_dags/example_python_operator.py
[2024-06-24T14:12:01.028+0300] {logging_mixin.py:188} INFO - [2024-06-24T14:12:01.028+0300] {example_python_operator.py:93} WARNING - The virtalenv_python example task requires virtualenv, please install it.
[2024-06-24T14:12:01.028+0300] {processor.py:840} INFO - DAG(s) 'example_python_operator' retrieved from /home/user/rubix/internship_project/.venv/lib/python3.10/site-packages/airflow/example_dags/example_python_operator.py
[2024-06-24T14:12:01.049+0300] {logging_mixin.py:188} INFO - [2024-06-24T14:12:01.049+0300] {dag.py:3096} INFO - Sync 1 DAGs
[2024-06-24T14:12:01.059+0300] {logging_mixin.py:188} INFO - [2024-06-24T14:12:01.059+0300] {dag.py:3954} INFO - Setting next_dagrun for example_python_operator to None, run_after=None
[2024-06-24T14:12:01.090+0300] {processor.py:183} INFO - Processing /home/user/rubix/internship_project/.venv/lib/python3.10/site-packages/airflow/example_dags/example_python_operator.py took 0.082 seconds
[2024-06-24T14:13:08.881+0300] {processor.py:161} INFO - Started process (PID=26272) to work on /home/user/rubix/internship_project/.venv/lib/python3.10/site-packages/airflow/example_dags/example_python_operator.py
[2024-06-24T14:13:08.882+0300] {processor.py:830} INFO - Processing file /home/user/rubix/internship_project/.venv/lib/python3.10/site-packages/airflow/example_dags/example_python_operator.py for tasks to queue
[2024-06-24T14:13:08.884+0300] {logging_mixin.py:188} INFO - [2024-06-24T14:13:08.883+0300] {dagbag.py:545} INFO - Filling up the DagBag from /home/user/rubix/internship_project/.venv/lib/python3.10/site-packages/airflow/example_dags/example_python_operator.py
[2024-06-24T14:13:08.907+0300] {logging_mixin.py:188} INFO - [2024-06-24T14:13:08.906+0300] {example_python_operator.py:93} WARNING - The virtalenv_python example task requires virtualenv, please install it.
[2024-06-24T14:13:08.907+0300] {processor.py:840} INFO - DAG(s) 'example_python_operator' retrieved from /home/user/rubix/internship_project/.venv/lib/python3.10/site-packages/airflow/example_dags/example_python_operator.py
[2024-06-24T14:13:08.924+0300] {logging_mixin.py:188} INFO - [2024-06-24T14:13:08.924+0300] {dag.py:3096} INFO - Sync 1 DAGs
[2024-06-24T14:13:08.933+0300] {logging_mixin.py:188} INFO - [2024-06-24T14:13:08.933+0300] {dag.py:3954} INFO - Setting next_dagrun for example_python_operator to None, run_after=None
[2024-06-24T14:13:08.965+0300] {processor.py:183} INFO - Processing /home/user/rubix/internship_project/.venv/lib/python3.10/site-packages/airflow/example_dags/example_python_operator.py took 0.092 seconds
[2024-06-24T14:14:02.200+0300] {processor.py:161} INFO - Started process (PID=26535) to work on /home/user/rubix/internship_project/.venv/lib/python3.10/site-packages/airflow/example_dags/example_python_operator.py
[2024-06-24T14:14:02.201+0300] {processor.py:830} INFO - Processing file /home/user/rubix/internship_project/.venv/lib/python3.10/site-packages/airflow/example_dags/example_python_operator.py for tasks to queue
[2024-06-24T14:14:02.203+0300] {logging_mixin.py:188} INFO - [2024-06-24T14:14:02.203+0300] {dagbag.py:545} INFO - Filling up the DagBag from /home/user/rubix/internship_project/.venv/lib/python3.10/site-packages/airflow/example_dags/example_python_operator.py
[2024-06-24T14:14:02.214+0300] {logging_mixin.py:188} INFO - [2024-06-24T14:14:02.214+0300] {example_python_operator.py:93} WARNING - The virtalenv_python example task requires virtualenv, please install it.
[2024-06-24T14:14:02.215+0300] {processor.py:840} INFO - DAG(s) 'example_python_operator' retrieved from /home/user/rubix/internship_project/.venv/lib/python3.10/site-packages/airflow/example_dags/example_python_operator.py
[2024-06-24T14:14:02.235+0300] {logging_mixin.py:188} INFO - [2024-06-24T14:14:02.234+0300] {dag.py:3096} INFO - Sync 1 DAGs
[2024-06-24T14:14:02.246+0300] {logging_mixin.py:188} INFO - [2024-06-24T14:14:02.245+0300] {dag.py:3954} INFO - Setting next_dagrun for example_python_operator to None, run_after=None
[2024-06-24T14:14:02.277+0300] {processor.py:183} INFO - Processing /home/user/rubix/internship_project/.venv/lib/python3.10/site-packages/airflow/example_dags/example_python_operator.py took 0.085 seconds
[2024-06-24T14:14:45.615+0300] {processor.py:161} INFO - Started process (PID=26745) to work on /home/user/rubix/internship_project/.venv/lib/python3.10/site-packages/airflow/example_dags/example_python_operator.py
[2024-06-24T14:14:45.616+0300] {processor.py:830} INFO - Processing file /home/user/rubix/internship_project/.venv/lib/python3.10/site-packages/airflow/example_dags/example_python_operator.py for tasks to queue
[2024-06-24T14:14:45.618+0300] {logging_mixin.py:188} INFO - [2024-06-24T14:14:45.618+0300] {dagbag.py:545} INFO - Filling up the DagBag from /home/user/rubix/internship_project/.venv/lib/python3.10/site-packages/airflow/example_dags/example_python_operator.py
[2024-06-24T14:14:45.629+0300] {logging_mixin.py:188} INFO - [2024-06-24T14:14:45.628+0300] {example_python_operator.py:93} WARNING - The virtalenv_python example task requires virtualenv, please install it.
[2024-06-24T14:14:45.629+0300] {processor.py:840} INFO - DAG(s) 'example_python_operator' retrieved from /home/user/rubix/internship_project/.venv/lib/python3.10/site-packages/airflow/example_dags/example_python_operator.py
[2024-06-24T14:14:45.647+0300] {logging_mixin.py:188} INFO - [2024-06-24T14:14:45.647+0300] {dag.py:3096} INFO - Sync 1 DAGs
[2024-06-24T14:14:45.657+0300] {logging_mixin.py:188} INFO - [2024-06-24T14:14:45.657+0300] {dag.py:3954} INFO - Setting next_dagrun for example_python_operator to None, run_after=None
[2024-06-24T14:14:45.686+0300] {processor.py:183} INFO - Processing /home/user/rubix/internship_project/.venv/lib/python3.10/site-packages/airflow/example_dags/example_python_operator.py took 0.079 seconds
[2024-06-24T14:15:28.056+0300] {processor.py:161} INFO - Started process (PID=26897) to work on /home/user/rubix/internship_project/.venv/lib/python3.10/site-packages/airflow/example_dags/example_python_operator.py
[2024-06-24T14:15:28.057+0300] {processor.py:830} INFO - Processing file /home/user/rubix/internship_project/.venv/lib/python3.10/site-packages/airflow/example_dags/example_python_operator.py for tasks to queue
[2024-06-24T14:15:28.059+0300] {logging_mixin.py:188} INFO - [2024-06-24T14:15:28.059+0300] {dagbag.py:545} INFO - Filling up the DagBag from /home/user/rubix/internship_project/.venv/lib/python3.10/site-packages/airflow/example_dags/example_python_operator.py
[2024-06-24T14:15:28.069+0300] {logging_mixin.py:188} INFO - [2024-06-24T14:15:28.069+0300] {example_python_operator.py:93} WARNING - The virtalenv_python example task requires virtualenv, please install it.
[2024-06-24T14:15:28.069+0300] {processor.py:840} INFO - DAG(s) 'example_python_operator' retrieved from /home/user/rubix/internship_project/.venv/lib/python3.10/site-packages/airflow/example_dags/example_python_operator.py
[2024-06-24T14:15:28.088+0300] {logging_mixin.py:188} INFO - [2024-06-24T14:15:28.088+0300] {dag.py:3096} INFO - Sync 1 DAGs
[2024-06-24T14:15:28.099+0300] {logging_mixin.py:188} INFO - [2024-06-24T14:15:28.099+0300] {dag.py:3954} INFO - Setting next_dagrun for example_python_operator to None, run_after=None
[2024-06-24T14:15:28.128+0300] {processor.py:183} INFO - Processing /home/user/rubix/internship_project/.venv/lib/python3.10/site-packages/airflow/example_dags/example_python_operator.py took 0.080 seconds
[2024-06-24T14:16:29.131+0300] {processor.py:161} INFO - Started process (PID=27086) to work on /home/user/rubix/internship_project/.venv/lib/python3.10/site-packages/airflow/example_dags/example_python_operator.py
[2024-06-24T14:16:29.132+0300] {processor.py:830} INFO - Processing file /home/user/rubix/internship_project/.venv/lib/python3.10/site-packages/airflow/example_dags/example_python_operator.py for tasks to queue
[2024-06-24T14:16:29.133+0300] {logging_mixin.py:188} INFO - [2024-06-24T14:16:29.133+0300] {dagbag.py:545} INFO - Filling up the DagBag from /home/user/rubix/internship_project/.venv/lib/python3.10/site-packages/airflow/example_dags/example_python_operator.py
[2024-06-24T14:16:29.143+0300] {logging_mixin.py:188} INFO - [2024-06-24T14:16:29.143+0300] {example_python_operator.py:93} WARNING - The virtalenv_python example task requires virtualenv, please install it.
[2024-06-24T14:16:29.143+0300] {processor.py:840} INFO - DAG(s) 'example_python_operator' retrieved from /home/user/rubix/internship_project/.venv/lib/python3.10/site-packages/airflow/example_dags/example_python_operator.py
[2024-06-24T14:16:29.162+0300] {logging_mixin.py:188} INFO - [2024-06-24T14:16:29.162+0300] {dag.py:3096} INFO - Sync 1 DAGs
[2024-06-24T14:16:29.175+0300] {logging_mixin.py:188} INFO - [2024-06-24T14:16:29.175+0300] {dag.py:3954} INFO - Setting next_dagrun for example_python_operator to None, run_after=None
[2024-06-24T14:16:29.209+0300] {processor.py:183} INFO - Processing /home/user/rubix/internship_project/.venv/lib/python3.10/site-packages/airflow/example_dags/example_python_operator.py took 0.086 seconds
[2024-06-24T14:17:28.028+0300] {processor.py:161} INFO - Started process (PID=27278) to work on /home/user/rubix/internship_project/.venv/lib/python3.10/site-packages/airflow/example_dags/example_python_operator.py
[2024-06-24T14:17:28.029+0300] {processor.py:830} INFO - Processing file /home/user/rubix/internship_project/.venv/lib/python3.10/site-packages/airflow/example_dags/example_python_operator.py for tasks to queue
[2024-06-24T14:17:28.031+0300] {logging_mixin.py:188} INFO - [2024-06-24T14:17:28.030+0300] {dagbag.py:545} INFO - Filling up the DagBag from /home/user/rubix/internship_project/.venv/lib/python3.10/site-packages/airflow/example_dags/example_python_operator.py
[2024-06-24T14:17:28.040+0300] {logging_mixin.py:188} INFO - [2024-06-24T14:17:28.040+0300] {example_python_operator.py:93} WARNING - The virtalenv_python example task requires virtualenv, please install it.
[2024-06-24T14:17:28.041+0300] {processor.py:840} INFO - DAG(s) 'example_python_operator' retrieved from /home/user/rubix/internship_project/.venv/lib/python3.10/site-packages/airflow/example_dags/example_python_operator.py
[2024-06-24T14:17:28.060+0300] {logging_mixin.py:188} INFO - [2024-06-24T14:17:28.060+0300] {dag.py:3096} INFO - Sync 1 DAGs
[2024-06-24T14:17:28.070+0300] {logging_mixin.py:188} INFO - [2024-06-24T14:17:28.070+0300] {dag.py:3954} INFO - Setting next_dagrun for example_python_operator to None, run_after=None
[2024-06-24T14:17:28.102+0300] {processor.py:183} INFO - Processing /home/user/rubix/internship_project/.venv/lib/python3.10/site-packages/airflow/example_dags/example_python_operator.py took 0.082 seconds
[2024-06-24T14:18:15.911+0300] {processor.py:161} INFO - Started process (PID=27439) to work on /home/user/rubix/internship_project/.venv/lib/python3.10/site-packages/airflow/example_dags/example_python_operator.py
[2024-06-24T14:18:15.912+0300] {processor.py:830} INFO - Processing file /home/user/rubix/internship_project/.venv/lib/python3.10/site-packages/airflow/example_dags/example_python_operator.py for tasks to queue
[2024-06-24T14:18:15.914+0300] {logging_mixin.py:188} INFO - [2024-06-24T14:18:15.914+0300] {dagbag.py:545} INFO - Filling up the DagBag from /home/user/rubix/internship_project/.venv/lib/python3.10/site-packages/airflow/example_dags/example_python_operator.py
[2024-06-24T14:18:15.942+0300] {logging_mixin.py:188} INFO - [2024-06-24T14:18:15.941+0300] {example_python_operator.py:93} WARNING - The virtalenv_python example task requires virtualenv, please install it.
[2024-06-24T14:18:15.942+0300] {processor.py:840} INFO - DAG(s) 'example_python_operator' retrieved from /home/user/rubix/internship_project/.venv/lib/python3.10/site-packages/airflow/example_dags/example_python_operator.py
[2024-06-24T14:18:15.962+0300] {logging_mixin.py:188} INFO - [2024-06-24T14:18:15.962+0300] {dag.py:3096} INFO - Sync 1 DAGs
[2024-06-24T14:18:15.971+0300] {logging_mixin.py:188} INFO - [2024-06-24T14:18:15.971+0300] {dag.py:3954} INFO - Setting next_dagrun for example_python_operator to None, run_after=None
[2024-06-24T14:18:16.002+0300] {processor.py:183} INFO - Processing /home/user/rubix/internship_project/.venv/lib/python3.10/site-packages/airflow/example_dags/example_python_operator.py took 0.100 seconds
[2024-06-24T14:19:12.153+0300] {processor.py:161} INFO - Started process (PID=27673) to work on /home/user/rubix/internship_project/.venv/lib/python3.10/site-packages/airflow/example_dags/example_python_operator.py
[2024-06-24T14:19:12.154+0300] {processor.py:830} INFO - Processing file /home/user/rubix/internship_project/.venv/lib/python3.10/site-packages/airflow/example_dags/example_python_operator.py for tasks to queue
[2024-06-24T14:19:12.156+0300] {logging_mixin.py:188} INFO - [2024-06-24T14:19:12.155+0300] {dagbag.py:545} INFO - Filling up the DagBag from /home/user/rubix/internship_project/.venv/lib/python3.10/site-packages/airflow/example_dags/example_python_operator.py
[2024-06-24T14:19:12.165+0300] {logging_mixin.py:188} INFO - [2024-06-24T14:19:12.165+0300] {example_python_operator.py:93} WARNING - The virtalenv_python example task requires virtualenv, please install it.
[2024-06-24T14:19:12.165+0300] {processor.py:840} INFO - DAG(s) 'example_python_operator' retrieved from /home/user/rubix/internship_project/.venv/lib/python3.10/site-packages/airflow/example_dags/example_python_operator.py
[2024-06-24T14:19:12.183+0300] {logging_mixin.py:188} INFO - [2024-06-24T14:19:12.183+0300] {dag.py:3096} INFO - Sync 1 DAGs
[2024-06-24T14:19:12.193+0300] {logging_mixin.py:188} INFO - [2024-06-24T14:19:12.192+0300] {dag.py:3954} INFO - Setting next_dagrun for example_python_operator to None, run_after=None
[2024-06-24T14:19:12.223+0300] {processor.py:183} INFO - Processing /home/user/rubix/internship_project/.venv/lib/python3.10/site-packages/airflow/example_dags/example_python_operator.py took 0.078 seconds
[2024-06-24T14:19:54.837+0300] {processor.py:161} INFO - Started process (PID=27869) to work on /home/user/rubix/internship_project/.venv/lib/python3.10/site-packages/airflow/example_dags/example_python_operator.py
[2024-06-24T14:19:54.838+0300] {processor.py:830} INFO - Processing file /home/user/rubix/internship_project/.venv/lib/python3.10/site-packages/airflow/example_dags/example_python_operator.py for tasks to queue
[2024-06-24T14:19:54.840+0300] {logging_mixin.py:188} INFO - [2024-06-24T14:19:54.839+0300] {dagbag.py:545} INFO - Filling up the DagBag from /home/user/rubix/internship_project/.venv/lib/python3.10/site-packages/airflow/example_dags/example_python_operator.py
[2024-06-24T14:19:54.849+0300] {logging_mixin.py:188} INFO - [2024-06-24T14:19:54.849+0300] {example_python_operator.py:93} WARNING - The virtalenv_python example task requires virtualenv, please install it.
[2024-06-24T14:19:54.849+0300] {processor.py:840} INFO - DAG(s) 'example_python_operator' retrieved from /home/user/rubix/internship_project/.venv/lib/python3.10/site-packages/airflow/example_dags/example_python_operator.py
[2024-06-24T14:19:54.867+0300] {logging_mixin.py:188} INFO - [2024-06-24T14:19:54.867+0300] {dag.py:3096} INFO - Sync 1 DAGs
[2024-06-24T14:19:54.876+0300] {logging_mixin.py:188} INFO - [2024-06-24T14:19:54.876+0300] {dag.py:3954} INFO - Setting next_dagrun for example_python_operator to None, run_after=None
[2024-06-24T14:19:54.906+0300] {processor.py:183} INFO - Processing /home/user/rubix/internship_project/.venv/lib/python3.10/site-packages/airflow/example_dags/example_python_operator.py took 0.077 seconds
[2024-06-24T14:20:53.376+0300] {processor.py:161} INFO - Started process (PID=28276) to work on /home/user/rubix/internship_project/.venv/lib/python3.10/site-packages/airflow/example_dags/example_python_operator.py
[2024-06-24T14:20:53.377+0300] {processor.py:830} INFO - Processing file /home/user/rubix/internship_project/.venv/lib/python3.10/site-packages/airflow/example_dags/example_python_operator.py for tasks to queue
[2024-06-24T14:20:53.379+0300] {logging_mixin.py:188} INFO - [2024-06-24T14:20:53.379+0300] {dagbag.py:545} INFO - Filling up the DagBag from /home/user/rubix/internship_project/.venv/lib/python3.10/site-packages/airflow/example_dags/example_python_operator.py
[2024-06-24T14:20:53.395+0300] {logging_mixin.py:188} INFO - [2024-06-24T14:20:53.394+0300] {example_python_operator.py:93} WARNING - The virtalenv_python example task requires virtualenv, please install it.
[2024-06-24T14:20:53.395+0300] {processor.py:840} INFO - DAG(s) 'example_python_operator' retrieved from /home/user/rubix/internship_project/.venv/lib/python3.10/site-packages/airflow/example_dags/example_python_operator.py
[2024-06-24T14:20:53.417+0300] {logging_mixin.py:188} INFO - [2024-06-24T14:20:53.417+0300] {dag.py:3096} INFO - Sync 1 DAGs
[2024-06-24T14:20:53.432+0300] {logging_mixin.py:188} INFO - [2024-06-24T14:20:53.431+0300] {dag.py:3954} INFO - Setting next_dagrun for example_python_operator to None, run_after=None
[2024-06-24T14:20:53.469+0300] {processor.py:183} INFO - Processing /home/user/rubix/internship_project/.venv/lib/python3.10/site-packages/airflow/example_dags/example_python_operator.py took 0.104 seconds
[2024-06-24T14:21:56.046+0300] {processor.py:161} INFO - Started process (PID=28643) to work on /home/user/rubix/internship_project/.venv/lib/python3.10/site-packages/airflow/example_dags/example_python_operator.py
[2024-06-24T14:21:56.047+0300] {processor.py:830} INFO - Processing file /home/user/rubix/internship_project/.venv/lib/python3.10/site-packages/airflow/example_dags/example_python_operator.py for tasks to queue
[2024-06-24T14:21:56.049+0300] {logging_mixin.py:188} INFO - [2024-06-24T14:21:56.049+0300] {dagbag.py:545} INFO - Filling up the DagBag from /home/user/rubix/internship_project/.venv/lib/python3.10/site-packages/airflow/example_dags/example_python_operator.py
[2024-06-24T14:21:56.059+0300] {logging_mixin.py:188} INFO - [2024-06-24T14:21:56.059+0300] {example_python_operator.py:93} WARNING - The virtalenv_python example task requires virtualenv, please install it.
[2024-06-24T14:21:56.060+0300] {processor.py:840} INFO - DAG(s) 'example_python_operator' retrieved from /home/user/rubix/internship_project/.venv/lib/python3.10/site-packages/airflow/example_dags/example_python_operator.py
[2024-06-24T14:21:56.078+0300] {logging_mixin.py:188} INFO - [2024-06-24T14:21:56.078+0300] {dag.py:3096} INFO - Sync 1 DAGs
[2024-06-24T14:21:56.088+0300] {logging_mixin.py:188} INFO - [2024-06-24T14:21:56.088+0300] {dag.py:3954} INFO - Setting next_dagrun for example_python_operator to None, run_after=None
[2024-06-24T14:21:56.118+0300] {processor.py:183} INFO - Processing /home/user/rubix/internship_project/.venv/lib/python3.10/site-packages/airflow/example_dags/example_python_operator.py took 0.080 seconds
[2024-06-24T14:22:51.694+0300] {processor.py:161} INFO - Started process (PID=28822) to work on /home/user/rubix/internship_project/.venv/lib/python3.10/site-packages/airflow/example_dags/example_python_operator.py
[2024-06-24T14:22:51.695+0300] {processor.py:830} INFO - Processing file /home/user/rubix/internship_project/.venv/lib/python3.10/site-packages/airflow/example_dags/example_python_operator.py for tasks to queue
[2024-06-24T14:22:51.697+0300] {logging_mixin.py:188} INFO - [2024-06-24T14:22:51.697+0300] {dagbag.py:545} INFO - Filling up the DagBag from /home/user/rubix/internship_project/.venv/lib/python3.10/site-packages/airflow/example_dags/example_python_operator.py
[2024-06-24T14:22:51.708+0300] {logging_mixin.py:188} INFO - [2024-06-24T14:22:51.708+0300] {example_python_operator.py:93} WARNING - The virtalenv_python example task requires virtualenv, please install it.
[2024-06-24T14:22:51.709+0300] {processor.py:840} INFO - DAG(s) 'example_python_operator' retrieved from /home/user/rubix/internship_project/.venv/lib/python3.10/site-packages/airflow/example_dags/example_python_operator.py
[2024-06-24T14:22:51.729+0300] {logging_mixin.py:188} INFO - [2024-06-24T14:22:51.729+0300] {dag.py:3096} INFO - Sync 1 DAGs
[2024-06-24T14:22:51.739+0300] {logging_mixin.py:188} INFO - [2024-06-24T14:22:51.739+0300] {dag.py:3954} INFO - Setting next_dagrun for example_python_operator to None, run_after=None
[2024-06-24T14:22:51.773+0300] {processor.py:183} INFO - Processing /home/user/rubix/internship_project/.venv/lib/python3.10/site-packages/airflow/example_dags/example_python_operator.py took 0.087 seconds
[2024-06-24T14:23:35.746+0300] {processor.py:161} INFO - Started process (PID=29016) to work on /home/user/rubix/internship_project/.venv/lib/python3.10/site-packages/airflow/example_dags/example_python_operator.py
[2024-06-24T14:23:35.747+0300] {processor.py:830} INFO - Processing file /home/user/rubix/internship_project/.venv/lib/python3.10/site-packages/airflow/example_dags/example_python_operator.py for tasks to queue
[2024-06-24T14:23:35.749+0300] {logging_mixin.py:188} INFO - [2024-06-24T14:23:35.748+0300] {dagbag.py:545} INFO - Filling up the DagBag from /home/user/rubix/internship_project/.venv/lib/python3.10/site-packages/airflow/example_dags/example_python_operator.py
[2024-06-24T14:23:35.758+0300] {logging_mixin.py:188} INFO - [2024-06-24T14:23:35.758+0300] {example_python_operator.py:93} WARNING - The virtalenv_python example task requires virtualenv, please install it.
[2024-06-24T14:23:35.759+0300] {processor.py:840} INFO - DAG(s) 'example_python_operator' retrieved from /home/user/rubix/internship_project/.venv/lib/python3.10/site-packages/airflow/example_dags/example_python_operator.py
[2024-06-24T14:23:35.778+0300] {logging_mixin.py:188} INFO - [2024-06-24T14:23:35.777+0300] {dag.py:3096} INFO - Sync 1 DAGs
[2024-06-24T14:23:35.787+0300] {logging_mixin.py:188} INFO - [2024-06-24T14:23:35.787+0300] {dag.py:3954} INFO - Setting next_dagrun for example_python_operator to None, run_after=None
[2024-06-24T14:23:35.818+0300] {processor.py:183} INFO - Processing /home/user/rubix/internship_project/.venv/lib/python3.10/site-packages/airflow/example_dags/example_python_operator.py took 0.080 seconds
[2024-06-24T14:24:22.528+0300] {processor.py:161} INFO - Started process (PID=29235) to work on /home/user/rubix/internship_project/.venv/lib/python3.10/site-packages/airflow/example_dags/example_python_operator.py
[2024-06-24T14:24:22.529+0300] {processor.py:830} INFO - Processing file /home/user/rubix/internship_project/.venv/lib/python3.10/site-packages/airflow/example_dags/example_python_operator.py for tasks to queue
[2024-06-24T14:24:22.531+0300] {logging_mixin.py:188} INFO - [2024-06-24T14:24:22.530+0300] {dagbag.py:545} INFO - Filling up the DagBag from /home/user/rubix/internship_project/.venv/lib/python3.10/site-packages/airflow/example_dags/example_python_operator.py
[2024-06-24T14:24:22.543+0300] {logging_mixin.py:188} INFO - [2024-06-24T14:24:22.542+0300] {example_python_operator.py:93} WARNING - The virtalenv_python example task requires virtualenv, please install it.
[2024-06-24T14:24:22.543+0300] {processor.py:840} INFO - DAG(s) 'example_python_operator' retrieved from /home/user/rubix/internship_project/.venv/lib/python3.10/site-packages/airflow/example_dags/example_python_operator.py
[2024-06-24T14:24:22.563+0300] {logging_mixin.py:188} INFO - [2024-06-24T14:24:22.562+0300] {dag.py:3096} INFO - Sync 1 DAGs
[2024-06-24T14:24:22.574+0300] {logging_mixin.py:188} INFO - [2024-06-24T14:24:22.573+0300] {dag.py:3954} INFO - Setting next_dagrun for example_python_operator to None, run_after=None
[2024-06-24T14:24:22.604+0300] {processor.py:183} INFO - Processing /home/user/rubix/internship_project/.venv/lib/python3.10/site-packages/airflow/example_dags/example_python_operator.py took 0.086 seconds
[2024-06-24T14:25:08.130+0300] {processor.py:161} INFO - Started process (PID=29489) to work on /home/user/rubix/internship_project/.venv/lib/python3.10/site-packages/airflow/example_dags/example_python_operator.py
[2024-06-24T14:25:08.131+0300] {processor.py:830} INFO - Processing file /home/user/rubix/internship_project/.venv/lib/python3.10/site-packages/airflow/example_dags/example_python_operator.py for tasks to queue
[2024-06-24T14:25:08.133+0300] {logging_mixin.py:188} INFO - [2024-06-24T14:25:08.133+0300] {dagbag.py:545} INFO - Filling up the DagBag from /home/user/rubix/internship_project/.venv/lib/python3.10/site-packages/airflow/example_dags/example_python_operator.py
[2024-06-24T14:25:08.143+0300] {logging_mixin.py:188} INFO - [2024-06-24T14:25:08.143+0300] {example_python_operator.py:93} WARNING - The virtalenv_python example task requires virtualenv, please install it.
[2024-06-24T14:25:08.143+0300] {processor.py:840} INFO - DAG(s) 'example_python_operator' retrieved from /home/user/rubix/internship_project/.venv/lib/python3.10/site-packages/airflow/example_dags/example_python_operator.py
[2024-06-24T14:25:08.163+0300] {logging_mixin.py:188} INFO - [2024-06-24T14:25:08.163+0300] {dag.py:3096} INFO - Sync 1 DAGs
[2024-06-24T14:25:08.173+0300] {logging_mixin.py:188} INFO - [2024-06-24T14:25:08.173+0300] {dag.py:3954} INFO - Setting next_dagrun for example_python_operator to None, run_after=None
[2024-06-24T14:25:08.203+0300] {processor.py:183} INFO - Processing /home/user/rubix/internship_project/.venv/lib/python3.10/site-packages/airflow/example_dags/example_python_operator.py took 0.081 seconds
[2024-06-24T14:26:07.905+0300] {processor.py:161} INFO - Started process (PID=29718) to work on /home/user/rubix/internship_project/.venv/lib/python3.10/site-packages/airflow/example_dags/example_python_operator.py
[2024-06-24T14:26:07.906+0300] {processor.py:830} INFO - Processing file /home/user/rubix/internship_project/.venv/lib/python3.10/site-packages/airflow/example_dags/example_python_operator.py for tasks to queue
[2024-06-24T14:26:07.907+0300] {logging_mixin.py:188} INFO - [2024-06-24T14:26:07.907+0300] {dagbag.py:545} INFO - Filling up the DagBag from /home/user/rubix/internship_project/.venv/lib/python3.10/site-packages/airflow/example_dags/example_python_operator.py
[2024-06-24T14:26:07.918+0300] {logging_mixin.py:188} INFO - [2024-06-24T14:26:07.917+0300] {example_python_operator.py:93} WARNING - The virtalenv_python example task requires virtualenv, please install it.
[2024-06-24T14:26:07.918+0300] {processor.py:840} INFO - DAG(s) 'example_python_operator' retrieved from /home/user/rubix/internship_project/.venv/lib/python3.10/site-packages/airflow/example_dags/example_python_operator.py
[2024-06-24T14:26:07.935+0300] {logging_mixin.py:188} INFO - [2024-06-24T14:26:07.935+0300] {dag.py:3096} INFO - Sync 1 DAGs
[2024-06-24T14:26:07.944+0300] {logging_mixin.py:188} INFO - [2024-06-24T14:26:07.944+0300] {dag.py:3954} INFO - Setting next_dagrun for example_python_operator to None, run_after=None
[2024-06-24T14:26:07.974+0300] {processor.py:183} INFO - Processing /home/user/rubix/internship_project/.venv/lib/python3.10/site-packages/airflow/example_dags/example_python_operator.py took 0.077 seconds
[2024-06-24T14:27:12.154+0300] {processor.py:161} INFO - Started process (PID=30247) to work on /home/user/rubix/internship_project/.venv/lib/python3.10/site-packages/airflow/example_dags/example_python_operator.py
[2024-06-24T14:27:12.155+0300] {processor.py:830} INFO - Processing file /home/user/rubix/internship_project/.venv/lib/python3.10/site-packages/airflow/example_dags/example_python_operator.py for tasks to queue
[2024-06-24T14:27:12.157+0300] {logging_mixin.py:188} INFO - [2024-06-24T14:27:12.157+0300] {dagbag.py:545} INFO - Filling up the DagBag from /home/user/rubix/internship_project/.venv/lib/python3.10/site-packages/airflow/example_dags/example_python_operator.py
[2024-06-24T14:27:12.168+0300] {logging_mixin.py:188} INFO - [2024-06-24T14:27:12.168+0300] {example_python_operator.py:93} WARNING - The virtalenv_python example task requires virtualenv, please install it.
[2024-06-24T14:27:12.169+0300] {processor.py:840} INFO - DAG(s) 'example_python_operator' retrieved from /home/user/rubix/internship_project/.venv/lib/python3.10/site-packages/airflow/example_dags/example_python_operator.py
[2024-06-24T14:27:12.190+0300] {logging_mixin.py:188} INFO - [2024-06-24T14:27:12.190+0300] {dag.py:3096} INFO - Sync 1 DAGs
[2024-06-24T14:27:12.203+0300] {logging_mixin.py:188} INFO - [2024-06-24T14:27:12.203+0300] {dag.py:3954} INFO - Setting next_dagrun for example_python_operator to None, run_after=None
[2024-06-24T14:27:12.230+0300] {processor.py:183} INFO - Processing /home/user/rubix/internship_project/.venv/lib/python3.10/site-packages/airflow/example_dags/example_python_operator.py took 0.085 seconds
[2024-06-24T14:27:56.567+0300] {processor.py:161} INFO - Started process (PID=30563) to work on /home/user/rubix/internship_project/.venv/lib/python3.10/site-packages/airflow/example_dags/example_python_operator.py
[2024-06-24T14:27:56.568+0300] {processor.py:830} INFO - Processing file /home/user/rubix/internship_project/.venv/lib/python3.10/site-packages/airflow/example_dags/example_python_operator.py for tasks to queue
[2024-06-24T14:27:56.570+0300] {logging_mixin.py:188} INFO - [2024-06-24T14:27:56.570+0300] {dagbag.py:545} INFO - Filling up the DagBag from /home/user/rubix/internship_project/.venv/lib/python3.10/site-packages/airflow/example_dags/example_python_operator.py
[2024-06-24T14:27:56.579+0300] {logging_mixin.py:188} INFO - [2024-06-24T14:27:56.579+0300] {example_python_operator.py:93} WARNING - The virtalenv_python example task requires virtualenv, please install it.
[2024-06-24T14:27:56.580+0300] {processor.py:840} INFO - DAG(s) 'example_python_operator' retrieved from /home/user/rubix/internship_project/.venv/lib/python3.10/site-packages/airflow/example_dags/example_python_operator.py
[2024-06-24T14:27:56.600+0300] {logging_mixin.py:188} INFO - [2024-06-24T14:27:56.599+0300] {dag.py:3096} INFO - Sync 1 DAGs
[2024-06-24T14:27:56.614+0300] {logging_mixin.py:188} INFO - [2024-06-24T14:27:56.613+0300] {dag.py:3954} INFO - Setting next_dagrun for example_python_operator to None, run_after=None
[2024-06-24T14:27:56.651+0300] {processor.py:183} INFO - Processing /home/user/rubix/internship_project/.venv/lib/python3.10/site-packages/airflow/example_dags/example_python_operator.py took 0.091 seconds
[2024-06-24T14:29:02.667+0300] {processor.py:161} INFO - Started process (PID=30987) to work on /home/user/rubix/internship_project/.venv/lib/python3.10/site-packages/airflow/example_dags/example_python_operator.py
[2024-06-24T14:29:02.668+0300] {processor.py:830} INFO - Processing file /home/user/rubix/internship_project/.venv/lib/python3.10/site-packages/airflow/example_dags/example_python_operator.py for tasks to queue
[2024-06-24T14:29:02.670+0300] {logging_mixin.py:188} INFO - [2024-06-24T14:29:02.670+0300] {dagbag.py:545} INFO - Filling up the DagBag from /home/user/rubix/internship_project/.venv/lib/python3.10/site-packages/airflow/example_dags/example_python_operator.py
[2024-06-24T14:29:02.684+0300] {logging_mixin.py:188} INFO - [2024-06-24T14:29:02.683+0300] {example_python_operator.py:93} WARNING - The virtalenv_python example task requires virtualenv, please install it.
[2024-06-24T14:29:02.684+0300] {processor.py:840} INFO - DAG(s) 'example_python_operator' retrieved from /home/user/rubix/internship_project/.venv/lib/python3.10/site-packages/airflow/example_dags/example_python_operator.py
[2024-06-24T14:29:02.703+0300] {logging_mixin.py:188} INFO - [2024-06-24T14:29:02.703+0300] {dag.py:3096} INFO - Sync 1 DAGs
[2024-06-24T14:29:02.714+0300] {logging_mixin.py:188} INFO - [2024-06-24T14:29:02.714+0300] {dag.py:3954} INFO - Setting next_dagrun for example_python_operator to None, run_after=None
[2024-06-24T14:29:02.746+0300] {processor.py:183} INFO - Processing /home/user/rubix/internship_project/.venv/lib/python3.10/site-packages/airflow/example_dags/example_python_operator.py took 0.088 seconds
[2024-06-24T14:29:50.478+0300] {processor.py:161} INFO - Started process (PID=31329) to work on /home/user/rubix/internship_project/.venv/lib/python3.10/site-packages/airflow/example_dags/example_python_operator.py
[2024-06-24T14:29:50.479+0300] {processor.py:830} INFO - Processing file /home/user/rubix/internship_project/.venv/lib/python3.10/site-packages/airflow/example_dags/example_python_operator.py for tasks to queue
[2024-06-24T14:29:50.481+0300] {logging_mixin.py:188} INFO - [2024-06-24T14:29:50.481+0300] {dagbag.py:545} INFO - Filling up the DagBag from /home/user/rubix/internship_project/.venv/lib/python3.10/site-packages/airflow/example_dags/example_python_operator.py
[2024-06-24T14:29:50.492+0300] {logging_mixin.py:188} INFO - [2024-06-24T14:29:50.492+0300] {example_python_operator.py:93} WARNING - The virtalenv_python example task requires virtualenv, please install it.
[2024-06-24T14:29:50.493+0300] {processor.py:840} INFO - DAG(s) 'example_python_operator' retrieved from /home/user/rubix/internship_project/.venv/lib/python3.10/site-packages/airflow/example_dags/example_python_operator.py
[2024-06-24T14:29:50.512+0300] {logging_mixin.py:188} INFO - [2024-06-24T14:29:50.512+0300] {dag.py:3096} INFO - Sync 1 DAGs
[2024-06-24T14:29:50.524+0300] {logging_mixin.py:188} INFO - [2024-06-24T14:29:50.523+0300] {dag.py:3954} INFO - Setting next_dagrun for example_python_operator to None, run_after=None
[2024-06-24T14:29:50.557+0300] {processor.py:183} INFO - Processing /home/user/rubix/internship_project/.venv/lib/python3.10/site-packages/airflow/example_dags/example_python_operator.py took 0.089 seconds
[2024-06-24T14:30:38.780+0300] {processor.py:161} INFO - Started process (PID=31491) to work on /home/user/rubix/internship_project/.venv/lib/python3.10/site-packages/airflow/example_dags/example_python_operator.py
[2024-06-24T14:30:38.782+0300] {processor.py:830} INFO - Processing file /home/user/rubix/internship_project/.venv/lib/python3.10/site-packages/airflow/example_dags/example_python_operator.py for tasks to queue
[2024-06-24T14:30:38.783+0300] {logging_mixin.py:188} INFO - [2024-06-24T14:30:38.783+0300] {dagbag.py:545} INFO - Filling up the DagBag from /home/user/rubix/internship_project/.venv/lib/python3.10/site-packages/airflow/example_dags/example_python_operator.py
[2024-06-24T14:30:38.793+0300] {logging_mixin.py:188} INFO - [2024-06-24T14:30:38.793+0300] {example_python_operator.py:93} WARNING - The virtalenv_python example task requires virtualenv, please install it.
[2024-06-24T14:30:38.793+0300] {processor.py:840} INFO - DAG(s) 'example_python_operator' retrieved from /home/user/rubix/internship_project/.venv/lib/python3.10/site-packages/airflow/example_dags/example_python_operator.py
[2024-06-24T14:30:38.812+0300] {logging_mixin.py:188} INFO - [2024-06-24T14:30:38.812+0300] {dag.py:3096} INFO - Sync 1 DAGs
[2024-06-24T14:30:38.821+0300] {logging_mixin.py:188} INFO - [2024-06-24T14:30:38.821+0300] {dag.py:3954} INFO - Setting next_dagrun for example_python_operator to None, run_after=None
[2024-06-24T14:30:38.851+0300] {processor.py:183} INFO - Processing /home/user/rubix/internship_project/.venv/lib/python3.10/site-packages/airflow/example_dags/example_python_operator.py took 0.078 seconds
[2024-06-24T14:31:26.635+0300] {processor.py:161} INFO - Started process (PID=31829) to work on /home/user/rubix/internship_project/.venv/lib/python3.10/site-packages/airflow/example_dags/example_python_operator.py
[2024-06-24T14:31:26.636+0300] {processor.py:830} INFO - Processing file /home/user/rubix/internship_project/.venv/lib/python3.10/site-packages/airflow/example_dags/example_python_operator.py for tasks to queue
[2024-06-24T14:31:26.638+0300] {logging_mixin.py:188} INFO - [2024-06-24T14:31:26.637+0300] {dagbag.py:545} INFO - Filling up the DagBag from /home/user/rubix/internship_project/.venv/lib/python3.10/site-packages/airflow/example_dags/example_python_operator.py
[2024-06-24T14:31:26.648+0300] {logging_mixin.py:188} INFO - [2024-06-24T14:31:26.647+0300] {example_python_operator.py:93} WARNING - The virtalenv_python example task requires virtualenv, please install it.
[2024-06-24T14:31:26.648+0300] {processor.py:840} INFO - DAG(s) 'example_python_operator' retrieved from /home/user/rubix/internship_project/.venv/lib/python3.10/site-packages/airflow/example_dags/example_python_operator.py
[2024-06-24T14:31:26.667+0300] {logging_mixin.py:188} INFO - [2024-06-24T14:31:26.667+0300] {dag.py:3096} INFO - Sync 1 DAGs
[2024-06-24T14:31:26.678+0300] {logging_mixin.py:188} INFO - [2024-06-24T14:31:26.677+0300] {dag.py:3954} INFO - Setting next_dagrun for example_python_operator to None, run_after=None
[2024-06-24T14:31:26.710+0300] {processor.py:183} INFO - Processing /home/user/rubix/internship_project/.venv/lib/python3.10/site-packages/airflow/example_dags/example_python_operator.py took 0.084 seconds
[2024-06-24T14:32:12.513+0300] {processor.py:161} INFO - Started process (PID=32046) to work on /home/user/rubix/internship_project/.venv/lib/python3.10/site-packages/airflow/example_dags/example_python_operator.py
[2024-06-24T14:32:12.514+0300] {processor.py:830} INFO - Processing file /home/user/rubix/internship_project/.venv/lib/python3.10/site-packages/airflow/example_dags/example_python_operator.py for tasks to queue
[2024-06-24T14:32:12.516+0300] {logging_mixin.py:188} INFO - [2024-06-24T14:32:12.515+0300] {dagbag.py:545} INFO - Filling up the DagBag from /home/user/rubix/internship_project/.venv/lib/python3.10/site-packages/airflow/example_dags/example_python_operator.py
[2024-06-24T14:32:12.525+0300] {logging_mixin.py:188} INFO - [2024-06-24T14:32:12.525+0300] {example_python_operator.py:93} WARNING - The virtalenv_python example task requires virtualenv, please install it.
[2024-06-24T14:32:12.526+0300] {processor.py:840} INFO - DAG(s) 'example_python_operator' retrieved from /home/user/rubix/internship_project/.venv/lib/python3.10/site-packages/airflow/example_dags/example_python_operator.py
[2024-06-24T14:32:12.544+0300] {logging_mixin.py:188} INFO - [2024-06-24T14:32:12.544+0300] {dag.py:3096} INFO - Sync 1 DAGs
[2024-06-24T14:32:12.554+0300] {logging_mixin.py:188} INFO - [2024-06-24T14:32:12.554+0300] {dag.py:3954} INFO - Setting next_dagrun for example_python_operator to None, run_after=None
[2024-06-24T14:32:12.584+0300] {processor.py:183} INFO - Processing /home/user/rubix/internship_project/.venv/lib/python3.10/site-packages/airflow/example_dags/example_python_operator.py took 0.080 seconds
