[2024-06-24T14:03:06.023+0300] {processor.py:161} INFO - Started process (PID=22626) to work on /home/user/rubix/internship_project/.venv/lib/python3.10/site-packages/airflow/example_dags/example_setup_teardown_taskflow.py
[2024-06-24T14:03:06.025+0300] {processor.py:830} INFO - Processing file /home/user/rubix/internship_project/.venv/lib/python3.10/site-packages/airflow/example_dags/example_setup_teardown_taskflow.py for tasks to queue
[2024-06-24T14:03:06.038+0300] {logging_mixin.py:188} INFO - [2024-06-24T14:03:06.037+0300] {dagbag.py:545} INFO - Filling up the DagBag from /home/user/rubix/internship_project/.venv/lib/python3.10/site-packages/airflow/example_dags/example_setup_teardown_taskflow.py
[2024-06-24T14:03:06.047+0300] {processor.py:840} INFO - DAG(s) 'example_setup_teardown_taskflow' retrieved from /home/user/rubix/internship_project/.venv/lib/python3.10/site-packages/airflow/example_dags/example_setup_teardown_taskflow.py
[2024-06-24T14:03:06.058+0300] {logging_mixin.py:188} INFO - [2024-06-24T14:03:06.057+0300] {dag.py:3096} INFO - Sync 1 DAGs
[2024-06-24T14:03:06.074+0300] {logging_mixin.py:188} INFO - [2024-06-24T14:03:06.074+0300] {dag.py:3954} INFO - Setting next_dagrun for example_setup_teardown_taskflow to 2024-06-23 00:00:00+00:00, run_after=2024-06-24 00:00:00+00:00
[2024-06-24T14:03:06.096+0300] {processor.py:183} INFO - Processing /home/user/rubix/internship_project/.venv/lib/python3.10/site-packages/airflow/example_dags/example_setup_teardown_taskflow.py took 0.080 seconds
[2024-06-24T14:04:17.442+0300] {processor.py:161} INFO - Started process (PID=23175) to work on /home/user/rubix/internship_project/.venv/lib/python3.10/site-packages/airflow/example_dags/example_setup_teardown_taskflow.py
[2024-06-24T14:04:17.443+0300] {processor.py:830} INFO - Processing file /home/user/rubix/internship_project/.venv/lib/python3.10/site-packages/airflow/example_dags/example_setup_teardown_taskflow.py for tasks to queue
[2024-06-24T14:04:17.445+0300] {logging_mixin.py:188} INFO - [2024-06-24T14:04:17.445+0300] {dagbag.py:545} INFO - Filling up the DagBag from /home/user/rubix/internship_project/.venv/lib/python3.10/site-packages/airflow/example_dags/example_setup_teardown_taskflow.py
[2024-06-24T14:04:17.454+0300] {processor.py:840} INFO - DAG(s) 'example_setup_teardown_taskflow' retrieved from /home/user/rubix/internship_project/.venv/lib/python3.10/site-packages/airflow/example_dags/example_setup_teardown_taskflow.py
[2024-06-24T14:04:17.465+0300] {logging_mixin.py:188} INFO - [2024-06-24T14:04:17.465+0300] {dag.py:3096} INFO - Sync 1 DAGs
[2024-06-24T14:04:17.481+0300] {logging_mixin.py:188} INFO - [2024-06-24T14:04:17.481+0300] {dag.py:3954} INFO - Setting next_dagrun for example_setup_teardown_taskflow to 2024-06-23 00:00:00+00:00, run_after=2024-06-24 00:00:00+00:00
[2024-06-24T14:04:17.510+0300] {processor.py:183} INFO - Processing /home/user/rubix/internship_project/.venv/lib/python3.10/site-packages/airflow/example_dags/example_setup_teardown_taskflow.py took 0.075 seconds
[2024-06-24T14:05:18.219+0300] {processor.py:161} INFO - Started process (PID=23622) to work on /home/user/rubix/internship_project/.venv/lib/python3.10/site-packages/airflow/example_dags/example_setup_teardown_taskflow.py
[2024-06-24T14:05:18.220+0300] {processor.py:830} INFO - Processing file /home/user/rubix/internship_project/.venv/lib/python3.10/site-packages/airflow/example_dags/example_setup_teardown_taskflow.py for tasks to queue
[2024-06-24T14:05:18.222+0300] {logging_mixin.py:188} INFO - [2024-06-24T14:05:18.221+0300] {dagbag.py:545} INFO - Filling up the DagBag from /home/user/rubix/internship_project/.venv/lib/python3.10/site-packages/airflow/example_dags/example_setup_teardown_taskflow.py
[2024-06-24T14:05:18.248+0300] {processor.py:840} INFO - DAG(s) 'example_setup_teardown_taskflow' retrieved from /home/user/rubix/internship_project/.venv/lib/python3.10/site-packages/airflow/example_dags/example_setup_teardown_taskflow.py
[2024-06-24T14:05:18.419+0300] {logging_mixin.py:188} INFO - [2024-06-24T14:05:18.419+0300] {dag.py:3096} INFO - Sync 1 DAGs
[2024-06-24T14:05:18.430+0300] {logging_mixin.py:188} INFO - [2024-06-24T14:05:18.430+0300] {dag.py:3954} INFO - Setting next_dagrun for example_setup_teardown_taskflow to 2024-06-23 00:00:00+00:00, run_after=2024-06-24 00:00:00+00:00
[2024-06-24T14:05:18.446+0300] {processor.py:183} INFO - Processing /home/user/rubix/internship_project/.venv/lib/python3.10/site-packages/airflow/example_dags/example_setup_teardown_taskflow.py took 0.235 seconds
[2024-06-24T14:06:20.039+0300] {processor.py:161} INFO - Started process (PID=24096) to work on /home/user/rubix/internship_project/.venv/lib/python3.10/site-packages/airflow/example_dags/example_setup_teardown_taskflow.py
[2024-06-24T14:06:20.040+0300] {processor.py:830} INFO - Processing file /home/user/rubix/internship_project/.venv/lib/python3.10/site-packages/airflow/example_dags/example_setup_teardown_taskflow.py for tasks to queue
[2024-06-24T14:06:20.042+0300] {logging_mixin.py:188} INFO - [2024-06-24T14:06:20.041+0300] {dagbag.py:545} INFO - Filling up the DagBag from /home/user/rubix/internship_project/.venv/lib/python3.10/site-packages/airflow/example_dags/example_setup_teardown_taskflow.py
[2024-06-24T14:06:20.051+0300] {processor.py:840} INFO - DAG(s) 'example_setup_teardown_taskflow' retrieved from /home/user/rubix/internship_project/.venv/lib/python3.10/site-packages/airflow/example_dags/example_setup_teardown_taskflow.py
[2024-06-24T14:06:20.068+0300] {logging_mixin.py:188} INFO - [2024-06-24T14:06:20.067+0300] {dag.py:3096} INFO - Sync 1 DAGs
[2024-06-24T14:06:20.183+0300] {logging_mixin.py:188} INFO - [2024-06-24T14:06:20.183+0300] {dag.py:3954} INFO - Setting next_dagrun for example_setup_teardown_taskflow to 2024-06-23 00:00:00+00:00, run_after=2024-06-24 00:00:00+00:00
[2024-06-24T14:06:20.213+0300] {processor.py:183} INFO - Processing /home/user/rubix/internship_project/.venv/lib/python3.10/site-packages/airflow/example_dags/example_setup_teardown_taskflow.py took 0.182 seconds
[2024-06-24T14:07:13.952+0300] {processor.py:161} INFO - Started process (PID=24268) to work on /home/user/rubix/internship_project/.venv/lib/python3.10/site-packages/airflow/example_dags/example_setup_teardown_taskflow.py
[2024-06-24T14:07:13.953+0300] {processor.py:830} INFO - Processing file /home/user/rubix/internship_project/.venv/lib/python3.10/site-packages/airflow/example_dags/example_setup_teardown_taskflow.py for tasks to queue
[2024-06-24T14:07:13.955+0300] {logging_mixin.py:188} INFO - [2024-06-24T14:07:13.954+0300] {dagbag.py:545} INFO - Filling up the DagBag from /home/user/rubix/internship_project/.venv/lib/python3.10/site-packages/airflow/example_dags/example_setup_teardown_taskflow.py
[2024-06-24T14:07:13.964+0300] {processor.py:840} INFO - DAG(s) 'example_setup_teardown_taskflow' retrieved from /home/user/rubix/internship_project/.venv/lib/python3.10/site-packages/airflow/example_dags/example_setup_teardown_taskflow.py
[2024-06-24T14:07:13.982+0300] {logging_mixin.py:188} INFO - [2024-06-24T14:07:13.982+0300] {dag.py:3096} INFO - Sync 1 DAGs
[2024-06-24T14:07:13.997+0300] {logging_mixin.py:188} INFO - [2024-06-24T14:07:13.997+0300] {dag.py:3954} INFO - Setting next_dagrun for example_setup_teardown_taskflow to 2024-06-23 00:00:00+00:00, run_after=2024-06-24 00:00:00+00:00
[2024-06-24T14:07:14.028+0300] {processor.py:183} INFO - Processing /home/user/rubix/internship_project/.venv/lib/python3.10/site-packages/airflow/example_dags/example_setup_teardown_taskflow.py took 0.083 seconds
[2024-06-24T14:08:06.415+0300] {processor.py:161} INFO - Started process (PID=24600) to work on /home/user/rubix/internship_project/.venv/lib/python3.10/site-packages/airflow/example_dags/example_setup_teardown_taskflow.py
[2024-06-24T14:08:06.416+0300] {processor.py:830} INFO - Processing file /home/user/rubix/internship_project/.venv/lib/python3.10/site-packages/airflow/example_dags/example_setup_teardown_taskflow.py for tasks to queue
[2024-06-24T14:08:06.418+0300] {logging_mixin.py:188} INFO - [2024-06-24T14:08:06.418+0300] {dagbag.py:545} INFO - Filling up the DagBag from /home/user/rubix/internship_project/.venv/lib/python3.10/site-packages/airflow/example_dags/example_setup_teardown_taskflow.py
[2024-06-24T14:08:06.429+0300] {processor.py:840} INFO - DAG(s) 'example_setup_teardown_taskflow' retrieved from /home/user/rubix/internship_project/.venv/lib/python3.10/site-packages/airflow/example_dags/example_setup_teardown_taskflow.py
[2024-06-24T14:08:06.449+0300] {logging_mixin.py:188} INFO - [2024-06-24T14:08:06.448+0300] {dag.py:3096} INFO - Sync 1 DAGs
[2024-06-24T14:08:06.465+0300] {logging_mixin.py:188} INFO - [2024-06-24T14:08:06.465+0300] {dag.py:3954} INFO - Setting next_dagrun for example_setup_teardown_taskflow to 2024-06-23 00:00:00+00:00, run_after=2024-06-24 00:00:00+00:00
[2024-06-24T14:08:06.494+0300] {processor.py:183} INFO - Processing /home/user/rubix/internship_project/.venv/lib/python3.10/site-packages/airflow/example_dags/example_setup_teardown_taskflow.py took 0.088 seconds
[2024-06-24T14:08:54.211+0300] {processor.py:161} INFO - Started process (PID=24864) to work on /home/user/rubix/internship_project/.venv/lib/python3.10/site-packages/airflow/example_dags/example_setup_teardown_taskflow.py
[2024-06-24T14:08:54.212+0300] {processor.py:830} INFO - Processing file /home/user/rubix/internship_project/.venv/lib/python3.10/site-packages/airflow/example_dags/example_setup_teardown_taskflow.py for tasks to queue
[2024-06-24T14:08:54.214+0300] {logging_mixin.py:188} INFO - [2024-06-24T14:08:54.214+0300] {dagbag.py:545} INFO - Filling up the DagBag from /home/user/rubix/internship_project/.venv/lib/python3.10/site-packages/airflow/example_dags/example_setup_teardown_taskflow.py
[2024-06-24T14:08:54.225+0300] {processor.py:840} INFO - DAG(s) 'example_setup_teardown_taskflow' retrieved from /home/user/rubix/internship_project/.venv/lib/python3.10/site-packages/airflow/example_dags/example_setup_teardown_taskflow.py
[2024-06-24T14:08:54.245+0300] {logging_mixin.py:188} INFO - [2024-06-24T14:08:54.244+0300] {dag.py:3096} INFO - Sync 1 DAGs
[2024-06-24T14:08:54.260+0300] {logging_mixin.py:188} INFO - [2024-06-24T14:08:54.260+0300] {dag.py:3954} INFO - Setting next_dagrun for example_setup_teardown_taskflow to 2024-06-23 00:00:00+00:00, run_after=2024-06-24 00:00:00+00:00
[2024-06-24T14:08:54.289+0300] {processor.py:183} INFO - Processing /home/user/rubix/internship_project/.venv/lib/python3.10/site-packages/airflow/example_dags/example_setup_teardown_taskflow.py took 0.087 seconds
[2024-06-24T14:09:42.320+0300] {processor.py:161} INFO - Started process (PID=25144) to work on /home/user/rubix/internship_project/.venv/lib/python3.10/site-packages/airflow/example_dags/example_setup_teardown_taskflow.py
[2024-06-24T14:09:42.321+0300] {processor.py:830} INFO - Processing file /home/user/rubix/internship_project/.venv/lib/python3.10/site-packages/airflow/example_dags/example_setup_teardown_taskflow.py for tasks to queue
[2024-06-24T14:09:42.324+0300] {logging_mixin.py:188} INFO - [2024-06-24T14:09:42.323+0300] {dagbag.py:545} INFO - Filling up the DagBag from /home/user/rubix/internship_project/.venv/lib/python3.10/site-packages/airflow/example_dags/example_setup_teardown_taskflow.py
[2024-06-24T14:09:42.335+0300] {processor.py:840} INFO - DAG(s) 'example_setup_teardown_taskflow' retrieved from /home/user/rubix/internship_project/.venv/lib/python3.10/site-packages/airflow/example_dags/example_setup_teardown_taskflow.py
[2024-06-24T14:09:42.354+0300] {logging_mixin.py:188} INFO - [2024-06-24T14:09:42.354+0300] {dag.py:3096} INFO - Sync 1 DAGs
[2024-06-24T14:09:42.372+0300] {logging_mixin.py:188} INFO - [2024-06-24T14:09:42.372+0300] {dag.py:3954} INFO - Setting next_dagrun for example_setup_teardown_taskflow to 2024-06-23 00:00:00+00:00, run_after=2024-06-24 00:00:00+00:00
[2024-06-24T14:09:42.394+0300] {processor.py:183} INFO - Processing /home/user/rubix/internship_project/.venv/lib/python3.10/site-packages/airflow/example_dags/example_setup_teardown_taskflow.py took 0.082 seconds
[2024-06-24T14:10:27.647+0300] {processor.py:161} INFO - Started process (PID=25483) to work on /home/user/rubix/internship_project/.venv/lib/python3.10/site-packages/airflow/example_dags/example_setup_teardown_taskflow.py
[2024-06-24T14:10:27.648+0300] {processor.py:830} INFO - Processing file /home/user/rubix/internship_project/.venv/lib/python3.10/site-packages/airflow/example_dags/example_setup_teardown_taskflow.py for tasks to queue
[2024-06-24T14:10:27.649+0300] {logging_mixin.py:188} INFO - [2024-06-24T14:10:27.649+0300] {dagbag.py:545} INFO - Filling up the DagBag from /home/user/rubix/internship_project/.venv/lib/python3.10/site-packages/airflow/example_dags/example_setup_teardown_taskflow.py
[2024-06-24T14:10:27.661+0300] {processor.py:840} INFO - DAG(s) 'example_setup_teardown_taskflow' retrieved from /home/user/rubix/internship_project/.venv/lib/python3.10/site-packages/airflow/example_dags/example_setup_teardown_taskflow.py
[2024-06-24T14:10:27.680+0300] {logging_mixin.py:188} INFO - [2024-06-24T14:10:27.680+0300] {dag.py:3096} INFO - Sync 1 DAGs
[2024-06-24T14:10:27.697+0300] {logging_mixin.py:188} INFO - [2024-06-24T14:10:27.697+0300] {dag.py:3954} INFO - Setting next_dagrun for example_setup_teardown_taskflow to 2024-06-23 00:00:00+00:00, run_after=2024-06-24 00:00:00+00:00
[2024-06-24T14:10:27.728+0300] {processor.py:183} INFO - Processing /home/user/rubix/internship_project/.venv/lib/python3.10/site-packages/airflow/example_dags/example_setup_teardown_taskflow.py took 0.089 seconds
[2024-06-24T14:11:12.505+0300] {processor.py:161} INFO - Started process (PID=25776) to work on /home/user/rubix/internship_project/.venv/lib/python3.10/site-packages/airflow/example_dags/example_setup_teardown_taskflow.py
[2024-06-24T14:11:12.506+0300] {processor.py:830} INFO - Processing file /home/user/rubix/internship_project/.venv/lib/python3.10/site-packages/airflow/example_dags/example_setup_teardown_taskflow.py for tasks to queue
[2024-06-24T14:11:12.508+0300] {logging_mixin.py:188} INFO - [2024-06-24T14:11:12.507+0300] {dagbag.py:545} INFO - Filling up the DagBag from /home/user/rubix/internship_project/.venv/lib/python3.10/site-packages/airflow/example_dags/example_setup_teardown_taskflow.py
[2024-06-24T14:11:12.517+0300] {processor.py:840} INFO - DAG(s) 'example_setup_teardown_taskflow' retrieved from /home/user/rubix/internship_project/.venv/lib/python3.10/site-packages/airflow/example_dags/example_setup_teardown_taskflow.py
[2024-06-24T14:11:12.535+0300] {logging_mixin.py:188} INFO - [2024-06-24T14:11:12.534+0300] {dag.py:3096} INFO - Sync 1 DAGs
[2024-06-24T14:11:12.549+0300] {logging_mixin.py:188} INFO - [2024-06-24T14:11:12.549+0300] {dag.py:3954} INFO - Setting next_dagrun for example_setup_teardown_taskflow to 2024-06-23 00:00:00+00:00, run_after=2024-06-24 00:00:00+00:00
[2024-06-24T14:11:12.577+0300] {processor.py:183} INFO - Processing /home/user/rubix/internship_project/.venv/lib/python3.10/site-packages/airflow/example_dags/example_setup_teardown_taskflow.py took 0.080 seconds
[2024-06-24T14:11:57.541+0300] {processor.py:161} INFO - Started process (PID=25998) to work on /home/user/rubix/internship_project/.venv/lib/python3.10/site-packages/airflow/example_dags/example_setup_teardown_taskflow.py
[2024-06-24T14:11:57.542+0300] {processor.py:830} INFO - Processing file /home/user/rubix/internship_project/.venv/lib/python3.10/site-packages/airflow/example_dags/example_setup_teardown_taskflow.py for tasks to queue
[2024-06-24T14:11:57.543+0300] {logging_mixin.py:188} INFO - [2024-06-24T14:11:57.543+0300] {dagbag.py:545} INFO - Filling up the DagBag from /home/user/rubix/internship_project/.venv/lib/python3.10/site-packages/airflow/example_dags/example_setup_teardown_taskflow.py
[2024-06-24T14:11:57.553+0300] {processor.py:840} INFO - DAG(s) 'example_setup_teardown_taskflow' retrieved from /home/user/rubix/internship_project/.venv/lib/python3.10/site-packages/airflow/example_dags/example_setup_teardown_taskflow.py
[2024-06-24T14:11:57.571+0300] {logging_mixin.py:188} INFO - [2024-06-24T14:11:57.570+0300] {dag.py:3096} INFO - Sync 1 DAGs
[2024-06-24T14:11:57.586+0300] {logging_mixin.py:188} INFO - [2024-06-24T14:11:57.585+0300] {dag.py:3954} INFO - Setting next_dagrun for example_setup_teardown_taskflow to 2024-06-23 00:00:00+00:00, run_after=2024-06-24 00:00:00+00:00
[2024-06-24T14:11:57.617+0300] {processor.py:183} INFO - Processing /home/user/rubix/internship_project/.venv/lib/python3.10/site-packages/airflow/example_dags/example_setup_teardown_taskflow.py took 0.084 seconds
[2024-06-24T14:12:38.274+0300] {processor.py:161} INFO - Started process (PID=26150) to work on /home/user/rubix/internship_project/.venv/lib/python3.10/site-packages/airflow/example_dags/example_setup_teardown_taskflow.py
[2024-06-24T14:12:38.275+0300] {processor.py:830} INFO - Processing file /home/user/rubix/internship_project/.venv/lib/python3.10/site-packages/airflow/example_dags/example_setup_teardown_taskflow.py for tasks to queue
[2024-06-24T14:12:38.277+0300] {logging_mixin.py:188} INFO - [2024-06-24T14:12:38.277+0300] {dagbag.py:545} INFO - Filling up the DagBag from /home/user/rubix/internship_project/.venv/lib/python3.10/site-packages/airflow/example_dags/example_setup_teardown_taskflow.py
[2024-06-24T14:12:38.303+0300] {processor.py:840} INFO - DAG(s) 'example_setup_teardown_taskflow' retrieved from /home/user/rubix/internship_project/.venv/lib/python3.10/site-packages/airflow/example_dags/example_setup_teardown_taskflow.py
[2024-06-24T14:12:38.320+0300] {logging_mixin.py:188} INFO - [2024-06-24T14:12:38.320+0300] {dag.py:3096} INFO - Sync 1 DAGs
[2024-06-24T14:12:38.336+0300] {logging_mixin.py:188} INFO - [2024-06-24T14:12:38.336+0300] {dag.py:3954} INFO - Setting next_dagrun for example_setup_teardown_taskflow to 2024-06-23 00:00:00+00:00, run_after=2024-06-24 00:00:00+00:00
[2024-06-24T14:12:38.366+0300] {processor.py:183} INFO - Processing /home/user/rubix/internship_project/.venv/lib/python3.10/site-packages/airflow/example_dags/example_setup_teardown_taskflow.py took 0.099 seconds
[2024-06-24T14:13:30.358+0300] {processor.py:161} INFO - Started process (PID=26313) to work on /home/user/rubix/internship_project/.venv/lib/python3.10/site-packages/airflow/example_dags/example_setup_teardown_taskflow.py
[2024-06-24T14:13:30.359+0300] {processor.py:830} INFO - Processing file /home/user/rubix/internship_project/.venv/lib/python3.10/site-packages/airflow/example_dags/example_setup_teardown_taskflow.py for tasks to queue
[2024-06-24T14:13:30.362+0300] {logging_mixin.py:188} INFO - [2024-06-24T14:13:30.361+0300] {dagbag.py:545} INFO - Filling up the DagBag from /home/user/rubix/internship_project/.venv/lib/python3.10/site-packages/airflow/example_dags/example_setup_teardown_taskflow.py
[2024-06-24T14:13:30.371+0300] {processor.py:840} INFO - DAG(s) 'example_setup_teardown_taskflow' retrieved from /home/user/rubix/internship_project/.venv/lib/python3.10/site-packages/airflow/example_dags/example_setup_teardown_taskflow.py
[2024-06-24T14:13:30.388+0300] {logging_mixin.py:188} INFO - [2024-06-24T14:13:30.388+0300] {dag.py:3096} INFO - Sync 1 DAGs
[2024-06-24T14:13:30.403+0300] {logging_mixin.py:188} INFO - [2024-06-24T14:13:30.402+0300] {dag.py:3954} INFO - Setting next_dagrun for example_setup_teardown_taskflow to 2024-06-23 00:00:00+00:00, run_after=2024-06-24 00:00:00+00:00
[2024-06-24T14:13:30.432+0300] {processor.py:183} INFO - Processing /home/user/rubix/internship_project/.venv/lib/python3.10/site-packages/airflow/example_dags/example_setup_teardown_taskflow.py took 0.081 seconds
[2024-06-24T14:14:20.790+0300] {processor.py:161} INFO - Started process (PID=26665) to work on /home/user/rubix/internship_project/.venv/lib/python3.10/site-packages/airflow/example_dags/example_setup_teardown_taskflow.py
[2024-06-24T14:14:20.791+0300] {processor.py:830} INFO - Processing file /home/user/rubix/internship_project/.venv/lib/python3.10/site-packages/airflow/example_dags/example_setup_teardown_taskflow.py for tasks to queue
[2024-06-24T14:14:20.793+0300] {logging_mixin.py:188} INFO - [2024-06-24T14:14:20.793+0300] {dagbag.py:545} INFO - Filling up the DagBag from /home/user/rubix/internship_project/.venv/lib/python3.10/site-packages/airflow/example_dags/example_setup_teardown_taskflow.py
[2024-06-24T14:14:20.803+0300] {processor.py:840} INFO - DAG(s) 'example_setup_teardown_taskflow' retrieved from /home/user/rubix/internship_project/.venv/lib/python3.10/site-packages/airflow/example_dags/example_setup_teardown_taskflow.py
[2024-06-24T14:14:20.822+0300] {logging_mixin.py:188} INFO - [2024-06-24T14:14:20.822+0300] {dag.py:3096} INFO - Sync 1 DAGs
[2024-06-24T14:14:20.838+0300] {logging_mixin.py:188} INFO - [2024-06-24T14:14:20.838+0300] {dag.py:3954} INFO - Setting next_dagrun for example_setup_teardown_taskflow to 2024-06-23 00:00:00+00:00, run_after=2024-06-24 00:00:00+00:00
[2024-06-24T14:14:20.870+0300] {processor.py:183} INFO - Processing /home/user/rubix/internship_project/.venv/lib/python3.10/site-packages/airflow/example_dags/example_setup_teardown_taskflow.py took 0.087 seconds
[2024-06-24T14:15:05.383+0300] {processor.py:161} INFO - Started process (PID=26845) to work on /home/user/rubix/internship_project/.venv/lib/python3.10/site-packages/airflow/example_dags/example_setup_teardown_taskflow.py
[2024-06-24T14:15:05.384+0300] {processor.py:830} INFO - Processing file /home/user/rubix/internship_project/.venv/lib/python3.10/site-packages/airflow/example_dags/example_setup_teardown_taskflow.py for tasks to queue
[2024-06-24T14:15:05.386+0300] {logging_mixin.py:188} INFO - [2024-06-24T14:15:05.385+0300] {dagbag.py:545} INFO - Filling up the DagBag from /home/user/rubix/internship_project/.venv/lib/python3.10/site-packages/airflow/example_dags/example_setup_teardown_taskflow.py
[2024-06-24T14:15:05.396+0300] {processor.py:840} INFO - DAG(s) 'example_setup_teardown_taskflow' retrieved from /home/user/rubix/internship_project/.venv/lib/python3.10/site-packages/airflow/example_dags/example_setup_teardown_taskflow.py
[2024-06-24T14:15:05.414+0300] {logging_mixin.py:188} INFO - [2024-06-24T14:15:05.414+0300] {dag.py:3096} INFO - Sync 1 DAGs
[2024-06-24T14:15:05.431+0300] {logging_mixin.py:188} INFO - [2024-06-24T14:15:05.430+0300] {dag.py:3954} INFO - Setting next_dagrun for example_setup_teardown_taskflow to 2024-06-23 00:00:00+00:00, run_after=2024-06-24 00:00:00+00:00
[2024-06-24T14:15:05.460+0300] {processor.py:183} INFO - Processing /home/user/rubix/internship_project/.venv/lib/python3.10/site-packages/airflow/example_dags/example_setup_teardown_taskflow.py took 0.085 seconds
[2024-06-24T14:15:47.667+0300] {processor.py:161} INFO - Started process (PID=26934) to work on /home/user/rubix/internship_project/.venv/lib/python3.10/site-packages/airflow/example_dags/example_setup_teardown_taskflow.py
[2024-06-24T14:15:47.668+0300] {processor.py:830} INFO - Processing file /home/user/rubix/internship_project/.venv/lib/python3.10/site-packages/airflow/example_dags/example_setup_teardown_taskflow.py for tasks to queue
[2024-06-24T14:15:47.670+0300] {logging_mixin.py:188} INFO - [2024-06-24T14:15:47.670+0300] {dagbag.py:545} INFO - Filling up the DagBag from /home/user/rubix/internship_project/.venv/lib/python3.10/site-packages/airflow/example_dags/example_setup_teardown_taskflow.py
[2024-06-24T14:15:47.680+0300] {processor.py:840} INFO - DAG(s) 'example_setup_teardown_taskflow' retrieved from /home/user/rubix/internship_project/.venv/lib/python3.10/site-packages/airflow/example_dags/example_setup_teardown_taskflow.py
[2024-06-24T14:15:47.698+0300] {logging_mixin.py:188} INFO - [2024-06-24T14:15:47.698+0300] {dag.py:3096} INFO - Sync 1 DAGs
[2024-06-24T14:15:47.714+0300] {logging_mixin.py:188} INFO - [2024-06-24T14:15:47.714+0300] {dag.py:3954} INFO - Setting next_dagrun for example_setup_teardown_taskflow to 2024-06-23 00:00:00+00:00, run_after=2024-06-24 00:00:00+00:00
[2024-06-24T14:15:47.743+0300] {processor.py:183} INFO - Processing /home/user/rubix/internship_project/.venv/lib/python3.10/site-packages/airflow/example_dags/example_setup_teardown_taskflow.py took 0.084 seconds
[2024-06-24T14:16:28.562+0300] {processor.py:161} INFO - Started process (PID=27085) to work on /home/user/rubix/internship_project/.venv/lib/python3.10/site-packages/airflow/example_dags/example_setup_teardown_taskflow.py
[2024-06-24T14:16:28.564+0300] {processor.py:830} INFO - Processing file /home/user/rubix/internship_project/.venv/lib/python3.10/site-packages/airflow/example_dags/example_setup_teardown_taskflow.py for tasks to queue
[2024-06-24T14:16:28.565+0300] {logging_mixin.py:188} INFO - [2024-06-24T14:16:28.565+0300] {dagbag.py:545} INFO - Filling up the DagBag from /home/user/rubix/internship_project/.venv/lib/python3.10/site-packages/airflow/example_dags/example_setup_teardown_taskflow.py
[2024-06-24T14:16:28.575+0300] {processor.py:840} INFO - DAG(s) 'example_setup_teardown_taskflow' retrieved from /home/user/rubix/internship_project/.venv/lib/python3.10/site-packages/airflow/example_dags/example_setup_teardown_taskflow.py
[2024-06-24T14:16:28.592+0300] {logging_mixin.py:188} INFO - [2024-06-24T14:16:28.592+0300] {dag.py:3096} INFO - Sync 1 DAGs
[2024-06-24T14:16:28.608+0300] {logging_mixin.py:188} INFO - [2024-06-24T14:16:28.608+0300] {dag.py:3954} INFO - Setting next_dagrun for example_setup_teardown_taskflow to 2024-06-23 00:00:00+00:00, run_after=2024-06-24 00:00:00+00:00
[2024-06-24T14:16:28.639+0300] {processor.py:183} INFO - Processing /home/user/rubix/internship_project/.venv/lib/python3.10/site-packages/airflow/example_dags/example_setup_teardown_taskflow.py took 0.084 seconds
[2024-06-24T14:17:26.878+0300] {processor.py:161} INFO - Started process (PID=27277) to work on /home/user/rubix/internship_project/.venv/lib/python3.10/site-packages/airflow/example_dags/example_setup_teardown_taskflow.py
[2024-06-24T14:17:26.879+0300] {processor.py:830} INFO - Processing file /home/user/rubix/internship_project/.venv/lib/python3.10/site-packages/airflow/example_dags/example_setup_teardown_taskflow.py for tasks to queue
[2024-06-24T14:17:26.880+0300] {logging_mixin.py:188} INFO - [2024-06-24T14:17:26.880+0300] {dagbag.py:545} INFO - Filling up the DagBag from /home/user/rubix/internship_project/.venv/lib/python3.10/site-packages/airflow/example_dags/example_setup_teardown_taskflow.py
[2024-06-24T14:17:26.890+0300] {processor.py:840} INFO - DAG(s) 'example_setup_teardown_taskflow' retrieved from /home/user/rubix/internship_project/.venv/lib/python3.10/site-packages/airflow/example_dags/example_setup_teardown_taskflow.py
[2024-06-24T14:17:26.907+0300] {logging_mixin.py:188} INFO - [2024-06-24T14:17:26.907+0300] {dag.py:3096} INFO - Sync 1 DAGs
[2024-06-24T14:17:26.922+0300] {logging_mixin.py:188} INFO - [2024-06-24T14:17:26.922+0300] {dag.py:3954} INFO - Setting next_dagrun for example_setup_teardown_taskflow to 2024-06-23 00:00:00+00:00, run_after=2024-06-24 00:00:00+00:00
[2024-06-24T14:17:26.951+0300] {processor.py:183} INFO - Processing /home/user/rubix/internship_project/.venv/lib/python3.10/site-packages/airflow/example_dags/example_setup_teardown_taskflow.py took 0.081 seconds
[2024-06-24T14:18:13.485+0300] {processor.py:161} INFO - Started process (PID=27434) to work on /home/user/rubix/internship_project/.venv/lib/python3.10/site-packages/airflow/example_dags/example_setup_teardown_taskflow.py
[2024-06-24T14:18:13.486+0300] {processor.py:830} INFO - Processing file /home/user/rubix/internship_project/.venv/lib/python3.10/site-packages/airflow/example_dags/example_setup_teardown_taskflow.py for tasks to queue
[2024-06-24T14:18:13.488+0300] {logging_mixin.py:188} INFO - [2024-06-24T14:18:13.487+0300] {dagbag.py:545} INFO - Filling up the DagBag from /home/user/rubix/internship_project/.venv/lib/python3.10/site-packages/airflow/example_dags/example_setup_teardown_taskflow.py
[2024-06-24T14:18:13.515+0300] {processor.py:840} INFO - DAG(s) 'example_setup_teardown_taskflow' retrieved from /home/user/rubix/internship_project/.venv/lib/python3.10/site-packages/airflow/example_dags/example_setup_teardown_taskflow.py
[2024-06-24T14:18:13.535+0300] {logging_mixin.py:188} INFO - [2024-06-24T14:18:13.535+0300] {dag.py:3096} INFO - Sync 1 DAGs
[2024-06-24T14:18:13.552+0300] {logging_mixin.py:188} INFO - [2024-06-24T14:18:13.551+0300] {dag.py:3954} INFO - Setting next_dagrun for example_setup_teardown_taskflow to 2024-06-23 00:00:00+00:00, run_after=2024-06-24 00:00:00+00:00
[2024-06-24T14:18:13.584+0300] {processor.py:183} INFO - Processing /home/user/rubix/internship_project/.venv/lib/python3.10/site-packages/airflow/example_dags/example_setup_teardown_taskflow.py took 0.107 seconds
[2024-06-24T14:19:10.559+0300] {processor.py:161} INFO - Started process (PID=27668) to work on /home/user/rubix/internship_project/.venv/lib/python3.10/site-packages/airflow/example_dags/example_setup_teardown_taskflow.py
[2024-06-24T14:19:10.560+0300] {processor.py:830} INFO - Processing file /home/user/rubix/internship_project/.venv/lib/python3.10/site-packages/airflow/example_dags/example_setup_teardown_taskflow.py for tasks to queue
[2024-06-24T14:19:10.562+0300] {logging_mixin.py:188} INFO - [2024-06-24T14:19:10.561+0300] {dagbag.py:545} INFO - Filling up the DagBag from /home/user/rubix/internship_project/.venv/lib/python3.10/site-packages/airflow/example_dags/example_setup_teardown_taskflow.py
[2024-06-24T14:19:10.572+0300] {processor.py:840} INFO - DAG(s) 'example_setup_teardown_taskflow' retrieved from /home/user/rubix/internship_project/.venv/lib/python3.10/site-packages/airflow/example_dags/example_setup_teardown_taskflow.py
[2024-06-24T14:19:10.591+0300] {logging_mixin.py:188} INFO - [2024-06-24T14:19:10.591+0300] {dag.py:3096} INFO - Sync 1 DAGs
[2024-06-24T14:19:10.607+0300] {logging_mixin.py:188} INFO - [2024-06-24T14:19:10.607+0300] {dag.py:3954} INFO - Setting next_dagrun for example_setup_teardown_taskflow to 2024-06-23 00:00:00+00:00, run_after=2024-06-24 00:00:00+00:00
[2024-06-24T14:19:10.638+0300] {processor.py:183} INFO - Processing /home/user/rubix/internship_project/.venv/lib/python3.10/site-packages/airflow/example_dags/example_setup_teardown_taskflow.py took 0.087 seconds
[2024-06-24T14:19:53.133+0300] {processor.py:161} INFO - Started process (PID=27835) to work on /home/user/rubix/internship_project/.venv/lib/python3.10/site-packages/airflow/example_dags/example_setup_teardown_taskflow.py
[2024-06-24T14:19:53.135+0300] {processor.py:830} INFO - Processing file /home/user/rubix/internship_project/.venv/lib/python3.10/site-packages/airflow/example_dags/example_setup_teardown_taskflow.py for tasks to queue
[2024-06-24T14:19:53.136+0300] {logging_mixin.py:188} INFO - [2024-06-24T14:19:53.136+0300] {dagbag.py:545} INFO - Filling up the DagBag from /home/user/rubix/internship_project/.venv/lib/python3.10/site-packages/airflow/example_dags/example_setup_teardown_taskflow.py
[2024-06-24T14:19:53.148+0300] {processor.py:840} INFO - DAG(s) 'example_setup_teardown_taskflow' retrieved from /home/user/rubix/internship_project/.venv/lib/python3.10/site-packages/airflow/example_dags/example_setup_teardown_taskflow.py
[2024-06-24T14:19:53.166+0300] {logging_mixin.py:188} INFO - [2024-06-24T14:19:53.166+0300] {dag.py:3096} INFO - Sync 1 DAGs
[2024-06-24T14:19:53.183+0300] {logging_mixin.py:188} INFO - [2024-06-24T14:19:53.183+0300] {dag.py:3954} INFO - Setting next_dagrun for example_setup_teardown_taskflow to 2024-06-23 00:00:00+00:00, run_after=2024-06-24 00:00:00+00:00
[2024-06-24T14:19:53.214+0300] {processor.py:183} INFO - Processing /home/user/rubix/internship_project/.venv/lib/python3.10/site-packages/airflow/example_dags/example_setup_teardown_taskflow.py took 0.090 seconds
[2024-06-24T14:20:51.067+0300] {processor.py:161} INFO - Started process (PID=28271) to work on /home/user/rubix/internship_project/.venv/lib/python3.10/site-packages/airflow/example_dags/example_setup_teardown_taskflow.py
[2024-06-24T14:20:51.068+0300] {processor.py:830} INFO - Processing file /home/user/rubix/internship_project/.venv/lib/python3.10/site-packages/airflow/example_dags/example_setup_teardown_taskflow.py for tasks to queue
[2024-06-24T14:20:51.070+0300] {logging_mixin.py:188} INFO - [2024-06-24T14:20:51.069+0300] {dagbag.py:545} INFO - Filling up the DagBag from /home/user/rubix/internship_project/.venv/lib/python3.10/site-packages/airflow/example_dags/example_setup_teardown_taskflow.py
[2024-06-24T14:20:51.079+0300] {processor.py:840} INFO - DAG(s) 'example_setup_teardown_taskflow' retrieved from /home/user/rubix/internship_project/.venv/lib/python3.10/site-packages/airflow/example_dags/example_setup_teardown_taskflow.py
[2024-06-24T14:20:51.097+0300] {logging_mixin.py:188} INFO - [2024-06-24T14:20:51.097+0300] {dag.py:3096} INFO - Sync 1 DAGs
[2024-06-24T14:20:51.112+0300] {logging_mixin.py:188} INFO - [2024-06-24T14:20:51.112+0300] {dag.py:3954} INFO - Setting next_dagrun for example_setup_teardown_taskflow to 2024-06-23 00:00:00+00:00, run_after=2024-06-24 00:00:00+00:00
[2024-06-24T14:20:51.145+0300] {processor.py:183} INFO - Processing /home/user/rubix/internship_project/.venv/lib/python3.10/site-packages/airflow/example_dags/example_setup_teardown_taskflow.py took 0.085 seconds
[2024-06-24T14:21:35.130+0300] {processor.py:161} INFO - Started process (PID=28556) to work on /home/user/rubix/internship_project/.venv/lib/python3.10/site-packages/airflow/example_dags/example_setup_teardown_taskflow.py
[2024-06-24T14:21:35.131+0300] {processor.py:830} INFO - Processing file /home/user/rubix/internship_project/.venv/lib/python3.10/site-packages/airflow/example_dags/example_setup_teardown_taskflow.py for tasks to queue
[2024-06-24T14:21:35.134+0300] {logging_mixin.py:188} INFO - [2024-06-24T14:21:35.132+0300] {dagbag.py:545} INFO - Filling up the DagBag from /home/user/rubix/internship_project/.venv/lib/python3.10/site-packages/airflow/example_dags/example_setup_teardown_taskflow.py
[2024-06-24T14:21:35.143+0300] {processor.py:840} INFO - DAG(s) 'example_setup_teardown_taskflow' retrieved from /home/user/rubix/internship_project/.venv/lib/python3.10/site-packages/airflow/example_dags/example_setup_teardown_taskflow.py
[2024-06-24T14:21:35.162+0300] {logging_mixin.py:188} INFO - [2024-06-24T14:21:35.162+0300] {dag.py:3096} INFO - Sync 1 DAGs
[2024-06-24T14:21:35.181+0300] {logging_mixin.py:188} INFO - [2024-06-24T14:21:35.181+0300] {dag.py:3954} INFO - Setting next_dagrun for example_setup_teardown_taskflow to 2024-06-23 00:00:00+00:00, run_after=2024-06-24 00:00:00+00:00
[2024-06-24T14:21:35.214+0300] {processor.py:183} INFO - Processing /home/user/rubix/internship_project/.venv/lib/python3.10/site-packages/airflow/example_dags/example_setup_teardown_taskflow.py took 0.092 seconds
[2024-06-24T14:22:28.614+0300] {processor.py:161} INFO - Started process (PID=28778) to work on /home/user/rubix/internship_project/.venv/lib/python3.10/site-packages/airflow/example_dags/example_setup_teardown_taskflow.py
[2024-06-24T14:22:28.615+0300] {processor.py:830} INFO - Processing file /home/user/rubix/internship_project/.venv/lib/python3.10/site-packages/airflow/example_dags/example_setup_teardown_taskflow.py for tasks to queue
[2024-06-24T14:22:28.617+0300] {logging_mixin.py:188} INFO - [2024-06-24T14:22:28.617+0300] {dagbag.py:545} INFO - Filling up the DagBag from /home/user/rubix/internship_project/.venv/lib/python3.10/site-packages/airflow/example_dags/example_setup_teardown_taskflow.py
[2024-06-24T14:22:28.627+0300] {processor.py:840} INFO - DAG(s) 'example_setup_teardown_taskflow' retrieved from /home/user/rubix/internship_project/.venv/lib/python3.10/site-packages/airflow/example_dags/example_setup_teardown_taskflow.py
[2024-06-24T14:22:28.645+0300] {logging_mixin.py:188} INFO - [2024-06-24T14:22:28.645+0300] {dag.py:3096} INFO - Sync 1 DAGs
[2024-06-24T14:22:28.661+0300] {logging_mixin.py:188} INFO - [2024-06-24T14:22:28.661+0300] {dag.py:3954} INFO - Setting next_dagrun for example_setup_teardown_taskflow to 2024-06-23 00:00:00+00:00, run_after=2024-06-24 00:00:00+00:00
[2024-06-24T14:22:28.694+0300] {processor.py:183} INFO - Processing /home/user/rubix/internship_project/.venv/lib/python3.10/site-packages/airflow/example_dags/example_setup_teardown_taskflow.py took 0.087 seconds
[2024-06-24T14:23:11.816+0300] {processor.py:161} INFO - Started process (PID=28968) to work on /home/user/rubix/internship_project/.venv/lib/python3.10/site-packages/airflow/example_dags/example_setup_teardown_taskflow.py
[2024-06-24T14:23:11.817+0300] {processor.py:830} INFO - Processing file /home/user/rubix/internship_project/.venv/lib/python3.10/site-packages/airflow/example_dags/example_setup_teardown_taskflow.py for tasks to queue
[2024-06-24T14:23:11.819+0300] {logging_mixin.py:188} INFO - [2024-06-24T14:23:11.818+0300] {dagbag.py:545} INFO - Filling up the DagBag from /home/user/rubix/internship_project/.venv/lib/python3.10/site-packages/airflow/example_dags/example_setup_teardown_taskflow.py
[2024-06-24T14:23:11.828+0300] {processor.py:840} INFO - DAG(s) 'example_setup_teardown_taskflow' retrieved from /home/user/rubix/internship_project/.venv/lib/python3.10/site-packages/airflow/example_dags/example_setup_teardown_taskflow.py
[2024-06-24T14:23:11.850+0300] {logging_mixin.py:188} INFO - [2024-06-24T14:23:11.849+0300] {dag.py:3096} INFO - Sync 1 DAGs
[2024-06-24T14:23:11.866+0300] {logging_mixin.py:188} INFO - [2024-06-24T14:23:11.865+0300] {dag.py:3954} INFO - Setting next_dagrun for example_setup_teardown_taskflow to 2024-06-23 00:00:00+00:00, run_after=2024-06-24 00:00:00+00:00
[2024-06-24T14:23:11.896+0300] {processor.py:183} INFO - Processing /home/user/rubix/internship_project/.venv/lib/python3.10/site-packages/airflow/example_dags/example_setup_teardown_taskflow.py took 0.088 seconds
[2024-06-24T14:23:57.231+0300] {processor.py:161} INFO - Started process (PID=29065) to work on /home/user/rubix/internship_project/.venv/lib/python3.10/site-packages/airflow/example_dags/example_setup_teardown_taskflow.py
[2024-06-24T14:23:57.232+0300] {processor.py:830} INFO - Processing file /home/user/rubix/internship_project/.venv/lib/python3.10/site-packages/airflow/example_dags/example_setup_teardown_taskflow.py for tasks to queue
[2024-06-24T14:23:57.234+0300] {logging_mixin.py:188} INFO - [2024-06-24T14:23:57.234+0300] {dagbag.py:545} INFO - Filling up the DagBag from /home/user/rubix/internship_project/.venv/lib/python3.10/site-packages/airflow/example_dags/example_setup_teardown_taskflow.py
[2024-06-24T14:23:57.248+0300] {processor.py:840} INFO - DAG(s) 'example_setup_teardown_taskflow' retrieved from /home/user/rubix/internship_project/.venv/lib/python3.10/site-packages/airflow/example_dags/example_setup_teardown_taskflow.py
[2024-06-24T14:23:57.267+0300] {logging_mixin.py:188} INFO - [2024-06-24T14:23:57.267+0300] {dag.py:3096} INFO - Sync 1 DAGs
[2024-06-24T14:23:57.286+0300] {logging_mixin.py:188} INFO - [2024-06-24T14:23:57.285+0300] {dag.py:3954} INFO - Setting next_dagrun for example_setup_teardown_taskflow to 2024-06-23 00:00:00+00:00, run_after=2024-06-24 00:00:00+00:00
[2024-06-24T14:23:57.316+0300] {processor.py:183} INFO - Processing /home/user/rubix/internship_project/.venv/lib/python3.10/site-packages/airflow/example_dags/example_setup_teardown_taskflow.py took 0.097 seconds
[2024-06-24T14:24:43.842+0300] {processor.py:161} INFO - Started process (PID=29303) to work on /home/user/rubix/internship_project/.venv/lib/python3.10/site-packages/airflow/example_dags/example_setup_teardown_taskflow.py
[2024-06-24T14:24:43.843+0300] {processor.py:830} INFO - Processing file /home/user/rubix/internship_project/.venv/lib/python3.10/site-packages/airflow/example_dags/example_setup_teardown_taskflow.py for tasks to queue
[2024-06-24T14:24:43.845+0300] {logging_mixin.py:188} INFO - [2024-06-24T14:24:43.844+0300] {dagbag.py:545} INFO - Filling up the DagBag from /home/user/rubix/internship_project/.venv/lib/python3.10/site-packages/airflow/example_dags/example_setup_teardown_taskflow.py
[2024-06-24T14:24:43.855+0300] {processor.py:840} INFO - DAG(s) 'example_setup_teardown_taskflow' retrieved from /home/user/rubix/internship_project/.venv/lib/python3.10/site-packages/airflow/example_dags/example_setup_teardown_taskflow.py
[2024-06-24T14:24:43.874+0300] {logging_mixin.py:188} INFO - [2024-06-24T14:24:43.873+0300] {dag.py:3096} INFO - Sync 1 DAGs
[2024-06-24T14:24:43.893+0300] {logging_mixin.py:188} INFO - [2024-06-24T14:24:43.893+0300] {dag.py:3954} INFO - Setting next_dagrun for example_setup_teardown_taskflow to 2024-06-23 00:00:00+00:00, run_after=2024-06-24 00:00:00+00:00
[2024-06-24T14:24:43.916+0300] {processor.py:183} INFO - Processing /home/user/rubix/internship_project/.venv/lib/python3.10/site-packages/airflow/example_dags/example_setup_teardown_taskflow.py took 0.082 seconds
[2024-06-24T14:25:27.741+0300] {processor.py:161} INFO - Started process (PID=29569) to work on /home/user/rubix/internship_project/.venv/lib/python3.10/site-packages/airflow/example_dags/example_setup_teardown_taskflow.py
[2024-06-24T14:25:27.742+0300] {processor.py:830} INFO - Processing file /home/user/rubix/internship_project/.venv/lib/python3.10/site-packages/airflow/example_dags/example_setup_teardown_taskflow.py for tasks to queue
[2024-06-24T14:25:27.744+0300] {logging_mixin.py:188} INFO - [2024-06-24T14:25:27.743+0300] {dagbag.py:545} INFO - Filling up the DagBag from /home/user/rubix/internship_project/.venv/lib/python3.10/site-packages/airflow/example_dags/example_setup_teardown_taskflow.py
[2024-06-24T14:25:27.753+0300] {processor.py:840} INFO - DAG(s) 'example_setup_teardown_taskflow' retrieved from /home/user/rubix/internship_project/.venv/lib/python3.10/site-packages/airflow/example_dags/example_setup_teardown_taskflow.py
[2024-06-24T14:25:27.771+0300] {logging_mixin.py:188} INFO - [2024-06-24T14:25:27.771+0300] {dag.py:3096} INFO - Sync 1 DAGs
[2024-06-24T14:25:27.787+0300] {logging_mixin.py:188} INFO - [2024-06-24T14:25:27.786+0300] {dag.py:3954} INFO - Setting next_dagrun for example_setup_teardown_taskflow to 2024-06-23 00:00:00+00:00, run_after=2024-06-24 00:00:00+00:00
[2024-06-24T14:25:27.822+0300] {processor.py:183} INFO - Processing /home/user/rubix/internship_project/.venv/lib/python3.10/site-packages/airflow/example_dags/example_setup_teardown_taskflow.py took 0.089 seconds
[2024-06-24T14:26:26.674+0300] {processor.py:161} INFO - Started process (PID=29789) to work on /home/user/rubix/internship_project/.venv/lib/python3.10/site-packages/airflow/example_dags/example_setup_teardown_taskflow.py
[2024-06-24T14:26:26.675+0300] {processor.py:830} INFO - Processing file /home/user/rubix/internship_project/.venv/lib/python3.10/site-packages/airflow/example_dags/example_setup_teardown_taskflow.py for tasks to queue
[2024-06-24T14:26:26.677+0300] {logging_mixin.py:188} INFO - [2024-06-24T14:26:26.676+0300] {dagbag.py:545} INFO - Filling up the DagBag from /home/user/rubix/internship_project/.venv/lib/python3.10/site-packages/airflow/example_dags/example_setup_teardown_taskflow.py
[2024-06-24T14:26:26.686+0300] {processor.py:840} INFO - DAG(s) 'example_setup_teardown_taskflow' retrieved from /home/user/rubix/internship_project/.venv/lib/python3.10/site-packages/airflow/example_dags/example_setup_teardown_taskflow.py
[2024-06-24T14:26:26.703+0300] {logging_mixin.py:188} INFO - [2024-06-24T14:26:26.703+0300] {dag.py:3096} INFO - Sync 1 DAGs
[2024-06-24T14:26:26.719+0300] {logging_mixin.py:188} INFO - [2024-06-24T14:26:26.718+0300] {dag.py:3954} INFO - Setting next_dagrun for example_setup_teardown_taskflow to 2024-06-23 00:00:00+00:00, run_after=2024-06-24 00:00:00+00:00
[2024-06-24T14:26:26.749+0300] {processor.py:183} INFO - Processing /home/user/rubix/internship_project/.venv/lib/python3.10/site-packages/airflow/example_dags/example_setup_teardown_taskflow.py took 0.082 seconds
[2024-06-24T14:27:09.856+0300] {processor.py:161} INFO - Started process (PID=30206) to work on /home/user/rubix/internship_project/.venv/lib/python3.10/site-packages/airflow/example_dags/example_setup_teardown_taskflow.py
[2024-06-24T14:27:09.857+0300] {processor.py:830} INFO - Processing file /home/user/rubix/internship_project/.venv/lib/python3.10/site-packages/airflow/example_dags/example_setup_teardown_taskflow.py for tasks to queue
[2024-06-24T14:27:09.860+0300] {logging_mixin.py:188} INFO - [2024-06-24T14:27:09.858+0300] {dagbag.py:545} INFO - Filling up the DagBag from /home/user/rubix/internship_project/.venv/lib/python3.10/site-packages/airflow/example_dags/example_setup_teardown_taskflow.py
[2024-06-24T14:27:09.869+0300] {processor.py:840} INFO - DAG(s) 'example_setup_teardown_taskflow' retrieved from /home/user/rubix/internship_project/.venv/lib/python3.10/site-packages/airflow/example_dags/example_setup_teardown_taskflow.py
[2024-06-24T14:27:09.888+0300] {logging_mixin.py:188} INFO - [2024-06-24T14:27:09.888+0300] {dag.py:3096} INFO - Sync 1 DAGs
[2024-06-24T14:27:09.907+0300] {logging_mixin.py:188} INFO - [2024-06-24T14:27:09.906+0300] {dag.py:3954} INFO - Setting next_dagrun for example_setup_teardown_taskflow to 2024-06-23 00:00:00+00:00, run_after=2024-06-24 00:00:00+00:00
[2024-06-24T14:27:09.936+0300] {processor.py:183} INFO - Processing /home/user/rubix/internship_project/.venv/lib/python3.10/site-packages/airflow/example_dags/example_setup_teardown_taskflow.py took 0.088 seconds
[2024-06-24T14:27:54.203+0300] {processor.py:161} INFO - Started process (PID=30556) to work on /home/user/rubix/internship_project/.venv/lib/python3.10/site-packages/airflow/example_dags/example_setup_teardown_taskflow.py
[2024-06-24T14:27:54.204+0300] {processor.py:830} INFO - Processing file /home/user/rubix/internship_project/.venv/lib/python3.10/site-packages/airflow/example_dags/example_setup_teardown_taskflow.py for tasks to queue
[2024-06-24T14:27:54.205+0300] {logging_mixin.py:188} INFO - [2024-06-24T14:27:54.205+0300] {dagbag.py:545} INFO - Filling up the DagBag from /home/user/rubix/internship_project/.venv/lib/python3.10/site-packages/airflow/example_dags/example_setup_teardown_taskflow.py
[2024-06-24T14:27:54.215+0300] {processor.py:840} INFO - DAG(s) 'example_setup_teardown_taskflow' retrieved from /home/user/rubix/internship_project/.venv/lib/python3.10/site-packages/airflow/example_dags/example_setup_teardown_taskflow.py
[2024-06-24T14:27:54.240+0300] {logging_mixin.py:188} INFO - [2024-06-24T14:27:54.239+0300] {dag.py:3096} INFO - Sync 1 DAGs
[2024-06-24T14:27:54.259+0300] {logging_mixin.py:188} INFO - [2024-06-24T14:27:54.259+0300] {dag.py:3954} INFO - Setting next_dagrun for example_setup_teardown_taskflow to 2024-06-23 00:00:00+00:00, run_after=2024-06-24 00:00:00+00:00
[2024-06-24T14:27:54.290+0300] {processor.py:183} INFO - Processing /home/user/rubix/internship_project/.venv/lib/python3.10/site-packages/airflow/example_dags/example_setup_teardown_taskflow.py took 0.095 seconds
[2024-06-24T14:28:36.602+0300] {processor.py:161} INFO - Started process (PID=30748) to work on /home/user/rubix/internship_project/.venv/lib/python3.10/site-packages/airflow/example_dags/example_setup_teardown_taskflow.py
[2024-06-24T14:28:36.603+0300] {processor.py:830} INFO - Processing file /home/user/rubix/internship_project/.venv/lib/python3.10/site-packages/airflow/example_dags/example_setup_teardown_taskflow.py for tasks to queue
[2024-06-24T14:28:36.607+0300] {logging_mixin.py:188} INFO - [2024-06-24T14:28:36.607+0300] {dagbag.py:545} INFO - Filling up the DagBag from /home/user/rubix/internship_project/.venv/lib/python3.10/site-packages/airflow/example_dags/example_setup_teardown_taskflow.py
[2024-06-24T14:28:36.619+0300] {processor.py:840} INFO - DAG(s) 'example_setup_teardown_taskflow' retrieved from /home/user/rubix/internship_project/.venv/lib/python3.10/site-packages/airflow/example_dags/example_setup_teardown_taskflow.py
[2024-06-24T14:28:36.645+0300] {logging_mixin.py:188} INFO - [2024-06-24T14:28:36.645+0300] {dag.py:3096} INFO - Sync 1 DAGs
[2024-06-24T14:28:36.667+0300] {logging_mixin.py:188} INFO - [2024-06-24T14:28:36.666+0300] {dag.py:3954} INFO - Setting next_dagrun for example_setup_teardown_taskflow to 2024-06-23 00:00:00+00:00, run_after=2024-06-24 00:00:00+00:00
[2024-06-24T14:28:36.704+0300] {processor.py:183} INFO - Processing /home/user/rubix/internship_project/.venv/lib/python3.10/site-packages/airflow/example_dags/example_setup_teardown_taskflow.py took 0.111 seconds
[2024-06-24T14:29:24.565+0300] {processor.py:161} INFO - Started process (PID=31160) to work on /home/user/rubix/internship_project/.venv/lib/python3.10/site-packages/airflow/example_dags/example_setup_teardown_taskflow.py
[2024-06-24T14:29:24.566+0300] {processor.py:830} INFO - Processing file /home/user/rubix/internship_project/.venv/lib/python3.10/site-packages/airflow/example_dags/example_setup_teardown_taskflow.py for tasks to queue
[2024-06-24T14:29:24.571+0300] {logging_mixin.py:188} INFO - [2024-06-24T14:29:24.570+0300] {dagbag.py:545} INFO - Filling up the DagBag from /home/user/rubix/internship_project/.venv/lib/python3.10/site-packages/airflow/example_dags/example_setup_teardown_taskflow.py
[2024-06-24T14:29:24.591+0300] {processor.py:840} INFO - DAG(s) 'example_setup_teardown_taskflow' retrieved from /home/user/rubix/internship_project/.venv/lib/python3.10/site-packages/airflow/example_dags/example_setup_teardown_taskflow.py
[2024-06-24T14:29:24.627+0300] {logging_mixin.py:188} INFO - [2024-06-24T14:29:24.627+0300] {dag.py:3096} INFO - Sync 1 DAGs
[2024-06-24T14:29:24.666+0300] {logging_mixin.py:188} INFO - [2024-06-24T14:29:24.665+0300] {dag.py:3954} INFO - Setting next_dagrun for example_setup_teardown_taskflow to 2024-06-23 00:00:00+00:00, run_after=2024-06-24 00:00:00+00:00
[2024-06-24T14:29:24.714+0300] {processor.py:183} INFO - Processing /home/user/rubix/internship_project/.venv/lib/python3.10/site-packages/airflow/example_dags/example_setup_teardown_taskflow.py took 0.168 seconds
[2024-06-24T14:30:13.521+0300] {processor.py:161} INFO - Started process (PID=31432) to work on /home/user/rubix/internship_project/.venv/lib/python3.10/site-packages/airflow/example_dags/example_setup_teardown_taskflow.py
[2024-06-24T14:30:13.522+0300] {processor.py:830} INFO - Processing file /home/user/rubix/internship_project/.venv/lib/python3.10/site-packages/airflow/example_dags/example_setup_teardown_taskflow.py for tasks to queue
[2024-06-24T14:30:13.524+0300] {logging_mixin.py:188} INFO - [2024-06-24T14:30:13.524+0300] {dagbag.py:545} INFO - Filling up the DagBag from /home/user/rubix/internship_project/.venv/lib/python3.10/site-packages/airflow/example_dags/example_setup_teardown_taskflow.py
[2024-06-24T14:30:13.534+0300] {processor.py:840} INFO - DAG(s) 'example_setup_teardown_taskflow' retrieved from /home/user/rubix/internship_project/.venv/lib/python3.10/site-packages/airflow/example_dags/example_setup_teardown_taskflow.py
[2024-06-24T14:30:13.552+0300] {logging_mixin.py:188} INFO - [2024-06-24T14:30:13.552+0300] {dag.py:3096} INFO - Sync 1 DAGs
[2024-06-24T14:30:13.569+0300] {logging_mixin.py:188} INFO - [2024-06-24T14:30:13.569+0300] {dag.py:3954} INFO - Setting next_dagrun for example_setup_teardown_taskflow to 2024-06-23 00:00:00+00:00, run_after=2024-06-24 00:00:00+00:00
[2024-06-24T14:30:13.596+0300] {processor.py:183} INFO - Processing /home/user/rubix/internship_project/.venv/lib/python3.10/site-packages/airflow/example_dags/example_setup_teardown_taskflow.py took 0.082 seconds
[2024-06-24T14:31:00.247+0300] {processor.py:161} INFO - Started process (PID=31532) to work on /home/user/rubix/internship_project/.venv/lib/python3.10/site-packages/airflow/example_dags/example_setup_teardown_taskflow.py
[2024-06-24T14:31:00.248+0300] {processor.py:830} INFO - Processing file /home/user/rubix/internship_project/.venv/lib/python3.10/site-packages/airflow/example_dags/example_setup_teardown_taskflow.py for tasks to queue
[2024-06-24T14:31:00.250+0300] {logging_mixin.py:188} INFO - [2024-06-24T14:31:00.250+0300] {dagbag.py:545} INFO - Filling up the DagBag from /home/user/rubix/internship_project/.venv/lib/python3.10/site-packages/airflow/example_dags/example_setup_teardown_taskflow.py
[2024-06-24T14:31:00.264+0300] {processor.py:840} INFO - DAG(s) 'example_setup_teardown_taskflow' retrieved from /home/user/rubix/internship_project/.venv/lib/python3.10/site-packages/airflow/example_dags/example_setup_teardown_taskflow.py
[2024-06-24T14:31:00.293+0300] {logging_mixin.py:188} INFO - [2024-06-24T14:31:00.293+0300] {dag.py:3096} INFO - Sync 1 DAGs
[2024-06-24T14:31:00.316+0300] {logging_mixin.py:188} INFO - [2024-06-24T14:31:00.316+0300] {dag.py:3954} INFO - Setting next_dagrun for example_setup_teardown_taskflow to 2024-06-23 00:00:00+00:00, run_after=2024-06-24 00:00:00+00:00
[2024-06-24T14:31:00.370+0300] {processor.py:183} INFO - Processing /home/user/rubix/internship_project/.venv/lib/python3.10/site-packages/airflow/example_dags/example_setup_teardown_taskflow.py took 0.136 seconds
[2024-06-24T14:31:46.990+0300] {processor.py:161} INFO - Started process (PID=31927) to work on /home/user/rubix/internship_project/.venv/lib/python3.10/site-packages/airflow/example_dags/example_setup_teardown_taskflow.py
[2024-06-24T14:31:46.991+0300] {processor.py:830} INFO - Processing file /home/user/rubix/internship_project/.venv/lib/python3.10/site-packages/airflow/example_dags/example_setup_teardown_taskflow.py for tasks to queue
[2024-06-24T14:31:46.993+0300] {logging_mixin.py:188} INFO - [2024-06-24T14:31:46.992+0300] {dagbag.py:545} INFO - Filling up the DagBag from /home/user/rubix/internship_project/.venv/lib/python3.10/site-packages/airflow/example_dags/example_setup_teardown_taskflow.py
[2024-06-24T14:31:47.002+0300] {processor.py:840} INFO - DAG(s) 'example_setup_teardown_taskflow' retrieved from /home/user/rubix/internship_project/.venv/lib/python3.10/site-packages/airflow/example_dags/example_setup_teardown_taskflow.py
[2024-06-24T14:31:47.020+0300] {logging_mixin.py:188} INFO - [2024-06-24T14:31:47.019+0300] {dag.py:3096} INFO - Sync 1 DAGs
[2024-06-24T14:31:47.037+0300] {logging_mixin.py:188} INFO - [2024-06-24T14:31:47.036+0300] {dag.py:3954} INFO - Setting next_dagrun for example_setup_teardown_taskflow to 2024-06-23 00:00:00+00:00, run_after=2024-06-24 00:00:00+00:00
[2024-06-24T14:31:47.067+0300] {processor.py:183} INFO - Processing /home/user/rubix/internship_project/.venv/lib/python3.10/site-packages/airflow/example_dags/example_setup_teardown_taskflow.py took 0.086 seconds
[2024-06-24T14:32:32.013+0300] {processor.py:161} INFO - Started process (PID=32083) to work on /home/user/rubix/internship_project/.venv/lib/python3.10/site-packages/airflow/example_dags/example_setup_teardown_taskflow.py
[2024-06-24T14:32:32.014+0300] {processor.py:830} INFO - Processing file /home/user/rubix/internship_project/.venv/lib/python3.10/site-packages/airflow/example_dags/example_setup_teardown_taskflow.py for tasks to queue
[2024-06-24T14:32:32.016+0300] {logging_mixin.py:188} INFO - [2024-06-24T14:32:32.015+0300] {dagbag.py:545} INFO - Filling up the DagBag from /home/user/rubix/internship_project/.venv/lib/python3.10/site-packages/airflow/example_dags/example_setup_teardown_taskflow.py
[2024-06-24T14:32:32.027+0300] {processor.py:840} INFO - DAG(s) 'example_setup_teardown_taskflow' retrieved from /home/user/rubix/internship_project/.venv/lib/python3.10/site-packages/airflow/example_dags/example_setup_teardown_taskflow.py
[2024-06-24T14:32:32.048+0300] {logging_mixin.py:188} INFO - [2024-06-24T14:32:32.048+0300] {dag.py:3096} INFO - Sync 1 DAGs
[2024-06-24T14:32:32.068+0300] {logging_mixin.py:188} INFO - [2024-06-24T14:32:32.068+0300] {dag.py:3954} INFO - Setting next_dagrun for example_setup_teardown_taskflow to 2024-06-23 00:00:00+00:00, run_after=2024-06-24 00:00:00+00:00
[2024-06-24T14:32:32.109+0300] {processor.py:183} INFO - Processing /home/user/rubix/internship_project/.venv/lib/python3.10/site-packages/airflow/example_dags/example_setup_teardown_taskflow.py took 0.105 seconds
