[2024-06-24T14:03:19.323+0300] {processor.py:161} INFO - Started process (PID=22701) to work on /home/user/rubix/internship_project/.venv/lib/python3.10/site-packages/airflow/example_dags/example_latest_only.py
[2024-06-24T14:03:19.329+0300] {processor.py:830} INFO - Processing file /home/user/rubix/internship_project/.venv/lib/python3.10/site-packages/airflow/example_dags/example_latest_only.py for tasks to queue
[2024-06-24T14:03:19.332+0300] {logging_mixin.py:188} INFO - [2024-06-24T14:03:19.331+0300] {dagbag.py:545} INFO - Filling up the DagBag from /home/user/rubix/internship_project/.venv/lib/python3.10/site-packages/airflow/example_dags/example_latest_only.py
[2024-06-24T14:03:19.339+0300] {processor.py:840} INFO - DAG(s) 'latest_only' retrieved from /home/user/rubix/internship_project/.venv/lib/python3.10/site-packages/airflow/example_dags/example_latest_only.py
[2024-06-24T14:03:19.425+0300] {logging_mixin.py:188} INFO - [2024-06-24T14:03:19.424+0300] {dag.py:3096} INFO - Sync 1 DAGs
[2024-06-24T14:03:19.436+0300] {logging_mixin.py:188} INFO - [2024-06-24T14:03:19.436+0300] {dag.py:3954} INFO - Setting next_dagrun for latest_only to 2024-06-24 04:00:00+00:00, run_after=2024-06-24 08:00:00+00:00
[2024-06-24T14:03:19.553+0300] {processor.py:183} INFO - Processing /home/user/rubix/internship_project/.venv/lib/python3.10/site-packages/airflow/example_dags/example_latest_only.py took 0.238 seconds
[2024-06-24T14:04:30.284+0300] {processor.py:161} INFO - Started process (PID=23243) to work on /home/user/rubix/internship_project/.venv/lib/python3.10/site-packages/airflow/example_dags/example_latest_only.py
[2024-06-24T14:04:30.286+0300] {processor.py:830} INFO - Processing file /home/user/rubix/internship_project/.venv/lib/python3.10/site-packages/airflow/example_dags/example_latest_only.py for tasks to queue
[2024-06-24T14:04:30.288+0300] {logging_mixin.py:188} INFO - [2024-06-24T14:04:30.287+0300] {dagbag.py:545} INFO - Filling up the DagBag from /home/user/rubix/internship_project/.venv/lib/python3.10/site-packages/airflow/example_dags/example_latest_only.py
[2024-06-24T14:04:30.295+0300] {processor.py:840} INFO - DAG(s) 'latest_only' retrieved from /home/user/rubix/internship_project/.venv/lib/python3.10/site-packages/airflow/example_dags/example_latest_only.py
[2024-06-24T14:04:30.392+0300] {logging_mixin.py:188} INFO - [2024-06-24T14:04:30.392+0300] {dag.py:3096} INFO - Sync 1 DAGs
[2024-06-24T14:04:30.404+0300] {logging_mixin.py:188} INFO - [2024-06-24T14:04:30.404+0300] {dag.py:3954} INFO - Setting next_dagrun for latest_only to 2024-06-24 04:00:00+00:00, run_after=2024-06-24 08:00:00+00:00
[2024-06-24T14:04:30.514+0300] {processor.py:183} INFO - Processing /home/user/rubix/internship_project/.venv/lib/python3.10/site-packages/airflow/example_dags/example_latest_only.py took 0.239 seconds
[2024-06-24T14:05:31.428+0300] {processor.py:161} INFO - Started process (PID=23712) to work on /home/user/rubix/internship_project/.venv/lib/python3.10/site-packages/airflow/example_dags/example_latest_only.py
[2024-06-24T14:05:31.429+0300] {processor.py:830} INFO - Processing file /home/user/rubix/internship_project/.venv/lib/python3.10/site-packages/airflow/example_dags/example_latest_only.py for tasks to queue
[2024-06-24T14:05:31.431+0300] {logging_mixin.py:188} INFO - [2024-06-24T14:05:31.430+0300] {dagbag.py:545} INFO - Filling up the DagBag from /home/user/rubix/internship_project/.venv/lib/python3.10/site-packages/airflow/example_dags/example_latest_only.py
[2024-06-24T14:05:31.446+0300] {processor.py:840} INFO - DAG(s) 'latest_only' retrieved from /home/user/rubix/internship_project/.venv/lib/python3.10/site-packages/airflow/example_dags/example_latest_only.py
[2024-06-24T14:05:31.463+0300] {logging_mixin.py:188} INFO - [2024-06-24T14:05:31.463+0300] {dag.py:3096} INFO - Sync 1 DAGs
[2024-06-24T14:05:31.478+0300] {logging_mixin.py:188} INFO - [2024-06-24T14:05:31.478+0300] {dag.py:3954} INFO - Setting next_dagrun for latest_only to 2024-06-24 04:00:00+00:00, run_after=2024-06-24 08:00:00+00:00
[2024-06-24T14:05:31.505+0300] {processor.py:183} INFO - Processing /home/user/rubix/internship_project/.venv/lib/python3.10/site-packages/airflow/example_dags/example_latest_only.py took 0.086 seconds
[2024-06-24T14:06:34.204+0300] {processor.py:161} INFO - Started process (PID=24124) to work on /home/user/rubix/internship_project/.venv/lib/python3.10/site-packages/airflow/example_dags/example_latest_only.py
[2024-06-24T14:06:34.205+0300] {processor.py:830} INFO - Processing file /home/user/rubix/internship_project/.venv/lib/python3.10/site-packages/airflow/example_dags/example_latest_only.py for tasks to queue
[2024-06-24T14:06:34.207+0300] {logging_mixin.py:188} INFO - [2024-06-24T14:06:34.206+0300] {dagbag.py:545} INFO - Filling up the DagBag from /home/user/rubix/internship_project/.venv/lib/python3.10/site-packages/airflow/example_dags/example_latest_only.py
[2024-06-24T14:06:34.215+0300] {processor.py:840} INFO - DAG(s) 'latest_only' retrieved from /home/user/rubix/internship_project/.venv/lib/python3.10/site-packages/airflow/example_dags/example_latest_only.py
[2024-06-24T14:06:34.244+0300] {logging_mixin.py:188} INFO - [2024-06-24T14:06:34.243+0300] {dag.py:3096} INFO - Sync 1 DAGs
[2024-06-24T14:06:34.351+0300] {logging_mixin.py:188} INFO - [2024-06-24T14:06:34.351+0300] {dag.py:3954} INFO - Setting next_dagrun for latest_only to 2024-06-24 04:00:00+00:00, run_after=2024-06-24 08:00:00+00:00
[2024-06-24T14:06:34.378+0300] {processor.py:183} INFO - Processing /home/user/rubix/internship_project/.venv/lib/python3.10/site-packages/airflow/example_dags/example_latest_only.py took 0.182 seconds
[2024-06-24T14:07:27.584+0300] {processor.py:161} INFO - Started process (PID=24340) to work on /home/user/rubix/internship_project/.venv/lib/python3.10/site-packages/airflow/example_dags/example_latest_only.py
[2024-06-24T14:07:27.586+0300] {processor.py:830} INFO - Processing file /home/user/rubix/internship_project/.venv/lib/python3.10/site-packages/airflow/example_dags/example_latest_only.py for tasks to queue
[2024-06-24T14:07:27.588+0300] {logging_mixin.py:188} INFO - [2024-06-24T14:07:27.588+0300] {dagbag.py:545} INFO - Filling up the DagBag from /home/user/rubix/internship_project/.venv/lib/python3.10/site-packages/airflow/example_dags/example_latest_only.py
[2024-06-24T14:07:27.595+0300] {processor.py:840} INFO - DAG(s) 'latest_only' retrieved from /home/user/rubix/internship_project/.venv/lib/python3.10/site-packages/airflow/example_dags/example_latest_only.py
[2024-06-24T14:07:27.612+0300] {logging_mixin.py:188} INFO - [2024-06-24T14:07:27.612+0300] {dag.py:3096} INFO - Sync 1 DAGs
[2024-06-24T14:07:27.627+0300] {logging_mixin.py:188} INFO - [2024-06-24T14:07:27.627+0300] {dag.py:3954} INFO - Setting next_dagrun for latest_only to 2024-06-24 04:00:00+00:00, run_after=2024-06-24 08:00:00+00:00
[2024-06-24T14:07:27.659+0300] {processor.py:183} INFO - Processing /home/user/rubix/internship_project/.venv/lib/python3.10/site-packages/airflow/example_dags/example_latest_only.py took 0.083 seconds
[2024-06-24T14:08:19.158+0300] {processor.py:161} INFO - Started process (PID=24678) to work on /home/user/rubix/internship_project/.venv/lib/python3.10/site-packages/airflow/example_dags/example_latest_only.py
[2024-06-24T14:08:19.159+0300] {processor.py:830} INFO - Processing file /home/user/rubix/internship_project/.venv/lib/python3.10/site-packages/airflow/example_dags/example_latest_only.py for tasks to queue
[2024-06-24T14:08:19.161+0300] {logging_mixin.py:188} INFO - [2024-06-24T14:08:19.161+0300] {dagbag.py:545} INFO - Filling up the DagBag from /home/user/rubix/internship_project/.venv/lib/python3.10/site-packages/airflow/example_dags/example_latest_only.py
[2024-06-24T14:08:19.168+0300] {processor.py:840} INFO - DAG(s) 'latest_only' retrieved from /home/user/rubix/internship_project/.venv/lib/python3.10/site-packages/airflow/example_dags/example_latest_only.py
[2024-06-24T14:08:19.185+0300] {logging_mixin.py:188} INFO - [2024-06-24T14:08:19.185+0300] {dag.py:3096} INFO - Sync 1 DAGs
[2024-06-24T14:08:19.203+0300] {logging_mixin.py:188} INFO - [2024-06-24T14:08:19.203+0300] {dag.py:3954} INFO - Setting next_dagrun for latest_only to 2024-06-24 04:00:00+00:00, run_after=2024-06-24 08:00:00+00:00
[2024-06-24T14:08:19.234+0300] {processor.py:183} INFO - Processing /home/user/rubix/internship_project/.venv/lib/python3.10/site-packages/airflow/example_dags/example_latest_only.py took 0.084 seconds
[2024-06-24T14:09:26.257+0300] {processor.py:161} INFO - Started process (PID=25114) to work on /home/user/rubix/internship_project/.venv/lib/python3.10/site-packages/airflow/example_dags/example_latest_only.py
[2024-06-24T14:09:26.259+0300] {processor.py:830} INFO - Processing file /home/user/rubix/internship_project/.venv/lib/python3.10/site-packages/airflow/example_dags/example_latest_only.py for tasks to queue
[2024-06-24T14:09:26.262+0300] {logging_mixin.py:188} INFO - [2024-06-24T14:09:26.262+0300] {dagbag.py:545} INFO - Filling up the DagBag from /home/user/rubix/internship_project/.venv/lib/python3.10/site-packages/airflow/example_dags/example_latest_only.py
[2024-06-24T14:09:26.269+0300] {processor.py:840} INFO - DAG(s) 'latest_only' retrieved from /home/user/rubix/internship_project/.venv/lib/python3.10/site-packages/airflow/example_dags/example_latest_only.py
[2024-06-24T14:09:26.295+0300] {logging_mixin.py:188} INFO - [2024-06-24T14:09:26.295+0300] {dag.py:3096} INFO - Sync 1 DAGs
[2024-06-24T14:09:26.319+0300] {logging_mixin.py:188} INFO - [2024-06-24T14:09:26.319+0300] {dag.py:3954} INFO - Setting next_dagrun for latest_only to 2024-06-24 04:00:00+00:00, run_after=2024-06-24 08:00:00+00:00
[2024-06-24T14:09:26.359+0300] {processor.py:183} INFO - Processing /home/user/rubix/internship_project/.venv/lib/python3.10/site-packages/airflow/example_dags/example_latest_only.py took 0.114 seconds
[2024-06-24T14:10:13.259+0300] {processor.py:161} INFO - Started process (PID=25417) to work on /home/user/rubix/internship_project/.venv/lib/python3.10/site-packages/airflow/example_dags/example_latest_only.py
[2024-06-24T14:10:13.260+0300] {processor.py:830} INFO - Processing file /home/user/rubix/internship_project/.venv/lib/python3.10/site-packages/airflow/example_dags/example_latest_only.py for tasks to queue
[2024-06-24T14:10:13.263+0300] {logging_mixin.py:188} INFO - [2024-06-24T14:10:13.263+0300] {dagbag.py:545} INFO - Filling up the DagBag from /home/user/rubix/internship_project/.venv/lib/python3.10/site-packages/airflow/example_dags/example_latest_only.py
[2024-06-24T14:10:13.268+0300] {processor.py:840} INFO - DAG(s) 'latest_only' retrieved from /home/user/rubix/internship_project/.venv/lib/python3.10/site-packages/airflow/example_dags/example_latest_only.py
[2024-06-24T14:10:13.285+0300] {logging_mixin.py:188} INFO - [2024-06-24T14:10:13.285+0300] {dag.py:3096} INFO - Sync 1 DAGs
[2024-06-24T14:10:13.300+0300] {logging_mixin.py:188} INFO - [2024-06-24T14:10:13.300+0300] {dag.py:3954} INFO - Setting next_dagrun for latest_only to 2024-06-24 04:00:00+00:00, run_after=2024-06-24 08:00:00+00:00
[2024-06-24T14:10:13.331+0300] {processor.py:183} INFO - Processing /home/user/rubix/internship_project/.venv/lib/python3.10/site-packages/airflow/example_dags/example_latest_only.py took 0.079 seconds
[2024-06-24T14:11:19.880+0300] {processor.py:161} INFO - Started process (PID=25808) to work on /home/user/rubix/internship_project/.venv/lib/python3.10/site-packages/airflow/example_dags/example_latest_only.py
[2024-06-24T14:11:19.881+0300] {processor.py:830} INFO - Processing file /home/user/rubix/internship_project/.venv/lib/python3.10/site-packages/airflow/example_dags/example_latest_only.py for tasks to queue
[2024-06-24T14:11:19.883+0300] {logging_mixin.py:188} INFO - [2024-06-24T14:11:19.883+0300] {dagbag.py:545} INFO - Filling up the DagBag from /home/user/rubix/internship_project/.venv/lib/python3.10/site-packages/airflow/example_dags/example_latest_only.py
[2024-06-24T14:11:19.889+0300] {processor.py:840} INFO - DAG(s) 'latest_only' retrieved from /home/user/rubix/internship_project/.venv/lib/python3.10/site-packages/airflow/example_dags/example_latest_only.py
[2024-06-24T14:11:19.907+0300] {logging_mixin.py:188} INFO - [2024-06-24T14:11:19.907+0300] {dag.py:3096} INFO - Sync 1 DAGs
[2024-06-24T14:11:19.924+0300] {logging_mixin.py:188} INFO - [2024-06-24T14:11:19.924+0300] {dag.py:3954} INFO - Setting next_dagrun for latest_only to 2024-06-24 04:00:00+00:00, run_after=2024-06-24 08:00:00+00:00
[2024-06-24T14:11:19.954+0300] {processor.py:183} INFO - Processing /home/user/rubix/internship_project/.venv/lib/python3.10/site-packages/airflow/example_dags/example_latest_only.py took 0.082 seconds
[2024-06-24T14:12:24.648+0300] {processor.py:161} INFO - Started process (PID=26121) to work on /home/user/rubix/internship_project/.venv/lib/python3.10/site-packages/airflow/example_dags/example_latest_only.py
[2024-06-24T14:12:24.649+0300] {processor.py:830} INFO - Processing file /home/user/rubix/internship_project/.venv/lib/python3.10/site-packages/airflow/example_dags/example_latest_only.py for tasks to queue
[2024-06-24T14:12:24.652+0300] {logging_mixin.py:188} INFO - [2024-06-24T14:12:24.652+0300] {dagbag.py:545} INFO - Filling up the DagBag from /home/user/rubix/internship_project/.venv/lib/python3.10/site-packages/airflow/example_dags/example_latest_only.py
[2024-06-24T14:12:24.658+0300] {processor.py:840} INFO - DAG(s) 'latest_only' retrieved from /home/user/rubix/internship_project/.venv/lib/python3.10/site-packages/airflow/example_dags/example_latest_only.py
[2024-06-24T14:12:24.676+0300] {logging_mixin.py:188} INFO - [2024-06-24T14:12:24.676+0300] {dag.py:3096} INFO - Sync 1 DAGs
[2024-06-24T14:12:24.693+0300] {logging_mixin.py:188} INFO - [2024-06-24T14:12:24.693+0300] {dag.py:3954} INFO - Setting next_dagrun for latest_only to 2024-06-24 04:00:00+00:00, run_after=2024-06-24 08:00:00+00:00
[2024-06-24T14:12:24.712+0300] {processor.py:183} INFO - Processing /home/user/rubix/internship_project/.venv/lib/python3.10/site-packages/airflow/example_dags/example_latest_only.py took 0.072 seconds
[2024-06-24T14:13:37.649+0300] {processor.py:161} INFO - Started process (PID=26362) to work on /home/user/rubix/internship_project/.venv/lib/python3.10/site-packages/airflow/example_dags/example_latest_only.py
[2024-06-24T14:13:37.650+0300] {processor.py:830} INFO - Processing file /home/user/rubix/internship_project/.venv/lib/python3.10/site-packages/airflow/example_dags/example_latest_only.py for tasks to queue
[2024-06-24T14:13:37.652+0300] {logging_mixin.py:188} INFO - [2024-06-24T14:13:37.652+0300] {dagbag.py:545} INFO - Filling up the DagBag from /home/user/rubix/internship_project/.venv/lib/python3.10/site-packages/airflow/example_dags/example_latest_only.py
[2024-06-24T14:13:37.668+0300] {processor.py:840} INFO - DAG(s) 'latest_only' retrieved from /home/user/rubix/internship_project/.venv/lib/python3.10/site-packages/airflow/example_dags/example_latest_only.py
[2024-06-24T14:13:37.685+0300] {logging_mixin.py:188} INFO - [2024-06-24T14:13:37.685+0300] {dag.py:3096} INFO - Sync 1 DAGs
[2024-06-24T14:13:37.701+0300] {logging_mixin.py:188} INFO - [2024-06-24T14:13:37.700+0300] {dag.py:3954} INFO - Setting next_dagrun for latest_only to 2024-06-24 04:00:00+00:00, run_after=2024-06-24 08:00:00+00:00
[2024-06-24T14:13:37.729+0300] {processor.py:183} INFO - Processing /home/user/rubix/internship_project/.venv/lib/python3.10/site-packages/airflow/example_dags/example_latest_only.py took 0.088 seconds
[2024-06-24T14:14:28.563+0300] {processor.py:161} INFO - Started process (PID=26706) to work on /home/user/rubix/internship_project/.venv/lib/python3.10/site-packages/airflow/example_dags/example_latest_only.py
[2024-06-24T14:14:28.563+0300] {processor.py:830} INFO - Processing file /home/user/rubix/internship_project/.venv/lib/python3.10/site-packages/airflow/example_dags/example_latest_only.py for tasks to queue
[2024-06-24T14:14:28.565+0300] {logging_mixin.py:188} INFO - [2024-06-24T14:14:28.565+0300] {dagbag.py:545} INFO - Filling up the DagBag from /home/user/rubix/internship_project/.venv/lib/python3.10/site-packages/airflow/example_dags/example_latest_only.py
[2024-06-24T14:14:28.571+0300] {processor.py:840} INFO - DAG(s) 'latest_only' retrieved from /home/user/rubix/internship_project/.venv/lib/python3.10/site-packages/airflow/example_dags/example_latest_only.py
[2024-06-24T14:14:28.589+0300] {logging_mixin.py:188} INFO - [2024-06-24T14:14:28.589+0300] {dag.py:3096} INFO - Sync 1 DAGs
[2024-06-24T14:14:28.604+0300] {logging_mixin.py:188} INFO - [2024-06-24T14:14:28.604+0300] {dag.py:3954} INFO - Setting next_dagrun for latest_only to 2024-06-24 04:00:00+00:00, run_after=2024-06-24 08:00:00+00:00
[2024-06-24T14:14:28.634+0300] {processor.py:183} INFO - Processing /home/user/rubix/internship_project/.venv/lib/python3.10/site-packages/airflow/example_dags/example_latest_only.py took 0.079 seconds
[2024-06-24T14:15:32.055+0300] {processor.py:161} INFO - Started process (PID=26904) to work on /home/user/rubix/internship_project/.venv/lib/python3.10/site-packages/airflow/example_dags/example_latest_only.py
[2024-06-24T14:15:32.056+0300] {processor.py:830} INFO - Processing file /home/user/rubix/internship_project/.venv/lib/python3.10/site-packages/airflow/example_dags/example_latest_only.py for tasks to queue
[2024-06-24T14:15:32.058+0300] {logging_mixin.py:188} INFO - [2024-06-24T14:15:32.058+0300] {dagbag.py:545} INFO - Filling up the DagBag from /home/user/rubix/internship_project/.venv/lib/python3.10/site-packages/airflow/example_dags/example_latest_only.py
[2024-06-24T14:15:32.064+0300] {processor.py:840} INFO - DAG(s) 'latest_only' retrieved from /home/user/rubix/internship_project/.venv/lib/python3.10/site-packages/airflow/example_dags/example_latest_only.py
[2024-06-24T14:15:32.081+0300] {logging_mixin.py:188} INFO - [2024-06-24T14:15:32.081+0300] {dag.py:3096} INFO - Sync 1 DAGs
[2024-06-24T14:15:32.098+0300] {logging_mixin.py:188} INFO - [2024-06-24T14:15:32.098+0300] {dag.py:3954} INFO - Setting next_dagrun for latest_only to 2024-06-24 04:00:00+00:00, run_after=2024-06-24 08:00:00+00:00
[2024-06-24T14:15:32.127+0300] {processor.py:183} INFO - Processing /home/user/rubix/internship_project/.venv/lib/python3.10/site-packages/airflow/example_dags/example_latest_only.py took 0.080 seconds
[2024-06-24T14:16:33.087+0300] {processor.py:161} INFO - Started process (PID=27093) to work on /home/user/rubix/internship_project/.venv/lib/python3.10/site-packages/airflow/example_dags/example_latest_only.py
[2024-06-24T14:16:33.088+0300] {processor.py:830} INFO - Processing file /home/user/rubix/internship_project/.venv/lib/python3.10/site-packages/airflow/example_dags/example_latest_only.py for tasks to queue
[2024-06-24T14:16:33.090+0300] {logging_mixin.py:188} INFO - [2024-06-24T14:16:33.089+0300] {dagbag.py:545} INFO - Filling up the DagBag from /home/user/rubix/internship_project/.venv/lib/python3.10/site-packages/airflow/example_dags/example_latest_only.py
[2024-06-24T14:16:33.096+0300] {processor.py:840} INFO - DAG(s) 'latest_only' retrieved from /home/user/rubix/internship_project/.venv/lib/python3.10/site-packages/airflow/example_dags/example_latest_only.py
[2024-06-24T14:16:33.113+0300] {logging_mixin.py:188} INFO - [2024-06-24T14:16:33.113+0300] {dag.py:3096} INFO - Sync 1 DAGs
[2024-06-24T14:16:33.131+0300] {logging_mixin.py:188} INFO - [2024-06-24T14:16:33.131+0300] {dag.py:3954} INFO - Setting next_dagrun for latest_only to 2024-06-24 04:00:00+00:00, run_after=2024-06-24 08:00:00+00:00
[2024-06-24T14:16:33.149+0300] {processor.py:183} INFO - Processing /home/user/rubix/internship_project/.venv/lib/python3.10/site-packages/airflow/example_dags/example_latest_only.py took 0.070 seconds
[2024-06-24T14:17:32.033+0300] {processor.py:161} INFO - Started process (PID=27285) to work on /home/user/rubix/internship_project/.venv/lib/python3.10/site-packages/airflow/example_dags/example_latest_only.py
[2024-06-24T14:17:32.034+0300] {processor.py:830} INFO - Processing file /home/user/rubix/internship_project/.venv/lib/python3.10/site-packages/airflow/example_dags/example_latest_only.py for tasks to queue
[2024-06-24T14:17:32.037+0300] {logging_mixin.py:188} INFO - [2024-06-24T14:17:32.036+0300] {dagbag.py:545} INFO - Filling up the DagBag from /home/user/rubix/internship_project/.venv/lib/python3.10/site-packages/airflow/example_dags/example_latest_only.py
[2024-06-24T14:17:32.044+0300] {processor.py:840} INFO - DAG(s) 'latest_only' retrieved from /home/user/rubix/internship_project/.venv/lib/python3.10/site-packages/airflow/example_dags/example_latest_only.py
[2024-06-24T14:17:32.064+0300] {logging_mixin.py:188} INFO - [2024-06-24T14:17:32.063+0300] {dag.py:3096} INFO - Sync 1 DAGs
[2024-06-24T14:17:32.086+0300] {logging_mixin.py:188} INFO - [2024-06-24T14:17:32.085+0300] {dag.py:3954} INFO - Setting next_dagrun for latest_only to 2024-06-24 04:00:00+00:00, run_after=2024-06-24 08:00:00+00:00
[2024-06-24T14:17:32.118+0300] {processor.py:183} INFO - Processing /home/user/rubix/internship_project/.venv/lib/python3.10/site-packages/airflow/example_dags/example_latest_only.py took 0.094 seconds
[2024-06-24T14:18:44.802+0300] {processor.py:161} INFO - Started process (PID=27491) to work on /home/user/rubix/internship_project/.venv/lib/python3.10/site-packages/airflow/example_dags/example_latest_only.py
[2024-06-24T14:18:44.803+0300] {processor.py:830} INFO - Processing file /home/user/rubix/internship_project/.venv/lib/python3.10/site-packages/airflow/example_dags/example_latest_only.py for tasks to queue
[2024-06-24T14:18:44.805+0300] {logging_mixin.py:188} INFO - [2024-06-24T14:18:44.805+0300] {dagbag.py:545} INFO - Filling up the DagBag from /home/user/rubix/internship_project/.venv/lib/python3.10/site-packages/airflow/example_dags/example_latest_only.py
[2024-06-24T14:18:44.820+0300] {processor.py:840} INFO - DAG(s) 'latest_only' retrieved from /home/user/rubix/internship_project/.venv/lib/python3.10/site-packages/airflow/example_dags/example_latest_only.py
[2024-06-24T14:18:44.837+0300] {logging_mixin.py:188} INFO - [2024-06-24T14:18:44.837+0300] {dag.py:3096} INFO - Sync 1 DAGs
[2024-06-24T14:18:44.854+0300] {logging_mixin.py:188} INFO - [2024-06-24T14:18:44.853+0300] {dag.py:3954} INFO - Setting next_dagrun for latest_only to 2024-06-24 04:00:00+00:00, run_after=2024-06-24 08:00:00+00:00
[2024-06-24T14:18:44.883+0300] {processor.py:183} INFO - Processing /home/user/rubix/internship_project/.venv/lib/python3.10/site-packages/airflow/example_dags/example_latest_only.py took 0.089 seconds
[2024-06-24T14:19:36.527+0300] {processor.py:161} INFO - Started process (PID=27722) to work on /home/user/rubix/internship_project/.venv/lib/python3.10/site-packages/airflow/example_dags/example_latest_only.py
[2024-06-24T14:19:36.529+0300] {processor.py:830} INFO - Processing file /home/user/rubix/internship_project/.venv/lib/python3.10/site-packages/airflow/example_dags/example_latest_only.py for tasks to queue
[2024-06-24T14:19:36.533+0300] {logging_mixin.py:188} INFO - [2024-06-24T14:19:36.532+0300] {dagbag.py:545} INFO - Filling up the DagBag from /home/user/rubix/internship_project/.venv/lib/python3.10/site-packages/airflow/example_dags/example_latest_only.py
[2024-06-24T14:19:36.542+0300] {processor.py:840} INFO - DAG(s) 'latest_only' retrieved from /home/user/rubix/internship_project/.venv/lib/python3.10/site-packages/airflow/example_dags/example_latest_only.py
[2024-06-24T14:19:36.570+0300] {logging_mixin.py:188} INFO - [2024-06-24T14:19:36.569+0300] {dag.py:3096} INFO - Sync 1 DAGs
[2024-06-24T14:19:36.601+0300] {logging_mixin.py:188} INFO - [2024-06-24T14:19:36.601+0300] {dag.py:3954} INFO - Setting next_dagrun for latest_only to 2024-06-24 04:00:00+00:00, run_after=2024-06-24 08:00:00+00:00
[2024-06-24T14:19:36.642+0300] {processor.py:183} INFO - Processing /home/user/rubix/internship_project/.venv/lib/python3.10/site-packages/airflow/example_dags/example_latest_only.py took 0.126 seconds
[2024-06-24T14:20:33.955+0300] {processor.py:161} INFO - Started process (PID=28200) to work on /home/user/rubix/internship_project/.venv/lib/python3.10/site-packages/airflow/example_dags/example_latest_only.py
[2024-06-24T14:20:33.957+0300] {processor.py:830} INFO - Processing file /home/user/rubix/internship_project/.venv/lib/python3.10/site-packages/airflow/example_dags/example_latest_only.py for tasks to queue
[2024-06-24T14:20:33.959+0300] {logging_mixin.py:188} INFO - [2024-06-24T14:20:33.958+0300] {dagbag.py:545} INFO - Filling up the DagBag from /home/user/rubix/internship_project/.venv/lib/python3.10/site-packages/airflow/example_dags/example_latest_only.py
[2024-06-24T14:20:33.966+0300] {processor.py:840} INFO - DAG(s) 'latest_only' retrieved from /home/user/rubix/internship_project/.venv/lib/python3.10/site-packages/airflow/example_dags/example_latest_only.py
[2024-06-24T14:20:33.985+0300] {logging_mixin.py:188} INFO - [2024-06-24T14:20:33.984+0300] {dag.py:3096} INFO - Sync 1 DAGs
[2024-06-24T14:20:34.004+0300] {logging_mixin.py:188} INFO - [2024-06-24T14:20:34.004+0300] {dag.py:3954} INFO - Setting next_dagrun for latest_only to 2024-06-24 04:00:00+00:00, run_after=2024-06-24 08:00:00+00:00
[2024-06-24T14:20:34.039+0300] {processor.py:183} INFO - Processing /home/user/rubix/internship_project/.venv/lib/python3.10/site-packages/airflow/example_dags/example_latest_only.py took 0.091 seconds
[2024-06-24T14:21:38.429+0300] {processor.py:161} INFO - Started process (PID=28563) to work on /home/user/rubix/internship_project/.venv/lib/python3.10/site-packages/airflow/example_dags/example_latest_only.py
[2024-06-24T14:21:38.430+0300] {processor.py:830} INFO - Processing file /home/user/rubix/internship_project/.venv/lib/python3.10/site-packages/airflow/example_dags/example_latest_only.py for tasks to queue
[2024-06-24T14:21:38.432+0300] {logging_mixin.py:188} INFO - [2024-06-24T14:21:38.431+0300] {dagbag.py:545} INFO - Filling up the DagBag from /home/user/rubix/internship_project/.venv/lib/python3.10/site-packages/airflow/example_dags/example_latest_only.py
[2024-06-24T14:21:38.438+0300] {processor.py:840} INFO - DAG(s) 'latest_only' retrieved from /home/user/rubix/internship_project/.venv/lib/python3.10/site-packages/airflow/example_dags/example_latest_only.py
[2024-06-24T14:21:38.456+0300] {logging_mixin.py:188} INFO - [2024-06-24T14:21:38.456+0300] {dag.py:3096} INFO - Sync 1 DAGs
[2024-06-24T14:21:38.476+0300] {logging_mixin.py:188} INFO - [2024-06-24T14:21:38.476+0300] {dag.py:3954} INFO - Setting next_dagrun for latest_only to 2024-06-24 04:00:00+00:00, run_after=2024-06-24 08:00:00+00:00
[2024-06-24T14:21:38.509+0300] {processor.py:183} INFO - Processing /home/user/rubix/internship_project/.venv/lib/python3.10/site-packages/airflow/example_dags/example_latest_only.py took 0.089 seconds
[2024-06-24T14:22:33.319+0300] {processor.py:161} INFO - Started process (PID=28785) to work on /home/user/rubix/internship_project/.venv/lib/python3.10/site-packages/airflow/example_dags/example_latest_only.py
[2024-06-24T14:22:33.320+0300] {processor.py:830} INFO - Processing file /home/user/rubix/internship_project/.venv/lib/python3.10/site-packages/airflow/example_dags/example_latest_only.py for tasks to queue
[2024-06-24T14:22:33.322+0300] {logging_mixin.py:188} INFO - [2024-06-24T14:22:33.321+0300] {dagbag.py:545} INFO - Filling up the DagBag from /home/user/rubix/internship_project/.venv/lib/python3.10/site-packages/airflow/example_dags/example_latest_only.py
[2024-06-24T14:22:33.327+0300] {processor.py:840} INFO - DAG(s) 'latest_only' retrieved from /home/user/rubix/internship_project/.venv/lib/python3.10/site-packages/airflow/example_dags/example_latest_only.py
[2024-06-24T14:22:33.344+0300] {logging_mixin.py:188} INFO - [2024-06-24T14:22:33.344+0300] {dag.py:3096} INFO - Sync 1 DAGs
[2024-06-24T14:22:33.359+0300] {logging_mixin.py:188} INFO - [2024-06-24T14:22:33.359+0300] {dag.py:3954} INFO - Setting next_dagrun for latest_only to 2024-06-24 04:00:00+00:00, run_after=2024-06-24 08:00:00+00:00
[2024-06-24T14:22:33.388+0300] {processor.py:183} INFO - Processing /home/user/rubix/internship_project/.venv/lib/python3.10/site-packages/airflow/example_dags/example_latest_only.py took 0.076 seconds
[2024-06-24T14:23:39.313+0300] {processor.py:161} INFO - Started process (PID=29022) to work on /home/user/rubix/internship_project/.venv/lib/python3.10/site-packages/airflow/example_dags/example_latest_only.py
[2024-06-24T14:23:39.314+0300] {processor.py:830} INFO - Processing file /home/user/rubix/internship_project/.venv/lib/python3.10/site-packages/airflow/example_dags/example_latest_only.py for tasks to queue
[2024-06-24T14:23:39.316+0300] {logging_mixin.py:188} INFO - [2024-06-24T14:23:39.316+0300] {dagbag.py:545} INFO - Filling up the DagBag from /home/user/rubix/internship_project/.venv/lib/python3.10/site-packages/airflow/example_dags/example_latest_only.py
[2024-06-24T14:23:39.324+0300] {processor.py:840} INFO - DAG(s) 'latest_only' retrieved from /home/user/rubix/internship_project/.venv/lib/python3.10/site-packages/airflow/example_dags/example_latest_only.py
[2024-06-24T14:23:39.344+0300] {logging_mixin.py:188} INFO - [2024-06-24T14:23:39.343+0300] {dag.py:3096} INFO - Sync 1 DAGs
[2024-06-24T14:23:39.362+0300] {logging_mixin.py:188} INFO - [2024-06-24T14:23:39.361+0300] {dag.py:3954} INFO - Setting next_dagrun for latest_only to 2024-06-24 04:00:00+00:00, run_after=2024-06-24 08:00:00+00:00
[2024-06-24T14:23:39.391+0300] {processor.py:183} INFO - Processing /home/user/rubix/internship_project/.venv/lib/python3.10/site-packages/airflow/example_dags/example_latest_only.py took 0.088 seconds
[2024-06-24T14:24:47.628+0300] {processor.py:161} INFO - Started process (PID=29321) to work on /home/user/rubix/internship_project/.venv/lib/python3.10/site-packages/airflow/example_dags/example_latest_only.py
[2024-06-24T14:24:47.629+0300] {processor.py:830} INFO - Processing file /home/user/rubix/internship_project/.venv/lib/python3.10/site-packages/airflow/example_dags/example_latest_only.py for tasks to queue
[2024-06-24T14:24:47.631+0300] {logging_mixin.py:188} INFO - [2024-06-24T14:24:47.630+0300] {dagbag.py:545} INFO - Filling up the DagBag from /home/user/rubix/internship_project/.venv/lib/python3.10/site-packages/airflow/example_dags/example_latest_only.py
[2024-06-24T14:24:47.637+0300] {processor.py:840} INFO - DAG(s) 'latest_only' retrieved from /home/user/rubix/internship_project/.venv/lib/python3.10/site-packages/airflow/example_dags/example_latest_only.py
[2024-06-24T14:24:47.653+0300] {logging_mixin.py:188} INFO - [2024-06-24T14:24:47.653+0300] {dag.py:3096} INFO - Sync 1 DAGs
[2024-06-24T14:24:47.668+0300] {logging_mixin.py:188} INFO - [2024-06-24T14:24:47.668+0300] {dag.py:3954} INFO - Setting next_dagrun for latest_only to 2024-06-24 04:00:00+00:00, run_after=2024-06-24 08:00:00+00:00
[2024-06-24T14:24:47.698+0300] {processor.py:183} INFO - Processing /home/user/rubix/internship_project/.venv/lib/python3.10/site-packages/airflow/example_dags/example_latest_only.py took 0.078 seconds
[2024-06-24T14:25:49.549+0300] {processor.py:161} INFO - Started process (PID=29613) to work on /home/user/rubix/internship_project/.venv/lib/python3.10/site-packages/airflow/example_dags/example_latest_only.py
[2024-06-24T14:25:49.550+0300] {processor.py:830} INFO - Processing file /home/user/rubix/internship_project/.venv/lib/python3.10/site-packages/airflow/example_dags/example_latest_only.py for tasks to queue
[2024-06-24T14:25:49.552+0300] {logging_mixin.py:188} INFO - [2024-06-24T14:25:49.552+0300] {dagbag.py:545} INFO - Filling up the DagBag from /home/user/rubix/internship_project/.venv/lib/python3.10/site-packages/airflow/example_dags/example_latest_only.py
[2024-06-24T14:25:49.558+0300] {processor.py:840} INFO - DAG(s) 'latest_only' retrieved from /home/user/rubix/internship_project/.venv/lib/python3.10/site-packages/airflow/example_dags/example_latest_only.py
[2024-06-24T14:25:49.574+0300] {logging_mixin.py:188} INFO - [2024-06-24T14:25:49.574+0300] {dag.py:3096} INFO - Sync 1 DAGs
[2024-06-24T14:25:49.589+0300] {logging_mixin.py:188} INFO - [2024-06-24T14:25:49.589+0300] {dag.py:3954} INFO - Setting next_dagrun for latest_only to 2024-06-24 04:00:00+00:00, run_after=2024-06-24 08:00:00+00:00
[2024-06-24T14:25:49.617+0300] {processor.py:183} INFO - Processing /home/user/rubix/internship_project/.venv/lib/python3.10/site-packages/airflow/example_dags/example_latest_only.py took 0.076 seconds
[2024-06-24T14:26:52.724+0300] {processor.py:161} INFO - Started process (PID=29961) to work on /home/user/rubix/internship_project/.venv/lib/python3.10/site-packages/airflow/example_dags/example_latest_only.py
[2024-06-24T14:26:52.725+0300] {processor.py:830} INFO - Processing file /home/user/rubix/internship_project/.venv/lib/python3.10/site-packages/airflow/example_dags/example_latest_only.py for tasks to queue
[2024-06-24T14:26:52.727+0300] {logging_mixin.py:188} INFO - [2024-06-24T14:26:52.726+0300] {dagbag.py:545} INFO - Filling up the DagBag from /home/user/rubix/internship_project/.venv/lib/python3.10/site-packages/airflow/example_dags/example_latest_only.py
[2024-06-24T14:26:52.733+0300] {processor.py:840} INFO - DAG(s) 'latest_only' retrieved from /home/user/rubix/internship_project/.venv/lib/python3.10/site-packages/airflow/example_dags/example_latest_only.py
[2024-06-24T14:26:52.755+0300] {logging_mixin.py:188} INFO - [2024-06-24T14:26:52.754+0300] {dag.py:3096} INFO - Sync 1 DAGs
[2024-06-24T14:26:52.776+0300] {logging_mixin.py:188} INFO - [2024-06-24T14:26:52.775+0300] {dag.py:3954} INFO - Setting next_dagrun for latest_only to 2024-06-24 04:00:00+00:00, run_after=2024-06-24 08:00:00+00:00
[2024-06-24T14:26:52.809+0300] {processor.py:183} INFO - Processing /home/user/rubix/internship_project/.venv/lib/python3.10/site-packages/airflow/example_dags/example_latest_only.py took 0.094 seconds
[2024-06-24T14:27:39.354+0300] {processor.py:161} INFO - Started process (PID=30475) to work on /home/user/rubix/internship_project/.venv/lib/python3.10/site-packages/airflow/example_dags/example_latest_only.py
[2024-06-24T14:27:39.355+0300] {processor.py:830} INFO - Processing file /home/user/rubix/internship_project/.venv/lib/python3.10/site-packages/airflow/example_dags/example_latest_only.py for tasks to queue
[2024-06-24T14:27:39.357+0300] {logging_mixin.py:188} INFO - [2024-06-24T14:27:39.357+0300] {dagbag.py:545} INFO - Filling up the DagBag from /home/user/rubix/internship_project/.venv/lib/python3.10/site-packages/airflow/example_dags/example_latest_only.py
[2024-06-24T14:27:39.363+0300] {processor.py:840} INFO - DAG(s) 'latest_only' retrieved from /home/user/rubix/internship_project/.venv/lib/python3.10/site-packages/airflow/example_dags/example_latest_only.py
[2024-06-24T14:27:39.379+0300] {logging_mixin.py:188} INFO - [2024-06-24T14:27:39.379+0300] {dag.py:3096} INFO - Sync 1 DAGs
[2024-06-24T14:27:39.395+0300] {logging_mixin.py:188} INFO - [2024-06-24T14:27:39.394+0300] {dag.py:3954} INFO - Setting next_dagrun for latest_only to 2024-06-24 04:00:00+00:00, run_after=2024-06-24 08:00:00+00:00
[2024-06-24T14:27:39.424+0300] {processor.py:183} INFO - Processing /home/user/rubix/internship_project/.venv/lib/python3.10/site-packages/airflow/example_dags/example_latest_only.py took 0.077 seconds
[2024-06-24T14:28:42.177+0300] {processor.py:161} INFO - Started process (PID=30760) to work on /home/user/rubix/internship_project/.venv/lib/python3.10/site-packages/airflow/example_dags/example_latest_only.py
[2024-06-24T14:28:42.178+0300] {processor.py:830} INFO - Processing file /home/user/rubix/internship_project/.venv/lib/python3.10/site-packages/airflow/example_dags/example_latest_only.py for tasks to queue
[2024-06-24T14:28:42.180+0300] {logging_mixin.py:188} INFO - [2024-06-24T14:28:42.179+0300] {dagbag.py:545} INFO - Filling up the DagBag from /home/user/rubix/internship_project/.venv/lib/python3.10/site-packages/airflow/example_dags/example_latest_only.py
[2024-06-24T14:28:42.187+0300] {processor.py:840} INFO - DAG(s) 'latest_only' retrieved from /home/user/rubix/internship_project/.venv/lib/python3.10/site-packages/airflow/example_dags/example_latest_only.py
[2024-06-24T14:28:42.205+0300] {logging_mixin.py:188} INFO - [2024-06-24T14:28:42.205+0300] {dag.py:3096} INFO - Sync 1 DAGs
[2024-06-24T14:28:42.223+0300] {logging_mixin.py:188} INFO - [2024-06-24T14:28:42.222+0300] {dag.py:3954} INFO - Setting next_dagrun for latest_only to 2024-06-24 04:00:00+00:00, run_after=2024-06-24 08:00:00+00:00
[2024-06-24T14:28:42.378+0300] {processor.py:183} INFO - Processing /home/user/rubix/internship_project/.venv/lib/python3.10/site-packages/airflow/example_dags/example_latest_only.py took 0.209 seconds
[2024-06-24T14:29:31.620+0300] {processor.py:161} INFO - Started process (PID=31225) to work on /home/user/rubix/internship_project/.venv/lib/python3.10/site-packages/airflow/example_dags/example_latest_only.py
[2024-06-24T14:29:31.621+0300] {processor.py:830} INFO - Processing file /home/user/rubix/internship_project/.venv/lib/python3.10/site-packages/airflow/example_dags/example_latest_only.py for tasks to queue
[2024-06-24T14:29:31.623+0300] {logging_mixin.py:188} INFO - [2024-06-24T14:29:31.622+0300] {dagbag.py:545} INFO - Filling up the DagBag from /home/user/rubix/internship_project/.venv/lib/python3.10/site-packages/airflow/example_dags/example_latest_only.py
[2024-06-24T14:29:31.629+0300] {processor.py:840} INFO - DAG(s) 'latest_only' retrieved from /home/user/rubix/internship_project/.venv/lib/python3.10/site-packages/airflow/example_dags/example_latest_only.py
[2024-06-24T14:29:31.646+0300] {logging_mixin.py:188} INFO - [2024-06-24T14:29:31.646+0300] {dag.py:3096} INFO - Sync 1 DAGs
[2024-06-24T14:29:31.663+0300] {logging_mixin.py:188} INFO - [2024-06-24T14:29:31.662+0300] {dag.py:3954} INFO - Setting next_dagrun for latest_only to 2024-06-24 04:00:00+00:00, run_after=2024-06-24 08:00:00+00:00
[2024-06-24T14:29:31.692+0300] {processor.py:183} INFO - Processing /home/user/rubix/internship_project/.venv/lib/python3.10/site-packages/airflow/example_dags/example_latest_only.py took 0.081 seconds
[2024-06-24T14:30:20.276+0300] {processor.py:161} INFO - Started process (PID=31448) to work on /home/user/rubix/internship_project/.venv/lib/python3.10/site-packages/airflow/example_dags/example_latest_only.py
[2024-06-24T14:30:20.277+0300] {processor.py:830} INFO - Processing file /home/user/rubix/internship_project/.venv/lib/python3.10/site-packages/airflow/example_dags/example_latest_only.py for tasks to queue
[2024-06-24T14:30:20.279+0300] {logging_mixin.py:188} INFO - [2024-06-24T14:30:20.279+0300] {dagbag.py:545} INFO - Filling up the DagBag from /home/user/rubix/internship_project/.venv/lib/python3.10/site-packages/airflow/example_dags/example_latest_only.py
[2024-06-24T14:30:20.286+0300] {processor.py:840} INFO - DAG(s) 'latest_only' retrieved from /home/user/rubix/internship_project/.venv/lib/python3.10/site-packages/airflow/example_dags/example_latest_only.py
[2024-06-24T14:30:20.311+0300] {logging_mixin.py:188} INFO - [2024-06-24T14:30:20.311+0300] {dag.py:3096} INFO - Sync 1 DAGs
[2024-06-24T14:30:20.334+0300] {logging_mixin.py:188} INFO - [2024-06-24T14:30:20.333+0300] {dag.py:3954} INFO - Setting next_dagrun for latest_only to 2024-06-24 04:00:00+00:00, run_after=2024-06-24 08:00:00+00:00
[2024-06-24T14:30:20.362+0300] {processor.py:183} INFO - Processing /home/user/rubix/internship_project/.venv/lib/python3.10/site-packages/airflow/example_dags/example_latest_only.py took 0.094 seconds
[2024-06-24T14:31:31.319+0300] {processor.py:161} INFO - Started process (PID=31896) to work on /home/user/rubix/internship_project/.venv/lib/python3.10/site-packages/airflow/example_dags/example_latest_only.py
[2024-06-24T14:31:31.320+0300] {processor.py:830} INFO - Processing file /home/user/rubix/internship_project/.venv/lib/python3.10/site-packages/airflow/example_dags/example_latest_only.py for tasks to queue
[2024-06-24T14:31:31.322+0300] {logging_mixin.py:188} INFO - [2024-06-24T14:31:31.322+0300] {dagbag.py:545} INFO - Filling up the DagBag from /home/user/rubix/internship_project/.venv/lib/python3.10/site-packages/airflow/example_dags/example_latest_only.py
[2024-06-24T14:31:31.328+0300] {processor.py:840} INFO - DAG(s) 'latest_only' retrieved from /home/user/rubix/internship_project/.venv/lib/python3.10/site-packages/airflow/example_dags/example_latest_only.py
[2024-06-24T14:31:31.346+0300] {logging_mixin.py:188} INFO - [2024-06-24T14:31:31.346+0300] {dag.py:3096} INFO - Sync 1 DAGs
[2024-06-24T14:31:31.362+0300] {logging_mixin.py:188} INFO - [2024-06-24T14:31:31.362+0300] {dag.py:3954} INFO - Setting next_dagrun for latest_only to 2024-06-24 04:00:00+00:00, run_after=2024-06-24 08:00:00+00:00
[2024-06-24T14:31:31.398+0300] {processor.py:183} INFO - Processing /home/user/rubix/internship_project/.venv/lib/python3.10/site-packages/airflow/example_dags/example_latest_only.py took 0.086 seconds
[2024-06-24T14:32:38.422+0300] {processor.py:161} INFO - Started process (PID=32095) to work on /home/user/rubix/internship_project/.venv/lib/python3.10/site-packages/airflow/example_dags/example_latest_only.py
[2024-06-24T14:32:38.423+0300] {processor.py:830} INFO - Processing file /home/user/rubix/internship_project/.venv/lib/python3.10/site-packages/airflow/example_dags/example_latest_only.py for tasks to queue
[2024-06-24T14:32:38.425+0300] {logging_mixin.py:188} INFO - [2024-06-24T14:32:38.425+0300] {dagbag.py:545} INFO - Filling up the DagBag from /home/user/rubix/internship_project/.venv/lib/python3.10/site-packages/airflow/example_dags/example_latest_only.py
[2024-06-24T14:32:38.431+0300] {processor.py:840} INFO - DAG(s) 'latest_only' retrieved from /home/user/rubix/internship_project/.venv/lib/python3.10/site-packages/airflow/example_dags/example_latest_only.py
[2024-06-24T14:32:38.448+0300] {logging_mixin.py:188} INFO - [2024-06-24T14:32:38.448+0300] {dag.py:3096} INFO - Sync 1 DAGs
[2024-06-24T14:32:38.464+0300] {logging_mixin.py:188} INFO - [2024-06-24T14:32:38.464+0300] {dag.py:3954} INFO - Setting next_dagrun for latest_only to 2024-06-24 04:00:00+00:00, run_after=2024-06-24 08:00:00+00:00
[2024-06-24T14:32:38.494+0300] {processor.py:183} INFO - Processing /home/user/rubix/internship_project/.venv/lib/python3.10/site-packages/airflow/example_dags/example_latest_only.py took 0.079 seconds
