[2024-06-24T14:03:15.313+0300] {processor.py:161} INFO - Started process (PID=22695) to work on /home/user/rubix/internship_project/.venv/lib/python3.10/site-packages/airflow/example_dags/example_nested_branch_dag.py
[2024-06-24T14:03:15.314+0300] {processor.py:830} INFO - Processing file /home/user/rubix/internship_project/.venv/lib/python3.10/site-packages/airflow/example_dags/example_nested_branch_dag.py for tasks to queue
[2024-06-24T14:03:15.316+0300] {logging_mixin.py:188} INFO - [2024-06-24T14:03:15.316+0300] {dagbag.py:545} INFO - Filling up the DagBag from /home/user/rubix/internship_project/.venv/lib/python3.10/site-packages/airflow/example_dags/example_nested_branch_dag.py
[2024-06-24T14:03:15.338+0300] {processor.py:840} INFO - DAG(s) 'example_nested_branch_dag' retrieved from /home/user/rubix/internship_project/.venv/lib/python3.10/site-packages/airflow/example_dags/example_nested_branch_dag.py
[2024-06-24T14:03:15.425+0300] {logging_mixin.py:188} INFO - [2024-06-24T14:03:15.425+0300] {dag.py:3096} INFO - Sync 1 DAGs
[2024-06-24T14:03:15.437+0300] {logging_mixin.py:188} INFO - [2024-06-24T14:03:15.437+0300] {dag.py:3954} INFO - Setting next_dagrun for example_nested_branch_dag to 2024-06-23 00:00:00+00:00, run_after=2024-06-24 00:00:00+00:00
[2024-06-24T14:03:15.556+0300] {processor.py:183} INFO - Processing /home/user/rubix/internship_project/.venv/lib/python3.10/site-packages/airflow/example_dags/example_nested_branch_dag.py took 0.251 seconds
[2024-06-24T14:04:27.114+0300] {processor.py:161} INFO - Started process (PID=23219) to work on /home/user/rubix/internship_project/.venv/lib/python3.10/site-packages/airflow/example_dags/example_nested_branch_dag.py
[2024-06-24T14:04:27.115+0300] {processor.py:830} INFO - Processing file /home/user/rubix/internship_project/.venv/lib/python3.10/site-packages/airflow/example_dags/example_nested_branch_dag.py for tasks to queue
[2024-06-24T14:04:27.117+0300] {logging_mixin.py:188} INFO - [2024-06-24T14:04:27.116+0300] {dagbag.py:545} INFO - Filling up the DagBag from /home/user/rubix/internship_project/.venv/lib/python3.10/site-packages/airflow/example_dags/example_nested_branch_dag.py
[2024-06-24T14:04:27.129+0300] {processor.py:840} INFO - DAG(s) 'example_nested_branch_dag' retrieved from /home/user/rubix/internship_project/.venv/lib/python3.10/site-packages/airflow/example_dags/example_nested_branch_dag.py
[2024-06-24T14:04:27.219+0300] {logging_mixin.py:188} INFO - [2024-06-24T14:04:27.219+0300] {dag.py:3096} INFO - Sync 1 DAGs
[2024-06-24T14:04:27.232+0300] {logging_mixin.py:188} INFO - [2024-06-24T14:04:27.231+0300] {dag.py:3954} INFO - Setting next_dagrun for example_nested_branch_dag to 2024-06-23 00:00:00+00:00, run_after=2024-06-24 00:00:00+00:00
[2024-06-24T14:04:27.351+0300] {processor.py:183} INFO - Processing /home/user/rubix/internship_project/.venv/lib/python3.10/site-packages/airflow/example_dags/example_nested_branch_dag.py took 0.244 seconds
[2024-06-24T14:05:29.035+0300] {processor.py:161} INFO - Started process (PID=23698) to work on /home/user/rubix/internship_project/.venv/lib/python3.10/site-packages/airflow/example_dags/example_nested_branch_dag.py
[2024-06-24T14:05:29.036+0300] {processor.py:830} INFO - Processing file /home/user/rubix/internship_project/.venv/lib/python3.10/site-packages/airflow/example_dags/example_nested_branch_dag.py for tasks to queue
[2024-06-24T14:05:29.038+0300] {logging_mixin.py:188} INFO - [2024-06-24T14:05:29.038+0300] {dagbag.py:545} INFO - Filling up the DagBag from /home/user/rubix/internship_project/.venv/lib/python3.10/site-packages/airflow/example_dags/example_nested_branch_dag.py
[2024-06-24T14:05:29.061+0300] {processor.py:840} INFO - DAG(s) 'example_nested_branch_dag' retrieved from /home/user/rubix/internship_project/.venv/lib/python3.10/site-packages/airflow/example_dags/example_nested_branch_dag.py
[2024-06-24T14:05:29.078+0300] {logging_mixin.py:188} INFO - [2024-06-24T14:05:29.078+0300] {dag.py:3096} INFO - Sync 1 DAGs
[2024-06-24T14:05:29.093+0300] {logging_mixin.py:188} INFO - [2024-06-24T14:05:29.093+0300] {dag.py:3954} INFO - Setting next_dagrun for example_nested_branch_dag to 2024-06-23 00:00:00+00:00, run_after=2024-06-24 00:00:00+00:00
[2024-06-24T14:05:29.121+0300] {processor.py:183} INFO - Processing /home/user/rubix/internship_project/.venv/lib/python3.10/site-packages/airflow/example_dags/example_nested_branch_dag.py took 0.095 seconds
[2024-06-24T14:06:31.444+0300] {processor.py:161} INFO - Started process (PID=24118) to work on /home/user/rubix/internship_project/.venv/lib/python3.10/site-packages/airflow/example_dags/example_nested_branch_dag.py
[2024-06-24T14:06:31.445+0300] {processor.py:830} INFO - Processing file /home/user/rubix/internship_project/.venv/lib/python3.10/site-packages/airflow/example_dags/example_nested_branch_dag.py for tasks to queue
[2024-06-24T14:06:31.446+0300] {logging_mixin.py:188} INFO - [2024-06-24T14:06:31.446+0300] {dagbag.py:545} INFO - Filling up the DagBag from /home/user/rubix/internship_project/.venv/lib/python3.10/site-packages/airflow/example_dags/example_nested_branch_dag.py
[2024-06-24T14:06:31.457+0300] {processor.py:840} INFO - DAG(s) 'example_nested_branch_dag' retrieved from /home/user/rubix/internship_project/.venv/lib/python3.10/site-packages/airflow/example_dags/example_nested_branch_dag.py
[2024-06-24T14:06:31.473+0300] {logging_mixin.py:188} INFO - [2024-06-24T14:06:31.473+0300] {dag.py:3096} INFO - Sync 1 DAGs
[2024-06-24T14:06:31.575+0300] {logging_mixin.py:188} INFO - [2024-06-24T14:06:31.574+0300] {dag.py:3954} INFO - Setting next_dagrun for example_nested_branch_dag to 2024-06-23 00:00:00+00:00, run_after=2024-06-24 00:00:00+00:00
[2024-06-24T14:06:31.602+0300] {processor.py:183} INFO - Processing /home/user/rubix/internship_project/.venv/lib/python3.10/site-packages/airflow/example_dags/example_nested_branch_dag.py took 0.166 seconds
[2024-06-24T14:07:24.217+0300] {processor.py:161} INFO - Started process (PID=24323) to work on /home/user/rubix/internship_project/.venv/lib/python3.10/site-packages/airflow/example_dags/example_nested_branch_dag.py
[2024-06-24T14:07:24.218+0300] {processor.py:830} INFO - Processing file /home/user/rubix/internship_project/.venv/lib/python3.10/site-packages/airflow/example_dags/example_nested_branch_dag.py for tasks to queue
[2024-06-24T14:07:24.220+0300] {logging_mixin.py:188} INFO - [2024-06-24T14:07:24.219+0300] {dagbag.py:545} INFO - Filling up the DagBag from /home/user/rubix/internship_project/.venv/lib/python3.10/site-packages/airflow/example_dags/example_nested_branch_dag.py
[2024-06-24T14:07:24.232+0300] {processor.py:840} INFO - DAG(s) 'example_nested_branch_dag' retrieved from /home/user/rubix/internship_project/.venv/lib/python3.10/site-packages/airflow/example_dags/example_nested_branch_dag.py
[2024-06-24T14:07:24.252+0300] {logging_mixin.py:188} INFO - [2024-06-24T14:07:24.252+0300] {dag.py:3096} INFO - Sync 1 DAGs
[2024-06-24T14:07:24.269+0300] {logging_mixin.py:188} INFO - [2024-06-24T14:07:24.269+0300] {dag.py:3954} INFO - Setting next_dagrun for example_nested_branch_dag to 2024-06-23 00:00:00+00:00, run_after=2024-06-24 00:00:00+00:00
[2024-06-24T14:07:24.299+0300] {processor.py:183} INFO - Processing /home/user/rubix/internship_project/.venv/lib/python3.10/site-packages/airflow/example_dags/example_nested_branch_dag.py took 0.091 seconds
[2024-06-24T14:08:16.412+0300] {processor.py:161} INFO - Started process (PID=24672) to work on /home/user/rubix/internship_project/.venv/lib/python3.10/site-packages/airflow/example_dags/example_nested_branch_dag.py
[2024-06-24T14:08:16.413+0300] {processor.py:830} INFO - Processing file /home/user/rubix/internship_project/.venv/lib/python3.10/site-packages/airflow/example_dags/example_nested_branch_dag.py for tasks to queue
[2024-06-24T14:08:16.414+0300] {logging_mixin.py:188} INFO - [2024-06-24T14:08:16.414+0300] {dagbag.py:545} INFO - Filling up the DagBag from /home/user/rubix/internship_project/.venv/lib/python3.10/site-packages/airflow/example_dags/example_nested_branch_dag.py
[2024-06-24T14:08:16.426+0300] {processor.py:840} INFO - DAG(s) 'example_nested_branch_dag' retrieved from /home/user/rubix/internship_project/.venv/lib/python3.10/site-packages/airflow/example_dags/example_nested_branch_dag.py
[2024-06-24T14:08:16.443+0300] {logging_mixin.py:188} INFO - [2024-06-24T14:08:16.443+0300] {dag.py:3096} INFO - Sync 1 DAGs
[2024-06-24T14:08:16.458+0300] {logging_mixin.py:188} INFO - [2024-06-24T14:08:16.458+0300] {dag.py:3954} INFO - Setting next_dagrun for example_nested_branch_dag to 2024-06-23 00:00:00+00:00, run_after=2024-06-24 00:00:00+00:00
[2024-06-24T14:08:16.487+0300] {processor.py:183} INFO - Processing /home/user/rubix/internship_project/.venv/lib/python3.10/site-packages/airflow/example_dags/example_nested_branch_dag.py took 0.083 seconds
[2024-06-24T14:09:03.146+0300] {processor.py:161} INFO - Started process (PID=24939) to work on /home/user/rubix/internship_project/.venv/lib/python3.10/site-packages/airflow/example_dags/example_nested_branch_dag.py
[2024-06-24T14:09:03.147+0300] {processor.py:830} INFO - Processing file /home/user/rubix/internship_project/.venv/lib/python3.10/site-packages/airflow/example_dags/example_nested_branch_dag.py for tasks to queue
[2024-06-24T14:09:03.149+0300] {logging_mixin.py:188} INFO - [2024-06-24T14:09:03.149+0300] {dagbag.py:545} INFO - Filling up the DagBag from /home/user/rubix/internship_project/.venv/lib/python3.10/site-packages/airflow/example_dags/example_nested_branch_dag.py
[2024-06-24T14:09:03.165+0300] {processor.py:840} INFO - DAG(s) 'example_nested_branch_dag' retrieved from /home/user/rubix/internship_project/.venv/lib/python3.10/site-packages/airflow/example_dags/example_nested_branch_dag.py
[2024-06-24T14:09:03.188+0300] {logging_mixin.py:188} INFO - [2024-06-24T14:09:03.188+0300] {dag.py:3096} INFO - Sync 1 DAGs
[2024-06-24T14:09:03.210+0300] {logging_mixin.py:188} INFO - [2024-06-24T14:09:03.209+0300] {dag.py:3954} INFO - Setting next_dagrun for example_nested_branch_dag to 2024-06-23 00:00:00+00:00, run_after=2024-06-24 00:00:00+00:00
[2024-06-24T14:09:03.244+0300] {processor.py:183} INFO - Processing /home/user/rubix/internship_project/.venv/lib/python3.10/site-packages/airflow/example_dags/example_nested_branch_dag.py took 0.108 seconds
[2024-06-24T14:09:51.323+0300] {processor.py:161} INFO - Started process (PID=25244) to work on /home/user/rubix/internship_project/.venv/lib/python3.10/site-packages/airflow/example_dags/example_nested_branch_dag.py
[2024-06-24T14:09:51.324+0300] {processor.py:830} INFO - Processing file /home/user/rubix/internship_project/.venv/lib/python3.10/site-packages/airflow/example_dags/example_nested_branch_dag.py for tasks to queue
[2024-06-24T14:09:51.326+0300] {logging_mixin.py:188} INFO - [2024-06-24T14:09:51.325+0300] {dagbag.py:545} INFO - Filling up the DagBag from /home/user/rubix/internship_project/.venv/lib/python3.10/site-packages/airflow/example_dags/example_nested_branch_dag.py
[2024-06-24T14:09:51.336+0300] {processor.py:840} INFO - DAG(s) 'example_nested_branch_dag' retrieved from /home/user/rubix/internship_project/.venv/lib/python3.10/site-packages/airflow/example_dags/example_nested_branch_dag.py
[2024-06-24T14:09:51.353+0300] {logging_mixin.py:188} INFO - [2024-06-24T14:09:51.353+0300] {dag.py:3096} INFO - Sync 1 DAGs
[2024-06-24T14:09:51.369+0300] {logging_mixin.py:188} INFO - [2024-06-24T14:09:51.369+0300] {dag.py:3954} INFO - Setting next_dagrun for example_nested_branch_dag to 2024-06-23 00:00:00+00:00, run_after=2024-06-24 00:00:00+00:00
[2024-06-24T14:09:51.398+0300] {processor.py:183} INFO - Processing /home/user/rubix/internship_project/.venv/lib/python3.10/site-packages/airflow/example_dags/example_nested_branch_dag.py took 0.083 seconds
[2024-06-24T14:10:56.663+0300] {processor.py:161} INFO - Started process (PID=25622) to work on /home/user/rubix/internship_project/.venv/lib/python3.10/site-packages/airflow/example_dags/example_nested_branch_dag.py
[2024-06-24T14:10:56.664+0300] {processor.py:830} INFO - Processing file /home/user/rubix/internship_project/.venv/lib/python3.10/site-packages/airflow/example_dags/example_nested_branch_dag.py for tasks to queue
[2024-06-24T14:10:56.665+0300] {logging_mixin.py:188} INFO - [2024-06-24T14:10:56.665+0300] {dagbag.py:545} INFO - Filling up the DagBag from /home/user/rubix/internship_project/.venv/lib/python3.10/site-packages/airflow/example_dags/example_nested_branch_dag.py
[2024-06-24T14:10:56.677+0300] {processor.py:840} INFO - DAG(s) 'example_nested_branch_dag' retrieved from /home/user/rubix/internship_project/.venv/lib/python3.10/site-packages/airflow/example_dags/example_nested_branch_dag.py
[2024-06-24T14:10:56.695+0300] {logging_mixin.py:188} INFO - [2024-06-24T14:10:56.695+0300] {dag.py:3096} INFO - Sync 1 DAGs
[2024-06-24T14:10:56.712+0300] {logging_mixin.py:188} INFO - [2024-06-24T14:10:56.711+0300] {dag.py:3954} INFO - Setting next_dagrun for example_nested_branch_dag to 2024-06-23 00:00:00+00:00, run_after=2024-06-24 00:00:00+00:00
[2024-06-24T14:10:56.744+0300] {processor.py:183} INFO - Processing /home/user/rubix/internship_project/.venv/lib/python3.10/site-packages/airflow/example_dags/example_nested_branch_dag.py took 0.092 seconds
[2024-06-24T14:11:43.448+0300] {processor.py:161} INFO - Started process (PID=25971) to work on /home/user/rubix/internship_project/.venv/lib/python3.10/site-packages/airflow/example_dags/example_nested_branch_dag.py
[2024-06-24T14:11:43.449+0300] {processor.py:830} INFO - Processing file /home/user/rubix/internship_project/.venv/lib/python3.10/site-packages/airflow/example_dags/example_nested_branch_dag.py for tasks to queue
[2024-06-24T14:11:43.451+0300] {logging_mixin.py:188} INFO - [2024-06-24T14:11:43.451+0300] {dagbag.py:545} INFO - Filling up the DagBag from /home/user/rubix/internship_project/.venv/lib/python3.10/site-packages/airflow/example_dags/example_nested_branch_dag.py
[2024-06-24T14:11:43.461+0300] {processor.py:840} INFO - DAG(s) 'example_nested_branch_dag' retrieved from /home/user/rubix/internship_project/.venv/lib/python3.10/site-packages/airflow/example_dags/example_nested_branch_dag.py
[2024-06-24T14:11:43.478+0300] {logging_mixin.py:188} INFO - [2024-06-24T14:11:43.478+0300] {dag.py:3096} INFO - Sync 1 DAGs
[2024-06-24T14:11:43.494+0300] {logging_mixin.py:188} INFO - [2024-06-24T14:11:43.494+0300] {dag.py:3954} INFO - Setting next_dagrun for example_nested_branch_dag to 2024-06-23 00:00:00+00:00, run_after=2024-06-24 00:00:00+00:00
[2024-06-24T14:11:43.524+0300] {processor.py:183} INFO - Processing /home/user/rubix/internship_project/.venv/lib/python3.10/site-packages/airflow/example_dags/example_nested_branch_dag.py took 0.083 seconds
[2024-06-24T14:12:45.535+0300] {processor.py:161} INFO - Started process (PID=26162) to work on /home/user/rubix/internship_project/.venv/lib/python3.10/site-packages/airflow/example_dags/example_nested_branch_dag.py
[2024-06-24T14:12:45.536+0300] {processor.py:830} INFO - Processing file /home/user/rubix/internship_project/.venv/lib/python3.10/site-packages/airflow/example_dags/example_nested_branch_dag.py for tasks to queue
[2024-06-24T14:12:45.538+0300] {logging_mixin.py:188} INFO - [2024-06-24T14:12:45.537+0300] {dagbag.py:545} INFO - Filling up the DagBag from /home/user/rubix/internship_project/.venv/lib/python3.10/site-packages/airflow/example_dags/example_nested_branch_dag.py
[2024-06-24T14:12:45.559+0300] {processor.py:840} INFO - DAG(s) 'example_nested_branch_dag' retrieved from /home/user/rubix/internship_project/.venv/lib/python3.10/site-packages/airflow/example_dags/example_nested_branch_dag.py
[2024-06-24T14:12:45.576+0300] {logging_mixin.py:188} INFO - [2024-06-24T14:12:45.575+0300] {dag.py:3096} INFO - Sync 1 DAGs
[2024-06-24T14:12:45.591+0300] {logging_mixin.py:188} INFO - [2024-06-24T14:12:45.591+0300] {dag.py:3954} INFO - Setting next_dagrun for example_nested_branch_dag to 2024-06-23 00:00:00+00:00, run_after=2024-06-24 00:00:00+00:00
[2024-06-24T14:12:45.610+0300] {processor.py:183} INFO - Processing /home/user/rubix/internship_project/.venv/lib/python3.10/site-packages/airflow/example_dags/example_nested_branch_dag.py took 0.083 seconds
[2024-06-24T14:13:36.477+0300] {processor.py:161} INFO - Started process (PID=26354) to work on /home/user/rubix/internship_project/.venv/lib/python3.10/site-packages/airflow/example_dags/example_nested_branch_dag.py
[2024-06-24T14:13:36.479+0300] {processor.py:830} INFO - Processing file /home/user/rubix/internship_project/.venv/lib/python3.10/site-packages/airflow/example_dags/example_nested_branch_dag.py for tasks to queue
[2024-06-24T14:13:36.480+0300] {logging_mixin.py:188} INFO - [2024-06-24T14:13:36.480+0300] {dagbag.py:545} INFO - Filling up the DagBag from /home/user/rubix/internship_project/.venv/lib/python3.10/site-packages/airflow/example_dags/example_nested_branch_dag.py
[2024-06-24T14:13:36.492+0300] {processor.py:840} INFO - DAG(s) 'example_nested_branch_dag' retrieved from /home/user/rubix/internship_project/.venv/lib/python3.10/site-packages/airflow/example_dags/example_nested_branch_dag.py
[2024-06-24T14:13:36.510+0300] {logging_mixin.py:188} INFO - [2024-06-24T14:13:36.509+0300] {dag.py:3096} INFO - Sync 1 DAGs
[2024-06-24T14:13:36.526+0300] {logging_mixin.py:188} INFO - [2024-06-24T14:13:36.526+0300] {dag.py:3954} INFO - Setting next_dagrun for example_nested_branch_dag to 2024-06-23 00:00:00+00:00, run_after=2024-06-24 00:00:00+00:00
[2024-06-24T14:13:36.546+0300] {processor.py:183} INFO - Processing /home/user/rubix/internship_project/.venv/lib/python3.10/site-packages/airflow/example_dags/example_nested_branch_dag.py took 0.076 seconds
[2024-06-24T14:14:27.417+0300] {processor.py:161} INFO - Started process (PID=26702) to work on /home/user/rubix/internship_project/.venv/lib/python3.10/site-packages/airflow/example_dags/example_nested_branch_dag.py
[2024-06-24T14:14:27.418+0300] {processor.py:830} INFO - Processing file /home/user/rubix/internship_project/.venv/lib/python3.10/site-packages/airflow/example_dags/example_nested_branch_dag.py for tasks to queue
[2024-06-24T14:14:27.420+0300] {logging_mixin.py:188} INFO - [2024-06-24T14:14:27.420+0300] {dagbag.py:545} INFO - Filling up the DagBag from /home/user/rubix/internship_project/.venv/lib/python3.10/site-packages/airflow/example_dags/example_nested_branch_dag.py
[2024-06-24T14:14:27.431+0300] {processor.py:840} INFO - DAG(s) 'example_nested_branch_dag' retrieved from /home/user/rubix/internship_project/.venv/lib/python3.10/site-packages/airflow/example_dags/example_nested_branch_dag.py
[2024-06-24T14:14:27.450+0300] {logging_mixin.py:188} INFO - [2024-06-24T14:14:27.449+0300] {dag.py:3096} INFO - Sync 1 DAGs
[2024-06-24T14:14:27.466+0300] {logging_mixin.py:188} INFO - [2024-06-24T14:14:27.465+0300] {dag.py:3954} INFO - Setting next_dagrun for example_nested_branch_dag to 2024-06-23 00:00:00+00:00, run_after=2024-06-24 00:00:00+00:00
[2024-06-24T14:14:27.495+0300] {processor.py:183} INFO - Processing /home/user/rubix/internship_project/.venv/lib/python3.10/site-packages/airflow/example_dags/example_nested_branch_dag.py took 0.085 seconds
[2024-06-24T14:15:31.165+0300] {processor.py:161} INFO - Started process (PID=26903) to work on /home/user/rubix/internship_project/.venv/lib/python3.10/site-packages/airflow/example_dags/example_nested_branch_dag.py
[2024-06-24T14:15:31.166+0300] {processor.py:830} INFO - Processing file /home/user/rubix/internship_project/.venv/lib/python3.10/site-packages/airflow/example_dags/example_nested_branch_dag.py for tasks to queue
[2024-06-24T14:15:31.168+0300] {logging_mixin.py:188} INFO - [2024-06-24T14:15:31.168+0300] {dagbag.py:545} INFO - Filling up the DagBag from /home/user/rubix/internship_project/.venv/lib/python3.10/site-packages/airflow/example_dags/example_nested_branch_dag.py
[2024-06-24T14:15:31.179+0300] {processor.py:840} INFO - DAG(s) 'example_nested_branch_dag' retrieved from /home/user/rubix/internship_project/.venv/lib/python3.10/site-packages/airflow/example_dags/example_nested_branch_dag.py
[2024-06-24T14:15:31.196+0300] {logging_mixin.py:188} INFO - [2024-06-24T14:15:31.196+0300] {dag.py:3096} INFO - Sync 1 DAGs
[2024-06-24T14:15:31.211+0300] {logging_mixin.py:188} INFO - [2024-06-24T14:15:31.211+0300] {dag.py:3954} INFO - Setting next_dagrun for example_nested_branch_dag to 2024-06-23 00:00:00+00:00, run_after=2024-06-24 00:00:00+00:00
[2024-06-24T14:15:31.242+0300] {processor.py:183} INFO - Processing /home/user/rubix/internship_project/.venv/lib/python3.10/site-packages/airflow/example_dags/example_nested_branch_dag.py took 0.085 seconds
[2024-06-24T14:16:31.938+0300] {processor.py:161} INFO - Started process (PID=27092) to work on /home/user/rubix/internship_project/.venv/lib/python3.10/site-packages/airflow/example_dags/example_nested_branch_dag.py
[2024-06-24T14:16:31.939+0300] {processor.py:830} INFO - Processing file /home/user/rubix/internship_project/.venv/lib/python3.10/site-packages/airflow/example_dags/example_nested_branch_dag.py for tasks to queue
[2024-06-24T14:16:31.941+0300] {logging_mixin.py:188} INFO - [2024-06-24T14:16:31.940+0300] {dagbag.py:545} INFO - Filling up the DagBag from /home/user/rubix/internship_project/.venv/lib/python3.10/site-packages/airflow/example_dags/example_nested_branch_dag.py
[2024-06-24T14:16:31.952+0300] {processor.py:840} INFO - DAG(s) 'example_nested_branch_dag' retrieved from /home/user/rubix/internship_project/.venv/lib/python3.10/site-packages/airflow/example_dags/example_nested_branch_dag.py
[2024-06-24T14:16:31.970+0300] {logging_mixin.py:188} INFO - [2024-06-24T14:16:31.970+0300] {dag.py:3096} INFO - Sync 1 DAGs
[2024-06-24T14:16:31.986+0300] {logging_mixin.py:188} INFO - [2024-06-24T14:16:31.986+0300] {dag.py:3954} INFO - Setting next_dagrun for example_nested_branch_dag to 2024-06-23 00:00:00+00:00, run_after=2024-06-24 00:00:00+00:00
[2024-06-24T14:16:32.015+0300] {processor.py:183} INFO - Processing /home/user/rubix/internship_project/.venv/lib/python3.10/site-packages/airflow/example_dags/example_nested_branch_dag.py took 0.085 seconds
[2024-06-24T14:17:30.880+0300] {processor.py:161} INFO - Started process (PID=27284) to work on /home/user/rubix/internship_project/.venv/lib/python3.10/site-packages/airflow/example_dags/example_nested_branch_dag.py
[2024-06-24T14:17:30.881+0300] {processor.py:830} INFO - Processing file /home/user/rubix/internship_project/.venv/lib/python3.10/site-packages/airflow/example_dags/example_nested_branch_dag.py for tasks to queue
[2024-06-24T14:17:30.883+0300] {logging_mixin.py:188} INFO - [2024-06-24T14:17:30.883+0300] {dagbag.py:545} INFO - Filling up the DagBag from /home/user/rubix/internship_project/.venv/lib/python3.10/site-packages/airflow/example_dags/example_nested_branch_dag.py
[2024-06-24T14:17:30.895+0300] {processor.py:840} INFO - DAG(s) 'example_nested_branch_dag' retrieved from /home/user/rubix/internship_project/.venv/lib/python3.10/site-packages/airflow/example_dags/example_nested_branch_dag.py
[2024-06-24T14:17:30.914+0300] {logging_mixin.py:188} INFO - [2024-06-24T14:17:30.914+0300] {dag.py:3096} INFO - Sync 1 DAGs
[2024-06-24T14:17:30.931+0300] {logging_mixin.py:188} INFO - [2024-06-24T14:17:30.931+0300] {dag.py:3954} INFO - Setting next_dagrun for example_nested_branch_dag to 2024-06-23 00:00:00+00:00, run_after=2024-06-24 00:00:00+00:00
[2024-06-24T14:17:30.950+0300] {processor.py:183} INFO - Processing /home/user/rubix/internship_project/.venv/lib/python3.10/site-packages/airflow/example_dags/example_nested_branch_dag.py took 0.078 seconds
[2024-06-24T14:18:44.098+0300] {processor.py:161} INFO - Started process (PID=27490) to work on /home/user/rubix/internship_project/.venv/lib/python3.10/site-packages/airflow/example_dags/example_nested_branch_dag.py
[2024-06-24T14:18:44.100+0300] {processor.py:830} INFO - Processing file /home/user/rubix/internship_project/.venv/lib/python3.10/site-packages/airflow/example_dags/example_nested_branch_dag.py for tasks to queue
[2024-06-24T14:18:44.102+0300] {logging_mixin.py:188} INFO - [2024-06-24T14:18:44.102+0300] {dagbag.py:545} INFO - Filling up the DagBag from /home/user/rubix/internship_project/.venv/lib/python3.10/site-packages/airflow/example_dags/example_nested_branch_dag.py
[2024-06-24T14:18:44.128+0300] {processor.py:840} INFO - DAG(s) 'example_nested_branch_dag' retrieved from /home/user/rubix/internship_project/.venv/lib/python3.10/site-packages/airflow/example_dags/example_nested_branch_dag.py
[2024-06-24T14:18:44.149+0300] {logging_mixin.py:188} INFO - [2024-06-24T14:18:44.149+0300] {dag.py:3096} INFO - Sync 1 DAGs
[2024-06-24T14:18:44.167+0300] {logging_mixin.py:188} INFO - [2024-06-24T14:18:44.167+0300] {dag.py:3954} INFO - Setting next_dagrun for example_nested_branch_dag to 2024-06-23 00:00:00+00:00, run_after=2024-06-24 00:00:00+00:00
[2024-06-24T14:18:44.202+0300] {processor.py:183} INFO - Processing /home/user/rubix/internship_project/.venv/lib/python3.10/site-packages/airflow/example_dags/example_nested_branch_dag.py took 0.114 seconds
[2024-06-24T14:19:35.245+0300] {processor.py:161} INFO - Started process (PID=27718) to work on /home/user/rubix/internship_project/.venv/lib/python3.10/site-packages/airflow/example_dags/example_nested_branch_dag.py
[2024-06-24T14:19:35.246+0300] {processor.py:830} INFO - Processing file /home/user/rubix/internship_project/.venv/lib/python3.10/site-packages/airflow/example_dags/example_nested_branch_dag.py for tasks to queue
[2024-06-24T14:19:35.248+0300] {logging_mixin.py:188} INFO - [2024-06-24T14:19:35.248+0300] {dagbag.py:545} INFO - Filling up the DagBag from /home/user/rubix/internship_project/.venv/lib/python3.10/site-packages/airflow/example_dags/example_nested_branch_dag.py
[2024-06-24T14:19:35.263+0300] {processor.py:840} INFO - DAG(s) 'example_nested_branch_dag' retrieved from /home/user/rubix/internship_project/.venv/lib/python3.10/site-packages/airflow/example_dags/example_nested_branch_dag.py
[2024-06-24T14:19:35.283+0300] {logging_mixin.py:188} INFO - [2024-06-24T14:19:35.283+0300] {dag.py:3096} INFO - Sync 1 DAGs
[2024-06-24T14:19:35.305+0300] {logging_mixin.py:188} INFO - [2024-06-24T14:19:35.304+0300] {dag.py:3954} INFO - Setting next_dagrun for example_nested_branch_dag to 2024-06-23 00:00:00+00:00, run_after=2024-06-24 00:00:00+00:00
[2024-06-24T14:19:35.337+0300] {processor.py:183} INFO - Processing /home/user/rubix/internship_project/.venv/lib/python3.10/site-packages/airflow/example_dags/example_nested_branch_dag.py took 0.101 seconds
[2024-06-24T14:20:32.807+0300] {processor.py:161} INFO - Started process (PID=28192) to work on /home/user/rubix/internship_project/.venv/lib/python3.10/site-packages/airflow/example_dags/example_nested_branch_dag.py
[2024-06-24T14:20:32.808+0300] {processor.py:830} INFO - Processing file /home/user/rubix/internship_project/.venv/lib/python3.10/site-packages/airflow/example_dags/example_nested_branch_dag.py for tasks to queue
[2024-06-24T14:20:32.810+0300] {logging_mixin.py:188} INFO - [2024-06-24T14:20:32.810+0300] {dagbag.py:545} INFO - Filling up the DagBag from /home/user/rubix/internship_project/.venv/lib/python3.10/site-packages/airflow/example_dags/example_nested_branch_dag.py
[2024-06-24T14:20:32.821+0300] {processor.py:840} INFO - DAG(s) 'example_nested_branch_dag' retrieved from /home/user/rubix/internship_project/.venv/lib/python3.10/site-packages/airflow/example_dags/example_nested_branch_dag.py
[2024-06-24T14:20:32.838+0300] {logging_mixin.py:188} INFO - [2024-06-24T14:20:32.838+0300] {dag.py:3096} INFO - Sync 1 DAGs
[2024-06-24T14:20:32.854+0300] {logging_mixin.py:188} INFO - [2024-06-24T14:20:32.854+0300] {dag.py:3954} INFO - Setting next_dagrun for example_nested_branch_dag to 2024-06-23 00:00:00+00:00, run_after=2024-06-24 00:00:00+00:00
[2024-06-24T14:20:32.882+0300] {processor.py:183} INFO - Processing /home/user/rubix/internship_project/.venv/lib/python3.10/site-packages/airflow/example_dags/example_nested_branch_dag.py took 0.082 seconds
[2024-06-24T14:21:37.276+0300] {processor.py:161} INFO - Started process (PID=28562) to work on /home/user/rubix/internship_project/.venv/lib/python3.10/site-packages/airflow/example_dags/example_nested_branch_dag.py
[2024-06-24T14:21:37.278+0300] {processor.py:830} INFO - Processing file /home/user/rubix/internship_project/.venv/lib/python3.10/site-packages/airflow/example_dags/example_nested_branch_dag.py for tasks to queue
[2024-06-24T14:21:37.280+0300] {logging_mixin.py:188} INFO - [2024-06-24T14:21:37.279+0300] {dagbag.py:545} INFO - Filling up the DagBag from /home/user/rubix/internship_project/.venv/lib/python3.10/site-packages/airflow/example_dags/example_nested_branch_dag.py
[2024-06-24T14:21:37.292+0300] {processor.py:840} INFO - DAG(s) 'example_nested_branch_dag' retrieved from /home/user/rubix/internship_project/.venv/lib/python3.10/site-packages/airflow/example_dags/example_nested_branch_dag.py
[2024-06-24T14:21:37.311+0300] {logging_mixin.py:188} INFO - [2024-06-24T14:21:37.311+0300] {dag.py:3096} INFO - Sync 1 DAGs
[2024-06-24T14:21:37.327+0300] {logging_mixin.py:188} INFO - [2024-06-24T14:21:37.327+0300] {dag.py:3954} INFO - Setting next_dagrun for example_nested_branch_dag to 2024-06-23 00:00:00+00:00, run_after=2024-06-24 00:00:00+00:00
[2024-06-24T14:21:37.358+0300] {processor.py:183} INFO - Processing /home/user/rubix/internship_project/.venv/lib/python3.10/site-packages/airflow/example_dags/example_nested_branch_dag.py took 0.090 seconds
[2024-06-24T14:22:32.170+0300] {processor.py:161} INFO - Started process (PID=28784) to work on /home/user/rubix/internship_project/.venv/lib/python3.10/site-packages/airflow/example_dags/example_nested_branch_dag.py
[2024-06-24T14:22:32.171+0300] {processor.py:830} INFO - Processing file /home/user/rubix/internship_project/.venv/lib/python3.10/site-packages/airflow/example_dags/example_nested_branch_dag.py for tasks to queue
[2024-06-24T14:22:32.172+0300] {logging_mixin.py:188} INFO - [2024-06-24T14:22:32.172+0300] {dagbag.py:545} INFO - Filling up the DagBag from /home/user/rubix/internship_project/.venv/lib/python3.10/site-packages/airflow/example_dags/example_nested_branch_dag.py
[2024-06-24T14:22:32.183+0300] {processor.py:840} INFO - DAG(s) 'example_nested_branch_dag' retrieved from /home/user/rubix/internship_project/.venv/lib/python3.10/site-packages/airflow/example_dags/example_nested_branch_dag.py
[2024-06-24T14:22:32.200+0300] {logging_mixin.py:188} INFO - [2024-06-24T14:22:32.200+0300] {dag.py:3096} INFO - Sync 1 DAGs
[2024-06-24T14:22:32.215+0300] {logging_mixin.py:188} INFO - [2024-06-24T14:22:32.215+0300] {dag.py:3954} INFO - Setting next_dagrun for example_nested_branch_dag to 2024-06-23 00:00:00+00:00, run_after=2024-06-24 00:00:00+00:00
[2024-06-24T14:22:32.244+0300] {processor.py:183} INFO - Processing /home/user/rubix/internship_project/.venv/lib/python3.10/site-packages/airflow/example_dags/example_nested_branch_dag.py took 0.082 seconds
[2024-06-24T14:23:38.159+0300] {processor.py:161} INFO - Started process (PID=29018) to work on /home/user/rubix/internship_project/.venv/lib/python3.10/site-packages/airflow/example_dags/example_nested_branch_dag.py
[2024-06-24T14:23:38.160+0300] {processor.py:830} INFO - Processing file /home/user/rubix/internship_project/.venv/lib/python3.10/site-packages/airflow/example_dags/example_nested_branch_dag.py for tasks to queue
[2024-06-24T14:23:38.161+0300] {logging_mixin.py:188} INFO - [2024-06-24T14:23:38.161+0300] {dagbag.py:545} INFO - Filling up the DagBag from /home/user/rubix/internship_project/.venv/lib/python3.10/site-packages/airflow/example_dags/example_nested_branch_dag.py
[2024-06-24T14:23:38.172+0300] {processor.py:840} INFO - DAG(s) 'example_nested_branch_dag' retrieved from /home/user/rubix/internship_project/.venv/lib/python3.10/site-packages/airflow/example_dags/example_nested_branch_dag.py
[2024-06-24T14:23:38.189+0300] {logging_mixin.py:188} INFO - [2024-06-24T14:23:38.188+0300] {dag.py:3096} INFO - Sync 1 DAGs
[2024-06-24T14:23:38.203+0300] {logging_mixin.py:188} INFO - [2024-06-24T14:23:38.203+0300] {dag.py:3954} INFO - Setting next_dagrun for example_nested_branch_dag to 2024-06-23 00:00:00+00:00, run_after=2024-06-24 00:00:00+00:00
[2024-06-24T14:23:38.232+0300] {processor.py:183} INFO - Processing /home/user/rubix/internship_project/.venv/lib/python3.10/site-packages/airflow/example_dags/example_nested_branch_dag.py took 0.081 seconds
[2024-06-24T14:24:25.692+0300] {processor.py:161} INFO - Started process (PID=29241) to work on /home/user/rubix/internship_project/.venv/lib/python3.10/site-packages/airflow/example_dags/example_nested_branch_dag.py
[2024-06-24T14:24:25.693+0300] {processor.py:830} INFO - Processing file /home/user/rubix/internship_project/.venv/lib/python3.10/site-packages/airflow/example_dags/example_nested_branch_dag.py for tasks to queue
[2024-06-24T14:24:25.694+0300] {logging_mixin.py:188} INFO - [2024-06-24T14:24:25.694+0300] {dagbag.py:545} INFO - Filling up the DagBag from /home/user/rubix/internship_project/.venv/lib/python3.10/site-packages/airflow/example_dags/example_nested_branch_dag.py
[2024-06-24T14:24:25.705+0300] {processor.py:840} INFO - DAG(s) 'example_nested_branch_dag' retrieved from /home/user/rubix/internship_project/.venv/lib/python3.10/site-packages/airflow/example_dags/example_nested_branch_dag.py
[2024-06-24T14:24:25.722+0300] {logging_mixin.py:188} INFO - [2024-06-24T14:24:25.722+0300] {dag.py:3096} INFO - Sync 1 DAGs
[2024-06-24T14:24:25.738+0300] {logging_mixin.py:188} INFO - [2024-06-24T14:24:25.738+0300] {dag.py:3954} INFO - Setting next_dagrun for example_nested_branch_dag to 2024-06-23 00:00:00+00:00, run_after=2024-06-24 00:00:00+00:00
[2024-06-24T14:24:25.771+0300] {processor.py:183} INFO - Processing /home/user/rubix/internship_project/.venv/lib/python3.10/site-packages/airflow/example_dags/example_nested_branch_dag.py took 0.087 seconds
[2024-06-24T14:25:30.413+0300] {processor.py:161} INFO - Started process (PID=29575) to work on /home/user/rubix/internship_project/.venv/lib/python3.10/site-packages/airflow/example_dags/example_nested_branch_dag.py
[2024-06-24T14:25:30.414+0300] {processor.py:830} INFO - Processing file /home/user/rubix/internship_project/.venv/lib/python3.10/site-packages/airflow/example_dags/example_nested_branch_dag.py for tasks to queue
[2024-06-24T14:25:30.416+0300] {logging_mixin.py:188} INFO - [2024-06-24T14:25:30.416+0300] {dagbag.py:545} INFO - Filling up the DagBag from /home/user/rubix/internship_project/.venv/lib/python3.10/site-packages/airflow/example_dags/example_nested_branch_dag.py
[2024-06-24T14:25:30.427+0300] {processor.py:840} INFO - DAG(s) 'example_nested_branch_dag' retrieved from /home/user/rubix/internship_project/.venv/lib/python3.10/site-packages/airflow/example_dags/example_nested_branch_dag.py
[2024-06-24T14:25:30.444+0300] {logging_mixin.py:188} INFO - [2024-06-24T14:25:30.444+0300] {dag.py:3096} INFO - Sync 1 DAGs
[2024-06-24T14:25:30.459+0300] {logging_mixin.py:188} INFO - [2024-06-24T14:25:30.459+0300] {dag.py:3954} INFO - Setting next_dagrun for example_nested_branch_dag to 2024-06-23 00:00:00+00:00, run_after=2024-06-24 00:00:00+00:00
[2024-06-24T14:25:30.489+0300] {processor.py:183} INFO - Processing /home/user/rubix/internship_project/.venv/lib/python3.10/site-packages/airflow/example_dags/example_nested_branch_dag.py took 0.083 seconds
[2024-06-24T14:26:28.739+0300] {processor.py:161} INFO - Started process (PID=29802) to work on /home/user/rubix/internship_project/.venv/lib/python3.10/site-packages/airflow/example_dags/example_nested_branch_dag.py
[2024-06-24T14:26:28.740+0300] {processor.py:830} INFO - Processing file /home/user/rubix/internship_project/.venv/lib/python3.10/site-packages/airflow/example_dags/example_nested_branch_dag.py for tasks to queue
[2024-06-24T14:26:28.742+0300] {logging_mixin.py:188} INFO - [2024-06-24T14:26:28.742+0300] {dagbag.py:545} INFO - Filling up the DagBag from /home/user/rubix/internship_project/.venv/lib/python3.10/site-packages/airflow/example_dags/example_nested_branch_dag.py
[2024-06-24T14:26:28.753+0300] {processor.py:840} INFO - DAG(s) 'example_nested_branch_dag' retrieved from /home/user/rubix/internship_project/.venv/lib/python3.10/site-packages/airflow/example_dags/example_nested_branch_dag.py
[2024-06-24T14:26:28.770+0300] {logging_mixin.py:188} INFO - [2024-06-24T14:26:28.770+0300] {dag.py:3096} INFO - Sync 1 DAGs
[2024-06-24T14:26:28.785+0300] {logging_mixin.py:188} INFO - [2024-06-24T14:26:28.785+0300] {dag.py:3954} INFO - Setting next_dagrun for example_nested_branch_dag to 2024-06-23 00:00:00+00:00, run_after=2024-06-24 00:00:00+00:00
[2024-06-24T14:26:28.814+0300] {processor.py:183} INFO - Processing /home/user/rubix/internship_project/.venv/lib/python3.10/site-packages/airflow/example_dags/example_nested_branch_dag.py took 0.083 seconds
[2024-06-24T14:27:16.284+0300] {processor.py:161} INFO - Started process (PID=30341) to work on /home/user/rubix/internship_project/.venv/lib/python3.10/site-packages/airflow/example_dags/example_nested_branch_dag.py
[2024-06-24T14:27:16.285+0300] {processor.py:830} INFO - Processing file /home/user/rubix/internship_project/.venv/lib/python3.10/site-packages/airflow/example_dags/example_nested_branch_dag.py for tasks to queue
[2024-06-24T14:27:16.287+0300] {logging_mixin.py:188} INFO - [2024-06-24T14:27:16.286+0300] {dagbag.py:545} INFO - Filling up the DagBag from /home/user/rubix/internship_project/.venv/lib/python3.10/site-packages/airflow/example_dags/example_nested_branch_dag.py
[2024-06-24T14:27:16.298+0300] {processor.py:840} INFO - DAG(s) 'example_nested_branch_dag' retrieved from /home/user/rubix/internship_project/.venv/lib/python3.10/site-packages/airflow/example_dags/example_nested_branch_dag.py
[2024-06-24T14:27:16.316+0300] {logging_mixin.py:188} INFO - [2024-06-24T14:27:16.316+0300] {dag.py:3096} INFO - Sync 1 DAGs
[2024-06-24T14:27:16.331+0300] {logging_mixin.py:188} INFO - [2024-06-24T14:27:16.331+0300] {dag.py:3954} INFO - Setting next_dagrun for example_nested_branch_dag to 2024-06-23 00:00:00+00:00, run_after=2024-06-24 00:00:00+00:00
[2024-06-24T14:27:16.360+0300] {processor.py:183} INFO - Processing /home/user/rubix/internship_project/.venv/lib/python3.10/site-packages/airflow/example_dags/example_nested_branch_dag.py took 0.084 seconds
[2024-06-24T14:28:18.561+0300] {processor.py:161} INFO - Started process (PID=30713) to work on /home/user/rubix/internship_project/.venv/lib/python3.10/site-packages/airflow/example_dags/example_nested_branch_dag.py
[2024-06-24T14:28:18.562+0300] {processor.py:830} INFO - Processing file /home/user/rubix/internship_project/.venv/lib/python3.10/site-packages/airflow/example_dags/example_nested_branch_dag.py for tasks to queue
[2024-06-24T14:28:18.564+0300] {logging_mixin.py:188} INFO - [2024-06-24T14:28:18.563+0300] {dagbag.py:545} INFO - Filling up the DagBag from /home/user/rubix/internship_project/.venv/lib/python3.10/site-packages/airflow/example_dags/example_nested_branch_dag.py
[2024-06-24T14:28:18.574+0300] {processor.py:840} INFO - DAG(s) 'example_nested_branch_dag' retrieved from /home/user/rubix/internship_project/.venv/lib/python3.10/site-packages/airflow/example_dags/example_nested_branch_dag.py
[2024-06-24T14:28:18.591+0300] {logging_mixin.py:188} INFO - [2024-06-24T14:28:18.591+0300] {dag.py:3096} INFO - Sync 1 DAGs
[2024-06-24T14:28:18.607+0300] {logging_mixin.py:188} INFO - [2024-06-24T14:28:18.606+0300] {dag.py:3954} INFO - Setting next_dagrun for example_nested_branch_dag to 2024-06-23 00:00:00+00:00, run_after=2024-06-24 00:00:00+00:00
[2024-06-24T14:28:18.635+0300] {processor.py:183} INFO - Processing /home/user/rubix/internship_project/.venv/lib/python3.10/site-packages/airflow/example_dags/example_nested_branch_dag.py took 0.082 seconds
[2024-06-24T14:29:06.120+0300] {processor.py:161} INFO - Started process (PID=31057) to work on /home/user/rubix/internship_project/.venv/lib/python3.10/site-packages/airflow/example_dags/example_nested_branch_dag.py
[2024-06-24T14:29:06.121+0300] {processor.py:830} INFO - Processing file /home/user/rubix/internship_project/.venv/lib/python3.10/site-packages/airflow/example_dags/example_nested_branch_dag.py for tasks to queue
[2024-06-24T14:29:06.125+0300] {logging_mixin.py:188} INFO - [2024-06-24T14:29:06.124+0300] {dagbag.py:545} INFO - Filling up the DagBag from /home/user/rubix/internship_project/.venv/lib/python3.10/site-packages/airflow/example_dags/example_nested_branch_dag.py
[2024-06-24T14:29:06.136+0300] {processor.py:840} INFO - DAG(s) 'example_nested_branch_dag' retrieved from /home/user/rubix/internship_project/.venv/lib/python3.10/site-packages/airflow/example_dags/example_nested_branch_dag.py
[2024-06-24T14:29:06.159+0300] {logging_mixin.py:188} INFO - [2024-06-24T14:29:06.159+0300] {dag.py:3096} INFO - Sync 1 DAGs
[2024-06-24T14:29:06.178+0300] {logging_mixin.py:188} INFO - [2024-06-24T14:29:06.178+0300] {dag.py:3954} INFO - Setting next_dagrun for example_nested_branch_dag to 2024-06-23 00:00:00+00:00, run_after=2024-06-24 00:00:00+00:00
[2024-06-24T14:29:06.210+0300] {processor.py:183} INFO - Processing /home/user/rubix/internship_project/.venv/lib/python3.10/site-packages/airflow/example_dags/example_nested_branch_dag.py took 0.098 seconds
[2024-06-24T14:29:54.476+0300] {processor.py:161} INFO - Started process (PID=31336) to work on /home/user/rubix/internship_project/.venv/lib/python3.10/site-packages/airflow/example_dags/example_nested_branch_dag.py
[2024-06-24T14:29:54.477+0300] {processor.py:830} INFO - Processing file /home/user/rubix/internship_project/.venv/lib/python3.10/site-packages/airflow/example_dags/example_nested_branch_dag.py for tasks to queue
[2024-06-24T14:29:54.479+0300] {logging_mixin.py:188} INFO - [2024-06-24T14:29:54.478+0300] {dagbag.py:545} INFO - Filling up the DagBag from /home/user/rubix/internship_project/.venv/lib/python3.10/site-packages/airflow/example_dags/example_nested_branch_dag.py
[2024-06-24T14:29:54.490+0300] {processor.py:840} INFO - DAG(s) 'example_nested_branch_dag' retrieved from /home/user/rubix/internship_project/.venv/lib/python3.10/site-packages/airflow/example_dags/example_nested_branch_dag.py
[2024-06-24T14:29:54.509+0300] {logging_mixin.py:188} INFO - [2024-06-24T14:29:54.508+0300] {dag.py:3096} INFO - Sync 1 DAGs
[2024-06-24T14:29:54.527+0300] {logging_mixin.py:188} INFO - [2024-06-24T14:29:54.527+0300] {dag.py:3954} INFO - Setting next_dagrun for example_nested_branch_dag to 2024-06-23 00:00:00+00:00, run_after=2024-06-24 00:00:00+00:00
[2024-06-24T14:29:54.560+0300] {processor.py:183} INFO - Processing /home/user/rubix/internship_project/.venv/lib/python3.10/site-packages/airflow/example_dags/example_nested_branch_dag.py took 0.092 seconds
[2024-06-24T14:30:43.611+0300] {processor.py:161} INFO - Started process (PID=31498) to work on /home/user/rubix/internship_project/.venv/lib/python3.10/site-packages/airflow/example_dags/example_nested_branch_dag.py
[2024-06-24T14:30:43.612+0300] {processor.py:830} INFO - Processing file /home/user/rubix/internship_project/.venv/lib/python3.10/site-packages/airflow/example_dags/example_nested_branch_dag.py for tasks to queue
[2024-06-24T14:30:43.613+0300] {logging_mixin.py:188} INFO - [2024-06-24T14:30:43.613+0300] {dagbag.py:545} INFO - Filling up the DagBag from /home/user/rubix/internship_project/.venv/lib/python3.10/site-packages/airflow/example_dags/example_nested_branch_dag.py
[2024-06-24T14:30:43.624+0300] {processor.py:840} INFO - DAG(s) 'example_nested_branch_dag' retrieved from /home/user/rubix/internship_project/.venv/lib/python3.10/site-packages/airflow/example_dags/example_nested_branch_dag.py
[2024-06-24T14:30:43.641+0300] {logging_mixin.py:188} INFO - [2024-06-24T14:30:43.641+0300] {dag.py:3096} INFO - Sync 1 DAGs
[2024-06-24T14:30:43.656+0300] {logging_mixin.py:188} INFO - [2024-06-24T14:30:43.656+0300] {dag.py:3954} INFO - Setting next_dagrun for example_nested_branch_dag to 2024-06-23 00:00:00+00:00, run_after=2024-06-24 00:00:00+00:00
[2024-06-24T14:30:43.684+0300] {processor.py:183} INFO - Processing /home/user/rubix/internship_project/.venv/lib/python3.10/site-packages/airflow/example_dags/example_nested_branch_dag.py took 0.081 seconds
[2024-06-24T14:31:51.587+0300] {processor.py:161} INFO - Started process (PID=31938) to work on /home/user/rubix/internship_project/.venv/lib/python3.10/site-packages/airflow/example_dags/example_nested_branch_dag.py
[2024-06-24T14:31:51.588+0300] {processor.py:830} INFO - Processing file /home/user/rubix/internship_project/.venv/lib/python3.10/site-packages/airflow/example_dags/example_nested_branch_dag.py for tasks to queue
[2024-06-24T14:31:51.590+0300] {logging_mixin.py:188} INFO - [2024-06-24T14:31:51.589+0300] {dagbag.py:545} INFO - Filling up the DagBag from /home/user/rubix/internship_project/.venv/lib/python3.10/site-packages/airflow/example_dags/example_nested_branch_dag.py
[2024-06-24T14:31:51.602+0300] {processor.py:840} INFO - DAG(s) 'example_nested_branch_dag' retrieved from /home/user/rubix/internship_project/.venv/lib/python3.10/site-packages/airflow/example_dags/example_nested_branch_dag.py
[2024-06-24T14:31:51.619+0300] {logging_mixin.py:188} INFO - [2024-06-24T14:31:51.619+0300] {dag.py:3096} INFO - Sync 1 DAGs
[2024-06-24T14:31:51.634+0300] {logging_mixin.py:188} INFO - [2024-06-24T14:31:51.634+0300] {dag.py:3954} INFO - Setting next_dagrun for example_nested_branch_dag to 2024-06-23 00:00:00+00:00, run_after=2024-06-24 00:00:00+00:00
[2024-06-24T14:31:51.663+0300] {processor.py:183} INFO - Processing /home/user/rubix/internship_project/.venv/lib/python3.10/site-packages/airflow/example_dags/example_nested_branch_dag.py took 0.084 seconds
