[2024-06-24T14:02:58.354+0300] {processor.py:161} INFO - Started process (PID=22529) to work on /home/user/rubix/internship_project/.venv/lib/python3.10/site-packages/airflow/example_dags/example_task_group_decorator.py
[2024-06-24T14:02:58.355+0300] {processor.py:830} INFO - Processing file /home/user/rubix/internship_project/.venv/lib/python3.10/site-packages/airflow/example_dags/example_task_group_decorator.py for tasks to queue
[2024-06-24T14:02:58.357+0300] {logging_mixin.py:188} INFO - [2024-06-24T14:02:58.356+0300] {dagbag.py:545} INFO - Filling up the DagBag from /home/user/rubix/internship_project/.venv/lib/python3.10/site-packages/airflow/example_dags/example_task_group_decorator.py
[2024-06-24T14:02:58.383+0300] {processor.py:840} INFO - DAG(s) 'example_task_group_decorator' retrieved from /home/user/rubix/internship_project/.venv/lib/python3.10/site-packages/airflow/example_dags/example_task_group_decorator.py
[2024-06-24T14:02:58.394+0300] {logging_mixin.py:188} INFO - [2024-06-24T14:02:58.393+0300] {dag.py:3096} INFO - Sync 1 DAGs
[2024-06-24T14:02:58.410+0300] {logging_mixin.py:188} INFO - [2024-06-24T14:02:58.410+0300] {dag.py:3954} INFO - Setting next_dagrun for example_task_group_decorator to 2024-06-23 00:00:00+00:00, run_after=2024-06-24 00:00:00+00:00
[2024-06-24T14:02:58.431+0300] {processor.py:183} INFO - Processing /home/user/rubix/internship_project/.venv/lib/python3.10/site-packages/airflow/example_dags/example_task_group_decorator.py took 0.085 seconds
[2024-06-24T14:04:11.964+0300] {processor.py:161} INFO - Started process (PID=23138) to work on /home/user/rubix/internship_project/.venv/lib/python3.10/site-packages/airflow/example_dags/example_task_group_decorator.py
[2024-06-24T14:04:11.965+0300] {processor.py:830} INFO - Processing file /home/user/rubix/internship_project/.venv/lib/python3.10/site-packages/airflow/example_dags/example_task_group_decorator.py for tasks to queue
[2024-06-24T14:04:11.966+0300] {logging_mixin.py:188} INFO - [2024-06-24T14:04:11.966+0300] {dagbag.py:545} INFO - Filling up the DagBag from /home/user/rubix/internship_project/.venv/lib/python3.10/site-packages/airflow/example_dags/example_task_group_decorator.py
[2024-06-24T14:04:11.983+0300] {processor.py:840} INFO - DAG(s) 'example_task_group_decorator' retrieved from /home/user/rubix/internship_project/.venv/lib/python3.10/site-packages/airflow/example_dags/example_task_group_decorator.py
[2024-06-24T14:04:11.994+0300] {logging_mixin.py:188} INFO - [2024-06-24T14:04:11.993+0300] {dag.py:3096} INFO - Sync 1 DAGs
[2024-06-24T14:04:12.009+0300] {logging_mixin.py:188} INFO - [2024-06-24T14:04:12.009+0300] {dag.py:3954} INFO - Setting next_dagrun for example_task_group_decorator to 2024-06-23 00:00:00+00:00, run_after=2024-06-24 00:00:00+00:00
[2024-06-24T14:04:12.037+0300] {processor.py:183} INFO - Processing /home/user/rubix/internship_project/.venv/lib/python3.10/site-packages/airflow/example_dags/example_task_group_decorator.py took 0.081 seconds
[2024-06-24T14:05:10.065+0300] {processor.py:161} INFO - Started process (PID=23581) to work on /home/user/rubix/internship_project/.venv/lib/python3.10/site-packages/airflow/example_dags/example_task_group_decorator.py
[2024-06-24T14:05:10.066+0300] {processor.py:830} INFO - Processing file /home/user/rubix/internship_project/.venv/lib/python3.10/site-packages/airflow/example_dags/example_task_group_decorator.py for tasks to queue
[2024-06-24T14:05:10.068+0300] {logging_mixin.py:188} INFO - [2024-06-24T14:05:10.067+0300] {dagbag.py:545} INFO - Filling up the DagBag from /home/user/rubix/internship_project/.venv/lib/python3.10/site-packages/airflow/example_dags/example_task_group_decorator.py
[2024-06-24T14:05:10.090+0300] {processor.py:840} INFO - DAG(s) 'example_task_group_decorator' retrieved from /home/user/rubix/internship_project/.venv/lib/python3.10/site-packages/airflow/example_dags/example_task_group_decorator.py
[2024-06-24T14:05:10.273+0300] {logging_mixin.py:188} INFO - [2024-06-24T14:05:10.273+0300] {dag.py:3096} INFO - Sync 1 DAGs
[2024-06-24T14:05:10.285+0300] {logging_mixin.py:188} INFO - [2024-06-24T14:05:10.285+0300] {dag.py:3954} INFO - Setting next_dagrun for example_task_group_decorator to 2024-06-23 00:00:00+00:00, run_after=2024-06-24 00:00:00+00:00
[2024-06-24T14:05:10.314+0300] {processor.py:183} INFO - Processing /home/user/rubix/internship_project/.venv/lib/python3.10/site-packages/airflow/example_dags/example_task_group_decorator.py took 0.258 seconds
[2024-06-24T14:06:11.934+0300] {processor.py:161} INFO - Started process (PID=24083) to work on /home/user/rubix/internship_project/.venv/lib/python3.10/site-packages/airflow/example_dags/example_task_group_decorator.py
[2024-06-24T14:06:11.935+0300] {processor.py:830} INFO - Processing file /home/user/rubix/internship_project/.venv/lib/python3.10/site-packages/airflow/example_dags/example_task_group_decorator.py for tasks to queue
[2024-06-24T14:06:11.938+0300] {logging_mixin.py:188} INFO - [2024-06-24T14:06:11.937+0300] {dagbag.py:545} INFO - Filling up the DagBag from /home/user/rubix/internship_project/.venv/lib/python3.10/site-packages/airflow/example_dags/example_task_group_decorator.py
[2024-06-24T14:06:11.951+0300] {processor.py:840} INFO - DAG(s) 'example_task_group_decorator' retrieved from /home/user/rubix/internship_project/.venv/lib/python3.10/site-packages/airflow/example_dags/example_task_group_decorator.py
[2024-06-24T14:06:11.971+0300] {logging_mixin.py:188} INFO - [2024-06-24T14:06:11.971+0300] {dag.py:3096} INFO - Sync 1 DAGs
[2024-06-24T14:06:12.078+0300] {logging_mixin.py:188} INFO - [2024-06-24T14:06:12.078+0300] {dag.py:3954} INFO - Setting next_dagrun for example_task_group_decorator to 2024-06-23 00:00:00+00:00, run_after=2024-06-24 00:00:00+00:00
[2024-06-24T14:06:12.105+0300] {processor.py:183} INFO - Processing /home/user/rubix/internship_project/.venv/lib/python3.10/site-packages/airflow/example_dags/example_task_group_decorator.py took 0.178 seconds
[2024-06-24T14:07:06.934+0300] {processor.py:161} INFO - Started process (PID=24252) to work on /home/user/rubix/internship_project/.venv/lib/python3.10/site-packages/airflow/example_dags/example_task_group_decorator.py
[2024-06-24T14:07:06.935+0300] {processor.py:830} INFO - Processing file /home/user/rubix/internship_project/.venv/lib/python3.10/site-packages/airflow/example_dags/example_task_group_decorator.py for tasks to queue
[2024-06-24T14:07:06.937+0300] {logging_mixin.py:188} INFO - [2024-06-24T14:07:06.936+0300] {dagbag.py:545} INFO - Filling up the DagBag from /home/user/rubix/internship_project/.venv/lib/python3.10/site-packages/airflow/example_dags/example_task_group_decorator.py
[2024-06-24T14:07:06.955+0300] {processor.py:840} INFO - DAG(s) 'example_task_group_decorator' retrieved from /home/user/rubix/internship_project/.venv/lib/python3.10/site-packages/airflow/example_dags/example_task_group_decorator.py
[2024-06-24T14:07:06.982+0300] {logging_mixin.py:188} INFO - [2024-06-24T14:07:06.982+0300] {dag.py:3096} INFO - Sync 1 DAGs
[2024-06-24T14:07:07.007+0300] {logging_mixin.py:188} INFO - [2024-06-24T14:07:07.006+0300] {dag.py:3954} INFO - Setting next_dagrun for example_task_group_decorator to 2024-06-23 00:00:00+00:00, run_after=2024-06-24 00:00:00+00:00
[2024-06-24T14:07:07.043+0300] {processor.py:183} INFO - Processing /home/user/rubix/internship_project/.venv/lib/python3.10/site-packages/airflow/example_dags/example_task_group_decorator.py took 0.118 seconds
[2024-06-24T14:07:53.513+0300] {processor.py:161} INFO - Started process (PID=24497) to work on /home/user/rubix/internship_project/.venv/lib/python3.10/site-packages/airflow/example_dags/example_task_group_decorator.py
[2024-06-24T14:07:53.514+0300] {processor.py:830} INFO - Processing file /home/user/rubix/internship_project/.venv/lib/python3.10/site-packages/airflow/example_dags/example_task_group_decorator.py for tasks to queue
[2024-06-24T14:07:53.516+0300] {logging_mixin.py:188} INFO - [2024-06-24T14:07:53.516+0300] {dagbag.py:545} INFO - Filling up the DagBag from /home/user/rubix/internship_project/.venv/lib/python3.10/site-packages/airflow/example_dags/example_task_group_decorator.py
[2024-06-24T14:07:53.530+0300] {processor.py:840} INFO - DAG(s) 'example_task_group_decorator' retrieved from /home/user/rubix/internship_project/.venv/lib/python3.10/site-packages/airflow/example_dags/example_task_group_decorator.py
[2024-06-24T14:07:53.551+0300] {logging_mixin.py:188} INFO - [2024-06-24T14:07:53.551+0300] {dag.py:3096} INFO - Sync 1 DAGs
[2024-06-24T14:07:53.567+0300] {logging_mixin.py:188} INFO - [2024-06-24T14:07:53.567+0300] {dag.py:3954} INFO - Setting next_dagrun for example_task_group_decorator to 2024-06-23 00:00:00+00:00, run_after=2024-06-24 00:00:00+00:00
[2024-06-24T14:07:53.599+0300] {processor.py:183} INFO - Processing /home/user/rubix/internship_project/.venv/lib/python3.10/site-packages/airflow/example_dags/example_task_group_decorator.py took 0.096 seconds
[2024-06-24T14:08:40.954+0300] {processor.py:161} INFO - Started process (PID=24781) to work on /home/user/rubix/internship_project/.venv/lib/python3.10/site-packages/airflow/example_dags/example_task_group_decorator.py
[2024-06-24T14:08:40.955+0300] {processor.py:830} INFO - Processing file /home/user/rubix/internship_project/.venv/lib/python3.10/site-packages/airflow/example_dags/example_task_group_decorator.py for tasks to queue
[2024-06-24T14:08:40.957+0300] {logging_mixin.py:188} INFO - [2024-06-24T14:08:40.957+0300] {dagbag.py:545} INFO - Filling up the DagBag from /home/user/rubix/internship_project/.venv/lib/python3.10/site-packages/airflow/example_dags/example_task_group_decorator.py
[2024-06-24T14:08:40.969+0300] {processor.py:840} INFO - DAG(s) 'example_task_group_decorator' retrieved from /home/user/rubix/internship_project/.venv/lib/python3.10/site-packages/airflow/example_dags/example_task_group_decorator.py
[2024-06-24T14:08:40.987+0300] {logging_mixin.py:188} INFO - [2024-06-24T14:08:40.987+0300] {dag.py:3096} INFO - Sync 1 DAGs
[2024-06-24T14:08:41.002+0300] {logging_mixin.py:188} INFO - [2024-06-24T14:08:41.002+0300] {dag.py:3954} INFO - Setting next_dagrun for example_task_group_decorator to 2024-06-23 00:00:00+00:00, run_after=2024-06-24 00:00:00+00:00
[2024-06-24T14:08:41.031+0300] {processor.py:183} INFO - Processing /home/user/rubix/internship_project/.venv/lib/python3.10/site-packages/airflow/example_dags/example_task_group_decorator.py took 0.085 seconds
[2024-06-24T14:09:34.646+0300] {processor.py:161} INFO - Started process (PID=25131) to work on /home/user/rubix/internship_project/.venv/lib/python3.10/site-packages/airflow/example_dags/example_task_group_decorator.py
[2024-06-24T14:09:34.647+0300] {processor.py:830} INFO - Processing file /home/user/rubix/internship_project/.venv/lib/python3.10/site-packages/airflow/example_dags/example_task_group_decorator.py for tasks to queue
[2024-06-24T14:09:34.649+0300] {logging_mixin.py:188} INFO - [2024-06-24T14:09:34.648+0300] {dagbag.py:545} INFO - Filling up the DagBag from /home/user/rubix/internship_project/.venv/lib/python3.10/site-packages/airflow/example_dags/example_task_group_decorator.py
[2024-06-24T14:09:34.664+0300] {processor.py:840} INFO - DAG(s) 'example_task_group_decorator' retrieved from /home/user/rubix/internship_project/.venv/lib/python3.10/site-packages/airflow/example_dags/example_task_group_decorator.py
[2024-06-24T14:09:34.686+0300] {logging_mixin.py:188} INFO - [2024-06-24T14:09:34.685+0300] {dag.py:3096} INFO - Sync 1 DAGs
[2024-06-24T14:09:34.703+0300] {logging_mixin.py:188} INFO - [2024-06-24T14:09:34.703+0300] {dag.py:3954} INFO - Setting next_dagrun for example_task_group_decorator to 2024-06-23 00:00:00+00:00, run_after=2024-06-24 00:00:00+00:00
[2024-06-24T14:09:34.722+0300] {processor.py:183} INFO - Processing /home/user/rubix/internship_project/.venv/lib/python3.10/site-packages/airflow/example_dags/example_task_group_decorator.py took 0.085 seconds
[2024-06-24T14:10:20.377+0300] {processor.py:161} INFO - Started process (PID=25433) to work on /home/user/rubix/internship_project/.venv/lib/python3.10/site-packages/airflow/example_dags/example_task_group_decorator.py
[2024-06-24T14:10:20.378+0300] {processor.py:830} INFO - Processing file /home/user/rubix/internship_project/.venv/lib/python3.10/site-packages/airflow/example_dags/example_task_group_decorator.py for tasks to queue
[2024-06-24T14:10:20.380+0300] {logging_mixin.py:188} INFO - [2024-06-24T14:10:20.380+0300] {dagbag.py:545} INFO - Filling up the DagBag from /home/user/rubix/internship_project/.venv/lib/python3.10/site-packages/airflow/example_dags/example_task_group_decorator.py
[2024-06-24T14:10:20.395+0300] {processor.py:840} INFO - DAG(s) 'example_task_group_decorator' retrieved from /home/user/rubix/internship_project/.venv/lib/python3.10/site-packages/airflow/example_dags/example_task_group_decorator.py
[2024-06-24T14:10:20.417+0300] {logging_mixin.py:188} INFO - [2024-06-24T14:10:20.417+0300] {dag.py:3096} INFO - Sync 1 DAGs
[2024-06-24T14:10:20.436+0300] {logging_mixin.py:188} INFO - [2024-06-24T14:10:20.435+0300] {dag.py:3954} INFO - Setting next_dagrun for example_task_group_decorator to 2024-06-23 00:00:00+00:00, run_after=2024-06-24 00:00:00+00:00
[2024-06-24T14:10:20.468+0300] {processor.py:183} INFO - Processing /home/user/rubix/internship_project/.venv/lib/python3.10/site-packages/airflow/example_dags/example_task_group_decorator.py took 0.100 seconds
[2024-06-24T14:11:04.747+0300] {processor.py:161} INFO - Started process (PID=25724) to work on /home/user/rubix/internship_project/.venv/lib/python3.10/site-packages/airflow/example_dags/example_task_group_decorator.py
[2024-06-24T14:11:04.748+0300] {processor.py:830} INFO - Processing file /home/user/rubix/internship_project/.venv/lib/python3.10/site-packages/airflow/example_dags/example_task_group_decorator.py for tasks to queue
[2024-06-24T14:11:04.750+0300] {logging_mixin.py:188} INFO - [2024-06-24T14:11:04.749+0300] {dagbag.py:545} INFO - Filling up the DagBag from /home/user/rubix/internship_project/.venv/lib/python3.10/site-packages/airflow/example_dags/example_task_group_decorator.py
[2024-06-24T14:11:04.767+0300] {processor.py:840} INFO - DAG(s) 'example_task_group_decorator' retrieved from /home/user/rubix/internship_project/.venv/lib/python3.10/site-packages/airflow/example_dags/example_task_group_decorator.py
[2024-06-24T14:11:04.801+0300] {logging_mixin.py:188} INFO - [2024-06-24T14:11:04.800+0300] {dag.py:3096} INFO - Sync 1 DAGs
[2024-06-24T14:11:04.835+0300] {logging_mixin.py:188} INFO - [2024-06-24T14:11:04.835+0300] {dag.py:3954} INFO - Setting next_dagrun for example_task_group_decorator to 2024-06-23 00:00:00+00:00, run_after=2024-06-24 00:00:00+00:00
[2024-06-24T14:11:04.870+0300] {processor.py:183} INFO - Processing /home/user/rubix/internship_project/.venv/lib/python3.10/site-packages/airflow/example_dags/example_task_group_decorator.py took 0.135 seconds
[2024-06-24T14:11:50.144+0300] {processor.py:161} INFO - Started process (PID=25985) to work on /home/user/rubix/internship_project/.venv/lib/python3.10/site-packages/airflow/example_dags/example_task_group_decorator.py
[2024-06-24T14:11:50.145+0300] {processor.py:830} INFO - Processing file /home/user/rubix/internship_project/.venv/lib/python3.10/site-packages/airflow/example_dags/example_task_group_decorator.py for tasks to queue
[2024-06-24T14:11:50.147+0300] {logging_mixin.py:188} INFO - [2024-06-24T14:11:50.147+0300] {dagbag.py:545} INFO - Filling up the DagBag from /home/user/rubix/internship_project/.venv/lib/python3.10/site-packages/airflow/example_dags/example_task_group_decorator.py
[2024-06-24T14:11:50.161+0300] {processor.py:840} INFO - DAG(s) 'example_task_group_decorator' retrieved from /home/user/rubix/internship_project/.venv/lib/python3.10/site-packages/airflow/example_dags/example_task_group_decorator.py
[2024-06-24T14:11:50.182+0300] {logging_mixin.py:188} INFO - [2024-06-24T14:11:50.181+0300] {dag.py:3096} INFO - Sync 1 DAGs
[2024-06-24T14:11:50.198+0300] {logging_mixin.py:188} INFO - [2024-06-24T14:11:50.198+0300] {dag.py:3954} INFO - Setting next_dagrun for example_task_group_decorator to 2024-06-23 00:00:00+00:00, run_after=2024-06-24 00:00:00+00:00
[2024-06-24T14:11:50.227+0300] {processor.py:183} INFO - Processing /home/user/rubix/internship_project/.venv/lib/python3.10/site-packages/airflow/example_dags/example_task_group_decorator.py took 0.090 seconds
[2024-06-24T14:12:31.480+0300] {processor.py:161} INFO - Started process (PID=26134) to work on /home/user/rubix/internship_project/.venv/lib/python3.10/site-packages/airflow/example_dags/example_task_group_decorator.py
[2024-06-24T14:12:31.481+0300] {processor.py:830} INFO - Processing file /home/user/rubix/internship_project/.venv/lib/python3.10/site-packages/airflow/example_dags/example_task_group_decorator.py for tasks to queue
[2024-06-24T14:12:31.482+0300] {logging_mixin.py:188} INFO - [2024-06-24T14:12:31.482+0300] {dagbag.py:545} INFO - Filling up the DagBag from /home/user/rubix/internship_project/.venv/lib/python3.10/site-packages/airflow/example_dags/example_task_group_decorator.py
[2024-06-24T14:12:31.510+0300] {processor.py:840} INFO - DAG(s) 'example_task_group_decorator' retrieved from /home/user/rubix/internship_project/.venv/lib/python3.10/site-packages/airflow/example_dags/example_task_group_decorator.py
[2024-06-24T14:12:31.532+0300] {logging_mixin.py:188} INFO - [2024-06-24T14:12:31.532+0300] {dag.py:3096} INFO - Sync 1 DAGs
[2024-06-24T14:12:31.565+0300] {logging_mixin.py:188} INFO - [2024-06-24T14:12:31.565+0300] {dag.py:3954} INFO - Setting next_dagrun for example_task_group_decorator to 2024-06-23 00:00:00+00:00, run_after=2024-06-24 00:00:00+00:00
[2024-06-24T14:12:31.594+0300] {processor.py:183} INFO - Processing /home/user/rubix/internship_project/.venv/lib/python3.10/site-packages/airflow/example_dags/example_task_group_decorator.py took 0.122 seconds
[2024-06-24T14:13:23.787+0300] {processor.py:161} INFO - Started process (PID=26297) to work on /home/user/rubix/internship_project/.venv/lib/python3.10/site-packages/airflow/example_dags/example_task_group_decorator.py
[2024-06-24T14:13:23.788+0300] {processor.py:830} INFO - Processing file /home/user/rubix/internship_project/.venv/lib/python3.10/site-packages/airflow/example_dags/example_task_group_decorator.py for tasks to queue
[2024-06-24T14:13:23.790+0300] {logging_mixin.py:188} INFO - [2024-06-24T14:13:23.790+0300] {dagbag.py:545} INFO - Filling up the DagBag from /home/user/rubix/internship_project/.venv/lib/python3.10/site-packages/airflow/example_dags/example_task_group_decorator.py
[2024-06-24T14:13:23.804+0300] {processor.py:840} INFO - DAG(s) 'example_task_group_decorator' retrieved from /home/user/rubix/internship_project/.venv/lib/python3.10/site-packages/airflow/example_dags/example_task_group_decorator.py
[2024-06-24T14:13:23.823+0300] {logging_mixin.py:188} INFO - [2024-06-24T14:13:23.823+0300] {dag.py:3096} INFO - Sync 1 DAGs
[2024-06-24T14:13:23.838+0300] {logging_mixin.py:188} INFO - [2024-06-24T14:13:23.838+0300] {dag.py:3954} INFO - Setting next_dagrun for example_task_group_decorator to 2024-06-23 00:00:00+00:00, run_after=2024-06-24 00:00:00+00:00
[2024-06-24T14:13:23.868+0300] {processor.py:183} INFO - Processing /home/user/rubix/internship_project/.venv/lib/python3.10/site-packages/airflow/example_dags/example_task_group_decorator.py took 0.088 seconds
[2024-06-24T14:14:14.447+0300] {processor.py:161} INFO - Started process (PID=26619) to work on /home/user/rubix/internship_project/.venv/lib/python3.10/site-packages/airflow/example_dags/example_task_group_decorator.py
[2024-06-24T14:14:14.448+0300] {processor.py:830} INFO - Processing file /home/user/rubix/internship_project/.venv/lib/python3.10/site-packages/airflow/example_dags/example_task_group_decorator.py for tasks to queue
[2024-06-24T14:14:14.449+0300] {logging_mixin.py:188} INFO - [2024-06-24T14:14:14.449+0300] {dagbag.py:545} INFO - Filling up the DagBag from /home/user/rubix/internship_project/.venv/lib/python3.10/site-packages/airflow/example_dags/example_task_group_decorator.py
[2024-06-24T14:14:14.463+0300] {processor.py:840} INFO - DAG(s) 'example_task_group_decorator' retrieved from /home/user/rubix/internship_project/.venv/lib/python3.10/site-packages/airflow/example_dags/example_task_group_decorator.py
[2024-06-24T14:14:14.484+0300] {logging_mixin.py:188} INFO - [2024-06-24T14:14:14.483+0300] {dag.py:3096} INFO - Sync 1 DAGs
[2024-06-24T14:14:14.500+0300] {logging_mixin.py:188} INFO - [2024-06-24T14:14:14.500+0300] {dag.py:3954} INFO - Setting next_dagrun for example_task_group_decorator to 2024-06-23 00:00:00+00:00, run_after=2024-06-24 00:00:00+00:00
[2024-06-24T14:14:14.529+0300] {processor.py:183} INFO - Processing /home/user/rubix/internship_project/.venv/lib/python3.10/site-packages/airflow/example_dags/example_task_group_decorator.py took 0.090 seconds
[2024-06-24T14:14:58.009+0300] {processor.py:161} INFO - Started process (PID=26769) to work on /home/user/rubix/internship_project/.venv/lib/python3.10/site-packages/airflow/example_dags/example_task_group_decorator.py
[2024-06-24T14:14:58.010+0300] {processor.py:830} INFO - Processing file /home/user/rubix/internship_project/.venv/lib/python3.10/site-packages/airflow/example_dags/example_task_group_decorator.py for tasks to queue
[2024-06-24T14:14:58.012+0300] {logging_mixin.py:188} INFO - [2024-06-24T14:14:58.011+0300] {dagbag.py:545} INFO - Filling up the DagBag from /home/user/rubix/internship_project/.venv/lib/python3.10/site-packages/airflow/example_dags/example_task_group_decorator.py
[2024-06-24T14:14:58.024+0300] {processor.py:840} INFO - DAG(s) 'example_task_group_decorator' retrieved from /home/user/rubix/internship_project/.venv/lib/python3.10/site-packages/airflow/example_dags/example_task_group_decorator.py
[2024-06-24T14:14:58.043+0300] {logging_mixin.py:188} INFO - [2024-06-24T14:14:58.043+0300] {dag.py:3096} INFO - Sync 1 DAGs
[2024-06-24T14:14:58.058+0300] {logging_mixin.py:188} INFO - [2024-06-24T14:14:58.058+0300] {dag.py:3954} INFO - Setting next_dagrun for example_task_group_decorator to 2024-06-23 00:00:00+00:00, run_after=2024-06-24 00:00:00+00:00
[2024-06-24T14:14:58.088+0300] {processor.py:183} INFO - Processing /home/user/rubix/internship_project/.venv/lib/python3.10/site-packages/airflow/example_dags/example_task_group_decorator.py took 0.087 seconds
[2024-06-24T14:15:40.687+0300] {processor.py:161} INFO - Started process (PID=26921) to work on /home/user/rubix/internship_project/.venv/lib/python3.10/site-packages/airflow/example_dags/example_task_group_decorator.py
[2024-06-24T14:15:40.689+0300] {processor.py:830} INFO - Processing file /home/user/rubix/internship_project/.venv/lib/python3.10/site-packages/airflow/example_dags/example_task_group_decorator.py for tasks to queue
[2024-06-24T14:15:40.690+0300] {logging_mixin.py:188} INFO - [2024-06-24T14:15:40.690+0300] {dagbag.py:545} INFO - Filling up the DagBag from /home/user/rubix/internship_project/.venv/lib/python3.10/site-packages/airflow/example_dags/example_task_group_decorator.py
[2024-06-24T14:15:40.704+0300] {processor.py:840} INFO - DAG(s) 'example_task_group_decorator' retrieved from /home/user/rubix/internship_project/.venv/lib/python3.10/site-packages/airflow/example_dags/example_task_group_decorator.py
[2024-06-24T14:15:40.724+0300] {logging_mixin.py:188} INFO - [2024-06-24T14:15:40.724+0300] {dag.py:3096} INFO - Sync 1 DAGs
[2024-06-24T14:15:40.740+0300] {logging_mixin.py:188} INFO - [2024-06-24T14:15:40.740+0300] {dag.py:3954} INFO - Setting next_dagrun for example_task_group_decorator to 2024-06-23 00:00:00+00:00, run_after=2024-06-24 00:00:00+00:00
[2024-06-24T14:15:40.771+0300] {processor.py:183} INFO - Processing /home/user/rubix/internship_project/.venv/lib/python3.10/site-packages/airflow/example_dags/example_task_group_decorator.py took 0.091 seconds
[2024-06-24T14:16:21.779+0300] {processor.py:161} INFO - Started process (PID=27072) to work on /home/user/rubix/internship_project/.venv/lib/python3.10/site-packages/airflow/example_dags/example_task_group_decorator.py
[2024-06-24T14:16:21.780+0300] {processor.py:830} INFO - Processing file /home/user/rubix/internship_project/.venv/lib/python3.10/site-packages/airflow/example_dags/example_task_group_decorator.py for tasks to queue
[2024-06-24T14:16:21.782+0300] {logging_mixin.py:188} INFO - [2024-06-24T14:16:21.781+0300] {dagbag.py:545} INFO - Filling up the DagBag from /home/user/rubix/internship_project/.venv/lib/python3.10/site-packages/airflow/example_dags/example_task_group_decorator.py
[2024-06-24T14:16:21.796+0300] {processor.py:840} INFO - DAG(s) 'example_task_group_decorator' retrieved from /home/user/rubix/internship_project/.venv/lib/python3.10/site-packages/airflow/example_dags/example_task_group_decorator.py
[2024-06-24T14:16:21.816+0300] {logging_mixin.py:188} INFO - [2024-06-24T14:16:21.816+0300] {dag.py:3096} INFO - Sync 1 DAGs
[2024-06-24T14:16:21.833+0300] {logging_mixin.py:188} INFO - [2024-06-24T14:16:21.833+0300] {dag.py:3954} INFO - Setting next_dagrun for example_task_group_decorator to 2024-06-23 00:00:00+00:00, run_after=2024-06-24 00:00:00+00:00
[2024-06-24T14:16:21.864+0300] {processor.py:183} INFO - Processing /home/user/rubix/internship_project/.venv/lib/python3.10/site-packages/airflow/example_dags/example_task_group_decorator.py took 0.093 seconds
[2024-06-24T14:17:01.607+0300] {processor.py:161} INFO - Started process (PID=27220) to work on /home/user/rubix/internship_project/.venv/lib/python3.10/site-packages/airflow/example_dags/example_task_group_decorator.py
[2024-06-24T14:17:01.608+0300] {processor.py:830} INFO - Processing file /home/user/rubix/internship_project/.venv/lib/python3.10/site-packages/airflow/example_dags/example_task_group_decorator.py for tasks to queue
[2024-06-24T14:17:01.610+0300] {logging_mixin.py:188} INFO - [2024-06-24T14:17:01.609+0300] {dagbag.py:545} INFO - Filling up the DagBag from /home/user/rubix/internship_project/.venv/lib/python3.10/site-packages/airflow/example_dags/example_task_group_decorator.py
[2024-06-24T14:17:01.623+0300] {processor.py:840} INFO - DAG(s) 'example_task_group_decorator' retrieved from /home/user/rubix/internship_project/.venv/lib/python3.10/site-packages/airflow/example_dags/example_task_group_decorator.py
[2024-06-24T14:17:01.641+0300] {logging_mixin.py:188} INFO - [2024-06-24T14:17:01.641+0300] {dag.py:3096} INFO - Sync 1 DAGs
[2024-06-24T14:17:01.656+0300] {logging_mixin.py:188} INFO - [2024-06-24T14:17:01.655+0300] {dag.py:3954} INFO - Setting next_dagrun for example_task_group_decorator to 2024-06-23 00:00:00+00:00, run_after=2024-06-24 00:00:00+00:00
[2024-06-24T14:17:01.687+0300] {processor.py:183} INFO - Processing /home/user/rubix/internship_project/.venv/lib/python3.10/site-packages/airflow/example_dags/example_task_group_decorator.py took 0.088 seconds
[2024-06-24T14:17:42.372+0300] {processor.py:161} INFO - Started process (PID=27307) to work on /home/user/rubix/internship_project/.venv/lib/python3.10/site-packages/airflow/example_dags/example_task_group_decorator.py
[2024-06-24T14:17:42.373+0300] {processor.py:830} INFO - Processing file /home/user/rubix/internship_project/.venv/lib/python3.10/site-packages/airflow/example_dags/example_task_group_decorator.py for tasks to queue
[2024-06-24T14:17:42.375+0300] {logging_mixin.py:188} INFO - [2024-06-24T14:17:42.374+0300] {dagbag.py:545} INFO - Filling up the DagBag from /home/user/rubix/internship_project/.venv/lib/python3.10/site-packages/airflow/example_dags/example_task_group_decorator.py
[2024-06-24T14:17:42.388+0300] {processor.py:840} INFO - DAG(s) 'example_task_group_decorator' retrieved from /home/user/rubix/internship_project/.venv/lib/python3.10/site-packages/airflow/example_dags/example_task_group_decorator.py
[2024-06-24T14:17:42.406+0300] {logging_mixin.py:188} INFO - [2024-06-24T14:17:42.406+0300] {dag.py:3096} INFO - Sync 1 DAGs
[2024-06-24T14:17:42.420+0300] {logging_mixin.py:188} INFO - [2024-06-24T14:17:42.420+0300] {dag.py:3954} INFO - Setting next_dagrun for example_task_group_decorator to 2024-06-23 00:00:00+00:00, run_after=2024-06-24 00:00:00+00:00
[2024-06-24T14:17:42.448+0300] {processor.py:183} INFO - Processing /home/user/rubix/internship_project/.venv/lib/python3.10/site-packages/airflow/example_dags/example_task_group_decorator.py took 0.084 seconds
[2024-06-24T14:18:33.823+0300] {processor.py:161} INFO - Started process (PID=27471) to work on /home/user/rubix/internship_project/.venv/lib/python3.10/site-packages/airflow/example_dags/example_task_group_decorator.py
[2024-06-24T14:18:33.824+0300] {processor.py:830} INFO - Processing file /home/user/rubix/internship_project/.venv/lib/python3.10/site-packages/airflow/example_dags/example_task_group_decorator.py for tasks to queue
[2024-06-24T14:18:33.826+0300] {logging_mixin.py:188} INFO - [2024-06-24T14:18:33.826+0300] {dagbag.py:545} INFO - Filling up the DagBag from /home/user/rubix/internship_project/.venv/lib/python3.10/site-packages/airflow/example_dags/example_task_group_decorator.py
[2024-06-24T14:18:33.853+0300] {processor.py:840} INFO - DAG(s) 'example_task_group_decorator' retrieved from /home/user/rubix/internship_project/.venv/lib/python3.10/site-packages/airflow/example_dags/example_task_group_decorator.py
[2024-06-24T14:18:33.873+0300] {logging_mixin.py:188} INFO - [2024-06-24T14:18:33.873+0300] {dag.py:3096} INFO - Sync 1 DAGs
[2024-06-24T14:18:33.890+0300] {logging_mixin.py:188} INFO - [2024-06-24T14:18:33.890+0300] {dag.py:3954} INFO - Setting next_dagrun for example_task_group_decorator to 2024-06-23 00:00:00+00:00, run_after=2024-06-24 00:00:00+00:00
[2024-06-24T14:18:33.919+0300] {processor.py:183} INFO - Processing /home/user/rubix/internship_project/.venv/lib/python3.10/site-packages/airflow/example_dags/example_task_group_decorator.py took 0.104 seconds
[2024-06-24T14:19:24.966+0300] {processor.py:161} INFO - Started process (PID=27699) to work on /home/user/rubix/internship_project/.venv/lib/python3.10/site-packages/airflow/example_dags/example_task_group_decorator.py
[2024-06-24T14:19:24.967+0300] {processor.py:830} INFO - Processing file /home/user/rubix/internship_project/.venv/lib/python3.10/site-packages/airflow/example_dags/example_task_group_decorator.py for tasks to queue
[2024-06-24T14:19:24.969+0300] {logging_mixin.py:188} INFO - [2024-06-24T14:19:24.968+0300] {dagbag.py:545} INFO - Filling up the DagBag from /home/user/rubix/internship_project/.venv/lib/python3.10/site-packages/airflow/example_dags/example_task_group_decorator.py
[2024-06-24T14:19:24.989+0300] {processor.py:840} INFO - DAG(s) 'example_task_group_decorator' retrieved from /home/user/rubix/internship_project/.venv/lib/python3.10/site-packages/airflow/example_dags/example_task_group_decorator.py
[2024-06-24T14:19:25.015+0300] {logging_mixin.py:188} INFO - [2024-06-24T14:19:25.015+0300] {dag.py:3096} INFO - Sync 1 DAGs
[2024-06-24T14:19:25.033+0300] {logging_mixin.py:188} INFO - [2024-06-24T14:19:25.033+0300] {dag.py:3954} INFO - Setting next_dagrun for example_task_group_decorator to 2024-06-23 00:00:00+00:00, run_after=2024-06-24 00:00:00+00:00
[2024-06-24T14:19:25.069+0300] {processor.py:183} INFO - Processing /home/user/rubix/internship_project/.venv/lib/python3.10/site-packages/airflow/example_dags/example_task_group_decorator.py took 0.113 seconds
[2024-06-24T14:20:05.930+0300] {processor.py:161} INFO - Started process (PID=28030) to work on /home/user/rubix/internship_project/.venv/lib/python3.10/site-packages/airflow/example_dags/example_task_group_decorator.py
[2024-06-24T14:20:05.931+0300] {processor.py:830} INFO - Processing file /home/user/rubix/internship_project/.venv/lib/python3.10/site-packages/airflow/example_dags/example_task_group_decorator.py for tasks to queue
[2024-06-24T14:20:05.933+0300] {logging_mixin.py:188} INFO - [2024-06-24T14:20:05.933+0300] {dagbag.py:545} INFO - Filling up the DagBag from /home/user/rubix/internship_project/.venv/lib/python3.10/site-packages/airflow/example_dags/example_task_group_decorator.py
[2024-06-24T14:20:05.952+0300] {processor.py:840} INFO - DAG(s) 'example_task_group_decorator' retrieved from /home/user/rubix/internship_project/.venv/lib/python3.10/site-packages/airflow/example_dags/example_task_group_decorator.py
[2024-06-24T14:20:05.978+0300] {logging_mixin.py:188} INFO - [2024-06-24T14:20:05.977+0300] {dag.py:3096} INFO - Sync 1 DAGs
[2024-06-24T14:20:05.998+0300] {logging_mixin.py:188} INFO - [2024-06-24T14:20:05.998+0300] {dag.py:3954} INFO - Setting next_dagrun for example_task_group_decorator to 2024-06-23 00:00:00+00:00, run_after=2024-06-24 00:00:00+00:00
[2024-06-24T14:20:06.039+0300] {processor.py:183} INFO - Processing /home/user/rubix/internship_project/.venv/lib/python3.10/site-packages/airflow/example_dags/example_task_group_decorator.py took 0.118 seconds
[2024-06-24T14:20:45.913+0300] {processor.py:161} INFO - Started process (PID=28242) to work on /home/user/rubix/internship_project/.venv/lib/python3.10/site-packages/airflow/example_dags/example_task_group_decorator.py
[2024-06-24T14:20:45.914+0300] {processor.py:830} INFO - Processing file /home/user/rubix/internship_project/.venv/lib/python3.10/site-packages/airflow/example_dags/example_task_group_decorator.py for tasks to queue
[2024-06-24T14:20:45.916+0300] {logging_mixin.py:188} INFO - [2024-06-24T14:20:45.915+0300] {dagbag.py:545} INFO - Filling up the DagBag from /home/user/rubix/internship_project/.venv/lib/python3.10/site-packages/airflow/example_dags/example_task_group_decorator.py
[2024-06-24T14:20:45.929+0300] {processor.py:840} INFO - DAG(s) 'example_task_group_decorator' retrieved from /home/user/rubix/internship_project/.venv/lib/python3.10/site-packages/airflow/example_dags/example_task_group_decorator.py
[2024-06-24T14:20:45.947+0300] {logging_mixin.py:188} INFO - [2024-06-24T14:20:45.947+0300] {dag.py:3096} INFO - Sync 1 DAGs
[2024-06-24T14:20:45.962+0300] {logging_mixin.py:188} INFO - [2024-06-24T14:20:45.962+0300] {dag.py:3954} INFO - Setting next_dagrun for example_task_group_decorator to 2024-06-23 00:00:00+00:00, run_after=2024-06-24 00:00:00+00:00
[2024-06-24T14:20:45.991+0300] {processor.py:183} INFO - Processing /home/user/rubix/internship_project/.venv/lib/python3.10/site-packages/airflow/example_dags/example_task_group_decorator.py took 0.086 seconds
[2024-06-24T14:21:29.429+0300] {processor.py:161} INFO - Started process (PID=28548) to work on /home/user/rubix/internship_project/.venv/lib/python3.10/site-packages/airflow/example_dags/example_task_group_decorator.py
[2024-06-24T14:21:29.430+0300] {processor.py:830} INFO - Processing file /home/user/rubix/internship_project/.venv/lib/python3.10/site-packages/airflow/example_dags/example_task_group_decorator.py for tasks to queue
[2024-06-24T14:21:29.432+0300] {logging_mixin.py:188} INFO - [2024-06-24T14:21:29.432+0300] {dagbag.py:545} INFO - Filling up the DagBag from /home/user/rubix/internship_project/.venv/lib/python3.10/site-packages/airflow/example_dags/example_task_group_decorator.py
[2024-06-24T14:21:29.448+0300] {processor.py:840} INFO - DAG(s) 'example_task_group_decorator' retrieved from /home/user/rubix/internship_project/.venv/lib/python3.10/site-packages/airflow/example_dags/example_task_group_decorator.py
[2024-06-24T14:21:29.472+0300] {logging_mixin.py:188} INFO - [2024-06-24T14:21:29.472+0300] {dag.py:3096} INFO - Sync 1 DAGs
[2024-06-24T14:21:29.491+0300] {logging_mixin.py:188} INFO - [2024-06-24T14:21:29.490+0300] {dag.py:3954} INFO - Setting next_dagrun for example_task_group_decorator to 2024-06-23 00:00:00+00:00, run_after=2024-06-24 00:00:00+00:00
[2024-06-24T14:21:29.524+0300] {processor.py:183} INFO - Processing /home/user/rubix/internship_project/.venv/lib/python3.10/site-packages/airflow/example_dags/example_task_group_decorator.py took 0.104 seconds
[2024-06-24T14:22:07.851+0300] {processor.py:161} INFO - Started process (PID=28729) to work on /home/user/rubix/internship_project/.venv/lib/python3.10/site-packages/airflow/example_dags/example_task_group_decorator.py
[2024-06-24T14:22:07.852+0300] {processor.py:830} INFO - Processing file /home/user/rubix/internship_project/.venv/lib/python3.10/site-packages/airflow/example_dags/example_task_group_decorator.py for tasks to queue
[2024-06-24T14:22:07.855+0300] {logging_mixin.py:188} INFO - [2024-06-24T14:22:07.854+0300] {dagbag.py:545} INFO - Filling up the DagBag from /home/user/rubix/internship_project/.venv/lib/python3.10/site-packages/airflow/example_dags/example_task_group_decorator.py
[2024-06-24T14:22:07.867+0300] {processor.py:840} INFO - DAG(s) 'example_task_group_decorator' retrieved from /home/user/rubix/internship_project/.venv/lib/python3.10/site-packages/airflow/example_dags/example_task_group_decorator.py
[2024-06-24T14:22:07.886+0300] {logging_mixin.py:188} INFO - [2024-06-24T14:22:07.886+0300] {dag.py:3096} INFO - Sync 1 DAGs
[2024-06-24T14:22:07.901+0300] {logging_mixin.py:188} INFO - [2024-06-24T14:22:07.900+0300] {dag.py:3954} INFO - Setting next_dagrun for example_task_group_decorator to 2024-06-23 00:00:00+00:00, run_after=2024-06-24 00:00:00+00:00
[2024-06-24T14:22:07.931+0300] {processor.py:183} INFO - Processing /home/user/rubix/internship_project/.venv/lib/python3.10/site-packages/airflow/example_dags/example_task_group_decorator.py took 0.087 seconds
[2024-06-24T14:22:46.421+0300] {processor.py:161} INFO - Started process (PID=28814) to work on /home/user/rubix/internship_project/.venv/lib/python3.10/site-packages/airflow/example_dags/example_task_group_decorator.py
[2024-06-24T14:22:46.422+0300] {processor.py:830} INFO - Processing file /home/user/rubix/internship_project/.venv/lib/python3.10/site-packages/airflow/example_dags/example_task_group_decorator.py for tasks to queue
[2024-06-24T14:22:46.425+0300] {logging_mixin.py:188} INFO - [2024-06-24T14:22:46.425+0300] {dagbag.py:545} INFO - Filling up the DagBag from /home/user/rubix/internship_project/.venv/lib/python3.10/site-packages/airflow/example_dags/example_task_group_decorator.py
[2024-06-24T14:22:46.437+0300] {processor.py:840} INFO - DAG(s) 'example_task_group_decorator' retrieved from /home/user/rubix/internship_project/.venv/lib/python3.10/site-packages/airflow/example_dags/example_task_group_decorator.py
[2024-06-24T14:22:46.456+0300] {logging_mixin.py:188} INFO - [2024-06-24T14:22:46.456+0300] {dag.py:3096} INFO - Sync 1 DAGs
[2024-06-24T14:22:46.471+0300] {logging_mixin.py:188} INFO - [2024-06-24T14:22:46.471+0300] {dag.py:3954} INFO - Setting next_dagrun for example_task_group_decorator to 2024-06-23 00:00:00+00:00, run_after=2024-06-24 00:00:00+00:00
[2024-06-24T14:22:46.499+0300] {processor.py:183} INFO - Processing /home/user/rubix/internship_project/.venv/lib/python3.10/site-packages/airflow/example_dags/example_task_group_decorator.py took 0.085 seconds
[2024-06-24T14:23:30.589+0300] {processor.py:161} INFO - Started process (PID=29005) to work on /home/user/rubix/internship_project/.venv/lib/python3.10/site-packages/airflow/example_dags/example_task_group_decorator.py
[2024-06-24T14:23:30.590+0300] {processor.py:830} INFO - Processing file /home/user/rubix/internship_project/.venv/lib/python3.10/site-packages/airflow/example_dags/example_task_group_decorator.py for tasks to queue
[2024-06-24T14:23:30.592+0300] {logging_mixin.py:188} INFO - [2024-06-24T14:23:30.591+0300] {dagbag.py:545} INFO - Filling up the DagBag from /home/user/rubix/internship_project/.venv/lib/python3.10/site-packages/airflow/example_dags/example_task_group_decorator.py
[2024-06-24T14:23:30.606+0300] {processor.py:840} INFO - DAG(s) 'example_task_group_decorator' retrieved from /home/user/rubix/internship_project/.venv/lib/python3.10/site-packages/airflow/example_dags/example_task_group_decorator.py
[2024-06-24T14:23:30.628+0300] {logging_mixin.py:188} INFO - [2024-06-24T14:23:30.627+0300] {dag.py:3096} INFO - Sync 1 DAGs
[2024-06-24T14:23:30.644+0300] {logging_mixin.py:188} INFO - [2024-06-24T14:23:30.644+0300] {dag.py:3954} INFO - Setting next_dagrun for example_task_group_decorator to 2024-06-23 00:00:00+00:00, run_after=2024-06-24 00:00:00+00:00
[2024-06-24T14:23:30.673+0300] {processor.py:183} INFO - Processing /home/user/rubix/internship_project/.venv/lib/python3.10/site-packages/airflow/example_dags/example_task_group_decorator.py took 0.092 seconds
[2024-06-24T14:24:17.341+0300] {processor.py:161} INFO - Started process (PID=29224) to work on /home/user/rubix/internship_project/.venv/lib/python3.10/site-packages/airflow/example_dags/example_task_group_decorator.py
[2024-06-24T14:24:17.343+0300] {processor.py:830} INFO - Processing file /home/user/rubix/internship_project/.venv/lib/python3.10/site-packages/airflow/example_dags/example_task_group_decorator.py for tasks to queue
[2024-06-24T14:24:17.345+0300] {logging_mixin.py:188} INFO - [2024-06-24T14:24:17.345+0300] {dagbag.py:545} INFO - Filling up the DagBag from /home/user/rubix/internship_project/.venv/lib/python3.10/site-packages/airflow/example_dags/example_task_group_decorator.py
[2024-06-24T14:24:17.361+0300] {processor.py:840} INFO - DAG(s) 'example_task_group_decorator' retrieved from /home/user/rubix/internship_project/.venv/lib/python3.10/site-packages/airflow/example_dags/example_task_group_decorator.py
[2024-06-24T14:24:17.384+0300] {logging_mixin.py:188} INFO - [2024-06-24T14:24:17.384+0300] {dag.py:3096} INFO - Sync 1 DAGs
[2024-06-24T14:24:17.404+0300] {logging_mixin.py:188} INFO - [2024-06-24T14:24:17.403+0300] {dag.py:3954} INFO - Setting next_dagrun for example_task_group_decorator to 2024-06-23 00:00:00+00:00, run_after=2024-06-24 00:00:00+00:00
[2024-06-24T14:24:17.435+0300] {processor.py:183} INFO - Processing /home/user/rubix/internship_project/.venv/lib/python3.10/site-packages/airflow/example_dags/example_task_group_decorator.py took 0.103 seconds
[2024-06-24T14:25:03.251+0300] {processor.py:161} INFO - Started process (PID=29478) to work on /home/user/rubix/internship_project/.venv/lib/python3.10/site-packages/airflow/example_dags/example_task_group_decorator.py
[2024-06-24T14:25:03.252+0300] {processor.py:830} INFO - Processing file /home/user/rubix/internship_project/.venv/lib/python3.10/site-packages/airflow/example_dags/example_task_group_decorator.py for tasks to queue
[2024-06-24T14:25:03.254+0300] {logging_mixin.py:188} INFO - [2024-06-24T14:25:03.253+0300] {dagbag.py:545} INFO - Filling up the DagBag from /home/user/rubix/internship_project/.venv/lib/python3.10/site-packages/airflow/example_dags/example_task_group_decorator.py
[2024-06-24T14:25:03.270+0300] {processor.py:840} INFO - DAG(s) 'example_task_group_decorator' retrieved from /home/user/rubix/internship_project/.venv/lib/python3.10/site-packages/airflow/example_dags/example_task_group_decorator.py
[2024-06-24T14:25:03.291+0300] {logging_mixin.py:188} INFO - [2024-06-24T14:25:03.291+0300] {dag.py:3096} INFO - Sync 1 DAGs
[2024-06-24T14:25:03.307+0300] {logging_mixin.py:188} INFO - [2024-06-24T14:25:03.307+0300] {dag.py:3954} INFO - Setting next_dagrun for example_task_group_decorator to 2024-06-23 00:00:00+00:00, run_after=2024-06-24 00:00:00+00:00
[2024-06-24T14:25:03.336+0300] {processor.py:183} INFO - Processing /home/user/rubix/internship_project/.venv/lib/python3.10/site-packages/airflow/example_dags/example_task_group_decorator.py took 0.094 seconds
[2024-06-24T14:25:44.426+0300] {processor.py:161} INFO - Started process (PID=29602) to work on /home/user/rubix/internship_project/.venv/lib/python3.10/site-packages/airflow/example_dags/example_task_group_decorator.py
[2024-06-24T14:25:44.427+0300] {processor.py:830} INFO - Processing file /home/user/rubix/internship_project/.venv/lib/python3.10/site-packages/airflow/example_dags/example_task_group_decorator.py for tasks to queue
[2024-06-24T14:25:44.429+0300] {logging_mixin.py:188} INFO - [2024-06-24T14:25:44.429+0300] {dagbag.py:545} INFO - Filling up the DagBag from /home/user/rubix/internship_project/.venv/lib/python3.10/site-packages/airflow/example_dags/example_task_group_decorator.py
[2024-06-24T14:25:44.443+0300] {processor.py:840} INFO - DAG(s) 'example_task_group_decorator' retrieved from /home/user/rubix/internship_project/.venv/lib/python3.10/site-packages/airflow/example_dags/example_task_group_decorator.py
[2024-06-24T14:25:44.464+0300] {logging_mixin.py:188} INFO - [2024-06-24T14:25:44.464+0300] {dag.py:3096} INFO - Sync 1 DAGs
[2024-06-24T14:25:44.480+0300] {logging_mixin.py:188} INFO - [2024-06-24T14:25:44.480+0300] {dag.py:3954} INFO - Setting next_dagrun for example_task_group_decorator to 2024-06-23 00:00:00+00:00, run_after=2024-06-24 00:00:00+00:00
[2024-06-24T14:25:44.508+0300] {processor.py:183} INFO - Processing /home/user/rubix/internship_project/.venv/lib/python3.10/site-packages/airflow/example_dags/example_task_group_decorator.py took 0.090 seconds
[2024-06-24T14:26:24.376+0300] {processor.py:161} INFO - Started process (PID=29769) to work on /home/user/rubix/internship_project/.venv/lib/python3.10/site-packages/airflow/example_dags/example_task_group_decorator.py
[2024-06-24T14:26:24.377+0300] {processor.py:830} INFO - Processing file /home/user/rubix/internship_project/.venv/lib/python3.10/site-packages/airflow/example_dags/example_task_group_decorator.py for tasks to queue
[2024-06-24T14:26:24.380+0300] {logging_mixin.py:188} INFO - [2024-06-24T14:26:24.379+0300] {dagbag.py:545} INFO - Filling up the DagBag from /home/user/rubix/internship_project/.venv/lib/python3.10/site-packages/airflow/example_dags/example_task_group_decorator.py
[2024-06-24T14:26:24.392+0300] {processor.py:840} INFO - DAG(s) 'example_task_group_decorator' retrieved from /home/user/rubix/internship_project/.venv/lib/python3.10/site-packages/airflow/example_dags/example_task_group_decorator.py
[2024-06-24T14:26:24.411+0300] {logging_mixin.py:188} INFO - [2024-06-24T14:26:24.411+0300] {dag.py:3096} INFO - Sync 1 DAGs
[2024-06-24T14:26:24.426+0300] {logging_mixin.py:188} INFO - [2024-06-24T14:26:24.426+0300] {dag.py:3954} INFO - Setting next_dagrun for example_task_group_decorator to 2024-06-23 00:00:00+00:00, run_after=2024-06-24 00:00:00+00:00
[2024-06-24T14:26:24.456+0300] {processor.py:183} INFO - Processing /home/user/rubix/internship_project/.venv/lib/python3.10/site-packages/airflow/example_dags/example_task_group_decorator.py took 0.087 seconds
[2024-06-24T14:27:07.545+0300] {processor.py:161} INFO - Started process (PID=30133) to work on /home/user/rubix/internship_project/.venv/lib/python3.10/site-packages/airflow/example_dags/example_task_group_decorator.py
[2024-06-24T14:27:07.546+0300] {processor.py:830} INFO - Processing file /home/user/rubix/internship_project/.venv/lib/python3.10/site-packages/airflow/example_dags/example_task_group_decorator.py for tasks to queue
[2024-06-24T14:27:07.548+0300] {logging_mixin.py:188} INFO - [2024-06-24T14:27:07.548+0300] {dagbag.py:545} INFO - Filling up the DagBag from /home/user/rubix/internship_project/.venv/lib/python3.10/site-packages/airflow/example_dags/example_task_group_decorator.py
[2024-06-24T14:27:07.561+0300] {processor.py:840} INFO - DAG(s) 'example_task_group_decorator' retrieved from /home/user/rubix/internship_project/.venv/lib/python3.10/site-packages/airflow/example_dags/example_task_group_decorator.py
[2024-06-24T14:27:07.581+0300] {logging_mixin.py:188} INFO - [2024-06-24T14:27:07.581+0300] {dag.py:3096} INFO - Sync 1 DAGs
[2024-06-24T14:27:07.598+0300] {logging_mixin.py:188} INFO - [2024-06-24T14:27:07.598+0300] {dag.py:3954} INFO - Setting next_dagrun for example_task_group_decorator to 2024-06-23 00:00:00+00:00, run_after=2024-06-24 00:00:00+00:00
[2024-06-24T14:27:07.638+0300] {processor.py:183} INFO - Processing /home/user/rubix/internship_project/.venv/lib/python3.10/site-packages/airflow/example_dags/example_task_group_decorator.py took 0.102 seconds
[2024-06-24T14:27:52.571+0300] {processor.py:161} INFO - Started process (PID=30550) to work on /home/user/rubix/internship_project/.venv/lib/python3.10/site-packages/airflow/example_dags/example_task_group_decorator.py
[2024-06-24T14:27:52.573+0300] {processor.py:830} INFO - Processing file /home/user/rubix/internship_project/.venv/lib/python3.10/site-packages/airflow/example_dags/example_task_group_decorator.py for tasks to queue
[2024-06-24T14:27:52.575+0300] {logging_mixin.py:188} INFO - [2024-06-24T14:27:52.574+0300] {dagbag.py:545} INFO - Filling up the DagBag from /home/user/rubix/internship_project/.venv/lib/python3.10/site-packages/airflow/example_dags/example_task_group_decorator.py
[2024-06-24T14:27:52.590+0300] {processor.py:840} INFO - DAG(s) 'example_task_group_decorator' retrieved from /home/user/rubix/internship_project/.venv/lib/python3.10/site-packages/airflow/example_dags/example_task_group_decorator.py
[2024-06-24T14:27:52.613+0300] {logging_mixin.py:188} INFO - [2024-06-24T14:27:52.613+0300] {dag.py:3096} INFO - Sync 1 DAGs
[2024-06-24T14:27:52.630+0300] {logging_mixin.py:188} INFO - [2024-06-24T14:27:52.629+0300] {dag.py:3954} INFO - Setting next_dagrun for example_task_group_decorator to 2024-06-23 00:00:00+00:00, run_after=2024-06-24 00:00:00+00:00
[2024-06-24T14:27:52.659+0300] {processor.py:183} INFO - Processing /home/user/rubix/internship_project/.venv/lib/python3.10/site-packages/airflow/example_dags/example_task_group_decorator.py took 0.097 seconds
[2024-06-24T14:28:34.137+0300] {processor.py:161} INFO - Started process (PID=30743) to work on /home/user/rubix/internship_project/.venv/lib/python3.10/site-packages/airflow/example_dags/example_task_group_decorator.py
[2024-06-24T14:28:34.138+0300] {processor.py:830} INFO - Processing file /home/user/rubix/internship_project/.venv/lib/python3.10/site-packages/airflow/example_dags/example_task_group_decorator.py for tasks to queue
[2024-06-24T14:28:34.140+0300] {logging_mixin.py:188} INFO - [2024-06-24T14:28:34.140+0300] {dagbag.py:545} INFO - Filling up the DagBag from /home/user/rubix/internship_project/.venv/lib/python3.10/site-packages/airflow/example_dags/example_task_group_decorator.py
[2024-06-24T14:28:34.154+0300] {processor.py:840} INFO - DAG(s) 'example_task_group_decorator' retrieved from /home/user/rubix/internship_project/.venv/lib/python3.10/site-packages/airflow/example_dags/example_task_group_decorator.py
[2024-06-24T14:28:34.175+0300] {logging_mixin.py:188} INFO - [2024-06-24T14:28:34.175+0300] {dag.py:3096} INFO - Sync 1 DAGs
[2024-06-24T14:28:34.191+0300] {logging_mixin.py:188} INFO - [2024-06-24T14:28:34.191+0300] {dag.py:3954} INFO - Setting next_dagrun for example_task_group_decorator to 2024-06-23 00:00:00+00:00, run_after=2024-06-24 00:00:00+00:00
[2024-06-24T14:28:34.220+0300] {processor.py:183} INFO - Processing /home/user/rubix/internship_project/.venv/lib/python3.10/site-packages/airflow/example_dags/example_task_group_decorator.py took 0.091 seconds
[2024-06-24T14:29:22.004+0300] {processor.py:161} INFO - Started process (PID=31147) to work on /home/user/rubix/internship_project/.venv/lib/python3.10/site-packages/airflow/example_dags/example_task_group_decorator.py
[2024-06-24T14:29:22.005+0300] {processor.py:830} INFO - Processing file /home/user/rubix/internship_project/.venv/lib/python3.10/site-packages/airflow/example_dags/example_task_group_decorator.py for tasks to queue
[2024-06-24T14:29:22.010+0300] {logging_mixin.py:188} INFO - [2024-06-24T14:29:22.009+0300] {dagbag.py:545} INFO - Filling up the DagBag from /home/user/rubix/internship_project/.venv/lib/python3.10/site-packages/airflow/example_dags/example_task_group_decorator.py
[2024-06-24T14:29:22.030+0300] {processor.py:840} INFO - DAG(s) 'example_task_group_decorator' retrieved from /home/user/rubix/internship_project/.venv/lib/python3.10/site-packages/airflow/example_dags/example_task_group_decorator.py
[2024-06-24T14:29:22.061+0300] {logging_mixin.py:188} INFO - [2024-06-24T14:29:22.060+0300] {dag.py:3096} INFO - Sync 1 DAGs
[2024-06-24T14:29:22.080+0300] {logging_mixin.py:188} INFO - [2024-06-24T14:29:22.079+0300] {dag.py:3954} INFO - Setting next_dagrun for example_task_group_decorator to 2024-06-23 00:00:00+00:00, run_after=2024-06-24 00:00:00+00:00
[2024-06-24T14:29:22.110+0300] {processor.py:183} INFO - Processing /home/user/rubix/internship_project/.venv/lib/python3.10/site-packages/airflow/example_dags/example_task_group_decorator.py took 0.116 seconds
[2024-06-24T14:30:11.122+0300] {processor.py:161} INFO - Started process (PID=31430) to work on /home/user/rubix/internship_project/.venv/lib/python3.10/site-packages/airflow/example_dags/example_task_group_decorator.py
[2024-06-24T14:30:11.125+0300] {processor.py:830} INFO - Processing file /home/user/rubix/internship_project/.venv/lib/python3.10/site-packages/airflow/example_dags/example_task_group_decorator.py for tasks to queue
[2024-06-24T14:30:11.127+0300] {logging_mixin.py:188} INFO - [2024-06-24T14:30:11.127+0300] {dagbag.py:545} INFO - Filling up the DagBag from /home/user/rubix/internship_project/.venv/lib/python3.10/site-packages/airflow/example_dags/example_task_group_decorator.py
[2024-06-24T14:30:11.148+0300] {processor.py:840} INFO - DAG(s) 'example_task_group_decorator' retrieved from /home/user/rubix/internship_project/.venv/lib/python3.10/site-packages/airflow/example_dags/example_task_group_decorator.py
[2024-06-24T14:30:11.171+0300] {logging_mixin.py:188} INFO - [2024-06-24T14:30:11.171+0300] {dag.py:3096} INFO - Sync 1 DAGs
[2024-06-24T14:30:11.190+0300] {logging_mixin.py:188} INFO - [2024-06-24T14:30:11.188+0300] {dag.py:3954} INFO - Setting next_dagrun for example_task_group_decorator to 2024-06-23 00:00:00+00:00, run_after=2024-06-24 00:00:00+00:00
[2024-06-24T14:30:11.219+0300] {processor.py:183} INFO - Processing /home/user/rubix/internship_project/.venv/lib/python3.10/site-packages/airflow/example_dags/example_task_group_decorator.py took 0.106 seconds
[2024-06-24T14:30:57.914+0300] {processor.py:161} INFO - Started process (PID=31527) to work on /home/user/rubix/internship_project/.venv/lib/python3.10/site-packages/airflow/example_dags/example_task_group_decorator.py
[2024-06-24T14:30:57.915+0300] {processor.py:830} INFO - Processing file /home/user/rubix/internship_project/.venv/lib/python3.10/site-packages/airflow/example_dags/example_task_group_decorator.py for tasks to queue
[2024-06-24T14:30:57.917+0300] {logging_mixin.py:188} INFO - [2024-06-24T14:30:57.917+0300] {dagbag.py:545} INFO - Filling up the DagBag from /home/user/rubix/internship_project/.venv/lib/python3.10/site-packages/airflow/example_dags/example_task_group_decorator.py
[2024-06-24T14:30:57.930+0300] {processor.py:840} INFO - DAG(s) 'example_task_group_decorator' retrieved from /home/user/rubix/internship_project/.venv/lib/python3.10/site-packages/airflow/example_dags/example_task_group_decorator.py
[2024-06-24T14:30:57.948+0300] {logging_mixin.py:188} INFO - [2024-06-24T14:30:57.948+0300] {dag.py:3096} INFO - Sync 1 DAGs
[2024-06-24T14:30:57.963+0300] {logging_mixin.py:188} INFO - [2024-06-24T14:30:57.962+0300] {dag.py:3954} INFO - Setting next_dagrun for example_task_group_decorator to 2024-06-23 00:00:00+00:00, run_after=2024-06-24 00:00:00+00:00
[2024-06-24T14:30:57.994+0300] {processor.py:183} INFO - Processing /home/user/rubix/internship_project/.venv/lib/python3.10/site-packages/airflow/example_dags/example_task_group_decorator.py took 0.088 seconds
[2024-06-24T14:31:45.277+0300] {processor.py:161} INFO - Started process (PID=31925) to work on /home/user/rubix/internship_project/.venv/lib/python3.10/site-packages/airflow/example_dags/example_task_group_decorator.py
[2024-06-24T14:31:45.278+0300] {processor.py:830} INFO - Processing file /home/user/rubix/internship_project/.venv/lib/python3.10/site-packages/airflow/example_dags/example_task_group_decorator.py for tasks to queue
[2024-06-24T14:31:45.280+0300] {logging_mixin.py:188} INFO - [2024-06-24T14:31:45.280+0300] {dagbag.py:545} INFO - Filling up the DagBag from /home/user/rubix/internship_project/.venv/lib/python3.10/site-packages/airflow/example_dags/example_task_group_decorator.py
[2024-06-24T14:31:45.293+0300] {processor.py:840} INFO - DAG(s) 'example_task_group_decorator' retrieved from /home/user/rubix/internship_project/.venv/lib/python3.10/site-packages/airflow/example_dags/example_task_group_decorator.py
[2024-06-24T14:31:45.312+0300] {logging_mixin.py:188} INFO - [2024-06-24T14:31:45.312+0300] {dag.py:3096} INFO - Sync 1 DAGs
[2024-06-24T14:31:45.327+0300] {logging_mixin.py:188} INFO - [2024-06-24T14:31:45.327+0300] {dag.py:3954} INFO - Setting next_dagrun for example_task_group_decorator to 2024-06-23 00:00:00+00:00, run_after=2024-06-24 00:00:00+00:00
[2024-06-24T14:31:45.357+0300] {processor.py:183} INFO - Processing /home/user/rubix/internship_project/.venv/lib/python3.10/site-packages/airflow/example_dags/example_task_group_decorator.py took 0.087 seconds
[2024-06-24T14:32:29.770+0300] {processor.py:161} INFO - Started process (PID=32078) to work on /home/user/rubix/internship_project/.venv/lib/python3.10/site-packages/airflow/example_dags/example_task_group_decorator.py
[2024-06-24T14:32:29.771+0300] {processor.py:830} INFO - Processing file /home/user/rubix/internship_project/.venv/lib/python3.10/site-packages/airflow/example_dags/example_task_group_decorator.py for tasks to queue
[2024-06-24T14:32:29.773+0300] {logging_mixin.py:188} INFO - [2024-06-24T14:32:29.772+0300] {dagbag.py:545} INFO - Filling up the DagBag from /home/user/rubix/internship_project/.venv/lib/python3.10/site-packages/airflow/example_dags/example_task_group_decorator.py
[2024-06-24T14:32:29.786+0300] {processor.py:840} INFO - DAG(s) 'example_task_group_decorator' retrieved from /home/user/rubix/internship_project/.venv/lib/python3.10/site-packages/airflow/example_dags/example_task_group_decorator.py
[2024-06-24T14:32:29.805+0300] {logging_mixin.py:188} INFO - [2024-06-24T14:32:29.805+0300] {dag.py:3096} INFO - Sync 1 DAGs
[2024-06-24T14:32:29.820+0300] {logging_mixin.py:188} INFO - [2024-06-24T14:32:29.820+0300] {dag.py:3954} INFO - Setting next_dagrun for example_task_group_decorator to 2024-06-23 00:00:00+00:00, run_after=2024-06-24 00:00:00+00:00
[2024-06-24T14:32:29.849+0300] {processor.py:183} INFO - Processing /home/user/rubix/internship_project/.venv/lib/python3.10/site-packages/airflow/example_dags/example_task_group_decorator.py took 0.087 seconds
