[2024-06-24T14:02:59.522+0300] {processor.py:161} INFO - Started process (PID=22559) to work on /home/user/rubix/internship_project/.venv/lib/python3.10/site-packages/airflow/example_dags/example_task_group.py
[2024-06-24T14:02:59.523+0300] {processor.py:830} INFO - Processing file /home/user/rubix/internship_project/.venv/lib/python3.10/site-packages/airflow/example_dags/example_task_group.py for tasks to queue
[2024-06-24T14:02:59.525+0300] {logging_mixin.py:188} INFO - [2024-06-24T14:02:59.524+0300] {dagbag.py:545} INFO - Filling up the DagBag from /home/user/rubix/internship_project/.venv/lib/python3.10/site-packages/airflow/example_dags/example_task_group.py
[2024-06-24T14:02:59.549+0300] {processor.py:840} INFO - DAG(s) 'example_task_group' retrieved from /home/user/rubix/internship_project/.venv/lib/python3.10/site-packages/airflow/example_dags/example_task_group.py
[2024-06-24T14:02:59.561+0300] {logging_mixin.py:188} INFO - [2024-06-24T14:02:59.561+0300] {dag.py:3096} INFO - Sync 1 DAGs
[2024-06-24T14:02:59.585+0300] {logging_mixin.py:188} INFO - [2024-06-24T14:02:59.585+0300] {dag.py:3954} INFO - Setting next_dagrun for example_task_group to 2024-06-23 00:00:00+00:00, run_after=2024-06-24 00:00:00+00:00
[2024-06-24T14:02:59.617+0300] {processor.py:183} INFO - Processing /home/user/rubix/internship_project/.venv/lib/python3.10/site-packages/airflow/example_dags/example_task_group.py took 0.103 seconds
[2024-06-24T14:04:12.286+0300] {processor.py:161} INFO - Started process (PID=23143) to work on /home/user/rubix/internship_project/.venv/lib/python3.10/site-packages/airflow/example_dags/example_task_group.py
[2024-06-24T14:04:12.287+0300] {processor.py:830} INFO - Processing file /home/user/rubix/internship_project/.venv/lib/python3.10/site-packages/airflow/example_dags/example_task_group.py for tasks to queue
[2024-06-24T14:04:12.290+0300] {logging_mixin.py:188} INFO - [2024-06-24T14:04:12.289+0300] {dagbag.py:545} INFO - Filling up the DagBag from /home/user/rubix/internship_project/.venv/lib/python3.10/site-packages/airflow/example_dags/example_task_group.py
[2024-06-24T14:04:12.302+0300] {processor.py:840} INFO - DAG(s) 'example_task_group' retrieved from /home/user/rubix/internship_project/.venv/lib/python3.10/site-packages/airflow/example_dags/example_task_group.py
[2024-06-24T14:04:12.314+0300] {logging_mixin.py:188} INFO - [2024-06-24T14:04:12.313+0300] {dag.py:3096} INFO - Sync 1 DAGs
[2024-06-24T14:04:12.333+0300] {logging_mixin.py:188} INFO - [2024-06-24T14:04:12.333+0300] {dag.py:3954} INFO - Setting next_dagrun for example_task_group to 2024-06-23 00:00:00+00:00, run_after=2024-06-24 00:00:00+00:00
[2024-06-24T14:04:12.361+0300] {processor.py:183} INFO - Processing /home/user/rubix/internship_project/.venv/lib/python3.10/site-packages/airflow/example_dags/example_task_group.py took 0.084 seconds
[2024-06-24T14:05:11.461+0300] {processor.py:161} INFO - Started process (PID=23592) to work on /home/user/rubix/internship_project/.venv/lib/python3.10/site-packages/airflow/example_dags/example_task_group.py
[2024-06-24T14:05:11.462+0300] {processor.py:830} INFO - Processing file /home/user/rubix/internship_project/.venv/lib/python3.10/site-packages/airflow/example_dags/example_task_group.py for tasks to queue
[2024-06-24T14:05:11.464+0300] {logging_mixin.py:188} INFO - [2024-06-24T14:05:11.464+0300] {dagbag.py:545} INFO - Filling up the DagBag from /home/user/rubix/internship_project/.venv/lib/python3.10/site-packages/airflow/example_dags/example_task_group.py
[2024-06-24T14:05:11.492+0300] {processor.py:840} INFO - DAG(s) 'example_task_group' retrieved from /home/user/rubix/internship_project/.venv/lib/python3.10/site-packages/airflow/example_dags/example_task_group.py
[2024-06-24T14:05:11.685+0300] {logging_mixin.py:188} INFO - [2024-06-24T14:05:11.685+0300] {dag.py:3096} INFO - Sync 1 DAGs
[2024-06-24T14:05:11.695+0300] {logging_mixin.py:188} INFO - [2024-06-24T14:05:11.695+0300] {dag.py:3954} INFO - Setting next_dagrun for example_task_group to 2024-06-23 00:00:00+00:00, run_after=2024-06-24 00:00:00+00:00
[2024-06-24T14:05:11.713+0300] {processor.py:183} INFO - Processing /home/user/rubix/internship_project/.venv/lib/python3.10/site-packages/airflow/example_dags/example_task_group.py took 0.260 seconds
[2024-06-24T14:06:12.313+0300] {processor.py:161} INFO - Started process (PID=24084) to work on /home/user/rubix/internship_project/.venv/lib/python3.10/site-packages/airflow/example_dags/example_task_group.py
[2024-06-24T14:06:12.314+0300] {processor.py:830} INFO - Processing file /home/user/rubix/internship_project/.venv/lib/python3.10/site-packages/airflow/example_dags/example_task_group.py for tasks to queue
[2024-06-24T14:06:12.316+0300] {logging_mixin.py:188} INFO - [2024-06-24T14:06:12.316+0300] {dagbag.py:545} INFO - Filling up the DagBag from /home/user/rubix/internship_project/.venv/lib/python3.10/site-packages/airflow/example_dags/example_task_group.py
[2024-06-24T14:06:12.324+0300] {processor.py:840} INFO - DAG(s) 'example_task_group' retrieved from /home/user/rubix/internship_project/.venv/lib/python3.10/site-packages/airflow/example_dags/example_task_group.py
[2024-06-24T14:06:12.340+0300] {logging_mixin.py:188} INFO - [2024-06-24T14:06:12.340+0300] {dag.py:3096} INFO - Sync 1 DAGs
[2024-06-24T14:06:12.355+0300] {logging_mixin.py:188} INFO - [2024-06-24T14:06:12.355+0300] {dag.py:3954} INFO - Setting next_dagrun for example_task_group to 2024-06-23 00:00:00+00:00, run_after=2024-06-24 00:00:00+00:00
[2024-06-24T14:06:12.470+0300] {processor.py:183} INFO - Processing /home/user/rubix/internship_project/.venv/lib/python3.10/site-packages/airflow/example_dags/example_task_group.py took 0.164 seconds
[2024-06-24T14:07:08.202+0300] {processor.py:161} INFO - Started process (PID=24256) to work on /home/user/rubix/internship_project/.venv/lib/python3.10/site-packages/airflow/example_dags/example_task_group.py
[2024-06-24T14:07:08.203+0300] {processor.py:830} INFO - Processing file /home/user/rubix/internship_project/.venv/lib/python3.10/site-packages/airflow/example_dags/example_task_group.py for tasks to queue
[2024-06-24T14:07:08.205+0300] {logging_mixin.py:188} INFO - [2024-06-24T14:07:08.205+0300] {dagbag.py:545} INFO - Filling up the DagBag from /home/user/rubix/internship_project/.venv/lib/python3.10/site-packages/airflow/example_dags/example_task_group.py
[2024-06-24T14:07:08.214+0300] {processor.py:840} INFO - DAG(s) 'example_task_group' retrieved from /home/user/rubix/internship_project/.venv/lib/python3.10/site-packages/airflow/example_dags/example_task_group.py
[2024-06-24T14:07:08.233+0300] {logging_mixin.py:188} INFO - [2024-06-24T14:07:08.233+0300] {dag.py:3096} INFO - Sync 1 DAGs
[2024-06-24T14:07:08.259+0300] {logging_mixin.py:188} INFO - [2024-06-24T14:07:08.258+0300] {dag.py:3954} INFO - Setting next_dagrun for example_task_group to 2024-06-23 00:00:00+00:00, run_after=2024-06-24 00:00:00+00:00
[2024-06-24T14:07:08.299+0300] {processor.py:183} INFO - Processing /home/user/rubix/internship_project/.venv/lib/python3.10/site-packages/airflow/example_dags/example_task_group.py took 0.104 seconds
[2024-06-24T14:07:54.769+0300] {processor.py:161} INFO - Started process (PID=24509) to work on /home/user/rubix/internship_project/.venv/lib/python3.10/site-packages/airflow/example_dags/example_task_group.py
[2024-06-24T14:07:54.770+0300] {processor.py:830} INFO - Processing file /home/user/rubix/internship_project/.venv/lib/python3.10/site-packages/airflow/example_dags/example_task_group.py for tasks to queue
[2024-06-24T14:07:54.772+0300] {logging_mixin.py:188} INFO - [2024-06-24T14:07:54.772+0300] {dagbag.py:545} INFO - Filling up the DagBag from /home/user/rubix/internship_project/.venv/lib/python3.10/site-packages/airflow/example_dags/example_task_group.py
[2024-06-24T14:07:54.780+0300] {processor.py:840} INFO - DAG(s) 'example_task_group' retrieved from /home/user/rubix/internship_project/.venv/lib/python3.10/site-packages/airflow/example_dags/example_task_group.py
[2024-06-24T14:07:54.797+0300] {logging_mixin.py:188} INFO - [2024-06-24T14:07:54.796+0300] {dag.py:3096} INFO - Sync 1 DAGs
[2024-06-24T14:07:54.812+0300] {logging_mixin.py:188} INFO - [2024-06-24T14:07:54.811+0300] {dag.py:3954} INFO - Setting next_dagrun for example_task_group to 2024-06-23 00:00:00+00:00, run_after=2024-06-24 00:00:00+00:00
[2024-06-24T14:07:54.842+0300] {processor.py:183} INFO - Processing /home/user/rubix/internship_project/.venv/lib/python3.10/site-packages/airflow/example_dags/example_task_group.py took 0.081 seconds
[2024-06-24T14:08:42.144+0300] {processor.py:161} INFO - Started process (PID=24785) to work on /home/user/rubix/internship_project/.venv/lib/python3.10/site-packages/airflow/example_dags/example_task_group.py
[2024-06-24T14:08:42.146+0300] {processor.py:830} INFO - Processing file /home/user/rubix/internship_project/.venv/lib/python3.10/site-packages/airflow/example_dags/example_task_group.py for tasks to queue
[2024-06-24T14:08:42.150+0300] {logging_mixin.py:188} INFO - [2024-06-24T14:08:42.149+0300] {dagbag.py:545} INFO - Filling up the DagBag from /home/user/rubix/internship_project/.venv/lib/python3.10/site-packages/airflow/example_dags/example_task_group.py
[2024-06-24T14:08:42.161+0300] {processor.py:840} INFO - DAG(s) 'example_task_group' retrieved from /home/user/rubix/internship_project/.venv/lib/python3.10/site-packages/airflow/example_dags/example_task_group.py
[2024-06-24T14:08:42.187+0300] {logging_mixin.py:188} INFO - [2024-06-24T14:08:42.187+0300] {dag.py:3096} INFO - Sync 1 DAGs
[2024-06-24T14:08:42.211+0300] {logging_mixin.py:188} INFO - [2024-06-24T14:08:42.210+0300] {dag.py:3954} INFO - Setting next_dagrun for example_task_group to 2024-06-23 00:00:00+00:00, run_after=2024-06-24 00:00:00+00:00
[2024-06-24T14:08:42.249+0300] {processor.py:183} INFO - Processing /home/user/rubix/internship_project/.venv/lib/python3.10/site-packages/airflow/example_dags/example_task_group.py took 0.118 seconds
[2024-06-24T14:09:35.242+0300] {processor.py:161} INFO - Started process (PID=25132) to work on /home/user/rubix/internship_project/.venv/lib/python3.10/site-packages/airflow/example_dags/example_task_group.py
[2024-06-24T14:09:35.243+0300] {processor.py:830} INFO - Processing file /home/user/rubix/internship_project/.venv/lib/python3.10/site-packages/airflow/example_dags/example_task_group.py for tasks to queue
[2024-06-24T14:09:35.245+0300] {logging_mixin.py:188} INFO - [2024-06-24T14:09:35.244+0300] {dagbag.py:545} INFO - Filling up the DagBag from /home/user/rubix/internship_project/.venv/lib/python3.10/site-packages/airflow/example_dags/example_task_group.py
[2024-06-24T14:09:35.253+0300] {processor.py:840} INFO - DAG(s) 'example_task_group' retrieved from /home/user/rubix/internship_project/.venv/lib/python3.10/site-packages/airflow/example_dags/example_task_group.py
[2024-06-24T14:09:35.271+0300] {logging_mixin.py:188} INFO - [2024-06-24T14:09:35.271+0300] {dag.py:3096} INFO - Sync 1 DAGs
[2024-06-24T14:09:35.287+0300] {logging_mixin.py:188} INFO - [2024-06-24T14:09:35.287+0300] {dag.py:3954} INFO - Setting next_dagrun for example_task_group to 2024-06-23 00:00:00+00:00, run_after=2024-06-24 00:00:00+00:00
[2024-06-24T14:09:35.322+0300] {processor.py:183} INFO - Processing /home/user/rubix/internship_project/.venv/lib/python3.10/site-packages/airflow/example_dags/example_task_group.py took 0.089 seconds
[2024-06-24T14:10:21.210+0300] {processor.py:161} INFO - Started process (PID=25435) to work on /home/user/rubix/internship_project/.venv/lib/python3.10/site-packages/airflow/example_dags/example_task_group.py
[2024-06-24T14:10:21.211+0300] {processor.py:830} INFO - Processing file /home/user/rubix/internship_project/.venv/lib/python3.10/site-packages/airflow/example_dags/example_task_group.py for tasks to queue
[2024-06-24T14:10:21.214+0300] {logging_mixin.py:188} INFO - [2024-06-24T14:10:21.213+0300] {dagbag.py:545} INFO - Filling up the DagBag from /home/user/rubix/internship_project/.venv/lib/python3.10/site-packages/airflow/example_dags/example_task_group.py
[2024-06-24T14:10:21.226+0300] {processor.py:840} INFO - DAG(s) 'example_task_group' retrieved from /home/user/rubix/internship_project/.venv/lib/python3.10/site-packages/airflow/example_dags/example_task_group.py
[2024-06-24T14:10:21.249+0300] {logging_mixin.py:188} INFO - [2024-06-24T14:10:21.249+0300] {dag.py:3096} INFO - Sync 1 DAGs
[2024-06-24T14:10:21.269+0300] {logging_mixin.py:188} INFO - [2024-06-24T14:10:21.269+0300] {dag.py:3954} INFO - Setting next_dagrun for example_task_group to 2024-06-23 00:00:00+00:00, run_after=2024-06-24 00:00:00+00:00
[2024-06-24T14:10:21.306+0300] {processor.py:183} INFO - Processing /home/user/rubix/internship_project/.venv/lib/python3.10/site-packages/airflow/example_dags/example_task_group.py took 0.106 seconds
[2024-06-24T14:11:06.024+0300] {processor.py:161} INFO - Started process (PID=25764) to work on /home/user/rubix/internship_project/.venv/lib/python3.10/site-packages/airflow/example_dags/example_task_group.py
[2024-06-24T14:11:06.026+0300] {processor.py:830} INFO - Processing file /home/user/rubix/internship_project/.venv/lib/python3.10/site-packages/airflow/example_dags/example_task_group.py for tasks to queue
[2024-06-24T14:11:06.028+0300] {logging_mixin.py:188} INFO - [2024-06-24T14:11:06.028+0300] {dagbag.py:545} INFO - Filling up the DagBag from /home/user/rubix/internship_project/.venv/lib/python3.10/site-packages/airflow/example_dags/example_task_group.py
[2024-06-24T14:11:06.037+0300] {processor.py:840} INFO - DAG(s) 'example_task_group' retrieved from /home/user/rubix/internship_project/.venv/lib/python3.10/site-packages/airflow/example_dags/example_task_group.py
[2024-06-24T14:11:06.058+0300] {logging_mixin.py:188} INFO - [2024-06-24T14:11:06.058+0300] {dag.py:3096} INFO - Sync 1 DAGs
[2024-06-24T14:11:06.076+0300] {logging_mixin.py:188} INFO - [2024-06-24T14:11:06.076+0300] {dag.py:3954} INFO - Setting next_dagrun for example_task_group to 2024-06-23 00:00:00+00:00, run_after=2024-06-24 00:00:00+00:00
[2024-06-24T14:11:06.107+0300] {processor.py:183} INFO - Processing /home/user/rubix/internship_project/.venv/lib/python3.10/site-packages/airflow/example_dags/example_task_group.py took 0.093 seconds
[2024-06-24T14:11:51.292+0300] {processor.py:161} INFO - Started process (PID=25986) to work on /home/user/rubix/internship_project/.venv/lib/python3.10/site-packages/airflow/example_dags/example_task_group.py
[2024-06-24T14:11:51.293+0300] {processor.py:830} INFO - Processing file /home/user/rubix/internship_project/.venv/lib/python3.10/site-packages/airflow/example_dags/example_task_group.py for tasks to queue
[2024-06-24T14:11:51.295+0300] {logging_mixin.py:188} INFO - [2024-06-24T14:11:51.294+0300] {dagbag.py:545} INFO - Filling up the DagBag from /home/user/rubix/internship_project/.venv/lib/python3.10/site-packages/airflow/example_dags/example_task_group.py
[2024-06-24T14:11:51.303+0300] {processor.py:840} INFO - DAG(s) 'example_task_group' retrieved from /home/user/rubix/internship_project/.venv/lib/python3.10/site-packages/airflow/example_dags/example_task_group.py
[2024-06-24T14:11:51.321+0300] {logging_mixin.py:188} INFO - [2024-06-24T14:11:51.321+0300] {dag.py:3096} INFO - Sync 1 DAGs
[2024-06-24T14:11:51.338+0300] {logging_mixin.py:188} INFO - [2024-06-24T14:11:51.337+0300] {dag.py:3954} INFO - Setting next_dagrun for example_task_group to 2024-06-23 00:00:00+00:00, run_after=2024-06-24 00:00:00+00:00
[2024-06-24T14:11:51.369+0300] {processor.py:183} INFO - Processing /home/user/rubix/internship_project/.venv/lib/python3.10/site-packages/airflow/example_dags/example_task_group.py took 0.085 seconds
[2024-06-24T14:12:32.755+0300] {processor.py:161} INFO - Started process (PID=26138) to work on /home/user/rubix/internship_project/.venv/lib/python3.10/site-packages/airflow/example_dags/example_task_group.py
[2024-06-24T14:12:32.756+0300] {processor.py:830} INFO - Processing file /home/user/rubix/internship_project/.venv/lib/python3.10/site-packages/airflow/example_dags/example_task_group.py for tasks to queue
[2024-06-24T14:12:32.758+0300] {logging_mixin.py:188} INFO - [2024-06-24T14:12:32.758+0300] {dagbag.py:545} INFO - Filling up the DagBag from /home/user/rubix/internship_project/.venv/lib/python3.10/site-packages/airflow/example_dags/example_task_group.py
[2024-06-24T14:12:32.777+0300] {processor.py:840} INFO - DAG(s) 'example_task_group' retrieved from /home/user/rubix/internship_project/.venv/lib/python3.10/site-packages/airflow/example_dags/example_task_group.py
[2024-06-24T14:12:32.797+0300] {logging_mixin.py:188} INFO - [2024-06-24T14:12:32.797+0300] {dag.py:3096} INFO - Sync 1 DAGs
[2024-06-24T14:12:32.815+0300] {logging_mixin.py:188} INFO - [2024-06-24T14:12:32.815+0300] {dag.py:3954} INFO - Setting next_dagrun for example_task_group to 2024-06-23 00:00:00+00:00, run_after=2024-06-24 00:00:00+00:00
[2024-06-24T14:12:32.844+0300] {processor.py:183} INFO - Processing /home/user/rubix/internship_project/.venv/lib/python3.10/site-packages/airflow/example_dags/example_task_group.py took 0.098 seconds
[2024-06-24T14:13:24.944+0300] {processor.py:161} INFO - Started process (PID=26301) to work on /home/user/rubix/internship_project/.venv/lib/python3.10/site-packages/airflow/example_dags/example_task_group.py
[2024-06-24T14:13:24.945+0300] {processor.py:830} INFO - Processing file /home/user/rubix/internship_project/.venv/lib/python3.10/site-packages/airflow/example_dags/example_task_group.py for tasks to queue
[2024-06-24T14:13:24.947+0300] {logging_mixin.py:188} INFO - [2024-06-24T14:13:24.947+0300] {dagbag.py:545} INFO - Filling up the DagBag from /home/user/rubix/internship_project/.venv/lib/python3.10/site-packages/airflow/example_dags/example_task_group.py
[2024-06-24T14:13:24.955+0300] {processor.py:840} INFO - DAG(s) 'example_task_group' retrieved from /home/user/rubix/internship_project/.venv/lib/python3.10/site-packages/airflow/example_dags/example_task_group.py
[2024-06-24T14:13:24.974+0300] {logging_mixin.py:188} INFO - [2024-06-24T14:13:24.974+0300] {dag.py:3096} INFO - Sync 1 DAGs
[2024-06-24T14:13:24.991+0300] {logging_mixin.py:188} INFO - [2024-06-24T14:13:24.990+0300] {dag.py:3954} INFO - Setting next_dagrun for example_task_group to 2024-06-23 00:00:00+00:00, run_after=2024-06-24 00:00:00+00:00
[2024-06-24T14:13:25.025+0300] {processor.py:183} INFO - Processing /home/user/rubix/internship_project/.venv/lib/python3.10/site-packages/airflow/example_dags/example_task_group.py took 0.089 seconds
[2024-06-24T14:14:15.607+0300] {processor.py:161} INFO - Started process (PID=26632) to work on /home/user/rubix/internship_project/.venv/lib/python3.10/site-packages/airflow/example_dags/example_task_group.py
[2024-06-24T14:14:15.608+0300] {processor.py:830} INFO - Processing file /home/user/rubix/internship_project/.venv/lib/python3.10/site-packages/airflow/example_dags/example_task_group.py for tasks to queue
[2024-06-24T14:14:15.610+0300] {logging_mixin.py:188} INFO - [2024-06-24T14:14:15.610+0300] {dagbag.py:545} INFO - Filling up the DagBag from /home/user/rubix/internship_project/.venv/lib/python3.10/site-packages/airflow/example_dags/example_task_group.py
[2024-06-24T14:14:15.618+0300] {processor.py:840} INFO - DAG(s) 'example_task_group' retrieved from /home/user/rubix/internship_project/.venv/lib/python3.10/site-packages/airflow/example_dags/example_task_group.py
[2024-06-24T14:14:15.635+0300] {logging_mixin.py:188} INFO - [2024-06-24T14:14:15.634+0300] {dag.py:3096} INFO - Sync 1 DAGs
[2024-06-24T14:14:15.650+0300] {logging_mixin.py:188} INFO - [2024-06-24T14:14:15.649+0300] {dag.py:3954} INFO - Setting next_dagrun for example_task_group to 2024-06-23 00:00:00+00:00, run_after=2024-06-24 00:00:00+00:00
[2024-06-24T14:14:15.680+0300] {processor.py:183} INFO - Processing /home/user/rubix/internship_project/.venv/lib/python3.10/site-packages/airflow/example_dags/example_task_group.py took 0.080 seconds
[2024-06-24T14:14:59.154+0300] {processor.py:161} INFO - Started process (PID=26798) to work on /home/user/rubix/internship_project/.venv/lib/python3.10/site-packages/airflow/example_dags/example_task_group.py
[2024-06-24T14:14:59.155+0300] {processor.py:830} INFO - Processing file /home/user/rubix/internship_project/.venv/lib/python3.10/site-packages/airflow/example_dags/example_task_group.py for tasks to queue
[2024-06-24T14:14:59.157+0300] {logging_mixin.py:188} INFO - [2024-06-24T14:14:59.156+0300] {dagbag.py:545} INFO - Filling up the DagBag from /home/user/rubix/internship_project/.venv/lib/python3.10/site-packages/airflow/example_dags/example_task_group.py
[2024-06-24T14:14:59.165+0300] {processor.py:840} INFO - DAG(s) 'example_task_group' retrieved from /home/user/rubix/internship_project/.venv/lib/python3.10/site-packages/airflow/example_dags/example_task_group.py
[2024-06-24T14:14:59.184+0300] {logging_mixin.py:188} INFO - [2024-06-24T14:14:59.184+0300] {dag.py:3096} INFO - Sync 1 DAGs
[2024-06-24T14:14:59.200+0300] {logging_mixin.py:188} INFO - [2024-06-24T14:14:59.200+0300] {dag.py:3954} INFO - Setting next_dagrun for example_task_group to 2024-06-23 00:00:00+00:00, run_after=2024-06-24 00:00:00+00:00
[2024-06-24T14:14:59.229+0300] {processor.py:183} INFO - Processing /home/user/rubix/internship_project/.venv/lib/python3.10/site-packages/airflow/example_dags/example_task_group.py took 0.083 seconds
[2024-06-24T14:15:41.314+0300] {processor.py:161} INFO - Started process (PID=26922) to work on /home/user/rubix/internship_project/.venv/lib/python3.10/site-packages/airflow/example_dags/example_task_group.py
[2024-06-24T14:15:41.315+0300] {processor.py:830} INFO - Processing file /home/user/rubix/internship_project/.venv/lib/python3.10/site-packages/airflow/example_dags/example_task_group.py for tasks to queue
[2024-06-24T14:15:41.317+0300] {logging_mixin.py:188} INFO - [2024-06-24T14:15:41.316+0300] {dagbag.py:545} INFO - Filling up the DagBag from /home/user/rubix/internship_project/.venv/lib/python3.10/site-packages/airflow/example_dags/example_task_group.py
[2024-06-24T14:15:41.325+0300] {processor.py:840} INFO - DAG(s) 'example_task_group' retrieved from /home/user/rubix/internship_project/.venv/lib/python3.10/site-packages/airflow/example_dags/example_task_group.py
[2024-06-24T14:15:41.342+0300] {logging_mixin.py:188} INFO - [2024-06-24T14:15:41.342+0300] {dag.py:3096} INFO - Sync 1 DAGs
[2024-06-24T14:15:41.357+0300] {logging_mixin.py:188} INFO - [2024-06-24T14:15:41.357+0300] {dag.py:3954} INFO - Setting next_dagrun for example_task_group to 2024-06-23 00:00:00+00:00, run_after=2024-06-24 00:00:00+00:00
[2024-06-24T14:15:41.376+0300] {processor.py:183} INFO - Processing /home/user/rubix/internship_project/.venv/lib/python3.10/site-packages/airflow/example_dags/example_task_group.py took 0.069 seconds
[2024-06-24T14:16:22.254+0300] {processor.py:161} INFO - Started process (PID=27073) to work on /home/user/rubix/internship_project/.venv/lib/python3.10/site-packages/airflow/example_dags/example_task_group.py
[2024-06-24T14:16:22.255+0300] {processor.py:830} INFO - Processing file /home/user/rubix/internship_project/.venv/lib/python3.10/site-packages/airflow/example_dags/example_task_group.py for tasks to queue
[2024-06-24T14:16:22.256+0300] {logging_mixin.py:188} INFO - [2024-06-24T14:16:22.256+0300] {dagbag.py:545} INFO - Filling up the DagBag from /home/user/rubix/internship_project/.venv/lib/python3.10/site-packages/airflow/example_dags/example_task_group.py
[2024-06-24T14:16:22.265+0300] {processor.py:840} INFO - DAG(s) 'example_task_group' retrieved from /home/user/rubix/internship_project/.venv/lib/python3.10/site-packages/airflow/example_dags/example_task_group.py
[2024-06-24T14:16:22.283+0300] {logging_mixin.py:188} INFO - [2024-06-24T14:16:22.283+0300] {dag.py:3096} INFO - Sync 1 DAGs
[2024-06-24T14:16:22.300+0300] {logging_mixin.py:188} INFO - [2024-06-24T14:16:22.299+0300] {dag.py:3954} INFO - Setting next_dagrun for example_task_group to 2024-06-23 00:00:00+00:00, run_after=2024-06-24 00:00:00+00:00
[2024-06-24T14:16:22.331+0300] {processor.py:183} INFO - Processing /home/user/rubix/internship_project/.venv/lib/python3.10/site-packages/airflow/example_dags/example_task_group.py took 0.084 seconds
[2024-06-24T14:17:02.488+0300] {processor.py:161} INFO - Started process (PID=27221) to work on /home/user/rubix/internship_project/.venv/lib/python3.10/site-packages/airflow/example_dags/example_task_group.py
[2024-06-24T14:17:02.490+0300] {processor.py:830} INFO - Processing file /home/user/rubix/internship_project/.venv/lib/python3.10/site-packages/airflow/example_dags/example_task_group.py for tasks to queue
[2024-06-24T14:17:02.491+0300] {logging_mixin.py:188} INFO - [2024-06-24T14:17:02.491+0300] {dagbag.py:545} INFO - Filling up the DagBag from /home/user/rubix/internship_project/.venv/lib/python3.10/site-packages/airflow/example_dags/example_task_group.py
[2024-06-24T14:17:02.499+0300] {processor.py:840} INFO - DAG(s) 'example_task_group' retrieved from /home/user/rubix/internship_project/.venv/lib/python3.10/site-packages/airflow/example_dags/example_task_group.py
[2024-06-24T14:17:02.517+0300] {logging_mixin.py:188} INFO - [2024-06-24T14:17:02.517+0300] {dag.py:3096} INFO - Sync 1 DAGs
[2024-06-24T14:17:02.531+0300] {logging_mixin.py:188} INFO - [2024-06-24T14:17:02.531+0300] {dag.py:3954} INFO - Setting next_dagrun for example_task_group to 2024-06-23 00:00:00+00:00, run_after=2024-06-24 00:00:00+00:00
[2024-06-24T14:17:02.560+0300] {processor.py:183} INFO - Processing /home/user/rubix/internship_project/.venv/lib/python3.10/site-packages/airflow/example_dags/example_task_group.py took 0.079 seconds
[2024-06-24T14:17:43.002+0300] {processor.py:161} INFO - Started process (PID=27308) to work on /home/user/rubix/internship_project/.venv/lib/python3.10/site-packages/airflow/example_dags/example_task_group.py
[2024-06-24T14:17:43.003+0300] {processor.py:830} INFO - Processing file /home/user/rubix/internship_project/.venv/lib/python3.10/site-packages/airflow/example_dags/example_task_group.py for tasks to queue
[2024-06-24T14:17:43.004+0300] {logging_mixin.py:188} INFO - [2024-06-24T14:17:43.004+0300] {dagbag.py:545} INFO - Filling up the DagBag from /home/user/rubix/internship_project/.venv/lib/python3.10/site-packages/airflow/example_dags/example_task_group.py
[2024-06-24T14:17:43.013+0300] {processor.py:840} INFO - DAG(s) 'example_task_group' retrieved from /home/user/rubix/internship_project/.venv/lib/python3.10/site-packages/airflow/example_dags/example_task_group.py
[2024-06-24T14:17:43.032+0300] {logging_mixin.py:188} INFO - [2024-06-24T14:17:43.032+0300] {dag.py:3096} INFO - Sync 1 DAGs
[2024-06-24T14:17:43.049+0300] {logging_mixin.py:188} INFO - [2024-06-24T14:17:43.049+0300] {dag.py:3954} INFO - Setting next_dagrun for example_task_group to 2024-06-23 00:00:00+00:00, run_after=2024-06-24 00:00:00+00:00
[2024-06-24T14:17:43.078+0300] {processor.py:183} INFO - Processing /home/user/rubix/internship_project/.venv/lib/python3.10/site-packages/airflow/example_dags/example_task_group.py took 0.084 seconds
[2024-06-24T14:18:34.338+0300] {processor.py:161} INFO - Started process (PID=27472) to work on /home/user/rubix/internship_project/.venv/lib/python3.10/site-packages/airflow/example_dags/example_task_group.py
[2024-06-24T14:18:34.339+0300] {processor.py:830} INFO - Processing file /home/user/rubix/internship_project/.venv/lib/python3.10/site-packages/airflow/example_dags/example_task_group.py for tasks to queue
[2024-06-24T14:18:34.341+0300] {logging_mixin.py:188} INFO - [2024-06-24T14:18:34.341+0300] {dagbag.py:545} INFO - Filling up the DagBag from /home/user/rubix/internship_project/.venv/lib/python3.10/site-packages/airflow/example_dags/example_task_group.py
[2024-06-24T14:18:34.367+0300] {processor.py:840} INFO - DAG(s) 'example_task_group' retrieved from /home/user/rubix/internship_project/.venv/lib/python3.10/site-packages/airflow/example_dags/example_task_group.py
[2024-06-24T14:18:34.386+0300] {logging_mixin.py:188} INFO - [2024-06-24T14:18:34.386+0300] {dag.py:3096} INFO - Sync 1 DAGs
[2024-06-24T14:18:34.404+0300] {logging_mixin.py:188} INFO - [2024-06-24T14:18:34.403+0300] {dag.py:3954} INFO - Setting next_dagrun for example_task_group to 2024-06-23 00:00:00+00:00, run_after=2024-06-24 00:00:00+00:00
[2024-06-24T14:18:34.434+0300] {processor.py:183} INFO - Processing /home/user/rubix/internship_project/.venv/lib/python3.10/site-packages/airflow/example_dags/example_task_group.py took 0.104 seconds
[2024-06-24T14:19:26.247+0300] {processor.py:161} INFO - Started process (PID=27703) to work on /home/user/rubix/internship_project/.venv/lib/python3.10/site-packages/airflow/example_dags/example_task_group.py
[2024-06-24T14:19:26.248+0300] {processor.py:830} INFO - Processing file /home/user/rubix/internship_project/.venv/lib/python3.10/site-packages/airflow/example_dags/example_task_group.py for tasks to queue
[2024-06-24T14:19:26.250+0300] {logging_mixin.py:188} INFO - [2024-06-24T14:19:26.250+0300] {dagbag.py:545} INFO - Filling up the DagBag from /home/user/rubix/internship_project/.venv/lib/python3.10/site-packages/airflow/example_dags/example_task_group.py
[2024-06-24T14:19:26.260+0300] {processor.py:840} INFO - DAG(s) 'example_task_group' retrieved from /home/user/rubix/internship_project/.venv/lib/python3.10/site-packages/airflow/example_dags/example_task_group.py
[2024-06-24T14:19:26.282+0300] {logging_mixin.py:188} INFO - [2024-06-24T14:19:26.282+0300] {dag.py:3096} INFO - Sync 1 DAGs
[2024-06-24T14:19:26.300+0300] {logging_mixin.py:188} INFO - [2024-06-24T14:19:26.300+0300] {dag.py:3954} INFO - Setting next_dagrun for example_task_group to 2024-06-23 00:00:00+00:00, run_after=2024-06-24 00:00:00+00:00
[2024-06-24T14:19:26.334+0300] {processor.py:183} INFO - Processing /home/user/rubix/internship_project/.venv/lib/python3.10/site-packages/airflow/example_dags/example_task_group.py took 0.100 seconds
[2024-06-24T14:20:07.186+0300] {processor.py:161} INFO - Started process (PID=28034) to work on /home/user/rubix/internship_project/.venv/lib/python3.10/site-packages/airflow/example_dags/example_task_group.py
[2024-06-24T14:20:07.187+0300] {processor.py:830} INFO - Processing file /home/user/rubix/internship_project/.venv/lib/python3.10/site-packages/airflow/example_dags/example_task_group.py for tasks to queue
[2024-06-24T14:20:07.189+0300] {logging_mixin.py:188} INFO - [2024-06-24T14:20:07.189+0300] {dagbag.py:545} INFO - Filling up the DagBag from /home/user/rubix/internship_project/.venv/lib/python3.10/site-packages/airflow/example_dags/example_task_group.py
[2024-06-24T14:20:07.197+0300] {processor.py:840} INFO - DAG(s) 'example_task_group' retrieved from /home/user/rubix/internship_project/.venv/lib/python3.10/site-packages/airflow/example_dags/example_task_group.py
[2024-06-24T14:20:07.215+0300] {logging_mixin.py:188} INFO - [2024-06-24T14:20:07.214+0300] {dag.py:3096} INFO - Sync 1 DAGs
[2024-06-24T14:20:07.230+0300] {logging_mixin.py:188} INFO - [2024-06-24T14:20:07.230+0300] {dag.py:3954} INFO - Setting next_dagrun for example_task_group to 2024-06-23 00:00:00+00:00, run_after=2024-06-24 00:00:00+00:00
[2024-06-24T14:20:07.250+0300] {processor.py:183} INFO - Processing /home/user/rubix/internship_project/.venv/lib/python3.10/site-packages/airflow/example_dags/example_task_group.py took 0.072 seconds
[2024-06-24T14:20:46.528+0300] {processor.py:161} INFO - Started process (PID=28246) to work on /home/user/rubix/internship_project/.venv/lib/python3.10/site-packages/airflow/example_dags/example_task_group.py
[2024-06-24T14:20:46.529+0300] {processor.py:830} INFO - Processing file /home/user/rubix/internship_project/.venv/lib/python3.10/site-packages/airflow/example_dags/example_task_group.py for tasks to queue
[2024-06-24T14:20:46.531+0300] {logging_mixin.py:188} INFO - [2024-06-24T14:20:46.530+0300] {dagbag.py:545} INFO - Filling up the DagBag from /home/user/rubix/internship_project/.venv/lib/python3.10/site-packages/airflow/example_dags/example_task_group.py
[2024-06-24T14:20:46.539+0300] {processor.py:840} INFO - DAG(s) 'example_task_group' retrieved from /home/user/rubix/internship_project/.venv/lib/python3.10/site-packages/airflow/example_dags/example_task_group.py
[2024-06-24T14:20:46.557+0300] {logging_mixin.py:188} INFO - [2024-06-24T14:20:46.557+0300] {dag.py:3096} INFO - Sync 1 DAGs
[2024-06-24T14:20:46.572+0300] {logging_mixin.py:188} INFO - [2024-06-24T14:20:46.572+0300] {dag.py:3954} INFO - Setting next_dagrun for example_task_group to 2024-06-23 00:00:00+00:00, run_after=2024-06-24 00:00:00+00:00
[2024-06-24T14:20:46.603+0300] {processor.py:183} INFO - Processing /home/user/rubix/internship_project/.venv/lib/python3.10/site-packages/airflow/example_dags/example_task_group.py took 0.082 seconds
[2024-06-24T14:21:30.680+0300] {processor.py:161} INFO - Started process (PID=28549) to work on /home/user/rubix/internship_project/.venv/lib/python3.10/site-packages/airflow/example_dags/example_task_group.py
[2024-06-24T14:21:30.681+0300] {processor.py:830} INFO - Processing file /home/user/rubix/internship_project/.venv/lib/python3.10/site-packages/airflow/example_dags/example_task_group.py for tasks to queue
[2024-06-24T14:21:30.683+0300] {logging_mixin.py:188} INFO - [2024-06-24T14:21:30.682+0300] {dagbag.py:545} INFO - Filling up the DagBag from /home/user/rubix/internship_project/.venv/lib/python3.10/site-packages/airflow/example_dags/example_task_group.py
[2024-06-24T14:21:30.691+0300] {processor.py:840} INFO - DAG(s) 'example_task_group' retrieved from /home/user/rubix/internship_project/.venv/lib/python3.10/site-packages/airflow/example_dags/example_task_group.py
[2024-06-24T14:21:30.710+0300] {logging_mixin.py:188} INFO - [2024-06-24T14:21:30.710+0300] {dag.py:3096} INFO - Sync 1 DAGs
[2024-06-24T14:21:30.726+0300] {logging_mixin.py:188} INFO - [2024-06-24T14:21:30.726+0300] {dag.py:3954} INFO - Setting next_dagrun for example_task_group to 2024-06-23 00:00:00+00:00, run_after=2024-06-24 00:00:00+00:00
[2024-06-24T14:21:30.757+0300] {processor.py:183} INFO - Processing /home/user/rubix/internship_project/.venv/lib/python3.10/site-packages/airflow/example_dags/example_task_group.py took 0.085 seconds
[2024-06-24T14:22:09.008+0300] {processor.py:161} INFO - Started process (PID=28730) to work on /home/user/rubix/internship_project/.venv/lib/python3.10/site-packages/airflow/example_dags/example_task_group.py
[2024-06-24T14:22:09.009+0300] {processor.py:830} INFO - Processing file /home/user/rubix/internship_project/.venv/lib/python3.10/site-packages/airflow/example_dags/example_task_group.py for tasks to queue
[2024-06-24T14:22:09.012+0300] {logging_mixin.py:188} INFO - [2024-06-24T14:22:09.011+0300] {dagbag.py:545} INFO - Filling up the DagBag from /home/user/rubix/internship_project/.venv/lib/python3.10/site-packages/airflow/example_dags/example_task_group.py
[2024-06-24T14:22:09.020+0300] {processor.py:840} INFO - DAG(s) 'example_task_group' retrieved from /home/user/rubix/internship_project/.venv/lib/python3.10/site-packages/airflow/example_dags/example_task_group.py
[2024-06-24T14:22:09.039+0300] {logging_mixin.py:188} INFO - [2024-06-24T14:22:09.039+0300] {dag.py:3096} INFO - Sync 1 DAGs
[2024-06-24T14:22:09.056+0300] {logging_mixin.py:188} INFO - [2024-06-24T14:22:09.055+0300] {dag.py:3954} INFO - Setting next_dagrun for example_task_group to 2024-06-23 00:00:00+00:00, run_after=2024-06-24 00:00:00+00:00
[2024-06-24T14:22:09.086+0300] {processor.py:183} INFO - Processing /home/user/rubix/internship_project/.venv/lib/python3.10/site-packages/airflow/example_dags/example_task_group.py took 0.086 seconds
[2024-06-24T14:23:08.273+0300] {processor.py:161} INFO - Started process (PID=28961) to work on /home/user/rubix/internship_project/.venv/lib/python3.10/site-packages/airflow/example_dags/example_task_group.py
[2024-06-24T14:23:08.274+0300] {processor.py:830} INFO - Processing file /home/user/rubix/internship_project/.venv/lib/python3.10/site-packages/airflow/example_dags/example_task_group.py for tasks to queue
[2024-06-24T14:23:08.276+0300] {logging_mixin.py:188} INFO - [2024-06-24T14:23:08.275+0300] {dagbag.py:545} INFO - Filling up the DagBag from /home/user/rubix/internship_project/.venv/lib/python3.10/site-packages/airflow/example_dags/example_task_group.py
[2024-06-24T14:23:08.284+0300] {processor.py:840} INFO - DAG(s) 'example_task_group' retrieved from /home/user/rubix/internship_project/.venv/lib/python3.10/site-packages/airflow/example_dags/example_task_group.py
[2024-06-24T14:23:08.302+0300] {logging_mixin.py:188} INFO - [2024-06-24T14:23:08.302+0300] {dag.py:3096} INFO - Sync 1 DAGs
[2024-06-24T14:23:08.319+0300] {logging_mixin.py:188} INFO - [2024-06-24T14:23:08.318+0300] {dag.py:3954} INFO - Setting next_dagrun for example_task_group to 2024-06-23 00:00:00+00:00, run_after=2024-06-24 00:00:00+00:00
[2024-06-24T14:23:08.349+0300] {processor.py:183} INFO - Processing /home/user/rubix/internship_project/.venv/lib/python3.10/site-packages/airflow/example_dags/example_task_group.py took 0.084 seconds
[2024-06-24T14:23:53.855+0300] {processor.py:161} INFO - Started process (PID=29058) to work on /home/user/rubix/internship_project/.venv/lib/python3.10/site-packages/airflow/example_dags/example_task_group.py
[2024-06-24T14:23:53.856+0300] {processor.py:830} INFO - Processing file /home/user/rubix/internship_project/.venv/lib/python3.10/site-packages/airflow/example_dags/example_task_group.py for tasks to queue
[2024-06-24T14:23:53.858+0300] {logging_mixin.py:188} INFO - [2024-06-24T14:23:53.858+0300] {dagbag.py:545} INFO - Filling up the DagBag from /home/user/rubix/internship_project/.venv/lib/python3.10/site-packages/airflow/example_dags/example_task_group.py
[2024-06-24T14:23:53.866+0300] {processor.py:840} INFO - DAG(s) 'example_task_group' retrieved from /home/user/rubix/internship_project/.venv/lib/python3.10/site-packages/airflow/example_dags/example_task_group.py
[2024-06-24T14:23:53.883+0300] {logging_mixin.py:188} INFO - [2024-06-24T14:23:53.883+0300] {dag.py:3096} INFO - Sync 1 DAGs
[2024-06-24T14:23:53.899+0300] {logging_mixin.py:188} INFO - [2024-06-24T14:23:53.899+0300] {dag.py:3954} INFO - Setting next_dagrun for example_task_group to 2024-06-23 00:00:00+00:00, run_after=2024-06-24 00:00:00+00:00
[2024-06-24T14:23:53.929+0300] {processor.py:183} INFO - Processing /home/user/rubix/internship_project/.venv/lib/python3.10/site-packages/airflow/example_dags/example_task_group.py took 0.083 seconds
[2024-06-24T14:24:40.168+0300] {processor.py:161} INFO - Started process (PID=29274) to work on /home/user/rubix/internship_project/.venv/lib/python3.10/site-packages/airflow/example_dags/example_task_group.py
[2024-06-24T14:24:40.170+0300] {processor.py:830} INFO - Processing file /home/user/rubix/internship_project/.venv/lib/python3.10/site-packages/airflow/example_dags/example_task_group.py for tasks to queue
[2024-06-24T14:24:40.171+0300] {logging_mixin.py:188} INFO - [2024-06-24T14:24:40.171+0300] {dagbag.py:545} INFO - Filling up the DagBag from /home/user/rubix/internship_project/.venv/lib/python3.10/site-packages/airflow/example_dags/example_task_group.py
[2024-06-24T14:24:40.181+0300] {processor.py:840} INFO - DAG(s) 'example_task_group' retrieved from /home/user/rubix/internship_project/.venv/lib/python3.10/site-packages/airflow/example_dags/example_task_group.py
[2024-06-24T14:24:40.209+0300] {logging_mixin.py:188} INFO - [2024-06-24T14:24:40.209+0300] {dag.py:3096} INFO - Sync 1 DAGs
[2024-06-24T14:24:40.237+0300] {logging_mixin.py:188} INFO - [2024-06-24T14:24:40.236+0300] {dag.py:3954} INFO - Setting next_dagrun for example_task_group to 2024-06-23 00:00:00+00:00, run_after=2024-06-24 00:00:00+00:00
[2024-06-24T14:24:40.276+0300] {processor.py:183} INFO - Processing /home/user/rubix/internship_project/.venv/lib/python3.10/site-packages/airflow/example_dags/example_task_group.py took 0.115 seconds
[2024-06-24T14:25:23.549+0300] {processor.py:161} INFO - Started process (PID=29562) to work on /home/user/rubix/internship_project/.venv/lib/python3.10/site-packages/airflow/example_dags/example_task_group.py
[2024-06-24T14:25:23.550+0300] {processor.py:830} INFO - Processing file /home/user/rubix/internship_project/.venv/lib/python3.10/site-packages/airflow/example_dags/example_task_group.py for tasks to queue
[2024-06-24T14:25:23.552+0300] {logging_mixin.py:188} INFO - [2024-06-24T14:25:23.552+0300] {dagbag.py:545} INFO - Filling up the DagBag from /home/user/rubix/internship_project/.venv/lib/python3.10/site-packages/airflow/example_dags/example_task_group.py
[2024-06-24T14:25:23.560+0300] {processor.py:840} INFO - DAG(s) 'example_task_group' retrieved from /home/user/rubix/internship_project/.venv/lib/python3.10/site-packages/airflow/example_dags/example_task_group.py
[2024-06-24T14:25:23.578+0300] {logging_mixin.py:188} INFO - [2024-06-24T14:25:23.578+0300] {dag.py:3096} INFO - Sync 1 DAGs
[2024-06-24T14:25:23.593+0300] {logging_mixin.py:188} INFO - [2024-06-24T14:25:23.593+0300] {dag.py:3954} INFO - Setting next_dagrun for example_task_group to 2024-06-23 00:00:00+00:00, run_after=2024-06-24 00:00:00+00:00
[2024-06-24T14:25:23.621+0300] {processor.py:183} INFO - Processing /home/user/rubix/internship_project/.venv/lib/python3.10/site-packages/airflow/example_dags/example_task_group.py took 0.079 seconds
[2024-06-24T14:26:03.313+0300] {processor.py:161} INFO - Started process (PID=29707) to work on /home/user/rubix/internship_project/.venv/lib/python3.10/site-packages/airflow/example_dags/example_task_group.py
[2024-06-24T14:26:03.314+0300] {processor.py:830} INFO - Processing file /home/user/rubix/internship_project/.venv/lib/python3.10/site-packages/airflow/example_dags/example_task_group.py for tasks to queue
[2024-06-24T14:26:03.316+0300] {logging_mixin.py:188} INFO - [2024-06-24T14:26:03.315+0300] {dagbag.py:545} INFO - Filling up the DagBag from /home/user/rubix/internship_project/.venv/lib/python3.10/site-packages/airflow/example_dags/example_task_group.py
[2024-06-24T14:26:03.327+0300] {processor.py:840} INFO - DAG(s) 'example_task_group' retrieved from /home/user/rubix/internship_project/.venv/lib/python3.10/site-packages/airflow/example_dags/example_task_group.py
[2024-06-24T14:26:03.345+0300] {logging_mixin.py:188} INFO - [2024-06-24T14:26:03.345+0300] {dag.py:3096} INFO - Sync 1 DAGs
[2024-06-24T14:26:03.362+0300] {logging_mixin.py:188} INFO - [2024-06-24T14:26:03.361+0300] {dag.py:3954} INFO - Setting next_dagrun for example_task_group to 2024-06-23 00:00:00+00:00, run_after=2024-06-24 00:00:00+00:00
[2024-06-24T14:26:03.391+0300] {processor.py:183} INFO - Processing /home/user/rubix/internship_project/.venv/lib/python3.10/site-packages/airflow/example_dags/example_task_group.py took 0.086 seconds
[2024-06-24T14:26:44.890+0300] {processor.py:161} INFO - Started process (PID=29905) to work on /home/user/rubix/internship_project/.venv/lib/python3.10/site-packages/airflow/example_dags/example_task_group.py
[2024-06-24T14:26:44.891+0300] {processor.py:830} INFO - Processing file /home/user/rubix/internship_project/.venv/lib/python3.10/site-packages/airflow/example_dags/example_task_group.py for tasks to queue
[2024-06-24T14:26:44.893+0300] {logging_mixin.py:188} INFO - [2024-06-24T14:26:44.893+0300] {dagbag.py:545} INFO - Filling up the DagBag from /home/user/rubix/internship_project/.venv/lib/python3.10/site-packages/airflow/example_dags/example_task_group.py
[2024-06-24T14:26:44.901+0300] {processor.py:840} INFO - DAG(s) 'example_task_group' retrieved from /home/user/rubix/internship_project/.venv/lib/python3.10/site-packages/airflow/example_dags/example_task_group.py
[2024-06-24T14:26:44.918+0300] {logging_mixin.py:188} INFO - [2024-06-24T14:26:44.918+0300] {dag.py:3096} INFO - Sync 1 DAGs
[2024-06-24T14:26:44.933+0300] {logging_mixin.py:188} INFO - [2024-06-24T14:26:44.933+0300] {dag.py:3954} INFO - Setting next_dagrun for example_task_group to 2024-06-23 00:00:00+00:00, run_after=2024-06-24 00:00:00+00:00
[2024-06-24T14:26:44.961+0300] {processor.py:183} INFO - Processing /home/user/rubix/internship_project/.venv/lib/python3.10/site-packages/airflow/example_dags/example_task_group.py took 0.078 seconds
[2024-06-24T14:27:29.491+0300] {processor.py:161} INFO - Started process (PID=30433) to work on /home/user/rubix/internship_project/.venv/lib/python3.10/site-packages/airflow/example_dags/example_task_group.py
[2024-06-24T14:27:29.492+0300] {processor.py:830} INFO - Processing file /home/user/rubix/internship_project/.venv/lib/python3.10/site-packages/airflow/example_dags/example_task_group.py for tasks to queue
[2024-06-24T14:27:29.493+0300] {logging_mixin.py:188} INFO - [2024-06-24T14:27:29.493+0300] {dagbag.py:545} INFO - Filling up the DagBag from /home/user/rubix/internship_project/.venv/lib/python3.10/site-packages/airflow/example_dags/example_task_group.py
[2024-06-24T14:27:29.502+0300] {processor.py:840} INFO - DAG(s) 'example_task_group' retrieved from /home/user/rubix/internship_project/.venv/lib/python3.10/site-packages/airflow/example_dags/example_task_group.py
[2024-06-24T14:27:29.519+0300] {logging_mixin.py:188} INFO - [2024-06-24T14:27:29.519+0300] {dag.py:3096} INFO - Sync 1 DAGs
[2024-06-24T14:27:29.535+0300] {logging_mixin.py:188} INFO - [2024-06-24T14:27:29.535+0300] {dag.py:3954} INFO - Setting next_dagrun for example_task_group to 2024-06-23 00:00:00+00:00, run_after=2024-06-24 00:00:00+00:00
[2024-06-24T14:27:29.565+0300] {processor.py:183} INFO - Processing /home/user/rubix/internship_project/.venv/lib/python3.10/site-packages/airflow/example_dags/example_task_group.py took 0.082 seconds
[2024-06-24T14:28:12.154+0300] {processor.py:161} INFO - Started process (PID=30701) to work on /home/user/rubix/internship_project/.venv/lib/python3.10/site-packages/airflow/example_dags/example_task_group.py
[2024-06-24T14:28:12.155+0300] {processor.py:830} INFO - Processing file /home/user/rubix/internship_project/.venv/lib/python3.10/site-packages/airflow/example_dags/example_task_group.py for tasks to queue
[2024-06-24T14:28:12.160+0300] {logging_mixin.py:188} INFO - [2024-06-24T14:28:12.158+0300] {dagbag.py:545} INFO - Filling up the DagBag from /home/user/rubix/internship_project/.venv/lib/python3.10/site-packages/airflow/example_dags/example_task_group.py
[2024-06-24T14:28:12.169+0300] {processor.py:840} INFO - DAG(s) 'example_task_group' retrieved from /home/user/rubix/internship_project/.venv/lib/python3.10/site-packages/airflow/example_dags/example_task_group.py
[2024-06-24T14:28:12.193+0300] {logging_mixin.py:188} INFO - [2024-06-24T14:28:12.193+0300] {dag.py:3096} INFO - Sync 1 DAGs
[2024-06-24T14:28:12.213+0300] {logging_mixin.py:188} INFO - [2024-06-24T14:28:12.212+0300] {dag.py:3954} INFO - Setting next_dagrun for example_task_group to 2024-06-23 00:00:00+00:00, run_after=2024-06-24 00:00:00+00:00
[2024-06-24T14:28:12.246+0300] {processor.py:183} INFO - Processing /home/user/rubix/internship_project/.venv/lib/python3.10/site-packages/airflow/example_dags/example_task_group.py took 0.100 seconds
[2024-06-24T14:28:57.117+0300] {processor.py:161} INFO - Started process (PID=30917) to work on /home/user/rubix/internship_project/.venv/lib/python3.10/site-packages/airflow/example_dags/example_task_group.py
[2024-06-24T14:28:57.119+0300] {processor.py:830} INFO - Processing file /home/user/rubix/internship_project/.venv/lib/python3.10/site-packages/airflow/example_dags/example_task_group.py for tasks to queue
[2024-06-24T14:28:57.121+0300] {logging_mixin.py:188} INFO - [2024-06-24T14:28:57.120+0300] {dagbag.py:545} INFO - Filling up the DagBag from /home/user/rubix/internship_project/.venv/lib/python3.10/site-packages/airflow/example_dags/example_task_group.py
[2024-06-24T14:28:57.130+0300] {processor.py:840} INFO - DAG(s) 'example_task_group' retrieved from /home/user/rubix/internship_project/.venv/lib/python3.10/site-packages/airflow/example_dags/example_task_group.py
[2024-06-24T14:28:57.149+0300] {logging_mixin.py:188} INFO - [2024-06-24T14:28:57.149+0300] {dag.py:3096} INFO - Sync 1 DAGs
[2024-06-24T14:28:57.168+0300] {logging_mixin.py:188} INFO - [2024-06-24T14:28:57.168+0300] {dag.py:3954} INFO - Setting next_dagrun for example_task_group to 2024-06-23 00:00:00+00:00, run_after=2024-06-24 00:00:00+00:00
[2024-06-24T14:28:57.197+0300] {processor.py:183} INFO - Processing /home/user/rubix/internship_project/.venv/lib/python3.10/site-packages/airflow/example_dags/example_task_group.py took 0.089 seconds
[2024-06-24T14:29:45.317+0300] {processor.py:161} INFO - Started process (PID=31318) to work on /home/user/rubix/internship_project/.venv/lib/python3.10/site-packages/airflow/example_dags/example_task_group.py
[2024-06-24T14:29:45.318+0300] {processor.py:830} INFO - Processing file /home/user/rubix/internship_project/.venv/lib/python3.10/site-packages/airflow/example_dags/example_task_group.py for tasks to queue
[2024-06-24T14:29:45.320+0300] {logging_mixin.py:188} INFO - [2024-06-24T14:29:45.319+0300] {dagbag.py:545} INFO - Filling up the DagBag from /home/user/rubix/internship_project/.venv/lib/python3.10/site-packages/airflow/example_dags/example_task_group.py
[2024-06-24T14:29:45.328+0300] {processor.py:840} INFO - DAG(s) 'example_task_group' retrieved from /home/user/rubix/internship_project/.venv/lib/python3.10/site-packages/airflow/example_dags/example_task_group.py
[2024-06-24T14:29:45.346+0300] {logging_mixin.py:188} INFO - [2024-06-24T14:29:45.346+0300] {dag.py:3096} INFO - Sync 1 DAGs
[2024-06-24T14:29:45.364+0300] {logging_mixin.py:188} INFO - [2024-06-24T14:29:45.363+0300] {dag.py:3954} INFO - Setting next_dagrun for example_task_group to 2024-06-23 00:00:00+00:00, run_after=2024-06-24 00:00:00+00:00
[2024-06-24T14:29:45.385+0300] {processor.py:183} INFO - Processing /home/user/rubix/internship_project/.venv/lib/python3.10/site-packages/airflow/example_dags/example_task_group.py took 0.077 seconds
[2024-06-24T14:30:33.506+0300] {processor.py:161} INFO - Started process (PID=31480) to work on /home/user/rubix/internship_project/.venv/lib/python3.10/site-packages/airflow/example_dags/example_task_group.py
[2024-06-24T14:30:33.507+0300] {processor.py:830} INFO - Processing file /home/user/rubix/internship_project/.venv/lib/python3.10/site-packages/airflow/example_dags/example_task_group.py for tasks to queue
[2024-06-24T14:30:33.509+0300] {logging_mixin.py:188} INFO - [2024-06-24T14:30:33.508+0300] {dagbag.py:545} INFO - Filling up the DagBag from /home/user/rubix/internship_project/.venv/lib/python3.10/site-packages/airflow/example_dags/example_task_group.py
[2024-06-24T14:30:33.517+0300] {processor.py:840} INFO - DAG(s) 'example_task_group' retrieved from /home/user/rubix/internship_project/.venv/lib/python3.10/site-packages/airflow/example_dags/example_task_group.py
[2024-06-24T14:30:33.536+0300] {logging_mixin.py:188} INFO - [2024-06-24T14:30:33.535+0300] {dag.py:3096} INFO - Sync 1 DAGs
[2024-06-24T14:30:33.552+0300] {logging_mixin.py:188} INFO - [2024-06-24T14:30:33.551+0300] {dag.py:3954} INFO - Setting next_dagrun for example_task_group to 2024-06-23 00:00:00+00:00, run_after=2024-06-24 00:00:00+00:00
[2024-06-24T14:30:33.583+0300] {processor.py:183} INFO - Processing /home/user/rubix/internship_project/.venv/lib/python3.10/site-packages/airflow/example_dags/example_task_group.py took 0.085 seconds
[2024-06-24T14:31:21.063+0300] {processor.py:161} INFO - Started process (PID=31731) to work on /home/user/rubix/internship_project/.venv/lib/python3.10/site-packages/airflow/example_dags/example_task_group.py
[2024-06-24T14:31:21.065+0300] {processor.py:830} INFO - Processing file /home/user/rubix/internship_project/.venv/lib/python3.10/site-packages/airflow/example_dags/example_task_group.py for tasks to queue
[2024-06-24T14:31:21.067+0300] {logging_mixin.py:188} INFO - [2024-06-24T14:31:21.067+0300] {dagbag.py:545} INFO - Filling up the DagBag from /home/user/rubix/internship_project/.venv/lib/python3.10/site-packages/airflow/example_dags/example_task_group.py
[2024-06-24T14:31:21.080+0300] {processor.py:840} INFO - DAG(s) 'example_task_group' retrieved from /home/user/rubix/internship_project/.venv/lib/python3.10/site-packages/airflow/example_dags/example_task_group.py
[2024-06-24T14:31:21.115+0300] {logging_mixin.py:188} INFO - [2024-06-24T14:31:21.115+0300] {dag.py:3096} INFO - Sync 1 DAGs
[2024-06-24T14:31:21.142+0300] {logging_mixin.py:188} INFO - [2024-06-24T14:31:21.141+0300] {dag.py:3954} INFO - Setting next_dagrun for example_task_group to 2024-06-23 00:00:00+00:00, run_after=2024-06-24 00:00:00+00:00
[2024-06-24T14:31:21.171+0300] {processor.py:183} INFO - Processing /home/user/rubix/internship_project/.venv/lib/python3.10/site-packages/airflow/example_dags/example_task_group.py took 0.138 seconds
[2024-06-24T14:32:07.348+0300] {processor.py:161} INFO - Started process (PID=32035) to work on /home/user/rubix/internship_project/.venv/lib/python3.10/site-packages/airflow/example_dags/example_task_group.py
[2024-06-24T14:32:07.349+0300] {processor.py:830} INFO - Processing file /home/user/rubix/internship_project/.venv/lib/python3.10/site-packages/airflow/example_dags/example_task_group.py for tasks to queue
[2024-06-24T14:32:07.351+0300] {logging_mixin.py:188} INFO - [2024-06-24T14:32:07.351+0300] {dagbag.py:545} INFO - Filling up the DagBag from /home/user/rubix/internship_project/.venv/lib/python3.10/site-packages/airflow/example_dags/example_task_group.py
[2024-06-24T14:32:07.359+0300] {processor.py:840} INFO - DAG(s) 'example_task_group' retrieved from /home/user/rubix/internship_project/.venv/lib/python3.10/site-packages/airflow/example_dags/example_task_group.py
[2024-06-24T14:32:07.381+0300] {logging_mixin.py:188} INFO - [2024-06-24T14:32:07.381+0300] {dag.py:3096} INFO - Sync 1 DAGs
[2024-06-24T14:32:07.398+0300] {logging_mixin.py:188} INFO - [2024-06-24T14:32:07.398+0300] {dag.py:3954} INFO - Setting next_dagrun for example_task_group to 2024-06-23 00:00:00+00:00, run_after=2024-06-24 00:00:00+00:00
[2024-06-24T14:32:07.431+0300] {processor.py:183} INFO - Processing /home/user/rubix/internship_project/.venv/lib/python3.10/site-packages/airflow/example_dags/example_task_group.py took 0.091 seconds
[2024-06-24T14:32:52.522+0300] {processor.py:161} INFO - Started process (PID=32130) to work on /home/user/rubix/internship_project/.venv/lib/python3.10/site-packages/airflow/example_dags/example_task_group.py
[2024-06-24T14:32:52.523+0300] {processor.py:830} INFO - Processing file /home/user/rubix/internship_project/.venv/lib/python3.10/site-packages/airflow/example_dags/example_task_group.py for tasks to queue
[2024-06-24T14:32:52.525+0300] {logging_mixin.py:188} INFO - [2024-06-24T14:32:52.524+0300] {dagbag.py:545} INFO - Filling up the DagBag from /home/user/rubix/internship_project/.venv/lib/python3.10/site-packages/airflow/example_dags/example_task_group.py
[2024-06-24T14:32:52.533+0300] {processor.py:840} INFO - DAG(s) 'example_task_group' retrieved from /home/user/rubix/internship_project/.venv/lib/python3.10/site-packages/airflow/example_dags/example_task_group.py
[2024-06-24T14:32:52.553+0300] {logging_mixin.py:188} INFO - [2024-06-24T14:32:52.553+0300] {dag.py:3096} INFO - Sync 1 DAGs
[2024-06-24T14:32:52.569+0300] {logging_mixin.py:188} INFO - [2024-06-24T14:32:52.569+0300] {dag.py:3954} INFO - Setting next_dagrun for example_task_group to 2024-06-23 00:00:00+00:00, run_after=2024-06-24 00:00:00+00:00
[2024-06-24T14:32:52.601+0300] {processor.py:183} INFO - Processing /home/user/rubix/internship_project/.venv/lib/python3.10/site-packages/airflow/example_dags/example_task_group.py took 0.088 seconds
