[2024-06-24T14:03:24.730+0300] {processor.py:161} INFO - Started process (PID=22712) to work on /home/user/rubix/internship_project/.venv/lib/python3.10/site-packages/airflow/example_dags/example_display_name.py
[2024-06-24T14:03:24.731+0300] {processor.py:830} INFO - Processing file /home/user/rubix/internship_project/.venv/lib/python3.10/site-packages/airflow/example_dags/example_display_name.py for tasks to queue
[2024-06-24T14:03:24.733+0300] {logging_mixin.py:188} INFO - [2024-06-24T14:03:24.732+0300] {dagbag.py:545} INFO - Filling up the DagBag from /home/user/rubix/internship_project/.venv/lib/python3.10/site-packages/airflow/example_dags/example_display_name.py
[2024-06-24T14:03:24.753+0300] {processor.py:840} INFO - DAG(s) 'example_display_name' retrieved from /home/user/rubix/internship_project/.venv/lib/python3.10/site-packages/airflow/example_dags/example_display_name.py
[2024-06-24T14:03:24.835+0300] {logging_mixin.py:188} INFO - [2024-06-24T14:03:24.835+0300] {dag.py:3096} INFO - Sync 1 DAGs
[2024-06-24T14:03:24.842+0300] {logging_mixin.py:188} INFO - [2024-06-24T14:03:24.842+0300] {dag.py:3954} INFO - Setting next_dagrun for example_display_name to None, run_after=None
[2024-06-24T14:03:24.872+0300] {processor.py:183} INFO - Processing /home/user/rubix/internship_project/.venv/lib/python3.10/site-packages/airflow/example_dags/example_display_name.py took 0.150 seconds
[2024-06-24T14:04:36.863+0300] {processor.py:161} INFO - Started process (PID=23269) to work on /home/user/rubix/internship_project/.venv/lib/python3.10/site-packages/airflow/example_dags/example_display_name.py
[2024-06-24T14:04:36.864+0300] {processor.py:830} INFO - Processing file /home/user/rubix/internship_project/.venv/lib/python3.10/site-packages/airflow/example_dags/example_display_name.py for tasks to queue
[2024-06-24T14:04:36.866+0300] {logging_mixin.py:188} INFO - [2024-06-24T14:04:36.865+0300] {dagbag.py:545} INFO - Filling up the DagBag from /home/user/rubix/internship_project/.venv/lib/python3.10/site-packages/airflow/example_dags/example_display_name.py
[2024-06-24T14:04:36.873+0300] {processor.py:840} INFO - DAG(s) 'example_display_name' retrieved from /home/user/rubix/internship_project/.venv/lib/python3.10/site-packages/airflow/example_dags/example_display_name.py
[2024-06-24T14:04:36.974+0300] {logging_mixin.py:188} INFO - [2024-06-24T14:04:36.974+0300] {dag.py:3096} INFO - Sync 1 DAGs
[2024-06-24T14:04:36.984+0300] {logging_mixin.py:188} INFO - [2024-06-24T14:04:36.984+0300] {dag.py:3954} INFO - Setting next_dagrun for example_display_name to None, run_after=None
[2024-06-24T14:04:37.096+0300] {processor.py:183} INFO - Processing /home/user/rubix/internship_project/.venv/lib/python3.10/site-packages/airflow/example_dags/example_display_name.py took 0.242 seconds
[2024-06-24T14:05:36.600+0300] {processor.py:161} INFO - Started process (PID=23748) to work on /home/user/rubix/internship_project/.venv/lib/python3.10/site-packages/airflow/example_dags/example_display_name.py
[2024-06-24T14:05:36.601+0300] {processor.py:830} INFO - Processing file /home/user/rubix/internship_project/.venv/lib/python3.10/site-packages/airflow/example_dags/example_display_name.py for tasks to queue
[2024-06-24T14:05:36.603+0300] {logging_mixin.py:188} INFO - [2024-06-24T14:05:36.603+0300] {dagbag.py:545} INFO - Filling up the DagBag from /home/user/rubix/internship_project/.venv/lib/python3.10/site-packages/airflow/example_dags/example_display_name.py
[2024-06-24T14:05:36.621+0300] {processor.py:840} INFO - DAG(s) 'example_display_name' retrieved from /home/user/rubix/internship_project/.venv/lib/python3.10/site-packages/airflow/example_dags/example_display_name.py
[2024-06-24T14:05:36.637+0300] {logging_mixin.py:188} INFO - [2024-06-24T14:05:36.637+0300] {dag.py:3096} INFO - Sync 1 DAGs
[2024-06-24T14:05:36.646+0300] {logging_mixin.py:188} INFO - [2024-06-24T14:05:36.645+0300] {dag.py:3954} INFO - Setting next_dagrun for example_display_name to None, run_after=None
[2024-06-24T14:05:36.675+0300] {processor.py:183} INFO - Processing /home/user/rubix/internship_project/.venv/lib/python3.10/site-packages/airflow/example_dags/example_display_name.py took 0.082 seconds
[2024-06-24T14:06:39.585+0300] {processor.py:161} INFO - Started process (PID=24135) to work on /home/user/rubix/internship_project/.venv/lib/python3.10/site-packages/airflow/example_dags/example_display_name.py
[2024-06-24T14:06:39.586+0300] {processor.py:830} INFO - Processing file /home/user/rubix/internship_project/.venv/lib/python3.10/site-packages/airflow/example_dags/example_display_name.py for tasks to queue
[2024-06-24T14:06:39.588+0300] {logging_mixin.py:188} INFO - [2024-06-24T14:06:39.587+0300] {dagbag.py:545} INFO - Filling up the DagBag from /home/user/rubix/internship_project/.venv/lib/python3.10/site-packages/airflow/example_dags/example_display_name.py
[2024-06-24T14:06:39.598+0300] {processor.py:840} INFO - DAG(s) 'example_display_name' retrieved from /home/user/rubix/internship_project/.venv/lib/python3.10/site-packages/airflow/example_dags/example_display_name.py
[2024-06-24T14:06:39.714+0300] {logging_mixin.py:188} INFO - [2024-06-24T14:06:39.714+0300] {dag.py:3096} INFO - Sync 1 DAGs
[2024-06-24T14:06:39.721+0300] {logging_mixin.py:188} INFO - [2024-06-24T14:06:39.721+0300] {dag.py:3954} INFO - Setting next_dagrun for example_display_name to None, run_after=None
[2024-06-24T14:06:39.749+0300] {processor.py:183} INFO - Processing /home/user/rubix/internship_project/.venv/lib/python3.10/site-packages/airflow/example_dags/example_display_name.py took 0.175 seconds
[2024-06-24T14:07:31.958+0300] {processor.py:161} INFO - Started process (PID=24358) to work on /home/user/rubix/internship_project/.venv/lib/python3.10/site-packages/airflow/example_dags/example_display_name.py
[2024-06-24T14:07:31.959+0300] {processor.py:830} INFO - Processing file /home/user/rubix/internship_project/.venv/lib/python3.10/site-packages/airflow/example_dags/example_display_name.py for tasks to queue
[2024-06-24T14:07:31.961+0300] {logging_mixin.py:188} INFO - [2024-06-24T14:07:31.960+0300] {dagbag.py:545} INFO - Filling up the DagBag from /home/user/rubix/internship_project/.venv/lib/python3.10/site-packages/airflow/example_dags/example_display_name.py
[2024-06-24T14:07:31.968+0300] {processor.py:840} INFO - DAG(s) 'example_display_name' retrieved from /home/user/rubix/internship_project/.venv/lib/python3.10/site-packages/airflow/example_dags/example_display_name.py
[2024-06-24T14:07:31.990+0300] {logging_mixin.py:188} INFO - [2024-06-24T14:07:31.990+0300] {dag.py:3096} INFO - Sync 1 DAGs
[2024-06-24T14:07:32.002+0300] {logging_mixin.py:188} INFO - [2024-06-24T14:07:32.001+0300] {dag.py:3954} INFO - Setting next_dagrun for example_display_name to None, run_after=None
[2024-06-24T14:07:32.020+0300] {processor.py:183} INFO - Processing /home/user/rubix/internship_project/.venv/lib/python3.10/site-packages/airflow/example_dags/example_display_name.py took 0.071 seconds
[2024-06-24T14:08:24.181+0300] {processor.py:161} INFO - Started process (PID=24707) to work on /home/user/rubix/internship_project/.venv/lib/python3.10/site-packages/airflow/example_dags/example_display_name.py
[2024-06-24T14:08:24.182+0300] {processor.py:830} INFO - Processing file /home/user/rubix/internship_project/.venv/lib/python3.10/site-packages/airflow/example_dags/example_display_name.py for tasks to queue
[2024-06-24T14:08:24.184+0300] {logging_mixin.py:188} INFO - [2024-06-24T14:08:24.183+0300] {dagbag.py:545} INFO - Filling up the DagBag from /home/user/rubix/internship_project/.venv/lib/python3.10/site-packages/airflow/example_dags/example_display_name.py
[2024-06-24T14:08:24.192+0300] {processor.py:840} INFO - DAG(s) 'example_display_name' retrieved from /home/user/rubix/internship_project/.venv/lib/python3.10/site-packages/airflow/example_dags/example_display_name.py
[2024-06-24T14:08:24.208+0300] {logging_mixin.py:188} INFO - [2024-06-24T14:08:24.208+0300] {dag.py:3096} INFO - Sync 1 DAGs
[2024-06-24T14:08:24.218+0300] {logging_mixin.py:188} INFO - [2024-06-24T14:08:24.218+0300] {dag.py:3954} INFO - Setting next_dagrun for example_display_name to None, run_after=None
[2024-06-24T14:08:24.249+0300] {processor.py:183} INFO - Processing /home/user/rubix/internship_project/.venv/lib/python3.10/site-packages/airflow/example_dags/example_display_name.py took 0.076 seconds
[2024-06-24T14:09:31.798+0300] {processor.py:161} INFO - Started process (PID=25125) to work on /home/user/rubix/internship_project/.venv/lib/python3.10/site-packages/airflow/example_dags/example_display_name.py
[2024-06-24T14:09:31.800+0300] {processor.py:830} INFO - Processing file /home/user/rubix/internship_project/.venv/lib/python3.10/site-packages/airflow/example_dags/example_display_name.py for tasks to queue
[2024-06-24T14:09:31.802+0300] {logging_mixin.py:188} INFO - [2024-06-24T14:09:31.801+0300] {dagbag.py:545} INFO - Filling up the DagBag from /home/user/rubix/internship_project/.venv/lib/python3.10/site-packages/airflow/example_dags/example_display_name.py
[2024-06-24T14:09:31.810+0300] {processor.py:840} INFO - DAG(s) 'example_display_name' retrieved from /home/user/rubix/internship_project/.venv/lib/python3.10/site-packages/airflow/example_dags/example_display_name.py
[2024-06-24T14:09:31.829+0300] {logging_mixin.py:188} INFO - [2024-06-24T14:09:31.829+0300] {dag.py:3096} INFO - Sync 1 DAGs
[2024-06-24T14:09:31.842+0300] {logging_mixin.py:188} INFO - [2024-06-24T14:09:31.841+0300] {dag.py:3954} INFO - Setting next_dagrun for example_display_name to None, run_after=None
[2024-06-24T14:09:31.874+0300] {processor.py:183} INFO - Processing /home/user/rubix/internship_project/.venv/lib/python3.10/site-packages/airflow/example_dags/example_display_name.py took 0.084 seconds
[2024-06-24T14:10:39.111+0300] {processor.py:161} INFO - Started process (PID=25525) to work on /home/user/rubix/internship_project/.venv/lib/python3.10/site-packages/airflow/example_dags/example_display_name.py
[2024-06-24T14:10:39.112+0300] {processor.py:830} INFO - Processing file /home/user/rubix/internship_project/.venv/lib/python3.10/site-packages/airflow/example_dags/example_display_name.py for tasks to queue
[2024-06-24T14:10:39.114+0300] {logging_mixin.py:188} INFO - [2024-06-24T14:10:39.114+0300] {dagbag.py:545} INFO - Filling up the DagBag from /home/user/rubix/internship_project/.venv/lib/python3.10/site-packages/airflow/example_dags/example_display_name.py
[2024-06-24T14:10:39.122+0300] {processor.py:840} INFO - DAG(s) 'example_display_name' retrieved from /home/user/rubix/internship_project/.venv/lib/python3.10/site-packages/airflow/example_dags/example_display_name.py
[2024-06-24T14:10:39.144+0300] {logging_mixin.py:188} INFO - [2024-06-24T14:10:39.143+0300] {dag.py:3096} INFO - Sync 1 DAGs
[2024-06-24T14:10:39.157+0300] {logging_mixin.py:188} INFO - [2024-06-24T14:10:39.155+0300] {dag.py:3954} INFO - Setting next_dagrun for example_display_name to None, run_after=None
[2024-06-24T14:10:39.190+0300] {processor.py:183} INFO - Processing /home/user/rubix/internship_project/.venv/lib/python3.10/site-packages/airflow/example_dags/example_display_name.py took 0.086 seconds
[2024-06-24T14:11:47.452+0300] {processor.py:161} INFO - Started process (PID=25979) to work on /home/user/rubix/internship_project/.venv/lib/python3.10/site-packages/airflow/example_dags/example_display_name.py
[2024-06-24T14:11:47.453+0300] {processor.py:830} INFO - Processing file /home/user/rubix/internship_project/.venv/lib/python3.10/site-packages/airflow/example_dags/example_display_name.py for tasks to queue
[2024-06-24T14:11:47.455+0300] {logging_mixin.py:188} INFO - [2024-06-24T14:11:47.454+0300] {dagbag.py:545} INFO - Filling up the DagBag from /home/user/rubix/internship_project/.venv/lib/python3.10/site-packages/airflow/example_dags/example_display_name.py
[2024-06-24T14:11:47.462+0300] {processor.py:840} INFO - DAG(s) 'example_display_name' retrieved from /home/user/rubix/internship_project/.venv/lib/python3.10/site-packages/airflow/example_dags/example_display_name.py
[2024-06-24T14:11:47.479+0300] {logging_mixin.py:188} INFO - [2024-06-24T14:11:47.479+0300] {dag.py:3096} INFO - Sync 1 DAGs
[2024-06-24T14:11:47.488+0300] {logging_mixin.py:188} INFO - [2024-06-24T14:11:47.488+0300] {dag.py:3954} INFO - Setting next_dagrun for example_display_name to None, run_after=None
[2024-06-24T14:11:47.519+0300] {processor.py:183} INFO - Processing /home/user/rubix/internship_project/.venv/lib/python3.10/site-packages/airflow/example_dags/example_display_name.py took 0.075 seconds
[2024-06-24T14:12:49.721+0300] {processor.py:161} INFO - Started process (PID=26170) to work on /home/user/rubix/internship_project/.venv/lib/python3.10/site-packages/airflow/example_dags/example_display_name.py
[2024-06-24T14:12:49.722+0300] {processor.py:830} INFO - Processing file /home/user/rubix/internship_project/.venv/lib/python3.10/site-packages/airflow/example_dags/example_display_name.py for tasks to queue
[2024-06-24T14:12:49.723+0300] {logging_mixin.py:188} INFO - [2024-06-24T14:12:49.723+0300] {dagbag.py:545} INFO - Filling up the DagBag from /home/user/rubix/internship_project/.venv/lib/python3.10/site-packages/airflow/example_dags/example_display_name.py
[2024-06-24T14:12:49.743+0300] {processor.py:840} INFO - DAG(s) 'example_display_name' retrieved from /home/user/rubix/internship_project/.venv/lib/python3.10/site-packages/airflow/example_dags/example_display_name.py
[2024-06-24T14:12:49.759+0300] {logging_mixin.py:188} INFO - [2024-06-24T14:12:49.758+0300] {dag.py:3096} INFO - Sync 1 DAGs
[2024-06-24T14:12:49.768+0300] {logging_mixin.py:188} INFO - [2024-06-24T14:12:49.767+0300] {dag.py:3954} INFO - Setting next_dagrun for example_display_name to None, run_after=None
[2024-06-24T14:12:49.797+0300] {processor.py:183} INFO - Processing /home/user/rubix/internship_project/.venv/lib/python3.10/site-packages/airflow/example_dags/example_display_name.py took 0.084 seconds
[2024-06-24T14:13:42.726+0300] {processor.py:161} INFO - Started process (PID=26391) to work on /home/user/rubix/internship_project/.venv/lib/python3.10/site-packages/airflow/example_dags/example_display_name.py
[2024-06-24T14:13:42.727+0300] {processor.py:830} INFO - Processing file /home/user/rubix/internship_project/.venv/lib/python3.10/site-packages/airflow/example_dags/example_display_name.py for tasks to queue
[2024-06-24T14:13:42.729+0300] {logging_mixin.py:188} INFO - [2024-06-24T14:13:42.729+0300] {dagbag.py:545} INFO - Filling up the DagBag from /home/user/rubix/internship_project/.venv/lib/python3.10/site-packages/airflow/example_dags/example_display_name.py
[2024-06-24T14:13:42.736+0300] {processor.py:840} INFO - DAG(s) 'example_display_name' retrieved from /home/user/rubix/internship_project/.venv/lib/python3.10/site-packages/airflow/example_dags/example_display_name.py
[2024-06-24T14:13:42.755+0300] {logging_mixin.py:188} INFO - [2024-06-24T14:13:42.755+0300] {dag.py:3096} INFO - Sync 1 DAGs
[2024-06-24T14:13:42.765+0300] {logging_mixin.py:188} INFO - [2024-06-24T14:13:42.765+0300] {dag.py:3954} INFO - Setting next_dagrun for example_display_name to None, run_after=None
[2024-06-24T14:13:42.783+0300] {processor.py:183} INFO - Processing /home/user/rubix/internship_project/.venv/lib/python3.10/site-packages/airflow/example_dags/example_display_name.py took 0.064 seconds
[2024-06-24T14:14:47.918+0300] {processor.py:161} INFO - Started process (PID=26750) to work on /home/user/rubix/internship_project/.venv/lib/python3.10/site-packages/airflow/example_dags/example_display_name.py
[2024-06-24T14:14:47.919+0300] {processor.py:830} INFO - Processing file /home/user/rubix/internship_project/.venv/lib/python3.10/site-packages/airflow/example_dags/example_display_name.py for tasks to queue
[2024-06-24T14:14:47.920+0300] {logging_mixin.py:188} INFO - [2024-06-24T14:14:47.920+0300] {dagbag.py:545} INFO - Filling up the DagBag from /home/user/rubix/internship_project/.venv/lib/python3.10/site-packages/airflow/example_dags/example_display_name.py
[2024-06-24T14:14:47.927+0300] {processor.py:840} INFO - DAG(s) 'example_display_name' retrieved from /home/user/rubix/internship_project/.venv/lib/python3.10/site-packages/airflow/example_dags/example_display_name.py
[2024-06-24T14:14:47.944+0300] {logging_mixin.py:188} INFO - [2024-06-24T14:14:47.943+0300] {dag.py:3096} INFO - Sync 1 DAGs
[2024-06-24T14:14:47.953+0300] {logging_mixin.py:188} INFO - [2024-06-24T14:14:47.953+0300] {dag.py:3954} INFO - Setting next_dagrun for example_display_name to None, run_after=None
[2024-06-24T14:14:47.975+0300] {processor.py:183} INFO - Processing /home/user/rubix/internship_project/.venv/lib/python3.10/site-packages/airflow/example_dags/example_display_name.py took 0.065 seconds
[2024-06-24T14:15:51.462+0300] {processor.py:161} INFO - Started process (PID=26944) to work on /home/user/rubix/internship_project/.venv/lib/python3.10/site-packages/airflow/example_dags/example_display_name.py
[2024-06-24T14:15:51.463+0300] {processor.py:830} INFO - Processing file /home/user/rubix/internship_project/.venv/lib/python3.10/site-packages/airflow/example_dags/example_display_name.py for tasks to queue
[2024-06-24T14:15:51.465+0300] {logging_mixin.py:188} INFO - [2024-06-24T14:15:51.464+0300] {dagbag.py:545} INFO - Filling up the DagBag from /home/user/rubix/internship_project/.venv/lib/python3.10/site-packages/airflow/example_dags/example_display_name.py
[2024-06-24T14:15:51.473+0300] {processor.py:840} INFO - DAG(s) 'example_display_name' retrieved from /home/user/rubix/internship_project/.venv/lib/python3.10/site-packages/airflow/example_dags/example_display_name.py
[2024-06-24T14:15:51.491+0300] {logging_mixin.py:188} INFO - [2024-06-24T14:15:51.491+0300] {dag.py:3096} INFO - Sync 1 DAGs
[2024-06-24T14:15:51.501+0300] {logging_mixin.py:188} INFO - [2024-06-24T14:15:51.501+0300] {dag.py:3954} INFO - Setting next_dagrun for example_display_name to None, run_after=None
[2024-06-24T14:15:51.531+0300] {processor.py:183} INFO - Processing /home/user/rubix/internship_project/.venv/lib/python3.10/site-packages/airflow/example_dags/example_display_name.py took 0.078 seconds
[2024-06-24T14:16:52.045+0300] {processor.py:161} INFO - Started process (PID=27137) to work on /home/user/rubix/internship_project/.venv/lib/python3.10/site-packages/airflow/example_dags/example_display_name.py
[2024-06-24T14:16:52.046+0300] {processor.py:830} INFO - Processing file /home/user/rubix/internship_project/.venv/lib/python3.10/site-packages/airflow/example_dags/example_display_name.py for tasks to queue
[2024-06-24T14:16:52.047+0300] {logging_mixin.py:188} INFO - [2024-06-24T14:16:52.047+0300] {dagbag.py:545} INFO - Filling up the DagBag from /home/user/rubix/internship_project/.venv/lib/python3.10/site-packages/airflow/example_dags/example_display_name.py
[2024-06-24T14:16:52.054+0300] {processor.py:840} INFO - DAG(s) 'example_display_name' retrieved from /home/user/rubix/internship_project/.venv/lib/python3.10/site-packages/airflow/example_dags/example_display_name.py
[2024-06-24T14:16:52.070+0300] {logging_mixin.py:188} INFO - [2024-06-24T14:16:52.070+0300] {dag.py:3096} INFO - Sync 1 DAGs
[2024-06-24T14:16:52.079+0300] {logging_mixin.py:188} INFO - [2024-06-24T14:16:52.079+0300] {dag.py:3954} INFO - Setting next_dagrun for example_display_name to None, run_after=None
[2024-06-24T14:16:52.109+0300] {processor.py:183} INFO - Processing /home/user/rubix/internship_project/.venv/lib/python3.10/site-packages/airflow/example_dags/example_display_name.py took 0.072 seconds
[2024-06-24T14:17:51.537+0300] {processor.py:161} INFO - Started process (PID=27325) to work on /home/user/rubix/internship_project/.venv/lib/python3.10/site-packages/airflow/example_dags/example_display_name.py
[2024-06-24T14:17:51.538+0300] {processor.py:830} INFO - Processing file /home/user/rubix/internship_project/.venv/lib/python3.10/site-packages/airflow/example_dags/example_display_name.py for tasks to queue
[2024-06-24T14:17:51.540+0300] {logging_mixin.py:188} INFO - [2024-06-24T14:17:51.539+0300] {dagbag.py:545} INFO - Filling up the DagBag from /home/user/rubix/internship_project/.venv/lib/python3.10/site-packages/airflow/example_dags/example_display_name.py
[2024-06-24T14:17:51.548+0300] {processor.py:840} INFO - DAG(s) 'example_display_name' retrieved from /home/user/rubix/internship_project/.venv/lib/python3.10/site-packages/airflow/example_dags/example_display_name.py
[2024-06-24T14:17:51.568+0300] {logging_mixin.py:188} INFO - [2024-06-24T14:17:51.567+0300] {dag.py:3096} INFO - Sync 1 DAGs
[2024-06-24T14:17:51.581+0300] {logging_mixin.py:188} INFO - [2024-06-24T14:17:51.581+0300] {dag.py:3954} INFO - Setting next_dagrun for example_display_name to None, run_after=None
[2024-06-24T14:17:51.605+0300] {processor.py:183} INFO - Processing /home/user/rubix/internship_project/.venv/lib/python3.10/site-packages/airflow/example_dags/example_display_name.py took 0.078 seconds
[2024-06-24T14:18:50.018+0300] {processor.py:161} INFO - Started process (PID=27502) to work on /home/user/rubix/internship_project/.venv/lib/python3.10/site-packages/airflow/example_dags/example_display_name.py
[2024-06-24T14:18:50.019+0300] {processor.py:830} INFO - Processing file /home/user/rubix/internship_project/.venv/lib/python3.10/site-packages/airflow/example_dags/example_display_name.py for tasks to queue
[2024-06-24T14:18:50.024+0300] {logging_mixin.py:188} INFO - [2024-06-24T14:18:50.022+0300] {dagbag.py:545} INFO - Filling up the DagBag from /home/user/rubix/internship_project/.venv/lib/python3.10/site-packages/airflow/example_dags/example_display_name.py
[2024-06-24T14:18:50.053+0300] {processor.py:840} INFO - DAG(s) 'example_display_name' retrieved from /home/user/rubix/internship_project/.venv/lib/python3.10/site-packages/airflow/example_dags/example_display_name.py
[2024-06-24T14:18:50.085+0300] {logging_mixin.py:188} INFO - [2024-06-24T14:18:50.084+0300] {dag.py:3096} INFO - Sync 1 DAGs
[2024-06-24T14:18:50.104+0300] {logging_mixin.py:188} INFO - [2024-06-24T14:18:50.104+0300] {dag.py:3954} INFO - Setting next_dagrun for example_display_name to None, run_after=None
[2024-06-24T14:18:50.150+0300] {processor.py:183} INFO - Processing /home/user/rubix/internship_project/.venv/lib/python3.10/site-packages/airflow/example_dags/example_display_name.py took 0.147 seconds
[2024-06-24T14:19:42.003+0300] {processor.py:161} INFO - Started process (PID=27733) to work on /home/user/rubix/internship_project/.venv/lib/python3.10/site-packages/airflow/example_dags/example_display_name.py
[2024-06-24T14:19:42.004+0300] {processor.py:830} INFO - Processing file /home/user/rubix/internship_project/.venv/lib/python3.10/site-packages/airflow/example_dags/example_display_name.py for tasks to queue
[2024-06-24T14:19:42.006+0300] {logging_mixin.py:188} INFO - [2024-06-24T14:19:42.006+0300] {dagbag.py:545} INFO - Filling up the DagBag from /home/user/rubix/internship_project/.venv/lib/python3.10/site-packages/airflow/example_dags/example_display_name.py
[2024-06-24T14:19:42.013+0300] {processor.py:840} INFO - DAG(s) 'example_display_name' retrieved from /home/user/rubix/internship_project/.venv/lib/python3.10/site-packages/airflow/example_dags/example_display_name.py
[2024-06-24T14:19:42.030+0300] {logging_mixin.py:188} INFO - [2024-06-24T14:19:42.030+0300] {dag.py:3096} INFO - Sync 1 DAGs
[2024-06-24T14:19:42.041+0300] {logging_mixin.py:188} INFO - [2024-06-24T14:19:42.040+0300] {dag.py:3954} INFO - Setting next_dagrun for example_display_name to None, run_after=None
[2024-06-24T14:19:42.073+0300] {processor.py:183} INFO - Processing /home/user/rubix/internship_project/.venv/lib/python3.10/site-packages/airflow/example_dags/example_display_name.py took 0.077 seconds
[2024-06-24T14:20:38.688+0300] {processor.py:161} INFO - Started process (PID=28229) to work on /home/user/rubix/internship_project/.venv/lib/python3.10/site-packages/airflow/example_dags/example_display_name.py
[2024-06-24T14:20:38.691+0300] {processor.py:830} INFO - Processing file /home/user/rubix/internship_project/.venv/lib/python3.10/site-packages/airflow/example_dags/example_display_name.py for tasks to queue
[2024-06-24T14:20:38.693+0300] {logging_mixin.py:188} INFO - [2024-06-24T14:20:38.693+0300] {dagbag.py:545} INFO - Filling up the DagBag from /home/user/rubix/internship_project/.venv/lib/python3.10/site-packages/airflow/example_dags/example_display_name.py
[2024-06-24T14:20:38.701+0300] {processor.py:840} INFO - DAG(s) 'example_display_name' retrieved from /home/user/rubix/internship_project/.venv/lib/python3.10/site-packages/airflow/example_dags/example_display_name.py
[2024-06-24T14:20:38.720+0300] {logging_mixin.py:188} INFO - [2024-06-24T14:20:38.720+0300] {dag.py:3096} INFO - Sync 1 DAGs
[2024-06-24T14:20:38.730+0300] {logging_mixin.py:188} INFO - [2024-06-24T14:20:38.730+0300] {dag.py:3954} INFO - Setting next_dagrun for example_display_name to None, run_after=None
[2024-06-24T14:20:38.749+0300] {processor.py:183} INFO - Processing /home/user/rubix/internship_project/.venv/lib/python3.10/site-packages/airflow/example_dags/example_display_name.py took 0.071 seconds
[2024-06-24T14:21:43.195+0300] {processor.py:161} INFO - Started process (PID=28592) to work on /home/user/rubix/internship_project/.venv/lib/python3.10/site-packages/airflow/example_dags/example_display_name.py
[2024-06-24T14:21:43.196+0300] {processor.py:830} INFO - Processing file /home/user/rubix/internship_project/.venv/lib/python3.10/site-packages/airflow/example_dags/example_display_name.py for tasks to queue
[2024-06-24T14:21:43.198+0300] {logging_mixin.py:188} INFO - [2024-06-24T14:21:43.197+0300] {dagbag.py:545} INFO - Filling up the DagBag from /home/user/rubix/internship_project/.venv/lib/python3.10/site-packages/airflow/example_dags/example_display_name.py
[2024-06-24T14:21:43.205+0300] {processor.py:840} INFO - DAG(s) 'example_display_name' retrieved from /home/user/rubix/internship_project/.venv/lib/python3.10/site-packages/airflow/example_dags/example_display_name.py
[2024-06-24T14:21:43.221+0300] {logging_mixin.py:188} INFO - [2024-06-24T14:21:43.221+0300] {dag.py:3096} INFO - Sync 1 DAGs
[2024-06-24T14:21:43.230+0300] {logging_mixin.py:188} INFO - [2024-06-24T14:21:43.230+0300] {dag.py:3954} INFO - Setting next_dagrun for example_display_name to None, run_after=None
[2024-06-24T14:21:43.260+0300] {processor.py:183} INFO - Processing /home/user/rubix/internship_project/.venv/lib/python3.10/site-packages/airflow/example_dags/example_display_name.py took 0.072 seconds
[2024-06-24T14:22:38.142+0300] {processor.py:161} INFO - Started process (PID=28796) to work on /home/user/rubix/internship_project/.venv/lib/python3.10/site-packages/airflow/example_dags/example_display_name.py
[2024-06-24T14:22:38.143+0300] {processor.py:830} INFO - Processing file /home/user/rubix/internship_project/.venv/lib/python3.10/site-packages/airflow/example_dags/example_display_name.py for tasks to queue
[2024-06-24T14:22:38.145+0300] {logging_mixin.py:188} INFO - [2024-06-24T14:22:38.145+0300] {dagbag.py:545} INFO - Filling up the DagBag from /home/user/rubix/internship_project/.venv/lib/python3.10/site-packages/airflow/example_dags/example_display_name.py
[2024-06-24T14:22:38.152+0300] {processor.py:840} INFO - DAG(s) 'example_display_name' retrieved from /home/user/rubix/internship_project/.venv/lib/python3.10/site-packages/airflow/example_dags/example_display_name.py
[2024-06-24T14:22:38.172+0300] {logging_mixin.py:188} INFO - [2024-06-24T14:22:38.171+0300] {dag.py:3096} INFO - Sync 1 DAGs
[2024-06-24T14:22:38.183+0300] {logging_mixin.py:188} INFO - [2024-06-24T14:22:38.182+0300] {dag.py:3954} INFO - Setting next_dagrun for example_display_name to None, run_after=None
[2024-06-24T14:22:38.214+0300] {processor.py:183} INFO - Processing /home/user/rubix/internship_project/.venv/lib/python3.10/site-packages/airflow/example_dags/example_display_name.py took 0.081 seconds
[2024-06-24T14:23:44.371+0300] {processor.py:161} INFO - Started process (PID=29030) to work on /home/user/rubix/internship_project/.venv/lib/python3.10/site-packages/airflow/example_dags/example_display_name.py
[2024-06-24T14:23:44.372+0300] {processor.py:830} INFO - Processing file /home/user/rubix/internship_project/.venv/lib/python3.10/site-packages/airflow/example_dags/example_display_name.py for tasks to queue
[2024-06-24T14:23:44.374+0300] {logging_mixin.py:188} INFO - [2024-06-24T14:23:44.374+0300] {dagbag.py:545} INFO - Filling up the DagBag from /home/user/rubix/internship_project/.venv/lib/python3.10/site-packages/airflow/example_dags/example_display_name.py
[2024-06-24T14:23:44.381+0300] {processor.py:840} INFO - DAG(s) 'example_display_name' retrieved from /home/user/rubix/internship_project/.venv/lib/python3.10/site-packages/airflow/example_dags/example_display_name.py
[2024-06-24T14:23:44.398+0300] {logging_mixin.py:188} INFO - [2024-06-24T14:23:44.397+0300] {dag.py:3096} INFO - Sync 1 DAGs
[2024-06-24T14:23:44.407+0300] {logging_mixin.py:188} INFO - [2024-06-24T14:23:44.406+0300] {dag.py:3954} INFO - Setting next_dagrun for example_display_name to None, run_after=None
[2024-06-24T14:23:44.438+0300] {processor.py:183} INFO - Processing /home/user/rubix/internship_project/.venv/lib/python3.10/site-packages/airflow/example_dags/example_display_name.py took 0.075 seconds
[2024-06-24T14:24:51.939+0300] {processor.py:161} INFO - Started process (PID=29355) to work on /home/user/rubix/internship_project/.venv/lib/python3.10/site-packages/airflow/example_dags/example_display_name.py
[2024-06-24T14:24:51.940+0300] {processor.py:830} INFO - Processing file /home/user/rubix/internship_project/.venv/lib/python3.10/site-packages/airflow/example_dags/example_display_name.py for tasks to queue
[2024-06-24T14:24:51.942+0300] {logging_mixin.py:188} INFO - [2024-06-24T14:24:51.942+0300] {dagbag.py:545} INFO - Filling up the DagBag from /home/user/rubix/internship_project/.venv/lib/python3.10/site-packages/airflow/example_dags/example_display_name.py
[2024-06-24T14:24:51.951+0300] {processor.py:840} INFO - DAG(s) 'example_display_name' retrieved from /home/user/rubix/internship_project/.venv/lib/python3.10/site-packages/airflow/example_dags/example_display_name.py
[2024-06-24T14:24:51.970+0300] {logging_mixin.py:188} INFO - [2024-06-24T14:24:51.970+0300] {dag.py:3096} INFO - Sync 1 DAGs
[2024-06-24T14:24:51.981+0300] {logging_mixin.py:188} INFO - [2024-06-24T14:24:51.980+0300] {dag.py:3954} INFO - Setting next_dagrun for example_display_name to None, run_after=None
[2024-06-24T14:24:52.004+0300] {processor.py:183} INFO - Processing /home/user/rubix/internship_project/.venv/lib/python3.10/site-packages/airflow/example_dags/example_display_name.py took 0.073 seconds
[2024-06-24T14:25:53.999+0300] {processor.py:161} INFO - Started process (PID=29621) to work on /home/user/rubix/internship_project/.venv/lib/python3.10/site-packages/airflow/example_dags/example_display_name.py
[2024-06-24T14:25:54.000+0300] {processor.py:830} INFO - Processing file /home/user/rubix/internship_project/.venv/lib/python3.10/site-packages/airflow/example_dags/example_display_name.py for tasks to queue
[2024-06-24T14:25:54.001+0300] {logging_mixin.py:188} INFO - [2024-06-24T14:25:54.001+0300] {dagbag.py:545} INFO - Filling up the DagBag from /home/user/rubix/internship_project/.venv/lib/python3.10/site-packages/airflow/example_dags/example_display_name.py
[2024-06-24T14:25:54.009+0300] {processor.py:840} INFO - DAG(s) 'example_display_name' retrieved from /home/user/rubix/internship_project/.venv/lib/python3.10/site-packages/airflow/example_dags/example_display_name.py
[2024-06-24T14:25:54.026+0300] {logging_mixin.py:188} INFO - [2024-06-24T14:25:54.025+0300] {dag.py:3096} INFO - Sync 1 DAGs
[2024-06-24T14:25:54.036+0300] {logging_mixin.py:188} INFO - [2024-06-24T14:25:54.036+0300] {dag.py:3954} INFO - Setting next_dagrun for example_display_name to None, run_after=None
[2024-06-24T14:25:54.067+0300] {processor.py:183} INFO - Processing /home/user/rubix/internship_project/.venv/lib/python3.10/site-packages/airflow/example_dags/example_display_name.py took 0.076 seconds
[2024-06-24T14:26:57.725+0300] {processor.py:161} INFO - Started process (PID=29993) to work on /home/user/rubix/internship_project/.venv/lib/python3.10/site-packages/airflow/example_dags/example_display_name.py
[2024-06-24T14:26:57.726+0300] {processor.py:830} INFO - Processing file /home/user/rubix/internship_project/.venv/lib/python3.10/site-packages/airflow/example_dags/example_display_name.py for tasks to queue
[2024-06-24T14:26:57.728+0300] {logging_mixin.py:188} INFO - [2024-06-24T14:26:57.728+0300] {dagbag.py:545} INFO - Filling up the DagBag from /home/user/rubix/internship_project/.venv/lib/python3.10/site-packages/airflow/example_dags/example_display_name.py
[2024-06-24T14:26:57.736+0300] {processor.py:840} INFO - DAG(s) 'example_display_name' retrieved from /home/user/rubix/internship_project/.venv/lib/python3.10/site-packages/airflow/example_dags/example_display_name.py
[2024-06-24T14:26:57.753+0300] {logging_mixin.py:188} INFO - [2024-06-24T14:26:57.753+0300] {dag.py:3096} INFO - Sync 1 DAGs
[2024-06-24T14:26:57.763+0300] {logging_mixin.py:188} INFO - [2024-06-24T14:26:57.763+0300] {dag.py:3954} INFO - Setting next_dagrun for example_display_name to None, run_after=None
[2024-06-24T14:26:57.795+0300] {processor.py:183} INFO - Processing /home/user/rubix/internship_project/.venv/lib/python3.10/site-packages/airflow/example_dags/example_display_name.py took 0.077 seconds
[2024-06-24T14:28:02.969+0300] {processor.py:161} INFO - Started process (PID=30649) to work on /home/user/rubix/internship_project/.venv/lib/python3.10/site-packages/airflow/example_dags/example_display_name.py
[2024-06-24T14:28:02.970+0300] {processor.py:830} INFO - Processing file /home/user/rubix/internship_project/.venv/lib/python3.10/site-packages/airflow/example_dags/example_display_name.py for tasks to queue
[2024-06-24T14:28:02.972+0300] {logging_mixin.py:188} INFO - [2024-06-24T14:28:02.971+0300] {dagbag.py:545} INFO - Filling up the DagBag from /home/user/rubix/internship_project/.venv/lib/python3.10/site-packages/airflow/example_dags/example_display_name.py
[2024-06-24T14:28:02.980+0300] {processor.py:840} INFO - DAG(s) 'example_display_name' retrieved from /home/user/rubix/internship_project/.venv/lib/python3.10/site-packages/airflow/example_dags/example_display_name.py
[2024-06-24T14:28:03.000+0300] {logging_mixin.py:188} INFO - [2024-06-24T14:28:03.000+0300] {dag.py:3096} INFO - Sync 1 DAGs
[2024-06-24T14:28:03.011+0300] {logging_mixin.py:188} INFO - [2024-06-24T14:28:03.011+0300] {dag.py:3954} INFO - Setting next_dagrun for example_display_name to None, run_after=None
[2024-06-24T14:28:03.044+0300] {processor.py:183} INFO - Processing /home/user/rubix/internship_project/.venv/lib/python3.10/site-packages/airflow/example_dags/example_display_name.py took 0.084 seconds
[2024-06-24T14:29:10.134+0300] {processor.py:161} INFO - Started process (PID=31064) to work on /home/user/rubix/internship_project/.venv/lib/python3.10/site-packages/airflow/example_dags/example_display_name.py
[2024-06-24T14:29:10.135+0300] {processor.py:830} INFO - Processing file /home/user/rubix/internship_project/.venv/lib/python3.10/site-packages/airflow/example_dags/example_display_name.py for tasks to queue
[2024-06-24T14:29:10.137+0300] {logging_mixin.py:188} INFO - [2024-06-24T14:29:10.136+0300] {dagbag.py:545} INFO - Filling up the DagBag from /home/user/rubix/internship_project/.venv/lib/python3.10/site-packages/airflow/example_dags/example_display_name.py
[2024-06-24T14:29:10.144+0300] {processor.py:840} INFO - DAG(s) 'example_display_name' retrieved from /home/user/rubix/internship_project/.venv/lib/python3.10/site-packages/airflow/example_dags/example_display_name.py
[2024-06-24T14:29:10.165+0300] {logging_mixin.py:188} INFO - [2024-06-24T14:29:10.165+0300] {dag.py:3096} INFO - Sync 1 DAGs
[2024-06-24T14:29:10.175+0300] {logging_mixin.py:188} INFO - [2024-06-24T14:29:10.175+0300] {dag.py:3954} INFO - Setting next_dagrun for example_display_name to None, run_after=None
[2024-06-24T14:29:10.206+0300] {processor.py:183} INFO - Processing /home/user/rubix/internship_project/.venv/lib/python3.10/site-packages/airflow/example_dags/example_display_name.py took 0.082 seconds
[2024-06-24T14:30:22.705+0300] {processor.py:161} INFO - Started process (PID=31450) to work on /home/user/rubix/internship_project/.venv/lib/python3.10/site-packages/airflow/example_dags/example_display_name.py
[2024-06-24T14:30:22.707+0300] {processor.py:830} INFO - Processing file /home/user/rubix/internship_project/.venv/lib/python3.10/site-packages/airflow/example_dags/example_display_name.py for tasks to queue
[2024-06-24T14:30:22.709+0300] {logging_mixin.py:188} INFO - [2024-06-24T14:30:22.709+0300] {dagbag.py:545} INFO - Filling up the DagBag from /home/user/rubix/internship_project/.venv/lib/python3.10/site-packages/airflow/example_dags/example_display_name.py
[2024-06-24T14:30:22.716+0300] {processor.py:840} INFO - DAG(s) 'example_display_name' retrieved from /home/user/rubix/internship_project/.venv/lib/python3.10/site-packages/airflow/example_dags/example_display_name.py
[2024-06-24T14:30:22.735+0300] {logging_mixin.py:188} INFO - [2024-06-24T14:30:22.735+0300] {dag.py:3096} INFO - Sync 1 DAGs
[2024-06-24T14:30:22.750+0300] {logging_mixin.py:188} INFO - [2024-06-24T14:30:22.750+0300] {dag.py:3954} INFO - Setting next_dagrun for example_display_name to None, run_after=None
[2024-06-24T14:30:22.792+0300] {processor.py:183} INFO - Processing /home/user/rubix/internship_project/.venv/lib/python3.10/site-packages/airflow/example_dags/example_display_name.py took 0.095 seconds
[2024-06-24T14:31:32.991+0300] {processor.py:161} INFO - Started process (PID=31901) to work on /home/user/rubix/internship_project/.venv/lib/python3.10/site-packages/airflow/example_dags/example_display_name.py
[2024-06-24T14:31:32.992+0300] {processor.py:830} INFO - Processing file /home/user/rubix/internship_project/.venv/lib/python3.10/site-packages/airflow/example_dags/example_display_name.py for tasks to queue
[2024-06-24T14:31:32.994+0300] {logging_mixin.py:188} INFO - [2024-06-24T14:31:32.994+0300] {dagbag.py:545} INFO - Filling up the DagBag from /home/user/rubix/internship_project/.venv/lib/python3.10/site-packages/airflow/example_dags/example_display_name.py
[2024-06-24T14:31:33.001+0300] {processor.py:840} INFO - DAG(s) 'example_display_name' retrieved from /home/user/rubix/internship_project/.venv/lib/python3.10/site-packages/airflow/example_dags/example_display_name.py
[2024-06-24T14:31:33.017+0300] {logging_mixin.py:188} INFO - [2024-06-24T14:31:33.017+0300] {dag.py:3096} INFO - Sync 1 DAGs
[2024-06-24T14:31:33.026+0300] {logging_mixin.py:188} INFO - [2024-06-24T14:31:33.026+0300] {dag.py:3954} INFO - Setting next_dagrun for example_display_name to None, run_after=None
[2024-06-24T14:31:33.055+0300] {processor.py:183} INFO - Processing /home/user/rubix/internship_project/.venv/lib/python3.10/site-packages/airflow/example_dags/example_display_name.py took 0.072 seconds
[2024-06-24T14:32:39.927+0300] {processor.py:161} INFO - Started process (PID=32100) to work on /home/user/rubix/internship_project/.venv/lib/python3.10/site-packages/airflow/example_dags/example_display_name.py
[2024-06-24T14:32:39.928+0300] {processor.py:830} INFO - Processing file /home/user/rubix/internship_project/.venv/lib/python3.10/site-packages/airflow/example_dags/example_display_name.py for tasks to queue
[2024-06-24T14:32:39.930+0300] {logging_mixin.py:188} INFO - [2024-06-24T14:32:39.930+0300] {dagbag.py:545} INFO - Filling up the DagBag from /home/user/rubix/internship_project/.venv/lib/python3.10/site-packages/airflow/example_dags/example_display_name.py
[2024-06-24T14:32:39.938+0300] {processor.py:840} INFO - DAG(s) 'example_display_name' retrieved from /home/user/rubix/internship_project/.venv/lib/python3.10/site-packages/airflow/example_dags/example_display_name.py
[2024-06-24T14:32:39.958+0300] {logging_mixin.py:188} INFO - [2024-06-24T14:32:39.958+0300] {dag.py:3096} INFO - Sync 1 DAGs
[2024-06-24T14:32:39.970+0300] {logging_mixin.py:188} INFO - [2024-06-24T14:32:39.970+0300] {dag.py:3954} INFO - Setting next_dagrun for example_display_name to None, run_after=None
[2024-06-24T14:32:39.991+0300] {processor.py:183} INFO - Processing /home/user/rubix/internship_project/.venv/lib/python3.10/site-packages/airflow/example_dags/example_display_name.py took 0.073 seconds
