[2024-06-24T14:03:28.608+0300] {processor.py:161} INFO - Started process (PID=22718) to work on /home/user/rubix/internship_project/.venv/lib/python3.10/site-packages/airflow/example_dags/example_complex.py
[2024-06-24T14:03:28.610+0300] {processor.py:830} INFO - Processing file /home/user/rubix/internship_project/.venv/lib/python3.10/site-packages/airflow/example_dags/example_complex.py for tasks to queue
[2024-06-24T14:03:28.615+0300] {logging_mixin.py:188} INFO - [2024-06-24T14:03:28.613+0300] {dagbag.py:545} INFO - Filling up the DagBag from /home/user/rubix/internship_project/.venv/lib/python3.10/site-packages/airflow/example_dags/example_complex.py
[2024-06-24T14:03:28.640+0300] {processor.py:840} INFO - DAG(s) 'example_complex' retrieved from /home/user/rubix/internship_project/.venv/lib/python3.10/site-packages/airflow/example_dags/example_complex.py
[2024-06-24T14:03:28.787+0300] {logging_mixin.py:188} INFO - [2024-06-24T14:03:28.787+0300] {dag.py:3096} INFO - Sync 1 DAGs
[2024-06-24T14:03:28.965+0300] {logging_mixin.py:188} INFO - [2024-06-24T14:03:28.965+0300] {dag.py:3954} INFO - Setting next_dagrun for example_complex to None, run_after=None
[2024-06-24T14:03:29.008+0300] {processor.py:183} INFO - Processing /home/user/rubix/internship_project/.venv/lib/python3.10/site-packages/airflow/example_dags/example_complex.py took 0.412 seconds
[2024-06-24T14:04:39.513+0300] {processor.py:161} INFO - Started process (PID=23284) to work on /home/user/rubix/internship_project/.venv/lib/python3.10/site-packages/airflow/example_dags/example_complex.py
[2024-06-24T14:04:39.514+0300] {processor.py:830} INFO - Processing file /home/user/rubix/internship_project/.venv/lib/python3.10/site-packages/airflow/example_dags/example_complex.py for tasks to queue
[2024-06-24T14:04:39.516+0300] {logging_mixin.py:188} INFO - [2024-06-24T14:04:39.516+0300] {dagbag.py:545} INFO - Filling up the DagBag from /home/user/rubix/internship_project/.venv/lib/python3.10/site-packages/airflow/example_dags/example_complex.py
[2024-06-24T14:04:39.526+0300] {processor.py:840} INFO - DAG(s) 'example_complex' retrieved from /home/user/rubix/internship_project/.venv/lib/python3.10/site-packages/airflow/example_dags/example_complex.py
[2024-06-24T14:04:39.620+0300] {logging_mixin.py:188} INFO - [2024-06-24T14:04:39.619+0300] {dag.py:3096} INFO - Sync 1 DAGs
[2024-06-24T14:04:39.731+0300] {logging_mixin.py:188} INFO - [2024-06-24T14:04:39.731+0300] {dag.py:3954} INFO - Setting next_dagrun for example_complex to None, run_after=None
[2024-06-24T14:04:39.751+0300] {processor.py:183} INFO - Processing /home/user/rubix/internship_project/.venv/lib/python3.10/site-packages/airflow/example_dags/example_complex.py took 0.245 seconds
[2024-06-24T14:05:41.516+0300] {processor.py:161} INFO - Started process (PID=23793) to work on /home/user/rubix/internship_project/.venv/lib/python3.10/site-packages/airflow/example_dags/example_complex.py
[2024-06-24T14:05:41.517+0300] {processor.py:830} INFO - Processing file /home/user/rubix/internship_project/.venv/lib/python3.10/site-packages/airflow/example_dags/example_complex.py for tasks to queue
[2024-06-24T14:05:41.519+0300] {logging_mixin.py:188} INFO - [2024-06-24T14:05:41.519+0300] {dagbag.py:545} INFO - Filling up the DagBag from /home/user/rubix/internship_project/.venv/lib/python3.10/site-packages/airflow/example_dags/example_complex.py
[2024-06-24T14:05:41.543+0300] {processor.py:840} INFO - DAG(s) 'example_complex' retrieved from /home/user/rubix/internship_project/.venv/lib/python3.10/site-packages/airflow/example_dags/example_complex.py
[2024-06-24T14:05:41.570+0300] {logging_mixin.py:188} INFO - [2024-06-24T14:05:41.570+0300] {dag.py:3096} INFO - Sync 1 DAGs
[2024-06-24T14:05:41.581+0300] {logging_mixin.py:188} INFO - [2024-06-24T14:05:41.581+0300] {dag.py:3954} INFO - Setting next_dagrun for example_complex to None, run_after=None
[2024-06-24T14:05:41.600+0300] {processor.py:183} INFO - Processing /home/user/rubix/internship_project/.venv/lib/python3.10/site-packages/airflow/example_dags/example_complex.py took 0.094 seconds
[2024-06-24T14:06:43.066+0300] {processor.py:161} INFO - Started process (PID=24141) to work on /home/user/rubix/internship_project/.venv/lib/python3.10/site-packages/airflow/example_dags/example_complex.py
[2024-06-24T14:06:43.067+0300] {processor.py:830} INFO - Processing file /home/user/rubix/internship_project/.venv/lib/python3.10/site-packages/airflow/example_dags/example_complex.py for tasks to queue
[2024-06-24T14:06:43.068+0300] {logging_mixin.py:188} INFO - [2024-06-24T14:06:43.068+0300] {dagbag.py:545} INFO - Filling up the DagBag from /home/user/rubix/internship_project/.venv/lib/python3.10/site-packages/airflow/example_dags/example_complex.py
[2024-06-24T14:06:43.182+0300] {processor.py:840} INFO - DAG(s) 'example_complex' retrieved from /home/user/rubix/internship_project/.venv/lib/python3.10/site-packages/airflow/example_dags/example_complex.py
[2024-06-24T14:06:43.200+0300] {logging_mixin.py:188} INFO - [2024-06-24T14:06:43.200+0300] {dag.py:3096} INFO - Sync 1 DAGs
[2024-06-24T14:06:43.208+0300] {logging_mixin.py:188} INFO - [2024-06-24T14:06:43.207+0300] {dag.py:3954} INFO - Setting next_dagrun for example_complex to None, run_after=None
[2024-06-24T14:06:43.236+0300] {processor.py:183} INFO - Processing /home/user/rubix/internship_project/.venv/lib/python3.10/site-packages/airflow/example_dags/example_complex.py took 0.178 seconds
[2024-06-24T14:07:35.598+0300] {processor.py:161} INFO - Started process (PID=24382) to work on /home/user/rubix/internship_project/.venv/lib/python3.10/site-packages/airflow/example_dags/example_complex.py
[2024-06-24T14:07:35.599+0300] {processor.py:830} INFO - Processing file /home/user/rubix/internship_project/.venv/lib/python3.10/site-packages/airflow/example_dags/example_complex.py for tasks to queue
[2024-06-24T14:07:35.601+0300] {logging_mixin.py:188} INFO - [2024-06-24T14:07:35.600+0300] {dagbag.py:545} INFO - Filling up the DagBag from /home/user/rubix/internship_project/.venv/lib/python3.10/site-packages/airflow/example_dags/example_complex.py
[2024-06-24T14:07:35.611+0300] {processor.py:840} INFO - DAG(s) 'example_complex' retrieved from /home/user/rubix/internship_project/.venv/lib/python3.10/site-packages/airflow/example_dags/example_complex.py
[2024-06-24T14:07:35.634+0300] {logging_mixin.py:188} INFO - [2024-06-24T14:07:35.634+0300] {dag.py:3096} INFO - Sync 1 DAGs
[2024-06-24T14:07:35.643+0300] {logging_mixin.py:188} INFO - [2024-06-24T14:07:35.643+0300] {dag.py:3954} INFO - Setting next_dagrun for example_complex to None, run_after=None
[2024-06-24T14:07:35.671+0300] {processor.py:183} INFO - Processing /home/user/rubix/internship_project/.venv/lib/python3.10/site-packages/airflow/example_dags/example_complex.py took 0.081 seconds
[2024-06-24T14:08:44.491+0300] {processor.py:161} INFO - Started process (PID=24788) to work on /home/user/rubix/internship_project/.venv/lib/python3.10/site-packages/airflow/example_dags/example_complex.py
[2024-06-24T14:08:44.492+0300] {processor.py:830} INFO - Processing file /home/user/rubix/internship_project/.venv/lib/python3.10/site-packages/airflow/example_dags/example_complex.py for tasks to queue
[2024-06-24T14:08:44.494+0300] {logging_mixin.py:188} INFO - [2024-06-24T14:08:44.494+0300] {dagbag.py:545} INFO - Filling up the DagBag from /home/user/rubix/internship_project/.venv/lib/python3.10/site-packages/airflow/example_dags/example_complex.py
[2024-06-24T14:08:44.507+0300] {processor.py:840} INFO - DAG(s) 'example_complex' retrieved from /home/user/rubix/internship_project/.venv/lib/python3.10/site-packages/airflow/example_dags/example_complex.py
[2024-06-24T14:08:44.544+0300] {logging_mixin.py:188} INFO - [2024-06-24T14:08:44.544+0300] {dag.py:3096} INFO - Sync 1 DAGs
[2024-06-24T14:08:44.558+0300] {logging_mixin.py:188} INFO - [2024-06-24T14:08:44.557+0300] {dag.py:3954} INFO - Setting next_dagrun for example_complex to None, run_after=None
[2024-06-24T14:08:44.584+0300] {processor.py:183} INFO - Processing /home/user/rubix/internship_project/.venv/lib/python3.10/site-packages/airflow/example_dags/example_complex.py took 0.102 seconds
[2024-06-24T14:09:53.832+0300] {processor.py:161} INFO - Started process (PID=25260) to work on /home/user/rubix/internship_project/.venv/lib/python3.10/site-packages/airflow/example_dags/example_complex.py
[2024-06-24T14:09:53.833+0300] {processor.py:830} INFO - Processing file /home/user/rubix/internship_project/.venv/lib/python3.10/site-packages/airflow/example_dags/example_complex.py for tasks to queue
[2024-06-24T14:09:53.835+0300] {logging_mixin.py:188} INFO - [2024-06-24T14:09:53.834+0300] {dagbag.py:545} INFO - Filling up the DagBag from /home/user/rubix/internship_project/.venv/lib/python3.10/site-packages/airflow/example_dags/example_complex.py
[2024-06-24T14:09:53.845+0300] {processor.py:840} INFO - DAG(s) 'example_complex' retrieved from /home/user/rubix/internship_project/.venv/lib/python3.10/site-packages/airflow/example_dags/example_complex.py
[2024-06-24T14:09:53.868+0300] {logging_mixin.py:188} INFO - [2024-06-24T14:09:53.868+0300] {dag.py:3096} INFO - Sync 1 DAGs
[2024-06-24T14:09:53.876+0300] {logging_mixin.py:188} INFO - [2024-06-24T14:09:53.876+0300] {dag.py:3954} INFO - Setting next_dagrun for example_complex to None, run_after=None
[2024-06-24T14:09:53.905+0300] {processor.py:183} INFO - Processing /home/user/rubix/internship_project/.venv/lib/python3.10/site-packages/airflow/example_dags/example_complex.py took 0.081 seconds
[2024-06-24T14:10:59.584+0300] {processor.py:161} INFO - Started process (PID=25652) to work on /home/user/rubix/internship_project/.venv/lib/python3.10/site-packages/airflow/example_dags/example_complex.py
[2024-06-24T14:10:59.586+0300] {processor.py:830} INFO - Processing file /home/user/rubix/internship_project/.venv/lib/python3.10/site-packages/airflow/example_dags/example_complex.py for tasks to queue
[2024-06-24T14:10:59.590+0300] {logging_mixin.py:188} INFO - [2024-06-24T14:10:59.589+0300] {dagbag.py:545} INFO - Filling up the DagBag from /home/user/rubix/internship_project/.venv/lib/python3.10/site-packages/airflow/example_dags/example_complex.py
[2024-06-24T14:10:59.604+0300] {processor.py:840} INFO - DAG(s) 'example_complex' retrieved from /home/user/rubix/internship_project/.venv/lib/python3.10/site-packages/airflow/example_dags/example_complex.py
[2024-06-24T14:10:59.646+0300] {logging_mixin.py:188} INFO - [2024-06-24T14:10:59.646+0300] {dag.py:3096} INFO - Sync 1 DAGs
[2024-06-24T14:10:59.658+0300] {logging_mixin.py:188} INFO - [2024-06-24T14:10:59.658+0300] {dag.py:3954} INFO - Setting next_dagrun for example_complex to None, run_after=None
[2024-06-24T14:10:59.695+0300] {processor.py:183} INFO - Processing /home/user/rubix/internship_project/.venv/lib/python3.10/site-packages/airflow/example_dags/example_complex.py took 0.125 seconds
[2024-06-24T14:12:06.868+0300] {processor.py:161} INFO - Started process (PID=26078) to work on /home/user/rubix/internship_project/.venv/lib/python3.10/site-packages/airflow/example_dags/example_complex.py
[2024-06-24T14:12:06.869+0300] {processor.py:830} INFO - Processing file /home/user/rubix/internship_project/.venv/lib/python3.10/site-packages/airflow/example_dags/example_complex.py for tasks to queue
[2024-06-24T14:12:06.871+0300] {logging_mixin.py:188} INFO - [2024-06-24T14:12:06.871+0300] {dagbag.py:545} INFO - Filling up the DagBag from /home/user/rubix/internship_project/.venv/lib/python3.10/site-packages/airflow/example_dags/example_complex.py
[2024-06-24T14:12:06.881+0300] {processor.py:840} INFO - DAG(s) 'example_complex' retrieved from /home/user/rubix/internship_project/.venv/lib/python3.10/site-packages/airflow/example_dags/example_complex.py
[2024-06-24T14:12:06.904+0300] {logging_mixin.py:188} INFO - [2024-06-24T14:12:06.904+0300] {dag.py:3096} INFO - Sync 1 DAGs
[2024-06-24T14:12:06.913+0300] {logging_mixin.py:188} INFO - [2024-06-24T14:12:06.913+0300] {dag.py:3954} INFO - Setting next_dagrun for example_complex to None, run_after=None
[2024-06-24T14:12:06.933+0300] {processor.py:183} INFO - Processing /home/user/rubix/internship_project/.venv/lib/python3.10/site-packages/airflow/example_dags/example_complex.py took 0.073 seconds
[2024-06-24T14:13:17.336+0300] {processor.py:161} INFO - Started process (PID=26284) to work on /home/user/rubix/internship_project/.venv/lib/python3.10/site-packages/airflow/example_dags/example_complex.py
[2024-06-24T14:13:17.337+0300] {processor.py:830} INFO - Processing file /home/user/rubix/internship_project/.venv/lib/python3.10/site-packages/airflow/example_dags/example_complex.py for tasks to queue
[2024-06-24T14:13:17.339+0300] {logging_mixin.py:188} INFO - [2024-06-24T14:13:17.338+0300] {dagbag.py:545} INFO - Filling up the DagBag from /home/user/rubix/internship_project/.venv/lib/python3.10/site-packages/airflow/example_dags/example_complex.py
[2024-06-24T14:13:17.362+0300] {processor.py:840} INFO - DAG(s) 'example_complex' retrieved from /home/user/rubix/internship_project/.venv/lib/python3.10/site-packages/airflow/example_dags/example_complex.py
[2024-06-24T14:13:17.385+0300] {logging_mixin.py:188} INFO - [2024-06-24T14:13:17.385+0300] {dag.py:3096} INFO - Sync 1 DAGs
[2024-06-24T14:13:17.394+0300] {logging_mixin.py:188} INFO - [2024-06-24T14:13:17.394+0300] {dag.py:3954} INFO - Setting next_dagrun for example_complex to None, run_after=None
[2024-06-24T14:13:17.424+0300] {processor.py:183} INFO - Processing /home/user/rubix/internship_project/.venv/lib/python3.10/site-packages/airflow/example_dags/example_complex.py took 0.096 seconds
[2024-06-24T14:14:08.144+0300] {processor.py:161} INFO - Started process (PID=26607) to work on /home/user/rubix/internship_project/.venv/lib/python3.10/site-packages/airflow/example_dags/example_complex.py
[2024-06-24T14:14:08.145+0300] {processor.py:830} INFO - Processing file /home/user/rubix/internship_project/.venv/lib/python3.10/site-packages/airflow/example_dags/example_complex.py for tasks to queue
[2024-06-24T14:14:08.147+0300] {logging_mixin.py:188} INFO - [2024-06-24T14:14:08.146+0300] {dagbag.py:545} INFO - Filling up the DagBag from /home/user/rubix/internship_project/.venv/lib/python3.10/site-packages/airflow/example_dags/example_complex.py
[2024-06-24T14:14:08.157+0300] {processor.py:840} INFO - DAG(s) 'example_complex' retrieved from /home/user/rubix/internship_project/.venv/lib/python3.10/site-packages/airflow/example_dags/example_complex.py
[2024-06-24T14:14:08.182+0300] {logging_mixin.py:188} INFO - [2024-06-24T14:14:08.182+0300] {dag.py:3096} INFO - Sync 1 DAGs
[2024-06-24T14:14:08.192+0300] {logging_mixin.py:188} INFO - [2024-06-24T14:14:08.192+0300] {dag.py:3954} INFO - Setting next_dagrun for example_complex to None, run_after=None
[2024-06-24T14:14:08.223+0300] {processor.py:183} INFO - Processing /home/user/rubix/internship_project/.venv/lib/python3.10/site-packages/airflow/example_dags/example_complex.py took 0.088 seconds
[2024-06-24T14:15:13.614+0300] {processor.py:161} INFO - Started process (PID=26860) to work on /home/user/rubix/internship_project/.venv/lib/python3.10/site-packages/airflow/example_dags/example_complex.py
[2024-06-24T14:15:13.615+0300] {processor.py:830} INFO - Processing file /home/user/rubix/internship_project/.venv/lib/python3.10/site-packages/airflow/example_dags/example_complex.py for tasks to queue
[2024-06-24T14:15:13.617+0300] {logging_mixin.py:188} INFO - [2024-06-24T14:15:13.617+0300] {dagbag.py:545} INFO - Filling up the DagBag from /home/user/rubix/internship_project/.venv/lib/python3.10/site-packages/airflow/example_dags/example_complex.py
[2024-06-24T14:15:13.634+0300] {processor.py:840} INFO - DAG(s) 'example_complex' retrieved from /home/user/rubix/internship_project/.venv/lib/python3.10/site-packages/airflow/example_dags/example_complex.py
[2024-06-24T14:15:13.660+0300] {logging_mixin.py:188} INFO - [2024-06-24T14:15:13.660+0300] {dag.py:3096} INFO - Sync 1 DAGs
[2024-06-24T14:15:13.669+0300] {logging_mixin.py:188} INFO - [2024-06-24T14:15:13.669+0300] {dag.py:3954} INFO - Setting next_dagrun for example_complex to None, run_after=None
[2024-06-24T14:15:13.701+0300] {processor.py:183} INFO - Processing /home/user/rubix/internship_project/.venv/lib/python3.10/site-packages/airflow/example_dags/example_complex.py took 0.099 seconds
[2024-06-24T14:16:16.050+0300] {processor.py:161} INFO - Started process (PID=27060) to work on /home/user/rubix/internship_project/.venv/lib/python3.10/site-packages/airflow/example_dags/example_complex.py
[2024-06-24T14:16:16.051+0300] {processor.py:830} INFO - Processing file /home/user/rubix/internship_project/.venv/lib/python3.10/site-packages/airflow/example_dags/example_complex.py for tasks to queue
[2024-06-24T14:16:16.053+0300] {logging_mixin.py:188} INFO - [2024-06-24T14:16:16.052+0300] {dagbag.py:545} INFO - Filling up the DagBag from /home/user/rubix/internship_project/.venv/lib/python3.10/site-packages/airflow/example_dags/example_complex.py
[2024-06-24T14:16:16.064+0300] {processor.py:840} INFO - DAG(s) 'example_complex' retrieved from /home/user/rubix/internship_project/.venv/lib/python3.10/site-packages/airflow/example_dags/example_complex.py
[2024-06-24T14:16:16.090+0300] {logging_mixin.py:188} INFO - [2024-06-24T14:16:16.090+0300] {dag.py:3096} INFO - Sync 1 DAGs
[2024-06-24T14:16:16.100+0300] {logging_mixin.py:188} INFO - [2024-06-24T14:16:16.100+0300] {dag.py:3954} INFO - Setting next_dagrun for example_complex to None, run_after=None
[2024-06-24T14:16:16.134+0300] {processor.py:183} INFO - Processing /home/user/rubix/internship_project/.venv/lib/python3.10/site-packages/airflow/example_dags/example_complex.py took 0.093 seconds
[2024-06-24T14:17:14.938+0300] {processor.py:161} INFO - Started process (PID=27245) to work on /home/user/rubix/internship_project/.venv/lib/python3.10/site-packages/airflow/example_dags/example_complex.py
[2024-06-24T14:17:14.939+0300] {processor.py:830} INFO - Processing file /home/user/rubix/internship_project/.venv/lib/python3.10/site-packages/airflow/example_dags/example_complex.py for tasks to queue
[2024-06-24T14:17:14.941+0300] {logging_mixin.py:188} INFO - [2024-06-24T14:17:14.941+0300] {dagbag.py:545} INFO - Filling up the DagBag from /home/user/rubix/internship_project/.venv/lib/python3.10/site-packages/airflow/example_dags/example_complex.py
[2024-06-24T14:17:14.951+0300] {processor.py:840} INFO - DAG(s) 'example_complex' retrieved from /home/user/rubix/internship_project/.venv/lib/python3.10/site-packages/airflow/example_dags/example_complex.py
[2024-06-24T14:17:14.975+0300] {logging_mixin.py:188} INFO - [2024-06-24T14:17:14.974+0300] {dag.py:3096} INFO - Sync 1 DAGs
[2024-06-24T14:17:14.984+0300] {logging_mixin.py:188} INFO - [2024-06-24T14:17:14.984+0300] {dag.py:3954} INFO - Setting next_dagrun for example_complex to None, run_after=None
[2024-06-24T14:17:15.015+0300] {processor.py:183} INFO - Processing /home/user/rubix/internship_project/.venv/lib/python3.10/site-packages/airflow/example_dags/example_complex.py took 0.084 seconds
[2024-06-24T14:18:25.050+0300] {processor.py:161} INFO - Started process (PID=27454) to work on /home/user/rubix/internship_project/.venv/lib/python3.10/site-packages/airflow/example_dags/example_complex.py
[2024-06-24T14:18:25.051+0300] {processor.py:830} INFO - Processing file /home/user/rubix/internship_project/.venv/lib/python3.10/site-packages/airflow/example_dags/example_complex.py for tasks to queue
[2024-06-24T14:18:25.053+0300] {logging_mixin.py:188} INFO - [2024-06-24T14:18:25.053+0300] {dagbag.py:545} INFO - Filling up the DagBag from /home/user/rubix/internship_project/.venv/lib/python3.10/site-packages/airflow/example_dags/example_complex.py
[2024-06-24T14:18:25.076+0300] {processor.py:840} INFO - DAG(s) 'example_complex' retrieved from /home/user/rubix/internship_project/.venv/lib/python3.10/site-packages/airflow/example_dags/example_complex.py
[2024-06-24T14:18:25.107+0300] {logging_mixin.py:188} INFO - [2024-06-24T14:18:25.107+0300] {dag.py:3096} INFO - Sync 1 DAGs
[2024-06-24T14:18:25.116+0300] {logging_mixin.py:188} INFO - [2024-06-24T14:18:25.116+0300] {dag.py:3954} INFO - Setting next_dagrun for example_complex to None, run_after=None
[2024-06-24T14:18:25.136+0300] {processor.py:183} INFO - Processing /home/user/rubix/internship_project/.venv/lib/python3.10/site-packages/airflow/example_dags/example_complex.py took 0.093 seconds
[2024-06-24T14:19:17.539+0300] {processor.py:161} INFO - Started process (PID=27685) to work on /home/user/rubix/internship_project/.venv/lib/python3.10/site-packages/airflow/example_dags/example_complex.py
[2024-06-24T14:19:17.540+0300] {processor.py:830} INFO - Processing file /home/user/rubix/internship_project/.venv/lib/python3.10/site-packages/airflow/example_dags/example_complex.py for tasks to queue
[2024-06-24T14:19:17.542+0300] {logging_mixin.py:188} INFO - [2024-06-24T14:19:17.542+0300] {dagbag.py:545} INFO - Filling up the DagBag from /home/user/rubix/internship_project/.venv/lib/python3.10/site-packages/airflow/example_dags/example_complex.py
[2024-06-24T14:19:17.552+0300] {processor.py:840} INFO - DAG(s) 'example_complex' retrieved from /home/user/rubix/internship_project/.venv/lib/python3.10/site-packages/airflow/example_dags/example_complex.py
[2024-06-24T14:19:17.576+0300] {logging_mixin.py:188} INFO - [2024-06-24T14:19:17.575+0300] {dag.py:3096} INFO - Sync 1 DAGs
[2024-06-24T14:19:17.584+0300] {logging_mixin.py:188} INFO - [2024-06-24T14:19:17.584+0300] {dag.py:3954} INFO - Setting next_dagrun for example_complex to None, run_after=None
[2024-06-24T14:19:17.616+0300] {processor.py:183} INFO - Processing /home/user/rubix/internship_project/.venv/lib/python3.10/site-packages/airflow/example_dags/example_complex.py took 0.084 seconds
[2024-06-24T14:20:18.582+0300] {processor.py:161} INFO - Started process (PID=28076) to work on /home/user/rubix/internship_project/.venv/lib/python3.10/site-packages/airflow/example_dags/example_complex.py
[2024-06-24T14:20:18.584+0300] {processor.py:830} INFO - Processing file /home/user/rubix/internship_project/.venv/lib/python3.10/site-packages/airflow/example_dags/example_complex.py for tasks to queue
[2024-06-24T14:20:18.586+0300] {logging_mixin.py:188} INFO - [2024-06-24T14:20:18.586+0300] {dagbag.py:545} INFO - Filling up the DagBag from /home/user/rubix/internship_project/.venv/lib/python3.10/site-packages/airflow/example_dags/example_complex.py
[2024-06-24T14:20:18.601+0300] {processor.py:840} INFO - DAG(s) 'example_complex' retrieved from /home/user/rubix/internship_project/.venv/lib/python3.10/site-packages/airflow/example_dags/example_complex.py
[2024-06-24T14:20:18.631+0300] {logging_mixin.py:188} INFO - [2024-06-24T14:20:18.631+0300] {dag.py:3096} INFO - Sync 1 DAGs
[2024-06-24T14:20:18.641+0300] {logging_mixin.py:188} INFO - [2024-06-24T14:20:18.641+0300] {dag.py:3954} INFO - Setting next_dagrun for example_complex to None, run_after=None
[2024-06-24T14:20:18.672+0300] {processor.py:183} INFO - Processing /home/user/rubix/internship_project/.venv/lib/python3.10/site-packages/airflow/example_dags/example_complex.py took 0.100 seconds
[2024-06-24T14:21:20.638+0300] {processor.py:161} INFO - Started process (PID=28500) to work on /home/user/rubix/internship_project/.venv/lib/python3.10/site-packages/airflow/example_dags/example_complex.py
[2024-06-24T14:21:20.640+0300] {processor.py:830} INFO - Processing file /home/user/rubix/internship_project/.venv/lib/python3.10/site-packages/airflow/example_dags/example_complex.py for tasks to queue
[2024-06-24T14:21:20.643+0300] {logging_mixin.py:188} INFO - [2024-06-24T14:21:20.642+0300] {dagbag.py:545} INFO - Filling up the DagBag from /home/user/rubix/internship_project/.venv/lib/python3.10/site-packages/airflow/example_dags/example_complex.py
[2024-06-24T14:21:20.657+0300] {processor.py:840} INFO - DAG(s) 'example_complex' retrieved from /home/user/rubix/internship_project/.venv/lib/python3.10/site-packages/airflow/example_dags/example_complex.py
[2024-06-24T14:21:20.688+0300] {logging_mixin.py:188} INFO - [2024-06-24T14:21:20.688+0300] {dag.py:3096} INFO - Sync 1 DAGs
[2024-06-24T14:21:20.702+0300] {logging_mixin.py:188} INFO - [2024-06-24T14:21:20.702+0300] {dag.py:3954} INFO - Setting next_dagrun for example_complex to None, run_after=None
[2024-06-24T14:21:20.738+0300] {processor.py:183} INFO - Processing /home/user/rubix/internship_project/.venv/lib/python3.10/site-packages/airflow/example_dags/example_complex.py took 0.109 seconds
[2024-06-24T14:22:17.845+0300] {processor.py:161} INFO - Started process (PID=28747) to work on /home/user/rubix/internship_project/.venv/lib/python3.10/site-packages/airflow/example_dags/example_complex.py
[2024-06-24T14:22:17.846+0300] {processor.py:830} INFO - Processing file /home/user/rubix/internship_project/.venv/lib/python3.10/site-packages/airflow/example_dags/example_complex.py for tasks to queue
[2024-06-24T14:22:17.848+0300] {logging_mixin.py:188} INFO - [2024-06-24T14:22:17.847+0300] {dagbag.py:545} INFO - Filling up the DagBag from /home/user/rubix/internship_project/.venv/lib/python3.10/site-packages/airflow/example_dags/example_complex.py
[2024-06-24T14:22:17.858+0300] {processor.py:840} INFO - DAG(s) 'example_complex' retrieved from /home/user/rubix/internship_project/.venv/lib/python3.10/site-packages/airflow/example_dags/example_complex.py
[2024-06-24T14:22:17.885+0300] {logging_mixin.py:188} INFO - [2024-06-24T14:22:17.885+0300] {dag.py:3096} INFO - Sync 1 DAGs
[2024-06-24T14:22:17.895+0300] {logging_mixin.py:188} INFO - [2024-06-24T14:22:17.895+0300] {dag.py:3954} INFO - Setting next_dagrun for example_complex to None, run_after=None
[2024-06-24T14:22:17.925+0300] {processor.py:183} INFO - Processing /home/user/rubix/internship_project/.venv/lib/python3.10/site-packages/airflow/example_dags/example_complex.py took 0.088 seconds
[2024-06-24T14:23:20.269+0300] {processor.py:161} INFO - Started process (PID=28985) to work on /home/user/rubix/internship_project/.venv/lib/python3.10/site-packages/airflow/example_dags/example_complex.py
[2024-06-24T14:23:20.270+0300] {processor.py:830} INFO - Processing file /home/user/rubix/internship_project/.venv/lib/python3.10/site-packages/airflow/example_dags/example_complex.py for tasks to queue
[2024-06-24T14:23:20.271+0300] {logging_mixin.py:188} INFO - [2024-06-24T14:23:20.271+0300] {dagbag.py:545} INFO - Filling up the DagBag from /home/user/rubix/internship_project/.venv/lib/python3.10/site-packages/airflow/example_dags/example_complex.py
[2024-06-24T14:23:20.281+0300] {processor.py:840} INFO - DAG(s) 'example_complex' retrieved from /home/user/rubix/internship_project/.venv/lib/python3.10/site-packages/airflow/example_dags/example_complex.py
[2024-06-24T14:23:20.305+0300] {logging_mixin.py:188} INFO - [2024-06-24T14:23:20.305+0300] {dag.py:3096} INFO - Sync 1 DAGs
[2024-06-24T14:23:20.314+0300] {logging_mixin.py:188} INFO - [2024-06-24T14:23:20.314+0300] {dag.py:3954} INFO - Setting next_dagrun for example_complex to None, run_after=None
[2024-06-24T14:23:20.344+0300] {processor.py:183} INFO - Processing /home/user/rubix/internship_project/.venv/lib/python3.10/site-packages/airflow/example_dags/example_complex.py took 0.083 seconds
[2024-06-24T14:24:29.836+0300] {processor.py:161} INFO - Started process (PID=29248) to work on /home/user/rubix/internship_project/.venv/lib/python3.10/site-packages/airflow/example_dags/example_complex.py
[2024-06-24T14:24:29.840+0300] {processor.py:830} INFO - Processing file /home/user/rubix/internship_project/.venv/lib/python3.10/site-packages/airflow/example_dags/example_complex.py for tasks to queue
[2024-06-24T14:24:29.844+0300] {logging_mixin.py:188} INFO - [2024-06-24T14:24:29.843+0300] {dagbag.py:545} INFO - Filling up the DagBag from /home/user/rubix/internship_project/.venv/lib/python3.10/site-packages/airflow/example_dags/example_complex.py
[2024-06-24T14:24:29.857+0300] {processor.py:840} INFO - DAG(s) 'example_complex' retrieved from /home/user/rubix/internship_project/.venv/lib/python3.10/site-packages/airflow/example_dags/example_complex.py
[2024-06-24T14:24:29.895+0300] {logging_mixin.py:188} INFO - [2024-06-24T14:24:29.895+0300] {dag.py:3096} INFO - Sync 1 DAGs
[2024-06-24T14:24:29.909+0300] {logging_mixin.py:188} INFO - [2024-06-24T14:24:29.909+0300] {dag.py:3954} INFO - Setting next_dagrun for example_complex to None, run_after=None
[2024-06-24T14:24:29.946+0300] {processor.py:183} INFO - Processing /home/user/rubix/internship_project/.venv/lib/python3.10/site-packages/airflow/example_dags/example_complex.py took 0.118 seconds
[2024-06-24T14:25:33.898+0300] {processor.py:161} INFO - Started process (PID=29582) to work on /home/user/rubix/internship_project/.venv/lib/python3.10/site-packages/airflow/example_dags/example_complex.py
[2024-06-24T14:25:33.899+0300] {processor.py:830} INFO - Processing file /home/user/rubix/internship_project/.venv/lib/python3.10/site-packages/airflow/example_dags/example_complex.py for tasks to queue
[2024-06-24T14:25:33.901+0300] {logging_mixin.py:188} INFO - [2024-06-24T14:25:33.900+0300] {dagbag.py:545} INFO - Filling up the DagBag from /home/user/rubix/internship_project/.venv/lib/python3.10/site-packages/airflow/example_dags/example_complex.py
[2024-06-24T14:25:33.910+0300] {processor.py:840} INFO - DAG(s) 'example_complex' retrieved from /home/user/rubix/internship_project/.venv/lib/python3.10/site-packages/airflow/example_dags/example_complex.py
[2024-06-24T14:25:33.933+0300] {logging_mixin.py:188} INFO - [2024-06-24T14:25:33.933+0300] {dag.py:3096} INFO - Sync 1 DAGs
[2024-06-24T14:25:33.942+0300] {logging_mixin.py:188} INFO - [2024-06-24T14:25:33.942+0300] {dag.py:3954} INFO - Setting next_dagrun for example_complex to None, run_after=None
[2024-06-24T14:25:33.972+0300] {processor.py:183} INFO - Processing /home/user/rubix/internship_project/.venv/lib/python3.10/site-packages/airflow/example_dags/example_complex.py took 0.082 seconds
[2024-06-24T14:26:33.567+0300] {processor.py:161} INFO - Started process (PID=29831) to work on /home/user/rubix/internship_project/.venv/lib/python3.10/site-packages/airflow/example_dags/example_complex.py
[2024-06-24T14:26:33.569+0300] {processor.py:830} INFO - Processing file /home/user/rubix/internship_project/.venv/lib/python3.10/site-packages/airflow/example_dags/example_complex.py for tasks to queue
[2024-06-24T14:26:33.570+0300] {logging_mixin.py:188} INFO - [2024-06-24T14:26:33.570+0300] {dagbag.py:545} INFO - Filling up the DagBag from /home/user/rubix/internship_project/.venv/lib/python3.10/site-packages/airflow/example_dags/example_complex.py
[2024-06-24T14:26:33.581+0300] {processor.py:840} INFO - DAG(s) 'example_complex' retrieved from /home/user/rubix/internship_project/.venv/lib/python3.10/site-packages/airflow/example_dags/example_complex.py
[2024-06-24T14:26:33.605+0300] {logging_mixin.py:188} INFO - [2024-06-24T14:26:33.604+0300] {dag.py:3096} INFO - Sync 1 DAGs
[2024-06-24T14:26:33.614+0300] {logging_mixin.py:188} INFO - [2024-06-24T14:26:33.614+0300] {dag.py:3954} INFO - Setting next_dagrun for example_complex to None, run_after=None
[2024-06-24T14:26:33.651+0300] {processor.py:183} INFO - Processing /home/user/rubix/internship_project/.venv/lib/python3.10/site-packages/airflow/example_dags/example_complex.py took 0.093 seconds
[2024-06-24T14:27:42.334+0300] {processor.py:161} INFO - Started process (PID=30486) to work on /home/user/rubix/internship_project/.venv/lib/python3.10/site-packages/airflow/example_dags/example_complex.py
[2024-06-24T14:27:42.335+0300] {processor.py:830} INFO - Processing file /home/user/rubix/internship_project/.venv/lib/python3.10/site-packages/airflow/example_dags/example_complex.py for tasks to queue
[2024-06-24T14:27:42.337+0300] {logging_mixin.py:188} INFO - [2024-06-24T14:27:42.336+0300] {dagbag.py:545} INFO - Filling up the DagBag from /home/user/rubix/internship_project/.venv/lib/python3.10/site-packages/airflow/example_dags/example_complex.py
[2024-06-24T14:27:42.347+0300] {processor.py:840} INFO - DAG(s) 'example_complex' retrieved from /home/user/rubix/internship_project/.venv/lib/python3.10/site-packages/airflow/example_dags/example_complex.py
[2024-06-24T14:27:42.370+0300] {logging_mixin.py:188} INFO - [2024-06-24T14:27:42.370+0300] {dag.py:3096} INFO - Sync 1 DAGs
[2024-06-24T14:27:42.379+0300] {logging_mixin.py:188} INFO - [2024-06-24T14:27:42.379+0300] {dag.py:3954} INFO - Setting next_dagrun for example_complex to None, run_after=None
[2024-06-24T14:27:42.408+0300] {processor.py:183} INFO - Processing /home/user/rubix/internship_project/.venv/lib/python3.10/site-packages/airflow/example_dags/example_complex.py took 0.082 seconds
[2024-06-24T14:28:45.585+0300] {processor.py:161} INFO - Started process (PID=30792) to work on /home/user/rubix/internship_project/.venv/lib/python3.10/site-packages/airflow/example_dags/example_complex.py
[2024-06-24T14:28:45.586+0300] {processor.py:830} INFO - Processing file /home/user/rubix/internship_project/.venv/lib/python3.10/site-packages/airflow/example_dags/example_complex.py for tasks to queue
[2024-06-24T14:28:45.590+0300] {logging_mixin.py:188} INFO - [2024-06-24T14:28:45.589+0300] {dagbag.py:545} INFO - Filling up the DagBag from /home/user/rubix/internship_project/.venv/lib/python3.10/site-packages/airflow/example_dags/example_complex.py
[2024-06-24T14:28:45.610+0300] {processor.py:840} INFO - DAG(s) 'example_complex' retrieved from /home/user/rubix/internship_project/.venv/lib/python3.10/site-packages/airflow/example_dags/example_complex.py
[2024-06-24T14:28:45.656+0300] {logging_mixin.py:188} INFO - [2024-06-24T14:28:45.656+0300] {dag.py:3096} INFO - Sync 1 DAGs
[2024-06-24T14:28:45.670+0300] {logging_mixin.py:188} INFO - [2024-06-24T14:28:45.670+0300] {dag.py:3954} INFO - Setting next_dagrun for example_complex to None, run_after=None
[2024-06-24T14:28:45.715+0300] {processor.py:183} INFO - Processing /home/user/rubix/internship_project/.venv/lib/python3.10/site-packages/airflow/example_dags/example_complex.py took 0.139 seconds
[2024-06-24T14:29:59.637+0300] {processor.py:161} INFO - Started process (PID=31347) to work on /home/user/rubix/internship_project/.venv/lib/python3.10/site-packages/airflow/example_dags/example_complex.py
[2024-06-24T14:29:59.639+0300] {processor.py:830} INFO - Processing file /home/user/rubix/internship_project/.venv/lib/python3.10/site-packages/airflow/example_dags/example_complex.py for tasks to queue
[2024-06-24T14:29:59.642+0300] {logging_mixin.py:188} INFO - [2024-06-24T14:29:59.641+0300] {dagbag.py:545} INFO - Filling up the DagBag from /home/user/rubix/internship_project/.venv/lib/python3.10/site-packages/airflow/example_dags/example_complex.py
[2024-06-24T14:29:59.653+0300] {processor.py:840} INFO - DAG(s) 'example_complex' retrieved from /home/user/rubix/internship_project/.venv/lib/python3.10/site-packages/airflow/example_dags/example_complex.py
[2024-06-24T14:29:59.682+0300] {logging_mixin.py:188} INFO - [2024-06-24T14:29:59.682+0300] {dag.py:3096} INFO - Sync 1 DAGs
[2024-06-24T14:29:59.694+0300] {logging_mixin.py:188} INFO - [2024-06-24T14:29:59.694+0300] {dag.py:3954} INFO - Setting next_dagrun for example_complex to None, run_after=None
[2024-06-24T14:29:59.726+0300] {processor.py:183} INFO - Processing /home/user/rubix/internship_project/.venv/lib/python3.10/site-packages/airflow/example_dags/example_complex.py took 0.096 seconds
[2024-06-24T14:31:10.684+0300] {processor.py:161} INFO - Started process (PID=31672) to work on /home/user/rubix/internship_project/.venv/lib/python3.10/site-packages/airflow/example_dags/example_complex.py
[2024-06-24T14:31:10.685+0300] {processor.py:830} INFO - Processing file /home/user/rubix/internship_project/.venv/lib/python3.10/site-packages/airflow/example_dags/example_complex.py for tasks to queue
[2024-06-24T14:31:10.687+0300] {logging_mixin.py:188} INFO - [2024-06-24T14:31:10.686+0300] {dagbag.py:545} INFO - Filling up the DagBag from /home/user/rubix/internship_project/.venv/lib/python3.10/site-packages/airflow/example_dags/example_complex.py
[2024-06-24T14:31:10.700+0300] {processor.py:840} INFO - DAG(s) 'example_complex' retrieved from /home/user/rubix/internship_project/.venv/lib/python3.10/site-packages/airflow/example_dags/example_complex.py
[2024-06-24T14:31:10.732+0300] {logging_mixin.py:188} INFO - [2024-06-24T14:31:10.732+0300] {dag.py:3096} INFO - Sync 1 DAGs
[2024-06-24T14:31:10.744+0300] {logging_mixin.py:188} INFO - [2024-06-24T14:31:10.743+0300] {dag.py:3954} INFO - Setting next_dagrun for example_complex to None, run_after=None
[2024-06-24T14:31:10.777+0300] {processor.py:183} INFO - Processing /home/user/rubix/internship_project/.venv/lib/python3.10/site-packages/airflow/example_dags/example_complex.py took 0.102 seconds
[2024-06-24T14:32:18.675+0300] {processor.py:161} INFO - Started process (PID=32058) to work on /home/user/rubix/internship_project/.venv/lib/python3.10/site-packages/airflow/example_dags/example_complex.py
[2024-06-24T14:32:18.677+0300] {processor.py:830} INFO - Processing file /home/user/rubix/internship_project/.venv/lib/python3.10/site-packages/airflow/example_dags/example_complex.py for tasks to queue
[2024-06-24T14:32:18.679+0300] {logging_mixin.py:188} INFO - [2024-06-24T14:32:18.678+0300] {dagbag.py:545} INFO - Filling up the DagBag from /home/user/rubix/internship_project/.venv/lib/python3.10/site-packages/airflow/example_dags/example_complex.py
[2024-06-24T14:32:18.690+0300] {processor.py:840} INFO - DAG(s) 'example_complex' retrieved from /home/user/rubix/internship_project/.venv/lib/python3.10/site-packages/airflow/example_dags/example_complex.py
[2024-06-24T14:32:18.717+0300] {logging_mixin.py:188} INFO - [2024-06-24T14:32:18.716+0300] {dag.py:3096} INFO - Sync 1 DAGs
[2024-06-24T14:32:18.726+0300] {logging_mixin.py:188} INFO - [2024-06-24T14:32:18.726+0300] {dag.py:3954} INFO - Setting next_dagrun for example_complex to None, run_after=None
[2024-06-24T14:32:18.760+0300] {processor.py:183} INFO - Processing /home/user/rubix/internship_project/.venv/lib/python3.10/site-packages/airflow/example_dags/example_complex.py took 0.094 seconds
