[2024-06-24T14:03:01.951+0300] {processor.py:161} INFO - Started process (PID=22564) to work on /home/user/rubix/internship_project/.venv/lib/python3.10/site-packages/airflow/example_dags/example_sla_dag.py
[2024-06-24T14:03:01.952+0300] {processor.py:830} INFO - Processing file /home/user/rubix/internship_project/.venv/lib/python3.10/site-packages/airflow/example_dags/example_sla_dag.py for tasks to queue
[2024-06-24T14:03:01.955+0300] {logging_mixin.py:188} INFO - [2024-06-24T14:03:01.954+0300] {dagbag.py:545} INFO - Filling up the DagBag from /home/user/rubix/internship_project/.venv/lib/python3.10/site-packages/airflow/example_dags/example_sla_dag.py
[2024-06-24T14:03:01.967+0300] {processor.py:840} INFO - DAG(s) 'example_sla_dag' retrieved from /home/user/rubix/internship_project/.venv/lib/python3.10/site-packages/airflow/example_dags/example_sla_dag.py
[2024-06-24T14:03:01.980+0300] {logging_mixin.py:188} INFO - [2024-06-24T14:03:01.980+0300] {dag.py:3096} INFO - Sync 1 DAGs
[2024-06-24T14:03:02.004+0300] {logging_mixin.py:188} INFO - [2024-06-24T14:03:02.003+0300] {dag.py:3954} INFO - Setting next_dagrun for example_sla_dag to 2024-06-24 11:00:00+00:00, run_after=2024-06-24 11:02:00+00:00
[2024-06-24T14:03:02.028+0300] {processor.py:183} INFO - Processing /home/user/rubix/internship_project/.venv/lib/python3.10/site-packages/airflow/example_dags/example_sla_dag.py took 0.086 seconds
[2024-06-24T14:04:14.593+0300] {processor.py:161} INFO - Started process (PID=23156) to work on /home/user/rubix/internship_project/.venv/lib/python3.10/site-packages/airflow/example_dags/example_sla_dag.py
[2024-06-24T14:04:14.594+0300] {processor.py:830} INFO - Processing file /home/user/rubix/internship_project/.venv/lib/python3.10/site-packages/airflow/example_dags/example_sla_dag.py for tasks to queue
[2024-06-24T14:04:14.596+0300] {logging_mixin.py:188} INFO - [2024-06-24T14:04:14.596+0300] {dagbag.py:545} INFO - Filling up the DagBag from /home/user/rubix/internship_project/.venv/lib/python3.10/site-packages/airflow/example_dags/example_sla_dag.py
[2024-06-24T14:04:14.607+0300] {processor.py:840} INFO - DAG(s) 'example_sla_dag' retrieved from /home/user/rubix/internship_project/.venv/lib/python3.10/site-packages/airflow/example_dags/example_sla_dag.py
[2024-06-24T14:04:14.619+0300] {logging_mixin.py:188} INFO - [2024-06-24T14:04:14.619+0300] {dag.py:3096} INFO - Sync 1 DAGs
[2024-06-24T14:04:14.641+0300] {logging_mixin.py:188} INFO - [2024-06-24T14:04:14.641+0300] {dag.py:3954} INFO - Setting next_dagrun for example_sla_dag to 2024-06-24 11:02:00+00:00, run_after=2024-06-24 11:04:00+00:00
[2024-06-24T14:04:14.673+0300] {processor.py:183} INFO - Processing /home/user/rubix/internship_project/.venv/lib/python3.10/site-packages/airflow/example_dags/example_sla_dag.py took 0.088 seconds
[2024-06-24T14:05:13.672+0300] {processor.py:161} INFO - Started process (PID=23594) to work on /home/user/rubix/internship_project/.venv/lib/python3.10/site-packages/airflow/example_dags/example_sla_dag.py
[2024-06-24T14:05:13.674+0300] {processor.py:830} INFO - Processing file /home/user/rubix/internship_project/.venv/lib/python3.10/site-packages/airflow/example_dags/example_sla_dag.py for tasks to queue
[2024-06-24T14:05:13.677+0300] {logging_mixin.py:188} INFO - [2024-06-24T14:05:13.676+0300] {dagbag.py:545} INFO - Filling up the DagBag from /home/user/rubix/internship_project/.venv/lib/python3.10/site-packages/airflow/example_dags/example_sla_dag.py
[2024-06-24T14:05:13.699+0300] {processor.py:840} INFO - DAG(s) 'example_sla_dag' retrieved from /home/user/rubix/internship_project/.venv/lib/python3.10/site-packages/airflow/example_dags/example_sla_dag.py
[2024-06-24T14:05:13.905+0300] {logging_mixin.py:188} INFO - [2024-06-24T14:05:13.905+0300] {dag.py:3096} INFO - Sync 1 DAGs
[2024-06-24T14:05:13.938+0300] {logging_mixin.py:188} INFO - [2024-06-24T14:05:13.938+0300] {dag.py:3954} INFO - Setting next_dagrun for example_sla_dag to 2024-06-24 11:02:00+00:00, run_after=2024-06-24 11:04:00+00:00
[2024-06-24T14:05:13.955+0300] {processor.py:183} INFO - Processing /home/user/rubix/internship_project/.venv/lib/python3.10/site-packages/airflow/example_dags/example_sla_dag.py took 0.292 seconds
[2024-06-24T14:06:14.636+0300] {processor.py:161} INFO - Started process (PID=24086) to work on /home/user/rubix/internship_project/.venv/lib/python3.10/site-packages/airflow/example_dags/example_sla_dag.py
[2024-06-24T14:06:14.637+0300] {processor.py:830} INFO - Processing file /home/user/rubix/internship_project/.venv/lib/python3.10/site-packages/airflow/example_dags/example_sla_dag.py for tasks to queue
[2024-06-24T14:06:14.639+0300] {logging_mixin.py:188} INFO - [2024-06-24T14:06:14.639+0300] {dagbag.py:545} INFO - Filling up the DagBag from /home/user/rubix/internship_project/.venv/lib/python3.10/site-packages/airflow/example_dags/example_sla_dag.py
[2024-06-24T14:06:14.652+0300] {processor.py:840} INFO - DAG(s) 'example_sla_dag' retrieved from /home/user/rubix/internship_project/.venv/lib/python3.10/site-packages/airflow/example_dags/example_sla_dag.py
[2024-06-24T14:06:14.674+0300] {logging_mixin.py:188} INFO - [2024-06-24T14:06:14.674+0300] {dag.py:3096} INFO - Sync 1 DAGs
[2024-06-24T14:06:14.695+0300] {logging_mixin.py:188} INFO - [2024-06-24T14:06:14.695+0300] {dag.py:3954} INFO - Setting next_dagrun for example_sla_dag to 2024-06-24 11:04:00+00:00, run_after=2024-06-24 11:06:00+00:00
[2024-06-24T14:06:14.816+0300] {processor.py:183} INFO - Processing /home/user/rubix/internship_project/.venv/lib/python3.10/site-packages/airflow/example_dags/example_sla_dag.py took 0.190 seconds
[2024-06-24T14:07:09.751+0300] {processor.py:161} INFO - Started process (PID=24258) to work on /home/user/rubix/internship_project/.venv/lib/python3.10/site-packages/airflow/example_dags/example_sla_dag.py
[2024-06-24T14:07:09.752+0300] {processor.py:830} INFO - Processing file /home/user/rubix/internship_project/.venv/lib/python3.10/site-packages/airflow/example_dags/example_sla_dag.py for tasks to queue
[2024-06-24T14:07:09.753+0300] {logging_mixin.py:188} INFO - [2024-06-24T14:07:09.753+0300] {dagbag.py:545} INFO - Filling up the DagBag from /home/user/rubix/internship_project/.venv/lib/python3.10/site-packages/airflow/example_dags/example_sla_dag.py
[2024-06-24T14:07:09.763+0300] {processor.py:840} INFO - DAG(s) 'example_sla_dag' retrieved from /home/user/rubix/internship_project/.venv/lib/python3.10/site-packages/airflow/example_dags/example_sla_dag.py
[2024-06-24T14:07:09.779+0300] {logging_mixin.py:188} INFO - [2024-06-24T14:07:09.779+0300] {dag.py:3096} INFO - Sync 1 DAGs
[2024-06-24T14:07:09.796+0300] {logging_mixin.py:188} INFO - [2024-06-24T14:07:09.796+0300] {dag.py:3954} INFO - Setting next_dagrun for example_sla_dag to 2024-06-24 11:04:00+00:00, run_after=2024-06-24 11:06:00+00:00
[2024-06-24T14:07:09.825+0300] {processor.py:183} INFO - Processing /home/user/rubix/internship_project/.venv/lib/python3.10/site-packages/airflow/example_dags/example_sla_dag.py took 0.082 seconds
[2024-06-24T14:07:57.136+0300] {processor.py:161} INFO - Started process (PID=24521) to work on /home/user/rubix/internship_project/.venv/lib/python3.10/site-packages/airflow/example_dags/example_sla_dag.py
[2024-06-24T14:07:57.137+0300] {processor.py:830} INFO - Processing file /home/user/rubix/internship_project/.venv/lib/python3.10/site-packages/airflow/example_dags/example_sla_dag.py for tasks to queue
[2024-06-24T14:07:57.142+0300] {logging_mixin.py:188} INFO - [2024-06-24T14:07:57.141+0300] {dagbag.py:545} INFO - Filling up the DagBag from /home/user/rubix/internship_project/.venv/lib/python3.10/site-packages/airflow/example_dags/example_sla_dag.py
[2024-06-24T14:07:57.155+0300] {processor.py:840} INFO - DAG(s) 'example_sla_dag' retrieved from /home/user/rubix/internship_project/.venv/lib/python3.10/site-packages/airflow/example_dags/example_sla_dag.py
[2024-06-24T14:07:57.183+0300] {logging_mixin.py:188} INFO - [2024-06-24T14:07:57.183+0300] {dag.py:3096} INFO - Sync 1 DAGs
[2024-06-24T14:07:57.208+0300] {logging_mixin.py:188} INFO - [2024-06-24T14:07:57.207+0300] {dag.py:3954} INFO - Setting next_dagrun for example_sla_dag to 2024-06-24 11:04:00+00:00, run_after=2024-06-24 11:06:00+00:00
[2024-06-24T14:07:57.247+0300] {processor.py:183} INFO - Processing /home/user/rubix/internship_project/.venv/lib/python3.10/site-packages/airflow/example_dags/example_sla_dag.py took 0.122 seconds
[2024-06-24T14:08:50.205+0300] {processor.py:161} INFO - Started process (PID=24836) to work on /home/user/rubix/internship_project/.venv/lib/python3.10/site-packages/airflow/example_dags/example_sla_dag.py
[2024-06-24T14:08:50.207+0300] {processor.py:830} INFO - Processing file /home/user/rubix/internship_project/.venv/lib/python3.10/site-packages/airflow/example_dags/example_sla_dag.py for tasks to queue
[2024-06-24T14:08:50.208+0300] {logging_mixin.py:188} INFO - [2024-06-24T14:08:50.208+0300] {dagbag.py:545} INFO - Filling up the DagBag from /home/user/rubix/internship_project/.venv/lib/python3.10/site-packages/airflow/example_dags/example_sla_dag.py
[2024-06-24T14:08:50.220+0300] {processor.py:840} INFO - DAG(s) 'example_sla_dag' retrieved from /home/user/rubix/internship_project/.venv/lib/python3.10/site-packages/airflow/example_dags/example_sla_dag.py
[2024-06-24T14:08:50.246+0300] {logging_mixin.py:188} INFO - [2024-06-24T14:08:50.245+0300] {dag.py:3096} INFO - Sync 1 DAGs
[2024-06-24T14:08:50.266+0300] {logging_mixin.py:188} INFO - [2024-06-24T14:08:50.266+0300] {dag.py:3954} INFO - Setting next_dagrun for example_sla_dag to 2024-06-24 11:06:00+00:00, run_after=2024-06-24 11:08:00+00:00
[2024-06-24T14:08:50.300+0300] {processor.py:183} INFO - Processing /home/user/rubix/internship_project/.venv/lib/python3.10/site-packages/airflow/example_dags/example_sla_dag.py took 0.107 seconds
[2024-06-24T14:09:37.661+0300] {processor.py:161} INFO - Started process (PID=25137) to work on /home/user/rubix/internship_project/.venv/lib/python3.10/site-packages/airflow/example_dags/example_sla_dag.py
[2024-06-24T14:09:37.662+0300] {processor.py:830} INFO - Processing file /home/user/rubix/internship_project/.venv/lib/python3.10/site-packages/airflow/example_dags/example_sla_dag.py for tasks to queue
[2024-06-24T14:09:37.664+0300] {logging_mixin.py:188} INFO - [2024-06-24T14:09:37.664+0300] {dagbag.py:545} INFO - Filling up the DagBag from /home/user/rubix/internship_project/.venv/lib/python3.10/site-packages/airflow/example_dags/example_sla_dag.py
[2024-06-24T14:09:37.680+0300] {processor.py:840} INFO - DAG(s) 'example_sla_dag' retrieved from /home/user/rubix/internship_project/.venv/lib/python3.10/site-packages/airflow/example_dags/example_sla_dag.py
[2024-06-24T14:09:37.710+0300] {logging_mixin.py:188} INFO - [2024-06-24T14:09:37.710+0300] {dag.py:3096} INFO - Sync 1 DAGs
[2024-06-24T14:09:37.737+0300] {logging_mixin.py:188} INFO - [2024-06-24T14:09:37.736+0300] {dag.py:3954} INFO - Setting next_dagrun for example_sla_dag to 2024-06-24 11:06:00+00:00, run_after=2024-06-24 11:08:00+00:00
[2024-06-24T14:09:37.770+0300] {processor.py:183} INFO - Processing /home/user/rubix/internship_project/.venv/lib/python3.10/site-packages/airflow/example_dags/example_sla_dag.py took 0.121 seconds
[2024-06-24T14:10:23.743+0300] {processor.py:161} INFO - Started process (PID=25458) to work on /home/user/rubix/internship_project/.venv/lib/python3.10/site-packages/airflow/example_dags/example_sla_dag.py
[2024-06-24T14:10:23.744+0300] {processor.py:830} INFO - Processing file /home/user/rubix/internship_project/.venv/lib/python3.10/site-packages/airflow/example_dags/example_sla_dag.py for tasks to queue
[2024-06-24T14:10:23.746+0300] {logging_mixin.py:188} INFO - [2024-06-24T14:10:23.746+0300] {dagbag.py:545} INFO - Filling up the DagBag from /home/user/rubix/internship_project/.venv/lib/python3.10/site-packages/airflow/example_dags/example_sla_dag.py
[2024-06-24T14:10:23.756+0300] {processor.py:840} INFO - DAG(s) 'example_sla_dag' retrieved from /home/user/rubix/internship_project/.venv/lib/python3.10/site-packages/airflow/example_dags/example_sla_dag.py
[2024-06-24T14:10:23.772+0300] {logging_mixin.py:188} INFO - [2024-06-24T14:10:23.772+0300] {dag.py:3096} INFO - Sync 1 DAGs
[2024-06-24T14:10:23.790+0300] {logging_mixin.py:188} INFO - [2024-06-24T14:10:23.790+0300] {dag.py:3954} INFO - Setting next_dagrun for example_sla_dag to 2024-06-24 11:08:00+00:00, run_after=2024-06-24 11:10:00+00:00
[2024-06-24T14:10:23.810+0300] {processor.py:183} INFO - Processing /home/user/rubix/internship_project/.venv/lib/python3.10/site-packages/airflow/example_dags/example_sla_dag.py took 0.075 seconds
[2024-06-24T14:11:07.764+0300] {processor.py:161} INFO - Started process (PID=25766) to work on /home/user/rubix/internship_project/.venv/lib/python3.10/site-packages/airflow/example_dags/example_sla_dag.py
[2024-06-24T14:11:07.765+0300] {processor.py:830} INFO - Processing file /home/user/rubix/internship_project/.venv/lib/python3.10/site-packages/airflow/example_dags/example_sla_dag.py for tasks to queue
[2024-06-24T14:11:07.766+0300] {logging_mixin.py:188} INFO - [2024-06-24T14:11:07.766+0300] {dagbag.py:545} INFO - Filling up the DagBag from /home/user/rubix/internship_project/.venv/lib/python3.10/site-packages/airflow/example_dags/example_sla_dag.py
[2024-06-24T14:11:07.776+0300] {processor.py:840} INFO - DAG(s) 'example_sla_dag' retrieved from /home/user/rubix/internship_project/.venv/lib/python3.10/site-packages/airflow/example_dags/example_sla_dag.py
[2024-06-24T14:11:07.793+0300] {logging_mixin.py:188} INFO - [2024-06-24T14:11:07.793+0300] {dag.py:3096} INFO - Sync 1 DAGs
[2024-06-24T14:11:07.811+0300] {logging_mixin.py:188} INFO - [2024-06-24T14:11:07.811+0300] {dag.py:3954} INFO - Setting next_dagrun for example_sla_dag to 2024-06-24 11:08:00+00:00, run_after=2024-06-24 11:10:00+00:00
[2024-06-24T14:11:07.842+0300] {processor.py:183} INFO - Processing /home/user/rubix/internship_project/.venv/lib/python3.10/site-packages/airflow/example_dags/example_sla_dag.py took 0.086 seconds
[2024-06-24T14:11:53.690+0300] {processor.py:161} INFO - Started process (PID=25991) to work on /home/user/rubix/internship_project/.venv/lib/python3.10/site-packages/airflow/example_dags/example_sla_dag.py
[2024-06-24T14:11:53.691+0300] {processor.py:830} INFO - Processing file /home/user/rubix/internship_project/.venv/lib/python3.10/site-packages/airflow/example_dags/example_sla_dag.py for tasks to queue
[2024-06-24T14:11:53.692+0300] {logging_mixin.py:188} INFO - [2024-06-24T14:11:53.692+0300] {dagbag.py:545} INFO - Filling up the DagBag from /home/user/rubix/internship_project/.venv/lib/python3.10/site-packages/airflow/example_dags/example_sla_dag.py
[2024-06-24T14:11:53.702+0300] {processor.py:840} INFO - DAG(s) 'example_sla_dag' retrieved from /home/user/rubix/internship_project/.venv/lib/python3.10/site-packages/airflow/example_dags/example_sla_dag.py
[2024-06-24T14:11:53.718+0300] {logging_mixin.py:188} INFO - [2024-06-24T14:11:53.717+0300] {dag.py:3096} INFO - Sync 1 DAGs
[2024-06-24T14:11:53.734+0300] {logging_mixin.py:188} INFO - [2024-06-24T14:11:53.734+0300] {dag.py:3954} INFO - Setting next_dagrun for example_sla_dag to 2024-06-24 11:08:00+00:00, run_after=2024-06-24 11:10:00+00:00
[2024-06-24T14:11:53.754+0300] {processor.py:183} INFO - Processing /home/user/rubix/internship_project/.venv/lib/python3.10/site-packages/airflow/example_dags/example_sla_dag.py took 0.072 seconds
[2024-06-24T14:12:34.474+0300] {processor.py:161} INFO - Started process (PID=26140) to work on /home/user/rubix/internship_project/.venv/lib/python3.10/site-packages/airflow/example_dags/example_sla_dag.py
[2024-06-24T14:12:34.475+0300] {processor.py:830} INFO - Processing file /home/user/rubix/internship_project/.venv/lib/python3.10/site-packages/airflow/example_dags/example_sla_dag.py for tasks to queue
[2024-06-24T14:12:34.477+0300] {logging_mixin.py:188} INFO - [2024-06-24T14:12:34.477+0300] {dagbag.py:545} INFO - Filling up the DagBag from /home/user/rubix/internship_project/.venv/lib/python3.10/site-packages/airflow/example_dags/example_sla_dag.py
[2024-06-24T14:12:34.500+0300] {processor.py:840} INFO - DAG(s) 'example_sla_dag' retrieved from /home/user/rubix/internship_project/.venv/lib/python3.10/site-packages/airflow/example_dags/example_sla_dag.py
[2024-06-24T14:12:34.516+0300] {logging_mixin.py:188} INFO - [2024-06-24T14:12:34.516+0300] {dag.py:3096} INFO - Sync 1 DAGs
[2024-06-24T14:12:34.543+0300] {logging_mixin.py:188} INFO - [2024-06-24T14:12:34.543+0300] {dag.py:3954} INFO - Setting next_dagrun for example_sla_dag to 2024-06-24 11:10:00+00:00, run_after=2024-06-24 11:12:00+00:00
[2024-06-24T14:12:34.573+0300] {processor.py:183} INFO - Processing /home/user/rubix/internship_project/.venv/lib/python3.10/site-packages/airflow/example_dags/example_sla_dag.py took 0.106 seconds
[2024-06-24T14:13:27.239+0300] {processor.py:161} INFO - Started process (PID=26306) to work on /home/user/rubix/internship_project/.venv/lib/python3.10/site-packages/airflow/example_dags/example_sla_dag.py
[2024-06-24T14:13:27.240+0300] {processor.py:830} INFO - Processing file /home/user/rubix/internship_project/.venv/lib/python3.10/site-packages/airflow/example_dags/example_sla_dag.py for tasks to queue
[2024-06-24T14:13:27.241+0300] {logging_mixin.py:188} INFO - [2024-06-24T14:13:27.241+0300] {dagbag.py:545} INFO - Filling up the DagBag from /home/user/rubix/internship_project/.venv/lib/python3.10/site-packages/airflow/example_dags/example_sla_dag.py
[2024-06-24T14:13:27.251+0300] {processor.py:840} INFO - DAG(s) 'example_sla_dag' retrieved from /home/user/rubix/internship_project/.venv/lib/python3.10/site-packages/airflow/example_dags/example_sla_dag.py
[2024-06-24T14:13:27.267+0300] {logging_mixin.py:188} INFO - [2024-06-24T14:13:27.267+0300] {dag.py:3096} INFO - Sync 1 DAGs
[2024-06-24T14:13:27.284+0300] {logging_mixin.py:188} INFO - [2024-06-24T14:13:27.284+0300] {dag.py:3954} INFO - Setting next_dagrun for example_sla_dag to 2024-06-24 11:10:00+00:00, run_after=2024-06-24 11:12:00+00:00
[2024-06-24T14:13:27.314+0300] {processor.py:183} INFO - Processing /home/user/rubix/internship_project/.venv/lib/python3.10/site-packages/airflow/example_dags/example_sla_dag.py took 0.083 seconds
[2024-06-24T14:14:18.015+0300] {processor.py:161} INFO - Started process (PID=26646) to work on /home/user/rubix/internship_project/.venv/lib/python3.10/site-packages/airflow/example_dags/example_sla_dag.py
[2024-06-24T14:14:18.016+0300] {processor.py:830} INFO - Processing file /home/user/rubix/internship_project/.venv/lib/python3.10/site-packages/airflow/example_dags/example_sla_dag.py for tasks to queue
[2024-06-24T14:14:18.018+0300] {logging_mixin.py:188} INFO - [2024-06-24T14:14:18.017+0300] {dagbag.py:545} INFO - Filling up the DagBag from /home/user/rubix/internship_project/.venv/lib/python3.10/site-packages/airflow/example_dags/example_sla_dag.py
[2024-06-24T14:14:18.028+0300] {processor.py:840} INFO - DAG(s) 'example_sla_dag' retrieved from /home/user/rubix/internship_project/.venv/lib/python3.10/site-packages/airflow/example_dags/example_sla_dag.py
[2024-06-24T14:14:18.046+0300] {logging_mixin.py:188} INFO - [2024-06-24T14:14:18.045+0300] {dag.py:3096} INFO - Sync 1 DAGs
[2024-06-24T14:14:18.065+0300] {logging_mixin.py:188} INFO - [2024-06-24T14:14:18.065+0300] {dag.py:3954} INFO - Setting next_dagrun for example_sla_dag to 2024-06-24 11:12:00+00:00, run_after=2024-06-24 11:14:00+00:00
[2024-06-24T14:14:18.095+0300] {processor.py:183} INFO - Processing /home/user/rubix/internship_project/.venv/lib/python3.10/site-packages/airflow/example_dags/example_sla_dag.py took 0.090 seconds
[2024-06-24T14:15:00.778+0300] {processor.py:161} INFO - Started process (PID=26835) to work on /home/user/rubix/internship_project/.venv/lib/python3.10/site-packages/airflow/example_dags/example_sla_dag.py
[2024-06-24T14:15:00.779+0300] {processor.py:830} INFO - Processing file /home/user/rubix/internship_project/.venv/lib/python3.10/site-packages/airflow/example_dags/example_sla_dag.py for tasks to queue
[2024-06-24T14:15:00.782+0300] {logging_mixin.py:188} INFO - [2024-06-24T14:15:00.781+0300] {dagbag.py:545} INFO - Filling up the DagBag from /home/user/rubix/internship_project/.venv/lib/python3.10/site-packages/airflow/example_dags/example_sla_dag.py
[2024-06-24T14:15:00.791+0300] {processor.py:840} INFO - DAG(s) 'example_sla_dag' retrieved from /home/user/rubix/internship_project/.venv/lib/python3.10/site-packages/airflow/example_dags/example_sla_dag.py
[2024-06-24T14:15:00.808+0300] {logging_mixin.py:188} INFO - [2024-06-24T14:15:00.808+0300] {dag.py:3096} INFO - Sync 1 DAGs
[2024-06-24T14:15:00.825+0300] {logging_mixin.py:188} INFO - [2024-06-24T14:15:00.825+0300] {dag.py:3954} INFO - Setting next_dagrun for example_sla_dag to 2024-06-24 11:12:00+00:00, run_after=2024-06-24 11:14:00+00:00
[2024-06-24T14:15:00.853+0300] {processor.py:183} INFO - Processing /home/user/rubix/internship_project/.venv/lib/python3.10/site-packages/airflow/example_dags/example_sla_dag.py took 0.082 seconds
[2024-06-24T14:15:43.665+0300] {processor.py:161} INFO - Started process (PID=26927) to work on /home/user/rubix/internship_project/.venv/lib/python3.10/site-packages/airflow/example_dags/example_sla_dag.py
[2024-06-24T14:15:43.666+0300] {processor.py:830} INFO - Processing file /home/user/rubix/internship_project/.venv/lib/python3.10/site-packages/airflow/example_dags/example_sla_dag.py for tasks to queue
[2024-06-24T14:15:43.667+0300] {logging_mixin.py:188} INFO - [2024-06-24T14:15:43.667+0300] {dagbag.py:545} INFO - Filling up the DagBag from /home/user/rubix/internship_project/.venv/lib/python3.10/site-packages/airflow/example_dags/example_sla_dag.py
[2024-06-24T14:15:43.678+0300] {processor.py:840} INFO - DAG(s) 'example_sla_dag' retrieved from /home/user/rubix/internship_project/.venv/lib/python3.10/site-packages/airflow/example_dags/example_sla_dag.py
[2024-06-24T14:15:43.694+0300] {logging_mixin.py:188} INFO - [2024-06-24T14:15:43.694+0300] {dag.py:3096} INFO - Sync 1 DAGs
[2024-06-24T14:15:43.712+0300] {logging_mixin.py:188} INFO - [2024-06-24T14:15:43.712+0300] {dag.py:3954} INFO - Setting next_dagrun for example_sla_dag to 2024-06-24 11:12:00+00:00, run_after=2024-06-24 11:14:00+00:00
[2024-06-24T14:15:43.744+0300] {processor.py:183} INFO - Processing /home/user/rubix/internship_project/.venv/lib/python3.10/site-packages/airflow/example_dags/example_sla_dag.py took 0.087 seconds
[2024-06-24T14:16:23.970+0300] {processor.py:161} INFO - Started process (PID=27075) to work on /home/user/rubix/internship_project/.venv/lib/python3.10/site-packages/airflow/example_dags/example_sla_dag.py
[2024-06-24T14:16:23.971+0300] {processor.py:830} INFO - Processing file /home/user/rubix/internship_project/.venv/lib/python3.10/site-packages/airflow/example_dags/example_sla_dag.py for tasks to queue
[2024-06-24T14:16:23.973+0300] {logging_mixin.py:188} INFO - [2024-06-24T14:16:23.972+0300] {dagbag.py:545} INFO - Filling up the DagBag from /home/user/rubix/internship_project/.venv/lib/python3.10/site-packages/airflow/example_dags/example_sla_dag.py
[2024-06-24T14:16:23.982+0300] {processor.py:840} INFO - DAG(s) 'example_sla_dag' retrieved from /home/user/rubix/internship_project/.venv/lib/python3.10/site-packages/airflow/example_dags/example_sla_dag.py
[2024-06-24T14:16:23.998+0300] {logging_mixin.py:188} INFO - [2024-06-24T14:16:23.998+0300] {dag.py:3096} INFO - Sync 1 DAGs
[2024-06-24T14:16:24.015+0300] {logging_mixin.py:188} INFO - [2024-06-24T14:16:24.015+0300] {dag.py:3954} INFO - Setting next_dagrun for example_sla_dag to 2024-06-24 11:14:00+00:00, run_after=2024-06-24 11:16:00+00:00
[2024-06-24T14:16:24.045+0300] {processor.py:183} INFO - Processing /home/user/rubix/internship_project/.venv/lib/python3.10/site-packages/airflow/example_dags/example_sla_dag.py took 0.083 seconds
[2024-06-24T14:17:04.894+0300] {processor.py:161} INFO - Started process (PID=27226) to work on /home/user/rubix/internship_project/.venv/lib/python3.10/site-packages/airflow/example_dags/example_sla_dag.py
[2024-06-24T14:17:04.895+0300] {processor.py:830} INFO - Processing file /home/user/rubix/internship_project/.venv/lib/python3.10/site-packages/airflow/example_dags/example_sla_dag.py for tasks to queue
[2024-06-24T14:17:04.898+0300] {logging_mixin.py:188} INFO - [2024-06-24T14:17:04.897+0300] {dagbag.py:545} INFO - Filling up the DagBag from /home/user/rubix/internship_project/.venv/lib/python3.10/site-packages/airflow/example_dags/example_sla_dag.py
[2024-06-24T14:17:04.907+0300] {processor.py:840} INFO - DAG(s) 'example_sla_dag' retrieved from /home/user/rubix/internship_project/.venv/lib/python3.10/site-packages/airflow/example_dags/example_sla_dag.py
[2024-06-24T14:17:04.923+0300] {logging_mixin.py:188} INFO - [2024-06-24T14:17:04.922+0300] {dag.py:3096} INFO - Sync 1 DAGs
[2024-06-24T14:17:04.943+0300] {logging_mixin.py:188} INFO - [2024-06-24T14:17:04.943+0300] {dag.py:3954} INFO - Setting next_dagrun for example_sla_dag to 2024-06-24 11:14:00+00:00, run_after=2024-06-24 11:16:00+00:00
[2024-06-24T14:17:04.972+0300] {processor.py:183} INFO - Processing /home/user/rubix/internship_project/.venv/lib/python3.10/site-packages/airflow/example_dags/example_sla_dag.py took 0.085 seconds
[2024-06-24T14:17:45.413+0300] {processor.py:161} INFO - Started process (PID=27313) to work on /home/user/rubix/internship_project/.venv/lib/python3.10/site-packages/airflow/example_dags/example_sla_dag.py
[2024-06-24T14:17:45.414+0300] {processor.py:830} INFO - Processing file /home/user/rubix/internship_project/.venv/lib/python3.10/site-packages/airflow/example_dags/example_sla_dag.py for tasks to queue
[2024-06-24T14:17:45.416+0300] {logging_mixin.py:188} INFO - [2024-06-24T14:17:45.416+0300] {dagbag.py:545} INFO - Filling up the DagBag from /home/user/rubix/internship_project/.venv/lib/python3.10/site-packages/airflow/example_dags/example_sla_dag.py
[2024-06-24T14:17:45.426+0300] {processor.py:840} INFO - DAG(s) 'example_sla_dag' retrieved from /home/user/rubix/internship_project/.venv/lib/python3.10/site-packages/airflow/example_dags/example_sla_dag.py
[2024-06-24T14:17:45.441+0300] {logging_mixin.py:188} INFO - [2024-06-24T14:17:45.441+0300] {dag.py:3096} INFO - Sync 1 DAGs
[2024-06-24T14:17:45.458+0300] {logging_mixin.py:188} INFO - [2024-06-24T14:17:45.458+0300] {dag.py:3954} INFO - Setting next_dagrun for example_sla_dag to 2024-06-24 11:14:00+00:00, run_after=2024-06-24 11:16:00+00:00
[2024-06-24T14:17:45.479+0300] {processor.py:183} INFO - Processing /home/user/rubix/internship_project/.venv/lib/python3.10/site-packages/airflow/example_dags/example_sla_dag.py took 0.073 seconds
[2024-06-24T14:18:36.895+0300] {processor.py:161} INFO - Started process (PID=27477) to work on /home/user/rubix/internship_project/.venv/lib/python3.10/site-packages/airflow/example_dags/example_sla_dag.py
[2024-06-24T14:18:36.896+0300] {processor.py:830} INFO - Processing file /home/user/rubix/internship_project/.venv/lib/python3.10/site-packages/airflow/example_dags/example_sla_dag.py for tasks to queue
[2024-06-24T14:18:36.898+0300] {logging_mixin.py:188} INFO - [2024-06-24T14:18:36.897+0300] {dagbag.py:545} INFO - Filling up the DagBag from /home/user/rubix/internship_project/.venv/lib/python3.10/site-packages/airflow/example_dags/example_sla_dag.py
[2024-06-24T14:18:36.919+0300] {processor.py:840} INFO - DAG(s) 'example_sla_dag' retrieved from /home/user/rubix/internship_project/.venv/lib/python3.10/site-packages/airflow/example_dags/example_sla_dag.py
[2024-06-24T14:18:36.937+0300] {logging_mixin.py:188} INFO - [2024-06-24T14:18:36.937+0300] {dag.py:3096} INFO - Sync 1 DAGs
[2024-06-24T14:18:36.956+0300] {logging_mixin.py:188} INFO - [2024-06-24T14:18:36.956+0300] {dag.py:3954} INFO - Setting next_dagrun for example_sla_dag to 2024-06-24 11:16:00+00:00, run_after=2024-06-24 11:18:00+00:00
[2024-06-24T14:18:36.987+0300] {processor.py:183} INFO - Processing /home/user/rubix/internship_project/.venv/lib/python3.10/site-packages/airflow/example_dags/example_sla_dag.py took 0.101 seconds
[2024-06-24T14:19:28.024+0300] {processor.py:161} INFO - Started process (PID=27705) to work on /home/user/rubix/internship_project/.venv/lib/python3.10/site-packages/airflow/example_dags/example_sla_dag.py
[2024-06-24T14:19:28.025+0300] {processor.py:830} INFO - Processing file /home/user/rubix/internship_project/.venv/lib/python3.10/site-packages/airflow/example_dags/example_sla_dag.py for tasks to queue
[2024-06-24T14:19:28.028+0300] {logging_mixin.py:188} INFO - [2024-06-24T14:19:28.027+0300] {dagbag.py:545} INFO - Filling up the DagBag from /home/user/rubix/internship_project/.venv/lib/python3.10/site-packages/airflow/example_dags/example_sla_dag.py
[2024-06-24T14:19:28.039+0300] {processor.py:840} INFO - DAG(s) 'example_sla_dag' retrieved from /home/user/rubix/internship_project/.venv/lib/python3.10/site-packages/airflow/example_dags/example_sla_dag.py
[2024-06-24T14:19:28.058+0300] {logging_mixin.py:188} INFO - [2024-06-24T14:19:28.058+0300] {dag.py:3096} INFO - Sync 1 DAGs
[2024-06-24T14:19:28.080+0300] {logging_mixin.py:188} INFO - [2024-06-24T14:19:28.079+0300] {dag.py:3954} INFO - Setting next_dagrun for example_sla_dag to 2024-06-24 11:16:00+00:00, run_after=2024-06-24 11:18:00+00:00
[2024-06-24T14:19:28.120+0300] {processor.py:183} INFO - Processing /home/user/rubix/internship_project/.venv/lib/python3.10/site-packages/airflow/example_dags/example_sla_dag.py took 0.106 seconds
[2024-06-24T14:20:08.598+0300] {processor.py:161} INFO - Started process (PID=28036) to work on /home/user/rubix/internship_project/.venv/lib/python3.10/site-packages/airflow/example_dags/example_sla_dag.py
[2024-06-24T14:20:08.599+0300] {processor.py:830} INFO - Processing file /home/user/rubix/internship_project/.venv/lib/python3.10/site-packages/airflow/example_dags/example_sla_dag.py for tasks to queue
[2024-06-24T14:20:08.601+0300] {logging_mixin.py:188} INFO - [2024-06-24T14:20:08.601+0300] {dagbag.py:545} INFO - Filling up the DagBag from /home/user/rubix/internship_project/.venv/lib/python3.10/site-packages/airflow/example_dags/example_sla_dag.py
[2024-06-24T14:20:08.611+0300] {processor.py:840} INFO - DAG(s) 'example_sla_dag' retrieved from /home/user/rubix/internship_project/.venv/lib/python3.10/site-packages/airflow/example_dags/example_sla_dag.py
[2024-06-24T14:20:08.629+0300] {logging_mixin.py:188} INFO - [2024-06-24T14:20:08.629+0300] {dag.py:3096} INFO - Sync 1 DAGs
[2024-06-24T14:20:08.645+0300] {logging_mixin.py:188} INFO - [2024-06-24T14:20:08.645+0300] {dag.py:3954} INFO - Setting next_dagrun for example_sla_dag to 2024-06-24 11:18:00+00:00, run_after=2024-06-24 11:20:00+00:00
[2024-06-24T14:20:08.675+0300] {processor.py:183} INFO - Processing /home/user/rubix/internship_project/.venv/lib/python3.10/site-packages/airflow/example_dags/example_sla_dag.py took 0.086 seconds
[2024-06-24T14:20:48.936+0300] {processor.py:161} INFO - Started process (PID=28248) to work on /home/user/rubix/internship_project/.venv/lib/python3.10/site-packages/airflow/example_dags/example_sla_dag.py
[2024-06-24T14:20:48.937+0300] {processor.py:830} INFO - Processing file /home/user/rubix/internship_project/.venv/lib/python3.10/site-packages/airflow/example_dags/example_sla_dag.py for tasks to queue
[2024-06-24T14:20:48.939+0300] {logging_mixin.py:188} INFO - [2024-06-24T14:20:48.939+0300] {dagbag.py:545} INFO - Filling up the DagBag from /home/user/rubix/internship_project/.venv/lib/python3.10/site-packages/airflow/example_dags/example_sla_dag.py
[2024-06-24T14:20:48.949+0300] {processor.py:840} INFO - DAG(s) 'example_sla_dag' retrieved from /home/user/rubix/internship_project/.venv/lib/python3.10/site-packages/airflow/example_dags/example_sla_dag.py
[2024-06-24T14:20:48.965+0300] {logging_mixin.py:188} INFO - [2024-06-24T14:20:48.965+0300] {dag.py:3096} INFO - Sync 1 DAGs
[2024-06-24T14:20:48.984+0300] {logging_mixin.py:188} INFO - [2024-06-24T14:20:48.984+0300] {dag.py:3954} INFO - Setting next_dagrun for example_sla_dag to 2024-06-24 11:18:00+00:00, run_after=2024-06-24 11:20:00+00:00
[2024-06-24T14:20:49.012+0300] {processor.py:183} INFO - Processing /home/user/rubix/internship_project/.venv/lib/python3.10/site-packages/airflow/example_dags/example_sla_dag.py took 0.084 seconds
[2024-06-24T14:21:32.830+0300] {processor.py:161} INFO - Started process (PID=28554) to work on /home/user/rubix/internship_project/.venv/lib/python3.10/site-packages/airflow/example_dags/example_sla_dag.py
[2024-06-24T14:21:32.831+0300] {processor.py:830} INFO - Processing file /home/user/rubix/internship_project/.venv/lib/python3.10/site-packages/airflow/example_dags/example_sla_dag.py for tasks to queue
[2024-06-24T14:21:32.833+0300] {logging_mixin.py:188} INFO - [2024-06-24T14:21:32.832+0300] {dagbag.py:545} INFO - Filling up the DagBag from /home/user/rubix/internship_project/.venv/lib/python3.10/site-packages/airflow/example_dags/example_sla_dag.py
[2024-06-24T14:21:32.844+0300] {processor.py:840} INFO - DAG(s) 'example_sla_dag' retrieved from /home/user/rubix/internship_project/.venv/lib/python3.10/site-packages/airflow/example_dags/example_sla_dag.py
[2024-06-24T14:21:32.862+0300] {logging_mixin.py:188} INFO - [2024-06-24T14:21:32.861+0300] {dag.py:3096} INFO - Sync 1 DAGs
[2024-06-24T14:21:32.881+0300] {logging_mixin.py:188} INFO - [2024-06-24T14:21:32.881+0300] {dag.py:3954} INFO - Setting next_dagrun for example_sla_dag to 2024-06-24 11:18:00+00:00, run_after=2024-06-24 11:20:00+00:00
[2024-06-24T14:21:32.912+0300] {processor.py:183} INFO - Processing /home/user/rubix/internship_project/.venv/lib/python3.10/site-packages/airflow/example_dags/example_sla_dag.py took 0.090 seconds
[2024-06-24T14:22:27.509+0300] {processor.py:161} INFO - Started process (PID=28773) to work on /home/user/rubix/internship_project/.venv/lib/python3.10/site-packages/airflow/example_dags/example_sla_dag.py
[2024-06-24T14:22:27.511+0300] {processor.py:830} INFO - Processing file /home/user/rubix/internship_project/.venv/lib/python3.10/site-packages/airflow/example_dags/example_sla_dag.py for tasks to queue
[2024-06-24T14:22:27.512+0300] {logging_mixin.py:188} INFO - [2024-06-24T14:22:27.512+0300] {dagbag.py:545} INFO - Filling up the DagBag from /home/user/rubix/internship_project/.venv/lib/python3.10/site-packages/airflow/example_dags/example_sla_dag.py
[2024-06-24T14:22:27.522+0300] {processor.py:840} INFO - DAG(s) 'example_sla_dag' retrieved from /home/user/rubix/internship_project/.venv/lib/python3.10/site-packages/airflow/example_dags/example_sla_dag.py
[2024-06-24T14:22:27.539+0300] {logging_mixin.py:188} INFO - [2024-06-24T14:22:27.539+0300] {dag.py:3096} INFO - Sync 1 DAGs
[2024-06-24T14:22:27.557+0300] {logging_mixin.py:188} INFO - [2024-06-24T14:22:27.557+0300] {dag.py:3954} INFO - Setting next_dagrun for example_sla_dag to 2024-06-24 11:20:00+00:00, run_after=2024-06-24 11:22:00+00:00
[2024-06-24T14:22:27.588+0300] {processor.py:183} INFO - Processing /home/user/rubix/internship_project/.venv/lib/python3.10/site-packages/airflow/example_dags/example_sla_dag.py took 0.086 seconds
[2024-06-24T14:23:09.958+0300] {processor.py:161} INFO - Started process (PID=28963) to work on /home/user/rubix/internship_project/.venv/lib/python3.10/site-packages/airflow/example_dags/example_sla_dag.py
[2024-06-24T14:23:09.959+0300] {processor.py:830} INFO - Processing file /home/user/rubix/internship_project/.venv/lib/python3.10/site-packages/airflow/example_dags/example_sla_dag.py for tasks to queue
[2024-06-24T14:23:09.961+0300] {logging_mixin.py:188} INFO - [2024-06-24T14:23:09.960+0300] {dagbag.py:545} INFO - Filling up the DagBag from /home/user/rubix/internship_project/.venv/lib/python3.10/site-packages/airflow/example_dags/example_sla_dag.py
[2024-06-24T14:23:09.970+0300] {processor.py:840} INFO - DAG(s) 'example_sla_dag' retrieved from /home/user/rubix/internship_project/.venv/lib/python3.10/site-packages/airflow/example_dags/example_sla_dag.py
[2024-06-24T14:23:09.986+0300] {logging_mixin.py:188} INFO - [2024-06-24T14:23:09.985+0300] {dag.py:3096} INFO - Sync 1 DAGs
[2024-06-24T14:23:10.002+0300] {logging_mixin.py:188} INFO - [2024-06-24T14:23:10.002+0300] {dag.py:3954} INFO - Setting next_dagrun for example_sla_dag to 2024-06-24 11:20:00+00:00, run_after=2024-06-24 11:22:00+00:00
[2024-06-24T14:23:10.033+0300] {processor.py:183} INFO - Processing /home/user/rubix/internship_project/.venv/lib/python3.10/site-packages/airflow/example_dags/example_sla_dag.py took 0.082 seconds
[2024-06-24T14:23:56.261+0300] {processor.py:161} INFO - Started process (PID=29060) to work on /home/user/rubix/internship_project/.venv/lib/python3.10/site-packages/airflow/example_dags/example_sla_dag.py
[2024-06-24T14:23:56.262+0300] {processor.py:830} INFO - Processing file /home/user/rubix/internship_project/.venv/lib/python3.10/site-packages/airflow/example_dags/example_sla_dag.py for tasks to queue
[2024-06-24T14:23:56.264+0300] {logging_mixin.py:188} INFO - [2024-06-24T14:23:56.264+0300] {dagbag.py:545} INFO - Filling up the DagBag from /home/user/rubix/internship_project/.venv/lib/python3.10/site-packages/airflow/example_dags/example_sla_dag.py
[2024-06-24T14:23:56.280+0300] {processor.py:840} INFO - DAG(s) 'example_sla_dag' retrieved from /home/user/rubix/internship_project/.venv/lib/python3.10/site-packages/airflow/example_dags/example_sla_dag.py
[2024-06-24T14:23:56.306+0300] {logging_mixin.py:188} INFO - [2024-06-24T14:23:56.304+0300] {dag.py:3096} INFO - Sync 1 DAGs
[2024-06-24T14:23:56.330+0300] {logging_mixin.py:188} INFO - [2024-06-24T14:23:56.330+0300] {dag.py:3954} INFO - Setting next_dagrun for example_sla_dag to 2024-06-24 11:20:00+00:00, run_after=2024-06-24 11:22:00+00:00
[2024-06-24T14:23:56.367+0300] {processor.py:183} INFO - Processing /home/user/rubix/internship_project/.venv/lib/python3.10/site-packages/airflow/example_dags/example_sla_dag.py took 0.114 seconds
[2024-06-24T14:24:41.781+0300] {processor.py:161} INFO - Started process (PID=29280) to work on /home/user/rubix/internship_project/.venv/lib/python3.10/site-packages/airflow/example_dags/example_sla_dag.py
[2024-06-24T14:24:41.782+0300] {processor.py:830} INFO - Processing file /home/user/rubix/internship_project/.venv/lib/python3.10/site-packages/airflow/example_dags/example_sla_dag.py for tasks to queue
[2024-06-24T14:24:41.783+0300] {logging_mixin.py:188} INFO - [2024-06-24T14:24:41.783+0300] {dagbag.py:545} INFO - Filling up the DagBag from /home/user/rubix/internship_project/.venv/lib/python3.10/site-packages/airflow/example_dags/example_sla_dag.py
[2024-06-24T14:24:41.793+0300] {processor.py:840} INFO - DAG(s) 'example_sla_dag' retrieved from /home/user/rubix/internship_project/.venv/lib/python3.10/site-packages/airflow/example_dags/example_sla_dag.py
[2024-06-24T14:24:41.809+0300] {logging_mixin.py:188} INFO - [2024-06-24T14:24:41.809+0300] {dag.py:3096} INFO - Sync 1 DAGs
[2024-06-24T14:24:41.826+0300] {logging_mixin.py:188} INFO - [2024-06-24T14:24:41.825+0300] {dag.py:3954} INFO - Setting next_dagrun for example_sla_dag to 2024-06-24 11:22:00+00:00, run_after=2024-06-24 11:24:00+00:00
[2024-06-24T14:24:41.855+0300] {processor.py:183} INFO - Processing /home/user/rubix/internship_project/.venv/lib/python3.10/site-packages/airflow/example_dags/example_sla_dag.py took 0.082 seconds
[2024-06-24T14:25:25.438+0300] {processor.py:161} INFO - Started process (PID=29564) to work on /home/user/rubix/internship_project/.venv/lib/python3.10/site-packages/airflow/example_dags/example_sla_dag.py
[2024-06-24T14:25:25.439+0300] {processor.py:830} INFO - Processing file /home/user/rubix/internship_project/.venv/lib/python3.10/site-packages/airflow/example_dags/example_sla_dag.py for tasks to queue
[2024-06-24T14:25:25.441+0300] {logging_mixin.py:188} INFO - [2024-06-24T14:25:25.441+0300] {dagbag.py:545} INFO - Filling up the DagBag from /home/user/rubix/internship_project/.venv/lib/python3.10/site-packages/airflow/example_dags/example_sla_dag.py
[2024-06-24T14:25:25.451+0300] {processor.py:840} INFO - DAG(s) 'example_sla_dag' retrieved from /home/user/rubix/internship_project/.venv/lib/python3.10/site-packages/airflow/example_dags/example_sla_dag.py
[2024-06-24T14:25:25.467+0300] {logging_mixin.py:188} INFO - [2024-06-24T14:25:25.466+0300] {dag.py:3096} INFO - Sync 1 DAGs
[2024-06-24T14:25:25.484+0300] {logging_mixin.py:188} INFO - [2024-06-24T14:25:25.484+0300] {dag.py:3954} INFO - Setting next_dagrun for example_sla_dag to 2024-06-24 11:22:00+00:00, run_after=2024-06-24 11:24:00+00:00
[2024-06-24T14:25:25.512+0300] {processor.py:183} INFO - Processing /home/user/rubix/internship_project/.venv/lib/python3.10/site-packages/airflow/example_dags/example_sla_dag.py took 0.081 seconds
[2024-06-24T14:26:05.094+0300] {processor.py:161} INFO - Started process (PID=29712) to work on /home/user/rubix/internship_project/.venv/lib/python3.10/site-packages/airflow/example_dags/example_sla_dag.py
[2024-06-24T14:26:05.095+0300] {processor.py:830} INFO - Processing file /home/user/rubix/internship_project/.venv/lib/python3.10/site-packages/airflow/example_dags/example_sla_dag.py for tasks to queue
[2024-06-24T14:26:05.097+0300] {logging_mixin.py:188} INFO - [2024-06-24T14:26:05.096+0300] {dagbag.py:545} INFO - Filling up the DagBag from /home/user/rubix/internship_project/.venv/lib/python3.10/site-packages/airflow/example_dags/example_sla_dag.py
[2024-06-24T14:26:05.106+0300] {processor.py:840} INFO - DAG(s) 'example_sla_dag' retrieved from /home/user/rubix/internship_project/.venv/lib/python3.10/site-packages/airflow/example_dags/example_sla_dag.py
[2024-06-24T14:26:05.123+0300] {logging_mixin.py:188} INFO - [2024-06-24T14:26:05.123+0300] {dag.py:3096} INFO - Sync 1 DAGs
[2024-06-24T14:26:05.141+0300] {logging_mixin.py:188} INFO - [2024-06-24T14:26:05.141+0300] {dag.py:3954} INFO - Setting next_dagrun for example_sla_dag to 2024-06-24 11:24:00+00:00, run_after=2024-06-24 11:26:00+00:00
[2024-06-24T14:26:05.170+0300] {processor.py:183} INFO - Processing /home/user/rubix/internship_project/.venv/lib/python3.10/site-packages/airflow/example_dags/example_sla_dag.py took 0.084 seconds
[2024-06-24T14:26:47.294+0300] {processor.py:161} INFO - Started process (PID=29931) to work on /home/user/rubix/internship_project/.venv/lib/python3.10/site-packages/airflow/example_dags/example_sla_dag.py
[2024-06-24T14:26:47.295+0300] {processor.py:830} INFO - Processing file /home/user/rubix/internship_project/.venv/lib/python3.10/site-packages/airflow/example_dags/example_sla_dag.py for tasks to queue
[2024-06-24T14:26:47.296+0300] {logging_mixin.py:188} INFO - [2024-06-24T14:26:47.296+0300] {dagbag.py:545} INFO - Filling up the DagBag from /home/user/rubix/internship_project/.venv/lib/python3.10/site-packages/airflow/example_dags/example_sla_dag.py
[2024-06-24T14:26:47.306+0300] {processor.py:840} INFO - DAG(s) 'example_sla_dag' retrieved from /home/user/rubix/internship_project/.venv/lib/python3.10/site-packages/airflow/example_dags/example_sla_dag.py
[2024-06-24T14:26:47.322+0300] {logging_mixin.py:188} INFO - [2024-06-24T14:26:47.322+0300] {dag.py:3096} INFO - Sync 1 DAGs
[2024-06-24T14:26:47.341+0300] {logging_mixin.py:188} INFO - [2024-06-24T14:26:47.341+0300] {dag.py:3954} INFO - Setting next_dagrun for example_sla_dag to 2024-06-24 11:24:00+00:00, run_after=2024-06-24 11:26:00+00:00
[2024-06-24T14:26:47.371+0300] {processor.py:183} INFO - Processing /home/user/rubix/internship_project/.venv/lib/python3.10/site-packages/airflow/example_dags/example_sla_dag.py took 0.085 seconds
[2024-06-24T14:27:31.901+0300] {processor.py:161} INFO - Started process (PID=30438) to work on /home/user/rubix/internship_project/.venv/lib/python3.10/site-packages/airflow/example_dags/example_sla_dag.py
[2024-06-24T14:27:31.902+0300] {processor.py:830} INFO - Processing file /home/user/rubix/internship_project/.venv/lib/python3.10/site-packages/airflow/example_dags/example_sla_dag.py for tasks to queue
[2024-06-24T14:27:31.905+0300] {logging_mixin.py:188} INFO - [2024-06-24T14:27:31.904+0300] {dagbag.py:545} INFO - Filling up the DagBag from /home/user/rubix/internship_project/.venv/lib/python3.10/site-packages/airflow/example_dags/example_sla_dag.py
[2024-06-24T14:27:31.917+0300] {processor.py:840} INFO - DAG(s) 'example_sla_dag' retrieved from /home/user/rubix/internship_project/.venv/lib/python3.10/site-packages/airflow/example_dags/example_sla_dag.py
[2024-06-24T14:27:31.935+0300] {logging_mixin.py:188} INFO - [2024-06-24T14:27:31.935+0300] {dag.py:3096} INFO - Sync 1 DAGs
[2024-06-24T14:27:31.954+0300] {logging_mixin.py:188} INFO - [2024-06-24T14:27:31.954+0300] {dag.py:3954} INFO - Setting next_dagrun for example_sla_dag to 2024-06-24 11:24:00+00:00, run_after=2024-06-24 11:26:00+00:00
[2024-06-24T14:27:31.983+0300] {processor.py:183} INFO - Processing /home/user/rubix/internship_project/.venv/lib/python3.10/site-packages/airflow/example_dags/example_sla_dag.py took 0.091 seconds
[2024-06-24T14:28:14.602+0300] {processor.py:161} INFO - Started process (PID=30706) to work on /home/user/rubix/internship_project/.venv/lib/python3.10/site-packages/airflow/example_dags/example_sla_dag.py
[2024-06-24T14:28:14.603+0300] {processor.py:830} INFO - Processing file /home/user/rubix/internship_project/.venv/lib/python3.10/site-packages/airflow/example_dags/example_sla_dag.py for tasks to queue
[2024-06-24T14:28:14.606+0300] {logging_mixin.py:188} INFO - [2024-06-24T14:28:14.606+0300] {dagbag.py:545} INFO - Filling up the DagBag from /home/user/rubix/internship_project/.venv/lib/python3.10/site-packages/airflow/example_dags/example_sla_dag.py
[2024-06-24T14:28:14.617+0300] {processor.py:840} INFO - DAG(s) 'example_sla_dag' retrieved from /home/user/rubix/internship_project/.venv/lib/python3.10/site-packages/airflow/example_dags/example_sla_dag.py
[2024-06-24T14:28:14.634+0300] {logging_mixin.py:188} INFO - [2024-06-24T14:28:14.634+0300] {dag.py:3096} INFO - Sync 1 DAGs
[2024-06-24T14:28:14.655+0300] {logging_mixin.py:188} INFO - [2024-06-24T14:28:14.654+0300] {dag.py:3954} INFO - Setting next_dagrun for example_sla_dag to 2024-06-24 11:26:00+00:00, run_after=2024-06-24 11:28:00+00:00
[2024-06-24T14:28:14.684+0300] {processor.py:183} INFO - Processing /home/user/rubix/internship_project/.venv/lib/python3.10/site-packages/airflow/example_dags/example_sla_dag.py took 0.090 seconds
[2024-06-24T14:28:58.810+0300] {processor.py:161} INFO - Started process (PID=30921) to work on /home/user/rubix/internship_project/.venv/lib/python3.10/site-packages/airflow/example_dags/example_sla_dag.py
[2024-06-24T14:28:58.811+0300] {processor.py:830} INFO - Processing file /home/user/rubix/internship_project/.venv/lib/python3.10/site-packages/airflow/example_dags/example_sla_dag.py for tasks to queue
[2024-06-24T14:28:58.814+0300] {logging_mixin.py:188} INFO - [2024-06-24T14:28:58.813+0300] {dagbag.py:545} INFO - Filling up the DagBag from /home/user/rubix/internship_project/.venv/lib/python3.10/site-packages/airflow/example_dags/example_sla_dag.py
[2024-06-24T14:28:58.829+0300] {processor.py:840} INFO - DAG(s) 'example_sla_dag' retrieved from /home/user/rubix/internship_project/.venv/lib/python3.10/site-packages/airflow/example_dags/example_sla_dag.py
[2024-06-24T14:28:58.851+0300] {logging_mixin.py:188} INFO - [2024-06-24T14:28:58.850+0300] {dag.py:3096} INFO - Sync 1 DAGs
[2024-06-24T14:28:58.880+0300] {logging_mixin.py:188} INFO - [2024-06-24T14:28:58.880+0300] {dag.py:3954} INFO - Setting next_dagrun for example_sla_dag to 2024-06-24 11:26:00+00:00, run_after=2024-06-24 11:28:00+00:00
[2024-06-24T14:28:58.925+0300] {processor.py:183} INFO - Processing /home/user/rubix/internship_project/.venv/lib/python3.10/site-packages/airflow/example_dags/example_sla_dag.py took 0.128 seconds
[2024-06-24T14:29:46.885+0300] {processor.py:161} INFO - Started process (PID=31323) to work on /home/user/rubix/internship_project/.venv/lib/python3.10/site-packages/airflow/example_dags/example_sla_dag.py
[2024-06-24T14:29:46.886+0300] {processor.py:830} INFO - Processing file /home/user/rubix/internship_project/.venv/lib/python3.10/site-packages/airflow/example_dags/example_sla_dag.py for tasks to queue
[2024-06-24T14:29:46.890+0300] {logging_mixin.py:188} INFO - [2024-06-24T14:29:46.889+0300] {dagbag.py:545} INFO - Filling up the DagBag from /home/user/rubix/internship_project/.venv/lib/python3.10/site-packages/airflow/example_dags/example_sla_dag.py
[2024-06-24T14:29:46.900+0300] {processor.py:840} INFO - DAG(s) 'example_sla_dag' retrieved from /home/user/rubix/internship_project/.venv/lib/python3.10/site-packages/airflow/example_dags/example_sla_dag.py
[2024-06-24T14:29:46.920+0300] {logging_mixin.py:188} INFO - [2024-06-24T14:29:46.920+0300] {dag.py:3096} INFO - Sync 1 DAGs
[2024-06-24T14:29:46.942+0300] {logging_mixin.py:188} INFO - [2024-06-24T14:29:46.942+0300] {dag.py:3954} INFO - Setting next_dagrun for example_sla_dag to 2024-06-24 11:26:00+00:00, run_after=2024-06-24 11:28:00+00:00
[2024-06-24T14:29:46.971+0300] {processor.py:183} INFO - Processing /home/user/rubix/internship_project/.venv/lib/python3.10/site-packages/airflow/example_dags/example_sla_dag.py took 0.093 seconds
[2024-06-24T14:30:35.920+0300] {processor.py:161} INFO - Started process (PID=31485) to work on /home/user/rubix/internship_project/.venv/lib/python3.10/site-packages/airflow/example_dags/example_sla_dag.py
[2024-06-24T14:30:35.921+0300] {processor.py:830} INFO - Processing file /home/user/rubix/internship_project/.venv/lib/python3.10/site-packages/airflow/example_dags/example_sla_dag.py for tasks to queue
[2024-06-24T14:30:35.925+0300] {logging_mixin.py:188} INFO - [2024-06-24T14:30:35.924+0300] {dagbag.py:545} INFO - Filling up the DagBag from /home/user/rubix/internship_project/.venv/lib/python3.10/site-packages/airflow/example_dags/example_sla_dag.py
[2024-06-24T14:30:35.935+0300] {processor.py:840} INFO - DAG(s) 'example_sla_dag' retrieved from /home/user/rubix/internship_project/.venv/lib/python3.10/site-packages/airflow/example_dags/example_sla_dag.py
[2024-06-24T14:30:35.957+0300] {logging_mixin.py:188} INFO - [2024-06-24T14:30:35.957+0300] {dag.py:3096} INFO - Sync 1 DAGs
[2024-06-24T14:30:35.979+0300] {logging_mixin.py:188} INFO - [2024-06-24T14:30:35.979+0300] {dag.py:3954} INFO - Setting next_dagrun for example_sla_dag to 2024-06-24 11:28:00+00:00, run_after=2024-06-24 11:30:00+00:00
[2024-06-24T14:30:36.010+0300] {processor.py:183} INFO - Processing /home/user/rubix/internship_project/.venv/lib/python3.10/site-packages/airflow/example_dags/example_sla_dag.py took 0.098 seconds
[2024-06-24T14:31:22.878+0300] {processor.py:161} INFO - Started process (PID=31763) to work on /home/user/rubix/internship_project/.venv/lib/python3.10/site-packages/airflow/example_dags/example_sla_dag.py
[2024-06-24T14:31:22.879+0300] {processor.py:830} INFO - Processing file /home/user/rubix/internship_project/.venv/lib/python3.10/site-packages/airflow/example_dags/example_sla_dag.py for tasks to queue
[2024-06-24T14:31:22.881+0300] {logging_mixin.py:188} INFO - [2024-06-24T14:31:22.880+0300] {dagbag.py:545} INFO - Filling up the DagBag from /home/user/rubix/internship_project/.venv/lib/python3.10/site-packages/airflow/example_dags/example_sla_dag.py
[2024-06-24T14:31:22.892+0300] {processor.py:840} INFO - DAG(s) 'example_sla_dag' retrieved from /home/user/rubix/internship_project/.venv/lib/python3.10/site-packages/airflow/example_dags/example_sla_dag.py
[2024-06-24T14:31:22.911+0300] {logging_mixin.py:188} INFO - [2024-06-24T14:31:22.911+0300] {dag.py:3096} INFO - Sync 1 DAGs
[2024-06-24T14:31:22.931+0300] {logging_mixin.py:188} INFO - [2024-06-24T14:31:22.931+0300] {dag.py:3954} INFO - Setting next_dagrun for example_sla_dag to 2024-06-24 11:28:00+00:00, run_after=2024-06-24 11:30:00+00:00
[2024-06-24T14:31:22.963+0300] {processor.py:183} INFO - Processing /home/user/rubix/internship_project/.venv/lib/python3.10/site-packages/airflow/example_dags/example_sla_dag.py took 0.095 seconds
[2024-06-24T14:32:09.322+0300] {processor.py:161} INFO - Started process (PID=32040) to work on /home/user/rubix/internship_project/.venv/lib/python3.10/site-packages/airflow/example_dags/example_sla_dag.py
[2024-06-24T14:32:09.323+0300] {processor.py:830} INFO - Processing file /home/user/rubix/internship_project/.venv/lib/python3.10/site-packages/airflow/example_dags/example_sla_dag.py for tasks to queue
[2024-06-24T14:32:09.325+0300] {logging_mixin.py:188} INFO - [2024-06-24T14:32:09.325+0300] {dagbag.py:545} INFO - Filling up the DagBag from /home/user/rubix/internship_project/.venv/lib/python3.10/site-packages/airflow/example_dags/example_sla_dag.py
[2024-06-24T14:32:09.334+0300] {processor.py:840} INFO - DAG(s) 'example_sla_dag' retrieved from /home/user/rubix/internship_project/.venv/lib/python3.10/site-packages/airflow/example_dags/example_sla_dag.py
[2024-06-24T14:32:09.351+0300] {logging_mixin.py:188} INFO - [2024-06-24T14:32:09.351+0300] {dag.py:3096} INFO - Sync 1 DAGs
[2024-06-24T14:32:09.368+0300] {logging_mixin.py:188} INFO - [2024-06-24T14:32:09.368+0300] {dag.py:3954} INFO - Setting next_dagrun for example_sla_dag to 2024-06-24 11:30:00+00:00, run_after=2024-06-24 11:32:00+00:00
[2024-06-24T14:32:09.397+0300] {processor.py:183} INFO - Processing /home/user/rubix/internship_project/.venv/lib/python3.10/site-packages/airflow/example_dags/example_sla_dag.py took 0.082 seconds
