[2024-06-24T14:04:42.480+0300] {processor.py:161} INFO - Started process (PID=23298) to work on /home/user/rubix/internship_project/.venv/lib/python3.10/site-packages/airflow/example_dags/example_branch_operator.py
[2024-06-24T14:04:42.482+0300] {processor.py:830} INFO - Processing file /home/user/rubix/internship_project/.venv/lib/python3.10/site-packages/airflow/example_dags/example_branch_operator.py for tasks to queue
[2024-06-24T14:04:42.484+0300] {logging_mixin.py:188} INFO - [2024-06-24T14:04:42.483+0300] {dagbag.py:545} INFO - Filling up the DagBag from /home/user/rubix/internship_project/.venv/lib/python3.10/site-packages/airflow/example_dags/example_branch_operator.py
[2024-06-24T14:04:42.502+0300] {processor.py:842} WARNING - No viable dags retrieved from /home/user/rubix/internship_project/.venv/lib/python3.10/site-packages/airflow/example_dags/example_branch_operator.py
[2024-06-24T14:04:42.518+0300] {processor.py:183} INFO - Processing /home/user/rubix/internship_project/.venv/lib/python3.10/site-packages/airflow/example_dags/example_branch_operator.py took 0.049 seconds
[2024-06-24T14:05:44.305+0300] {processor.py:161} INFO - Started process (PID=23817) to work on /home/user/rubix/internship_project/.venv/lib/python3.10/site-packages/airflow/example_dags/example_branch_operator.py
[2024-06-24T14:05:44.306+0300] {processor.py:830} INFO - Processing file /home/user/rubix/internship_project/.venv/lib/python3.10/site-packages/airflow/example_dags/example_branch_operator.py for tasks to queue
[2024-06-24T14:05:44.308+0300] {logging_mixin.py:188} INFO - [2024-06-24T14:05:44.308+0300] {dagbag.py:545} INFO - Filling up the DagBag from /home/user/rubix/internship_project/.venv/lib/python3.10/site-packages/airflow/example_dags/example_branch_operator.py
[2024-06-24T14:05:44.326+0300] {processor.py:842} WARNING - No viable dags retrieved from /home/user/rubix/internship_project/.venv/lib/python3.10/site-packages/airflow/example_dags/example_branch_operator.py
[2024-06-24T14:05:44.338+0300] {processor.py:183} INFO - Processing /home/user/rubix/internship_project/.venv/lib/python3.10/site-packages/airflow/example_dags/example_branch_operator.py took 0.040 seconds
[2024-06-24T14:06:45.153+0300] {processor.py:161} INFO - Started process (PID=24144) to work on /home/user/rubix/internship_project/.venv/lib/python3.10/site-packages/airflow/example_dags/example_branch_operator.py
[2024-06-24T14:06:45.154+0300] {processor.py:830} INFO - Processing file /home/user/rubix/internship_project/.venv/lib/python3.10/site-packages/airflow/example_dags/example_branch_operator.py for tasks to queue
[2024-06-24T14:06:45.156+0300] {logging_mixin.py:188} INFO - [2024-06-24T14:06:45.156+0300] {dagbag.py:545} INFO - Filling up the DagBag from /home/user/rubix/internship_project/.venv/lib/python3.10/site-packages/airflow/example_dags/example_branch_operator.py
[2024-06-24T14:06:45.162+0300] {processor.py:842} WARNING - No viable dags retrieved from /home/user/rubix/internship_project/.venv/lib/python3.10/site-packages/airflow/example_dags/example_branch_operator.py
[2024-06-24T14:06:45.173+0300] {processor.py:183} INFO - Processing /home/user/rubix/internship_project/.venv/lib/python3.10/site-packages/airflow/example_dags/example_branch_operator.py took 0.028 seconds
[2024-06-24T14:07:39.172+0300] {processor.py:161} INFO - Started process (PID=24399) to work on /home/user/rubix/internship_project/.venv/lib/python3.10/site-packages/airflow/example_dags/example_branch_operator.py
[2024-06-24T14:07:39.173+0300] {processor.py:830} INFO - Processing file /home/user/rubix/internship_project/.venv/lib/python3.10/site-packages/airflow/example_dags/example_branch_operator.py for tasks to queue
[2024-06-24T14:07:39.175+0300] {logging_mixin.py:188} INFO - [2024-06-24T14:07:39.174+0300] {dagbag.py:545} INFO - Filling up the DagBag from /home/user/rubix/internship_project/.venv/lib/python3.10/site-packages/airflow/example_dags/example_branch_operator.py
[2024-06-24T14:07:39.180+0300] {processor.py:842} WARNING - No viable dags retrieved from /home/user/rubix/internship_project/.venv/lib/python3.10/site-packages/airflow/example_dags/example_branch_operator.py
[2024-06-24T14:07:39.193+0300] {processor.py:183} INFO - Processing /home/user/rubix/internship_project/.venv/lib/python3.10/site-packages/airflow/example_dags/example_branch_operator.py took 0.030 seconds
[2024-06-24T14:08:47.881+0300] {processor.py:161} INFO - Started process (PID=24806) to work on /home/user/rubix/internship_project/.venv/lib/python3.10/site-packages/airflow/example_dags/example_branch_operator.py
[2024-06-24T14:08:47.882+0300] {processor.py:830} INFO - Processing file /home/user/rubix/internship_project/.venv/lib/python3.10/site-packages/airflow/example_dags/example_branch_operator.py for tasks to queue
[2024-06-24T14:08:47.884+0300] {logging_mixin.py:188} INFO - [2024-06-24T14:08:47.884+0300] {dagbag.py:545} INFO - Filling up the DagBag from /home/user/rubix/internship_project/.venv/lib/python3.10/site-packages/airflow/example_dags/example_branch_operator.py
[2024-06-24T14:08:47.889+0300] {processor.py:842} WARNING - No viable dags retrieved from /home/user/rubix/internship_project/.venv/lib/python3.10/site-packages/airflow/example_dags/example_branch_operator.py
[2024-06-24T14:08:47.902+0300] {processor.py:183} INFO - Processing /home/user/rubix/internship_project/.venv/lib/python3.10/site-packages/airflow/example_dags/example_branch_operator.py took 0.029 seconds
[2024-06-24T14:09:55.551+0300] {processor.py:161} INFO - Started process (PID=25273) to work on /home/user/rubix/internship_project/.venv/lib/python3.10/site-packages/airflow/example_dags/example_branch_operator.py
[2024-06-24T14:09:55.552+0300] {processor.py:830} INFO - Processing file /home/user/rubix/internship_project/.venv/lib/python3.10/site-packages/airflow/example_dags/example_branch_operator.py for tasks to queue
[2024-06-24T14:09:55.553+0300] {logging_mixin.py:188} INFO - [2024-06-24T14:09:55.553+0300] {dagbag.py:545} INFO - Filling up the DagBag from /home/user/rubix/internship_project/.venv/lib/python3.10/site-packages/airflow/example_dags/example_branch_operator.py
[2024-06-24T14:09:55.559+0300] {processor.py:842} WARNING - No viable dags retrieved from /home/user/rubix/internship_project/.venv/lib/python3.10/site-packages/airflow/example_dags/example_branch_operator.py
[2024-06-24T14:09:55.572+0300] {processor.py:183} INFO - Processing /home/user/rubix/internship_project/.venv/lib/python3.10/site-packages/airflow/example_dags/example_branch_operator.py took 0.030 seconds
[2024-06-24T14:11:02.592+0300] {processor.py:161} INFO - Started process (PID=25694) to work on /home/user/rubix/internship_project/.venv/lib/python3.10/site-packages/airflow/example_dags/example_branch_operator.py
[2024-06-24T14:11:02.593+0300] {processor.py:830} INFO - Processing file /home/user/rubix/internship_project/.venv/lib/python3.10/site-packages/airflow/example_dags/example_branch_operator.py for tasks to queue
[2024-06-24T14:11:02.595+0300] {logging_mixin.py:188} INFO - [2024-06-24T14:11:02.595+0300] {dagbag.py:545} INFO - Filling up the DagBag from /home/user/rubix/internship_project/.venv/lib/python3.10/site-packages/airflow/example_dags/example_branch_operator.py
[2024-06-24T14:11:02.601+0300] {processor.py:842} WARNING - No viable dags retrieved from /home/user/rubix/internship_project/.venv/lib/python3.10/site-packages/airflow/example_dags/example_branch_operator.py
[2024-06-24T14:11:02.613+0300] {processor.py:183} INFO - Processing /home/user/rubix/internship_project/.venv/lib/python3.10/site-packages/airflow/example_dags/example_branch_operator.py took 0.028 seconds
[2024-06-24T14:12:09.615+0300] {processor.py:161} INFO - Started process (PID=26084) to work on /home/user/rubix/internship_project/.venv/lib/python3.10/site-packages/airflow/example_dags/example_branch_operator.py
[2024-06-24T14:12:09.616+0300] {processor.py:830} INFO - Processing file /home/user/rubix/internship_project/.venv/lib/python3.10/site-packages/airflow/example_dags/example_branch_operator.py for tasks to queue
[2024-06-24T14:12:09.618+0300] {logging_mixin.py:188} INFO - [2024-06-24T14:12:09.617+0300] {dagbag.py:545} INFO - Filling up the DagBag from /home/user/rubix/internship_project/.venv/lib/python3.10/site-packages/airflow/example_dags/example_branch_operator.py
[2024-06-24T14:12:09.623+0300] {processor.py:842} WARNING - No viable dags retrieved from /home/user/rubix/internship_project/.venv/lib/python3.10/site-packages/airflow/example_dags/example_branch_operator.py
[2024-06-24T14:12:09.635+0300] {processor.py:183} INFO - Processing /home/user/rubix/internship_project/.venv/lib/python3.10/site-packages/airflow/example_dags/example_branch_operator.py took 0.028 seconds
[2024-06-24T14:13:20.062+0300] {processor.py:161} INFO - Started process (PID=26290) to work on /home/user/rubix/internship_project/.venv/lib/python3.10/site-packages/airflow/example_dags/example_branch_operator.py
[2024-06-24T14:13:20.063+0300] {processor.py:830} INFO - Processing file /home/user/rubix/internship_project/.venv/lib/python3.10/site-packages/airflow/example_dags/example_branch_operator.py for tasks to queue
[2024-06-24T14:13:20.065+0300] {logging_mixin.py:188} INFO - [2024-06-24T14:13:20.064+0300] {dagbag.py:545} INFO - Filling up the DagBag from /home/user/rubix/internship_project/.venv/lib/python3.10/site-packages/airflow/example_dags/example_branch_operator.py
[2024-06-24T14:13:20.083+0300] {processor.py:842} WARNING - No viable dags retrieved from /home/user/rubix/internship_project/.venv/lib/python3.10/site-packages/airflow/example_dags/example_branch_operator.py
[2024-06-24T14:13:20.096+0300] {processor.py:183} INFO - Processing /home/user/rubix/internship_project/.venv/lib/python3.10/site-packages/airflow/example_dags/example_branch_operator.py took 0.042 seconds
[2024-06-24T14:14:31.526+0300] {processor.py:161} INFO - Started process (PID=26713) to work on /home/user/rubix/internship_project/.venv/lib/python3.10/site-packages/airflow/example_dags/example_branch_operator.py
[2024-06-24T14:14:31.527+0300] {processor.py:830} INFO - Processing file /home/user/rubix/internship_project/.venv/lib/python3.10/site-packages/airflow/example_dags/example_branch_operator.py for tasks to queue
[2024-06-24T14:14:31.529+0300] {logging_mixin.py:188} INFO - [2024-06-24T14:14:31.528+0300] {dagbag.py:545} INFO - Filling up the DagBag from /home/user/rubix/internship_project/.venv/lib/python3.10/site-packages/airflow/example_dags/example_branch_operator.py
[2024-06-24T14:14:31.534+0300] {processor.py:842} WARNING - No viable dags retrieved from /home/user/rubix/internship_project/.venv/lib/python3.10/site-packages/airflow/example_dags/example_branch_operator.py
[2024-06-24T14:14:31.546+0300] {processor.py:183} INFO - Processing /home/user/rubix/internship_project/.venv/lib/python3.10/site-packages/airflow/example_dags/example_branch_operator.py took 0.029 seconds
[2024-06-24T14:15:36.571+0300] {processor.py:161} INFO - Started process (PID=26914) to work on /home/user/rubix/internship_project/.venv/lib/python3.10/site-packages/airflow/example_dags/example_branch_operator.py
[2024-06-24T14:15:36.572+0300] {processor.py:830} INFO - Processing file /home/user/rubix/internship_project/.venv/lib/python3.10/site-packages/airflow/example_dags/example_branch_operator.py for tasks to queue
[2024-06-24T14:15:36.574+0300] {logging_mixin.py:188} INFO - [2024-06-24T14:15:36.573+0300] {dagbag.py:545} INFO - Filling up the DagBag from /home/user/rubix/internship_project/.venv/lib/python3.10/site-packages/airflow/example_dags/example_branch_operator.py
[2024-06-24T14:15:36.579+0300] {processor.py:842} WARNING - No viable dags retrieved from /home/user/rubix/internship_project/.venv/lib/python3.10/site-packages/airflow/example_dags/example_branch_operator.py
[2024-06-24T14:15:36.592+0300] {processor.py:183} INFO - Processing /home/user/rubix/internship_project/.venv/lib/python3.10/site-packages/airflow/example_dags/example_branch_operator.py took 0.029 seconds
[2024-06-24T14:16:37.405+0300] {processor.py:161} INFO - Started process (PID=27103) to work on /home/user/rubix/internship_project/.venv/lib/python3.10/site-packages/airflow/example_dags/example_branch_operator.py
[2024-06-24T14:16:37.406+0300] {processor.py:830} INFO - Processing file /home/user/rubix/internship_project/.venv/lib/python3.10/site-packages/airflow/example_dags/example_branch_operator.py for tasks to queue
[2024-06-24T14:16:37.408+0300] {logging_mixin.py:188} INFO - [2024-06-24T14:16:37.407+0300] {dagbag.py:545} INFO - Filling up the DagBag from /home/user/rubix/internship_project/.venv/lib/python3.10/site-packages/airflow/example_dags/example_branch_operator.py
[2024-06-24T14:16:37.413+0300] {processor.py:842} WARNING - No viable dags retrieved from /home/user/rubix/internship_project/.venv/lib/python3.10/site-packages/airflow/example_dags/example_branch_operator.py
[2024-06-24T14:16:37.426+0300] {processor.py:183} INFO - Processing /home/user/rubix/internship_project/.venv/lib/python3.10/site-packages/airflow/example_dags/example_branch_operator.py took 0.029 seconds
[2024-06-24T14:17:36.034+0300] {processor.py:161} INFO - Started process (PID=27295) to work on /home/user/rubix/internship_project/.venv/lib/python3.10/site-packages/airflow/example_dags/example_branch_operator.py
[2024-06-24T14:17:36.035+0300] {processor.py:830} INFO - Processing file /home/user/rubix/internship_project/.venv/lib/python3.10/site-packages/airflow/example_dags/example_branch_operator.py for tasks to queue
[2024-06-24T14:17:36.036+0300] {logging_mixin.py:188} INFO - [2024-06-24T14:17:36.036+0300] {dagbag.py:545} INFO - Filling up the DagBag from /home/user/rubix/internship_project/.venv/lib/python3.10/site-packages/airflow/example_dags/example_branch_operator.py
[2024-06-24T14:17:36.042+0300] {processor.py:842} WARNING - No viable dags retrieved from /home/user/rubix/internship_project/.venv/lib/python3.10/site-packages/airflow/example_dags/example_branch_operator.py
[2024-06-24T14:17:36.054+0300] {processor.py:183} INFO - Processing /home/user/rubix/internship_project/.venv/lib/python3.10/site-packages/airflow/example_dags/example_branch_operator.py took 0.028 seconds
[2024-06-24T14:18:52.621+0300] {processor.py:161} INFO - Started process (PID=27507) to work on /home/user/rubix/internship_project/.venv/lib/python3.10/site-packages/airflow/example_dags/example_branch_operator.py
[2024-06-24T14:18:52.623+0300] {processor.py:830} INFO - Processing file /home/user/rubix/internship_project/.venv/lib/python3.10/site-packages/airflow/example_dags/example_branch_operator.py for tasks to queue
[2024-06-24T14:18:52.625+0300] {logging_mixin.py:188} INFO - [2024-06-24T14:18:52.624+0300] {dagbag.py:545} INFO - Filling up the DagBag from /home/user/rubix/internship_project/.venv/lib/python3.10/site-packages/airflow/example_dags/example_branch_operator.py
[2024-06-24T14:18:52.640+0300] {processor.py:842} WARNING - No viable dags retrieved from /home/user/rubix/internship_project/.venv/lib/python3.10/site-packages/airflow/example_dags/example_branch_operator.py
[2024-06-24T14:18:52.655+0300] {processor.py:183} INFO - Processing /home/user/rubix/internship_project/.venv/lib/python3.10/site-packages/airflow/example_dags/example_branch_operator.py took 0.042 seconds
[2024-06-24T14:19:56.925+0300] {processor.py:161} INFO - Started process (PID=27878) to work on /home/user/rubix/internship_project/.venv/lib/python3.10/site-packages/airflow/example_dags/example_branch_operator.py
[2024-06-24T14:19:56.926+0300] {processor.py:830} INFO - Processing file /home/user/rubix/internship_project/.venv/lib/python3.10/site-packages/airflow/example_dags/example_branch_operator.py for tasks to queue
[2024-06-24T14:19:56.927+0300] {logging_mixin.py:188} INFO - [2024-06-24T14:19:56.927+0300] {dagbag.py:545} INFO - Filling up the DagBag from /home/user/rubix/internship_project/.venv/lib/python3.10/site-packages/airflow/example_dags/example_branch_operator.py
[2024-06-24T14:19:56.933+0300] {processor.py:842} WARNING - No viable dags retrieved from /home/user/rubix/internship_project/.venv/lib/python3.10/site-packages/airflow/example_dags/example_branch_operator.py
[2024-06-24T14:19:56.946+0300] {processor.py:183} INFO - Processing /home/user/rubix/internship_project/.venv/lib/python3.10/site-packages/airflow/example_dags/example_branch_operator.py took 0.029 seconds
[2024-06-24T14:20:55.071+0300] {processor.py:161} INFO - Started process (PID=28278) to work on /home/user/rubix/internship_project/.venv/lib/python3.10/site-packages/airflow/example_dags/example_branch_operator.py
[2024-06-24T14:20:55.072+0300] {processor.py:830} INFO - Processing file /home/user/rubix/internship_project/.venv/lib/python3.10/site-packages/airflow/example_dags/example_branch_operator.py for tasks to queue
[2024-06-24T14:20:55.074+0300] {logging_mixin.py:188} INFO - [2024-06-24T14:20:55.073+0300] {dagbag.py:545} INFO - Filling up the DagBag from /home/user/rubix/internship_project/.venv/lib/python3.10/site-packages/airflow/example_dags/example_branch_operator.py
[2024-06-24T14:20:55.079+0300] {processor.py:842} WARNING - No viable dags retrieved from /home/user/rubix/internship_project/.venv/lib/python3.10/site-packages/airflow/example_dags/example_branch_operator.py
[2024-06-24T14:20:55.091+0300] {processor.py:183} INFO - Processing /home/user/rubix/internship_project/.venv/lib/python3.10/site-packages/airflow/example_dags/example_branch_operator.py took 0.028 seconds
[2024-06-24T14:21:57.533+0300] {processor.py:161} INFO - Started process (PID=28648) to work on /home/user/rubix/internship_project/.venv/lib/python3.10/site-packages/airflow/example_dags/example_branch_operator.py
[2024-06-24T14:21:57.534+0300] {processor.py:830} INFO - Processing file /home/user/rubix/internship_project/.venv/lib/python3.10/site-packages/airflow/example_dags/example_branch_operator.py for tasks to queue
[2024-06-24T14:21:57.536+0300] {logging_mixin.py:188} INFO - [2024-06-24T14:21:57.535+0300] {dagbag.py:545} INFO - Filling up the DagBag from /home/user/rubix/internship_project/.venv/lib/python3.10/site-packages/airflow/example_dags/example_branch_operator.py
[2024-06-24T14:21:57.541+0300] {processor.py:842} WARNING - No viable dags retrieved from /home/user/rubix/internship_project/.venv/lib/python3.10/site-packages/airflow/example_dags/example_branch_operator.py
[2024-06-24T14:21:57.553+0300] {processor.py:183} INFO - Processing /home/user/rubix/internship_project/.venv/lib/python3.10/site-packages/airflow/example_dags/example_branch_operator.py took 0.028 seconds
[2024-06-24T14:22:54.361+0300] {processor.py:161} INFO - Started process (PID=28827) to work on /home/user/rubix/internship_project/.venv/lib/python3.10/site-packages/airflow/example_dags/example_branch_operator.py
[2024-06-24T14:22:54.362+0300] {processor.py:830} INFO - Processing file /home/user/rubix/internship_project/.venv/lib/python3.10/site-packages/airflow/example_dags/example_branch_operator.py for tasks to queue
[2024-06-24T14:22:54.365+0300] {logging_mixin.py:188} INFO - [2024-06-24T14:22:54.364+0300] {dagbag.py:545} INFO - Filling up the DagBag from /home/user/rubix/internship_project/.venv/lib/python3.10/site-packages/airflow/example_dags/example_branch_operator.py
[2024-06-24T14:22:54.373+0300] {processor.py:842} WARNING - No viable dags retrieved from /home/user/rubix/internship_project/.venv/lib/python3.10/site-packages/airflow/example_dags/example_branch_operator.py
[2024-06-24T14:22:54.391+0300] {processor.py:183} INFO - Processing /home/user/rubix/internship_project/.venv/lib/python3.10/site-packages/airflow/example_dags/example_branch_operator.py took 0.044 seconds
[2024-06-24T14:24:01.994+0300] {processor.py:161} INFO - Started process (PID=29133) to work on /home/user/rubix/internship_project/.venv/lib/python3.10/site-packages/airflow/example_dags/example_branch_operator.py
[2024-06-24T14:24:01.995+0300] {processor.py:830} INFO - Processing file /home/user/rubix/internship_project/.venv/lib/python3.10/site-packages/airflow/example_dags/example_branch_operator.py for tasks to queue
[2024-06-24T14:24:01.998+0300] {logging_mixin.py:188} INFO - [2024-06-24T14:24:01.997+0300] {dagbag.py:545} INFO - Filling up the DagBag from /home/user/rubix/internship_project/.venv/lib/python3.10/site-packages/airflow/example_dags/example_branch_operator.py
[2024-06-24T14:24:02.004+0300] {processor.py:842} WARNING - No viable dags retrieved from /home/user/rubix/internship_project/.venv/lib/python3.10/site-packages/airflow/example_dags/example_branch_operator.py
[2024-06-24T14:24:02.021+0300] {processor.py:183} INFO - Processing /home/user/rubix/internship_project/.venv/lib/python3.10/site-packages/airflow/example_dags/example_branch_operator.py took 0.038 seconds
[2024-06-24T14:24:54.343+0300] {processor.py:161} INFO - Started process (PID=29360) to work on /home/user/rubix/internship_project/.venv/lib/python3.10/site-packages/airflow/example_dags/example_branch_operator.py
[2024-06-24T14:24:54.344+0300] {processor.py:830} INFO - Processing file /home/user/rubix/internship_project/.venv/lib/python3.10/site-packages/airflow/example_dags/example_branch_operator.py for tasks to queue
[2024-06-24T14:24:54.346+0300] {logging_mixin.py:188} INFO - [2024-06-24T14:24:54.346+0300] {dagbag.py:545} INFO - Filling up the DagBag from /home/user/rubix/internship_project/.venv/lib/python3.10/site-packages/airflow/example_dags/example_branch_operator.py
[2024-06-24T14:24:54.352+0300] {processor.py:842} WARNING - No viable dags retrieved from /home/user/rubix/internship_project/.venv/lib/python3.10/site-packages/airflow/example_dags/example_branch_operator.py
[2024-06-24T14:24:54.370+0300] {processor.py:183} INFO - Processing /home/user/rubix/internship_project/.venv/lib/python3.10/site-packages/airflow/example_dags/example_branch_operator.py took 0.035 seconds
[2024-06-24T14:25:56.405+0300] {processor.py:161} INFO - Started process (PID=29626) to work on /home/user/rubix/internship_project/.venv/lib/python3.10/site-packages/airflow/example_dags/example_branch_operator.py
[2024-06-24T14:25:56.406+0300] {processor.py:830} INFO - Processing file /home/user/rubix/internship_project/.venv/lib/python3.10/site-packages/airflow/example_dags/example_branch_operator.py for tasks to queue
[2024-06-24T14:25:56.408+0300] {logging_mixin.py:188} INFO - [2024-06-24T14:25:56.408+0300] {dagbag.py:545} INFO - Filling up the DagBag from /home/user/rubix/internship_project/.venv/lib/python3.10/site-packages/airflow/example_dags/example_branch_operator.py
[2024-06-24T14:25:56.414+0300] {processor.py:842} WARNING - No viable dags retrieved from /home/user/rubix/internship_project/.venv/lib/python3.10/site-packages/airflow/example_dags/example_branch_operator.py
[2024-06-24T14:25:56.427+0300] {processor.py:183} INFO - Processing /home/user/rubix/internship_project/.venv/lib/python3.10/site-packages/airflow/example_dags/example_branch_operator.py took 0.030 seconds
[2024-06-24T14:26:58.898+0300] {processor.py:161} INFO - Started process (PID=29995) to work on /home/user/rubix/internship_project/.venv/lib/python3.10/site-packages/airflow/example_dags/example_branch_operator.py
[2024-06-24T14:26:58.899+0300] {processor.py:830} INFO - Processing file /home/user/rubix/internship_project/.venv/lib/python3.10/site-packages/airflow/example_dags/example_branch_operator.py for tasks to queue
[2024-06-24T14:26:58.901+0300] {logging_mixin.py:188} INFO - [2024-06-24T14:26:58.900+0300] {dagbag.py:545} INFO - Filling up the DagBag from /home/user/rubix/internship_project/.venv/lib/python3.10/site-packages/airflow/example_dags/example_branch_operator.py
[2024-06-24T14:26:58.907+0300] {processor.py:842} WARNING - No viable dags retrieved from /home/user/rubix/internship_project/.venv/lib/python3.10/site-packages/airflow/example_dags/example_branch_operator.py
[2024-06-24T14:26:58.924+0300] {processor.py:183} INFO - Processing /home/user/rubix/internship_project/.venv/lib/python3.10/site-packages/airflow/example_dags/example_branch_operator.py took 0.035 seconds
[2024-06-24T14:28:04.249+0300] {processor.py:161} INFO - Started process (PID=30662) to work on /home/user/rubix/internship_project/.venv/lib/python3.10/site-packages/airflow/example_dags/example_branch_operator.py
[2024-06-24T14:28:04.251+0300] {processor.py:830} INFO - Processing file /home/user/rubix/internship_project/.venv/lib/python3.10/site-packages/airflow/example_dags/example_branch_operator.py for tasks to queue
[2024-06-24T14:28:04.252+0300] {logging_mixin.py:188} INFO - [2024-06-24T14:28:04.252+0300] {dagbag.py:545} INFO - Filling up the DagBag from /home/user/rubix/internship_project/.venv/lib/python3.10/site-packages/airflow/example_dags/example_branch_operator.py
[2024-06-24T14:28:04.261+0300] {processor.py:842} WARNING - No viable dags retrieved from /home/user/rubix/internship_project/.venv/lib/python3.10/site-packages/airflow/example_dags/example_branch_operator.py
[2024-06-24T14:28:04.279+0300] {processor.py:183} INFO - Processing /home/user/rubix/internship_project/.venv/lib/python3.10/site-packages/airflow/example_dags/example_branch_operator.py took 0.039 seconds
[2024-06-24T14:29:12.538+0300] {processor.py:161} INFO - Started process (PID=31069) to work on /home/user/rubix/internship_project/.venv/lib/python3.10/site-packages/airflow/example_dags/example_branch_operator.py
[2024-06-24T14:29:12.539+0300] {processor.py:830} INFO - Processing file /home/user/rubix/internship_project/.venv/lib/python3.10/site-packages/airflow/example_dags/example_branch_operator.py for tasks to queue
[2024-06-24T14:29:12.540+0300] {logging_mixin.py:188} INFO - [2024-06-24T14:29:12.540+0300] {dagbag.py:545} INFO - Filling up the DagBag from /home/user/rubix/internship_project/.venv/lib/python3.10/site-packages/airflow/example_dags/example_branch_operator.py
[2024-06-24T14:29:12.546+0300] {processor.py:842} WARNING - No viable dags retrieved from /home/user/rubix/internship_project/.venv/lib/python3.10/site-packages/airflow/example_dags/example_branch_operator.py
[2024-06-24T14:29:12.558+0300] {processor.py:183} INFO - Processing /home/user/rubix/internship_project/.venv/lib/python3.10/site-packages/airflow/example_dags/example_branch_operator.py took 0.028 seconds
[2024-06-24T14:30:25.220+0300] {processor.py:161} INFO - Started process (PID=31455) to work on /home/user/rubix/internship_project/.venv/lib/python3.10/site-packages/airflow/example_dags/example_branch_operator.py
[2024-06-24T14:30:25.223+0300] {processor.py:830} INFO - Processing file /home/user/rubix/internship_project/.venv/lib/python3.10/site-packages/airflow/example_dags/example_branch_operator.py for tasks to queue
[2024-06-24T14:30:25.226+0300] {logging_mixin.py:188} INFO - [2024-06-24T14:30:25.226+0300] {dagbag.py:545} INFO - Filling up the DagBag from /home/user/rubix/internship_project/.venv/lib/python3.10/site-packages/airflow/example_dags/example_branch_operator.py
[2024-06-24T14:30:25.233+0300] {processor.py:842} WARNING - No viable dags retrieved from /home/user/rubix/internship_project/.venv/lib/python3.10/site-packages/airflow/example_dags/example_branch_operator.py
[2024-06-24T14:30:25.245+0300] {processor.py:183} INFO - Processing /home/user/rubix/internship_project/.venv/lib/python3.10/site-packages/airflow/example_dags/example_branch_operator.py took 0.033 seconds
[2024-06-24T14:31:34.966+0300] {processor.py:161} INFO - Started process (PID=31906) to work on /home/user/rubix/internship_project/.venv/lib/python3.10/site-packages/airflow/example_dags/example_branch_operator.py
[2024-06-24T14:31:34.967+0300] {processor.py:830} INFO - Processing file /home/user/rubix/internship_project/.venv/lib/python3.10/site-packages/airflow/example_dags/example_branch_operator.py for tasks to queue
[2024-06-24T14:31:34.970+0300] {logging_mixin.py:188} INFO - [2024-06-24T14:31:34.969+0300] {dagbag.py:545} INFO - Filling up the DagBag from /home/user/rubix/internship_project/.venv/lib/python3.10/site-packages/airflow/example_dags/example_branch_operator.py
[2024-06-24T14:31:34.976+0300] {processor.py:842} WARNING - No viable dags retrieved from /home/user/rubix/internship_project/.venv/lib/python3.10/site-packages/airflow/example_dags/example_branch_operator.py
[2024-06-24T14:31:34.989+0300] {processor.py:183} INFO - Processing /home/user/rubix/internship_project/.venv/lib/python3.10/site-packages/airflow/example_dags/example_branch_operator.py took 0.031 seconds
[2024-06-24T14:32:42.379+0300] {processor.py:161} INFO - Started process (PID=32102) to work on /home/user/rubix/internship_project/.venv/lib/python3.10/site-packages/airflow/example_dags/example_branch_operator.py
[2024-06-24T14:32:42.380+0300] {processor.py:830} INFO - Processing file /home/user/rubix/internship_project/.venv/lib/python3.10/site-packages/airflow/example_dags/example_branch_operator.py for tasks to queue
[2024-06-24T14:32:42.382+0300] {logging_mixin.py:188} INFO - [2024-06-24T14:32:42.382+0300] {dagbag.py:545} INFO - Filling up the DagBag from /home/user/rubix/internship_project/.venv/lib/python3.10/site-packages/airflow/example_dags/example_branch_operator.py
[2024-06-24T14:32:42.388+0300] {processor.py:842} WARNING - No viable dags retrieved from /home/user/rubix/internship_project/.venv/lib/python3.10/site-packages/airflow/example_dags/example_branch_operator.py
[2024-06-24T14:32:42.400+0300] {processor.py:183} INFO - Processing /home/user/rubix/internship_project/.venv/lib/python3.10/site-packages/airflow/example_dags/example_branch_operator.py took 0.029 seconds
