[2024-06-24T14:02:55.541+0300] {processor.py:161} INFO - Started process (PID=22501) to work on /home/user/rubix/internship_project/.venv/lib/python3.10/site-packages/airflow/example_dags/example_trigger_target_dag.py
[2024-06-24T14:02:55.544+0300] {processor.py:830} INFO - Processing file /home/user/rubix/internship_project/.venv/lib/python3.10/site-packages/airflow/example_dags/example_trigger_target_dag.py for tasks to queue
[2024-06-24T14:02:55.547+0300] {logging_mixin.py:188} INFO - [2024-06-24T14:02:55.546+0300] {dagbag.py:545} INFO - Filling up the DagBag from /home/user/rubix/internship_project/.venv/lib/python3.10/site-packages/airflow/example_dags/example_trigger_target_dag.py
[2024-06-24T14:02:55.578+0300] {processor.py:840} INFO - DAG(s) 'example_trigger_target_dag' retrieved from /home/user/rubix/internship_project/.venv/lib/python3.10/site-packages/airflow/example_dags/example_trigger_target_dag.py
[2024-06-24T14:02:55.594+0300] {logging_mixin.py:188} INFO - [2024-06-24T14:02:55.594+0300] {dag.py:3096} INFO - Sync 1 DAGs
[2024-06-24T14:02:55.616+0300] {logging_mixin.py:188} INFO - [2024-06-24T14:02:55.616+0300] {dag.py:3954} INFO - Setting next_dagrun for example_trigger_target_dag to None, run_after=None
[2024-06-24T14:02:55.704+0300] {processor.py:183} INFO - Processing /home/user/rubix/internship_project/.venv/lib/python3.10/site-packages/airflow/example_dags/example_trigger_target_dag.py took 0.177 seconds
[2024-06-24T14:04:09.433+0300] {processor.py:161} INFO - Started process (PID=23127) to work on /home/user/rubix/internship_project/.venv/lib/python3.10/site-packages/airflow/example_dags/example_trigger_target_dag.py
[2024-06-24T14:04:09.434+0300] {processor.py:830} INFO - Processing file /home/user/rubix/internship_project/.venv/lib/python3.10/site-packages/airflow/example_dags/example_trigger_target_dag.py for tasks to queue
[2024-06-24T14:04:09.436+0300] {logging_mixin.py:188} INFO - [2024-06-24T14:04:09.436+0300] {dagbag.py:545} INFO - Filling up the DagBag from /home/user/rubix/internship_project/.venv/lib/python3.10/site-packages/airflow/example_dags/example_trigger_target_dag.py
[2024-06-24T14:04:09.446+0300] {processor.py:840} INFO - DAG(s) 'example_trigger_target_dag' retrieved from /home/user/rubix/internship_project/.venv/lib/python3.10/site-packages/airflow/example_dags/example_trigger_target_dag.py
[2024-06-24T14:04:09.456+0300] {logging_mixin.py:188} INFO - [2024-06-24T14:04:09.455+0300] {dag.py:3096} INFO - Sync 1 DAGs
[2024-06-24T14:04:09.467+0300] {logging_mixin.py:188} INFO - [2024-06-24T14:04:09.466+0300] {dag.py:3954} INFO - Setting next_dagrun for example_trigger_target_dag to None, run_after=None
[2024-06-24T14:04:09.498+0300] {processor.py:183} INFO - Processing /home/user/rubix/internship_project/.venv/lib/python3.10/site-packages/airflow/example_dags/example_trigger_target_dag.py took 0.072 seconds
[2024-06-24T14:05:06.108+0300] {processor.py:161} INFO - Started process (PID=23546) to work on /home/user/rubix/internship_project/.venv/lib/python3.10/site-packages/airflow/example_dags/example_trigger_target_dag.py
[2024-06-24T14:05:06.110+0300] {processor.py:830} INFO - Processing file /home/user/rubix/internship_project/.venv/lib/python3.10/site-packages/airflow/example_dags/example_trigger_target_dag.py for tasks to queue
[2024-06-24T14:05:06.112+0300] {logging_mixin.py:188} INFO - [2024-06-24T14:05:06.112+0300] {dagbag.py:545} INFO - Filling up the DagBag from /home/user/rubix/internship_project/.venv/lib/python3.10/site-packages/airflow/example_dags/example_trigger_target_dag.py
[2024-06-24T14:05:06.128+0300] {processor.py:840} INFO - DAG(s) 'example_trigger_target_dag' retrieved from /home/user/rubix/internship_project/.venv/lib/python3.10/site-packages/airflow/example_dags/example_trigger_target_dag.py
[2024-06-24T14:05:06.318+0300] {logging_mixin.py:188} INFO - [2024-06-24T14:05:06.318+0300] {dag.py:3096} INFO - Sync 1 DAGs
[2024-06-24T14:05:06.324+0300] {logging_mixin.py:188} INFO - [2024-06-24T14:05:06.324+0300] {dag.py:3954} INFO - Setting next_dagrun for example_trigger_target_dag to None, run_after=None
[2024-06-24T14:05:06.345+0300] {processor.py:183} INFO - Processing /home/user/rubix/internship_project/.venv/lib/python3.10/site-packages/airflow/example_dags/example_trigger_target_dag.py took 0.245 seconds
[2024-06-24T14:06:08.313+0300] {processor.py:161} INFO - Started process (PID=24056) to work on /home/user/rubix/internship_project/.venv/lib/python3.10/site-packages/airflow/example_dags/example_trigger_target_dag.py
[2024-06-24T14:06:08.314+0300] {processor.py:830} INFO - Processing file /home/user/rubix/internship_project/.venv/lib/python3.10/site-packages/airflow/example_dags/example_trigger_target_dag.py for tasks to queue
[2024-06-24T14:06:08.316+0300] {logging_mixin.py:188} INFO - [2024-06-24T14:06:08.315+0300] {dagbag.py:545} INFO - Filling up the DagBag from /home/user/rubix/internship_project/.venv/lib/python3.10/site-packages/airflow/example_dags/example_trigger_target_dag.py
[2024-06-24T14:06:08.323+0300] {processor.py:840} INFO - DAG(s) 'example_trigger_target_dag' retrieved from /home/user/rubix/internship_project/.venv/lib/python3.10/site-packages/airflow/example_dags/example_trigger_target_dag.py
[2024-06-24T14:06:08.339+0300] {logging_mixin.py:188} INFO - [2024-06-24T14:06:08.339+0300] {dag.py:3096} INFO - Sync 1 DAGs
[2024-06-24T14:06:08.348+0300] {logging_mixin.py:188} INFO - [2024-06-24T14:06:08.348+0300] {dag.py:3954} INFO - Setting next_dagrun for example_trigger_target_dag to None, run_after=None
[2024-06-24T14:06:08.471+0300] {processor.py:183} INFO - Processing /home/user/rubix/internship_project/.venv/lib/python3.10/site-packages/airflow/example_dags/example_trigger_target_dag.py took 0.166 seconds
[2024-06-24T14:07:03.814+0300] {processor.py:161} INFO - Started process (PID=24246) to work on /home/user/rubix/internship_project/.venv/lib/python3.10/site-packages/airflow/example_dags/example_trigger_target_dag.py
[2024-06-24T14:07:03.816+0300] {processor.py:830} INFO - Processing file /home/user/rubix/internship_project/.venv/lib/python3.10/site-packages/airflow/example_dags/example_trigger_target_dag.py for tasks to queue
[2024-06-24T14:07:03.818+0300] {logging_mixin.py:188} INFO - [2024-06-24T14:07:03.818+0300] {dagbag.py:545} INFO - Filling up the DagBag from /home/user/rubix/internship_project/.venv/lib/python3.10/site-packages/airflow/example_dags/example_trigger_target_dag.py
[2024-06-24T14:07:03.835+0300] {processor.py:840} INFO - DAG(s) 'example_trigger_target_dag' retrieved from /home/user/rubix/internship_project/.venv/lib/python3.10/site-packages/airflow/example_dags/example_trigger_target_dag.py
[2024-06-24T14:07:03.878+0300] {logging_mixin.py:188} INFO - [2024-06-24T14:07:03.877+0300] {dag.py:3096} INFO - Sync 1 DAGs
[2024-06-24T14:07:03.903+0300] {logging_mixin.py:188} INFO - [2024-06-24T14:07:03.903+0300] {dag.py:3954} INFO - Setting next_dagrun for example_trigger_target_dag to None, run_after=None
[2024-06-24T14:07:03.961+0300] {processor.py:183} INFO - Processing /home/user/rubix/internship_project/.venv/lib/python3.10/site-packages/airflow/example_dags/example_trigger_target_dag.py took 0.165 seconds
[2024-06-24T14:07:50.837+0300] {processor.py:161} INFO - Started process (PID=24473) to work on /home/user/rubix/internship_project/.venv/lib/python3.10/site-packages/airflow/example_dags/example_trigger_target_dag.py
[2024-06-24T14:07:50.838+0300] {processor.py:830} INFO - Processing file /home/user/rubix/internship_project/.venv/lib/python3.10/site-packages/airflow/example_dags/example_trigger_target_dag.py for tasks to queue
[2024-06-24T14:07:50.841+0300] {logging_mixin.py:188} INFO - [2024-06-24T14:07:50.840+0300] {dagbag.py:545} INFO - Filling up the DagBag from /home/user/rubix/internship_project/.venv/lib/python3.10/site-packages/airflow/example_dags/example_trigger_target_dag.py
[2024-06-24T14:07:50.848+0300] {processor.py:840} INFO - DAG(s) 'example_trigger_target_dag' retrieved from /home/user/rubix/internship_project/.venv/lib/python3.10/site-packages/airflow/example_dags/example_trigger_target_dag.py
[2024-06-24T14:07:50.864+0300] {logging_mixin.py:188} INFO - [2024-06-24T14:07:50.864+0300] {dag.py:3096} INFO - Sync 1 DAGs
[2024-06-24T14:07:50.874+0300] {logging_mixin.py:188} INFO - [2024-06-24T14:07:50.874+0300] {dag.py:3954} INFO - Setting next_dagrun for example_trigger_target_dag to None, run_after=None
[2024-06-24T14:07:50.905+0300] {processor.py:183} INFO - Processing /home/user/rubix/internship_project/.venv/lib/python3.10/site-packages/airflow/example_dags/example_trigger_target_dag.py took 0.075 seconds
[2024-06-24T14:08:37.502+0300] {processor.py:161} INFO - Started process (PID=24757) to work on /home/user/rubix/internship_project/.venv/lib/python3.10/site-packages/airflow/example_dags/example_trigger_target_dag.py
[2024-06-24T14:08:37.503+0300] {processor.py:830} INFO - Processing file /home/user/rubix/internship_project/.venv/lib/python3.10/site-packages/airflow/example_dags/example_trigger_target_dag.py for tasks to queue
[2024-06-24T14:08:37.505+0300] {logging_mixin.py:188} INFO - [2024-06-24T14:08:37.504+0300] {dagbag.py:545} INFO - Filling up the DagBag from /home/user/rubix/internship_project/.venv/lib/python3.10/site-packages/airflow/example_dags/example_trigger_target_dag.py
[2024-06-24T14:08:37.515+0300] {processor.py:840} INFO - DAG(s) 'example_trigger_target_dag' retrieved from /home/user/rubix/internship_project/.venv/lib/python3.10/site-packages/airflow/example_dags/example_trigger_target_dag.py
[2024-06-24T14:08:37.536+0300] {logging_mixin.py:188} INFO - [2024-06-24T14:08:37.535+0300] {dag.py:3096} INFO - Sync 1 DAGs
[2024-06-24T14:08:37.548+0300] {logging_mixin.py:188} INFO - [2024-06-24T14:08:37.548+0300] {dag.py:3954} INFO - Setting next_dagrun for example_trigger_target_dag to None, run_after=None
[2024-06-24T14:08:37.578+0300] {processor.py:183} INFO - Processing /home/user/rubix/internship_project/.venv/lib/python3.10/site-packages/airflow/example_dags/example_trigger_target_dag.py took 0.086 seconds
[2024-06-24T14:09:23.774+0300] {processor.py:161} INFO - Started process (PID=25108) to work on /home/user/rubix/internship_project/.venv/lib/python3.10/site-packages/airflow/example_dags/example_trigger_target_dag.py
[2024-06-24T14:09:23.775+0300] {processor.py:830} INFO - Processing file /home/user/rubix/internship_project/.venv/lib/python3.10/site-packages/airflow/example_dags/example_trigger_target_dag.py for tasks to queue
[2024-06-24T14:09:23.777+0300] {logging_mixin.py:188} INFO - [2024-06-24T14:09:23.776+0300] {dagbag.py:545} INFO - Filling up the DagBag from /home/user/rubix/internship_project/.venv/lib/python3.10/site-packages/airflow/example_dags/example_trigger_target_dag.py
[2024-06-24T14:09:23.786+0300] {processor.py:840} INFO - DAG(s) 'example_trigger_target_dag' retrieved from /home/user/rubix/internship_project/.venv/lib/python3.10/site-packages/airflow/example_dags/example_trigger_target_dag.py
[2024-06-24T14:09:23.804+0300] {logging_mixin.py:188} INFO - [2024-06-24T14:09:23.804+0300] {dag.py:3096} INFO - Sync 1 DAGs
[2024-06-24T14:09:23.816+0300] {logging_mixin.py:188} INFO - [2024-06-24T14:09:23.816+0300] {dag.py:3954} INFO - Setting next_dagrun for example_trigger_target_dag to None, run_after=None
[2024-06-24T14:09:23.842+0300] {processor.py:183} INFO - Processing /home/user/rubix/internship_project/.venv/lib/python3.10/site-packages/airflow/example_dags/example_trigger_target_dag.py took 0.078 seconds
[2024-06-24T14:10:08.093+0300] {processor.py:161} INFO - Started process (PID=25409) to work on /home/user/rubix/internship_project/.venv/lib/python3.10/site-packages/airflow/example_dags/example_trigger_target_dag.py
[2024-06-24T14:10:08.095+0300] {processor.py:830} INFO - Processing file /home/user/rubix/internship_project/.venv/lib/python3.10/site-packages/airflow/example_dags/example_trigger_target_dag.py for tasks to queue
[2024-06-24T14:10:08.098+0300] {logging_mixin.py:188} INFO - [2024-06-24T14:10:08.098+0300] {dagbag.py:545} INFO - Filling up the DagBag from /home/user/rubix/internship_project/.venv/lib/python3.10/site-packages/airflow/example_dags/example_trigger_target_dag.py
[2024-06-24T14:10:08.110+0300] {processor.py:840} INFO - DAG(s) 'example_trigger_target_dag' retrieved from /home/user/rubix/internship_project/.venv/lib/python3.10/site-packages/airflow/example_dags/example_trigger_target_dag.py
[2024-06-24T14:10:08.133+0300] {logging_mixin.py:188} INFO - [2024-06-24T14:10:08.132+0300] {dag.py:3096} INFO - Sync 1 DAGs
[2024-06-24T14:10:08.148+0300] {logging_mixin.py:188} INFO - [2024-06-24T14:10:08.147+0300] {dag.py:3954} INFO - Setting next_dagrun for example_trigger_target_dag to None, run_after=None
[2024-06-24T14:10:08.186+0300] {processor.py:183} INFO - Processing /home/user/rubix/internship_project/.venv/lib/python3.10/site-packages/airflow/example_dags/example_trigger_target_dag.py took 0.104 seconds
[2024-06-24T14:10:52.220+0300] {processor.py:161} INFO - Started process (PID=25612) to work on /home/user/rubix/internship_project/.venv/lib/python3.10/site-packages/airflow/example_dags/example_trigger_target_dag.py
[2024-06-24T14:10:52.221+0300] {processor.py:830} INFO - Processing file /home/user/rubix/internship_project/.venv/lib/python3.10/site-packages/airflow/example_dags/example_trigger_target_dag.py for tasks to queue
[2024-06-24T14:10:52.223+0300] {logging_mixin.py:188} INFO - [2024-06-24T14:10:52.222+0300] {dagbag.py:545} INFO - Filling up the DagBag from /home/user/rubix/internship_project/.venv/lib/python3.10/site-packages/airflow/example_dags/example_trigger_target_dag.py
[2024-06-24T14:10:52.231+0300] {processor.py:840} INFO - DAG(s) 'example_trigger_target_dag' retrieved from /home/user/rubix/internship_project/.venv/lib/python3.10/site-packages/airflow/example_dags/example_trigger_target_dag.py
[2024-06-24T14:10:52.249+0300] {logging_mixin.py:188} INFO - [2024-06-24T14:10:52.249+0300] {dag.py:3096} INFO - Sync 1 DAGs
[2024-06-24T14:10:52.260+0300] {logging_mixin.py:188} INFO - [2024-06-24T14:10:52.260+0300] {dag.py:3954} INFO - Setting next_dagrun for example_trigger_target_dag to None, run_after=None
[2024-06-24T14:10:52.293+0300] {processor.py:183} INFO - Processing /home/user/rubix/internship_project/.venv/lib/python3.10/site-packages/airflow/example_dags/example_trigger_target_dag.py took 0.082 seconds
[2024-06-24T14:11:38.456+0300] {processor.py:161} INFO - Started process (PID=25935) to work on /home/user/rubix/internship_project/.venv/lib/python3.10/site-packages/airflow/example_dags/example_trigger_target_dag.py
[2024-06-24T14:11:38.457+0300] {processor.py:830} INFO - Processing file /home/user/rubix/internship_project/.venv/lib/python3.10/site-packages/airflow/example_dags/example_trigger_target_dag.py for tasks to queue
[2024-06-24T14:11:38.459+0300] {logging_mixin.py:188} INFO - [2024-06-24T14:11:38.459+0300] {dagbag.py:545} INFO - Filling up the DagBag from /home/user/rubix/internship_project/.venv/lib/python3.10/site-packages/airflow/example_dags/example_trigger_target_dag.py
[2024-06-24T14:11:38.467+0300] {processor.py:840} INFO - DAG(s) 'example_trigger_target_dag' retrieved from /home/user/rubix/internship_project/.venv/lib/python3.10/site-packages/airflow/example_dags/example_trigger_target_dag.py
[2024-06-24T14:11:38.483+0300] {logging_mixin.py:188} INFO - [2024-06-24T14:11:38.482+0300] {dag.py:3096} INFO - Sync 1 DAGs
[2024-06-24T14:11:38.492+0300] {logging_mixin.py:188} INFO - [2024-06-24T14:11:38.492+0300] {dag.py:3954} INFO - Setting next_dagrun for example_trigger_target_dag to None, run_after=None
[2024-06-24T14:11:38.520+0300] {processor.py:183} INFO - Processing /home/user/rubix/internship_project/.venv/lib/python3.10/site-packages/airflow/example_dags/example_trigger_target_dag.py took 0.071 seconds
[2024-06-24T14:12:21.106+0300] {processor.py:161} INFO - Started process (PID=26115) to work on /home/user/rubix/internship_project/.venv/lib/python3.10/site-packages/airflow/example_dags/example_trigger_target_dag.py
[2024-06-24T14:12:21.107+0300] {processor.py:830} INFO - Processing file /home/user/rubix/internship_project/.venv/lib/python3.10/site-packages/airflow/example_dags/example_trigger_target_dag.py for tasks to queue
[2024-06-24T14:12:21.109+0300] {logging_mixin.py:188} INFO - [2024-06-24T14:12:21.108+0300] {dagbag.py:545} INFO - Filling up the DagBag from /home/user/rubix/internship_project/.venv/lib/python3.10/site-packages/airflow/example_dags/example_trigger_target_dag.py
[2024-06-24T14:12:21.117+0300] {processor.py:840} INFO - DAG(s) 'example_trigger_target_dag' retrieved from /home/user/rubix/internship_project/.venv/lib/python3.10/site-packages/airflow/example_dags/example_trigger_target_dag.py
[2024-06-24T14:12:21.134+0300] {logging_mixin.py:188} INFO - [2024-06-24T14:12:21.134+0300] {dag.py:3096} INFO - Sync 1 DAGs
[2024-06-24T14:12:21.144+0300] {logging_mixin.py:188} INFO - [2024-06-24T14:12:21.144+0300] {dag.py:3954} INFO - Setting next_dagrun for example_trigger_target_dag to None, run_after=None
[2024-06-24T14:12:21.163+0300] {processor.py:183} INFO - Processing /home/user/rubix/internship_project/.venv/lib/python3.10/site-packages/airflow/example_dags/example_trigger_target_dag.py took 0.067 seconds
[2024-06-24T14:13:08.139+0300] {processor.py:161} INFO - Started process (PID=26268) to work on /home/user/rubix/internship_project/.venv/lib/python3.10/site-packages/airflow/example_dags/example_trigger_target_dag.py
[2024-06-24T14:13:08.140+0300] {processor.py:830} INFO - Processing file /home/user/rubix/internship_project/.venv/lib/python3.10/site-packages/airflow/example_dags/example_trigger_target_dag.py for tasks to queue
[2024-06-24T14:13:08.142+0300] {logging_mixin.py:188} INFO - [2024-06-24T14:13:08.141+0300] {dagbag.py:545} INFO - Filling up the DagBag from /home/user/rubix/internship_project/.venv/lib/python3.10/site-packages/airflow/example_dags/example_trigger_target_dag.py
[2024-06-24T14:13:08.163+0300] {processor.py:840} INFO - DAG(s) 'example_trigger_target_dag' retrieved from /home/user/rubix/internship_project/.venv/lib/python3.10/site-packages/airflow/example_dags/example_trigger_target_dag.py
[2024-06-24T14:13:08.179+0300] {logging_mixin.py:188} INFO - [2024-06-24T14:13:08.179+0300] {dag.py:3096} INFO - Sync 1 DAGs
[2024-06-24T14:13:08.188+0300] {logging_mixin.py:188} INFO - [2024-06-24T14:13:08.188+0300] {dag.py:3954} INFO - Setting next_dagrun for example_trigger_target_dag to None, run_after=None
[2024-06-24T14:13:08.218+0300] {processor.py:183} INFO - Processing /home/user/rubix/internship_project/.venv/lib/python3.10/site-packages/airflow/example_dags/example_trigger_target_dag.py took 0.087 seconds
[2024-06-24T14:14:01.050+0300] {processor.py:161} INFO - Started process (PID=26534) to work on /home/user/rubix/internship_project/.venv/lib/python3.10/site-packages/airflow/example_dags/example_trigger_target_dag.py
[2024-06-24T14:14:01.051+0300] {processor.py:830} INFO - Processing file /home/user/rubix/internship_project/.venv/lib/python3.10/site-packages/airflow/example_dags/example_trigger_target_dag.py for tasks to queue
[2024-06-24T14:14:01.053+0300] {logging_mixin.py:188} INFO - [2024-06-24T14:14:01.053+0300] {dagbag.py:545} INFO - Filling up the DagBag from /home/user/rubix/internship_project/.venv/lib/python3.10/site-packages/airflow/example_dags/example_trigger_target_dag.py
[2024-06-24T14:14:01.061+0300] {processor.py:840} INFO - DAG(s) 'example_trigger_target_dag' retrieved from /home/user/rubix/internship_project/.venv/lib/python3.10/site-packages/airflow/example_dags/example_trigger_target_dag.py
[2024-06-24T14:14:01.078+0300] {logging_mixin.py:188} INFO - [2024-06-24T14:14:01.078+0300] {dag.py:3096} INFO - Sync 1 DAGs
[2024-06-24T14:14:01.088+0300] {logging_mixin.py:188} INFO - [2024-06-24T14:14:01.088+0300] {dag.py:3954} INFO - Setting next_dagrun for example_trigger_target_dag to None, run_after=None
[2024-06-24T14:14:01.119+0300] {processor.py:183} INFO - Processing /home/user/rubix/internship_project/.venv/lib/python3.10/site-packages/airflow/example_dags/example_trigger_target_dag.py took 0.077 seconds
[2024-06-24T14:14:45.056+0300] {processor.py:161} INFO - Started process (PID=26744) to work on /home/user/rubix/internship_project/.venv/lib/python3.10/site-packages/airflow/example_dags/example_trigger_target_dag.py
[2024-06-24T14:14:45.057+0300] {processor.py:830} INFO - Processing file /home/user/rubix/internship_project/.venv/lib/python3.10/site-packages/airflow/example_dags/example_trigger_target_dag.py for tasks to queue
[2024-06-24T14:14:45.059+0300] {logging_mixin.py:188} INFO - [2024-06-24T14:14:45.058+0300] {dagbag.py:545} INFO - Filling up the DagBag from /home/user/rubix/internship_project/.venv/lib/python3.10/site-packages/airflow/example_dags/example_trigger_target_dag.py
[2024-06-24T14:14:45.067+0300] {processor.py:840} INFO - DAG(s) 'example_trigger_target_dag' retrieved from /home/user/rubix/internship_project/.venv/lib/python3.10/site-packages/airflow/example_dags/example_trigger_target_dag.py
[2024-06-24T14:14:45.085+0300] {logging_mixin.py:188} INFO - [2024-06-24T14:14:45.085+0300] {dag.py:3096} INFO - Sync 1 DAGs
[2024-06-24T14:14:45.095+0300] {logging_mixin.py:188} INFO - [2024-06-24T14:14:45.095+0300] {dag.py:3954} INFO - Setting next_dagrun for example_trigger_target_dag to None, run_after=None
[2024-06-24T14:14:45.119+0300] {processor.py:183} INFO - Processing /home/user/rubix/internship_project/.venv/lib/python3.10/site-packages/airflow/example_dags/example_trigger_target_dag.py took 0.072 seconds
[2024-06-24T14:15:26.899+0300] {processor.py:161} INFO - Started process (PID=26896) to work on /home/user/rubix/internship_project/.venv/lib/python3.10/site-packages/airflow/example_dags/example_trigger_target_dag.py
[2024-06-24T14:15:26.900+0300] {processor.py:830} INFO - Processing file /home/user/rubix/internship_project/.venv/lib/python3.10/site-packages/airflow/example_dags/example_trigger_target_dag.py for tasks to queue
[2024-06-24T14:15:26.902+0300] {logging_mixin.py:188} INFO - [2024-06-24T14:15:26.901+0300] {dagbag.py:545} INFO - Filling up the DagBag from /home/user/rubix/internship_project/.venv/lib/python3.10/site-packages/airflow/example_dags/example_trigger_target_dag.py
[2024-06-24T14:15:26.910+0300] {processor.py:840} INFO - DAG(s) 'example_trigger_target_dag' retrieved from /home/user/rubix/internship_project/.venv/lib/python3.10/site-packages/airflow/example_dags/example_trigger_target_dag.py
[2024-06-24T14:15:26.927+0300] {logging_mixin.py:188} INFO - [2024-06-24T14:15:26.926+0300] {dag.py:3096} INFO - Sync 1 DAGs
[2024-06-24T14:15:26.937+0300] {logging_mixin.py:188} INFO - [2024-06-24T14:15:26.936+0300] {dag.py:3954} INFO - Setting next_dagrun for example_trigger_target_dag to None, run_after=None
[2024-06-24T14:15:26.965+0300] {processor.py:183} INFO - Processing /home/user/rubix/internship_project/.venv/lib/python3.10/site-packages/airflow/example_dags/example_trigger_target_dag.py took 0.074 seconds
[2024-06-24T14:16:08.477+0300] {processor.py:161} INFO - Started process (PID=27044) to work on /home/user/rubix/internship_project/.venv/lib/python3.10/site-packages/airflow/example_dags/example_trigger_target_dag.py
[2024-06-24T14:16:08.478+0300] {processor.py:830} INFO - Processing file /home/user/rubix/internship_project/.venv/lib/python3.10/site-packages/airflow/example_dags/example_trigger_target_dag.py for tasks to queue
[2024-06-24T14:16:08.480+0300] {logging_mixin.py:188} INFO - [2024-06-24T14:16:08.479+0300] {dagbag.py:545} INFO - Filling up the DagBag from /home/user/rubix/internship_project/.venv/lib/python3.10/site-packages/airflow/example_dags/example_trigger_target_dag.py
[2024-06-24T14:16:08.487+0300] {processor.py:840} INFO - DAG(s) 'example_trigger_target_dag' retrieved from /home/user/rubix/internship_project/.venv/lib/python3.10/site-packages/airflow/example_dags/example_trigger_target_dag.py
[2024-06-24T14:16:08.503+0300] {logging_mixin.py:188} INFO - [2024-06-24T14:16:08.503+0300] {dag.py:3096} INFO - Sync 1 DAGs
[2024-06-24T14:16:08.512+0300] {logging_mixin.py:188} INFO - [2024-06-24T14:16:08.512+0300] {dag.py:3954} INFO - Setting next_dagrun for example_trigger_target_dag to None, run_after=None
[2024-06-24T14:16:08.542+0300] {processor.py:183} INFO - Processing /home/user/rubix/internship_project/.venv/lib/python3.10/site-packages/airflow/example_dags/example_trigger_target_dag.py took 0.072 seconds
[2024-06-24T14:16:59.499+0300] {processor.py:161} INFO - Started process (PID=27179) to work on /home/user/rubix/internship_project/.venv/lib/python3.10/site-packages/airflow/example_dags/example_trigger_target_dag.py
[2024-06-24T14:16:59.500+0300] {processor.py:830} INFO - Processing file /home/user/rubix/internship_project/.venv/lib/python3.10/site-packages/airflow/example_dags/example_trigger_target_dag.py for tasks to queue
[2024-06-24T14:16:59.502+0300] {logging_mixin.py:188} INFO - [2024-06-24T14:16:59.502+0300] {dagbag.py:545} INFO - Filling up the DagBag from /home/user/rubix/internship_project/.venv/lib/python3.10/site-packages/airflow/example_dags/example_trigger_target_dag.py
[2024-06-24T14:16:59.510+0300] {processor.py:840} INFO - DAG(s) 'example_trigger_target_dag' retrieved from /home/user/rubix/internship_project/.venv/lib/python3.10/site-packages/airflow/example_dags/example_trigger_target_dag.py
[2024-06-24T14:16:59.526+0300] {logging_mixin.py:188} INFO - [2024-06-24T14:16:59.526+0300] {dag.py:3096} INFO - Sync 1 DAGs
[2024-06-24T14:16:59.536+0300] {logging_mixin.py:188} INFO - [2024-06-24T14:16:59.536+0300] {dag.py:3954} INFO - Setting next_dagrun for example_trigger_target_dag to None, run_after=None
[2024-06-24T14:16:59.565+0300] {processor.py:183} INFO - Processing /home/user/rubix/internship_project/.venv/lib/python3.10/site-packages/airflow/example_dags/example_trigger_target_dag.py took 0.074 seconds
[2024-06-24T14:17:39.290+0300] {processor.py:161} INFO - Started process (PID=27301) to work on /home/user/rubix/internship_project/.venv/lib/python3.10/site-packages/airflow/example_dags/example_trigger_target_dag.py
[2024-06-24T14:17:39.291+0300] {processor.py:830} INFO - Processing file /home/user/rubix/internship_project/.venv/lib/python3.10/site-packages/airflow/example_dags/example_trigger_target_dag.py for tasks to queue
[2024-06-24T14:17:39.293+0300] {logging_mixin.py:188} INFO - [2024-06-24T14:17:39.292+0300] {dagbag.py:545} INFO - Filling up the DagBag from /home/user/rubix/internship_project/.venv/lib/python3.10/site-packages/airflow/example_dags/example_trigger_target_dag.py
[2024-06-24T14:17:39.300+0300] {processor.py:840} INFO - DAG(s) 'example_trigger_target_dag' retrieved from /home/user/rubix/internship_project/.venv/lib/python3.10/site-packages/airflow/example_dags/example_trigger_target_dag.py
[2024-06-24T14:17:39.315+0300] {logging_mixin.py:188} INFO - [2024-06-24T14:17:39.315+0300] {dag.py:3096} INFO - Sync 1 DAGs
[2024-06-24T14:17:39.325+0300] {logging_mixin.py:188} INFO - [2024-06-24T14:17:39.324+0300] {dag.py:3954} INFO - Setting next_dagrun for example_trigger_target_dag to None, run_after=None
[2024-06-24T14:17:39.354+0300] {processor.py:183} INFO - Processing /home/user/rubix/internship_project/.venv/lib/python3.10/site-packages/airflow/example_dags/example_trigger_target_dag.py took 0.072 seconds
[2024-06-24T14:18:30.330+0300] {processor.py:161} INFO - Started process (PID=27462) to work on /home/user/rubix/internship_project/.venv/lib/python3.10/site-packages/airflow/example_dags/example_trigger_target_dag.py
[2024-06-24T14:18:30.331+0300] {processor.py:830} INFO - Processing file /home/user/rubix/internship_project/.venv/lib/python3.10/site-packages/airflow/example_dags/example_trigger_target_dag.py for tasks to queue
[2024-06-24T14:18:30.333+0300] {logging_mixin.py:188} INFO - [2024-06-24T14:18:30.333+0300] {dagbag.py:545} INFO - Filling up the DagBag from /home/user/rubix/internship_project/.venv/lib/python3.10/site-packages/airflow/example_dags/example_trigger_target_dag.py
[2024-06-24T14:18:30.349+0300] {processor.py:840} INFO - DAG(s) 'example_trigger_target_dag' retrieved from /home/user/rubix/internship_project/.venv/lib/python3.10/site-packages/airflow/example_dags/example_trigger_target_dag.py
[2024-06-24T14:18:30.368+0300] {logging_mixin.py:188} INFO - [2024-06-24T14:18:30.367+0300] {dag.py:3096} INFO - Sync 1 DAGs
[2024-06-24T14:18:30.378+0300] {logging_mixin.py:188} INFO - [2024-06-24T14:18:30.377+0300] {dag.py:3954} INFO - Setting next_dagrun for example_trigger_target_dag to None, run_after=None
[2024-06-24T14:18:30.398+0300] {processor.py:183} INFO - Processing /home/user/rubix/internship_project/.venv/lib/python3.10/site-packages/airflow/example_dags/example_trigger_target_dag.py took 0.077 seconds
[2024-06-24T14:19:22.737+0300] {processor.py:161} INFO - Started process (PID=27693) to work on /home/user/rubix/internship_project/.venv/lib/python3.10/site-packages/airflow/example_dags/example_trigger_target_dag.py
[2024-06-24T14:19:22.738+0300] {processor.py:830} INFO - Processing file /home/user/rubix/internship_project/.venv/lib/python3.10/site-packages/airflow/example_dags/example_trigger_target_dag.py for tasks to queue
[2024-06-24T14:19:22.742+0300] {logging_mixin.py:188} INFO - [2024-06-24T14:19:22.741+0300] {dagbag.py:545} INFO - Filling up the DagBag from /home/user/rubix/internship_project/.venv/lib/python3.10/site-packages/airflow/example_dags/example_trigger_target_dag.py
[2024-06-24T14:19:22.750+0300] {processor.py:840} INFO - DAG(s) 'example_trigger_target_dag' retrieved from /home/user/rubix/internship_project/.venv/lib/python3.10/site-packages/airflow/example_dags/example_trigger_target_dag.py
[2024-06-24T14:19:22.770+0300] {logging_mixin.py:188} INFO - [2024-06-24T14:19:22.770+0300] {dag.py:3096} INFO - Sync 1 DAGs
[2024-06-24T14:19:22.781+0300] {logging_mixin.py:188} INFO - [2024-06-24T14:19:22.781+0300] {dag.py:3954} INFO - Setting next_dagrun for example_trigger_target_dag to None, run_after=None
[2024-06-24T14:19:22.816+0300] {processor.py:183} INFO - Processing /home/user/rubix/internship_project/.venv/lib/python3.10/site-packages/airflow/example_dags/example_trigger_target_dag.py took 0.088 seconds
[2024-06-24T14:20:03.449+0300] {processor.py:161} INFO - Started process (PID=28002) to work on /home/user/rubix/internship_project/.venv/lib/python3.10/site-packages/airflow/example_dags/example_trigger_target_dag.py
[2024-06-24T14:20:03.450+0300] {processor.py:830} INFO - Processing file /home/user/rubix/internship_project/.venv/lib/python3.10/site-packages/airflow/example_dags/example_trigger_target_dag.py for tasks to queue
[2024-06-24T14:20:03.451+0300] {logging_mixin.py:188} INFO - [2024-06-24T14:20:03.451+0300] {dagbag.py:545} INFO - Filling up the DagBag from /home/user/rubix/internship_project/.venv/lib/python3.10/site-packages/airflow/example_dags/example_trigger_target_dag.py
[2024-06-24T14:20:03.459+0300] {processor.py:840} INFO - DAG(s) 'example_trigger_target_dag' retrieved from /home/user/rubix/internship_project/.venv/lib/python3.10/site-packages/airflow/example_dags/example_trigger_target_dag.py
[2024-06-24T14:20:03.476+0300] {logging_mixin.py:188} INFO - [2024-06-24T14:20:03.476+0300] {dag.py:3096} INFO - Sync 1 DAGs
[2024-06-24T14:20:03.486+0300] {logging_mixin.py:188} INFO - [2024-06-24T14:20:03.485+0300] {dag.py:3954} INFO - Setting next_dagrun for example_trigger_target_dag to None, run_after=None
[2024-06-24T14:20:03.516+0300] {processor.py:183} INFO - Processing /home/user/rubix/internship_project/.venv/lib/python3.10/site-packages/airflow/example_dags/example_trigger_target_dag.py took 0.076 seconds
[2024-06-24T14:20:42.602+0300] {processor.py:161} INFO - Started process (PID=28236) to work on /home/user/rubix/internship_project/.venv/lib/python3.10/site-packages/airflow/example_dags/example_trigger_target_dag.py
[2024-06-24T14:20:42.604+0300] {processor.py:830} INFO - Processing file /home/user/rubix/internship_project/.venv/lib/python3.10/site-packages/airflow/example_dags/example_trigger_target_dag.py for tasks to queue
[2024-06-24T14:20:42.607+0300] {logging_mixin.py:188} INFO - [2024-06-24T14:20:42.607+0300] {dagbag.py:545} INFO - Filling up the DagBag from /home/user/rubix/internship_project/.venv/lib/python3.10/site-packages/airflow/example_dags/example_trigger_target_dag.py
[2024-06-24T14:20:42.616+0300] {processor.py:840} INFO - DAG(s) 'example_trigger_target_dag' retrieved from /home/user/rubix/internship_project/.venv/lib/python3.10/site-packages/airflow/example_dags/example_trigger_target_dag.py
[2024-06-24T14:20:42.643+0300] {logging_mixin.py:188} INFO - [2024-06-24T14:20:42.643+0300] {dag.py:3096} INFO - Sync 1 DAGs
[2024-06-24T14:20:42.656+0300] {logging_mixin.py:188} INFO - [2024-06-24T14:20:42.655+0300] {dag.py:3954} INFO - Setting next_dagrun for example_trigger_target_dag to None, run_after=None
[2024-06-24T14:20:42.684+0300] {processor.py:183} INFO - Processing /home/user/rubix/internship_project/.venv/lib/python3.10/site-packages/airflow/example_dags/example_trigger_target_dag.py took 0.090 seconds
[2024-06-24T14:21:26.293+0300] {processor.py:161} INFO - Started process (PID=28539) to work on /home/user/rubix/internship_project/.venv/lib/python3.10/site-packages/airflow/example_dags/example_trigger_target_dag.py
[2024-06-24T14:21:26.295+0300] {processor.py:830} INFO - Processing file /home/user/rubix/internship_project/.venv/lib/python3.10/site-packages/airflow/example_dags/example_trigger_target_dag.py for tasks to queue
[2024-06-24T14:21:26.297+0300] {logging_mixin.py:188} INFO - [2024-06-24T14:21:26.297+0300] {dagbag.py:545} INFO - Filling up the DagBag from /home/user/rubix/internship_project/.venv/lib/python3.10/site-packages/airflow/example_dags/example_trigger_target_dag.py
[2024-06-24T14:21:26.308+0300] {processor.py:840} INFO - DAG(s) 'example_trigger_target_dag' retrieved from /home/user/rubix/internship_project/.venv/lib/python3.10/site-packages/airflow/example_dags/example_trigger_target_dag.py
[2024-06-24T14:21:26.329+0300] {logging_mixin.py:188} INFO - [2024-06-24T14:21:26.329+0300] {dag.py:3096} INFO - Sync 1 DAGs
[2024-06-24T14:21:26.342+0300] {logging_mixin.py:188} INFO - [2024-06-24T14:21:26.342+0300] {dag.py:3954} INFO - Setting next_dagrun for example_trigger_target_dag to None, run_after=None
[2024-06-24T14:21:26.378+0300] {processor.py:183} INFO - Processing /home/user/rubix/internship_project/.venv/lib/python3.10/site-packages/airflow/example_dags/example_trigger_target_dag.py took 0.097 seconds
[2024-06-24T14:22:05.525+0300] {processor.py:161} INFO - Started process (PID=28723) to work on /home/user/rubix/internship_project/.venv/lib/python3.10/site-packages/airflow/example_dags/example_trigger_target_dag.py
[2024-06-24T14:22:05.526+0300] {processor.py:830} INFO - Processing file /home/user/rubix/internship_project/.venv/lib/python3.10/site-packages/airflow/example_dags/example_trigger_target_dag.py for tasks to queue
[2024-06-24T14:22:05.527+0300] {logging_mixin.py:188} INFO - [2024-06-24T14:22:05.527+0300] {dagbag.py:545} INFO - Filling up the DagBag from /home/user/rubix/internship_project/.venv/lib/python3.10/site-packages/airflow/example_dags/example_trigger_target_dag.py
[2024-06-24T14:22:05.535+0300] {processor.py:840} INFO - DAG(s) 'example_trigger_target_dag' retrieved from /home/user/rubix/internship_project/.venv/lib/python3.10/site-packages/airflow/example_dags/example_trigger_target_dag.py
[2024-06-24T14:22:05.551+0300] {logging_mixin.py:188} INFO - [2024-06-24T14:22:05.551+0300] {dag.py:3096} INFO - Sync 1 DAGs
[2024-06-24T14:22:05.561+0300] {logging_mixin.py:188} INFO - [2024-06-24T14:22:05.561+0300] {dag.py:3954} INFO - Setting next_dagrun for example_trigger_target_dag to None, run_after=None
[2024-06-24T14:22:05.590+0300] {processor.py:183} INFO - Processing /home/user/rubix/internship_project/.venv/lib/python3.10/site-packages/airflow/example_dags/example_trigger_target_dag.py took 0.072 seconds
[2024-06-24T14:22:43.816+0300] {processor.py:161} INFO - Started process (PID=28808) to work on /home/user/rubix/internship_project/.venv/lib/python3.10/site-packages/airflow/example_dags/example_trigger_target_dag.py
[2024-06-24T14:22:43.817+0300] {processor.py:830} INFO - Processing file /home/user/rubix/internship_project/.venv/lib/python3.10/site-packages/airflow/example_dags/example_trigger_target_dag.py for tasks to queue
[2024-06-24T14:22:43.819+0300] {logging_mixin.py:188} INFO - [2024-06-24T14:22:43.818+0300] {dagbag.py:545} INFO - Filling up the DagBag from /home/user/rubix/internship_project/.venv/lib/python3.10/site-packages/airflow/example_dags/example_trigger_target_dag.py
[2024-06-24T14:22:43.827+0300] {processor.py:840} INFO - DAG(s) 'example_trigger_target_dag' retrieved from /home/user/rubix/internship_project/.venv/lib/python3.10/site-packages/airflow/example_dags/example_trigger_target_dag.py
[2024-06-24T14:22:43.846+0300] {logging_mixin.py:188} INFO - [2024-06-24T14:22:43.845+0300] {dag.py:3096} INFO - Sync 1 DAGs
[2024-06-24T14:22:43.856+0300] {logging_mixin.py:188} INFO - [2024-06-24T14:22:43.856+0300] {dag.py:3954} INFO - Setting next_dagrun for example_trigger_target_dag to None, run_after=None
[2024-06-24T14:22:43.887+0300] {processor.py:183} INFO - Processing /home/user/rubix/internship_project/.venv/lib/python3.10/site-packages/airflow/example_dags/example_trigger_target_dag.py took 0.080 seconds
[2024-06-24T14:23:28.125+0300] {processor.py:161} INFO - Started process (PID=28999) to work on /home/user/rubix/internship_project/.venv/lib/python3.10/site-packages/airflow/example_dags/example_trigger_target_dag.py
[2024-06-24T14:23:28.126+0300] {processor.py:830} INFO - Processing file /home/user/rubix/internship_project/.venv/lib/python3.10/site-packages/airflow/example_dags/example_trigger_target_dag.py for tasks to queue
[2024-06-24T14:23:28.128+0300] {logging_mixin.py:188} INFO - [2024-06-24T14:23:28.128+0300] {dagbag.py:545} INFO - Filling up the DagBag from /home/user/rubix/internship_project/.venv/lib/python3.10/site-packages/airflow/example_dags/example_trigger_target_dag.py
[2024-06-24T14:23:28.137+0300] {processor.py:840} INFO - DAG(s) 'example_trigger_target_dag' retrieved from /home/user/rubix/internship_project/.venv/lib/python3.10/site-packages/airflow/example_dags/example_trigger_target_dag.py
[2024-06-24T14:23:28.156+0300] {logging_mixin.py:188} INFO - [2024-06-24T14:23:28.156+0300] {dag.py:3096} INFO - Sync 1 DAGs
[2024-06-24T14:23:28.168+0300] {logging_mixin.py:188} INFO - [2024-06-24T14:23:28.168+0300] {dag.py:3954} INFO - Setting next_dagrun for example_trigger_target_dag to None, run_after=None
[2024-06-24T14:23:28.199+0300] {processor.py:183} INFO - Processing /home/user/rubix/internship_project/.venv/lib/python3.10/site-packages/airflow/example_dags/example_trigger_target_dag.py took 0.083 seconds
[2024-06-24T14:24:13.852+0300] {processor.py:161} INFO - Started process (PID=29218) to work on /home/user/rubix/internship_project/.venv/lib/python3.10/site-packages/airflow/example_dags/example_trigger_target_dag.py
[2024-06-24T14:24:13.853+0300] {processor.py:830} INFO - Processing file /home/user/rubix/internship_project/.venv/lib/python3.10/site-packages/airflow/example_dags/example_trigger_target_dag.py for tasks to queue
[2024-06-24T14:24:13.855+0300] {logging_mixin.py:188} INFO - [2024-06-24T14:24:13.854+0300] {dagbag.py:545} INFO - Filling up the DagBag from /home/user/rubix/internship_project/.venv/lib/python3.10/site-packages/airflow/example_dags/example_trigger_target_dag.py
[2024-06-24T14:24:13.864+0300] {processor.py:840} INFO - DAG(s) 'example_trigger_target_dag' retrieved from /home/user/rubix/internship_project/.venv/lib/python3.10/site-packages/airflow/example_dags/example_trigger_target_dag.py
[2024-06-24T14:24:13.885+0300] {logging_mixin.py:188} INFO - [2024-06-24T14:24:13.884+0300] {dag.py:3096} INFO - Sync 1 DAGs
[2024-06-24T14:24:13.897+0300] {logging_mixin.py:188} INFO - [2024-06-24T14:24:13.897+0300] {dag.py:3954} INFO - Setting next_dagrun for example_trigger_target_dag to None, run_after=None
[2024-06-24T14:24:13.921+0300] {processor.py:183} INFO - Processing /home/user/rubix/internship_project/.venv/lib/python3.10/site-packages/airflow/example_dags/example_trigger_target_dag.py took 0.078 seconds
[2024-06-24T14:25:00.673+0300] {processor.py:161} INFO - Started process (PID=29430) to work on /home/user/rubix/internship_project/.venv/lib/python3.10/site-packages/airflow/example_dags/example_trigger_target_dag.py
[2024-06-24T14:25:00.674+0300] {processor.py:830} INFO - Processing file /home/user/rubix/internship_project/.venv/lib/python3.10/site-packages/airflow/example_dags/example_trigger_target_dag.py for tasks to queue
[2024-06-24T14:25:00.676+0300] {logging_mixin.py:188} INFO - [2024-06-24T14:25:00.676+0300] {dagbag.py:545} INFO - Filling up the DagBag from /home/user/rubix/internship_project/.venv/lib/python3.10/site-packages/airflow/example_dags/example_trigger_target_dag.py
[2024-06-24T14:25:00.684+0300] {processor.py:840} INFO - DAG(s) 'example_trigger_target_dag' retrieved from /home/user/rubix/internship_project/.venv/lib/python3.10/site-packages/airflow/example_dags/example_trigger_target_dag.py
[2024-06-24T14:25:00.700+0300] {logging_mixin.py:188} INFO - [2024-06-24T14:25:00.700+0300] {dag.py:3096} INFO - Sync 1 DAGs
[2024-06-24T14:25:00.711+0300] {logging_mixin.py:188} INFO - [2024-06-24T14:25:00.711+0300] {dag.py:3954} INFO - Setting next_dagrun for example_trigger_target_dag to None, run_after=None
[2024-06-24T14:25:00.742+0300] {processor.py:183} INFO - Processing /home/user/rubix/internship_project/.venv/lib/python3.10/site-packages/airflow/example_dags/example_trigger_target_dag.py took 0.077 seconds
[2024-06-24T14:25:41.548+0300] {processor.py:161} INFO - Started process (PID=29596) to work on /home/user/rubix/internship_project/.venv/lib/python3.10/site-packages/airflow/example_dags/example_trigger_target_dag.py
[2024-06-24T14:25:41.549+0300] {processor.py:830} INFO - Processing file /home/user/rubix/internship_project/.venv/lib/python3.10/site-packages/airflow/example_dags/example_trigger_target_dag.py for tasks to queue
[2024-06-24T14:25:41.551+0300] {logging_mixin.py:188} INFO - [2024-06-24T14:25:41.550+0300] {dagbag.py:545} INFO - Filling up the DagBag from /home/user/rubix/internship_project/.venv/lib/python3.10/site-packages/airflow/example_dags/example_trigger_target_dag.py
[2024-06-24T14:25:41.559+0300] {processor.py:840} INFO - DAG(s) 'example_trigger_target_dag' retrieved from /home/user/rubix/internship_project/.venv/lib/python3.10/site-packages/airflow/example_dags/example_trigger_target_dag.py
[2024-06-24T14:25:41.577+0300] {logging_mixin.py:188} INFO - [2024-06-24T14:25:41.577+0300] {dag.py:3096} INFO - Sync 1 DAGs
[2024-06-24T14:25:41.587+0300] {logging_mixin.py:188} INFO - [2024-06-24T14:25:41.587+0300] {dag.py:3954} INFO - Setting next_dagrun for example_trigger_target_dag to None, run_after=None
[2024-06-24T14:25:41.616+0300] {processor.py:183} INFO - Processing /home/user/rubix/internship_project/.venv/lib/python3.10/site-packages/airflow/example_dags/example_trigger_target_dag.py took 0.077 seconds
[2024-06-24T14:26:21.663+0300] {processor.py:161} INFO - Started process (PID=29743) to work on /home/user/rubix/internship_project/.venv/lib/python3.10/site-packages/airflow/example_dags/example_trigger_target_dag.py
[2024-06-24T14:26:21.665+0300] {processor.py:830} INFO - Processing file /home/user/rubix/internship_project/.venv/lib/python3.10/site-packages/airflow/example_dags/example_trigger_target_dag.py for tasks to queue
[2024-06-24T14:26:21.666+0300] {logging_mixin.py:188} INFO - [2024-06-24T14:26:21.666+0300] {dagbag.py:545} INFO - Filling up the DagBag from /home/user/rubix/internship_project/.venv/lib/python3.10/site-packages/airflow/example_dags/example_trigger_target_dag.py
[2024-06-24T14:26:21.674+0300] {processor.py:840} INFO - DAG(s) 'example_trigger_target_dag' retrieved from /home/user/rubix/internship_project/.venv/lib/python3.10/site-packages/airflow/example_dags/example_trigger_target_dag.py
[2024-06-24T14:26:21.692+0300] {logging_mixin.py:188} INFO - [2024-06-24T14:26:21.691+0300] {dag.py:3096} INFO - Sync 1 DAGs
[2024-06-24T14:26:21.701+0300] {logging_mixin.py:188} INFO - [2024-06-24T14:26:21.701+0300] {dag.py:3954} INFO - Setting next_dagrun for example_trigger_target_dag to None, run_after=None
[2024-06-24T14:26:21.733+0300] {processor.py:183} INFO - Processing /home/user/rubix/internship_project/.venv/lib/python3.10/site-packages/airflow/example_dags/example_trigger_target_dag.py took 0.078 seconds
[2024-06-24T14:27:04.093+0300] {processor.py:161} INFO - Started process (PID=30100) to work on /home/user/rubix/internship_project/.venv/lib/python3.10/site-packages/airflow/example_dags/example_trigger_target_dag.py
[2024-06-24T14:27:04.094+0300] {processor.py:830} INFO - Processing file /home/user/rubix/internship_project/.venv/lib/python3.10/site-packages/airflow/example_dags/example_trigger_target_dag.py for tasks to queue
[2024-06-24T14:27:04.096+0300] {logging_mixin.py:188} INFO - [2024-06-24T14:27:04.095+0300] {dagbag.py:545} INFO - Filling up the DagBag from /home/user/rubix/internship_project/.venv/lib/python3.10/site-packages/airflow/example_dags/example_trigger_target_dag.py
[2024-06-24T14:27:04.103+0300] {processor.py:840} INFO - DAG(s) 'example_trigger_target_dag' retrieved from /home/user/rubix/internship_project/.venv/lib/python3.10/site-packages/airflow/example_dags/example_trigger_target_dag.py
[2024-06-24T14:27:04.120+0300] {logging_mixin.py:188} INFO - [2024-06-24T14:27:04.120+0300] {dag.py:3096} INFO - Sync 1 DAGs
[2024-06-24T14:27:04.131+0300] {logging_mixin.py:188} INFO - [2024-06-24T14:27:04.131+0300] {dag.py:3954} INFO - Setting next_dagrun for example_trigger_target_dag to None, run_after=None
[2024-06-24T14:27:04.166+0300] {processor.py:183} INFO - Processing /home/user/rubix/internship_project/.venv/lib/python3.10/site-packages/airflow/example_dags/example_trigger_target_dag.py took 0.081 seconds
[2024-06-24T14:27:49.593+0300] {processor.py:161} INFO - Started process (PID=30526) to work on /home/user/rubix/internship_project/.venv/lib/python3.10/site-packages/airflow/example_dags/example_trigger_target_dag.py
[2024-06-24T14:27:49.594+0300] {processor.py:830} INFO - Processing file /home/user/rubix/internship_project/.venv/lib/python3.10/site-packages/airflow/example_dags/example_trigger_target_dag.py for tasks to queue
[2024-06-24T14:27:49.595+0300] {logging_mixin.py:188} INFO - [2024-06-24T14:27:49.595+0300] {dagbag.py:545} INFO - Filling up the DagBag from /home/user/rubix/internship_project/.venv/lib/python3.10/site-packages/airflow/example_dags/example_trigger_target_dag.py
[2024-06-24T14:27:49.603+0300] {processor.py:840} INFO - DAG(s) 'example_trigger_target_dag' retrieved from /home/user/rubix/internship_project/.venv/lib/python3.10/site-packages/airflow/example_dags/example_trigger_target_dag.py
[2024-06-24T14:27:49.620+0300] {logging_mixin.py:188} INFO - [2024-06-24T14:27:49.619+0300] {dag.py:3096} INFO - Sync 1 DAGs
[2024-06-24T14:27:49.630+0300] {logging_mixin.py:188} INFO - [2024-06-24T14:27:49.630+0300] {dag.py:3954} INFO - Setting next_dagrun for example_trigger_target_dag to None, run_after=None
[2024-06-24T14:27:49.661+0300] {processor.py:183} INFO - Processing /home/user/rubix/internship_project/.venv/lib/python3.10/site-packages/airflow/example_dags/example_trigger_target_dag.py took 0.076 seconds
[2024-06-24T14:28:31.053+0300] {processor.py:161} INFO - Started process (PID=30737) to work on /home/user/rubix/internship_project/.venv/lib/python3.10/site-packages/airflow/example_dags/example_trigger_target_dag.py
[2024-06-24T14:28:31.054+0300] {processor.py:830} INFO - Processing file /home/user/rubix/internship_project/.venv/lib/python3.10/site-packages/airflow/example_dags/example_trigger_target_dag.py for tasks to queue
[2024-06-24T14:28:31.056+0300] {logging_mixin.py:188} INFO - [2024-06-24T14:28:31.056+0300] {dagbag.py:545} INFO - Filling up the DagBag from /home/user/rubix/internship_project/.venv/lib/python3.10/site-packages/airflow/example_dags/example_trigger_target_dag.py
[2024-06-24T14:28:31.063+0300] {processor.py:840} INFO - DAG(s) 'example_trigger_target_dag' retrieved from /home/user/rubix/internship_project/.venv/lib/python3.10/site-packages/airflow/example_dags/example_trigger_target_dag.py
[2024-06-24T14:28:31.080+0300] {logging_mixin.py:188} INFO - [2024-06-24T14:28:31.080+0300] {dag.py:3096} INFO - Sync 1 DAGs
[2024-06-24T14:28:31.090+0300] {logging_mixin.py:188} INFO - [2024-06-24T14:28:31.089+0300] {dag.py:3954} INFO - Setting next_dagrun for example_trigger_target_dag to None, run_after=None
[2024-06-24T14:28:31.121+0300] {processor.py:183} INFO - Processing /home/user/rubix/internship_project/.venv/lib/python3.10/site-packages/airflow/example_dags/example_trigger_target_dag.py took 0.075 seconds
[2024-06-24T14:29:18.166+0300] {processor.py:161} INFO - Started process (PID=31078) to work on /home/user/rubix/internship_project/.venv/lib/python3.10/site-packages/airflow/example_dags/example_trigger_target_dag.py
[2024-06-24T14:29:18.168+0300] {processor.py:830} INFO - Processing file /home/user/rubix/internship_project/.venv/lib/python3.10/site-packages/airflow/example_dags/example_trigger_target_dag.py for tasks to queue
[2024-06-24T14:29:18.171+0300] {logging_mixin.py:188} INFO - [2024-06-24T14:29:18.170+0300] {dagbag.py:545} INFO - Filling up the DagBag from /home/user/rubix/internship_project/.venv/lib/python3.10/site-packages/airflow/example_dags/example_trigger_target_dag.py
[2024-06-24T14:29:18.185+0300] {processor.py:840} INFO - DAG(s) 'example_trigger_target_dag' retrieved from /home/user/rubix/internship_project/.venv/lib/python3.10/site-packages/airflow/example_dags/example_trigger_target_dag.py
[2024-06-24T14:29:18.219+0300] {logging_mixin.py:188} INFO - [2024-06-24T14:29:18.218+0300] {dag.py:3096} INFO - Sync 1 DAGs
[2024-06-24T14:29:18.248+0300] {logging_mixin.py:188} INFO - [2024-06-24T14:29:18.247+0300] {dag.py:3954} INFO - Setting next_dagrun for example_trigger_target_dag to None, run_after=None
[2024-06-24T14:29:18.298+0300] {processor.py:183} INFO - Processing /home/user/rubix/internship_project/.venv/lib/python3.10/site-packages/airflow/example_dags/example_trigger_target_dag.py took 0.146 seconds
[2024-06-24T14:30:08.372+0300] {processor.py:161} INFO - Started process (PID=31424) to work on /home/user/rubix/internship_project/.venv/lib/python3.10/site-packages/airflow/example_dags/example_trigger_target_dag.py
[2024-06-24T14:30:08.373+0300] {processor.py:830} INFO - Processing file /home/user/rubix/internship_project/.venv/lib/python3.10/site-packages/airflow/example_dags/example_trigger_target_dag.py for tasks to queue
[2024-06-24T14:30:08.374+0300] {logging_mixin.py:188} INFO - [2024-06-24T14:30:08.374+0300] {dagbag.py:545} INFO - Filling up the DagBag from /home/user/rubix/internship_project/.venv/lib/python3.10/site-packages/airflow/example_dags/example_trigger_target_dag.py
[2024-06-24T14:30:08.382+0300] {processor.py:840} INFO - DAG(s) 'example_trigger_target_dag' retrieved from /home/user/rubix/internship_project/.venv/lib/python3.10/site-packages/airflow/example_dags/example_trigger_target_dag.py
[2024-06-24T14:30:08.398+0300] {logging_mixin.py:188} INFO - [2024-06-24T14:30:08.397+0300] {dag.py:3096} INFO - Sync 1 DAGs
[2024-06-24T14:30:08.407+0300] {logging_mixin.py:188} INFO - [2024-06-24T14:30:08.407+0300] {dag.py:3954} INFO - Setting next_dagrun for example_trigger_target_dag to None, run_after=None
[2024-06-24T14:30:08.443+0300] {processor.py:183} INFO - Processing /home/user/rubix/internship_project/.venv/lib/python3.10/site-packages/airflow/example_dags/example_trigger_target_dag.py took 0.079 seconds
[2024-06-24T14:30:55.330+0300] {processor.py:161} INFO - Started process (PID=31521) to work on /home/user/rubix/internship_project/.venv/lib/python3.10/site-packages/airflow/example_dags/example_trigger_target_dag.py
[2024-06-24T14:30:55.331+0300] {processor.py:830} INFO - Processing file /home/user/rubix/internship_project/.venv/lib/python3.10/site-packages/airflow/example_dags/example_trigger_target_dag.py for tasks to queue
[2024-06-24T14:30:55.333+0300] {logging_mixin.py:188} INFO - [2024-06-24T14:30:55.333+0300] {dagbag.py:545} INFO - Filling up the DagBag from /home/user/rubix/internship_project/.venv/lib/python3.10/site-packages/airflow/example_dags/example_trigger_target_dag.py
[2024-06-24T14:30:55.341+0300] {processor.py:840} INFO - DAG(s) 'example_trigger_target_dag' retrieved from /home/user/rubix/internship_project/.venv/lib/python3.10/site-packages/airflow/example_dags/example_trigger_target_dag.py
[2024-06-24T14:30:55.357+0300] {logging_mixin.py:188} INFO - [2024-06-24T14:30:55.357+0300] {dag.py:3096} INFO - Sync 1 DAGs
[2024-06-24T14:30:55.368+0300] {logging_mixin.py:188} INFO - [2024-06-24T14:30:55.368+0300] {dag.py:3954} INFO - Setting next_dagrun for example_trigger_target_dag to None, run_after=None
[2024-06-24T14:30:55.444+0300] {processor.py:183} INFO - Processing /home/user/rubix/internship_project/.venv/lib/python3.10/site-packages/airflow/example_dags/example_trigger_target_dag.py took 0.122 seconds
[2024-06-24T14:31:42.524+0300] {processor.py:161} INFO - Started process (PID=31919) to work on /home/user/rubix/internship_project/.venv/lib/python3.10/site-packages/airflow/example_dags/example_trigger_target_dag.py
[2024-06-24T14:31:42.525+0300] {processor.py:830} INFO - Processing file /home/user/rubix/internship_project/.venv/lib/python3.10/site-packages/airflow/example_dags/example_trigger_target_dag.py for tasks to queue
[2024-06-24T14:31:42.527+0300] {logging_mixin.py:188} INFO - [2024-06-24T14:31:42.526+0300] {dagbag.py:545} INFO - Filling up the DagBag from /home/user/rubix/internship_project/.venv/lib/python3.10/site-packages/airflow/example_dags/example_trigger_target_dag.py
[2024-06-24T14:31:42.534+0300] {processor.py:840} INFO - DAG(s) 'example_trigger_target_dag' retrieved from /home/user/rubix/internship_project/.venv/lib/python3.10/site-packages/airflow/example_dags/example_trigger_target_dag.py
[2024-06-24T14:31:42.550+0300] {logging_mixin.py:188} INFO - [2024-06-24T14:31:42.549+0300] {dag.py:3096} INFO - Sync 1 DAGs
[2024-06-24T14:31:42.559+0300] {logging_mixin.py:188} INFO - [2024-06-24T14:31:42.559+0300] {dag.py:3954} INFO - Setting next_dagrun for example_trigger_target_dag to None, run_after=None
[2024-06-24T14:31:42.587+0300] {processor.py:183} INFO - Processing /home/user/rubix/internship_project/.venv/lib/python3.10/site-packages/airflow/example_dags/example_trigger_target_dag.py took 0.071 seconds
[2024-06-24T14:32:26.849+0300] {processor.py:161} INFO - Started process (PID=32072) to work on /home/user/rubix/internship_project/.venv/lib/python3.10/site-packages/airflow/example_dags/example_trigger_target_dag.py
[2024-06-24T14:32:26.850+0300] {processor.py:830} INFO - Processing file /home/user/rubix/internship_project/.venv/lib/python3.10/site-packages/airflow/example_dags/example_trigger_target_dag.py for tasks to queue
[2024-06-24T14:32:26.852+0300] {logging_mixin.py:188} INFO - [2024-06-24T14:32:26.852+0300] {dagbag.py:545} INFO - Filling up the DagBag from /home/user/rubix/internship_project/.venv/lib/python3.10/site-packages/airflow/example_dags/example_trigger_target_dag.py
[2024-06-24T14:32:26.861+0300] {processor.py:840} INFO - DAG(s) 'example_trigger_target_dag' retrieved from /home/user/rubix/internship_project/.venv/lib/python3.10/site-packages/airflow/example_dags/example_trigger_target_dag.py
[2024-06-24T14:32:26.881+0300] {logging_mixin.py:188} INFO - [2024-06-24T14:32:26.881+0300] {dag.py:3096} INFO - Sync 1 DAGs
[2024-06-24T14:32:26.891+0300] {logging_mixin.py:188} INFO - [2024-06-24T14:32:26.891+0300] {dag.py:3954} INFO - Setting next_dagrun for example_trigger_target_dag to None, run_after=None
[2024-06-24T14:32:26.924+0300] {processor.py:183} INFO - Processing /home/user/rubix/internship_project/.venv/lib/python3.10/site-packages/airflow/example_dags/example_trigger_target_dag.py took 0.083 seconds
