[2024-06-24T14:03:23.597+0300] {processor.py:161} INFO - Started process (PID=22708) to work on /home/user/rubix/internship_project/.venv/lib/python3.10/site-packages/airflow/example_dags/example_dynamic_task_mapping.py
[2024-06-24T14:03:23.598+0300] {processor.py:830} INFO - Processing file /home/user/rubix/internship_project/.venv/lib/python3.10/site-packages/airflow/example_dags/example_dynamic_task_mapping.py for tasks to queue
[2024-06-24T14:03:23.600+0300] {logging_mixin.py:188} INFO - [2024-06-24T14:03:23.600+0300] {dagbag.py:545} INFO - Filling up the DagBag from /home/user/rubix/internship_project/.venv/lib/python3.10/site-packages/airflow/example_dags/example_dynamic_task_mapping.py
[2024-06-24T14:03:23.622+0300] {processor.py:840} INFO - DAG(s) 'example_dynamic_task_mapping' retrieved from /home/user/rubix/internship_project/.venv/lib/python3.10/site-packages/airflow/example_dags/example_dynamic_task_mapping.py
[2024-06-24T14:03:23.708+0300] {logging_mixin.py:188} INFO - [2024-06-24T14:03:23.708+0300] {dag.py:3096} INFO - Sync 1 DAGs
[2024-06-24T14:03:23.722+0300] {logging_mixin.py:188} INFO - [2024-06-24T14:03:23.722+0300] {dag.py:3954} INFO - Setting next_dagrun for example_dynamic_task_mapping to 2022-03-04 00:00:00+00:00, run_after=2022-03-05 00:00:00+00:00
[2024-06-24T14:03:23.840+0300] {processor.py:183} INFO - Processing /home/user/rubix/internship_project/.venv/lib/python3.10/site-packages/airflow/example_dags/example_dynamic_task_mapping.py took 0.250 seconds
[2024-06-24T14:04:35.510+0300] {processor.py:161} INFO - Started process (PID=23265) to work on /home/user/rubix/internship_project/.venv/lib/python3.10/site-packages/airflow/example_dags/example_dynamic_task_mapping.py
[2024-06-24T14:04:35.512+0300] {processor.py:830} INFO - Processing file /home/user/rubix/internship_project/.venv/lib/python3.10/site-packages/airflow/example_dags/example_dynamic_task_mapping.py for tasks to queue
[2024-06-24T14:04:35.513+0300] {logging_mixin.py:188} INFO - [2024-06-24T14:04:35.513+0300] {dagbag.py:545} INFO - Filling up the DagBag from /home/user/rubix/internship_project/.venv/lib/python3.10/site-packages/airflow/example_dags/example_dynamic_task_mapping.py
[2024-06-24T14:04:35.521+0300] {processor.py:840} INFO - DAG(s) 'example_dynamic_task_mapping' retrieved from /home/user/rubix/internship_project/.venv/lib/python3.10/site-packages/airflow/example_dags/example_dynamic_task_mapping.py
[2024-06-24T14:04:35.608+0300] {logging_mixin.py:188} INFO - [2024-06-24T14:04:35.608+0300] {dag.py:3096} INFO - Sync 1 DAGs
[2024-06-24T14:04:35.706+0300] {logging_mixin.py:188} INFO - [2024-06-24T14:04:35.706+0300] {dag.py:3954} INFO - Setting next_dagrun for example_dynamic_task_mapping to 2022-03-04 00:00:00+00:00, run_after=2022-03-05 00:00:00+00:00
[2024-06-24T14:04:35.734+0300] {processor.py:183} INFO - Processing /home/user/rubix/internship_project/.venv/lib/python3.10/site-packages/airflow/example_dags/example_dynamic_task_mapping.py took 0.231 seconds
[2024-06-24T14:05:36.328+0300] {processor.py:161} INFO - Started process (PID=23747) to work on /home/user/rubix/internship_project/.venv/lib/python3.10/site-packages/airflow/example_dags/example_dynamic_task_mapping.py
[2024-06-24T14:05:36.329+0300] {processor.py:830} INFO - Processing file /home/user/rubix/internship_project/.venv/lib/python3.10/site-packages/airflow/example_dags/example_dynamic_task_mapping.py for tasks to queue
[2024-06-24T14:05:36.331+0300] {logging_mixin.py:188} INFO - [2024-06-24T14:05:36.331+0300] {dagbag.py:545} INFO - Filling up the DagBag from /home/user/rubix/internship_project/.venv/lib/python3.10/site-packages/airflow/example_dags/example_dynamic_task_mapping.py
[2024-06-24T14:05:36.347+0300] {processor.py:840} INFO - DAG(s) 'example_dynamic_task_mapping' retrieved from /home/user/rubix/internship_project/.venv/lib/python3.10/site-packages/airflow/example_dags/example_dynamic_task_mapping.py
[2024-06-24T14:05:36.364+0300] {logging_mixin.py:188} INFO - [2024-06-24T14:05:36.363+0300] {dag.py:3096} INFO - Sync 1 DAGs
[2024-06-24T14:05:36.378+0300] {logging_mixin.py:188} INFO - [2024-06-24T14:05:36.378+0300] {dag.py:3954} INFO - Setting next_dagrun for example_dynamic_task_mapping to 2022-03-04 00:00:00+00:00, run_after=2022-03-05 00:00:00+00:00
[2024-06-24T14:05:36.408+0300] {processor.py:183} INFO - Processing /home/user/rubix/internship_project/.venv/lib/python3.10/site-packages/airflow/example_dags/example_dynamic_task_mapping.py took 0.088 seconds
[2024-06-24T14:06:38.203+0300] {processor.py:161} INFO - Started process (PID=24131) to work on /home/user/rubix/internship_project/.venv/lib/python3.10/site-packages/airflow/example_dags/example_dynamic_task_mapping.py
[2024-06-24T14:06:38.204+0300] {processor.py:830} INFO - Processing file /home/user/rubix/internship_project/.venv/lib/python3.10/site-packages/airflow/example_dags/example_dynamic_task_mapping.py for tasks to queue
[2024-06-24T14:06:38.206+0300] {logging_mixin.py:188} INFO - [2024-06-24T14:06:38.206+0300] {dagbag.py:545} INFO - Filling up the DagBag from /home/user/rubix/internship_project/.venv/lib/python3.10/site-packages/airflow/example_dags/example_dynamic_task_mapping.py
[2024-06-24T14:06:38.215+0300] {processor.py:840} INFO - DAG(s) 'example_dynamic_task_mapping' retrieved from /home/user/rubix/internship_project/.venv/lib/python3.10/site-packages/airflow/example_dags/example_dynamic_task_mapping.py
[2024-06-24T14:06:38.349+0300] {logging_mixin.py:188} INFO - [2024-06-24T14:06:38.349+0300] {dag.py:3096} INFO - Sync 1 DAGs
[2024-06-24T14:06:38.364+0300] {logging_mixin.py:188} INFO - [2024-06-24T14:06:38.364+0300] {dag.py:3954} INFO - Setting next_dagrun for example_dynamic_task_mapping to 2022-03-04 00:00:00+00:00, run_after=2022-03-05 00:00:00+00:00
[2024-06-24T14:06:38.393+0300] {processor.py:183} INFO - Processing /home/user/rubix/internship_project/.venv/lib/python3.10/site-packages/airflow/example_dags/example_dynamic_task_mapping.py took 0.199 seconds
[2024-06-24T14:07:30.794+0300] {processor.py:161} INFO - Started process (PID=24354) to work on /home/user/rubix/internship_project/.venv/lib/python3.10/site-packages/airflow/example_dags/example_dynamic_task_mapping.py
[2024-06-24T14:07:30.795+0300] {processor.py:830} INFO - Processing file /home/user/rubix/internship_project/.venv/lib/python3.10/site-packages/airflow/example_dags/example_dynamic_task_mapping.py for tasks to queue
[2024-06-24T14:07:30.797+0300] {logging_mixin.py:188} INFO - [2024-06-24T14:07:30.796+0300] {dagbag.py:545} INFO - Filling up the DagBag from /home/user/rubix/internship_project/.venv/lib/python3.10/site-packages/airflow/example_dags/example_dynamic_task_mapping.py
[2024-06-24T14:07:30.805+0300] {processor.py:840} INFO - DAG(s) 'example_dynamic_task_mapping' retrieved from /home/user/rubix/internship_project/.venv/lib/python3.10/site-packages/airflow/example_dags/example_dynamic_task_mapping.py
[2024-06-24T14:07:30.821+0300] {logging_mixin.py:188} INFO - [2024-06-24T14:07:30.821+0300] {dag.py:3096} INFO - Sync 1 DAGs
[2024-06-24T14:07:30.836+0300] {logging_mixin.py:188} INFO - [2024-06-24T14:07:30.836+0300] {dag.py:3954} INFO - Setting next_dagrun for example_dynamic_task_mapping to 2022-03-04 00:00:00+00:00, run_after=2022-03-05 00:00:00+00:00
[2024-06-24T14:07:30.868+0300] {processor.py:183} INFO - Processing /home/user/rubix/internship_project/.venv/lib/python3.10/site-packages/airflow/example_dags/example_dynamic_task_mapping.py took 0.082 seconds
[2024-06-24T14:08:23.173+0300] {processor.py:161} INFO - Started process (PID=24703) to work on /home/user/rubix/internship_project/.venv/lib/python3.10/site-packages/airflow/example_dags/example_dynamic_task_mapping.py
[2024-06-24T14:08:23.174+0300] {processor.py:830} INFO - Processing file /home/user/rubix/internship_project/.venv/lib/python3.10/site-packages/airflow/example_dags/example_dynamic_task_mapping.py for tasks to queue
[2024-06-24T14:08:23.176+0300] {logging_mixin.py:188} INFO - [2024-06-24T14:08:23.176+0300] {dagbag.py:545} INFO - Filling up the DagBag from /home/user/rubix/internship_project/.venv/lib/python3.10/site-packages/airflow/example_dags/example_dynamic_task_mapping.py
[2024-06-24T14:08:23.184+0300] {processor.py:840} INFO - DAG(s) 'example_dynamic_task_mapping' retrieved from /home/user/rubix/internship_project/.venv/lib/python3.10/site-packages/airflow/example_dags/example_dynamic_task_mapping.py
[2024-06-24T14:08:23.199+0300] {logging_mixin.py:188} INFO - [2024-06-24T14:08:23.199+0300] {dag.py:3096} INFO - Sync 1 DAGs
[2024-06-24T14:08:23.220+0300] {logging_mixin.py:188} INFO - [2024-06-24T14:08:23.220+0300] {dag.py:3954} INFO - Setting next_dagrun for example_dynamic_task_mapping to 2022-03-04 00:00:00+00:00, run_after=2022-03-05 00:00:00+00:00
[2024-06-24T14:08:23.248+0300] {processor.py:183} INFO - Processing /home/user/rubix/internship_project/.venv/lib/python3.10/site-packages/airflow/example_dags/example_dynamic_task_mapping.py took 0.083 seconds
[2024-06-24T14:09:30.646+0300] {processor.py:161} INFO - Started process (PID=25121) to work on /home/user/rubix/internship_project/.venv/lib/python3.10/site-packages/airflow/example_dags/example_dynamic_task_mapping.py
[2024-06-24T14:09:30.647+0300] {processor.py:830} INFO - Processing file /home/user/rubix/internship_project/.venv/lib/python3.10/site-packages/airflow/example_dags/example_dynamic_task_mapping.py for tasks to queue
[2024-06-24T14:09:30.649+0300] {logging_mixin.py:188} INFO - [2024-06-24T14:09:30.649+0300] {dagbag.py:545} INFO - Filling up the DagBag from /home/user/rubix/internship_project/.venv/lib/python3.10/site-packages/airflow/example_dags/example_dynamic_task_mapping.py
[2024-06-24T14:09:30.658+0300] {processor.py:840} INFO - DAG(s) 'example_dynamic_task_mapping' retrieved from /home/user/rubix/internship_project/.venv/lib/python3.10/site-packages/airflow/example_dags/example_dynamic_task_mapping.py
[2024-06-24T14:09:30.676+0300] {logging_mixin.py:188} INFO - [2024-06-24T14:09:30.676+0300] {dag.py:3096} INFO - Sync 1 DAGs
[2024-06-24T14:09:30.694+0300] {logging_mixin.py:188} INFO - [2024-06-24T14:09:30.693+0300] {dag.py:3954} INFO - Setting next_dagrun for example_dynamic_task_mapping to 2022-03-04 00:00:00+00:00, run_after=2022-03-05 00:00:00+00:00
[2024-06-24T14:09:30.723+0300] {processor.py:183} INFO - Processing /home/user/rubix/internship_project/.venv/lib/python3.10/site-packages/airflow/example_dags/example_dynamic_task_mapping.py took 0.086 seconds
[2024-06-24T14:10:37.959+0300] {processor.py:161} INFO - Started process (PID=25521) to work on /home/user/rubix/internship_project/.venv/lib/python3.10/site-packages/airflow/example_dags/example_dynamic_task_mapping.py
[2024-06-24T14:10:37.960+0300] {processor.py:830} INFO - Processing file /home/user/rubix/internship_project/.venv/lib/python3.10/site-packages/airflow/example_dags/example_dynamic_task_mapping.py for tasks to queue
[2024-06-24T14:10:37.962+0300] {logging_mixin.py:188} INFO - [2024-06-24T14:10:37.962+0300] {dagbag.py:545} INFO - Filling up the DagBag from /home/user/rubix/internship_project/.venv/lib/python3.10/site-packages/airflow/example_dags/example_dynamic_task_mapping.py
[2024-06-24T14:10:37.970+0300] {processor.py:840} INFO - DAG(s) 'example_dynamic_task_mapping' retrieved from /home/user/rubix/internship_project/.venv/lib/python3.10/site-packages/airflow/example_dags/example_dynamic_task_mapping.py
[2024-06-24T14:10:37.986+0300] {logging_mixin.py:188} INFO - [2024-06-24T14:10:37.986+0300] {dag.py:3096} INFO - Sync 1 DAGs
[2024-06-24T14:10:38.004+0300] {logging_mixin.py:188} INFO - [2024-06-24T14:10:38.004+0300] {dag.py:3954} INFO - Setting next_dagrun for example_dynamic_task_mapping to 2022-03-04 00:00:00+00:00, run_after=2022-03-05 00:00:00+00:00
[2024-06-24T14:10:38.036+0300] {processor.py:183} INFO - Processing /home/user/rubix/internship_project/.venv/lib/python3.10/site-packages/airflow/example_dags/example_dynamic_task_mapping.py took 0.085 seconds
[2024-06-24T14:11:47.270+0300] {processor.py:161} INFO - Started process (PID=25978) to work on /home/user/rubix/internship_project/.venv/lib/python3.10/site-packages/airflow/example_dags/example_dynamic_task_mapping.py
[2024-06-24T14:11:47.271+0300] {processor.py:830} INFO - Processing file /home/user/rubix/internship_project/.venv/lib/python3.10/site-packages/airflow/example_dags/example_dynamic_task_mapping.py for tasks to queue
[2024-06-24T14:11:47.273+0300] {logging_mixin.py:188} INFO - [2024-06-24T14:11:47.273+0300] {dagbag.py:545} INFO - Filling up the DagBag from /home/user/rubix/internship_project/.venv/lib/python3.10/site-packages/airflow/example_dags/example_dynamic_task_mapping.py
[2024-06-24T14:11:47.281+0300] {processor.py:840} INFO - DAG(s) 'example_dynamic_task_mapping' retrieved from /home/user/rubix/internship_project/.venv/lib/python3.10/site-packages/airflow/example_dags/example_dynamic_task_mapping.py
[2024-06-24T14:11:47.298+0300] {logging_mixin.py:188} INFO - [2024-06-24T14:11:47.298+0300] {dag.py:3096} INFO - Sync 1 DAGs
[2024-06-24T14:11:47.315+0300] {logging_mixin.py:188} INFO - [2024-06-24T14:11:47.315+0300] {dag.py:3954} INFO - Setting next_dagrun for example_dynamic_task_mapping to 2022-03-04 00:00:00+00:00, run_after=2022-03-05 00:00:00+00:00
[2024-06-24T14:11:47.348+0300] {processor.py:183} INFO - Processing /home/user/rubix/internship_project/.venv/lib/python3.10/site-packages/airflow/example_dags/example_dynamic_task_mapping.py took 0.086 seconds
[2024-06-24T14:12:48.551+0300] {processor.py:161} INFO - Started process (PID=26169) to work on /home/user/rubix/internship_project/.venv/lib/python3.10/site-packages/airflow/example_dags/example_dynamic_task_mapping.py
[2024-06-24T14:12:48.552+0300] {processor.py:830} INFO - Processing file /home/user/rubix/internship_project/.venv/lib/python3.10/site-packages/airflow/example_dags/example_dynamic_task_mapping.py for tasks to queue
[2024-06-24T14:12:48.554+0300] {logging_mixin.py:188} INFO - [2024-06-24T14:12:48.553+0300] {dagbag.py:545} INFO - Filling up the DagBag from /home/user/rubix/internship_project/.venv/lib/python3.10/site-packages/airflow/example_dags/example_dynamic_task_mapping.py
[2024-06-24T14:12:48.572+0300] {processor.py:840} INFO - DAG(s) 'example_dynamic_task_mapping' retrieved from /home/user/rubix/internship_project/.venv/lib/python3.10/site-packages/airflow/example_dags/example_dynamic_task_mapping.py
[2024-06-24T14:12:48.589+0300] {logging_mixin.py:188} INFO - [2024-06-24T14:12:48.589+0300] {dag.py:3096} INFO - Sync 1 DAGs
[2024-06-24T14:12:48.604+0300] {logging_mixin.py:188} INFO - [2024-06-24T14:12:48.604+0300] {dag.py:3954} INFO - Setting next_dagrun for example_dynamic_task_mapping to 2022-03-04 00:00:00+00:00, run_after=2022-03-05 00:00:00+00:00
[2024-06-24T14:12:48.631+0300] {processor.py:183} INFO - Processing /home/user/rubix/internship_project/.venv/lib/python3.10/site-packages/airflow/example_dags/example_dynamic_task_mapping.py took 0.088 seconds
[2024-06-24T14:13:41.580+0300] {processor.py:161} INFO - Started process (PID=26380) to work on /home/user/rubix/internship_project/.venv/lib/python3.10/site-packages/airflow/example_dags/example_dynamic_task_mapping.py
[2024-06-24T14:13:41.581+0300] {processor.py:830} INFO - Processing file /home/user/rubix/internship_project/.venv/lib/python3.10/site-packages/airflow/example_dags/example_dynamic_task_mapping.py for tasks to queue
[2024-06-24T14:13:41.582+0300] {logging_mixin.py:188} INFO - [2024-06-24T14:13:41.582+0300] {dagbag.py:545} INFO - Filling up the DagBag from /home/user/rubix/internship_project/.venv/lib/python3.10/site-packages/airflow/example_dags/example_dynamic_task_mapping.py
[2024-06-24T14:13:41.591+0300] {processor.py:840} INFO - DAG(s) 'example_dynamic_task_mapping' retrieved from /home/user/rubix/internship_project/.venv/lib/python3.10/site-packages/airflow/example_dags/example_dynamic_task_mapping.py
[2024-06-24T14:13:41.608+0300] {logging_mixin.py:188} INFO - [2024-06-24T14:13:41.608+0300] {dag.py:3096} INFO - Sync 1 DAGs
[2024-06-24T14:13:41.624+0300] {logging_mixin.py:188} INFO - [2024-06-24T14:13:41.624+0300] {dag.py:3954} INFO - Setting next_dagrun for example_dynamic_task_mapping to 2022-03-04 00:00:00+00:00, run_after=2022-03-05 00:00:00+00:00
[2024-06-24T14:13:41.653+0300] {processor.py:183} INFO - Processing /home/user/rubix/internship_project/.venv/lib/python3.10/site-packages/airflow/example_dags/example_dynamic_task_mapping.py took 0.081 seconds
[2024-06-24T14:14:46.771+0300] {processor.py:161} INFO - Started process (PID=26749) to work on /home/user/rubix/internship_project/.venv/lib/python3.10/site-packages/airflow/example_dags/example_dynamic_task_mapping.py
[2024-06-24T14:14:46.772+0300] {processor.py:830} INFO - Processing file /home/user/rubix/internship_project/.venv/lib/python3.10/site-packages/airflow/example_dags/example_dynamic_task_mapping.py for tasks to queue
[2024-06-24T14:14:46.773+0300] {logging_mixin.py:188} INFO - [2024-06-24T14:14:46.773+0300] {dagbag.py:545} INFO - Filling up the DagBag from /home/user/rubix/internship_project/.venv/lib/python3.10/site-packages/airflow/example_dags/example_dynamic_task_mapping.py
[2024-06-24T14:14:46.782+0300] {processor.py:840} INFO - DAG(s) 'example_dynamic_task_mapping' retrieved from /home/user/rubix/internship_project/.venv/lib/python3.10/site-packages/airflow/example_dags/example_dynamic_task_mapping.py
[2024-06-24T14:14:46.799+0300] {logging_mixin.py:188} INFO - [2024-06-24T14:14:46.799+0300] {dag.py:3096} INFO - Sync 1 DAGs
[2024-06-24T14:14:46.815+0300] {logging_mixin.py:188} INFO - [2024-06-24T14:14:46.815+0300] {dag.py:3954} INFO - Setting next_dagrun for example_dynamic_task_mapping to 2022-03-04 00:00:00+00:00, run_after=2022-03-05 00:00:00+00:00
[2024-06-24T14:14:46.841+0300] {processor.py:183} INFO - Processing /home/user/rubix/internship_project/.venv/lib/python3.10/site-packages/airflow/example_dags/example_dynamic_task_mapping.py took 0.078 seconds
[2024-06-24T14:15:51.130+0300] {processor.py:161} INFO - Started process (PID=26943) to work on /home/user/rubix/internship_project/.venv/lib/python3.10/site-packages/airflow/example_dags/example_dynamic_task_mapping.py
[2024-06-24T14:15:51.131+0300] {processor.py:830} INFO - Processing file /home/user/rubix/internship_project/.venv/lib/python3.10/site-packages/airflow/example_dags/example_dynamic_task_mapping.py for tasks to queue
[2024-06-24T14:15:51.133+0300] {logging_mixin.py:188} INFO - [2024-06-24T14:15:51.132+0300] {dagbag.py:545} INFO - Filling up the DagBag from /home/user/rubix/internship_project/.venv/lib/python3.10/site-packages/airflow/example_dags/example_dynamic_task_mapping.py
[2024-06-24T14:15:51.143+0300] {processor.py:840} INFO - DAG(s) 'example_dynamic_task_mapping' retrieved from /home/user/rubix/internship_project/.venv/lib/python3.10/site-packages/airflow/example_dags/example_dynamic_task_mapping.py
[2024-06-24T14:15:51.161+0300] {logging_mixin.py:188} INFO - [2024-06-24T14:15:51.161+0300] {dag.py:3096} INFO - Sync 1 DAGs
[2024-06-24T14:15:51.177+0300] {logging_mixin.py:188} INFO - [2024-06-24T14:15:51.177+0300] {dag.py:3954} INFO - Setting next_dagrun for example_dynamic_task_mapping to 2022-03-04 00:00:00+00:00, run_after=2022-03-05 00:00:00+00:00
[2024-06-24T14:15:51.206+0300] {processor.py:183} INFO - Processing /home/user/rubix/internship_project/.venv/lib/python3.10/site-packages/airflow/example_dags/example_dynamic_task_mapping.py took 0.086 seconds
[2024-06-24T14:16:50.898+0300] {processor.py:161} INFO - Started process (PID=27136) to work on /home/user/rubix/internship_project/.venv/lib/python3.10/site-packages/airflow/example_dags/example_dynamic_task_mapping.py
[2024-06-24T14:16:50.899+0300] {processor.py:830} INFO - Processing file /home/user/rubix/internship_project/.venv/lib/python3.10/site-packages/airflow/example_dags/example_dynamic_task_mapping.py for tasks to queue
[2024-06-24T14:16:50.901+0300] {logging_mixin.py:188} INFO - [2024-06-24T14:16:50.900+0300] {dagbag.py:545} INFO - Filling up the DagBag from /home/user/rubix/internship_project/.venv/lib/python3.10/site-packages/airflow/example_dags/example_dynamic_task_mapping.py
[2024-06-24T14:16:50.909+0300] {processor.py:840} INFO - DAG(s) 'example_dynamic_task_mapping' retrieved from /home/user/rubix/internship_project/.venv/lib/python3.10/site-packages/airflow/example_dags/example_dynamic_task_mapping.py
[2024-06-24T14:16:50.925+0300] {logging_mixin.py:188} INFO - [2024-06-24T14:16:50.925+0300] {dag.py:3096} INFO - Sync 1 DAGs
[2024-06-24T14:16:50.939+0300] {logging_mixin.py:188} INFO - [2024-06-24T14:16:50.939+0300] {dag.py:3954} INFO - Setting next_dagrun for example_dynamic_task_mapping to 2022-03-04 00:00:00+00:00, run_after=2022-03-05 00:00:00+00:00
[2024-06-24T14:16:50.968+0300] {processor.py:183} INFO - Processing /home/user/rubix/internship_project/.venv/lib/python3.10/site-packages/airflow/example_dags/example_dynamic_task_mapping.py took 0.078 seconds
[2024-06-24T14:17:50.980+0300] {processor.py:161} INFO - Started process (PID=27324) to work on /home/user/rubix/internship_project/.venv/lib/python3.10/site-packages/airflow/example_dags/example_dynamic_task_mapping.py
[2024-06-24T14:17:50.981+0300] {processor.py:830} INFO - Processing file /home/user/rubix/internship_project/.venv/lib/python3.10/site-packages/airflow/example_dags/example_dynamic_task_mapping.py for tasks to queue
[2024-06-24T14:17:50.983+0300] {logging_mixin.py:188} INFO - [2024-06-24T14:17:50.982+0300] {dagbag.py:545} INFO - Filling up the DagBag from /home/user/rubix/internship_project/.venv/lib/python3.10/site-packages/airflow/example_dags/example_dynamic_task_mapping.py
[2024-06-24T14:17:50.992+0300] {processor.py:840} INFO - DAG(s) 'example_dynamic_task_mapping' retrieved from /home/user/rubix/internship_project/.venv/lib/python3.10/site-packages/airflow/example_dags/example_dynamic_task_mapping.py
[2024-06-24T14:17:51.015+0300] {logging_mixin.py:188} INFO - [2024-06-24T14:17:51.015+0300] {dag.py:3096} INFO - Sync 1 DAGs
[2024-06-24T14:17:51.040+0300] {logging_mixin.py:188} INFO - [2024-06-24T14:17:51.040+0300] {dag.py:3954} INFO - Setting next_dagrun for example_dynamic_task_mapping to 2022-03-04 00:00:00+00:00, run_after=2022-03-05 00:00:00+00:00
[2024-06-24T14:17:51.070+0300] {processor.py:183} INFO - Processing /home/user/rubix/internship_project/.venv/lib/python3.10/site-packages/airflow/example_dags/example_dynamic_task_mapping.py took 0.102 seconds
[2024-06-24T14:18:49.575+0300] {processor.py:161} INFO - Started process (PID=27501) to work on /home/user/rubix/internship_project/.venv/lib/python3.10/site-packages/airflow/example_dags/example_dynamic_task_mapping.py
[2024-06-24T14:18:49.576+0300] {processor.py:830} INFO - Processing file /home/user/rubix/internship_project/.venv/lib/python3.10/site-packages/airflow/example_dags/example_dynamic_task_mapping.py for tasks to queue
[2024-06-24T14:18:49.578+0300] {logging_mixin.py:188} INFO - [2024-06-24T14:18:49.578+0300] {dagbag.py:545} INFO - Filling up the DagBag from /home/user/rubix/internship_project/.venv/lib/python3.10/site-packages/airflow/example_dags/example_dynamic_task_mapping.py
[2024-06-24T14:18:49.599+0300] {processor.py:840} INFO - DAG(s) 'example_dynamic_task_mapping' retrieved from /home/user/rubix/internship_project/.venv/lib/python3.10/site-packages/airflow/example_dags/example_dynamic_task_mapping.py
[2024-06-24T14:18:49.617+0300] {logging_mixin.py:188} INFO - [2024-06-24T14:18:49.617+0300] {dag.py:3096} INFO - Sync 1 DAGs
[2024-06-24T14:18:49.636+0300] {logging_mixin.py:188} INFO - [2024-06-24T14:18:49.636+0300] {dag.py:3954} INFO - Setting next_dagrun for example_dynamic_task_mapping to 2022-03-04 00:00:00+00:00, run_after=2022-03-05 00:00:00+00:00
[2024-06-24T14:18:49.667+0300] {processor.py:183} INFO - Processing /home/user/rubix/internship_project/.venv/lib/python3.10/site-packages/airflow/example_dags/example_dynamic_task_mapping.py took 0.100 seconds
[2024-06-24T14:19:40.847+0300] {processor.py:161} INFO - Started process (PID=27729) to work on /home/user/rubix/internship_project/.venv/lib/python3.10/site-packages/airflow/example_dags/example_dynamic_task_mapping.py
[2024-06-24T14:19:40.848+0300] {processor.py:830} INFO - Processing file /home/user/rubix/internship_project/.venv/lib/python3.10/site-packages/airflow/example_dags/example_dynamic_task_mapping.py for tasks to queue
[2024-06-24T14:19:40.850+0300] {logging_mixin.py:188} INFO - [2024-06-24T14:19:40.850+0300] {dagbag.py:545} INFO - Filling up the DagBag from /home/user/rubix/internship_project/.venv/lib/python3.10/site-packages/airflow/example_dags/example_dynamic_task_mapping.py
[2024-06-24T14:19:40.858+0300] {processor.py:840} INFO - DAG(s) 'example_dynamic_task_mapping' retrieved from /home/user/rubix/internship_project/.venv/lib/python3.10/site-packages/airflow/example_dags/example_dynamic_task_mapping.py
[2024-06-24T14:19:40.875+0300] {logging_mixin.py:188} INFO - [2024-06-24T14:19:40.875+0300] {dag.py:3096} INFO - Sync 1 DAGs
[2024-06-24T14:19:40.890+0300] {logging_mixin.py:188} INFO - [2024-06-24T14:19:40.890+0300] {dag.py:3954} INFO - Setting next_dagrun for example_dynamic_task_mapping to 2022-03-04 00:00:00+00:00, run_after=2022-03-05 00:00:00+00:00
[2024-06-24T14:19:40.923+0300] {processor.py:183} INFO - Processing /home/user/rubix/internship_project/.venv/lib/python3.10/site-packages/airflow/example_dags/example_dynamic_task_mapping.py took 0.087 seconds
[2024-06-24T14:20:37.531+0300] {processor.py:161} INFO - Started process (PID=28228) to work on /home/user/rubix/internship_project/.venv/lib/python3.10/site-packages/airflow/example_dags/example_dynamic_task_mapping.py
[2024-06-24T14:20:37.532+0300] {processor.py:830} INFO - Processing file /home/user/rubix/internship_project/.venv/lib/python3.10/site-packages/airflow/example_dags/example_dynamic_task_mapping.py for tasks to queue
[2024-06-24T14:20:37.534+0300] {logging_mixin.py:188} INFO - [2024-06-24T14:20:37.534+0300] {dagbag.py:545} INFO - Filling up the DagBag from /home/user/rubix/internship_project/.venv/lib/python3.10/site-packages/airflow/example_dags/example_dynamic_task_mapping.py
[2024-06-24T14:20:37.542+0300] {processor.py:840} INFO - DAG(s) 'example_dynamic_task_mapping' retrieved from /home/user/rubix/internship_project/.venv/lib/python3.10/site-packages/airflow/example_dags/example_dynamic_task_mapping.py
[2024-06-24T14:20:37.559+0300] {logging_mixin.py:188} INFO - [2024-06-24T14:20:37.559+0300] {dag.py:3096} INFO - Sync 1 DAGs
[2024-06-24T14:20:37.576+0300] {logging_mixin.py:188} INFO - [2024-06-24T14:20:37.576+0300] {dag.py:3954} INFO - Setting next_dagrun for example_dynamic_task_mapping to 2022-03-04 00:00:00+00:00, run_after=2022-03-05 00:00:00+00:00
[2024-06-24T14:20:37.605+0300] {processor.py:183} INFO - Processing /home/user/rubix/internship_project/.venv/lib/python3.10/site-packages/airflow/example_dags/example_dynamic_task_mapping.py took 0.081 seconds
[2024-06-24T14:21:42.042+0300] {processor.py:161} INFO - Started process (PID=28591) to work on /home/user/rubix/internship_project/.venv/lib/python3.10/site-packages/airflow/example_dags/example_dynamic_task_mapping.py
[2024-06-24T14:21:42.043+0300] {processor.py:830} INFO - Processing file /home/user/rubix/internship_project/.venv/lib/python3.10/site-packages/airflow/example_dags/example_dynamic_task_mapping.py for tasks to queue
[2024-06-24T14:21:42.045+0300] {logging_mixin.py:188} INFO - [2024-06-24T14:21:42.045+0300] {dagbag.py:545} INFO - Filling up the DagBag from /home/user/rubix/internship_project/.venv/lib/python3.10/site-packages/airflow/example_dags/example_dynamic_task_mapping.py
[2024-06-24T14:21:42.053+0300] {processor.py:840} INFO - DAG(s) 'example_dynamic_task_mapping' retrieved from /home/user/rubix/internship_project/.venv/lib/python3.10/site-packages/airflow/example_dags/example_dynamic_task_mapping.py
[2024-06-24T14:21:42.070+0300] {logging_mixin.py:188} INFO - [2024-06-24T14:21:42.070+0300] {dag.py:3096} INFO - Sync 1 DAGs
[2024-06-24T14:21:42.086+0300] {logging_mixin.py:188} INFO - [2024-06-24T14:21:42.086+0300] {dag.py:3954} INFO - Setting next_dagrun for example_dynamic_task_mapping to 2022-03-04 00:00:00+00:00, run_after=2022-03-05 00:00:00+00:00
[2024-06-24T14:21:42.117+0300] {processor.py:183} INFO - Processing /home/user/rubix/internship_project/.venv/lib/python3.10/site-packages/airflow/example_dags/example_dynamic_task_mapping.py took 0.083 seconds
[2024-06-24T14:22:37.240+0300] {processor.py:161} INFO - Started process (PID=28795) to work on /home/user/rubix/internship_project/.venv/lib/python3.10/site-packages/airflow/example_dags/example_dynamic_task_mapping.py
[2024-06-24T14:22:37.242+0300] {processor.py:830} INFO - Processing file /home/user/rubix/internship_project/.venv/lib/python3.10/site-packages/airflow/example_dags/example_dynamic_task_mapping.py for tasks to queue
[2024-06-24T14:22:37.244+0300] {logging_mixin.py:188} INFO - [2024-06-24T14:22:37.243+0300] {dagbag.py:545} INFO - Filling up the DagBag from /home/user/rubix/internship_project/.venv/lib/python3.10/site-packages/airflow/example_dags/example_dynamic_task_mapping.py
[2024-06-24T14:22:37.254+0300] {processor.py:840} INFO - DAG(s) 'example_dynamic_task_mapping' retrieved from /home/user/rubix/internship_project/.venv/lib/python3.10/site-packages/airflow/example_dags/example_dynamic_task_mapping.py
[2024-06-24T14:22:37.272+0300] {logging_mixin.py:188} INFO - [2024-06-24T14:22:37.272+0300] {dag.py:3096} INFO - Sync 1 DAGs
[2024-06-24T14:22:37.289+0300] {logging_mixin.py:188} INFO - [2024-06-24T14:22:37.289+0300] {dag.py:3954} INFO - Setting next_dagrun for example_dynamic_task_mapping to 2022-03-04 00:00:00+00:00, run_after=2022-03-05 00:00:00+00:00
[2024-06-24T14:22:37.321+0300] {processor.py:183} INFO - Processing /home/user/rubix/internship_project/.venv/lib/python3.10/site-packages/airflow/example_dags/example_dynamic_task_mapping.py took 0.089 seconds
[2024-06-24T14:23:43.221+0300] {processor.py:161} INFO - Started process (PID=29029) to work on /home/user/rubix/internship_project/.venv/lib/python3.10/site-packages/airflow/example_dags/example_dynamic_task_mapping.py
[2024-06-24T14:23:43.222+0300] {processor.py:830} INFO - Processing file /home/user/rubix/internship_project/.venv/lib/python3.10/site-packages/airflow/example_dags/example_dynamic_task_mapping.py for tasks to queue
[2024-06-24T14:23:43.224+0300] {logging_mixin.py:188} INFO - [2024-06-24T14:23:43.223+0300] {dagbag.py:545} INFO - Filling up the DagBag from /home/user/rubix/internship_project/.venv/lib/python3.10/site-packages/airflow/example_dags/example_dynamic_task_mapping.py
[2024-06-24T14:23:43.232+0300] {processor.py:840} INFO - DAG(s) 'example_dynamic_task_mapping' retrieved from /home/user/rubix/internship_project/.venv/lib/python3.10/site-packages/airflow/example_dags/example_dynamic_task_mapping.py
[2024-06-24T14:23:43.248+0300] {logging_mixin.py:188} INFO - [2024-06-24T14:23:43.248+0300] {dag.py:3096} INFO - Sync 1 DAGs
[2024-06-24T14:23:43.263+0300] {logging_mixin.py:188} INFO - [2024-06-24T14:23:43.263+0300] {dag.py:3954} INFO - Setting next_dagrun for example_dynamic_task_mapping to 2022-03-04 00:00:00+00:00, run_after=2022-03-05 00:00:00+00:00
[2024-06-24T14:23:43.291+0300] {processor.py:183} INFO - Processing /home/user/rubix/internship_project/.venv/lib/python3.10/site-packages/airflow/example_dags/example_dynamic_task_mapping.py took 0.078 seconds
[2024-06-24T14:24:50.786+0300] {processor.py:161} INFO - Started process (PID=29347) to work on /home/user/rubix/internship_project/.venv/lib/python3.10/site-packages/airflow/example_dags/example_dynamic_task_mapping.py
[2024-06-24T14:24:50.787+0300] {processor.py:830} INFO - Processing file /home/user/rubix/internship_project/.venv/lib/python3.10/site-packages/airflow/example_dags/example_dynamic_task_mapping.py for tasks to queue
[2024-06-24T14:24:50.789+0300] {logging_mixin.py:188} INFO - [2024-06-24T14:24:50.788+0300] {dagbag.py:545} INFO - Filling up the DagBag from /home/user/rubix/internship_project/.venv/lib/python3.10/site-packages/airflow/example_dags/example_dynamic_task_mapping.py
[2024-06-24T14:24:50.798+0300] {processor.py:840} INFO - DAG(s) 'example_dynamic_task_mapping' retrieved from /home/user/rubix/internship_project/.venv/lib/python3.10/site-packages/airflow/example_dags/example_dynamic_task_mapping.py
[2024-06-24T14:24:50.815+0300] {logging_mixin.py:188} INFO - [2024-06-24T14:24:50.815+0300] {dag.py:3096} INFO - Sync 1 DAGs
[2024-06-24T14:24:50.833+0300] {logging_mixin.py:188} INFO - [2024-06-24T14:24:50.832+0300] {dag.py:3954} INFO - Setting next_dagrun for example_dynamic_task_mapping to 2022-03-04 00:00:00+00:00, run_after=2022-03-05 00:00:00+00:00
[2024-06-24T14:24:50.862+0300] {processor.py:183} INFO - Processing /home/user/rubix/internship_project/.venv/lib/python3.10/site-packages/airflow/example_dags/example_dynamic_task_mapping.py took 0.085 seconds
[2024-06-24T14:25:52.852+0300] {processor.py:161} INFO - Started process (PID=29620) to work on /home/user/rubix/internship_project/.venv/lib/python3.10/site-packages/airflow/example_dags/example_dynamic_task_mapping.py
[2024-06-24T14:25:52.853+0300] {processor.py:830} INFO - Processing file /home/user/rubix/internship_project/.venv/lib/python3.10/site-packages/airflow/example_dags/example_dynamic_task_mapping.py for tasks to queue
[2024-06-24T14:25:52.855+0300] {logging_mixin.py:188} INFO - [2024-06-24T14:25:52.854+0300] {dagbag.py:545} INFO - Filling up the DagBag from /home/user/rubix/internship_project/.venv/lib/python3.10/site-packages/airflow/example_dags/example_dynamic_task_mapping.py
[2024-06-24T14:25:52.863+0300] {processor.py:840} INFO - DAG(s) 'example_dynamic_task_mapping' retrieved from /home/user/rubix/internship_project/.venv/lib/python3.10/site-packages/airflow/example_dags/example_dynamic_task_mapping.py
[2024-06-24T14:25:52.880+0300] {logging_mixin.py:188} INFO - [2024-06-24T14:25:52.880+0300] {dag.py:3096} INFO - Sync 1 DAGs
[2024-06-24T14:25:52.896+0300] {logging_mixin.py:188} INFO - [2024-06-24T14:25:52.896+0300] {dag.py:3954} INFO - Setting next_dagrun for example_dynamic_task_mapping to 2022-03-04 00:00:00+00:00, run_after=2022-03-05 00:00:00+00:00
[2024-06-24T14:25:52.924+0300] {processor.py:183} INFO - Processing /home/user/rubix/internship_project/.venv/lib/python3.10/site-packages/airflow/example_dags/example_dynamic_task_mapping.py took 0.080 seconds
[2024-06-24T14:26:56.472+0300] {processor.py:161} INFO - Started process (PID=29983) to work on /home/user/rubix/internship_project/.venv/lib/python3.10/site-packages/airflow/example_dags/example_dynamic_task_mapping.py
[2024-06-24T14:26:56.474+0300] {processor.py:830} INFO - Processing file /home/user/rubix/internship_project/.venv/lib/python3.10/site-packages/airflow/example_dags/example_dynamic_task_mapping.py for tasks to queue
[2024-06-24T14:26:56.477+0300] {logging_mixin.py:188} INFO - [2024-06-24T14:26:56.477+0300] {dagbag.py:545} INFO - Filling up the DagBag from /home/user/rubix/internship_project/.venv/lib/python3.10/site-packages/airflow/example_dags/example_dynamic_task_mapping.py
[2024-06-24T14:26:56.487+0300] {processor.py:840} INFO - DAG(s) 'example_dynamic_task_mapping' retrieved from /home/user/rubix/internship_project/.venv/lib/python3.10/site-packages/airflow/example_dags/example_dynamic_task_mapping.py
[2024-06-24T14:26:56.511+0300] {logging_mixin.py:188} INFO - [2024-06-24T14:26:56.511+0300] {dag.py:3096} INFO - Sync 1 DAGs
[2024-06-24T14:26:56.531+0300] {logging_mixin.py:188} INFO - [2024-06-24T14:26:56.531+0300] {dag.py:3954} INFO - Setting next_dagrun for example_dynamic_task_mapping to 2022-03-04 00:00:00+00:00, run_after=2022-03-05 00:00:00+00:00
[2024-06-24T14:26:56.568+0300] {processor.py:183} INFO - Processing /home/user/rubix/internship_project/.venv/lib/python3.10/site-packages/airflow/example_dags/example_dynamic_task_mapping.py took 0.107 seconds
[2024-06-24T14:28:01.720+0300] {processor.py:161} INFO - Started process (PID=30635) to work on /home/user/rubix/internship_project/.venv/lib/python3.10/site-packages/airflow/example_dags/example_dynamic_task_mapping.py
[2024-06-24T14:28:01.721+0300] {processor.py:830} INFO - Processing file /home/user/rubix/internship_project/.venv/lib/python3.10/site-packages/airflow/example_dags/example_dynamic_task_mapping.py for tasks to queue
[2024-06-24T14:28:01.723+0300] {logging_mixin.py:188} INFO - [2024-06-24T14:28:01.723+0300] {dagbag.py:545} INFO - Filling up the DagBag from /home/user/rubix/internship_project/.venv/lib/python3.10/site-packages/airflow/example_dags/example_dynamic_task_mapping.py
[2024-06-24T14:28:01.770+0300] {processor.py:840} INFO - DAG(s) 'example_dynamic_task_mapping' retrieved from /home/user/rubix/internship_project/.venv/lib/python3.10/site-packages/airflow/example_dags/example_dynamic_task_mapping.py
[2024-06-24T14:28:01.789+0300] {logging_mixin.py:188} INFO - [2024-06-24T14:28:01.789+0300] {dag.py:3096} INFO - Sync 1 DAGs
[2024-06-24T14:28:01.806+0300] {logging_mixin.py:188} INFO - [2024-06-24T14:28:01.806+0300] {dag.py:3954} INFO - Setting next_dagrun for example_dynamic_task_mapping to 2022-03-04 00:00:00+00:00, run_after=2022-03-05 00:00:00+00:00
[2024-06-24T14:28:01.827+0300] {processor.py:183} INFO - Processing /home/user/rubix/internship_project/.venv/lib/python3.10/site-packages/airflow/example_dags/example_dynamic_task_mapping.py took 0.116 seconds
[2024-06-24T14:29:08.981+0300] {processor.py:161} INFO - Started process (PID=31063) to work on /home/user/rubix/internship_project/.venv/lib/python3.10/site-packages/airflow/example_dags/example_dynamic_task_mapping.py
[2024-06-24T14:29:08.983+0300] {processor.py:830} INFO - Processing file /home/user/rubix/internship_project/.venv/lib/python3.10/site-packages/airflow/example_dags/example_dynamic_task_mapping.py for tasks to queue
[2024-06-24T14:29:08.984+0300] {logging_mixin.py:188} INFO - [2024-06-24T14:29:08.984+0300] {dagbag.py:545} INFO - Filling up the DagBag from /home/user/rubix/internship_project/.venv/lib/python3.10/site-packages/airflow/example_dags/example_dynamic_task_mapping.py
[2024-06-24T14:29:08.993+0300] {processor.py:840} INFO - DAG(s) 'example_dynamic_task_mapping' retrieved from /home/user/rubix/internship_project/.venv/lib/python3.10/site-packages/airflow/example_dags/example_dynamic_task_mapping.py
[2024-06-24T14:29:09.012+0300] {logging_mixin.py:188} INFO - [2024-06-24T14:29:09.012+0300] {dag.py:3096} INFO - Sync 1 DAGs
[2024-06-24T14:29:09.031+0300] {logging_mixin.py:188} INFO - [2024-06-24T14:29:09.031+0300] {dag.py:3954} INFO - Setting next_dagrun for example_dynamic_task_mapping to 2022-03-04 00:00:00+00:00, run_after=2022-03-05 00:00:00+00:00
[2024-06-24T14:29:09.061+0300] {processor.py:183} INFO - Processing /home/user/rubix/internship_project/.venv/lib/python3.10/site-packages/airflow/example_dags/example_dynamic_task_mapping.py took 0.088 seconds
[2024-06-24T14:30:21.553+0300] {processor.py:161} INFO - Started process (PID=31449) to work on /home/user/rubix/internship_project/.venv/lib/python3.10/site-packages/airflow/example_dags/example_dynamic_task_mapping.py
[2024-06-24T14:30:21.554+0300] {processor.py:830} INFO - Processing file /home/user/rubix/internship_project/.venv/lib/python3.10/site-packages/airflow/example_dags/example_dynamic_task_mapping.py for tasks to queue
[2024-06-24T14:30:21.560+0300] {logging_mixin.py:188} INFO - [2024-06-24T14:30:21.559+0300] {dagbag.py:545} INFO - Filling up the DagBag from /home/user/rubix/internship_project/.venv/lib/python3.10/site-packages/airflow/example_dags/example_dynamic_task_mapping.py
[2024-06-24T14:30:21.571+0300] {processor.py:840} INFO - DAG(s) 'example_dynamic_task_mapping' retrieved from /home/user/rubix/internship_project/.venv/lib/python3.10/site-packages/airflow/example_dags/example_dynamic_task_mapping.py
[2024-06-24T14:30:21.597+0300] {logging_mixin.py:188} INFO - [2024-06-24T14:30:21.597+0300] {dag.py:3096} INFO - Sync 1 DAGs
[2024-06-24T14:30:21.613+0300] {logging_mixin.py:188} INFO - [2024-06-24T14:30:21.612+0300] {dag.py:3954} INFO - Setting next_dagrun for example_dynamic_task_mapping to 2022-03-04 00:00:00+00:00, run_after=2022-03-05 00:00:00+00:00
[2024-06-24T14:30:21.630+0300] {processor.py:183} INFO - Processing /home/user/rubix/internship_project/.venv/lib/python3.10/site-packages/airflow/example_dags/example_dynamic_task_mapping.py took 0.086 seconds
[2024-06-24T14:31:31.834+0300] {processor.py:161} INFO - Started process (PID=31900) to work on /home/user/rubix/internship_project/.venv/lib/python3.10/site-packages/airflow/example_dags/example_dynamic_task_mapping.py
[2024-06-24T14:31:31.835+0300] {processor.py:830} INFO - Processing file /home/user/rubix/internship_project/.venv/lib/python3.10/site-packages/airflow/example_dags/example_dynamic_task_mapping.py for tasks to queue
[2024-06-24T14:31:31.837+0300] {logging_mixin.py:188} INFO - [2024-06-24T14:31:31.837+0300] {dagbag.py:545} INFO - Filling up the DagBag from /home/user/rubix/internship_project/.venv/lib/python3.10/site-packages/airflow/example_dags/example_dynamic_task_mapping.py
[2024-06-24T14:31:31.845+0300] {processor.py:840} INFO - DAG(s) 'example_dynamic_task_mapping' retrieved from /home/user/rubix/internship_project/.venv/lib/python3.10/site-packages/airflow/example_dags/example_dynamic_task_mapping.py
[2024-06-24T14:31:31.863+0300] {logging_mixin.py:188} INFO - [2024-06-24T14:31:31.863+0300] {dag.py:3096} INFO - Sync 1 DAGs
[2024-06-24T14:31:31.879+0300] {logging_mixin.py:188} INFO - [2024-06-24T14:31:31.879+0300] {dag.py:3954} INFO - Setting next_dagrun for example_dynamic_task_mapping to 2022-03-04 00:00:00+00:00, run_after=2022-03-05 00:00:00+00:00
[2024-06-24T14:31:31.909+0300] {processor.py:183} INFO - Processing /home/user/rubix/internship_project/.venv/lib/python3.10/site-packages/airflow/example_dags/example_dynamic_task_mapping.py took 0.083 seconds
[2024-06-24T14:32:39.577+0300] {processor.py:161} INFO - Started process (PID=32096) to work on /home/user/rubix/internship_project/.venv/lib/python3.10/site-packages/airflow/example_dags/example_dynamic_task_mapping.py
[2024-06-24T14:32:39.578+0300] {processor.py:830} INFO - Processing file /home/user/rubix/internship_project/.venv/lib/python3.10/site-packages/airflow/example_dags/example_dynamic_task_mapping.py for tasks to queue
[2024-06-24T14:32:39.580+0300] {logging_mixin.py:188} INFO - [2024-06-24T14:32:39.580+0300] {dagbag.py:545} INFO - Filling up the DagBag from /home/user/rubix/internship_project/.venv/lib/python3.10/site-packages/airflow/example_dags/example_dynamic_task_mapping.py
[2024-06-24T14:32:39.591+0300] {processor.py:840} INFO - DAG(s) 'example_dynamic_task_mapping' retrieved from /home/user/rubix/internship_project/.venv/lib/python3.10/site-packages/airflow/example_dags/example_dynamic_task_mapping.py
[2024-06-24T14:32:39.611+0300] {logging_mixin.py:188} INFO - [2024-06-24T14:32:39.610+0300] {dag.py:3096} INFO - Sync 1 DAGs
[2024-06-24T14:32:39.629+0300] {logging_mixin.py:188} INFO - [2024-06-24T14:32:39.628+0300] {dag.py:3954} INFO - Setting next_dagrun for example_dynamic_task_mapping to 2022-03-04 00:00:00+00:00, run_after=2022-03-05 00:00:00+00:00
[2024-06-24T14:32:39.649+0300] {processor.py:183} INFO - Processing /home/user/rubix/internship_project/.venv/lib/python3.10/site-packages/airflow/example_dags/example_dynamic_task_mapping.py took 0.083 seconds
