[2024-06-24T14:03:20.720+0300] {processor.py:161} INFO - Started process (PID=22702) to work on /home/user/rubix/internship_project/.venv/lib/python3.10/site-packages/airflow/example_dags/example_kubernetes_executor.py
[2024-06-24T14:03:20.723+0300] {processor.py:830} INFO - Processing file /home/user/rubix/internship_project/.venv/lib/python3.10/site-packages/airflow/example_dags/example_kubernetes_executor.py for tasks to queue
[2024-06-24T14:03:20.725+0300] {logging_mixin.py:188} INFO - [2024-06-24T14:03:20.724+0300] {dagbag.py:545} INFO - Filling up the DagBag from /home/user/rubix/internship_project/.venv/lib/python3.10/site-packages/airflow/example_dags/example_kubernetes_executor.py
[2024-06-24T14:03:20.740+0300] {logging_mixin.py:188} INFO - [2024-06-24T14:03:20.740+0300] {example_kubernetes_executor.py:39} WARNING - The example_kubernetes_executor example DAG requires the kubernetes provider. Please install it with: pip install apache-airflow[cncf.kubernetes]
[2024-06-24T14:03:20.741+0300] {processor.py:842} WARNING - No viable dags retrieved from /home/user/rubix/internship_project/.venv/lib/python3.10/site-packages/airflow/example_dags/example_kubernetes_executor.py
[2024-06-24T14:03:20.753+0300] {processor.py:183} INFO - Processing /home/user/rubix/internship_project/.venv/lib/python3.10/site-packages/airflow/example_dags/example_kubernetes_executor.py took 0.041 seconds
[2024-06-24T14:04:31.640+0300] {processor.py:161} INFO - Started process (PID=23247) to work on /home/user/rubix/internship_project/.venv/lib/python3.10/site-packages/airflow/example_dags/example_kubernetes_executor.py
[2024-06-24T14:04:31.641+0300] {processor.py:830} INFO - Processing file /home/user/rubix/internship_project/.venv/lib/python3.10/site-packages/airflow/example_dags/example_kubernetes_executor.py for tasks to queue
[2024-06-24T14:04:31.643+0300] {logging_mixin.py:188} INFO - [2024-06-24T14:04:31.642+0300] {dagbag.py:545} INFO - Filling up the DagBag from /home/user/rubix/internship_project/.venv/lib/python3.10/site-packages/airflow/example_dags/example_kubernetes_executor.py
[2024-06-24T14:04:31.646+0300] {logging_mixin.py:188} INFO - [2024-06-24T14:04:31.646+0300] {example_kubernetes_executor.py:39} WARNING - The example_kubernetes_executor example DAG requires the kubernetes provider. Please install it with: pip install apache-airflow[cncf.kubernetes]
[2024-06-24T14:04:31.646+0300] {processor.py:842} WARNING - No viable dags retrieved from /home/user/rubix/internship_project/.venv/lib/python3.10/site-packages/airflow/example_dags/example_kubernetes_executor.py
[2024-06-24T14:04:31.658+0300] {processor.py:183} INFO - Processing /home/user/rubix/internship_project/.venv/lib/python3.10/site-packages/airflow/example_dags/example_kubernetes_executor.py took 0.026 seconds
[2024-06-24T14:05:32.604+0300] {processor.py:161} INFO - Started process (PID=23723) to work on /home/user/rubix/internship_project/.venv/lib/python3.10/site-packages/airflow/example_dags/example_kubernetes_executor.py
[2024-06-24T14:05:32.605+0300] {processor.py:830} INFO - Processing file /home/user/rubix/internship_project/.venv/lib/python3.10/site-packages/airflow/example_dags/example_kubernetes_executor.py for tasks to queue
[2024-06-24T14:05:32.607+0300] {logging_mixin.py:188} INFO - [2024-06-24T14:05:32.607+0300] {dagbag.py:545} INFO - Filling up the DagBag from /home/user/rubix/internship_project/.venv/lib/python3.10/site-packages/airflow/example_dags/example_kubernetes_executor.py
[2024-06-24T14:05:32.623+0300] {logging_mixin.py:188} INFO - [2024-06-24T14:05:32.623+0300] {example_kubernetes_executor.py:39} WARNING - The example_kubernetes_executor example DAG requires the kubernetes provider. Please install it with: pip install apache-airflow[cncf.kubernetes]
[2024-06-24T14:05:32.624+0300] {processor.py:842} WARNING - No viable dags retrieved from /home/user/rubix/internship_project/.venv/lib/python3.10/site-packages/airflow/example_dags/example_kubernetes_executor.py
[2024-06-24T14:05:32.635+0300] {processor.py:183} INFO - Processing /home/user/rubix/internship_project/.venv/lib/python3.10/site-packages/airflow/example_dags/example_kubernetes_executor.py took 0.039 seconds
[2024-06-24T14:06:35.495+0300] {processor.py:161} INFO - Started process (PID=24125) to work on /home/user/rubix/internship_project/.venv/lib/python3.10/site-packages/airflow/example_dags/example_kubernetes_executor.py
[2024-06-24T14:06:35.497+0300] {processor.py:830} INFO - Processing file /home/user/rubix/internship_project/.venv/lib/python3.10/site-packages/airflow/example_dags/example_kubernetes_executor.py for tasks to queue
[2024-06-24T14:06:35.500+0300] {logging_mixin.py:188} INFO - [2024-06-24T14:06:35.499+0300] {dagbag.py:545} INFO - Filling up the DagBag from /home/user/rubix/internship_project/.venv/lib/python3.10/site-packages/airflow/example_dags/example_kubernetes_executor.py
[2024-06-24T14:06:35.504+0300] {logging_mixin.py:188} INFO - [2024-06-24T14:06:35.504+0300] {example_kubernetes_executor.py:39} WARNING - The example_kubernetes_executor example DAG requires the kubernetes provider. Please install it with: pip install apache-airflow[cncf.kubernetes]
[2024-06-24T14:06:35.504+0300] {processor.py:842} WARNING - No viable dags retrieved from /home/user/rubix/internship_project/.venv/lib/python3.10/site-packages/airflow/example_dags/example_kubernetes_executor.py
[2024-06-24T14:06:35.519+0300] {processor.py:183} INFO - Processing /home/user/rubix/internship_project/.venv/lib/python3.10/site-packages/airflow/example_dags/example_kubernetes_executor.py took 0.040 seconds
[2024-06-24T14:07:28.735+0300] {processor.py:161} INFO - Started process (PID=24351) to work on /home/user/rubix/internship_project/.venv/lib/python3.10/site-packages/airflow/example_dags/example_kubernetes_executor.py
[2024-06-24T14:07:28.736+0300] {processor.py:830} INFO - Processing file /home/user/rubix/internship_project/.venv/lib/python3.10/site-packages/airflow/example_dags/example_kubernetes_executor.py for tasks to queue
[2024-06-24T14:07:28.738+0300] {logging_mixin.py:188} INFO - [2024-06-24T14:07:28.738+0300] {dagbag.py:545} INFO - Filling up the DagBag from /home/user/rubix/internship_project/.venv/lib/python3.10/site-packages/airflow/example_dags/example_kubernetes_executor.py
[2024-06-24T14:07:28.742+0300] {logging_mixin.py:188} INFO - [2024-06-24T14:07:28.741+0300] {example_kubernetes_executor.py:39} WARNING - The example_kubernetes_executor example DAG requires the kubernetes provider. Please install it with: pip install apache-airflow[cncf.kubernetes]
[2024-06-24T14:07:28.742+0300] {processor.py:842} WARNING - No viable dags retrieved from /home/user/rubix/internship_project/.venv/lib/python3.10/site-packages/airflow/example_dags/example_kubernetes_executor.py
[2024-06-24T14:07:28.754+0300] {processor.py:183} INFO - Processing /home/user/rubix/internship_project/.venv/lib/python3.10/site-packages/airflow/example_dags/example_kubernetes_executor.py took 0.026 seconds
[2024-06-24T14:08:20.314+0300] {processor.py:161} INFO - Started process (PID=24679) to work on /home/user/rubix/internship_project/.venv/lib/python3.10/site-packages/airflow/example_dags/example_kubernetes_executor.py
[2024-06-24T14:08:20.316+0300] {processor.py:830} INFO - Processing file /home/user/rubix/internship_project/.venv/lib/python3.10/site-packages/airflow/example_dags/example_kubernetes_executor.py for tasks to queue
[2024-06-24T14:08:20.317+0300] {logging_mixin.py:188} INFO - [2024-06-24T14:08:20.317+0300] {dagbag.py:545} INFO - Filling up the DagBag from /home/user/rubix/internship_project/.venv/lib/python3.10/site-packages/airflow/example_dags/example_kubernetes_executor.py
[2024-06-24T14:08:20.321+0300] {logging_mixin.py:188} INFO - [2024-06-24T14:08:20.321+0300] {example_kubernetes_executor.py:39} WARNING - The example_kubernetes_executor example DAG requires the kubernetes provider. Please install it with: pip install apache-airflow[cncf.kubernetes]
[2024-06-24T14:08:20.321+0300] {processor.py:842} WARNING - No viable dags retrieved from /home/user/rubix/internship_project/.venv/lib/python3.10/site-packages/airflow/example_dags/example_kubernetes_executor.py
[2024-06-24T14:08:20.334+0300] {processor.py:183} INFO - Processing /home/user/rubix/internship_project/.venv/lib/python3.10/site-packages/airflow/example_dags/example_kubernetes_executor.py took 0.029 seconds
[2024-06-24T14:09:27.511+0300] {processor.py:161} INFO - Started process (PID=25115) to work on /home/user/rubix/internship_project/.venv/lib/python3.10/site-packages/airflow/example_dags/example_kubernetes_executor.py
[2024-06-24T14:09:27.512+0300] {processor.py:830} INFO - Processing file /home/user/rubix/internship_project/.venv/lib/python3.10/site-packages/airflow/example_dags/example_kubernetes_executor.py for tasks to queue
[2024-06-24T14:09:27.514+0300] {logging_mixin.py:188} INFO - [2024-06-24T14:09:27.513+0300] {dagbag.py:545} INFO - Filling up the DagBag from /home/user/rubix/internship_project/.venv/lib/python3.10/site-packages/airflow/example_dags/example_kubernetes_executor.py
[2024-06-24T14:09:27.518+0300] {logging_mixin.py:188} INFO - [2024-06-24T14:09:27.518+0300] {example_kubernetes_executor.py:39} WARNING - The example_kubernetes_executor example DAG requires the kubernetes provider. Please install it with: pip install apache-airflow[cncf.kubernetes]
[2024-06-24T14:09:27.518+0300] {processor.py:842} WARNING - No viable dags retrieved from /home/user/rubix/internship_project/.venv/lib/python3.10/site-packages/airflow/example_dags/example_kubernetes_executor.py
[2024-06-24T14:09:27.533+0300] {processor.py:183} INFO - Processing /home/user/rubix/internship_project/.venv/lib/python3.10/site-packages/airflow/example_dags/example_kubernetes_executor.py took 0.034 seconds
[2024-06-24T14:10:35.633+0300] {processor.py:161} INFO - Started process (PID=25518) to work on /home/user/rubix/internship_project/.venv/lib/python3.10/site-packages/airflow/example_dags/example_kubernetes_executor.py
[2024-06-24T14:10:35.634+0300] {processor.py:830} INFO - Processing file /home/user/rubix/internship_project/.venv/lib/python3.10/site-packages/airflow/example_dags/example_kubernetes_executor.py for tasks to queue
[2024-06-24T14:10:35.636+0300] {logging_mixin.py:188} INFO - [2024-06-24T14:10:35.636+0300] {dagbag.py:545} INFO - Filling up the DagBag from /home/user/rubix/internship_project/.venv/lib/python3.10/site-packages/airflow/example_dags/example_kubernetes_executor.py
[2024-06-24T14:10:35.640+0300] {logging_mixin.py:188} INFO - [2024-06-24T14:10:35.640+0300] {example_kubernetes_executor.py:39} WARNING - The example_kubernetes_executor example DAG requires the kubernetes provider. Please install it with: pip install apache-airflow[cncf.kubernetes]
[2024-06-24T14:10:35.640+0300] {processor.py:842} WARNING - No viable dags retrieved from /home/user/rubix/internship_project/.venv/lib/python3.10/site-packages/airflow/example_dags/example_kubernetes_executor.py
[2024-06-24T14:10:35.652+0300] {processor.py:183} INFO - Processing /home/user/rubix/internship_project/.venv/lib/python3.10/site-packages/airflow/example_dags/example_kubernetes_executor.py took 0.027 seconds
[2024-06-24T14:11:43.797+0300] {processor.py:161} INFO - Started process (PID=25972) to work on /home/user/rubix/internship_project/.venv/lib/python3.10/site-packages/airflow/example_dags/example_kubernetes_executor.py
[2024-06-24T14:11:43.798+0300] {processor.py:830} INFO - Processing file /home/user/rubix/internship_project/.venv/lib/python3.10/site-packages/airflow/example_dags/example_kubernetes_executor.py for tasks to queue
[2024-06-24T14:11:43.799+0300] {logging_mixin.py:188} INFO - [2024-06-24T14:11:43.799+0300] {dagbag.py:545} INFO - Filling up the DagBag from /home/user/rubix/internship_project/.venv/lib/python3.10/site-packages/airflow/example_dags/example_kubernetes_executor.py
[2024-06-24T14:11:43.803+0300] {logging_mixin.py:188} INFO - [2024-06-24T14:11:43.803+0300] {example_kubernetes_executor.py:39} WARNING - The example_kubernetes_executor example DAG requires the kubernetes provider. Please install it with: pip install apache-airflow[cncf.kubernetes]
[2024-06-24T14:11:43.803+0300] {processor.py:842} WARNING - No viable dags retrieved from /home/user/rubix/internship_project/.venv/lib/python3.10/site-packages/airflow/example_dags/example_kubernetes_executor.py
[2024-06-24T14:11:43.815+0300] {processor.py:183} INFO - Processing /home/user/rubix/internship_project/.venv/lib/python3.10/site-packages/airflow/example_dags/example_kubernetes_executor.py took 0.027 seconds
[2024-06-24T14:12:45.831+0300] {processor.py:161} INFO - Started process (PID=26163) to work on /home/user/rubix/internship_project/.venv/lib/python3.10/site-packages/airflow/example_dags/example_kubernetes_executor.py
[2024-06-24T14:12:45.832+0300] {processor.py:830} INFO - Processing file /home/user/rubix/internship_project/.venv/lib/python3.10/site-packages/airflow/example_dags/example_kubernetes_executor.py for tasks to queue
[2024-06-24T14:12:45.834+0300] {logging_mixin.py:188} INFO - [2024-06-24T14:12:45.833+0300] {dagbag.py:545} INFO - Filling up the DagBag from /home/user/rubix/internship_project/.venv/lib/python3.10/site-packages/airflow/example_dags/example_kubernetes_executor.py
[2024-06-24T14:12:45.849+0300] {logging_mixin.py:188} INFO - [2024-06-24T14:12:45.849+0300] {example_kubernetes_executor.py:39} WARNING - The example_kubernetes_executor example DAG requires the kubernetes provider. Please install it with: pip install apache-airflow[cncf.kubernetes]
[2024-06-24T14:12:45.850+0300] {processor.py:842} WARNING - No viable dags retrieved from /home/user/rubix/internship_project/.venv/lib/python3.10/site-packages/airflow/example_dags/example_kubernetes_executor.py
[2024-06-24T14:12:45.863+0300] {processor.py:183} INFO - Processing /home/user/rubix/internship_project/.venv/lib/python3.10/site-packages/airflow/example_dags/example_kubernetes_executor.py took 0.040 seconds
[2024-06-24T14:13:38.116+0300] {processor.py:161} INFO - Started process (PID=26363) to work on /home/user/rubix/internship_project/.venv/lib/python3.10/site-packages/airflow/example_dags/example_kubernetes_executor.py
[2024-06-24T14:13:38.117+0300] {processor.py:830} INFO - Processing file /home/user/rubix/internship_project/.venv/lib/python3.10/site-packages/airflow/example_dags/example_kubernetes_executor.py for tasks to queue
[2024-06-24T14:13:38.119+0300] {logging_mixin.py:188} INFO - [2024-06-24T14:13:38.119+0300] {dagbag.py:545} INFO - Filling up the DagBag from /home/user/rubix/internship_project/.venv/lib/python3.10/site-packages/airflow/example_dags/example_kubernetes_executor.py
[2024-06-24T14:13:38.123+0300] {logging_mixin.py:188} INFO - [2024-06-24T14:13:38.123+0300] {example_kubernetes_executor.py:39} WARNING - The example_kubernetes_executor example DAG requires the kubernetes provider. Please install it with: pip install apache-airflow[cncf.kubernetes]
[2024-06-24T14:13:38.124+0300] {processor.py:842} WARNING - No viable dags retrieved from /home/user/rubix/internship_project/.venv/lib/python3.10/site-packages/airflow/example_dags/example_kubernetes_executor.py
[2024-06-24T14:13:38.139+0300] {processor.py:183} INFO - Processing /home/user/rubix/internship_project/.venv/lib/python3.10/site-packages/airflow/example_dags/example_kubernetes_executor.py took 0.032 seconds
[2024-06-24T14:14:29.709+0300] {processor.py:161} INFO - Started process (PID=26707) to work on /home/user/rubix/internship_project/.venv/lib/python3.10/site-packages/airflow/example_dags/example_kubernetes_executor.py
[2024-06-24T14:14:29.710+0300] {processor.py:830} INFO - Processing file /home/user/rubix/internship_project/.venv/lib/python3.10/site-packages/airflow/example_dags/example_kubernetes_executor.py for tasks to queue
[2024-06-24T14:14:29.712+0300] {logging_mixin.py:188} INFO - [2024-06-24T14:14:29.711+0300] {dagbag.py:545} INFO - Filling up the DagBag from /home/user/rubix/internship_project/.venv/lib/python3.10/site-packages/airflow/example_dags/example_kubernetes_executor.py
[2024-06-24T14:14:29.715+0300] {logging_mixin.py:188} INFO - [2024-06-24T14:14:29.715+0300] {example_kubernetes_executor.py:39} WARNING - The example_kubernetes_executor example DAG requires the kubernetes provider. Please install it with: pip install apache-airflow[cncf.kubernetes]
[2024-06-24T14:14:29.716+0300] {processor.py:842} WARNING - No viable dags retrieved from /home/user/rubix/internship_project/.venv/lib/python3.10/site-packages/airflow/example_dags/example_kubernetes_executor.py
[2024-06-24T14:14:29.728+0300] {processor.py:183} INFO - Processing /home/user/rubix/internship_project/.venv/lib/python3.10/site-packages/airflow/example_dags/example_kubernetes_executor.py took 0.026 seconds
[2024-06-24T14:15:33.219+0300] {processor.py:161} INFO - Started process (PID=26908) to work on /home/user/rubix/internship_project/.venv/lib/python3.10/site-packages/airflow/example_dags/example_kubernetes_executor.py
[2024-06-24T14:15:33.220+0300] {processor.py:830} INFO - Processing file /home/user/rubix/internship_project/.venv/lib/python3.10/site-packages/airflow/example_dags/example_kubernetes_executor.py for tasks to queue
[2024-06-24T14:15:33.222+0300] {logging_mixin.py:188} INFO - [2024-06-24T14:15:33.221+0300] {dagbag.py:545} INFO - Filling up the DagBag from /home/user/rubix/internship_project/.venv/lib/python3.10/site-packages/airflow/example_dags/example_kubernetes_executor.py
[2024-06-24T14:15:33.225+0300] {logging_mixin.py:188} INFO - [2024-06-24T14:15:33.225+0300] {example_kubernetes_executor.py:39} WARNING - The example_kubernetes_executor example DAG requires the kubernetes provider. Please install it with: pip install apache-airflow[cncf.kubernetes]
[2024-06-24T14:15:33.226+0300] {processor.py:842} WARNING - No viable dags retrieved from /home/user/rubix/internship_project/.venv/lib/python3.10/site-packages/airflow/example_dags/example_kubernetes_executor.py
[2024-06-24T14:15:33.238+0300] {processor.py:183} INFO - Processing /home/user/rubix/internship_project/.venv/lib/python3.10/site-packages/airflow/example_dags/example_kubernetes_executor.py took 0.027 seconds
[2024-06-24T14:16:34.236+0300] {processor.py:161} INFO - Started process (PID=27097) to work on /home/user/rubix/internship_project/.venv/lib/python3.10/site-packages/airflow/example_dags/example_kubernetes_executor.py
[2024-06-24T14:16:34.237+0300] {processor.py:830} INFO - Processing file /home/user/rubix/internship_project/.venv/lib/python3.10/site-packages/airflow/example_dags/example_kubernetes_executor.py for tasks to queue
[2024-06-24T14:16:34.238+0300] {logging_mixin.py:188} INFO - [2024-06-24T14:16:34.238+0300] {dagbag.py:545} INFO - Filling up the DagBag from /home/user/rubix/internship_project/.venv/lib/python3.10/site-packages/airflow/example_dags/example_kubernetes_executor.py
[2024-06-24T14:16:34.242+0300] {logging_mixin.py:188} INFO - [2024-06-24T14:16:34.242+0300] {example_kubernetes_executor.py:39} WARNING - The example_kubernetes_executor example DAG requires the kubernetes provider. Please install it with: pip install apache-airflow[cncf.kubernetes]
[2024-06-24T14:16:34.242+0300] {processor.py:842} WARNING - No viable dags retrieved from /home/user/rubix/internship_project/.venv/lib/python3.10/site-packages/airflow/example_dags/example_kubernetes_executor.py
[2024-06-24T14:16:34.255+0300] {processor.py:183} INFO - Processing /home/user/rubix/internship_project/.venv/lib/python3.10/site-packages/airflow/example_dags/example_kubernetes_executor.py took 0.027 seconds
[2024-06-24T14:17:32.842+0300] {processor.py:161} INFO - Started process (PID=27289) to work on /home/user/rubix/internship_project/.venv/lib/python3.10/site-packages/airflow/example_dags/example_kubernetes_executor.py
[2024-06-24T14:17:32.843+0300] {processor.py:830} INFO - Processing file /home/user/rubix/internship_project/.venv/lib/python3.10/site-packages/airflow/example_dags/example_kubernetes_executor.py for tasks to queue
[2024-06-24T14:17:32.845+0300] {logging_mixin.py:188} INFO - [2024-06-24T14:17:32.845+0300] {dagbag.py:545} INFO - Filling up the DagBag from /home/user/rubix/internship_project/.venv/lib/python3.10/site-packages/airflow/example_dags/example_kubernetes_executor.py
[2024-06-24T14:17:32.849+0300] {logging_mixin.py:188} INFO - [2024-06-24T14:17:32.849+0300] {example_kubernetes_executor.py:39} WARNING - The example_kubernetes_executor example DAG requires the kubernetes provider. Please install it with: pip install apache-airflow[cncf.kubernetes]
[2024-06-24T14:17:32.849+0300] {processor.py:842} WARNING - No viable dags retrieved from /home/user/rubix/internship_project/.venv/lib/python3.10/site-packages/airflow/example_dags/example_kubernetes_executor.py
[2024-06-24T14:17:32.862+0300] {processor.py:183} INFO - Processing /home/user/rubix/internship_project/.venv/lib/python3.10/site-packages/airflow/example_dags/example_kubernetes_executor.py took 0.027 seconds
[2024-06-24T14:18:45.974+0300] {processor.py:161} INFO - Started process (PID=27492) to work on /home/user/rubix/internship_project/.venv/lib/python3.10/site-packages/airflow/example_dags/example_kubernetes_executor.py
[2024-06-24T14:18:45.976+0300] {processor.py:830} INFO - Processing file /home/user/rubix/internship_project/.venv/lib/python3.10/site-packages/airflow/example_dags/example_kubernetes_executor.py for tasks to queue
[2024-06-24T14:18:45.978+0300] {logging_mixin.py:188} INFO - [2024-06-24T14:18:45.977+0300] {dagbag.py:545} INFO - Filling up the DagBag from /home/user/rubix/internship_project/.venv/lib/python3.10/site-packages/airflow/example_dags/example_kubernetes_executor.py
[2024-06-24T14:18:45.992+0300] {logging_mixin.py:188} INFO - [2024-06-24T14:18:45.991+0300] {example_kubernetes_executor.py:39} WARNING - The example_kubernetes_executor example DAG requires the kubernetes provider. Please install it with: pip install apache-airflow[cncf.kubernetes]
[2024-06-24T14:18:45.992+0300] {processor.py:842} WARNING - No viable dags retrieved from /home/user/rubix/internship_project/.venv/lib/python3.10/site-packages/airflow/example_dags/example_kubernetes_executor.py
[2024-06-24T14:18:46.008+0300] {processor.py:183} INFO - Processing /home/user/rubix/internship_project/.venv/lib/python3.10/site-packages/airflow/example_dags/example_kubernetes_executor.py took 0.042 seconds
[2024-06-24T14:19:37.328+0300] {processor.py:161} INFO - Started process (PID=27723) to work on /home/user/rubix/internship_project/.venv/lib/python3.10/site-packages/airflow/example_dags/example_kubernetes_executor.py
[2024-06-24T14:19:37.329+0300] {processor.py:830} INFO - Processing file /home/user/rubix/internship_project/.venv/lib/python3.10/site-packages/airflow/example_dags/example_kubernetes_executor.py for tasks to queue
[2024-06-24T14:19:37.331+0300] {logging_mixin.py:188} INFO - [2024-06-24T14:19:37.331+0300] {dagbag.py:545} INFO - Filling up the DagBag from /home/user/rubix/internship_project/.venv/lib/python3.10/site-packages/airflow/example_dags/example_kubernetes_executor.py
[2024-06-24T14:19:37.334+0300] {logging_mixin.py:188} INFO - [2024-06-24T14:19:37.334+0300] {example_kubernetes_executor.py:39} WARNING - The example_kubernetes_executor example DAG requires the kubernetes provider. Please install it with: pip install apache-airflow[cncf.kubernetes]
[2024-06-24T14:19:37.335+0300] {processor.py:842} WARNING - No viable dags retrieved from /home/user/rubix/internship_project/.venv/lib/python3.10/site-packages/airflow/example_dags/example_kubernetes_executor.py
[2024-06-24T14:19:37.346+0300] {processor.py:183} INFO - Processing /home/user/rubix/internship_project/.venv/lib/python3.10/site-packages/airflow/example_dags/example_kubernetes_executor.py took 0.026 seconds
[2024-06-24T14:20:34.406+0300] {processor.py:161} INFO - Started process (PID=28204) to work on /home/user/rubix/internship_project/.venv/lib/python3.10/site-packages/airflow/example_dags/example_kubernetes_executor.py
[2024-06-24T14:20:34.407+0300] {processor.py:830} INFO - Processing file /home/user/rubix/internship_project/.venv/lib/python3.10/site-packages/airflow/example_dags/example_kubernetes_executor.py for tasks to queue
[2024-06-24T14:20:34.409+0300] {logging_mixin.py:188} INFO - [2024-06-24T14:20:34.408+0300] {dagbag.py:545} INFO - Filling up the DagBag from /home/user/rubix/internship_project/.venv/lib/python3.10/site-packages/airflow/example_dags/example_kubernetes_executor.py
[2024-06-24T14:20:34.412+0300] {logging_mixin.py:188} INFO - [2024-06-24T14:20:34.412+0300] {example_kubernetes_executor.py:39} WARNING - The example_kubernetes_executor example DAG requires the kubernetes provider. Please install it with: pip install apache-airflow[cncf.kubernetes]
[2024-06-24T14:20:34.413+0300] {processor.py:842} WARNING - No viable dags retrieved from /home/user/rubix/internship_project/.venv/lib/python3.10/site-packages/airflow/example_dags/example_kubernetes_executor.py
[2024-06-24T14:20:34.427+0300] {processor.py:183} INFO - Processing /home/user/rubix/internship_project/.venv/lib/python3.10/site-packages/airflow/example_dags/example_kubernetes_executor.py took 0.028 seconds
[2024-06-24T14:21:39.577+0300] {processor.py:161} INFO - Started process (PID=28567) to work on /home/user/rubix/internship_project/.venv/lib/python3.10/site-packages/airflow/example_dags/example_kubernetes_executor.py
[2024-06-24T14:21:39.578+0300] {processor.py:830} INFO - Processing file /home/user/rubix/internship_project/.venv/lib/python3.10/site-packages/airflow/example_dags/example_kubernetes_executor.py for tasks to queue
[2024-06-24T14:21:39.580+0300] {logging_mixin.py:188} INFO - [2024-06-24T14:21:39.580+0300] {dagbag.py:545} INFO - Filling up the DagBag from /home/user/rubix/internship_project/.venv/lib/python3.10/site-packages/airflow/example_dags/example_kubernetes_executor.py
[2024-06-24T14:21:39.584+0300] {logging_mixin.py:188} INFO - [2024-06-24T14:21:39.583+0300] {example_kubernetes_executor.py:39} WARNING - The example_kubernetes_executor example DAG requires the kubernetes provider. Please install it with: pip install apache-airflow[cncf.kubernetes]
[2024-06-24T14:21:39.584+0300] {processor.py:842} WARNING - No viable dags retrieved from /home/user/rubix/internship_project/.venv/lib/python3.10/site-packages/airflow/example_dags/example_kubernetes_executor.py
[2024-06-24T14:21:39.596+0300] {processor.py:183} INFO - Processing /home/user/rubix/internship_project/.venv/lib/python3.10/site-packages/airflow/example_dags/example_kubernetes_executor.py took 0.026 seconds
[2024-06-24T14:22:33.769+0300] {processor.py:161} INFO - Started process (PID=28786) to work on /home/user/rubix/internship_project/.venv/lib/python3.10/site-packages/airflow/example_dags/example_kubernetes_executor.py
[2024-06-24T14:22:33.770+0300] {processor.py:830} INFO - Processing file /home/user/rubix/internship_project/.venv/lib/python3.10/site-packages/airflow/example_dags/example_kubernetes_executor.py for tasks to queue
[2024-06-24T14:22:33.772+0300] {logging_mixin.py:188} INFO - [2024-06-24T14:22:33.772+0300] {dagbag.py:545} INFO - Filling up the DagBag from /home/user/rubix/internship_project/.venv/lib/python3.10/site-packages/airflow/example_dags/example_kubernetes_executor.py
[2024-06-24T14:22:33.776+0300] {logging_mixin.py:188} INFO - [2024-06-24T14:22:33.776+0300] {example_kubernetes_executor.py:39} WARNING - The example_kubernetes_executor example DAG requires the kubernetes provider. Please install it with: pip install apache-airflow[cncf.kubernetes]
[2024-06-24T14:22:33.776+0300] {processor.py:842} WARNING - No viable dags retrieved from /home/user/rubix/internship_project/.venv/lib/python3.10/site-packages/airflow/example_dags/example_kubernetes_executor.py
[2024-06-24T14:22:33.788+0300] {processor.py:183} INFO - Processing /home/user/rubix/internship_project/.venv/lib/python3.10/site-packages/airflow/example_dags/example_kubernetes_executor.py took 0.026 seconds
[2024-06-24T14:23:40.467+0300] {processor.py:161} INFO - Started process (PID=29023) to work on /home/user/rubix/internship_project/.venv/lib/python3.10/site-packages/airflow/example_dags/example_kubernetes_executor.py
[2024-06-24T14:23:40.468+0300] {processor.py:830} INFO - Processing file /home/user/rubix/internship_project/.venv/lib/python3.10/site-packages/airflow/example_dags/example_kubernetes_executor.py for tasks to queue
[2024-06-24T14:23:40.470+0300] {logging_mixin.py:188} INFO - [2024-06-24T14:23:40.469+0300] {dagbag.py:545} INFO - Filling up the DagBag from /home/user/rubix/internship_project/.venv/lib/python3.10/site-packages/airflow/example_dags/example_kubernetes_executor.py
[2024-06-24T14:23:40.474+0300] {logging_mixin.py:188} INFO - [2024-06-24T14:23:40.474+0300] {example_kubernetes_executor.py:39} WARNING - The example_kubernetes_executor example DAG requires the kubernetes provider. Please install it with: pip install apache-airflow[cncf.kubernetes]
[2024-06-24T14:23:40.474+0300] {processor.py:842} WARNING - No viable dags retrieved from /home/user/rubix/internship_project/.venv/lib/python3.10/site-packages/airflow/example_dags/example_kubernetes_executor.py
[2024-06-24T14:23:40.487+0300] {processor.py:183} INFO - Processing /home/user/rubix/internship_project/.venv/lib/python3.10/site-packages/airflow/example_dags/example_kubernetes_executor.py took 0.029 seconds
[2024-06-24T14:24:48.775+0300] {processor.py:161} INFO - Started process (PID=29329) to work on /home/user/rubix/internship_project/.venv/lib/python3.10/site-packages/airflow/example_dags/example_kubernetes_executor.py
[2024-06-24T14:24:48.776+0300] {processor.py:830} INFO - Processing file /home/user/rubix/internship_project/.venv/lib/python3.10/site-packages/airflow/example_dags/example_kubernetes_executor.py for tasks to queue
[2024-06-24T14:24:48.778+0300] {logging_mixin.py:188} INFO - [2024-06-24T14:24:48.778+0300] {dagbag.py:545} INFO - Filling up the DagBag from /home/user/rubix/internship_project/.venv/lib/python3.10/site-packages/airflow/example_dags/example_kubernetes_executor.py
[2024-06-24T14:24:48.782+0300] {logging_mixin.py:188} INFO - [2024-06-24T14:24:48.782+0300] {example_kubernetes_executor.py:39} WARNING - The example_kubernetes_executor example DAG requires the kubernetes provider. Please install it with: pip install apache-airflow[cncf.kubernetes]
[2024-06-24T14:24:48.782+0300] {processor.py:842} WARNING - No viable dags retrieved from /home/user/rubix/internship_project/.venv/lib/python3.10/site-packages/airflow/example_dags/example_kubernetes_executor.py
[2024-06-24T14:24:48.794+0300] {processor.py:183} INFO - Processing /home/user/rubix/internship_project/.venv/lib/python3.10/site-packages/airflow/example_dags/example_kubernetes_executor.py took 0.026 seconds
[2024-06-24T14:25:50.700+0300] {processor.py:161} INFO - Started process (PID=29614) to work on /home/user/rubix/internship_project/.venv/lib/python3.10/site-packages/airflow/example_dags/example_kubernetes_executor.py
[2024-06-24T14:25:50.701+0300] {processor.py:830} INFO - Processing file /home/user/rubix/internship_project/.venv/lib/python3.10/site-packages/airflow/example_dags/example_kubernetes_executor.py for tasks to queue
[2024-06-24T14:25:50.703+0300] {logging_mixin.py:188} INFO - [2024-06-24T14:25:50.702+0300] {dagbag.py:545} INFO - Filling up the DagBag from /home/user/rubix/internship_project/.venv/lib/python3.10/site-packages/airflow/example_dags/example_kubernetes_executor.py
[2024-06-24T14:25:50.706+0300] {logging_mixin.py:188} INFO - [2024-06-24T14:25:50.706+0300] {example_kubernetes_executor.py:39} WARNING - The example_kubernetes_executor example DAG requires the kubernetes provider. Please install it with: pip install apache-airflow[cncf.kubernetes]
[2024-06-24T14:25:50.707+0300] {processor.py:842} WARNING - No viable dags retrieved from /home/user/rubix/internship_project/.venv/lib/python3.10/site-packages/airflow/example_dags/example_kubernetes_executor.py
[2024-06-24T14:25:50.719+0300] {processor.py:183} INFO - Processing /home/user/rubix/internship_project/.venv/lib/python3.10/site-packages/airflow/example_dags/example_kubernetes_executor.py took 0.027 seconds
[2024-06-24T14:26:52.992+0300] {processor.py:161} INFO - Started process (PID=29965) to work on /home/user/rubix/internship_project/.venv/lib/python3.10/site-packages/airflow/example_dags/example_kubernetes_executor.py
[2024-06-24T14:26:52.993+0300] {processor.py:830} INFO - Processing file /home/user/rubix/internship_project/.venv/lib/python3.10/site-packages/airflow/example_dags/example_kubernetes_executor.py for tasks to queue
[2024-06-24T14:26:52.995+0300] {logging_mixin.py:188} INFO - [2024-06-24T14:26:52.995+0300] {dagbag.py:545} INFO - Filling up the DagBag from /home/user/rubix/internship_project/.venv/lib/python3.10/site-packages/airflow/example_dags/example_kubernetes_executor.py
[2024-06-24T14:26:52.998+0300] {logging_mixin.py:188} INFO - [2024-06-24T14:26:52.998+0300] {example_kubernetes_executor.py:39} WARNING - The example_kubernetes_executor example DAG requires the kubernetes provider. Please install it with: pip install apache-airflow[cncf.kubernetes]
[2024-06-24T14:26:52.999+0300] {processor.py:842} WARNING - No viable dags retrieved from /home/user/rubix/internship_project/.venv/lib/python3.10/site-packages/airflow/example_dags/example_kubernetes_executor.py
[2024-06-24T14:26:53.013+0300] {processor.py:183} INFO - Processing /home/user/rubix/internship_project/.venv/lib/python3.10/site-packages/airflow/example_dags/example_kubernetes_executor.py took 0.028 seconds
[2024-06-24T14:27:39.802+0300] {processor.py:161} INFO - Started process (PID=30476) to work on /home/user/rubix/internship_project/.venv/lib/python3.10/site-packages/airflow/example_dags/example_kubernetes_executor.py
[2024-06-24T14:27:39.803+0300] {processor.py:830} INFO - Processing file /home/user/rubix/internship_project/.venv/lib/python3.10/site-packages/airflow/example_dags/example_kubernetes_executor.py for tasks to queue
[2024-06-24T14:27:39.805+0300] {logging_mixin.py:188} INFO - [2024-06-24T14:27:39.805+0300] {dagbag.py:545} INFO - Filling up the DagBag from /home/user/rubix/internship_project/.venv/lib/python3.10/site-packages/airflow/example_dags/example_kubernetes_executor.py
[2024-06-24T14:27:39.808+0300] {logging_mixin.py:188} INFO - [2024-06-24T14:27:39.808+0300] {example_kubernetes_executor.py:39} WARNING - The example_kubernetes_executor example DAG requires the kubernetes provider. Please install it with: pip install apache-airflow[cncf.kubernetes]
[2024-06-24T14:27:39.809+0300] {processor.py:842} WARNING - No viable dags retrieved from /home/user/rubix/internship_project/.venv/lib/python3.10/site-packages/airflow/example_dags/example_kubernetes_executor.py
[2024-06-24T14:27:39.822+0300] {processor.py:183} INFO - Processing /home/user/rubix/internship_project/.venv/lib/python3.10/site-packages/airflow/example_dags/example_kubernetes_executor.py took 0.027 seconds
[2024-06-24T14:28:43.498+0300] {processor.py:161} INFO - Started process (PID=30761) to work on /home/user/rubix/internship_project/.venv/lib/python3.10/site-packages/airflow/example_dags/example_kubernetes_executor.py
[2024-06-24T14:28:43.499+0300] {processor.py:830} INFO - Processing file /home/user/rubix/internship_project/.venv/lib/python3.10/site-packages/airflow/example_dags/example_kubernetes_executor.py for tasks to queue
[2024-06-24T14:28:43.501+0300] {logging_mixin.py:188} INFO - [2024-06-24T14:28:43.500+0300] {dagbag.py:545} INFO - Filling up the DagBag from /home/user/rubix/internship_project/.venv/lib/python3.10/site-packages/airflow/example_dags/example_kubernetes_executor.py
[2024-06-24T14:28:43.504+0300] {logging_mixin.py:188} INFO - [2024-06-24T14:28:43.504+0300] {example_kubernetes_executor.py:39} WARNING - The example_kubernetes_executor example DAG requires the kubernetes provider. Please install it with: pip install apache-airflow[cncf.kubernetes]
[2024-06-24T14:28:43.505+0300] {processor.py:842} WARNING - No viable dags retrieved from /home/user/rubix/internship_project/.venv/lib/python3.10/site-packages/airflow/example_dags/example_kubernetes_executor.py
[2024-06-24T14:28:43.520+0300] {processor.py:183} INFO - Processing /home/user/rubix/internship_project/.venv/lib/python3.10/site-packages/airflow/example_dags/example_kubernetes_executor.py took 0.033 seconds
[2024-06-24T14:29:55.635+0300] {processor.py:161} INFO - Started process (PID=31340) to work on /home/user/rubix/internship_project/.venv/lib/python3.10/site-packages/airflow/example_dags/example_kubernetes_executor.py
[2024-06-24T14:29:55.636+0300] {processor.py:830} INFO - Processing file /home/user/rubix/internship_project/.venv/lib/python3.10/site-packages/airflow/example_dags/example_kubernetes_executor.py for tasks to queue
[2024-06-24T14:29:55.638+0300] {logging_mixin.py:188} INFO - [2024-06-24T14:29:55.638+0300] {dagbag.py:545} INFO - Filling up the DagBag from /home/user/rubix/internship_project/.venv/lib/python3.10/site-packages/airflow/example_dags/example_kubernetes_executor.py
[2024-06-24T14:29:55.642+0300] {logging_mixin.py:188} INFO - [2024-06-24T14:29:55.642+0300] {example_kubernetes_executor.py:39} WARNING - The example_kubernetes_executor example DAG requires the kubernetes provider. Please install it with: pip install apache-airflow[cncf.kubernetes]
[2024-06-24T14:29:55.642+0300] {processor.py:842} WARNING - No viable dags retrieved from /home/user/rubix/internship_project/.venv/lib/python3.10/site-packages/airflow/example_dags/example_kubernetes_executor.py
[2024-06-24T14:29:55.654+0300] {processor.py:183} INFO - Processing /home/user/rubix/internship_project/.venv/lib/python3.10/site-packages/airflow/example_dags/example_kubernetes_executor.py took 0.026 seconds
[2024-06-24T14:30:44.759+0300] {processor.py:161} INFO - Started process (PID=31499) to work on /home/user/rubix/internship_project/.venv/lib/python3.10/site-packages/airflow/example_dags/example_kubernetes_executor.py
[2024-06-24T14:30:44.761+0300] {processor.py:830} INFO - Processing file /home/user/rubix/internship_project/.venv/lib/python3.10/site-packages/airflow/example_dags/example_kubernetes_executor.py for tasks to queue
[2024-06-24T14:30:44.763+0300] {logging_mixin.py:188} INFO - [2024-06-24T14:30:44.762+0300] {dagbag.py:545} INFO - Filling up the DagBag from /home/user/rubix/internship_project/.venv/lib/python3.10/site-packages/airflow/example_dags/example_kubernetes_executor.py
[2024-06-24T14:30:44.767+0300] {logging_mixin.py:188} INFO - [2024-06-24T14:30:44.767+0300] {example_kubernetes_executor.py:39} WARNING - The example_kubernetes_executor example DAG requires the kubernetes provider. Please install it with: pip install apache-airflow[cncf.kubernetes]
[2024-06-24T14:30:44.767+0300] {processor.py:842} WARNING - No viable dags retrieved from /home/user/rubix/internship_project/.venv/lib/python3.10/site-packages/airflow/example_dags/example_kubernetes_executor.py
[2024-06-24T14:30:44.780+0300] {processor.py:183} INFO - Processing /home/user/rubix/internship_project/.venv/lib/python3.10/site-packages/airflow/example_dags/example_kubernetes_executor.py took 0.030 seconds
[2024-06-24T14:31:54.444+0300] {processor.py:161} INFO - Started process (PID=31944) to work on /home/user/rubix/internship_project/.venv/lib/python3.10/site-packages/airflow/example_dags/example_kubernetes_executor.py
[2024-06-24T14:31:54.445+0300] {processor.py:830} INFO - Processing file /home/user/rubix/internship_project/.venv/lib/python3.10/site-packages/airflow/example_dags/example_kubernetes_executor.py for tasks to queue
[2024-06-24T14:31:54.447+0300] {logging_mixin.py:188} INFO - [2024-06-24T14:31:54.447+0300] {dagbag.py:545} INFO - Filling up the DagBag from /home/user/rubix/internship_project/.venv/lib/python3.10/site-packages/airflow/example_dags/example_kubernetes_executor.py
[2024-06-24T14:31:54.451+0300] {logging_mixin.py:188} INFO - [2024-06-24T14:31:54.451+0300] {example_kubernetes_executor.py:39} WARNING - The example_kubernetes_executor example DAG requires the kubernetes provider. Please install it with: pip install apache-airflow[cncf.kubernetes]
[2024-06-24T14:31:54.451+0300] {processor.py:842} WARNING - No viable dags retrieved from /home/user/rubix/internship_project/.venv/lib/python3.10/site-packages/airflow/example_dags/example_kubernetes_executor.py
[2024-06-24T14:31:54.463+0300] {processor.py:183} INFO - Processing /home/user/rubix/internship_project/.venv/lib/python3.10/site-packages/airflow/example_dags/example_kubernetes_executor.py took 0.026 seconds
