[2024-06-24T14:03:30.008+0300] {processor.py:161} INFO - Started process (PID=22719) to work on /home/user/rubix/internship_project/.venv/lib/python3.10/site-packages/airflow/example_dags/example_branch_python_dop_operator_3.py
[2024-06-24T14:03:30.009+0300] {processor.py:830} INFO - Processing file /home/user/rubix/internship_project/.venv/lib/python3.10/site-packages/airflow/example_dags/example_branch_python_dop_operator_3.py for tasks to queue
[2024-06-24T14:03:30.021+0300] {logging_mixin.py:188} INFO - [2024-06-24T14:03:30.021+0300] {dagbag.py:545} INFO - Filling up the DagBag from /home/user/rubix/internship_project/.venv/lib/python3.10/site-packages/airflow/example_dags/example_branch_python_dop_operator_3.py
[2024-06-24T14:03:30.031+0300] {processor.py:840} INFO - DAG(s) 'example_branch_dop_operator_v3' retrieved from /home/user/rubix/internship_project/.venv/lib/python3.10/site-packages/airflow/example_dags/example_branch_python_dop_operator_3.py
[2024-06-24T14:03:30.136+0300] {logging_mixin.py:188} INFO - [2024-06-24T14:03:30.136+0300] {dag.py:3096} INFO - Sync 1 DAGs
[2024-06-24T14:03:30.240+0300] {logging_mixin.py:188} INFO - [2024-06-24T14:03:30.240+0300] {dag.py:3954} INFO - Setting next_dagrun for example_branch_dop_operator_v3 to 2024-06-24 11:02:00+00:00, run_after=2024-06-24 11:03:00+00:00
[2024-06-24T14:03:30.269+0300] {processor.py:183} INFO - Processing /home/user/rubix/internship_project/.venv/lib/python3.10/site-packages/airflow/example_dags/example_branch_python_dop_operator_3.py took 0.269 seconds
[2024-06-24T14:04:40.871+0300] {processor.py:161} INFO - Started process (PID=23291) to work on /home/user/rubix/internship_project/.venv/lib/python3.10/site-packages/airflow/example_dags/example_branch_python_dop_operator_3.py
[2024-06-24T14:04:40.872+0300] {processor.py:830} INFO - Processing file /home/user/rubix/internship_project/.venv/lib/python3.10/site-packages/airflow/example_dags/example_branch_python_dop_operator_3.py for tasks to queue
[2024-06-24T14:04:40.874+0300] {logging_mixin.py:188} INFO - [2024-06-24T14:04:40.873+0300] {dagbag.py:545} INFO - Filling up the DagBag from /home/user/rubix/internship_project/.venv/lib/python3.10/site-packages/airflow/example_dags/example_branch_python_dop_operator_3.py
[2024-06-24T14:04:40.885+0300] {processor.py:840} INFO - DAG(s) 'example_branch_dop_operator_v3' retrieved from /home/user/rubix/internship_project/.venv/lib/python3.10/site-packages/airflow/example_dags/example_branch_python_dop_operator_3.py
[2024-06-24T14:04:40.986+0300] {logging_mixin.py:188} INFO - [2024-06-24T14:04:40.986+0300] {dag.py:3096} INFO - Sync 1 DAGs
[2024-06-24T14:04:41.104+0300] {logging_mixin.py:188} INFO - [2024-06-24T14:04:41.104+0300] {dag.py:3954} INFO - Setting next_dagrun for example_branch_dop_operator_v3 to 2024-06-24 11:03:00+00:00, run_after=2024-06-24 11:04:00+00:00
[2024-06-24T14:04:41.123+0300] {processor.py:183} INFO - Processing /home/user/rubix/internship_project/.venv/lib/python3.10/site-packages/airflow/example_dags/example_branch_python_dop_operator_3.py took 0.261 seconds
[2024-06-24T14:05:42.810+0300] {processor.py:161} INFO - Started process (PID=23805) to work on /home/user/rubix/internship_project/.venv/lib/python3.10/site-packages/airflow/example_dags/example_branch_python_dop_operator_3.py
[2024-06-24T14:05:42.811+0300] {processor.py:830} INFO - Processing file /home/user/rubix/internship_project/.venv/lib/python3.10/site-packages/airflow/example_dags/example_branch_python_dop_operator_3.py for tasks to queue
[2024-06-24T14:05:42.813+0300] {logging_mixin.py:188} INFO - [2024-06-24T14:05:42.812+0300] {dagbag.py:545} INFO - Filling up the DagBag from /home/user/rubix/internship_project/.venv/lib/python3.10/site-packages/airflow/example_dags/example_branch_python_dop_operator_3.py
[2024-06-24T14:05:42.835+0300] {processor.py:840} INFO - DAG(s) 'example_branch_dop_operator_v3' retrieved from /home/user/rubix/internship_project/.venv/lib/python3.10/site-packages/airflow/example_dags/example_branch_python_dop_operator_3.py
[2024-06-24T14:05:42.851+0300] {logging_mixin.py:188} INFO - [2024-06-24T14:05:42.851+0300] {dag.py:3096} INFO - Sync 1 DAGs
[2024-06-24T14:05:42.868+0300] {logging_mixin.py:188} INFO - [2024-06-24T14:05:42.867+0300] {dag.py:3954} INFO - Setting next_dagrun for example_branch_dop_operator_v3 to 2024-06-24 11:04:00+00:00, run_after=2024-06-24 11:05:00+00:00
[2024-06-24T14:05:42.896+0300] {processor.py:183} INFO - Processing /home/user/rubix/internship_project/.venv/lib/python3.10/site-packages/airflow/example_dags/example_branch_python_dop_operator_3.py took 0.094 seconds
[2024-06-24T14:06:43.585+0300] {processor.py:161} INFO - Started process (PID=24142) to work on /home/user/rubix/internship_project/.venv/lib/python3.10/site-packages/airflow/example_dags/example_branch_python_dop_operator_3.py
[2024-06-24T14:06:43.586+0300] {processor.py:830} INFO - Processing file /home/user/rubix/internship_project/.venv/lib/python3.10/site-packages/airflow/example_dags/example_branch_python_dop_operator_3.py for tasks to queue
[2024-06-24T14:06:43.588+0300] {logging_mixin.py:188} INFO - [2024-06-24T14:06:43.588+0300] {dagbag.py:545} INFO - Filling up the DagBag from /home/user/rubix/internship_project/.venv/lib/python3.10/site-packages/airflow/example_dags/example_branch_python_dop_operator_3.py
[2024-06-24T14:06:43.695+0300] {processor.py:840} INFO - DAG(s) 'example_branch_dop_operator_v3' retrieved from /home/user/rubix/internship_project/.venv/lib/python3.10/site-packages/airflow/example_dags/example_branch_python_dop_operator_3.py
[2024-06-24T14:06:43.704+0300] {logging_mixin.py:188} INFO - [2024-06-24T14:06:43.704+0300] {dag.py:3096} INFO - Sync 1 DAGs
[2024-06-24T14:06:43.717+0300] {logging_mixin.py:188} INFO - [2024-06-24T14:06:43.717+0300] {dag.py:3954} INFO - Setting next_dagrun for example_branch_dop_operator_v3 to 2024-06-24 11:05:00+00:00, run_after=2024-06-24 11:06:00+00:00
[2024-06-24T14:06:43.745+0300] {processor.py:183} INFO - Processing /home/user/rubix/internship_project/.venv/lib/python3.10/site-packages/airflow/example_dags/example_branch_python_dop_operator_3.py took 0.167 seconds
[2024-06-24T14:07:36.766+0300] {processor.py:161} INFO - Started process (PID=24383) to work on /home/user/rubix/internship_project/.venv/lib/python3.10/site-packages/airflow/example_dags/example_branch_python_dop_operator_3.py
[2024-06-24T14:07:36.768+0300] {processor.py:830} INFO - Processing file /home/user/rubix/internship_project/.venv/lib/python3.10/site-packages/airflow/example_dags/example_branch_python_dop_operator_3.py for tasks to queue
[2024-06-24T14:07:36.770+0300] {logging_mixin.py:188} INFO - [2024-06-24T14:07:36.769+0300] {dagbag.py:545} INFO - Filling up the DagBag from /home/user/rubix/internship_project/.venv/lib/python3.10/site-packages/airflow/example_dags/example_branch_python_dop_operator_3.py
[2024-06-24T14:07:36.782+0300] {processor.py:840} INFO - DAG(s) 'example_branch_dop_operator_v3' retrieved from /home/user/rubix/internship_project/.venv/lib/python3.10/site-packages/airflow/example_dags/example_branch_python_dop_operator_3.py
[2024-06-24T14:07:36.802+0300] {logging_mixin.py:188} INFO - [2024-06-24T14:07:36.802+0300] {dag.py:3096} INFO - Sync 1 DAGs
[2024-06-24T14:07:36.821+0300] {logging_mixin.py:188} INFO - [2024-06-24T14:07:36.821+0300] {dag.py:3954} INFO - Setting next_dagrun for example_branch_dop_operator_v3 to 2024-06-24 11:06:00+00:00, run_after=2024-06-24 11:07:00+00:00
[2024-06-24T14:07:36.851+0300] {processor.py:183} INFO - Processing /home/user/rubix/internship_project/.venv/lib/python3.10/site-packages/airflow/example_dags/example_branch_python_dop_operator_3.py took 0.093 seconds
[2024-06-24T14:08:45.760+0300] {processor.py:161} INFO - Started process (PID=24792) to work on /home/user/rubix/internship_project/.venv/lib/python3.10/site-packages/airflow/example_dags/example_branch_python_dop_operator_3.py
[2024-06-24T14:08:45.761+0300] {processor.py:830} INFO - Processing file /home/user/rubix/internship_project/.venv/lib/python3.10/site-packages/airflow/example_dags/example_branch_python_dop_operator_3.py for tasks to queue
[2024-06-24T14:08:45.763+0300] {logging_mixin.py:188} INFO - [2024-06-24T14:08:45.763+0300] {dagbag.py:545} INFO - Filling up the DagBag from /home/user/rubix/internship_project/.venv/lib/python3.10/site-packages/airflow/example_dags/example_branch_python_dop_operator_3.py
[2024-06-24T14:08:45.777+0300] {processor.py:840} INFO - DAG(s) 'example_branch_dop_operator_v3' retrieved from /home/user/rubix/internship_project/.venv/lib/python3.10/site-packages/airflow/example_dags/example_branch_python_dop_operator_3.py
[2024-06-24T14:08:45.801+0300] {logging_mixin.py:188} INFO - [2024-06-24T14:08:45.800+0300] {dag.py:3096} INFO - Sync 1 DAGs
[2024-06-24T14:08:45.829+0300] {logging_mixin.py:188} INFO - [2024-06-24T14:08:45.829+0300] {dag.py:3954} INFO - Setting next_dagrun for example_branch_dop_operator_v3 to 2024-06-24 11:07:00+00:00, run_after=2024-06-24 11:08:00+00:00
[2024-06-24T14:08:45.865+0300] {processor.py:183} INFO - Processing /home/user/rubix/internship_project/.venv/lib/python3.10/site-packages/airflow/example_dags/example_branch_python_dop_operator_3.py took 0.118 seconds
[2024-06-24T14:09:54.983+0300] {processor.py:161} INFO - Started process (PID=25268) to work on /home/user/rubix/internship_project/.venv/lib/python3.10/site-packages/airflow/example_dags/example_branch_python_dop_operator_3.py
[2024-06-24T14:09:54.985+0300] {processor.py:830} INFO - Processing file /home/user/rubix/internship_project/.venv/lib/python3.10/site-packages/airflow/example_dags/example_branch_python_dop_operator_3.py for tasks to queue
[2024-06-24T14:09:54.987+0300] {logging_mixin.py:188} INFO - [2024-06-24T14:09:54.986+0300] {dagbag.py:545} INFO - Filling up the DagBag from /home/user/rubix/internship_project/.venv/lib/python3.10/site-packages/airflow/example_dags/example_branch_python_dop_operator_3.py
[2024-06-24T14:09:54.997+0300] {processor.py:840} INFO - DAG(s) 'example_branch_dop_operator_v3' retrieved from /home/user/rubix/internship_project/.venv/lib/python3.10/site-packages/airflow/example_dags/example_branch_python_dop_operator_3.py
[2024-06-24T14:09:55.015+0300] {logging_mixin.py:188} INFO - [2024-06-24T14:09:55.015+0300] {dag.py:3096} INFO - Sync 1 DAGs
[2024-06-24T14:09:55.037+0300] {logging_mixin.py:188} INFO - [2024-06-24T14:09:55.036+0300] {dag.py:3954} INFO - Setting next_dagrun for example_branch_dop_operator_v3 to 2024-06-24 11:08:00+00:00, run_after=2024-06-24 11:09:00+00:00
[2024-06-24T14:09:55.071+0300] {processor.py:183} INFO - Processing /home/user/rubix/internship_project/.venv/lib/python3.10/site-packages/airflow/example_dags/example_branch_python_dop_operator_3.py took 0.096 seconds
[2024-06-24T14:11:00.882+0300] {processor.py:161} INFO - Started process (PID=25692) to work on /home/user/rubix/internship_project/.venv/lib/python3.10/site-packages/airflow/example_dags/example_branch_python_dop_operator_3.py
[2024-06-24T14:11:00.883+0300] {processor.py:830} INFO - Processing file /home/user/rubix/internship_project/.venv/lib/python3.10/site-packages/airflow/example_dags/example_branch_python_dop_operator_3.py for tasks to queue
[2024-06-24T14:11:00.885+0300] {logging_mixin.py:188} INFO - [2024-06-24T14:11:00.885+0300] {dagbag.py:545} INFO - Filling up the DagBag from /home/user/rubix/internship_project/.venv/lib/python3.10/site-packages/airflow/example_dags/example_branch_python_dop_operator_3.py
[2024-06-24T14:11:00.903+0300] {processor.py:840} INFO - DAG(s) 'example_branch_dop_operator_v3' retrieved from /home/user/rubix/internship_project/.venv/lib/python3.10/site-packages/airflow/example_dags/example_branch_python_dop_operator_3.py
[2024-06-24T14:11:00.930+0300] {logging_mixin.py:188} INFO - [2024-06-24T14:11:00.930+0300] {dag.py:3096} INFO - Sync 1 DAGs
[2024-06-24T14:11:00.954+0300] {logging_mixin.py:188} INFO - [2024-06-24T14:11:00.954+0300] {dag.py:3954} INFO - Setting next_dagrun for example_branch_dop_operator_v3 to 2024-06-24 11:10:00+00:00, run_after=2024-06-24 11:11:00+00:00
[2024-06-24T14:11:00.993+0300] {processor.py:183} INFO - Processing /home/user/rubix/internship_project/.venv/lib/python3.10/site-packages/airflow/example_dags/example_branch_python_dop_operator_3.py took 0.123 seconds
[2024-06-24T14:12:07.692+0300] {processor.py:161} INFO - Started process (PID=26082) to work on /home/user/rubix/internship_project/.venv/lib/python3.10/site-packages/airflow/example_dags/example_branch_python_dop_operator_3.py
[2024-06-24T14:12:07.693+0300] {processor.py:830} INFO - Processing file /home/user/rubix/internship_project/.venv/lib/python3.10/site-packages/airflow/example_dags/example_branch_python_dop_operator_3.py for tasks to queue
[2024-06-24T14:12:07.695+0300] {logging_mixin.py:188} INFO - [2024-06-24T14:12:07.695+0300] {dagbag.py:545} INFO - Filling up the DagBag from /home/user/rubix/internship_project/.venv/lib/python3.10/site-packages/airflow/example_dags/example_branch_python_dop_operator_3.py
[2024-06-24T14:12:07.705+0300] {processor.py:840} INFO - DAG(s) 'example_branch_dop_operator_v3' retrieved from /home/user/rubix/internship_project/.venv/lib/python3.10/site-packages/airflow/example_dags/example_branch_python_dop_operator_3.py
[2024-06-24T14:12:07.722+0300] {logging_mixin.py:188} INFO - [2024-06-24T14:12:07.722+0300] {dag.py:3096} INFO - Sync 1 DAGs
[2024-06-24T14:12:07.742+0300] {logging_mixin.py:188} INFO - [2024-06-24T14:12:07.742+0300] {dag.py:3954} INFO - Setting next_dagrun for example_branch_dop_operator_v3 to 2024-06-24 11:11:00+00:00, run_after=2024-06-24 11:12:00+00:00
[2024-06-24T14:12:07.772+0300] {processor.py:183} INFO - Processing /home/user/rubix/internship_project/.venv/lib/python3.10/site-packages/airflow/example_dags/example_branch_python_dop_operator_3.py took 0.088 seconds
[2024-06-24T14:13:18.629+0300] {processor.py:161} INFO - Started process (PID=26288) to work on /home/user/rubix/internship_project/.venv/lib/python3.10/site-packages/airflow/example_dags/example_branch_python_dop_operator_3.py
[2024-06-24T14:13:18.630+0300] {processor.py:830} INFO - Processing file /home/user/rubix/internship_project/.venv/lib/python3.10/site-packages/airflow/example_dags/example_branch_python_dop_operator_3.py for tasks to queue
[2024-06-24T14:13:18.632+0300] {logging_mixin.py:188} INFO - [2024-06-24T14:13:18.632+0300] {dagbag.py:545} INFO - Filling up the DagBag from /home/user/rubix/internship_project/.venv/lib/python3.10/site-packages/airflow/example_dags/example_branch_python_dop_operator_3.py
[2024-06-24T14:13:18.652+0300] {processor.py:840} INFO - DAG(s) 'example_branch_dop_operator_v3' retrieved from /home/user/rubix/internship_project/.venv/lib/python3.10/site-packages/airflow/example_dags/example_branch_python_dop_operator_3.py
[2024-06-24T14:13:18.668+0300] {logging_mixin.py:188} INFO - [2024-06-24T14:13:18.668+0300] {dag.py:3096} INFO - Sync 1 DAGs
[2024-06-24T14:13:18.686+0300] {logging_mixin.py:188} INFO - [2024-06-24T14:13:18.686+0300] {dag.py:3954} INFO - Setting next_dagrun for example_branch_dop_operator_v3 to 2024-06-24 11:12:00+00:00, run_after=2024-06-24 11:13:00+00:00
[2024-06-24T14:13:18.716+0300] {processor.py:183} INFO - Processing /home/user/rubix/internship_project/.venv/lib/python3.10/site-packages/airflow/example_dags/example_branch_python_dop_operator_3.py took 0.095 seconds
[2024-06-24T14:14:09.289+0300] {processor.py:161} INFO - Started process (PID=26608) to work on /home/user/rubix/internship_project/.venv/lib/python3.10/site-packages/airflow/example_dags/example_branch_python_dop_operator_3.py
[2024-06-24T14:14:09.291+0300] {processor.py:830} INFO - Processing file /home/user/rubix/internship_project/.venv/lib/python3.10/site-packages/airflow/example_dags/example_branch_python_dop_operator_3.py for tasks to queue
[2024-06-24T14:14:09.293+0300] {logging_mixin.py:188} INFO - [2024-06-24T14:14:09.293+0300] {dagbag.py:545} INFO - Filling up the DagBag from /home/user/rubix/internship_project/.venv/lib/python3.10/site-packages/airflow/example_dags/example_branch_python_dop_operator_3.py
[2024-06-24T14:14:09.303+0300] {processor.py:840} INFO - DAG(s) 'example_branch_dop_operator_v3' retrieved from /home/user/rubix/internship_project/.venv/lib/python3.10/site-packages/airflow/example_dags/example_branch_python_dop_operator_3.py
[2024-06-24T14:14:09.320+0300] {logging_mixin.py:188} INFO - [2024-06-24T14:14:09.320+0300] {dag.py:3096} INFO - Sync 1 DAGs
[2024-06-24T14:14:09.340+0300] {logging_mixin.py:188} INFO - [2024-06-24T14:14:09.340+0300] {dag.py:3954} INFO - Setting next_dagrun for example_branch_dop_operator_v3 to 2024-06-24 11:13:00+00:00, run_after=2024-06-24 11:14:00+00:00
[2024-06-24T14:14:09.372+0300] {processor.py:183} INFO - Processing /home/user/rubix/internship_project/.venv/lib/python3.10/site-packages/airflow/example_dags/example_branch_python_dop_operator_3.py took 0.091 seconds
[2024-06-24T14:15:14.859+0300] {processor.py:161} INFO - Started process (PID=26864) to work on /home/user/rubix/internship_project/.venv/lib/python3.10/site-packages/airflow/example_dags/example_branch_python_dop_operator_3.py
[2024-06-24T14:15:14.860+0300] {processor.py:830} INFO - Processing file /home/user/rubix/internship_project/.venv/lib/python3.10/site-packages/airflow/example_dags/example_branch_python_dop_operator_3.py for tasks to queue
[2024-06-24T14:15:14.862+0300] {logging_mixin.py:188} INFO - [2024-06-24T14:15:14.862+0300] {dagbag.py:545} INFO - Filling up the DagBag from /home/user/rubix/internship_project/.venv/lib/python3.10/site-packages/airflow/example_dags/example_branch_python_dop_operator_3.py
[2024-06-24T14:15:14.873+0300] {processor.py:840} INFO - DAG(s) 'example_branch_dop_operator_v3' retrieved from /home/user/rubix/internship_project/.venv/lib/python3.10/site-packages/airflow/example_dags/example_branch_python_dop_operator_3.py
[2024-06-24T14:15:14.891+0300] {logging_mixin.py:188} INFO - [2024-06-24T14:15:14.891+0300] {dag.py:3096} INFO - Sync 1 DAGs
[2024-06-24T14:15:14.912+0300] {logging_mixin.py:188} INFO - [2024-06-24T14:15:14.911+0300] {dag.py:3954} INFO - Setting next_dagrun for example_branch_dop_operator_v3 to 2024-06-24 11:14:00+00:00, run_after=2024-06-24 11:15:00+00:00
[2024-06-24T14:15:14.943+0300] {processor.py:183} INFO - Processing /home/user/rubix/internship_project/.venv/lib/python3.10/site-packages/airflow/example_dags/example_branch_python_dop_operator_3.py took 0.092 seconds
[2024-06-24T14:16:17.195+0300] {processor.py:161} INFO - Started process (PID=27061) to work on /home/user/rubix/internship_project/.venv/lib/python3.10/site-packages/airflow/example_dags/example_branch_python_dop_operator_3.py
[2024-06-24T14:16:17.196+0300] {processor.py:830} INFO - Processing file /home/user/rubix/internship_project/.venv/lib/python3.10/site-packages/airflow/example_dags/example_branch_python_dop_operator_3.py for tasks to queue
[2024-06-24T14:16:17.198+0300] {logging_mixin.py:188} INFO - [2024-06-24T14:16:17.197+0300] {dagbag.py:545} INFO - Filling up the DagBag from /home/user/rubix/internship_project/.venv/lib/python3.10/site-packages/airflow/example_dags/example_branch_python_dop_operator_3.py
[2024-06-24T14:16:17.207+0300] {processor.py:840} INFO - DAG(s) 'example_branch_dop_operator_v3' retrieved from /home/user/rubix/internship_project/.venv/lib/python3.10/site-packages/airflow/example_dags/example_branch_python_dop_operator_3.py
[2024-06-24T14:16:17.224+0300] {logging_mixin.py:188} INFO - [2024-06-24T14:16:17.224+0300] {dag.py:3096} INFO - Sync 1 DAGs
[2024-06-24T14:16:17.242+0300] {logging_mixin.py:188} INFO - [2024-06-24T14:16:17.242+0300] {dag.py:3954} INFO - Setting next_dagrun for example_branch_dop_operator_v3 to 2024-06-24 11:15:00+00:00, run_after=2024-06-24 11:16:00+00:00
[2024-06-24T14:16:17.272+0300] {processor.py:183} INFO - Processing /home/user/rubix/internship_project/.venv/lib/python3.10/site-packages/airflow/example_dags/example_branch_python_dop_operator_3.py took 0.085 seconds
[2024-06-24T14:17:15.394+0300] {processor.py:161} INFO - Started process (PID=27246) to work on /home/user/rubix/internship_project/.venv/lib/python3.10/site-packages/airflow/example_dags/example_branch_python_dop_operator_3.py
[2024-06-24T14:17:15.395+0300] {processor.py:830} INFO - Processing file /home/user/rubix/internship_project/.venv/lib/python3.10/site-packages/airflow/example_dags/example_branch_python_dop_operator_3.py for tasks to queue
[2024-06-24T14:17:15.397+0300] {logging_mixin.py:188} INFO - [2024-06-24T14:17:15.397+0300] {dagbag.py:545} INFO - Filling up the DagBag from /home/user/rubix/internship_project/.venv/lib/python3.10/site-packages/airflow/example_dags/example_branch_python_dop_operator_3.py
[2024-06-24T14:17:15.408+0300] {processor.py:840} INFO - DAG(s) 'example_branch_dop_operator_v3' retrieved from /home/user/rubix/internship_project/.venv/lib/python3.10/site-packages/airflow/example_dags/example_branch_python_dop_operator_3.py
[2024-06-24T14:17:15.426+0300] {logging_mixin.py:188} INFO - [2024-06-24T14:17:15.426+0300] {dag.py:3096} INFO - Sync 1 DAGs
[2024-06-24T14:17:15.445+0300] {logging_mixin.py:188} INFO - [2024-06-24T14:17:15.444+0300] {dag.py:3954} INFO - Setting next_dagrun for example_branch_dop_operator_v3 to 2024-06-24 11:16:00+00:00, run_after=2024-06-24 11:17:00+00:00
[2024-06-24T14:17:15.465+0300] {processor.py:183} INFO - Processing /home/user/rubix/internship_project/.venv/lib/python3.10/site-packages/airflow/example_dags/example_branch_python_dop_operator_3.py took 0.080 seconds
[2024-06-24T14:18:26.222+0300] {processor.py:161} INFO - Started process (PID=27455) to work on /home/user/rubix/internship_project/.venv/lib/python3.10/site-packages/airflow/example_dags/example_branch_python_dop_operator_3.py
[2024-06-24T14:18:26.223+0300] {processor.py:830} INFO - Processing file /home/user/rubix/internship_project/.venv/lib/python3.10/site-packages/airflow/example_dags/example_branch_python_dop_operator_3.py for tasks to queue
[2024-06-24T14:18:26.225+0300] {logging_mixin.py:188} INFO - [2024-06-24T14:18:26.225+0300] {dagbag.py:545} INFO - Filling up the DagBag from /home/user/rubix/internship_project/.venv/lib/python3.10/site-packages/airflow/example_dags/example_branch_python_dop_operator_3.py
[2024-06-24T14:18:26.250+0300] {processor.py:840} INFO - DAG(s) 'example_branch_dop_operator_v3' retrieved from /home/user/rubix/internship_project/.venv/lib/python3.10/site-packages/airflow/example_dags/example_branch_python_dop_operator_3.py
[2024-06-24T14:18:26.266+0300] {logging_mixin.py:188} INFO - [2024-06-24T14:18:26.266+0300] {dag.py:3096} INFO - Sync 1 DAGs
[2024-06-24T14:18:26.284+0300] {logging_mixin.py:188} INFO - [2024-06-24T14:18:26.284+0300] {dag.py:3954} INFO - Setting next_dagrun for example_branch_dop_operator_v3 to 2024-06-24 11:17:00+00:00, run_after=2024-06-24 11:18:00+00:00
[2024-06-24T14:18:26.313+0300] {processor.py:183} INFO - Processing /home/user/rubix/internship_project/.venv/lib/python3.10/site-packages/airflow/example_dags/example_branch_python_dop_operator_3.py took 0.100 seconds
[2024-06-24T14:19:18.693+0300] {processor.py:161} INFO - Started process (PID=27686) to work on /home/user/rubix/internship_project/.venv/lib/python3.10/site-packages/airflow/example_dags/example_branch_python_dop_operator_3.py
[2024-06-24T14:19:18.694+0300] {processor.py:830} INFO - Processing file /home/user/rubix/internship_project/.venv/lib/python3.10/site-packages/airflow/example_dags/example_branch_python_dop_operator_3.py for tasks to queue
[2024-06-24T14:19:18.696+0300] {logging_mixin.py:188} INFO - [2024-06-24T14:19:18.696+0300] {dagbag.py:545} INFO - Filling up the DagBag from /home/user/rubix/internship_project/.venv/lib/python3.10/site-packages/airflow/example_dags/example_branch_python_dop_operator_3.py
[2024-06-24T14:19:18.706+0300] {processor.py:840} INFO - DAG(s) 'example_branch_dop_operator_v3' retrieved from /home/user/rubix/internship_project/.venv/lib/python3.10/site-packages/airflow/example_dags/example_branch_python_dop_operator_3.py
[2024-06-24T14:19:18.722+0300] {logging_mixin.py:188} INFO - [2024-06-24T14:19:18.722+0300] {dag.py:3096} INFO - Sync 1 DAGs
[2024-06-24T14:19:18.740+0300] {logging_mixin.py:188} INFO - [2024-06-24T14:19:18.739+0300] {dag.py:3954} INFO - Setting next_dagrun for example_branch_dop_operator_v3 to 2024-06-24 11:18:00+00:00, run_after=2024-06-24 11:19:00+00:00
[2024-06-24T14:19:18.770+0300] {processor.py:183} INFO - Processing /home/user/rubix/internship_project/.venv/lib/python3.10/site-packages/airflow/example_dags/example_branch_python_dop_operator_3.py took 0.084 seconds
[2024-06-24T14:20:18.916+0300] {processor.py:161} INFO - Started process (PID=28077) to work on /home/user/rubix/internship_project/.venv/lib/python3.10/site-packages/airflow/example_dags/example_branch_python_dop_operator_3.py
[2024-06-24T14:20:18.917+0300] {processor.py:830} INFO - Processing file /home/user/rubix/internship_project/.venv/lib/python3.10/site-packages/airflow/example_dags/example_branch_python_dop_operator_3.py for tasks to queue
[2024-06-24T14:20:18.918+0300] {logging_mixin.py:188} INFO - [2024-06-24T14:20:18.918+0300] {dagbag.py:545} INFO - Filling up the DagBag from /home/user/rubix/internship_project/.venv/lib/python3.10/site-packages/airflow/example_dags/example_branch_python_dop_operator_3.py
[2024-06-24T14:20:18.928+0300] {processor.py:840} INFO - DAG(s) 'example_branch_dop_operator_v3' retrieved from /home/user/rubix/internship_project/.venv/lib/python3.10/site-packages/airflow/example_dags/example_branch_python_dop_operator_3.py
[2024-06-24T14:20:18.944+0300] {logging_mixin.py:188} INFO - [2024-06-24T14:20:18.944+0300] {dag.py:3096} INFO - Sync 1 DAGs
[2024-06-24T14:20:18.961+0300] {logging_mixin.py:188} INFO - [2024-06-24T14:20:18.961+0300] {dag.py:3954} INFO - Setting next_dagrun for example_branch_dop_operator_v3 to 2024-06-24 11:19:00+00:00, run_after=2024-06-24 11:20:00+00:00
[2024-06-24T14:20:18.992+0300] {processor.py:183} INFO - Processing /home/user/rubix/internship_project/.venv/lib/python3.10/site-packages/airflow/example_dags/example_branch_python_dop_operator_3.py took 0.085 seconds
[2024-06-24T14:21:21.014+0300] {processor.py:161} INFO - Started process (PID=28510) to work on /home/user/rubix/internship_project/.venv/lib/python3.10/site-packages/airflow/example_dags/example_branch_python_dop_operator_3.py
[2024-06-24T14:21:21.016+0300] {processor.py:830} INFO - Processing file /home/user/rubix/internship_project/.venv/lib/python3.10/site-packages/airflow/example_dags/example_branch_python_dop_operator_3.py for tasks to queue
[2024-06-24T14:21:21.018+0300] {logging_mixin.py:188} INFO - [2024-06-24T14:21:21.017+0300] {dagbag.py:545} INFO - Filling up the DagBag from /home/user/rubix/internship_project/.venv/lib/python3.10/site-packages/airflow/example_dags/example_branch_python_dop_operator_3.py
[2024-06-24T14:21:21.030+0300] {processor.py:840} INFO - DAG(s) 'example_branch_dop_operator_v3' retrieved from /home/user/rubix/internship_project/.venv/lib/python3.10/site-packages/airflow/example_dags/example_branch_python_dop_operator_3.py
[2024-06-24T14:21:21.050+0300] {logging_mixin.py:188} INFO - [2024-06-24T14:21:21.050+0300] {dag.py:3096} INFO - Sync 1 DAGs
[2024-06-24T14:21:21.073+0300] {logging_mixin.py:188} INFO - [2024-06-24T14:21:21.073+0300] {dag.py:3954} INFO - Setting next_dagrun for example_branch_dop_operator_v3 to 2024-06-24 11:20:00+00:00, run_after=2024-06-24 11:21:00+00:00
[2024-06-24T14:21:21.106+0300] {processor.py:183} INFO - Processing /home/user/rubix/internship_project/.venv/lib/python3.10/site-packages/airflow/example_dags/example_branch_python_dop_operator_3.py took 0.101 seconds
[2024-06-24T14:22:18.285+0300] {processor.py:161} INFO - Started process (PID=28748) to work on /home/user/rubix/internship_project/.venv/lib/python3.10/site-packages/airflow/example_dags/example_branch_python_dop_operator_3.py
[2024-06-24T14:22:18.286+0300] {processor.py:830} INFO - Processing file /home/user/rubix/internship_project/.venv/lib/python3.10/site-packages/airflow/example_dags/example_branch_python_dop_operator_3.py for tasks to queue
[2024-06-24T14:22:18.288+0300] {logging_mixin.py:188} INFO - [2024-06-24T14:22:18.287+0300] {dagbag.py:545} INFO - Filling up the DagBag from /home/user/rubix/internship_project/.venv/lib/python3.10/site-packages/airflow/example_dags/example_branch_python_dop_operator_3.py
[2024-06-24T14:22:18.297+0300] {processor.py:840} INFO - DAG(s) 'example_branch_dop_operator_v3' retrieved from /home/user/rubix/internship_project/.venv/lib/python3.10/site-packages/airflow/example_dags/example_branch_python_dop_operator_3.py
[2024-06-24T14:22:18.313+0300] {logging_mixin.py:188} INFO - [2024-06-24T14:22:18.313+0300] {dag.py:3096} INFO - Sync 1 DAGs
[2024-06-24T14:22:18.331+0300] {logging_mixin.py:188} INFO - [2024-06-24T14:22:18.330+0300] {dag.py:3954} INFO - Setting next_dagrun for example_branch_dop_operator_v3 to 2024-06-24 11:21:00+00:00, run_after=2024-06-24 11:22:00+00:00
[2024-06-24T14:22:18.361+0300] {processor.py:183} INFO - Processing /home/user/rubix/internship_project/.venv/lib/python3.10/site-packages/airflow/example_dags/example_branch_python_dop_operator_3.py took 0.083 seconds
[2024-06-24T14:23:21.424+0300] {processor.py:161} INFO - Started process (PID=28986) to work on /home/user/rubix/internship_project/.venv/lib/python3.10/site-packages/airflow/example_dags/example_branch_python_dop_operator_3.py
[2024-06-24T14:23:21.425+0300] {processor.py:830} INFO - Processing file /home/user/rubix/internship_project/.venv/lib/python3.10/site-packages/airflow/example_dags/example_branch_python_dop_operator_3.py for tasks to queue
[2024-06-24T14:23:21.426+0300] {logging_mixin.py:188} INFO - [2024-06-24T14:23:21.426+0300] {dagbag.py:545} INFO - Filling up the DagBag from /home/user/rubix/internship_project/.venv/lib/python3.10/site-packages/airflow/example_dags/example_branch_python_dop_operator_3.py
[2024-06-24T14:23:21.436+0300] {processor.py:840} INFO - DAG(s) 'example_branch_dop_operator_v3' retrieved from /home/user/rubix/internship_project/.venv/lib/python3.10/site-packages/airflow/example_dags/example_branch_python_dop_operator_3.py
[2024-06-24T14:23:21.453+0300] {logging_mixin.py:188} INFO - [2024-06-24T14:23:21.453+0300] {dag.py:3096} INFO - Sync 1 DAGs
[2024-06-24T14:23:21.470+0300] {logging_mixin.py:188} INFO - [2024-06-24T14:23:21.470+0300] {dag.py:3954} INFO - Setting next_dagrun for example_branch_dop_operator_v3 to 2024-06-24 11:22:00+00:00, run_after=2024-06-24 11:23:00+00:00
[2024-06-24T14:23:21.501+0300] {processor.py:183} INFO - Processing /home/user/rubix/internship_project/.venv/lib/python3.10/site-packages/airflow/example_dags/example_branch_python_dop_operator_3.py took 0.085 seconds
[2024-06-24T14:24:30.262+0300] {processor.py:161} INFO - Started process (PID=29249) to work on /home/user/rubix/internship_project/.venv/lib/python3.10/site-packages/airflow/example_dags/example_branch_python_dop_operator_3.py
[2024-06-24T14:24:30.264+0300] {processor.py:830} INFO - Processing file /home/user/rubix/internship_project/.venv/lib/python3.10/site-packages/airflow/example_dags/example_branch_python_dop_operator_3.py for tasks to queue
[2024-06-24T14:24:30.266+0300] {logging_mixin.py:188} INFO - [2024-06-24T14:24:30.265+0300] {dagbag.py:545} INFO - Filling up the DagBag from /home/user/rubix/internship_project/.venv/lib/python3.10/site-packages/airflow/example_dags/example_branch_python_dop_operator_3.py
[2024-06-24T14:24:30.278+0300] {processor.py:840} INFO - DAG(s) 'example_branch_dop_operator_v3' retrieved from /home/user/rubix/internship_project/.venv/lib/python3.10/site-packages/airflow/example_dags/example_branch_python_dop_operator_3.py
[2024-06-24T14:24:30.301+0300] {logging_mixin.py:188} INFO - [2024-06-24T14:24:30.301+0300] {dag.py:3096} INFO - Sync 1 DAGs
[2024-06-24T14:24:30.326+0300] {logging_mixin.py:188} INFO - [2024-06-24T14:24:30.325+0300] {dag.py:3954} INFO - Setting next_dagrun for example_branch_dop_operator_v3 to 2024-06-24 11:23:00+00:00, run_after=2024-06-24 11:24:00+00:00
[2024-06-24T14:24:30.371+0300] {processor.py:183} INFO - Processing /home/user/rubix/internship_project/.venv/lib/python3.10/site-packages/airflow/example_dags/example_branch_python_dop_operator_3.py took 0.120 seconds
[2024-06-24T14:25:35.045+0300] {processor.py:161} INFO - Started process (PID=29583) to work on /home/user/rubix/internship_project/.venv/lib/python3.10/site-packages/airflow/example_dags/example_branch_python_dop_operator_3.py
[2024-06-24T14:25:35.046+0300] {processor.py:830} INFO - Processing file /home/user/rubix/internship_project/.venv/lib/python3.10/site-packages/airflow/example_dags/example_branch_python_dop_operator_3.py for tasks to queue
[2024-06-24T14:25:35.048+0300] {logging_mixin.py:188} INFO - [2024-06-24T14:25:35.048+0300] {dagbag.py:545} INFO - Filling up the DagBag from /home/user/rubix/internship_project/.venv/lib/python3.10/site-packages/airflow/example_dags/example_branch_python_dop_operator_3.py
[2024-06-24T14:25:35.057+0300] {processor.py:840} INFO - DAG(s) 'example_branch_dop_operator_v3' retrieved from /home/user/rubix/internship_project/.venv/lib/python3.10/site-packages/airflow/example_dags/example_branch_python_dop_operator_3.py
[2024-06-24T14:25:35.074+0300] {logging_mixin.py:188} INFO - [2024-06-24T14:25:35.074+0300] {dag.py:3096} INFO - Sync 1 DAGs
[2024-06-24T14:25:35.092+0300] {logging_mixin.py:188} INFO - [2024-06-24T14:25:35.092+0300] {dag.py:3954} INFO - Setting next_dagrun for example_branch_dop_operator_v3 to 2024-06-24 11:24:00+00:00, run_after=2024-06-24 11:25:00+00:00
[2024-06-24T14:25:35.123+0300] {processor.py:183} INFO - Processing /home/user/rubix/internship_project/.venv/lib/python3.10/site-packages/airflow/example_dags/example_branch_python_dop_operator_3.py took 0.086 seconds
[2024-06-24T14:26:34.717+0300] {processor.py:161} INFO - Started process (PID=29838) to work on /home/user/rubix/internship_project/.venv/lib/python3.10/site-packages/airflow/example_dags/example_branch_python_dop_operator_3.py
[2024-06-24T14:26:34.719+0300] {processor.py:830} INFO - Processing file /home/user/rubix/internship_project/.venv/lib/python3.10/site-packages/airflow/example_dags/example_branch_python_dop_operator_3.py for tasks to queue
[2024-06-24T14:26:34.721+0300] {logging_mixin.py:188} INFO - [2024-06-24T14:26:34.721+0300] {dagbag.py:545} INFO - Filling up the DagBag from /home/user/rubix/internship_project/.venv/lib/python3.10/site-packages/airflow/example_dags/example_branch_python_dop_operator_3.py
[2024-06-24T14:26:34.732+0300] {processor.py:840} INFO - DAG(s) 'example_branch_dop_operator_v3' retrieved from /home/user/rubix/internship_project/.venv/lib/python3.10/site-packages/airflow/example_dags/example_branch_python_dop_operator_3.py
[2024-06-24T14:26:34.750+0300] {logging_mixin.py:188} INFO - [2024-06-24T14:26:34.750+0300] {dag.py:3096} INFO - Sync 1 DAGs
[2024-06-24T14:26:34.769+0300] {logging_mixin.py:188} INFO - [2024-06-24T14:26:34.769+0300] {dag.py:3954} INFO - Setting next_dagrun for example_branch_dop_operator_v3 to 2024-06-24 11:25:00+00:00, run_after=2024-06-24 11:26:00+00:00
[2024-06-24T14:26:34.792+0300] {processor.py:183} INFO - Processing /home/user/rubix/internship_project/.venv/lib/python3.10/site-packages/airflow/example_dags/example_branch_python_dop_operator_3.py took 0.083 seconds
[2024-06-24T14:27:43.481+0300] {processor.py:161} INFO - Started process (PID=30489) to work on /home/user/rubix/internship_project/.venv/lib/python3.10/site-packages/airflow/example_dags/example_branch_python_dop_operator_3.py
[2024-06-24T14:27:43.482+0300] {processor.py:830} INFO - Processing file /home/user/rubix/internship_project/.venv/lib/python3.10/site-packages/airflow/example_dags/example_branch_python_dop_operator_3.py for tasks to queue
[2024-06-24T14:27:43.484+0300] {logging_mixin.py:188} INFO - [2024-06-24T14:27:43.484+0300] {dagbag.py:545} INFO - Filling up the DagBag from /home/user/rubix/internship_project/.venv/lib/python3.10/site-packages/airflow/example_dags/example_branch_python_dop_operator_3.py
[2024-06-24T14:27:43.494+0300] {processor.py:840} INFO - DAG(s) 'example_branch_dop_operator_v3' retrieved from /home/user/rubix/internship_project/.venv/lib/python3.10/site-packages/airflow/example_dags/example_branch_python_dop_operator_3.py
[2024-06-24T14:27:43.511+0300] {logging_mixin.py:188} INFO - [2024-06-24T14:27:43.511+0300] {dag.py:3096} INFO - Sync 1 DAGs
[2024-06-24T14:27:43.532+0300] {logging_mixin.py:188} INFO - [2024-06-24T14:27:43.532+0300] {dag.py:3954} INFO - Setting next_dagrun for example_branch_dop_operator_v3 to 2024-06-24 11:26:00+00:00, run_after=2024-06-24 11:27:00+00:00
[2024-06-24T14:27:43.562+0300] {processor.py:183} INFO - Processing /home/user/rubix/internship_project/.venv/lib/python3.10/site-packages/airflow/example_dags/example_branch_python_dop_operator_3.py took 0.089 seconds
[2024-06-24T14:28:46.865+0300] {processor.py:161} INFO - Started process (PID=30829) to work on /home/user/rubix/internship_project/.venv/lib/python3.10/site-packages/airflow/example_dags/example_branch_python_dop_operator_3.py
[2024-06-24T14:28:46.867+0300] {processor.py:830} INFO - Processing file /home/user/rubix/internship_project/.venv/lib/python3.10/site-packages/airflow/example_dags/example_branch_python_dop_operator_3.py for tasks to queue
[2024-06-24T14:28:46.871+0300] {logging_mixin.py:188} INFO - [2024-06-24T14:28:46.870+0300] {dagbag.py:545} INFO - Filling up the DagBag from /home/user/rubix/internship_project/.venv/lib/python3.10/site-packages/airflow/example_dags/example_branch_python_dop_operator_3.py
[2024-06-24T14:28:46.888+0300] {processor.py:840} INFO - DAG(s) 'example_branch_dop_operator_v3' retrieved from /home/user/rubix/internship_project/.venv/lib/python3.10/site-packages/airflow/example_dags/example_branch_python_dop_operator_3.py
[2024-06-24T14:28:46.917+0300] {logging_mixin.py:188} INFO - [2024-06-24T14:28:46.917+0300] {dag.py:3096} INFO - Sync 1 DAGs
[2024-06-24T14:28:46.945+0300] {logging_mixin.py:188} INFO - [2024-06-24T14:28:46.944+0300] {dag.py:3954} INFO - Setting next_dagrun for example_branch_dop_operator_v3 to 2024-06-24 11:27:00+00:00, run_after=2024-06-24 11:28:00+00:00
[2024-06-24T14:28:46.993+0300] {processor.py:183} INFO - Processing /home/user/rubix/internship_project/.venv/lib/python3.10/site-packages/airflow/example_dags/example_branch_python_dop_operator_3.py took 0.142 seconds
[2024-06-24T14:30:00.881+0300] {processor.py:161} INFO - Started process (PID=31373) to work on /home/user/rubix/internship_project/.venv/lib/python3.10/site-packages/airflow/example_dags/example_branch_python_dop_operator_3.py
[2024-06-24T14:30:00.882+0300] {processor.py:830} INFO - Processing file /home/user/rubix/internship_project/.venv/lib/python3.10/site-packages/airflow/example_dags/example_branch_python_dop_operator_3.py for tasks to queue
[2024-06-24T14:30:00.883+0300] {logging_mixin.py:188} INFO - [2024-06-24T14:30:00.883+0300] {dagbag.py:545} INFO - Filling up the DagBag from /home/user/rubix/internship_project/.venv/lib/python3.10/site-packages/airflow/example_dags/example_branch_python_dop_operator_3.py
[2024-06-24T14:30:00.893+0300] {processor.py:840} INFO - DAG(s) 'example_branch_dop_operator_v3' retrieved from /home/user/rubix/internship_project/.venv/lib/python3.10/site-packages/airflow/example_dags/example_branch_python_dop_operator_3.py
[2024-06-24T14:30:00.913+0300] {logging_mixin.py:188} INFO - [2024-06-24T14:30:00.913+0300] {dag.py:3096} INFO - Sync 1 DAGs
[2024-06-24T14:30:00.938+0300] {logging_mixin.py:188} INFO - [2024-06-24T14:30:00.937+0300] {dag.py:3954} INFO - Setting next_dagrun for example_branch_dop_operator_v3 to 2024-06-24 11:29:00+00:00, run_after=2024-06-24 11:30:00+00:00
[2024-06-24T14:30:00.961+0300] {processor.py:183} INFO - Processing /home/user/rubix/internship_project/.venv/lib/python3.10/site-packages/airflow/example_dags/example_branch_python_dop_operator_3.py took 0.089 seconds
[2024-06-24T14:31:11.943+0300] {processor.py:161} INFO - Started process (PID=31673) to work on /home/user/rubix/internship_project/.venv/lib/python3.10/site-packages/airflow/example_dags/example_branch_python_dop_operator_3.py
[2024-06-24T14:31:11.944+0300] {processor.py:830} INFO - Processing file /home/user/rubix/internship_project/.venv/lib/python3.10/site-packages/airflow/example_dags/example_branch_python_dop_operator_3.py for tasks to queue
[2024-06-24T14:31:11.946+0300] {logging_mixin.py:188} INFO - [2024-06-24T14:31:11.945+0300] {dagbag.py:545} INFO - Filling up the DagBag from /home/user/rubix/internship_project/.venv/lib/python3.10/site-packages/airflow/example_dags/example_branch_python_dop_operator_3.py
[2024-06-24T14:31:11.958+0300] {processor.py:840} INFO - DAG(s) 'example_branch_dop_operator_v3' retrieved from /home/user/rubix/internship_project/.venv/lib/python3.10/site-packages/airflow/example_dags/example_branch_python_dop_operator_3.py
[2024-06-24T14:31:11.978+0300] {logging_mixin.py:188} INFO - [2024-06-24T14:31:11.978+0300] {dag.py:3096} INFO - Sync 1 DAGs
[2024-06-24T14:31:12.000+0300] {logging_mixin.py:188} INFO - [2024-06-24T14:31:12.000+0300] {dag.py:3954} INFO - Setting next_dagrun for example_branch_dop_operator_v3 to 2024-06-24 11:30:00+00:00, run_after=2024-06-24 11:31:00+00:00
[2024-06-24T14:31:12.035+0300] {processor.py:183} INFO - Processing /home/user/rubix/internship_project/.venv/lib/python3.10/site-packages/airflow/example_dags/example_branch_python_dop_operator_3.py took 0.102 seconds
[2024-06-24T14:32:19.517+0300] {processor.py:161} INFO - Started process (PID=32059) to work on /home/user/rubix/internship_project/.venv/lib/python3.10/site-packages/airflow/example_dags/example_branch_python_dop_operator_3.py
[2024-06-24T14:32:19.518+0300] {processor.py:830} INFO - Processing file /home/user/rubix/internship_project/.venv/lib/python3.10/site-packages/airflow/example_dags/example_branch_python_dop_operator_3.py for tasks to queue
[2024-06-24T14:32:19.521+0300] {logging_mixin.py:188} INFO - [2024-06-24T14:32:19.520+0300] {dagbag.py:545} INFO - Filling up the DagBag from /home/user/rubix/internship_project/.venv/lib/python3.10/site-packages/airflow/example_dags/example_branch_python_dop_operator_3.py
[2024-06-24T14:32:19.531+0300] {processor.py:840} INFO - DAG(s) 'example_branch_dop_operator_v3' retrieved from /home/user/rubix/internship_project/.venv/lib/python3.10/site-packages/airflow/example_dags/example_branch_python_dop_operator_3.py
[2024-06-24T14:32:19.548+0300] {logging_mixin.py:188} INFO - [2024-06-24T14:32:19.548+0300] {dag.py:3096} INFO - Sync 1 DAGs
[2024-06-24T14:32:19.568+0300] {logging_mixin.py:188} INFO - [2024-06-24T14:32:19.568+0300] {dag.py:3954} INFO - Setting next_dagrun for example_branch_dop_operator_v3 to 2024-06-24 11:31:00+00:00, run_after=2024-06-24 11:32:00+00:00
[2024-06-24T14:32:19.599+0300] {processor.py:183} INFO - Processing /home/user/rubix/internship_project/.venv/lib/python3.10/site-packages/airflow/example_dags/example_branch_python_dop_operator_3.py took 0.096 seconds
