[2024-06-24T14:04:44.887+0300] {processor.py:161} INFO - Started process (PID=23313) to work on /home/user/rubix/internship_project/.venv/lib/python3.10/site-packages/airflow/example_dags/example_branch_day_of_week_operator.py
[2024-06-24T14:04:44.888+0300] {processor.py:830} INFO - Processing file /home/user/rubix/internship_project/.venv/lib/python3.10/site-packages/airflow/example_dags/example_branch_day_of_week_operator.py for tasks to queue
[2024-06-24T14:04:44.890+0300] {logging_mixin.py:188} INFO - [2024-06-24T14:04:44.889+0300] {dagbag.py:545} INFO - Filling up the DagBag from /home/user/rubix/internship_project/.venv/lib/python3.10/site-packages/airflow/example_dags/example_branch_day_of_week_operator.py
[2024-06-24T14:04:44.899+0300] {processor.py:840} INFO - DAG(s) 'example_weekday_branch_operator' retrieved from /home/user/rubix/internship_project/.venv/lib/python3.10/site-packages/airflow/example_dags/example_branch_day_of_week_operator.py
[2024-06-24T14:04:44.985+0300] {logging_mixin.py:188} INFO - [2024-06-24T14:04:44.984+0300] {dag.py:3096} INFO - Sync 1 DAGs
[2024-06-24T14:04:45.096+0300] {logging_mixin.py:188} INFO - [2024-06-24T14:04:45.096+0300] {dag.py:3954} INFO - Setting next_dagrun for example_weekday_branch_operator to 2024-06-23 00:00:00+00:00, run_after=2024-06-24 00:00:00+00:00
[2024-06-24T14:04:45.124+0300] {processor.py:183} INFO - Processing /home/user/rubix/internship_project/.venv/lib/python3.10/site-packages/airflow/example_dags/example_branch_day_of_week_operator.py took 0.245 seconds
[2024-06-24T14:05:46.741+0300] {processor.py:161} INFO - Started process (PID=23837) to work on /home/user/rubix/internship_project/.venv/lib/python3.10/site-packages/airflow/example_dags/example_branch_day_of_week_operator.py
[2024-06-24T14:05:46.742+0300] {processor.py:830} INFO - Processing file /home/user/rubix/internship_project/.venv/lib/python3.10/site-packages/airflow/example_dags/example_branch_day_of_week_operator.py for tasks to queue
[2024-06-24T14:05:46.744+0300] {logging_mixin.py:188} INFO - [2024-06-24T14:05:46.744+0300] {dagbag.py:545} INFO - Filling up the DagBag from /home/user/rubix/internship_project/.venv/lib/python3.10/site-packages/airflow/example_dags/example_branch_day_of_week_operator.py
[2024-06-24T14:05:46.765+0300] {processor.py:840} INFO - DAG(s) 'example_weekday_branch_operator' retrieved from /home/user/rubix/internship_project/.venv/lib/python3.10/site-packages/airflow/example_dags/example_branch_day_of_week_operator.py
[2024-06-24T14:05:46.782+0300] {logging_mixin.py:188} INFO - [2024-06-24T14:05:46.781+0300] {dag.py:3096} INFO - Sync 1 DAGs
[2024-06-24T14:05:46.796+0300] {logging_mixin.py:188} INFO - [2024-06-24T14:05:46.796+0300] {dag.py:3954} INFO - Setting next_dagrun for example_weekday_branch_operator to 2024-06-23 00:00:00+00:00, run_after=2024-06-24 00:00:00+00:00
[2024-06-24T14:05:46.929+0300] {processor.py:183} INFO - Processing /home/user/rubix/internship_project/.venv/lib/python3.10/site-packages/airflow/example_dags/example_branch_day_of_week_operator.py took 0.195 seconds
[2024-06-24T14:06:47.471+0300] {processor.py:161} INFO - Started process (PID=24149) to work on /home/user/rubix/internship_project/.venv/lib/python3.10/site-packages/airflow/example_dags/example_branch_day_of_week_operator.py
[2024-06-24T14:06:47.472+0300] {processor.py:830} INFO - Processing file /home/user/rubix/internship_project/.venv/lib/python3.10/site-packages/airflow/example_dags/example_branch_day_of_week_operator.py for tasks to queue
[2024-06-24T14:06:47.474+0300] {logging_mixin.py:188} INFO - [2024-06-24T14:06:47.473+0300] {dagbag.py:545} INFO - Filling up the DagBag from /home/user/rubix/internship_project/.venv/lib/python3.10/site-packages/airflow/example_dags/example_branch_day_of_week_operator.py
[2024-06-24T14:06:47.483+0300] {processor.py:840} INFO - DAG(s) 'example_weekday_branch_operator' retrieved from /home/user/rubix/internship_project/.venv/lib/python3.10/site-packages/airflow/example_dags/example_branch_day_of_week_operator.py
[2024-06-24T14:06:47.504+0300] {logging_mixin.py:188} INFO - [2024-06-24T14:06:47.504+0300] {dag.py:3096} INFO - Sync 1 DAGs
[2024-06-24T14:06:47.522+0300] {logging_mixin.py:188} INFO - [2024-06-24T14:06:47.522+0300] {dag.py:3954} INFO - Setting next_dagrun for example_weekday_branch_operator to 2024-06-23 00:00:00+00:00, run_after=2024-06-24 00:00:00+00:00
[2024-06-24T14:06:47.552+0300] {processor.py:183} INFO - Processing /home/user/rubix/internship_project/.venv/lib/python3.10/site-packages/airflow/example_dags/example_branch_day_of_week_operator.py took 0.090 seconds
[2024-06-24T14:07:59.002+0300] {processor.py:161} INFO - Started process (PID=24551) to work on /home/user/rubix/internship_project/.venv/lib/python3.10/site-packages/airflow/example_dags/example_branch_day_of_week_operator.py
[2024-06-24T14:07:59.004+0300] {processor.py:830} INFO - Processing file /home/user/rubix/internship_project/.venv/lib/python3.10/site-packages/airflow/example_dags/example_branch_day_of_week_operator.py for tasks to queue
[2024-06-24T14:07:59.006+0300] {logging_mixin.py:188} INFO - [2024-06-24T14:07:59.006+0300] {dagbag.py:545} INFO - Filling up the DagBag from /home/user/rubix/internship_project/.venv/lib/python3.10/site-packages/airflow/example_dags/example_branch_day_of_week_operator.py
[2024-06-24T14:07:59.018+0300] {processor.py:840} INFO - DAG(s) 'example_weekday_branch_operator' retrieved from /home/user/rubix/internship_project/.venv/lib/python3.10/site-packages/airflow/example_dags/example_branch_day_of_week_operator.py
[2024-06-24T14:07:59.042+0300] {logging_mixin.py:188} INFO - [2024-06-24T14:07:59.042+0300] {dag.py:3096} INFO - Sync 1 DAGs
[2024-06-24T14:07:59.063+0300] {logging_mixin.py:188} INFO - [2024-06-24T14:07:59.063+0300] {dag.py:3954} INFO - Setting next_dagrun for example_weekday_branch_operator to 2024-06-23 00:00:00+00:00, run_after=2024-06-24 00:00:00+00:00
[2024-06-24T14:07:59.094+0300] {processor.py:183} INFO - Processing /home/user/rubix/internship_project/.venv/lib/python3.10/site-packages/airflow/example_dags/example_branch_day_of_week_operator.py took 0.102 seconds
[2024-06-24T14:09:07.141+0300] {processor.py:161} INFO - Started process (PID=25010) to work on /home/user/rubix/internship_project/.venv/lib/python3.10/site-packages/airflow/example_dags/example_branch_day_of_week_operator.py
[2024-06-24T14:09:07.142+0300] {processor.py:830} INFO - Processing file /home/user/rubix/internship_project/.venv/lib/python3.10/site-packages/airflow/example_dags/example_branch_day_of_week_operator.py for tasks to queue
[2024-06-24T14:09:07.143+0300] {logging_mixin.py:188} INFO - [2024-06-24T14:09:07.143+0300] {dagbag.py:545} INFO - Filling up the DagBag from /home/user/rubix/internship_project/.venv/lib/python3.10/site-packages/airflow/example_dags/example_branch_day_of_week_operator.py
[2024-06-24T14:09:07.152+0300] {processor.py:840} INFO - DAG(s) 'example_weekday_branch_operator' retrieved from /home/user/rubix/internship_project/.venv/lib/python3.10/site-packages/airflow/example_dags/example_branch_day_of_week_operator.py
[2024-06-24T14:09:07.169+0300] {logging_mixin.py:188} INFO - [2024-06-24T14:09:07.169+0300] {dag.py:3096} INFO - Sync 1 DAGs
[2024-06-24T14:09:07.184+0300] {logging_mixin.py:188} INFO - [2024-06-24T14:09:07.183+0300] {dag.py:3954} INFO - Setting next_dagrun for example_weekday_branch_operator to 2024-06-23 00:00:00+00:00, run_after=2024-06-24 00:00:00+00:00
[2024-06-24T14:09:07.215+0300] {processor.py:183} INFO - Processing /home/user/rubix/internship_project/.venv/lib/python3.10/site-packages/airflow/example_dags/example_branch_day_of_week_operator.py took 0.083 seconds
[2024-06-24T14:10:15.561+0300] {processor.py:161} INFO - Started process (PID=25422) to work on /home/user/rubix/internship_project/.venv/lib/python3.10/site-packages/airflow/example_dags/example_branch_day_of_week_operator.py
[2024-06-24T14:10:15.562+0300] {processor.py:830} INFO - Processing file /home/user/rubix/internship_project/.venv/lib/python3.10/site-packages/airflow/example_dags/example_branch_day_of_week_operator.py for tasks to queue
[2024-06-24T14:10:15.564+0300] {logging_mixin.py:188} INFO - [2024-06-24T14:10:15.563+0300] {dagbag.py:545} INFO - Filling up the DagBag from /home/user/rubix/internship_project/.venv/lib/python3.10/site-packages/airflow/example_dags/example_branch_day_of_week_operator.py
[2024-06-24T14:10:15.572+0300] {processor.py:840} INFO - DAG(s) 'example_weekday_branch_operator' retrieved from /home/user/rubix/internship_project/.venv/lib/python3.10/site-packages/airflow/example_dags/example_branch_day_of_week_operator.py
[2024-06-24T14:10:15.589+0300] {logging_mixin.py:188} INFO - [2024-06-24T14:10:15.589+0300] {dag.py:3096} INFO - Sync 1 DAGs
[2024-06-24T14:10:15.604+0300] {logging_mixin.py:188} INFO - [2024-06-24T14:10:15.604+0300] {dag.py:3954} INFO - Setting next_dagrun for example_weekday_branch_operator to 2024-06-23 00:00:00+00:00, run_after=2024-06-24 00:00:00+00:00
[2024-06-24T14:10:15.623+0300] {processor.py:183} INFO - Processing /home/user/rubix/internship_project/.venv/lib/python3.10/site-packages/airflow/example_dags/example_branch_day_of_week_operator.py took 0.071 seconds
[2024-06-24T14:11:22.183+0300] {processor.py:161} INFO - Started process (PID=25824) to work on /home/user/rubix/internship_project/.venv/lib/python3.10/site-packages/airflow/example_dags/example_branch_day_of_week_operator.py
[2024-06-24T14:11:22.184+0300] {processor.py:830} INFO - Processing file /home/user/rubix/internship_project/.venv/lib/python3.10/site-packages/airflow/example_dags/example_branch_day_of_week_operator.py for tasks to queue
[2024-06-24T14:11:22.185+0300] {logging_mixin.py:188} INFO - [2024-06-24T14:11:22.185+0300] {dagbag.py:545} INFO - Filling up the DagBag from /home/user/rubix/internship_project/.venv/lib/python3.10/site-packages/airflow/example_dags/example_branch_day_of_week_operator.py
[2024-06-24T14:11:22.195+0300] {processor.py:840} INFO - DAG(s) 'example_weekday_branch_operator' retrieved from /home/user/rubix/internship_project/.venv/lib/python3.10/site-packages/airflow/example_dags/example_branch_day_of_week_operator.py
[2024-06-24T14:11:22.213+0300] {logging_mixin.py:188} INFO - [2024-06-24T14:11:22.213+0300] {dag.py:3096} INFO - Sync 1 DAGs
[2024-06-24T14:11:22.230+0300] {logging_mixin.py:188} INFO - [2024-06-24T14:11:22.230+0300] {dag.py:3954} INFO - Setting next_dagrun for example_weekday_branch_operator to 2024-06-23 00:00:00+00:00, run_after=2024-06-24 00:00:00+00:00
[2024-06-24T14:11:22.260+0300] {processor.py:183} INFO - Processing /home/user/rubix/internship_project/.venv/lib/python3.10/site-packages/airflow/example_dags/example_branch_day_of_week_operator.py took 0.085 seconds
[2024-06-24T14:12:26.317+0300] {processor.py:161} INFO - Started process (PID=26126) to work on /home/user/rubix/internship_project/.venv/lib/python3.10/site-packages/airflow/example_dags/example_branch_day_of_week_operator.py
[2024-06-24T14:12:26.318+0300] {processor.py:830} INFO - Processing file /home/user/rubix/internship_project/.venv/lib/python3.10/site-packages/airflow/example_dags/example_branch_day_of_week_operator.py for tasks to queue
[2024-06-24T14:12:26.321+0300] {logging_mixin.py:188} INFO - [2024-06-24T14:12:26.320+0300] {dagbag.py:545} INFO - Filling up the DagBag from /home/user/rubix/internship_project/.venv/lib/python3.10/site-packages/airflow/example_dags/example_branch_day_of_week_operator.py
[2024-06-24T14:12:26.352+0300] {processor.py:840} INFO - DAG(s) 'example_weekday_branch_operator' retrieved from /home/user/rubix/internship_project/.venv/lib/python3.10/site-packages/airflow/example_dags/example_branch_day_of_week_operator.py
[2024-06-24T14:12:26.386+0300] {logging_mixin.py:188} INFO - [2024-06-24T14:12:26.385+0300] {dag.py:3096} INFO - Sync 1 DAGs
[2024-06-24T14:12:26.402+0300] {logging_mixin.py:188} INFO - [2024-06-24T14:12:26.401+0300] {dag.py:3954} INFO - Setting next_dagrun for example_weekday_branch_operator to 2024-06-23 00:00:00+00:00, run_after=2024-06-24 00:00:00+00:00
[2024-06-24T14:12:26.433+0300] {processor.py:183} INFO - Processing /home/user/rubix/internship_project/.venv/lib/python3.10/site-packages/airflow/example_dags/example_branch_day_of_week_operator.py took 0.140 seconds
[2024-06-24T14:13:45.727+0300] {processor.py:161} INFO - Started process (PID=26408) to work on /home/user/rubix/internship_project/.venv/lib/python3.10/site-packages/airflow/example_dags/example_branch_day_of_week_operator.py
[2024-06-24T14:13:45.728+0300] {processor.py:830} INFO - Processing file /home/user/rubix/internship_project/.venv/lib/python3.10/site-packages/airflow/example_dags/example_branch_day_of_week_operator.py for tasks to queue
[2024-06-24T14:13:45.730+0300] {logging_mixin.py:188} INFO - [2024-06-24T14:13:45.729+0300] {dagbag.py:545} INFO - Filling up the DagBag from /home/user/rubix/internship_project/.venv/lib/python3.10/site-packages/airflow/example_dags/example_branch_day_of_week_operator.py
[2024-06-24T14:13:45.738+0300] {processor.py:840} INFO - DAG(s) 'example_weekday_branch_operator' retrieved from /home/user/rubix/internship_project/.venv/lib/python3.10/site-packages/airflow/example_dags/example_branch_day_of_week_operator.py
[2024-06-24T14:13:45.755+0300] {logging_mixin.py:188} INFO - [2024-06-24T14:13:45.755+0300] {dag.py:3096} INFO - Sync 1 DAGs
[2024-06-24T14:13:45.771+0300] {logging_mixin.py:188} INFO - [2024-06-24T14:13:45.771+0300] {dag.py:3954} INFO - Setting next_dagrun for example_weekday_branch_operator to 2024-06-23 00:00:00+00:00, run_after=2024-06-24 00:00:00+00:00
[2024-06-24T14:13:45.801+0300] {processor.py:183} INFO - Processing /home/user/rubix/internship_project/.venv/lib/python3.10/site-packages/airflow/example_dags/example_branch_day_of_week_operator.py took 0.081 seconds
[2024-06-24T14:14:50.621+0300] {processor.py:161} INFO - Started process (PID=26756) to work on /home/user/rubix/internship_project/.venv/lib/python3.10/site-packages/airflow/example_dags/example_branch_day_of_week_operator.py
[2024-06-24T14:14:50.622+0300] {processor.py:830} INFO - Processing file /home/user/rubix/internship_project/.venv/lib/python3.10/site-packages/airflow/example_dags/example_branch_day_of_week_operator.py for tasks to queue
[2024-06-24T14:14:50.624+0300] {logging_mixin.py:188} INFO - [2024-06-24T14:14:50.624+0300] {dagbag.py:545} INFO - Filling up the DagBag from /home/user/rubix/internship_project/.venv/lib/python3.10/site-packages/airflow/example_dags/example_branch_day_of_week_operator.py
[2024-06-24T14:14:50.633+0300] {processor.py:840} INFO - DAG(s) 'example_weekday_branch_operator' retrieved from /home/user/rubix/internship_project/.venv/lib/python3.10/site-packages/airflow/example_dags/example_branch_day_of_week_operator.py
[2024-06-24T14:14:50.650+0300] {logging_mixin.py:188} INFO - [2024-06-24T14:14:50.649+0300] {dag.py:3096} INFO - Sync 1 DAGs
[2024-06-24T14:14:50.665+0300] {logging_mixin.py:188} INFO - [2024-06-24T14:14:50.665+0300] {dag.py:3954} INFO - Setting next_dagrun for example_weekday_branch_operator to 2024-06-23 00:00:00+00:00, run_after=2024-06-24 00:00:00+00:00
[2024-06-24T14:14:50.693+0300] {processor.py:183} INFO - Processing /home/user/rubix/internship_project/.venv/lib/python3.10/site-packages/airflow/example_dags/example_branch_day_of_week_operator.py took 0.079 seconds
[2024-06-24T14:15:53.980+0300] {processor.py:161} INFO - Started process (PID=26947) to work on /home/user/rubix/internship_project/.venv/lib/python3.10/site-packages/airflow/example_dags/example_branch_day_of_week_operator.py
[2024-06-24T14:15:53.981+0300] {processor.py:830} INFO - Processing file /home/user/rubix/internship_project/.venv/lib/python3.10/site-packages/airflow/example_dags/example_branch_day_of_week_operator.py for tasks to queue
[2024-06-24T14:15:53.983+0300] {logging_mixin.py:188} INFO - [2024-06-24T14:15:53.982+0300] {dagbag.py:545} INFO - Filling up the DagBag from /home/user/rubix/internship_project/.venv/lib/python3.10/site-packages/airflow/example_dags/example_branch_day_of_week_operator.py
[2024-06-24T14:15:53.996+0300] {processor.py:840} INFO - DAG(s) 'example_weekday_branch_operator' retrieved from /home/user/rubix/internship_project/.venv/lib/python3.10/site-packages/airflow/example_dags/example_branch_day_of_week_operator.py
[2024-06-24T14:15:54.019+0300] {logging_mixin.py:188} INFO - [2024-06-24T14:15:54.019+0300] {dag.py:3096} INFO - Sync 1 DAGs
[2024-06-24T14:15:54.039+0300] {logging_mixin.py:188} INFO - [2024-06-24T14:15:54.038+0300] {dag.py:3954} INFO - Setting next_dagrun for example_weekday_branch_operator to 2024-06-23 00:00:00+00:00, run_after=2024-06-24 00:00:00+00:00
[2024-06-24T14:15:54.066+0300] {processor.py:183} INFO - Processing /home/user/rubix/internship_project/.venv/lib/python3.10/site-packages/airflow/example_dags/example_branch_day_of_week_operator.py took 0.095 seconds
[2024-06-24T14:16:53.818+0300] {processor.py:161} INFO - Started process (PID=27143) to work on /home/user/rubix/internship_project/.venv/lib/python3.10/site-packages/airflow/example_dags/example_branch_day_of_week_operator.py
[2024-06-24T14:16:53.819+0300] {processor.py:830} INFO - Processing file /home/user/rubix/internship_project/.venv/lib/python3.10/site-packages/airflow/example_dags/example_branch_day_of_week_operator.py for tasks to queue
[2024-06-24T14:16:53.821+0300] {logging_mixin.py:188} INFO - [2024-06-24T14:16:53.821+0300] {dagbag.py:545} INFO - Filling up the DagBag from /home/user/rubix/internship_project/.venv/lib/python3.10/site-packages/airflow/example_dags/example_branch_day_of_week_operator.py
[2024-06-24T14:16:53.831+0300] {processor.py:840} INFO - DAG(s) 'example_weekday_branch_operator' retrieved from /home/user/rubix/internship_project/.venv/lib/python3.10/site-packages/airflow/example_dags/example_branch_day_of_week_operator.py
[2024-06-24T14:16:53.852+0300] {logging_mixin.py:188} INFO - [2024-06-24T14:16:53.852+0300] {dag.py:3096} INFO - Sync 1 DAGs
[2024-06-24T14:16:53.872+0300] {logging_mixin.py:188} INFO - [2024-06-24T14:16:53.872+0300] {dag.py:3954} INFO - Setting next_dagrun for example_weekday_branch_operator to 2024-06-23 00:00:00+00:00, run_after=2024-06-24 00:00:00+00:00
[2024-06-24T14:16:53.902+0300] {processor.py:183} INFO - Processing /home/user/rubix/internship_project/.venv/lib/python3.10/site-packages/airflow/example_dags/example_branch_day_of_week_operator.py took 0.092 seconds
[2024-06-24T14:17:54.311+0300] {processor.py:161} INFO - Started process (PID=27331) to work on /home/user/rubix/internship_project/.venv/lib/python3.10/site-packages/airflow/example_dags/example_branch_day_of_week_operator.py
[2024-06-24T14:17:54.312+0300] {processor.py:830} INFO - Processing file /home/user/rubix/internship_project/.venv/lib/python3.10/site-packages/airflow/example_dags/example_branch_day_of_week_operator.py for tasks to queue
[2024-06-24T14:17:54.314+0300] {logging_mixin.py:188} INFO - [2024-06-24T14:17:54.314+0300] {dagbag.py:545} INFO - Filling up the DagBag from /home/user/rubix/internship_project/.venv/lib/python3.10/site-packages/airflow/example_dags/example_branch_day_of_week_operator.py
[2024-06-24T14:17:54.324+0300] {processor.py:840} INFO - DAG(s) 'example_weekday_branch_operator' retrieved from /home/user/rubix/internship_project/.venv/lib/python3.10/site-packages/airflow/example_dags/example_branch_day_of_week_operator.py
[2024-06-24T14:17:54.346+0300] {logging_mixin.py:188} INFO - [2024-06-24T14:17:54.346+0300] {dag.py:3096} INFO - Sync 1 DAGs
[2024-06-24T14:17:54.365+0300] {logging_mixin.py:188} INFO - [2024-06-24T14:17:54.365+0300] {dag.py:3954} INFO - Setting next_dagrun for example_weekday_branch_operator to 2024-06-23 00:00:00+00:00, run_after=2024-06-24 00:00:00+00:00
[2024-06-24T14:17:54.389+0300] {processor.py:183} INFO - Processing /home/user/rubix/internship_project/.venv/lib/python3.10/site-packages/airflow/example_dags/example_branch_day_of_week_operator.py took 0.087 seconds
[2024-06-24T14:18:54.337+0300] {processor.py:161} INFO - Started process (PID=27509) to work on /home/user/rubix/internship_project/.venv/lib/python3.10/site-packages/airflow/example_dags/example_branch_day_of_week_operator.py
[2024-06-24T14:18:54.338+0300] {processor.py:830} INFO - Processing file /home/user/rubix/internship_project/.venv/lib/python3.10/site-packages/airflow/example_dags/example_branch_day_of_week_operator.py for tasks to queue
[2024-06-24T14:18:54.340+0300] {logging_mixin.py:188} INFO - [2024-06-24T14:18:54.340+0300] {dagbag.py:545} INFO - Filling up the DagBag from /home/user/rubix/internship_project/.venv/lib/python3.10/site-packages/airflow/example_dags/example_branch_day_of_week_operator.py
[2024-06-24T14:18:54.362+0300] {processor.py:840} INFO - DAG(s) 'example_weekday_branch_operator' retrieved from /home/user/rubix/internship_project/.venv/lib/python3.10/site-packages/airflow/example_dags/example_branch_day_of_week_operator.py
[2024-06-24T14:18:54.379+0300] {logging_mixin.py:188} INFO - [2024-06-24T14:18:54.379+0300] {dag.py:3096} INFO - Sync 1 DAGs
[2024-06-24T14:18:54.395+0300] {logging_mixin.py:188} INFO - [2024-06-24T14:18:54.394+0300] {dag.py:3954} INFO - Setting next_dagrun for example_weekday_branch_operator to 2024-06-23 00:00:00+00:00, run_after=2024-06-24 00:00:00+00:00
[2024-06-24T14:18:54.425+0300] {processor.py:183} INFO - Processing /home/user/rubix/internship_project/.venv/lib/python3.10/site-packages/airflow/example_dags/example_branch_day_of_week_operator.py took 0.095 seconds
[2024-06-24T14:19:58.292+0300] {processor.py:161} INFO - Started process (PID=27883) to work on /home/user/rubix/internship_project/.venv/lib/python3.10/site-packages/airflow/example_dags/example_branch_day_of_week_operator.py
[2024-06-24T14:19:58.293+0300] {processor.py:830} INFO - Processing file /home/user/rubix/internship_project/.venv/lib/python3.10/site-packages/airflow/example_dags/example_branch_day_of_week_operator.py for tasks to queue
[2024-06-24T14:19:58.295+0300] {logging_mixin.py:188} INFO - [2024-06-24T14:19:58.294+0300] {dagbag.py:545} INFO - Filling up the DagBag from /home/user/rubix/internship_project/.venv/lib/python3.10/site-packages/airflow/example_dags/example_branch_day_of_week_operator.py
[2024-06-24T14:19:58.304+0300] {processor.py:840} INFO - DAG(s) 'example_weekday_branch_operator' retrieved from /home/user/rubix/internship_project/.venv/lib/python3.10/site-packages/airflow/example_dags/example_branch_day_of_week_operator.py
[2024-06-24T14:19:58.321+0300] {logging_mixin.py:188} INFO - [2024-06-24T14:19:58.321+0300] {dag.py:3096} INFO - Sync 1 DAGs
[2024-06-24T14:19:58.336+0300] {logging_mixin.py:188} INFO - [2024-06-24T14:19:58.336+0300] {dag.py:3954} INFO - Setting next_dagrun for example_weekday_branch_operator to 2024-06-23 00:00:00+00:00, run_after=2024-06-24 00:00:00+00:00
[2024-06-24T14:19:58.360+0300] {processor.py:183} INFO - Processing /home/user/rubix/internship_project/.venv/lib/python3.10/site-packages/airflow/example_dags/example_branch_day_of_week_operator.py took 0.076 seconds
[2024-06-24T14:20:56.678+0300] {processor.py:161} INFO - Started process (PID=28294) to work on /home/user/rubix/internship_project/.venv/lib/python3.10/site-packages/airflow/example_dags/example_branch_day_of_week_operator.py
[2024-06-24T14:20:56.679+0300] {processor.py:830} INFO - Processing file /home/user/rubix/internship_project/.venv/lib/python3.10/site-packages/airflow/example_dags/example_branch_day_of_week_operator.py for tasks to queue
[2024-06-24T14:20:56.681+0300] {logging_mixin.py:188} INFO - [2024-06-24T14:20:56.680+0300] {dagbag.py:545} INFO - Filling up the DagBag from /home/user/rubix/internship_project/.venv/lib/python3.10/site-packages/airflow/example_dags/example_branch_day_of_week_operator.py
[2024-06-24T14:20:56.689+0300] {processor.py:840} INFO - DAG(s) 'example_weekday_branch_operator' retrieved from /home/user/rubix/internship_project/.venv/lib/python3.10/site-packages/airflow/example_dags/example_branch_day_of_week_operator.py
[2024-06-24T14:20:56.706+0300] {logging_mixin.py:188} INFO - [2024-06-24T14:20:56.706+0300] {dag.py:3096} INFO - Sync 1 DAGs
[2024-06-24T14:20:56.721+0300] {logging_mixin.py:188} INFO - [2024-06-24T14:20:56.721+0300] {dag.py:3954} INFO - Setting next_dagrun for example_weekday_branch_operator to 2024-06-23 00:00:00+00:00, run_after=2024-06-24 00:00:00+00:00
[2024-06-24T14:20:56.751+0300] {processor.py:183} INFO - Processing /home/user/rubix/internship_project/.venv/lib/python3.10/site-packages/airflow/example_dags/example_branch_day_of_week_operator.py took 0.081 seconds
[2024-06-24T14:21:59.852+0300] {processor.py:161} INFO - Started process (PID=28675) to work on /home/user/rubix/internship_project/.venv/lib/python3.10/site-packages/airflow/example_dags/example_branch_day_of_week_operator.py
[2024-06-24T14:21:59.853+0300] {processor.py:830} INFO - Processing file /home/user/rubix/internship_project/.venv/lib/python3.10/site-packages/airflow/example_dags/example_branch_day_of_week_operator.py for tasks to queue
[2024-06-24T14:21:59.855+0300] {logging_mixin.py:188} INFO - [2024-06-24T14:21:59.854+0300] {dagbag.py:545} INFO - Filling up the DagBag from /home/user/rubix/internship_project/.venv/lib/python3.10/site-packages/airflow/example_dags/example_branch_day_of_week_operator.py
[2024-06-24T14:21:59.863+0300] {processor.py:840} INFO - DAG(s) 'example_weekday_branch_operator' retrieved from /home/user/rubix/internship_project/.venv/lib/python3.10/site-packages/airflow/example_dags/example_branch_day_of_week_operator.py
[2024-06-24T14:21:59.880+0300] {logging_mixin.py:188} INFO - [2024-06-24T14:21:59.880+0300] {dag.py:3096} INFO - Sync 1 DAGs
[2024-06-24T14:21:59.895+0300] {logging_mixin.py:188} INFO - [2024-06-24T14:21:59.895+0300] {dag.py:3954} INFO - Setting next_dagrun for example_weekday_branch_operator to 2024-06-23 00:00:00+00:00, run_after=2024-06-24 00:00:00+00:00
[2024-06-24T14:21:59.925+0300] {processor.py:183} INFO - Processing /home/user/rubix/internship_project/.venv/lib/python3.10/site-packages/airflow/example_dags/example_branch_day_of_week_operator.py took 0.080 seconds
[2024-06-24T14:22:56.664+0300] {processor.py:161} INFO - Started process (PID=28844) to work on /home/user/rubix/internship_project/.venv/lib/python3.10/site-packages/airflow/example_dags/example_branch_day_of_week_operator.py
[2024-06-24T14:22:56.665+0300] {processor.py:830} INFO - Processing file /home/user/rubix/internship_project/.venv/lib/python3.10/site-packages/airflow/example_dags/example_branch_day_of_week_operator.py for tasks to queue
[2024-06-24T14:22:56.667+0300] {logging_mixin.py:188} INFO - [2024-06-24T14:22:56.666+0300] {dagbag.py:545} INFO - Filling up the DagBag from /home/user/rubix/internship_project/.venv/lib/python3.10/site-packages/airflow/example_dags/example_branch_day_of_week_operator.py
[2024-06-24T14:22:56.676+0300] {processor.py:840} INFO - DAG(s) 'example_weekday_branch_operator' retrieved from /home/user/rubix/internship_project/.venv/lib/python3.10/site-packages/airflow/example_dags/example_branch_day_of_week_operator.py
[2024-06-24T14:22:56.693+0300] {logging_mixin.py:188} INFO - [2024-06-24T14:22:56.693+0300] {dag.py:3096} INFO - Sync 1 DAGs
[2024-06-24T14:22:56.710+0300] {logging_mixin.py:188} INFO - [2024-06-24T14:22:56.710+0300] {dag.py:3954} INFO - Setting next_dagrun for example_weekday_branch_operator to 2024-06-23 00:00:00+00:00, run_after=2024-06-24 00:00:00+00:00
[2024-06-24T14:22:56.738+0300] {processor.py:183} INFO - Processing /home/user/rubix/internship_project/.venv/lib/python3.10/site-packages/airflow/example_dags/example_branch_day_of_week_operator.py took 0.081 seconds
[2024-06-24T14:24:03.534+0300] {processor.py:161} INFO - Started process (PID=29140) to work on /home/user/rubix/internship_project/.venv/lib/python3.10/site-packages/airflow/example_dags/example_branch_day_of_week_operator.py
[2024-06-24T14:24:03.536+0300] {processor.py:830} INFO - Processing file /home/user/rubix/internship_project/.venv/lib/python3.10/site-packages/airflow/example_dags/example_branch_day_of_week_operator.py for tasks to queue
[2024-06-24T14:24:03.539+0300] {logging_mixin.py:188} INFO - [2024-06-24T14:24:03.538+0300] {dagbag.py:545} INFO - Filling up the DagBag from /home/user/rubix/internship_project/.venv/lib/python3.10/site-packages/airflow/example_dags/example_branch_day_of_week_operator.py
[2024-06-24T14:24:03.550+0300] {processor.py:840} INFO - DAG(s) 'example_weekday_branch_operator' retrieved from /home/user/rubix/internship_project/.venv/lib/python3.10/site-packages/airflow/example_dags/example_branch_day_of_week_operator.py
[2024-06-24T14:24:03.572+0300] {logging_mixin.py:188} INFO - [2024-06-24T14:24:03.572+0300] {dag.py:3096} INFO - Sync 1 DAGs
[2024-06-24T14:24:03.592+0300] {logging_mixin.py:188} INFO - [2024-06-24T14:24:03.592+0300] {dag.py:3954} INFO - Setting next_dagrun for example_weekday_branch_operator to 2024-06-23 00:00:00+00:00, run_after=2024-06-24 00:00:00+00:00
[2024-06-24T14:24:03.626+0300] {processor.py:183} INFO - Processing /home/user/rubix/internship_project/.venv/lib/python3.10/site-packages/airflow/example_dags/example_branch_day_of_week_operator.py took 0.101 seconds
[2024-06-24T14:25:12.248+0300] {processor.py:161} INFO - Started process (PID=29514) to work on /home/user/rubix/internship_project/.venv/lib/python3.10/site-packages/airflow/example_dags/example_branch_day_of_week_operator.py
[2024-06-24T14:25:12.249+0300] {processor.py:830} INFO - Processing file /home/user/rubix/internship_project/.venv/lib/python3.10/site-packages/airflow/example_dags/example_branch_day_of_week_operator.py for tasks to queue
[2024-06-24T14:25:12.250+0300] {logging_mixin.py:188} INFO - [2024-06-24T14:25:12.250+0300] {dagbag.py:545} INFO - Filling up the DagBag from /home/user/rubix/internship_project/.venv/lib/python3.10/site-packages/airflow/example_dags/example_branch_day_of_week_operator.py
[2024-06-24T14:25:12.259+0300] {processor.py:840} INFO - DAG(s) 'example_weekday_branch_operator' retrieved from /home/user/rubix/internship_project/.venv/lib/python3.10/site-packages/airflow/example_dags/example_branch_day_of_week_operator.py
[2024-06-24T14:25:12.277+0300] {logging_mixin.py:188} INFO - [2024-06-24T14:25:12.277+0300] {dag.py:3096} INFO - Sync 1 DAGs
[2024-06-24T14:25:12.294+0300] {logging_mixin.py:188} INFO - [2024-06-24T14:25:12.294+0300] {dag.py:3954} INFO - Setting next_dagrun for example_weekday_branch_operator to 2024-06-23 00:00:00+00:00, run_after=2024-06-24 00:00:00+00:00
[2024-06-24T14:25:12.324+0300] {processor.py:183} INFO - Processing /home/user/rubix/internship_project/.venv/lib/python3.10/site-packages/airflow/example_dags/example_branch_day_of_week_operator.py took 0.084 seconds
[2024-06-24T14:26:11.904+0300] {processor.py:161} INFO - Started process (PID=29725) to work on /home/user/rubix/internship_project/.venv/lib/python3.10/site-packages/airflow/example_dags/example_branch_day_of_week_operator.py
[2024-06-24T14:26:11.905+0300] {processor.py:830} INFO - Processing file /home/user/rubix/internship_project/.venv/lib/python3.10/site-packages/airflow/example_dags/example_branch_day_of_week_operator.py for tasks to queue
[2024-06-24T14:26:11.906+0300] {logging_mixin.py:188} INFO - [2024-06-24T14:26:11.906+0300] {dagbag.py:545} INFO - Filling up the DagBag from /home/user/rubix/internship_project/.venv/lib/python3.10/site-packages/airflow/example_dags/example_branch_day_of_week_operator.py
[2024-06-24T14:26:11.915+0300] {processor.py:840} INFO - DAG(s) 'example_weekday_branch_operator' retrieved from /home/user/rubix/internship_project/.venv/lib/python3.10/site-packages/airflow/example_dags/example_branch_day_of_week_operator.py
[2024-06-24T14:26:11.932+0300] {logging_mixin.py:188} INFO - [2024-06-24T14:26:11.932+0300] {dag.py:3096} INFO - Sync 1 DAGs
[2024-06-24T14:26:11.947+0300] {logging_mixin.py:188} INFO - [2024-06-24T14:26:11.947+0300] {dag.py:3954} INFO - Setting next_dagrun for example_weekday_branch_operator to 2024-06-23 00:00:00+00:00, run_after=2024-06-24 00:00:00+00:00
[2024-06-24T14:26:11.978+0300] {processor.py:183} INFO - Processing /home/user/rubix/internship_project/.venv/lib/python3.10/site-packages/airflow/example_dags/example_branch_day_of_week_operator.py took 0.082 seconds
[2024-06-24T14:27:19.131+0300] {processor.py:161} INFO - Started process (PID=30371) to work on /home/user/rubix/internship_project/.venv/lib/python3.10/site-packages/airflow/example_dags/example_branch_day_of_week_operator.py
[2024-06-24T14:27:19.132+0300] {processor.py:830} INFO - Processing file /home/user/rubix/internship_project/.venv/lib/python3.10/site-packages/airflow/example_dags/example_branch_day_of_week_operator.py for tasks to queue
[2024-06-24T14:27:19.134+0300] {logging_mixin.py:188} INFO - [2024-06-24T14:27:19.134+0300] {dagbag.py:545} INFO - Filling up the DagBag from /home/user/rubix/internship_project/.venv/lib/python3.10/site-packages/airflow/example_dags/example_branch_day_of_week_operator.py
[2024-06-24T14:27:19.144+0300] {processor.py:840} INFO - DAG(s) 'example_weekday_branch_operator' retrieved from /home/user/rubix/internship_project/.venv/lib/python3.10/site-packages/airflow/example_dags/example_branch_day_of_week_operator.py
[2024-06-24T14:27:19.163+0300] {logging_mixin.py:188} INFO - [2024-06-24T14:27:19.162+0300] {dag.py:3096} INFO - Sync 1 DAGs
[2024-06-24T14:27:19.182+0300] {logging_mixin.py:188} INFO - [2024-06-24T14:27:19.182+0300] {dag.py:3954} INFO - Setting next_dagrun for example_weekday_branch_operator to 2024-06-23 00:00:00+00:00, run_after=2024-06-24 00:00:00+00:00
[2024-06-24T14:27:19.214+0300] {processor.py:183} INFO - Processing /home/user/rubix/internship_project/.venv/lib/python3.10/site-packages/airflow/example_dags/example_branch_day_of_week_operator.py took 0.091 seconds
[2024-06-24T14:28:21.346+0300] {processor.py:161} INFO - Started process (PID=30719) to work on /home/user/rubix/internship_project/.venv/lib/python3.10/site-packages/airflow/example_dags/example_branch_day_of_week_operator.py
[2024-06-24T14:28:21.348+0300] {processor.py:830} INFO - Processing file /home/user/rubix/internship_project/.venv/lib/python3.10/site-packages/airflow/example_dags/example_branch_day_of_week_operator.py for tasks to queue
[2024-06-24T14:28:21.350+0300] {logging_mixin.py:188} INFO - [2024-06-24T14:28:21.350+0300] {dagbag.py:545} INFO - Filling up the DagBag from /home/user/rubix/internship_project/.venv/lib/python3.10/site-packages/airflow/example_dags/example_branch_day_of_week_operator.py
[2024-06-24T14:28:21.365+0300] {processor.py:840} INFO - DAG(s) 'example_weekday_branch_operator' retrieved from /home/user/rubix/internship_project/.venv/lib/python3.10/site-packages/airflow/example_dags/example_branch_day_of_week_operator.py
[2024-06-24T14:28:21.392+0300] {logging_mixin.py:188} INFO - [2024-06-24T14:28:21.392+0300] {dag.py:3096} INFO - Sync 1 DAGs
[2024-06-24T14:28:21.414+0300] {logging_mixin.py:188} INFO - [2024-06-24T14:28:21.413+0300] {dag.py:3954} INFO - Setting next_dagrun for example_weekday_branch_operator to 2024-06-23 00:00:00+00:00, run_after=2024-06-24 00:00:00+00:00
[2024-06-24T14:28:21.449+0300] {processor.py:183} INFO - Processing /home/user/rubix/internship_project/.venv/lib/python3.10/site-packages/airflow/example_dags/example_branch_day_of_week_operator.py took 0.117 seconds
[2024-06-24T14:29:33.812+0300] {processor.py:161} INFO - Started process (PID=31230) to work on /home/user/rubix/internship_project/.venv/lib/python3.10/site-packages/airflow/example_dags/example_branch_day_of_week_operator.py
[2024-06-24T14:29:33.813+0300] {processor.py:830} INFO - Processing file /home/user/rubix/internship_project/.venv/lib/python3.10/site-packages/airflow/example_dags/example_branch_day_of_week_operator.py for tasks to queue
[2024-06-24T14:29:33.815+0300] {logging_mixin.py:188} INFO - [2024-06-24T14:29:33.814+0300] {dagbag.py:545} INFO - Filling up the DagBag from /home/user/rubix/internship_project/.venv/lib/python3.10/site-packages/airflow/example_dags/example_branch_day_of_week_operator.py
[2024-06-24T14:29:33.824+0300] {processor.py:840} INFO - DAG(s) 'example_weekday_branch_operator' retrieved from /home/user/rubix/internship_project/.venv/lib/python3.10/site-packages/airflow/example_dags/example_branch_day_of_week_operator.py
[2024-06-24T14:29:33.844+0300] {logging_mixin.py:188} INFO - [2024-06-24T14:29:33.844+0300] {dag.py:3096} INFO - Sync 1 DAGs
[2024-06-24T14:29:33.861+0300] {logging_mixin.py:188} INFO - [2024-06-24T14:29:33.860+0300] {dag.py:3954} INFO - Setting next_dagrun for example_weekday_branch_operator to 2024-06-23 00:00:00+00:00, run_after=2024-06-24 00:00:00+00:00
[2024-06-24T14:29:33.892+0300] {processor.py:183} INFO - Processing /home/user/rubix/internship_project/.venv/lib/python3.10/site-packages/airflow/example_dags/example_branch_day_of_week_operator.py took 0.088 seconds
[2024-06-24T14:30:45.904+0300] {processor.py:161} INFO - Started process (PID=31503) to work on /home/user/rubix/internship_project/.venv/lib/python3.10/site-packages/airflow/example_dags/example_branch_day_of_week_operator.py
[2024-06-24T14:30:45.905+0300] {processor.py:830} INFO - Processing file /home/user/rubix/internship_project/.venv/lib/python3.10/site-packages/airflow/example_dags/example_branch_day_of_week_operator.py for tasks to queue
[2024-06-24T14:30:45.907+0300] {logging_mixin.py:188} INFO - [2024-06-24T14:30:45.907+0300] {dagbag.py:545} INFO - Filling up the DagBag from /home/user/rubix/internship_project/.venv/lib/python3.10/site-packages/airflow/example_dags/example_branch_day_of_week_operator.py
[2024-06-24T14:30:45.915+0300] {processor.py:840} INFO - DAG(s) 'example_weekday_branch_operator' retrieved from /home/user/rubix/internship_project/.venv/lib/python3.10/site-packages/airflow/example_dags/example_branch_day_of_week_operator.py
[2024-06-24T14:30:45.933+0300] {logging_mixin.py:188} INFO - [2024-06-24T14:30:45.932+0300] {dag.py:3096} INFO - Sync 1 DAGs
[2024-06-24T14:30:45.948+0300] {logging_mixin.py:188} INFO - [2024-06-24T14:30:45.947+0300] {dag.py:3954} INFO - Setting next_dagrun for example_weekday_branch_operator to 2024-06-23 00:00:00+00:00, run_after=2024-06-24 00:00:00+00:00
[2024-06-24T14:30:45.980+0300] {processor.py:183} INFO - Processing /home/user/rubix/internship_project/.venv/lib/python3.10/site-packages/airflow/example_dags/example_branch_day_of_week_operator.py took 0.084 seconds
[2024-06-24T14:31:55.616+0300] {processor.py:161} INFO - Started process (PID=31945) to work on /home/user/rubix/internship_project/.venv/lib/python3.10/site-packages/airflow/example_dags/example_branch_day_of_week_operator.py
[2024-06-24T14:31:55.617+0300] {processor.py:830} INFO - Processing file /home/user/rubix/internship_project/.venv/lib/python3.10/site-packages/airflow/example_dags/example_branch_day_of_week_operator.py for tasks to queue
[2024-06-24T14:31:55.619+0300] {logging_mixin.py:188} INFO - [2024-06-24T14:31:55.618+0300] {dagbag.py:545} INFO - Filling up the DagBag from /home/user/rubix/internship_project/.venv/lib/python3.10/site-packages/airflow/example_dags/example_branch_day_of_week_operator.py
[2024-06-24T14:31:55.627+0300] {processor.py:840} INFO - DAG(s) 'example_weekday_branch_operator' retrieved from /home/user/rubix/internship_project/.venv/lib/python3.10/site-packages/airflow/example_dags/example_branch_day_of_week_operator.py
[2024-06-24T14:31:55.645+0300] {logging_mixin.py:188} INFO - [2024-06-24T14:31:55.644+0300] {dag.py:3096} INFO - Sync 1 DAGs
[2024-06-24T14:31:55.660+0300] {logging_mixin.py:188} INFO - [2024-06-24T14:31:55.659+0300] {dag.py:3954} INFO - Setting next_dagrun for example_weekday_branch_operator to 2024-06-23 00:00:00+00:00, run_after=2024-06-24 00:00:00+00:00
[2024-06-24T14:31:55.687+0300] {processor.py:183} INFO - Processing /home/user/rubix/internship_project/.venv/lib/python3.10/site-packages/airflow/example_dags/example_branch_day_of_week_operator.py took 0.079 seconds
