[2024-06-24T14:03:08.861+0300] {processor.py:161} INFO - Started process (PID=22672) to work on /home/user/rubix/internship_project/.venv/lib/python3.10/site-packages/airflow/example_dags/example_sensor_decorator.py
[2024-06-24T14:03:08.862+0300] {processor.py:830} INFO - Processing file /home/user/rubix/internship_project/.venv/lib/python3.10/site-packages/airflow/example_dags/example_sensor_decorator.py for tasks to queue
[2024-06-24T14:03:08.864+0300] {logging_mixin.py:188} INFO - [2024-06-24T14:03:08.864+0300] {dagbag.py:545} INFO - Filling up the DagBag from /home/user/rubix/internship_project/.venv/lib/python3.10/site-packages/airflow/example_dags/example_sensor_decorator.py
[2024-06-24T14:03:08.887+0300] {processor.py:840} INFO - DAG(s) 'example_sensor_decorator' retrieved from /home/user/rubix/internship_project/.venv/lib/python3.10/site-packages/airflow/example_dags/example_sensor_decorator.py
[2024-06-24T14:03:08.898+0300] {logging_mixin.py:188} INFO - [2024-06-24T14:03:08.898+0300] {dag.py:3096} INFO - Sync 1 DAGs
[2024-06-24T14:03:08.911+0300] {logging_mixin.py:188} INFO - [2024-06-24T14:03:08.910+0300] {dag.py:3954} INFO - Setting next_dagrun for example_sensor_decorator to None, run_after=None
[2024-06-24T14:03:08.931+0300] {processor.py:183} INFO - Processing /home/user/rubix/internship_project/.venv/lib/python3.10/site-packages/airflow/example_dags/example_sensor_decorator.py took 0.079 seconds
[2024-06-24T14:04:20.901+0300] {processor.py:161} INFO - Started process (PID=23181) to work on /home/user/rubix/internship_project/.venv/lib/python3.10/site-packages/airflow/example_dags/example_sensor_decorator.py
[2024-06-24T14:04:20.902+0300] {processor.py:830} INFO - Processing file /home/user/rubix/internship_project/.venv/lib/python3.10/site-packages/airflow/example_dags/example_sensor_decorator.py for tasks to queue
[2024-06-24T14:04:20.903+0300] {logging_mixin.py:188} INFO - [2024-06-24T14:04:20.903+0300] {dagbag.py:545} INFO - Filling up the DagBag from /home/user/rubix/internship_project/.venv/lib/python3.10/site-packages/airflow/example_dags/example_sensor_decorator.py
[2024-06-24T14:04:20.912+0300] {processor.py:840} INFO - DAG(s) 'example_sensor_decorator' retrieved from /home/user/rubix/internship_project/.venv/lib/python3.10/site-packages/airflow/example_dags/example_sensor_decorator.py
[2024-06-24T14:04:20.921+0300] {logging_mixin.py:188} INFO - [2024-06-24T14:04:20.921+0300] {dag.py:3096} INFO - Sync 1 DAGs
[2024-06-24T14:04:20.931+0300] {logging_mixin.py:188} INFO - [2024-06-24T14:04:20.931+0300] {dag.py:3954} INFO - Setting next_dagrun for example_sensor_decorator to None, run_after=None
[2024-06-24T14:04:20.962+0300] {processor.py:183} INFO - Processing /home/user/rubix/internship_project/.venv/lib/python3.10/site-packages/airflow/example_dags/example_sensor_decorator.py took 0.069 seconds
[2024-06-24T14:05:22.023+0300] {processor.py:161} INFO - Started process (PID=23647) to work on /home/user/rubix/internship_project/.venv/lib/python3.10/site-packages/airflow/example_dags/example_sensor_decorator.py
[2024-06-24T14:05:22.027+0300] {processor.py:830} INFO - Processing file /home/user/rubix/internship_project/.venv/lib/python3.10/site-packages/airflow/example_dags/example_sensor_decorator.py for tasks to queue
[2024-06-24T14:05:22.029+0300] {logging_mixin.py:188} INFO - [2024-06-24T14:05:22.029+0300] {dagbag.py:545} INFO - Filling up the DagBag from /home/user/rubix/internship_project/.venv/lib/python3.10/site-packages/airflow/example_dags/example_sensor_decorator.py
[2024-06-24T14:05:22.048+0300] {processor.py:840} INFO - DAG(s) 'example_sensor_decorator' retrieved from /home/user/rubix/internship_project/.venv/lib/python3.10/site-packages/airflow/example_dags/example_sensor_decorator.py
[2024-06-24T14:05:22.218+0300] {logging_mixin.py:188} INFO - [2024-06-24T14:05:22.218+0300] {dag.py:3096} INFO - Sync 1 DAGs
[2024-06-24T14:05:22.224+0300] {logging_mixin.py:188} INFO - [2024-06-24T14:05:22.224+0300] {dag.py:3954} INFO - Setting next_dagrun for example_sensor_decorator to None, run_after=None
[2024-06-24T14:05:22.253+0300] {processor.py:183} INFO - Processing /home/user/rubix/internship_project/.venv/lib/python3.10/site-packages/airflow/example_dags/example_sensor_decorator.py took 0.237 seconds
[2024-06-24T14:06:25.052+0300] {processor.py:161} INFO - Started process (PID=24106) to work on /home/user/rubix/internship_project/.venv/lib/python3.10/site-packages/airflow/example_dags/example_sensor_decorator.py
[2024-06-24T14:06:25.053+0300] {processor.py:830} INFO - Processing file /home/user/rubix/internship_project/.venv/lib/python3.10/site-packages/airflow/example_dags/example_sensor_decorator.py for tasks to queue
[2024-06-24T14:06:25.055+0300] {logging_mixin.py:188} INFO - [2024-06-24T14:06:25.055+0300] {dagbag.py:545} INFO - Filling up the DagBag from /home/user/rubix/internship_project/.venv/lib/python3.10/site-packages/airflow/example_dags/example_sensor_decorator.py
[2024-06-24T14:06:25.063+0300] {processor.py:840} INFO - DAG(s) 'example_sensor_decorator' retrieved from /home/user/rubix/internship_project/.venv/lib/python3.10/site-packages/airflow/example_dags/example_sensor_decorator.py
[2024-06-24T14:06:25.079+0300] {logging_mixin.py:188} INFO - [2024-06-24T14:06:25.079+0300] {dag.py:3096} INFO - Sync 1 DAGs
[2024-06-24T14:06:25.089+0300] {logging_mixin.py:188} INFO - [2024-06-24T14:06:25.089+0300] {dag.py:3954} INFO - Setting next_dagrun for example_sensor_decorator to None, run_after=None
[2024-06-24T14:06:25.210+0300] {processor.py:183} INFO - Processing /home/user/rubix/internship_project/.venv/lib/python3.10/site-packages/airflow/example_dags/example_sensor_decorator.py took 0.166 seconds
[2024-06-24T14:07:17.949+0300] {processor.py:161} INFO - Started process (PID=24286) to work on /home/user/rubix/internship_project/.venv/lib/python3.10/site-packages/airflow/example_dags/example_sensor_decorator.py
[2024-06-24T14:07:17.951+0300] {processor.py:830} INFO - Processing file /home/user/rubix/internship_project/.venv/lib/python3.10/site-packages/airflow/example_dags/example_sensor_decorator.py for tasks to queue
[2024-06-24T14:07:17.953+0300] {logging_mixin.py:188} INFO - [2024-06-24T14:07:17.952+0300] {dagbag.py:545} INFO - Filling up the DagBag from /home/user/rubix/internship_project/.venv/lib/python3.10/site-packages/airflow/example_dags/example_sensor_decorator.py
[2024-06-24T14:07:17.961+0300] {processor.py:840} INFO - DAG(s) 'example_sensor_decorator' retrieved from /home/user/rubix/internship_project/.venv/lib/python3.10/site-packages/airflow/example_dags/example_sensor_decorator.py
[2024-06-24T14:07:17.980+0300] {logging_mixin.py:188} INFO - [2024-06-24T14:07:17.979+0300] {dag.py:3096} INFO - Sync 1 DAGs
[2024-06-24T14:07:17.990+0300] {logging_mixin.py:188} INFO - [2024-06-24T14:07:17.990+0300] {dag.py:3954} INFO - Setting next_dagrun for example_sensor_decorator to None, run_after=None
[2024-06-24T14:07:18.022+0300] {processor.py:183} INFO - Processing /home/user/rubix/internship_project/.venv/lib/python3.10/site-packages/airflow/example_dags/example_sensor_decorator.py took 0.081 seconds
[2024-06-24T14:08:09.987+0300] {processor.py:161} INFO - Started process (PID=24635) to work on /home/user/rubix/internship_project/.venv/lib/python3.10/site-packages/airflow/example_dags/example_sensor_decorator.py
[2024-06-24T14:08:09.989+0300] {processor.py:830} INFO - Processing file /home/user/rubix/internship_project/.venv/lib/python3.10/site-packages/airflow/example_dags/example_sensor_decorator.py for tasks to queue
[2024-06-24T14:08:09.991+0300] {logging_mixin.py:188} INFO - [2024-06-24T14:08:09.990+0300] {dagbag.py:545} INFO - Filling up the DagBag from /home/user/rubix/internship_project/.venv/lib/python3.10/site-packages/airflow/example_dags/example_sensor_decorator.py
[2024-06-24T14:08:10.001+0300] {processor.py:840} INFO - DAG(s) 'example_sensor_decorator' retrieved from /home/user/rubix/internship_project/.venv/lib/python3.10/site-packages/airflow/example_dags/example_sensor_decorator.py
[2024-06-24T14:08:10.025+0300] {logging_mixin.py:188} INFO - [2024-06-24T14:08:10.024+0300] {dag.py:3096} INFO - Sync 1 DAGs
[2024-06-24T14:08:10.035+0300] {logging_mixin.py:188} INFO - [2024-06-24T14:08:10.035+0300] {dag.py:3954} INFO - Setting next_dagrun for example_sensor_decorator to None, run_after=None
[2024-06-24T14:08:10.065+0300] {processor.py:183} INFO - Processing /home/user/rubix/internship_project/.venv/lib/python3.10/site-packages/airflow/example_dags/example_sensor_decorator.py took 0.087 seconds
[2024-06-24T14:08:56.966+0300] {processor.py:161} INFO - Started process (PID=24867) to work on /home/user/rubix/internship_project/.venv/lib/python3.10/site-packages/airflow/example_dags/example_sensor_decorator.py
[2024-06-24T14:08:56.967+0300] {processor.py:830} INFO - Processing file /home/user/rubix/internship_project/.venv/lib/python3.10/site-packages/airflow/example_dags/example_sensor_decorator.py for tasks to queue
[2024-06-24T14:08:56.968+0300] {logging_mixin.py:188} INFO - [2024-06-24T14:08:56.968+0300] {dagbag.py:545} INFO - Filling up the DagBag from /home/user/rubix/internship_project/.venv/lib/python3.10/site-packages/airflow/example_dags/example_sensor_decorator.py
[2024-06-24T14:08:56.976+0300] {processor.py:840} INFO - DAG(s) 'example_sensor_decorator' retrieved from /home/user/rubix/internship_project/.venv/lib/python3.10/site-packages/airflow/example_dags/example_sensor_decorator.py
[2024-06-24T14:08:56.992+0300] {logging_mixin.py:188} INFO - [2024-06-24T14:08:56.992+0300] {dag.py:3096} INFO - Sync 1 DAGs
[2024-06-24T14:08:57.001+0300] {logging_mixin.py:188} INFO - [2024-06-24T14:08:57.001+0300] {dag.py:3954} INFO - Setting next_dagrun for example_sensor_decorator to None, run_after=None
[2024-06-24T14:08:57.031+0300] {processor.py:183} INFO - Processing /home/user/rubix/internship_project/.venv/lib/python3.10/site-packages/airflow/example_dags/example_sensor_decorator.py took 0.073 seconds
[2024-06-24T14:09:45.078+0300] {processor.py:161} INFO - Started process (PID=25183) to work on /home/user/rubix/internship_project/.venv/lib/python3.10/site-packages/airflow/example_dags/example_sensor_decorator.py
[2024-06-24T14:09:45.079+0300] {processor.py:830} INFO - Processing file /home/user/rubix/internship_project/.venv/lib/python3.10/site-packages/airflow/example_dags/example_sensor_decorator.py for tasks to queue
[2024-06-24T14:09:45.081+0300] {logging_mixin.py:188} INFO - [2024-06-24T14:09:45.081+0300] {dagbag.py:545} INFO - Filling up the DagBag from /home/user/rubix/internship_project/.venv/lib/python3.10/site-packages/airflow/example_dags/example_sensor_decorator.py
[2024-06-24T14:09:45.089+0300] {processor.py:840} INFO - DAG(s) 'example_sensor_decorator' retrieved from /home/user/rubix/internship_project/.venv/lib/python3.10/site-packages/airflow/example_dags/example_sensor_decorator.py
[2024-06-24T14:09:45.108+0300] {logging_mixin.py:188} INFO - [2024-06-24T14:09:45.107+0300] {dag.py:3096} INFO - Sync 1 DAGs
[2024-06-24T14:09:45.118+0300] {logging_mixin.py:188} INFO - [2024-06-24T14:09:45.118+0300] {dag.py:3954} INFO - Setting next_dagrun for example_sensor_decorator to None, run_after=None
[2024-06-24T14:09:45.150+0300] {processor.py:183} INFO - Processing /home/user/rubix/internship_project/.venv/lib/python3.10/site-packages/airflow/example_dags/example_sensor_decorator.py took 0.081 seconds
[2024-06-24T14:10:31.092+0300] {processor.py:161} INFO - Started process (PID=25507) to work on /home/user/rubix/internship_project/.venv/lib/python3.10/site-packages/airflow/example_dags/example_sensor_decorator.py
[2024-06-24T14:10:31.093+0300] {processor.py:830} INFO - Processing file /home/user/rubix/internship_project/.venv/lib/python3.10/site-packages/airflow/example_dags/example_sensor_decorator.py for tasks to queue
[2024-06-24T14:10:31.095+0300] {logging_mixin.py:188} INFO - [2024-06-24T14:10:31.094+0300] {dagbag.py:545} INFO - Filling up the DagBag from /home/user/rubix/internship_project/.venv/lib/python3.10/site-packages/airflow/example_dags/example_sensor_decorator.py
[2024-06-24T14:10:31.102+0300] {processor.py:840} INFO - DAG(s) 'example_sensor_decorator' retrieved from /home/user/rubix/internship_project/.venv/lib/python3.10/site-packages/airflow/example_dags/example_sensor_decorator.py
[2024-06-24T14:10:31.118+0300] {logging_mixin.py:188} INFO - [2024-06-24T14:10:31.118+0300] {dag.py:3096} INFO - Sync 1 DAGs
[2024-06-24T14:10:31.127+0300] {logging_mixin.py:188} INFO - [2024-06-24T14:10:31.127+0300] {dag.py:3954} INFO - Setting next_dagrun for example_sensor_decorator to None, run_after=None
[2024-06-24T14:10:31.160+0300] {processor.py:183} INFO - Processing /home/user/rubix/internship_project/.venv/lib/python3.10/site-packages/airflow/example_dags/example_sensor_decorator.py took 0.076 seconds
[2024-06-24T14:11:15.334+0300] {processor.py:161} INFO - Started process (PID=25782) to work on /home/user/rubix/internship_project/.venv/lib/python3.10/site-packages/airflow/example_dags/example_sensor_decorator.py
[2024-06-24T14:11:15.335+0300] {processor.py:830} INFO - Processing file /home/user/rubix/internship_project/.venv/lib/python3.10/site-packages/airflow/example_dags/example_sensor_decorator.py for tasks to queue
[2024-06-24T14:11:15.337+0300] {logging_mixin.py:188} INFO - [2024-06-24T14:11:15.337+0300] {dagbag.py:545} INFO - Filling up the DagBag from /home/user/rubix/internship_project/.venv/lib/python3.10/site-packages/airflow/example_dags/example_sensor_decorator.py
[2024-06-24T14:11:15.344+0300] {processor.py:840} INFO - DAG(s) 'example_sensor_decorator' retrieved from /home/user/rubix/internship_project/.venv/lib/python3.10/site-packages/airflow/example_dags/example_sensor_decorator.py
[2024-06-24T14:11:15.361+0300] {logging_mixin.py:188} INFO - [2024-06-24T14:11:15.361+0300] {dag.py:3096} INFO - Sync 1 DAGs
[2024-06-24T14:11:15.371+0300] {logging_mixin.py:188} INFO - [2024-06-24T14:11:15.370+0300] {dag.py:3954} INFO - Setting next_dagrun for example_sensor_decorator to None, run_after=None
[2024-06-24T14:11:15.401+0300] {processor.py:183} INFO - Processing /home/user/rubix/internship_project/.venv/lib/python3.10/site-packages/airflow/example_dags/example_sensor_decorator.py took 0.075 seconds
[2024-06-24T14:11:59.858+0300] {processor.py:161} INFO - Started process (PID=26029) to work on /home/user/rubix/internship_project/.venv/lib/python3.10/site-packages/airflow/example_dags/example_sensor_decorator.py
[2024-06-24T14:11:59.859+0300] {processor.py:830} INFO - Processing file /home/user/rubix/internship_project/.venv/lib/python3.10/site-packages/airflow/example_dags/example_sensor_decorator.py for tasks to queue
[2024-06-24T14:11:59.861+0300] {logging_mixin.py:188} INFO - [2024-06-24T14:11:59.860+0300] {dagbag.py:545} INFO - Filling up the DagBag from /home/user/rubix/internship_project/.venv/lib/python3.10/site-packages/airflow/example_dags/example_sensor_decorator.py
[2024-06-24T14:11:59.868+0300] {processor.py:840} INFO - DAG(s) 'example_sensor_decorator' retrieved from /home/user/rubix/internship_project/.venv/lib/python3.10/site-packages/airflow/example_dags/example_sensor_decorator.py
[2024-06-24T14:11:59.885+0300] {logging_mixin.py:188} INFO - [2024-06-24T14:11:59.885+0300] {dag.py:3096} INFO - Sync 1 DAGs
[2024-06-24T14:11:59.896+0300] {logging_mixin.py:188} INFO - [2024-06-24T14:11:59.896+0300] {dag.py:3954} INFO - Setting next_dagrun for example_sensor_decorator to None, run_after=None
[2024-06-24T14:11:59.930+0300] {processor.py:183} INFO - Processing /home/user/rubix/internship_project/.venv/lib/python3.10/site-packages/airflow/example_dags/example_sensor_decorator.py took 0.080 seconds
[2024-06-24T14:12:41.820+0300] {processor.py:161} INFO - Started process (PID=26156) to work on /home/user/rubix/internship_project/.venv/lib/python3.10/site-packages/airflow/example_dags/example_sensor_decorator.py
[2024-06-24T14:12:41.821+0300] {processor.py:830} INFO - Processing file /home/user/rubix/internship_project/.venv/lib/python3.10/site-packages/airflow/example_dags/example_sensor_decorator.py for tasks to queue
[2024-06-24T14:12:41.823+0300] {logging_mixin.py:188} INFO - [2024-06-24T14:12:41.822+0300] {dagbag.py:545} INFO - Filling up the DagBag from /home/user/rubix/internship_project/.venv/lib/python3.10/site-packages/airflow/example_dags/example_sensor_decorator.py
[2024-06-24T14:12:41.842+0300] {processor.py:840} INFO - DAG(s) 'example_sensor_decorator' retrieved from /home/user/rubix/internship_project/.venv/lib/python3.10/site-packages/airflow/example_dags/example_sensor_decorator.py
[2024-06-24T14:12:41.858+0300] {logging_mixin.py:188} INFO - [2024-06-24T14:12:41.858+0300] {dag.py:3096} INFO - Sync 1 DAGs
[2024-06-24T14:12:41.867+0300] {logging_mixin.py:188} INFO - [2024-06-24T14:12:41.867+0300] {dag.py:3954} INFO - Setting next_dagrun for example_sensor_decorator to None, run_after=None
[2024-06-24T14:12:41.896+0300] {processor.py:183} INFO - Processing /home/user/rubix/internship_project/.venv/lib/python3.10/site-packages/airflow/example_dags/example_sensor_decorator.py took 0.084 seconds
[2024-06-24T14:13:32.952+0300] {processor.py:161} INFO - Started process (PID=26334) to work on /home/user/rubix/internship_project/.venv/lib/python3.10/site-packages/airflow/example_dags/example_sensor_decorator.py
[2024-06-24T14:13:32.953+0300] {processor.py:830} INFO - Processing file /home/user/rubix/internship_project/.venv/lib/python3.10/site-packages/airflow/example_dags/example_sensor_decorator.py for tasks to queue
[2024-06-24T14:13:32.955+0300] {logging_mixin.py:188} INFO - [2024-06-24T14:13:32.955+0300] {dagbag.py:545} INFO - Filling up the DagBag from /home/user/rubix/internship_project/.venv/lib/python3.10/site-packages/airflow/example_dags/example_sensor_decorator.py
[2024-06-24T14:13:32.962+0300] {processor.py:840} INFO - DAG(s) 'example_sensor_decorator' retrieved from /home/user/rubix/internship_project/.venv/lib/python3.10/site-packages/airflow/example_dags/example_sensor_decorator.py
[2024-06-24T14:13:32.980+0300] {logging_mixin.py:188} INFO - [2024-06-24T14:13:32.980+0300] {dag.py:3096} INFO - Sync 1 DAGs
[2024-06-24T14:13:32.990+0300] {logging_mixin.py:188} INFO - [2024-06-24T14:13:32.990+0300] {dag.py:3954} INFO - Setting next_dagrun for example_sensor_decorator to None, run_after=None
[2024-06-24T14:13:33.020+0300] {processor.py:183} INFO - Processing /home/user/rubix/internship_project/.venv/lib/python3.10/site-packages/airflow/example_dags/example_sensor_decorator.py took 0.076 seconds
[2024-06-24T14:14:24.238+0300] {processor.py:161} INFO - Started process (PID=26678) to work on /home/user/rubix/internship_project/.venv/lib/python3.10/site-packages/airflow/example_dags/example_sensor_decorator.py
[2024-06-24T14:14:24.239+0300] {processor.py:830} INFO - Processing file /home/user/rubix/internship_project/.venv/lib/python3.10/site-packages/airflow/example_dags/example_sensor_decorator.py for tasks to queue
[2024-06-24T14:14:24.241+0300] {logging_mixin.py:188} INFO - [2024-06-24T14:14:24.241+0300] {dagbag.py:545} INFO - Filling up the DagBag from /home/user/rubix/internship_project/.venv/lib/python3.10/site-packages/airflow/example_dags/example_sensor_decorator.py
[2024-06-24T14:14:24.249+0300] {processor.py:840} INFO - DAG(s) 'example_sensor_decorator' retrieved from /home/user/rubix/internship_project/.venv/lib/python3.10/site-packages/airflow/example_dags/example_sensor_decorator.py
[2024-06-24T14:14:24.266+0300] {logging_mixin.py:188} INFO - [2024-06-24T14:14:24.266+0300] {dag.py:3096} INFO - Sync 1 DAGs
[2024-06-24T14:14:24.276+0300] {logging_mixin.py:188} INFO - [2024-06-24T14:14:24.276+0300] {dag.py:3954} INFO - Setting next_dagrun for example_sensor_decorator to None, run_after=None
[2024-06-24T14:14:24.307+0300] {processor.py:183} INFO - Processing /home/user/rubix/internship_project/.venv/lib/python3.10/site-packages/airflow/example_dags/example_sensor_decorator.py took 0.077 seconds
[2024-06-24T14:15:07.421+0300] {processor.py:161} INFO - Started process (PID=26848) to work on /home/user/rubix/internship_project/.venv/lib/python3.10/site-packages/airflow/example_dags/example_sensor_decorator.py
[2024-06-24T14:15:07.422+0300] {processor.py:830} INFO - Processing file /home/user/rubix/internship_project/.venv/lib/python3.10/site-packages/airflow/example_dags/example_sensor_decorator.py for tasks to queue
[2024-06-24T14:15:07.424+0300] {logging_mixin.py:188} INFO - [2024-06-24T14:15:07.424+0300] {dagbag.py:545} INFO - Filling up the DagBag from /home/user/rubix/internship_project/.venv/lib/python3.10/site-packages/airflow/example_dags/example_sensor_decorator.py
[2024-06-24T14:15:07.432+0300] {processor.py:840} INFO - DAG(s) 'example_sensor_decorator' retrieved from /home/user/rubix/internship_project/.venv/lib/python3.10/site-packages/airflow/example_dags/example_sensor_decorator.py
[2024-06-24T14:15:07.448+0300] {logging_mixin.py:188} INFO - [2024-06-24T14:15:07.448+0300] {dag.py:3096} INFO - Sync 1 DAGs
[2024-06-24T14:15:07.457+0300] {logging_mixin.py:188} INFO - [2024-06-24T14:15:07.457+0300] {dag.py:3954} INFO - Setting next_dagrun for example_sensor_decorator to None, run_after=None
[2024-06-24T14:15:07.488+0300] {processor.py:183} INFO - Processing /home/user/rubix/internship_project/.venv/lib/python3.10/site-packages/airflow/example_dags/example_sensor_decorator.py took 0.074 seconds
[2024-06-24T14:16:09.639+0300] {processor.py:161} INFO - Started process (PID=27048) to work on /home/user/rubix/internship_project/.venv/lib/python3.10/site-packages/airflow/example_dags/example_sensor_decorator.py
[2024-06-24T14:16:09.640+0300] {processor.py:830} INFO - Processing file /home/user/rubix/internship_project/.venv/lib/python3.10/site-packages/airflow/example_dags/example_sensor_decorator.py for tasks to queue
[2024-06-24T14:16:09.641+0300] {logging_mixin.py:188} INFO - [2024-06-24T14:16:09.641+0300] {dagbag.py:545} INFO - Filling up the DagBag from /home/user/rubix/internship_project/.venv/lib/python3.10/site-packages/airflow/example_dags/example_sensor_decorator.py
[2024-06-24T14:16:09.649+0300] {processor.py:840} INFO - DAG(s) 'example_sensor_decorator' retrieved from /home/user/rubix/internship_project/.venv/lib/python3.10/site-packages/airflow/example_dags/example_sensor_decorator.py
[2024-06-24T14:16:09.665+0300] {logging_mixin.py:188} INFO - [2024-06-24T14:16:09.665+0300] {dag.py:3096} INFO - Sync 1 DAGs
[2024-06-24T14:16:09.674+0300] {logging_mixin.py:188} INFO - [2024-06-24T14:16:09.674+0300] {dag.py:3954} INFO - Setting next_dagrun for example_sensor_decorator to None, run_after=None
[2024-06-24T14:16:09.705+0300] {processor.py:183} INFO - Processing /home/user/rubix/internship_project/.venv/lib/python3.10/site-packages/airflow/example_dags/example_sensor_decorator.py took 0.074 seconds
[2024-06-24T14:17:07.824+0300] {processor.py:161} INFO - Started process (PID=27233) to work on /home/user/rubix/internship_project/.venv/lib/python3.10/site-packages/airflow/example_dags/example_sensor_decorator.py
[2024-06-24T14:17:07.825+0300] {processor.py:830} INFO - Processing file /home/user/rubix/internship_project/.venv/lib/python3.10/site-packages/airflow/example_dags/example_sensor_decorator.py for tasks to queue
[2024-06-24T14:17:07.827+0300] {logging_mixin.py:188} INFO - [2024-06-24T14:17:07.826+0300] {dagbag.py:545} INFO - Filling up the DagBag from /home/user/rubix/internship_project/.venv/lib/python3.10/site-packages/airflow/example_dags/example_sensor_decorator.py
[2024-06-24T14:17:07.834+0300] {processor.py:840} INFO - DAG(s) 'example_sensor_decorator' retrieved from /home/user/rubix/internship_project/.venv/lib/python3.10/site-packages/airflow/example_dags/example_sensor_decorator.py
[2024-06-24T14:17:07.851+0300] {logging_mixin.py:188} INFO - [2024-06-24T14:17:07.851+0300] {dag.py:3096} INFO - Sync 1 DAGs
[2024-06-24T14:17:07.862+0300] {logging_mixin.py:188} INFO - [2024-06-24T14:17:07.862+0300] {dag.py:3954} INFO - Setting next_dagrun for example_sensor_decorator to None, run_after=None
[2024-06-24T14:17:07.893+0300] {processor.py:183} INFO - Processing /home/user/rubix/internship_project/.venv/lib/python3.10/site-packages/airflow/example_dags/example_sensor_decorator.py took 0.077 seconds
[2024-06-24T14:18:14.757+0300] {processor.py:161} INFO - Started process (PID=27435) to work on /home/user/rubix/internship_project/.venv/lib/python3.10/site-packages/airflow/example_dags/example_sensor_decorator.py
[2024-06-24T14:18:14.758+0300] {processor.py:830} INFO - Processing file /home/user/rubix/internship_project/.venv/lib/python3.10/site-packages/airflow/example_dags/example_sensor_decorator.py for tasks to queue
[2024-06-24T14:18:14.760+0300] {logging_mixin.py:188} INFO - [2024-06-24T14:18:14.759+0300] {dagbag.py:545} INFO - Filling up the DagBag from /home/user/rubix/internship_project/.venv/lib/python3.10/site-packages/airflow/example_dags/example_sensor_decorator.py
[2024-06-24T14:18:14.780+0300] {processor.py:840} INFO - DAG(s) 'example_sensor_decorator' retrieved from /home/user/rubix/internship_project/.venv/lib/python3.10/site-packages/airflow/example_dags/example_sensor_decorator.py
[2024-06-24T14:18:14.798+0300] {logging_mixin.py:188} INFO - [2024-06-24T14:18:14.797+0300] {dag.py:3096} INFO - Sync 1 DAGs
[2024-06-24T14:18:14.808+0300] {logging_mixin.py:188} INFO - [2024-06-24T14:18:14.808+0300] {dag.py:3954} INFO - Setting next_dagrun for example_sensor_decorator to None, run_after=None
[2024-06-24T14:18:14.827+0300] {processor.py:183} INFO - Processing /home/user/rubix/internship_project/.venv/lib/python3.10/site-packages/airflow/example_dags/example_sensor_decorator.py took 0.079 seconds
[2024-06-24T14:19:10.957+0300] {processor.py:161} INFO - Started process (PID=27672) to work on /home/user/rubix/internship_project/.venv/lib/python3.10/site-packages/airflow/example_dags/example_sensor_decorator.py
[2024-06-24T14:19:10.958+0300] {processor.py:830} INFO - Processing file /home/user/rubix/internship_project/.venv/lib/python3.10/site-packages/airflow/example_dags/example_sensor_decorator.py for tasks to queue
[2024-06-24T14:19:10.960+0300] {logging_mixin.py:188} INFO - [2024-06-24T14:19:10.960+0300] {dagbag.py:545} INFO - Filling up the DagBag from /home/user/rubix/internship_project/.venv/lib/python3.10/site-packages/airflow/example_dags/example_sensor_decorator.py
[2024-06-24T14:19:10.968+0300] {processor.py:840} INFO - DAG(s) 'example_sensor_decorator' retrieved from /home/user/rubix/internship_project/.venv/lib/python3.10/site-packages/airflow/example_dags/example_sensor_decorator.py
[2024-06-24T14:19:10.984+0300] {logging_mixin.py:188} INFO - [2024-06-24T14:19:10.984+0300] {dag.py:3096} INFO - Sync 1 DAGs
[2024-06-24T14:19:10.993+0300] {logging_mixin.py:188} INFO - [2024-06-24T14:19:10.993+0300] {dag.py:3954} INFO - Setting next_dagrun for example_sensor_decorator to None, run_after=None
[2024-06-24T14:19:11.022+0300] {processor.py:183} INFO - Processing /home/user/rubix/internship_project/.venv/lib/python3.10/site-packages/airflow/example_dags/example_sensor_decorator.py took 0.074 seconds
[2024-06-24T14:19:54.290+0300] {processor.py:161} INFO - Started process (PID=27850) to work on /home/user/rubix/internship_project/.venv/lib/python3.10/site-packages/airflow/example_dags/example_sensor_decorator.py
[2024-06-24T14:19:54.291+0300] {processor.py:830} INFO - Processing file /home/user/rubix/internship_project/.venv/lib/python3.10/site-packages/airflow/example_dags/example_sensor_decorator.py for tasks to queue
[2024-06-24T14:19:54.293+0300] {logging_mixin.py:188} INFO - [2024-06-24T14:19:54.292+0300] {dagbag.py:545} INFO - Filling up the DagBag from /home/user/rubix/internship_project/.venv/lib/python3.10/site-packages/airflow/example_dags/example_sensor_decorator.py
[2024-06-24T14:19:54.300+0300] {processor.py:840} INFO - DAG(s) 'example_sensor_decorator' retrieved from /home/user/rubix/internship_project/.venv/lib/python3.10/site-packages/airflow/example_dags/example_sensor_decorator.py
[2024-06-24T14:19:54.317+0300] {logging_mixin.py:188} INFO - [2024-06-24T14:19:54.317+0300] {dag.py:3096} INFO - Sync 1 DAGs
[2024-06-24T14:19:54.326+0300] {logging_mixin.py:188} INFO - [2024-06-24T14:19:54.326+0300] {dag.py:3954} INFO - Setting next_dagrun for example_sensor_decorator to None, run_after=None
[2024-06-24T14:19:54.358+0300] {processor.py:183} INFO - Processing /home/user/rubix/internship_project/.venv/lib/python3.10/site-packages/airflow/example_dags/example_sensor_decorator.py took 0.076 seconds
[2024-06-24T14:20:52.217+0300] {processor.py:161} INFO - Started process (PID=28272) to work on /home/user/rubix/internship_project/.venv/lib/python3.10/site-packages/airflow/example_dags/example_sensor_decorator.py
[2024-06-24T14:20:52.218+0300] {processor.py:830} INFO - Processing file /home/user/rubix/internship_project/.venv/lib/python3.10/site-packages/airflow/example_dags/example_sensor_decorator.py for tasks to queue
[2024-06-24T14:20:52.220+0300] {logging_mixin.py:188} INFO - [2024-06-24T14:20:52.220+0300] {dagbag.py:545} INFO - Filling up the DagBag from /home/user/rubix/internship_project/.venv/lib/python3.10/site-packages/airflow/example_dags/example_sensor_decorator.py
[2024-06-24T14:20:52.227+0300] {processor.py:840} INFO - DAG(s) 'example_sensor_decorator' retrieved from /home/user/rubix/internship_project/.venv/lib/python3.10/site-packages/airflow/example_dags/example_sensor_decorator.py
[2024-06-24T14:20:52.244+0300] {logging_mixin.py:188} INFO - [2024-06-24T14:20:52.244+0300] {dag.py:3096} INFO - Sync 1 DAGs
[2024-06-24T14:20:52.253+0300] {logging_mixin.py:188} INFO - [2024-06-24T14:20:52.253+0300] {dag.py:3954} INFO - Setting next_dagrun for example_sensor_decorator to None, run_after=None
[2024-06-24T14:20:52.282+0300] {processor.py:183} INFO - Processing /home/user/rubix/internship_project/.venv/lib/python3.10/site-packages/airflow/example_dags/example_sensor_decorator.py took 0.073 seconds
[2024-06-24T14:21:36.282+0300] {processor.py:161} INFO - Started process (PID=28560) to work on /home/user/rubix/internship_project/.venv/lib/python3.10/site-packages/airflow/example_dags/example_sensor_decorator.py
[2024-06-24T14:21:36.284+0300] {processor.py:830} INFO - Processing file /home/user/rubix/internship_project/.venv/lib/python3.10/site-packages/airflow/example_dags/example_sensor_decorator.py for tasks to queue
[2024-06-24T14:21:36.287+0300] {logging_mixin.py:188} INFO - [2024-06-24T14:21:36.286+0300] {dagbag.py:545} INFO - Filling up the DagBag from /home/user/rubix/internship_project/.venv/lib/python3.10/site-packages/airflow/example_dags/example_sensor_decorator.py
[2024-06-24T14:21:36.294+0300] {processor.py:840} INFO - DAG(s) 'example_sensor_decorator' retrieved from /home/user/rubix/internship_project/.venv/lib/python3.10/site-packages/airflow/example_dags/example_sensor_decorator.py
[2024-06-24T14:21:36.312+0300] {logging_mixin.py:188} INFO - [2024-06-24T14:21:36.312+0300] {dag.py:3096} INFO - Sync 1 DAGs
[2024-06-24T14:21:36.323+0300] {logging_mixin.py:188} INFO - [2024-06-24T14:21:36.323+0300] {dag.py:3954} INFO - Setting next_dagrun for example_sensor_decorator to None, run_after=None
[2024-06-24T14:21:36.354+0300] {processor.py:183} INFO - Processing /home/user/rubix/internship_project/.venv/lib/python3.10/site-packages/airflow/example_dags/example_sensor_decorator.py took 0.081 seconds
[2024-06-24T14:22:29.769+0300] {processor.py:161} INFO - Started process (PID=28779) to work on /home/user/rubix/internship_project/.venv/lib/python3.10/site-packages/airflow/example_dags/example_sensor_decorator.py
[2024-06-24T14:22:29.770+0300] {processor.py:830} INFO - Processing file /home/user/rubix/internship_project/.venv/lib/python3.10/site-packages/airflow/example_dags/example_sensor_decorator.py for tasks to queue
[2024-06-24T14:22:29.772+0300] {logging_mixin.py:188} INFO - [2024-06-24T14:22:29.771+0300] {dagbag.py:545} INFO - Filling up the DagBag from /home/user/rubix/internship_project/.venv/lib/python3.10/site-packages/airflow/example_dags/example_sensor_decorator.py
[2024-06-24T14:22:29.779+0300] {processor.py:840} INFO - DAG(s) 'example_sensor_decorator' retrieved from /home/user/rubix/internship_project/.venv/lib/python3.10/site-packages/airflow/example_dags/example_sensor_decorator.py
[2024-06-24T14:22:29.796+0300] {logging_mixin.py:188} INFO - [2024-06-24T14:22:29.795+0300] {dag.py:3096} INFO - Sync 1 DAGs
[2024-06-24T14:22:29.805+0300] {logging_mixin.py:188} INFO - [2024-06-24T14:22:29.804+0300] {dag.py:3954} INFO - Setting next_dagrun for example_sensor_decorator to None, run_after=None
[2024-06-24T14:22:29.837+0300] {processor.py:183} INFO - Processing /home/user/rubix/internship_project/.venv/lib/python3.10/site-packages/airflow/example_dags/example_sensor_decorator.py took 0.076 seconds
[2024-06-24T14:23:12.971+0300] {processor.py:161} INFO - Started process (PID=28969) to work on /home/user/rubix/internship_project/.venv/lib/python3.10/site-packages/airflow/example_dags/example_sensor_decorator.py
[2024-06-24T14:23:12.972+0300] {processor.py:830} INFO - Processing file /home/user/rubix/internship_project/.venv/lib/python3.10/site-packages/airflow/example_dags/example_sensor_decorator.py for tasks to queue
[2024-06-24T14:23:12.974+0300] {logging_mixin.py:188} INFO - [2024-06-24T14:23:12.973+0300] {dagbag.py:545} INFO - Filling up the DagBag from /home/user/rubix/internship_project/.venv/lib/python3.10/site-packages/airflow/example_dags/example_sensor_decorator.py
[2024-06-24T14:23:12.981+0300] {processor.py:840} INFO - DAG(s) 'example_sensor_decorator' retrieved from /home/user/rubix/internship_project/.venv/lib/python3.10/site-packages/airflow/example_dags/example_sensor_decorator.py
[2024-06-24T14:23:12.998+0300] {logging_mixin.py:188} INFO - [2024-06-24T14:23:12.997+0300] {dag.py:3096} INFO - Sync 1 DAGs
[2024-06-24T14:23:13.007+0300] {logging_mixin.py:188} INFO - [2024-06-24T14:23:13.007+0300] {dag.py:3954} INFO - Setting next_dagrun for example_sensor_decorator to None, run_after=None
[2024-06-24T14:23:13.028+0300] {processor.py:183} INFO - Processing /home/user/rubix/internship_project/.venv/lib/python3.10/site-packages/airflow/example_dags/example_sensor_decorator.py took 0.065 seconds
[2024-06-24T14:23:58.495+0300] {processor.py:161} INFO - Started process (PID=29066) to work on /home/user/rubix/internship_project/.venv/lib/python3.10/site-packages/airflow/example_dags/example_sensor_decorator.py
[2024-06-24T14:23:58.497+0300] {processor.py:830} INFO - Processing file /home/user/rubix/internship_project/.venv/lib/python3.10/site-packages/airflow/example_dags/example_sensor_decorator.py for tasks to queue
[2024-06-24T14:23:58.499+0300] {logging_mixin.py:188} INFO - [2024-06-24T14:23:58.499+0300] {dagbag.py:545} INFO - Filling up the DagBag from /home/user/rubix/internship_project/.venv/lib/python3.10/site-packages/airflow/example_dags/example_sensor_decorator.py
[2024-06-24T14:23:58.509+0300] {processor.py:840} INFO - DAG(s) 'example_sensor_decorator' retrieved from /home/user/rubix/internship_project/.venv/lib/python3.10/site-packages/airflow/example_dags/example_sensor_decorator.py
[2024-06-24T14:23:58.530+0300] {logging_mixin.py:188} INFO - [2024-06-24T14:23:58.530+0300] {dag.py:3096} INFO - Sync 1 DAGs
[2024-06-24T14:23:58.542+0300] {logging_mixin.py:188} INFO - [2024-06-24T14:23:58.542+0300] {dag.py:3954} INFO - Setting next_dagrun for example_sensor_decorator to None, run_after=None
[2024-06-24T14:23:58.564+0300] {processor.py:183} INFO - Processing /home/user/rubix/internship_project/.venv/lib/python3.10/site-packages/airflow/example_dags/example_sensor_decorator.py took 0.079 seconds
[2024-06-24T14:24:44.173+0300] {processor.py:161} INFO - Started process (PID=29304) to work on /home/user/rubix/internship_project/.venv/lib/python3.10/site-packages/airflow/example_dags/example_sensor_decorator.py
[2024-06-24T14:24:44.174+0300] {processor.py:830} INFO - Processing file /home/user/rubix/internship_project/.venv/lib/python3.10/site-packages/airflow/example_dags/example_sensor_decorator.py for tasks to queue
[2024-06-24T14:24:44.175+0300] {logging_mixin.py:188} INFO - [2024-06-24T14:24:44.175+0300] {dagbag.py:545} INFO - Filling up the DagBag from /home/user/rubix/internship_project/.venv/lib/python3.10/site-packages/airflow/example_dags/example_sensor_decorator.py
[2024-06-24T14:24:44.183+0300] {processor.py:840} INFO - DAG(s) 'example_sensor_decorator' retrieved from /home/user/rubix/internship_project/.venv/lib/python3.10/site-packages/airflow/example_dags/example_sensor_decorator.py
[2024-06-24T14:24:44.199+0300] {logging_mixin.py:188} INFO - [2024-06-24T14:24:44.198+0300] {dag.py:3096} INFO - Sync 1 DAGs
[2024-06-24T14:24:44.208+0300] {logging_mixin.py:188} INFO - [2024-06-24T14:24:44.208+0300] {dag.py:3954} INFO - Setting next_dagrun for example_sensor_decorator to None, run_after=None
[2024-06-24T14:24:44.241+0300] {processor.py:183} INFO - Processing /home/user/rubix/internship_project/.venv/lib/python3.10/site-packages/airflow/example_dags/example_sensor_decorator.py took 0.076 seconds
[2024-06-24T14:25:28.118+0300] {processor.py:161} INFO - Started process (PID=29570) to work on /home/user/rubix/internship_project/.venv/lib/python3.10/site-packages/airflow/example_dags/example_sensor_decorator.py
[2024-06-24T14:25:28.119+0300] {processor.py:830} INFO - Processing file /home/user/rubix/internship_project/.venv/lib/python3.10/site-packages/airflow/example_dags/example_sensor_decorator.py for tasks to queue
[2024-06-24T14:25:28.121+0300] {logging_mixin.py:188} INFO - [2024-06-24T14:25:28.121+0300] {dagbag.py:545} INFO - Filling up the DagBag from /home/user/rubix/internship_project/.venv/lib/python3.10/site-packages/airflow/example_dags/example_sensor_decorator.py
[2024-06-24T14:25:28.129+0300] {processor.py:840} INFO - DAG(s) 'example_sensor_decorator' retrieved from /home/user/rubix/internship_project/.venv/lib/python3.10/site-packages/airflow/example_dags/example_sensor_decorator.py
[2024-06-24T14:25:28.147+0300] {logging_mixin.py:188} INFO - [2024-06-24T14:25:28.146+0300] {dag.py:3096} INFO - Sync 1 DAGs
[2024-06-24T14:25:28.157+0300] {logging_mixin.py:188} INFO - [2024-06-24T14:25:28.157+0300] {dag.py:3954} INFO - Setting next_dagrun for example_sensor_decorator to None, run_after=None
[2024-06-24T14:25:28.188+0300] {processor.py:183} INFO - Processing /home/user/rubix/internship_project/.venv/lib/python3.10/site-packages/airflow/example_dags/example_sensor_decorator.py took 0.078 seconds
[2024-06-24T14:26:27.228+0300] {processor.py:161} INFO - Started process (PID=29797) to work on /home/user/rubix/internship_project/.venv/lib/python3.10/site-packages/airflow/example_dags/example_sensor_decorator.py
[2024-06-24T14:26:27.229+0300] {processor.py:830} INFO - Processing file /home/user/rubix/internship_project/.venv/lib/python3.10/site-packages/airflow/example_dags/example_sensor_decorator.py for tasks to queue
[2024-06-24T14:26:27.230+0300] {logging_mixin.py:188} INFO - [2024-06-24T14:26:27.230+0300] {dagbag.py:545} INFO - Filling up the DagBag from /home/user/rubix/internship_project/.venv/lib/python3.10/site-packages/airflow/example_dags/example_sensor_decorator.py
[2024-06-24T14:26:27.238+0300] {processor.py:840} INFO - DAG(s) 'example_sensor_decorator' retrieved from /home/user/rubix/internship_project/.venv/lib/python3.10/site-packages/airflow/example_dags/example_sensor_decorator.py
[2024-06-24T14:26:27.255+0300] {logging_mixin.py:188} INFO - [2024-06-24T14:26:27.255+0300] {dag.py:3096} INFO - Sync 1 DAGs
[2024-06-24T14:26:27.265+0300] {logging_mixin.py:188} INFO - [2024-06-24T14:26:27.265+0300] {dag.py:3954} INFO - Setting next_dagrun for example_sensor_decorator to None, run_after=None
[2024-06-24T14:26:27.295+0300] {processor.py:183} INFO - Processing /home/user/rubix/internship_project/.venv/lib/python3.10/site-packages/airflow/example_dags/example_sensor_decorator.py took 0.075 seconds
[2024-06-24T14:27:11.006+0300] {processor.py:161} INFO - Started process (PID=30242) to work on /home/user/rubix/internship_project/.venv/lib/python3.10/site-packages/airflow/example_dags/example_sensor_decorator.py
[2024-06-24T14:27:11.007+0300] {processor.py:830} INFO - Processing file /home/user/rubix/internship_project/.venv/lib/python3.10/site-packages/airflow/example_dags/example_sensor_decorator.py for tasks to queue
[2024-06-24T14:27:11.009+0300] {logging_mixin.py:188} INFO - [2024-06-24T14:27:11.009+0300] {dagbag.py:545} INFO - Filling up the DagBag from /home/user/rubix/internship_project/.venv/lib/python3.10/site-packages/airflow/example_dags/example_sensor_decorator.py
[2024-06-24T14:27:11.016+0300] {processor.py:840} INFO - DAG(s) 'example_sensor_decorator' retrieved from /home/user/rubix/internship_project/.venv/lib/python3.10/site-packages/airflow/example_dags/example_sensor_decorator.py
[2024-06-24T14:27:11.034+0300] {logging_mixin.py:188} INFO - [2024-06-24T14:27:11.033+0300] {dag.py:3096} INFO - Sync 1 DAGs
[2024-06-24T14:27:11.043+0300] {logging_mixin.py:188} INFO - [2024-06-24T14:27:11.043+0300] {dag.py:3954} INFO - Setting next_dagrun for example_sensor_decorator to None, run_after=None
[2024-06-24T14:27:11.073+0300] {processor.py:183} INFO - Processing /home/user/rubix/internship_project/.venv/lib/python3.10/site-packages/airflow/example_dags/example_sensor_decorator.py took 0.075 seconds
[2024-06-24T14:27:55.412+0300] {processor.py:161} INFO - Started process (PID=30562) to work on /home/user/rubix/internship_project/.venv/lib/python3.10/site-packages/airflow/example_dags/example_sensor_decorator.py
[2024-06-24T14:27:55.413+0300] {processor.py:830} INFO - Processing file /home/user/rubix/internship_project/.venv/lib/python3.10/site-packages/airflow/example_dags/example_sensor_decorator.py for tasks to queue
[2024-06-24T14:27:55.415+0300] {logging_mixin.py:188} INFO - [2024-06-24T14:27:55.414+0300] {dagbag.py:545} INFO - Filling up the DagBag from /home/user/rubix/internship_project/.venv/lib/python3.10/site-packages/airflow/example_dags/example_sensor_decorator.py
[2024-06-24T14:27:55.423+0300] {processor.py:840} INFO - DAG(s) 'example_sensor_decorator' retrieved from /home/user/rubix/internship_project/.venv/lib/python3.10/site-packages/airflow/example_dags/example_sensor_decorator.py
[2024-06-24T14:27:55.441+0300] {logging_mixin.py:188} INFO - [2024-06-24T14:27:55.441+0300] {dag.py:3096} INFO - Sync 1 DAGs
[2024-06-24T14:27:55.452+0300] {logging_mixin.py:188} INFO - [2024-06-24T14:27:55.452+0300] {dag.py:3954} INFO - Setting next_dagrun for example_sensor_decorator to None, run_after=None
[2024-06-24T14:27:55.485+0300] {processor.py:183} INFO - Processing /home/user/rubix/internship_project/.venv/lib/python3.10/site-packages/airflow/example_dags/example_sensor_decorator.py took 0.083 seconds
[2024-06-24T14:28:39.345+0300] {processor.py:161} INFO - Started process (PID=30754) to work on /home/user/rubix/internship_project/.venv/lib/python3.10/site-packages/airflow/example_dags/example_sensor_decorator.py
[2024-06-24T14:28:39.346+0300] {processor.py:830} INFO - Processing file /home/user/rubix/internship_project/.venv/lib/python3.10/site-packages/airflow/example_dags/example_sensor_decorator.py for tasks to queue
[2024-06-24T14:28:39.348+0300] {logging_mixin.py:188} INFO - [2024-06-24T14:28:39.348+0300] {dagbag.py:545} INFO - Filling up the DagBag from /home/user/rubix/internship_project/.venv/lib/python3.10/site-packages/airflow/example_dags/example_sensor_decorator.py
[2024-06-24T14:28:39.356+0300] {processor.py:840} INFO - DAG(s) 'example_sensor_decorator' retrieved from /home/user/rubix/internship_project/.venv/lib/python3.10/site-packages/airflow/example_dags/example_sensor_decorator.py
[2024-06-24T14:28:39.375+0300] {logging_mixin.py:188} INFO - [2024-06-24T14:28:39.375+0300] {dag.py:3096} INFO - Sync 1 DAGs
[2024-06-24T14:28:39.385+0300] {logging_mixin.py:188} INFO - [2024-06-24T14:28:39.385+0300] {dag.py:3954} INFO - Setting next_dagrun for example_sensor_decorator to None, run_after=None
[2024-06-24T14:28:39.418+0300] {processor.py:183} INFO - Processing /home/user/rubix/internship_project/.venv/lib/python3.10/site-packages/airflow/example_dags/example_sensor_decorator.py took 0.081 seconds
[2024-06-24T14:29:27.789+0300] {processor.py:161} INFO - Started process (PID=31218) to work on /home/user/rubix/internship_project/.venv/lib/python3.10/site-packages/airflow/example_dags/example_sensor_decorator.py
[2024-06-24T14:29:27.790+0300] {processor.py:830} INFO - Processing file /home/user/rubix/internship_project/.venv/lib/python3.10/site-packages/airflow/example_dags/example_sensor_decorator.py for tasks to queue
[2024-06-24T14:29:27.791+0300] {logging_mixin.py:188} INFO - [2024-06-24T14:29:27.791+0300] {dagbag.py:545} INFO - Filling up the DagBag from /home/user/rubix/internship_project/.venv/lib/python3.10/site-packages/airflow/example_dags/example_sensor_decorator.py
[2024-06-24T14:29:27.799+0300] {processor.py:840} INFO - DAG(s) 'example_sensor_decorator' retrieved from /home/user/rubix/internship_project/.venv/lib/python3.10/site-packages/airflow/example_dags/example_sensor_decorator.py
[2024-06-24T14:29:27.817+0300] {logging_mixin.py:188} INFO - [2024-06-24T14:29:27.817+0300] {dag.py:3096} INFO - Sync 1 DAGs
[2024-06-24T14:29:27.827+0300] {logging_mixin.py:188} INFO - [2024-06-24T14:29:27.827+0300] {dag.py:3954} INFO - Setting next_dagrun for example_sensor_decorator to None, run_after=None
[2024-06-24T14:29:27.858+0300] {processor.py:183} INFO - Processing /home/user/rubix/internship_project/.venv/lib/python3.10/site-packages/airflow/example_dags/example_sensor_decorator.py took 0.078 seconds
[2024-06-24T14:30:16.037+0300] {processor.py:161} INFO - Started process (PID=31438) to work on /home/user/rubix/internship_project/.venv/lib/python3.10/site-packages/airflow/example_dags/example_sensor_decorator.py
[2024-06-24T14:30:16.038+0300] {processor.py:830} INFO - Processing file /home/user/rubix/internship_project/.venv/lib/python3.10/site-packages/airflow/example_dags/example_sensor_decorator.py for tasks to queue
[2024-06-24T14:30:16.040+0300] {logging_mixin.py:188} INFO - [2024-06-24T14:30:16.039+0300] {dagbag.py:545} INFO - Filling up the DagBag from /home/user/rubix/internship_project/.venv/lib/python3.10/site-packages/airflow/example_dags/example_sensor_decorator.py
[2024-06-24T14:30:16.047+0300] {processor.py:840} INFO - DAG(s) 'example_sensor_decorator' retrieved from /home/user/rubix/internship_project/.venv/lib/python3.10/site-packages/airflow/example_dags/example_sensor_decorator.py
[2024-06-24T14:30:16.067+0300] {logging_mixin.py:188} INFO - [2024-06-24T14:30:16.067+0300] {dag.py:3096} INFO - Sync 1 DAGs
[2024-06-24T14:30:16.082+0300] {logging_mixin.py:188} INFO - [2024-06-24T14:30:16.081+0300] {dag.py:3954} INFO - Setting next_dagrun for example_sensor_decorator to None, run_after=None
[2024-06-24T14:30:16.120+0300] {processor.py:183} INFO - Processing /home/user/rubix/internship_project/.venv/lib/python3.10/site-packages/airflow/example_dags/example_sensor_decorator.py took 0.091 seconds
[2024-06-24T14:31:03.248+0300] {processor.py:161} INFO - Started process (PID=31596) to work on /home/user/rubix/internship_project/.venv/lib/python3.10/site-packages/airflow/example_dags/example_sensor_decorator.py
[2024-06-24T14:31:03.249+0300] {processor.py:830} INFO - Processing file /home/user/rubix/internship_project/.venv/lib/python3.10/site-packages/airflow/example_dags/example_sensor_decorator.py for tasks to queue
[2024-06-24T14:31:03.250+0300] {logging_mixin.py:188} INFO - [2024-06-24T14:31:03.250+0300] {dagbag.py:545} INFO - Filling up the DagBag from /home/user/rubix/internship_project/.venv/lib/python3.10/site-packages/airflow/example_dags/example_sensor_decorator.py
[2024-06-24T14:31:03.259+0300] {processor.py:840} INFO - DAG(s) 'example_sensor_decorator' retrieved from /home/user/rubix/internship_project/.venv/lib/python3.10/site-packages/airflow/example_dags/example_sensor_decorator.py
[2024-06-24T14:31:03.276+0300] {logging_mixin.py:188} INFO - [2024-06-24T14:31:03.276+0300] {dag.py:3096} INFO - Sync 1 DAGs
[2024-06-24T14:31:03.286+0300] {logging_mixin.py:188} INFO - [2024-06-24T14:31:03.286+0300] {dag.py:3954} INFO - Setting next_dagrun for example_sensor_decorator to None, run_after=None
[2024-06-24T14:31:03.321+0300] {processor.py:183} INFO - Processing /home/user/rubix/internship_project/.venv/lib/python3.10/site-packages/airflow/example_dags/example_sensor_decorator.py took 0.082 seconds
[2024-06-24T14:31:49.276+0300] {processor.py:161} INFO - Started process (PID=31933) to work on /home/user/rubix/internship_project/.venv/lib/python3.10/site-packages/airflow/example_dags/example_sensor_decorator.py
[2024-06-24T14:31:49.277+0300] {processor.py:830} INFO - Processing file /home/user/rubix/internship_project/.venv/lib/python3.10/site-packages/airflow/example_dags/example_sensor_decorator.py for tasks to queue
[2024-06-24T14:31:49.279+0300] {logging_mixin.py:188} INFO - [2024-06-24T14:31:49.278+0300] {dagbag.py:545} INFO - Filling up the DagBag from /home/user/rubix/internship_project/.venv/lib/python3.10/site-packages/airflow/example_dags/example_sensor_decorator.py
[2024-06-24T14:31:49.286+0300] {processor.py:840} INFO - DAG(s) 'example_sensor_decorator' retrieved from /home/user/rubix/internship_project/.venv/lib/python3.10/site-packages/airflow/example_dags/example_sensor_decorator.py
[2024-06-24T14:31:49.303+0300] {logging_mixin.py:188} INFO - [2024-06-24T14:31:49.303+0300] {dag.py:3096} INFO - Sync 1 DAGs
[2024-06-24T14:31:49.312+0300] {logging_mixin.py:188} INFO - [2024-06-24T14:31:49.312+0300] {dag.py:3954} INFO - Setting next_dagrun for example_sensor_decorator to None, run_after=None
[2024-06-24T14:31:49.344+0300] {processor.py:183} INFO - Processing /home/user/rubix/internship_project/.venv/lib/python3.10/site-packages/airflow/example_dags/example_sensor_decorator.py took 0.076 seconds
[2024-06-24T14:32:34.977+0300] {processor.py:161} INFO - Started process (PID=32089) to work on /home/user/rubix/internship_project/.venv/lib/python3.10/site-packages/airflow/example_dags/example_sensor_decorator.py
[2024-06-24T14:32:34.978+0300] {processor.py:830} INFO - Processing file /home/user/rubix/internship_project/.venv/lib/python3.10/site-packages/airflow/example_dags/example_sensor_decorator.py for tasks to queue
[2024-06-24T14:32:34.980+0300] {logging_mixin.py:188} INFO - [2024-06-24T14:32:34.980+0300] {dagbag.py:545} INFO - Filling up the DagBag from /home/user/rubix/internship_project/.venv/lib/python3.10/site-packages/airflow/example_dags/example_sensor_decorator.py
[2024-06-24T14:32:34.988+0300] {processor.py:840} INFO - DAG(s) 'example_sensor_decorator' retrieved from /home/user/rubix/internship_project/.venv/lib/python3.10/site-packages/airflow/example_dags/example_sensor_decorator.py
[2024-06-24T14:32:35.006+0300] {logging_mixin.py:188} INFO - [2024-06-24T14:32:35.006+0300] {dag.py:3096} INFO - Sync 1 DAGs
[2024-06-24T14:32:35.017+0300] {logging_mixin.py:188} INFO - [2024-06-24T14:32:35.017+0300] {dag.py:3954} INFO - Setting next_dagrun for example_sensor_decorator to None, run_after=None
[2024-06-24T14:32:35.046+0300] {processor.py:183} INFO - Processing /home/user/rubix/internship_project/.venv/lib/python3.10/site-packages/airflow/example_dags/example_sensor_decorator.py took 0.077 seconds
