[2024-06-24T14:03:07.171+0300] {processor.py:161} INFO - Started process (PID=22627) to work on /home/user/rubix/internship_project/.venv/lib/python3.10/site-packages/airflow/example_dags/example_setup_teardown.py
[2024-06-24T14:03:07.172+0300] {processor.py:830} INFO - Processing file /home/user/rubix/internship_project/.venv/lib/python3.10/site-packages/airflow/example_dags/example_setup_teardown.py for tasks to queue
[2024-06-24T14:03:07.174+0300] {logging_mixin.py:188} INFO - [2024-06-24T14:03:07.173+0300] {dagbag.py:545} INFO - Filling up the DagBag from /home/user/rubix/internship_project/.venv/lib/python3.10/site-packages/airflow/example_dags/example_setup_teardown.py
[2024-06-24T14:03:07.194+0300] {processor.py:840} INFO - DAG(s) 'example_setup_teardown' retrieved from /home/user/rubix/internship_project/.venv/lib/python3.10/site-packages/airflow/example_dags/example_setup_teardown.py
[2024-06-24T14:03:07.205+0300] {logging_mixin.py:188} INFO - [2024-06-24T14:03:07.205+0300] {dag.py:3096} INFO - Sync 1 DAGs
[2024-06-24T14:03:07.220+0300] {logging_mixin.py:188} INFO - [2024-06-24T14:03:07.220+0300] {dag.py:3954} INFO - Setting next_dagrun for example_setup_teardown to 2024-06-23 00:00:00+00:00, run_after=2024-06-24 00:00:00+00:00
[2024-06-24T14:03:07.238+0300] {processor.py:183} INFO - Processing /home/user/rubix/internship_project/.venv/lib/python3.10/site-packages/airflow/example_dags/example_setup_teardown.py took 0.075 seconds
[2024-06-24T14:04:18.598+0300] {processor.py:161} INFO - Started process (PID=23176) to work on /home/user/rubix/internship_project/.venv/lib/python3.10/site-packages/airflow/example_dags/example_setup_teardown.py
[2024-06-24T14:04:18.599+0300] {processor.py:830} INFO - Processing file /home/user/rubix/internship_project/.venv/lib/python3.10/site-packages/airflow/example_dags/example_setup_teardown.py for tasks to queue
[2024-06-24T14:04:18.601+0300] {logging_mixin.py:188} INFO - [2024-06-24T14:04:18.600+0300] {dagbag.py:545} INFO - Filling up the DagBag from /home/user/rubix/internship_project/.venv/lib/python3.10/site-packages/airflow/example_dags/example_setup_teardown.py
[2024-06-24T14:04:18.608+0300] {processor.py:840} INFO - DAG(s) 'example_setup_teardown' retrieved from /home/user/rubix/internship_project/.venv/lib/python3.10/site-packages/airflow/example_dags/example_setup_teardown.py
[2024-06-24T14:04:18.619+0300] {logging_mixin.py:188} INFO - [2024-06-24T14:04:18.619+0300] {dag.py:3096} INFO - Sync 1 DAGs
[2024-06-24T14:04:18.635+0300] {logging_mixin.py:188} INFO - [2024-06-24T14:04:18.635+0300] {dag.py:3954} INFO - Setting next_dagrun for example_setup_teardown to 2024-06-23 00:00:00+00:00, run_after=2024-06-24 00:00:00+00:00
[2024-06-24T14:04:18.663+0300] {processor.py:183} INFO - Processing /home/user/rubix/internship_project/.venv/lib/python3.10/site-packages/airflow/example_dags/example_setup_teardown.py took 0.072 seconds
[2024-06-24T14:05:19.061+0300] {processor.py:161} INFO - Started process (PID=23623) to work on /home/user/rubix/internship_project/.venv/lib/python3.10/site-packages/airflow/example_dags/example_setup_teardown.py
[2024-06-24T14:05:19.062+0300] {processor.py:830} INFO - Processing file /home/user/rubix/internship_project/.venv/lib/python3.10/site-packages/airflow/example_dags/example_setup_teardown.py for tasks to queue
[2024-06-24T14:05:19.064+0300] {logging_mixin.py:188} INFO - [2024-06-24T14:05:19.064+0300] {dagbag.py:545} INFO - Filling up the DagBag from /home/user/rubix/internship_project/.venv/lib/python3.10/site-packages/airflow/example_dags/example_setup_teardown.py
[2024-06-24T14:05:19.084+0300] {processor.py:840} INFO - DAG(s) 'example_setup_teardown' retrieved from /home/user/rubix/internship_project/.venv/lib/python3.10/site-packages/airflow/example_dags/example_setup_teardown.py
[2024-06-24T14:05:19.255+0300] {logging_mixin.py:188} INFO - [2024-06-24T14:05:19.255+0300] {dag.py:3096} INFO - Sync 1 DAGs
[2024-06-24T14:05:19.265+0300] {logging_mixin.py:188} INFO - [2024-06-24T14:05:19.265+0300] {dag.py:3954} INFO - Setting next_dagrun for example_setup_teardown to 2024-06-23 00:00:00+00:00, run_after=2024-06-24 00:00:00+00:00
[2024-06-24T14:05:19.293+0300] {processor.py:183} INFO - Processing /home/user/rubix/internship_project/.venv/lib/python3.10/site-packages/airflow/example_dags/example_setup_teardown.py took 0.239 seconds
[2024-06-24T14:06:20.958+0300] {processor.py:161} INFO - Started process (PID=24100) to work on /home/user/rubix/internship_project/.venv/lib/python3.10/site-packages/airflow/example_dags/example_setup_teardown.py
[2024-06-24T14:06:20.961+0300] {processor.py:830} INFO - Processing file /home/user/rubix/internship_project/.venv/lib/python3.10/site-packages/airflow/example_dags/example_setup_teardown.py for tasks to queue
[2024-06-24T14:06:20.963+0300] {logging_mixin.py:188} INFO - [2024-06-24T14:06:20.963+0300] {dagbag.py:545} INFO - Filling up the DagBag from /home/user/rubix/internship_project/.venv/lib/python3.10/site-packages/airflow/example_dags/example_setup_teardown.py
[2024-06-24T14:06:20.975+0300] {processor.py:840} INFO - DAG(s) 'example_setup_teardown' retrieved from /home/user/rubix/internship_project/.venv/lib/python3.10/site-packages/airflow/example_dags/example_setup_teardown.py
[2024-06-24T14:06:21.000+0300] {logging_mixin.py:188} INFO - [2024-06-24T14:06:21.000+0300] {dag.py:3096} INFO - Sync 1 DAGs
[2024-06-24T14:06:21.203+0300] {logging_mixin.py:188} INFO - [2024-06-24T14:06:21.203+0300] {dag.py:3954} INFO - Setting next_dagrun for example_setup_teardown to 2024-06-23 00:00:00+00:00, run_after=2024-06-24 00:00:00+00:00
[2024-06-24T14:06:21.243+0300] {processor.py:183} INFO - Processing /home/user/rubix/internship_project/.venv/lib/python3.10/site-packages/airflow/example_dags/example_setup_teardown.py took 0.296 seconds
[2024-06-24T14:07:14.920+0300] {processor.py:161} INFO - Started process (PID=24269) to work on /home/user/rubix/internship_project/.venv/lib/python3.10/site-packages/airflow/example_dags/example_setup_teardown.py
[2024-06-24T14:07:14.921+0300] {processor.py:830} INFO - Processing file /home/user/rubix/internship_project/.venv/lib/python3.10/site-packages/airflow/example_dags/example_setup_teardown.py for tasks to queue
[2024-06-24T14:07:14.923+0300] {logging_mixin.py:188} INFO - [2024-06-24T14:07:14.922+0300] {dagbag.py:545} INFO - Filling up the DagBag from /home/user/rubix/internship_project/.venv/lib/python3.10/site-packages/airflow/example_dags/example_setup_teardown.py
[2024-06-24T14:07:14.930+0300] {processor.py:840} INFO - DAG(s) 'example_setup_teardown' retrieved from /home/user/rubix/internship_project/.venv/lib/python3.10/site-packages/airflow/example_dags/example_setup_teardown.py
[2024-06-24T14:07:14.954+0300] {logging_mixin.py:188} INFO - [2024-06-24T14:07:14.953+0300] {dag.py:3096} INFO - Sync 1 DAGs
[2024-06-24T14:07:14.972+0300] {logging_mixin.py:188} INFO - [2024-06-24T14:07:14.972+0300] {dag.py:3954} INFO - Setting next_dagrun for example_setup_teardown to 2024-06-23 00:00:00+00:00, run_after=2024-06-24 00:00:00+00:00
[2024-06-24T14:07:15.003+0300] {processor.py:183} INFO - Processing /home/user/rubix/internship_project/.venv/lib/python3.10/site-packages/airflow/example_dags/example_setup_teardown.py took 0.091 seconds
[2024-06-24T14:08:07.582+0300] {processor.py:161} INFO - Started process (PID=24601) to work on /home/user/rubix/internship_project/.venv/lib/python3.10/site-packages/airflow/example_dags/example_setup_teardown.py
[2024-06-24T14:08:07.583+0300] {processor.py:830} INFO - Processing file /home/user/rubix/internship_project/.venv/lib/python3.10/site-packages/airflow/example_dags/example_setup_teardown.py for tasks to queue
[2024-06-24T14:08:07.586+0300] {logging_mixin.py:188} INFO - [2024-06-24T14:08:07.585+0300] {dagbag.py:545} INFO - Filling up the DagBag from /home/user/rubix/internship_project/.venv/lib/python3.10/site-packages/airflow/example_dags/example_setup_teardown.py
[2024-06-24T14:08:07.597+0300] {processor.py:840} INFO - DAG(s) 'example_setup_teardown' retrieved from /home/user/rubix/internship_project/.venv/lib/python3.10/site-packages/airflow/example_dags/example_setup_teardown.py
[2024-06-24T14:08:07.620+0300] {logging_mixin.py:188} INFO - [2024-06-24T14:08:07.619+0300] {dag.py:3096} INFO - Sync 1 DAGs
[2024-06-24T14:08:07.640+0300] {logging_mixin.py:188} INFO - [2024-06-24T14:08:07.640+0300] {dag.py:3954} INFO - Setting next_dagrun for example_setup_teardown to 2024-06-23 00:00:00+00:00, run_after=2024-06-24 00:00:00+00:00
[2024-06-24T14:08:07.677+0300] {processor.py:183} INFO - Processing /home/user/rubix/internship_project/.venv/lib/python3.10/site-packages/airflow/example_dags/example_setup_teardown.py took 0.105 seconds
[2024-06-24T14:08:54.753+0300] {processor.py:161} INFO - Started process (PID=24865) to work on /home/user/rubix/internship_project/.venv/lib/python3.10/site-packages/airflow/example_dags/example_setup_teardown.py
[2024-06-24T14:08:54.754+0300] {processor.py:830} INFO - Processing file /home/user/rubix/internship_project/.venv/lib/python3.10/site-packages/airflow/example_dags/example_setup_teardown.py for tasks to queue
[2024-06-24T14:08:54.756+0300] {logging_mixin.py:188} INFO - [2024-06-24T14:08:54.755+0300] {dagbag.py:545} INFO - Filling up the DagBag from /home/user/rubix/internship_project/.venv/lib/python3.10/site-packages/airflow/example_dags/example_setup_teardown.py
[2024-06-24T14:08:54.765+0300] {processor.py:840} INFO - DAG(s) 'example_setup_teardown' retrieved from /home/user/rubix/internship_project/.venv/lib/python3.10/site-packages/airflow/example_dags/example_setup_teardown.py
[2024-06-24T14:08:54.784+0300] {logging_mixin.py:188} INFO - [2024-06-24T14:08:54.784+0300] {dag.py:3096} INFO - Sync 1 DAGs
[2024-06-24T14:08:54.801+0300] {logging_mixin.py:188} INFO - [2024-06-24T14:08:54.801+0300] {dag.py:3954} INFO - Setting next_dagrun for example_setup_teardown to 2024-06-23 00:00:00+00:00, run_after=2024-06-24 00:00:00+00:00
[2024-06-24T14:08:54.830+0300] {processor.py:183} INFO - Processing /home/user/rubix/internship_project/.venv/lib/python3.10/site-packages/airflow/example_dags/example_setup_teardown.py took 0.086 seconds
[2024-06-24T14:09:43.467+0300] {processor.py:161} INFO - Started process (PID=25160) to work on /home/user/rubix/internship_project/.venv/lib/python3.10/site-packages/airflow/example_dags/example_setup_teardown.py
[2024-06-24T14:09:43.468+0300] {processor.py:830} INFO - Processing file /home/user/rubix/internship_project/.venv/lib/python3.10/site-packages/airflow/example_dags/example_setup_teardown.py for tasks to queue
[2024-06-24T14:09:43.470+0300] {logging_mixin.py:188} INFO - [2024-06-24T14:09:43.470+0300] {dagbag.py:545} INFO - Filling up the DagBag from /home/user/rubix/internship_project/.venv/lib/python3.10/site-packages/airflow/example_dags/example_setup_teardown.py
[2024-06-24T14:09:43.479+0300] {processor.py:840} INFO - DAG(s) 'example_setup_teardown' retrieved from /home/user/rubix/internship_project/.venv/lib/python3.10/site-packages/airflow/example_dags/example_setup_teardown.py
[2024-06-24T14:09:43.498+0300] {logging_mixin.py:188} INFO - [2024-06-24T14:09:43.498+0300] {dag.py:3096} INFO - Sync 1 DAGs
[2024-06-24T14:09:43.516+0300] {logging_mixin.py:188} INFO - [2024-06-24T14:09:43.516+0300] {dag.py:3954} INFO - Setting next_dagrun for example_setup_teardown to 2024-06-23 00:00:00+00:00, run_after=2024-06-24 00:00:00+00:00
[2024-06-24T14:09:43.547+0300] {processor.py:183} INFO - Processing /home/user/rubix/internship_project/.venv/lib/python3.10/site-packages/airflow/example_dags/example_setup_teardown.py took 0.089 seconds
[2024-06-24T14:10:28.796+0300] {processor.py:161} INFO - Started process (PID=25484) to work on /home/user/rubix/internship_project/.venv/lib/python3.10/site-packages/airflow/example_dags/example_setup_teardown.py
[2024-06-24T14:10:28.797+0300] {processor.py:830} INFO - Processing file /home/user/rubix/internship_project/.venv/lib/python3.10/site-packages/airflow/example_dags/example_setup_teardown.py for tasks to queue
[2024-06-24T14:10:28.800+0300] {logging_mixin.py:188} INFO - [2024-06-24T14:10:28.799+0300] {dagbag.py:545} INFO - Filling up the DagBag from /home/user/rubix/internship_project/.venv/lib/python3.10/site-packages/airflow/example_dags/example_setup_teardown.py
[2024-06-24T14:10:28.807+0300] {processor.py:840} INFO - DAG(s) 'example_setup_teardown' retrieved from /home/user/rubix/internship_project/.venv/lib/python3.10/site-packages/airflow/example_dags/example_setup_teardown.py
[2024-06-24T14:10:28.825+0300] {logging_mixin.py:188} INFO - [2024-06-24T14:10:28.825+0300] {dag.py:3096} INFO - Sync 1 DAGs
[2024-06-24T14:10:28.842+0300] {logging_mixin.py:188} INFO - [2024-06-24T14:10:28.841+0300] {dag.py:3954} INFO - Setting next_dagrun for example_setup_teardown to 2024-06-23 00:00:00+00:00, run_after=2024-06-24 00:00:00+00:00
[2024-06-24T14:10:28.873+0300] {processor.py:183} INFO - Processing /home/user/rubix/internship_project/.venv/lib/python3.10/site-packages/airflow/example_dags/example_setup_teardown.py took 0.086 seconds
[2024-06-24T14:11:12.959+0300] {processor.py:161} INFO - Started process (PID=25777) to work on /home/user/rubix/internship_project/.venv/lib/python3.10/site-packages/airflow/example_dags/example_setup_teardown.py
[2024-06-24T14:11:12.960+0300] {processor.py:830} INFO - Processing file /home/user/rubix/internship_project/.venv/lib/python3.10/site-packages/airflow/example_dags/example_setup_teardown.py for tasks to queue
[2024-06-24T14:11:12.962+0300] {logging_mixin.py:188} INFO - [2024-06-24T14:11:12.962+0300] {dagbag.py:545} INFO - Filling up the DagBag from /home/user/rubix/internship_project/.venv/lib/python3.10/site-packages/airflow/example_dags/example_setup_teardown.py
[2024-06-24T14:11:12.971+0300] {processor.py:840} INFO - DAG(s) 'example_setup_teardown' retrieved from /home/user/rubix/internship_project/.venv/lib/python3.10/site-packages/airflow/example_dags/example_setup_teardown.py
[2024-06-24T14:11:12.993+0300] {logging_mixin.py:188} INFO - [2024-06-24T14:11:12.993+0300] {dag.py:3096} INFO - Sync 1 DAGs
[2024-06-24T14:11:13.010+0300] {logging_mixin.py:188} INFO - [2024-06-24T14:11:13.010+0300] {dag.py:3954} INFO - Setting next_dagrun for example_setup_teardown to 2024-06-23 00:00:00+00:00, run_after=2024-06-24 00:00:00+00:00
[2024-06-24T14:11:13.029+0300] {processor.py:183} INFO - Processing /home/user/rubix/internship_project/.venv/lib/python3.10/site-packages/airflow/example_dags/example_setup_teardown.py took 0.081 seconds
[2024-06-24T14:11:58.695+0300] {processor.py:161} INFO - Started process (PID=26004) to work on /home/user/rubix/internship_project/.venv/lib/python3.10/site-packages/airflow/example_dags/example_setup_teardown.py
[2024-06-24T14:11:58.696+0300] {processor.py:830} INFO - Processing file /home/user/rubix/internship_project/.venv/lib/python3.10/site-packages/airflow/example_dags/example_setup_teardown.py for tasks to queue
[2024-06-24T14:11:58.698+0300] {logging_mixin.py:188} INFO - [2024-06-24T14:11:58.698+0300] {dagbag.py:545} INFO - Filling up the DagBag from /home/user/rubix/internship_project/.venv/lib/python3.10/site-packages/airflow/example_dags/example_setup_teardown.py
[2024-06-24T14:11:58.708+0300] {processor.py:840} INFO - DAG(s) 'example_setup_teardown' retrieved from /home/user/rubix/internship_project/.venv/lib/python3.10/site-packages/airflow/example_dags/example_setup_teardown.py
[2024-06-24T14:11:58.726+0300] {logging_mixin.py:188} INFO - [2024-06-24T14:11:58.726+0300] {dag.py:3096} INFO - Sync 1 DAGs
[2024-06-24T14:11:58.745+0300] {logging_mixin.py:188} INFO - [2024-06-24T14:11:58.745+0300] {dag.py:3954} INFO - Setting next_dagrun for example_setup_teardown to 2024-06-23 00:00:00+00:00, run_after=2024-06-24 00:00:00+00:00
[2024-06-24T14:11:58.778+0300] {processor.py:183} INFO - Processing /home/user/rubix/internship_project/.venv/lib/python3.10/site-packages/airflow/example_dags/example_setup_teardown.py took 0.092 seconds
[2024-06-24T14:12:39.548+0300] {processor.py:161} INFO - Started process (PID=26151) to work on /home/user/rubix/internship_project/.venv/lib/python3.10/site-packages/airflow/example_dags/example_setup_teardown.py
[2024-06-24T14:12:39.549+0300] {processor.py:830} INFO - Processing file /home/user/rubix/internship_project/.venv/lib/python3.10/site-packages/airflow/example_dags/example_setup_teardown.py for tasks to queue
[2024-06-24T14:12:39.552+0300] {logging_mixin.py:188} INFO - [2024-06-24T14:12:39.552+0300] {dagbag.py:545} INFO - Filling up the DagBag from /home/user/rubix/internship_project/.venv/lib/python3.10/site-packages/airflow/example_dags/example_setup_teardown.py
[2024-06-24T14:12:39.572+0300] {processor.py:840} INFO - DAG(s) 'example_setup_teardown' retrieved from /home/user/rubix/internship_project/.venv/lib/python3.10/site-packages/airflow/example_dags/example_setup_teardown.py
[2024-06-24T14:12:39.589+0300] {logging_mixin.py:188} INFO - [2024-06-24T14:12:39.589+0300] {dag.py:3096} INFO - Sync 1 DAGs
[2024-06-24T14:12:39.604+0300] {logging_mixin.py:188} INFO - [2024-06-24T14:12:39.604+0300] {dag.py:3954} INFO - Setting next_dagrun for example_setup_teardown to 2024-06-23 00:00:00+00:00, run_after=2024-06-24 00:00:00+00:00
[2024-06-24T14:12:39.632+0300] {processor.py:183} INFO - Processing /home/user/rubix/internship_project/.venv/lib/python3.10/site-packages/airflow/example_dags/example_setup_teardown.py took 0.092 seconds
[2024-06-24T14:13:31.507+0300] {processor.py:161} INFO - Started process (PID=26325) to work on /home/user/rubix/internship_project/.venv/lib/python3.10/site-packages/airflow/example_dags/example_setup_teardown.py
[2024-06-24T14:13:31.509+0300] {processor.py:830} INFO - Processing file /home/user/rubix/internship_project/.venv/lib/python3.10/site-packages/airflow/example_dags/example_setup_teardown.py for tasks to queue
[2024-06-24T14:13:31.511+0300] {logging_mixin.py:188} INFO - [2024-06-24T14:13:31.511+0300] {dagbag.py:545} INFO - Filling up the DagBag from /home/user/rubix/internship_project/.venv/lib/python3.10/site-packages/airflow/example_dags/example_setup_teardown.py
[2024-06-24T14:13:31.518+0300] {processor.py:840} INFO - DAG(s) 'example_setup_teardown' retrieved from /home/user/rubix/internship_project/.venv/lib/python3.10/site-packages/airflow/example_dags/example_setup_teardown.py
[2024-06-24T14:13:31.535+0300] {logging_mixin.py:188} INFO - [2024-06-24T14:13:31.535+0300] {dag.py:3096} INFO - Sync 1 DAGs
[2024-06-24T14:13:31.550+0300] {logging_mixin.py:188} INFO - [2024-06-24T14:13:31.550+0300] {dag.py:3954} INFO - Setting next_dagrun for example_setup_teardown to 2024-06-23 00:00:00+00:00, run_after=2024-06-24 00:00:00+00:00
[2024-06-24T14:13:31.578+0300] {processor.py:183} INFO - Processing /home/user/rubix/internship_project/.venv/lib/python3.10/site-packages/airflow/example_dags/example_setup_teardown.py took 0.079 seconds
[2024-06-24T14:14:21.939+0300] {processor.py:161} INFO - Started process (PID=26673) to work on /home/user/rubix/internship_project/.venv/lib/python3.10/site-packages/airflow/example_dags/example_setup_teardown.py
[2024-06-24T14:14:21.940+0300] {processor.py:830} INFO - Processing file /home/user/rubix/internship_project/.venv/lib/python3.10/site-packages/airflow/example_dags/example_setup_teardown.py for tasks to queue
[2024-06-24T14:14:21.942+0300] {logging_mixin.py:188} INFO - [2024-06-24T14:14:21.942+0300] {dagbag.py:545} INFO - Filling up the DagBag from /home/user/rubix/internship_project/.venv/lib/python3.10/site-packages/airflow/example_dags/example_setup_teardown.py
[2024-06-24T14:14:21.949+0300] {processor.py:840} INFO - DAG(s) 'example_setup_teardown' retrieved from /home/user/rubix/internship_project/.venv/lib/python3.10/site-packages/airflow/example_dags/example_setup_teardown.py
[2024-06-24T14:14:21.966+0300] {logging_mixin.py:188} INFO - [2024-06-24T14:14:21.966+0300] {dag.py:3096} INFO - Sync 1 DAGs
[2024-06-24T14:14:21.982+0300] {logging_mixin.py:188} INFO - [2024-06-24T14:14:21.982+0300] {dag.py:3954} INFO - Setting next_dagrun for example_setup_teardown to 2024-06-23 00:00:00+00:00, run_after=2024-06-24 00:00:00+00:00
[2024-06-24T14:14:22.012+0300] {processor.py:183} INFO - Processing /home/user/rubix/internship_project/.venv/lib/python3.10/site-packages/airflow/example_dags/example_setup_teardown.py took 0.081 seconds
[2024-06-24T14:15:05.943+0300] {processor.py:161} INFO - Started process (PID=26846) to work on /home/user/rubix/internship_project/.venv/lib/python3.10/site-packages/airflow/example_dags/example_setup_teardown.py
[2024-06-24T14:15:05.944+0300] {processor.py:830} INFO - Processing file /home/user/rubix/internship_project/.venv/lib/python3.10/site-packages/airflow/example_dags/example_setup_teardown.py for tasks to queue
[2024-06-24T14:15:05.946+0300] {logging_mixin.py:188} INFO - [2024-06-24T14:15:05.945+0300] {dagbag.py:545} INFO - Filling up the DagBag from /home/user/rubix/internship_project/.venv/lib/python3.10/site-packages/airflow/example_dags/example_setup_teardown.py
[2024-06-24T14:15:05.953+0300] {processor.py:840} INFO - DAG(s) 'example_setup_teardown' retrieved from /home/user/rubix/internship_project/.venv/lib/python3.10/site-packages/airflow/example_dags/example_setup_teardown.py
[2024-06-24T14:15:05.971+0300] {logging_mixin.py:188} INFO - [2024-06-24T14:15:05.971+0300] {dag.py:3096} INFO - Sync 1 DAGs
[2024-06-24T14:15:05.988+0300] {logging_mixin.py:188} INFO - [2024-06-24T14:15:05.987+0300] {dag.py:3954} INFO - Setting next_dagrun for example_setup_teardown to 2024-06-23 00:00:00+00:00, run_after=2024-06-24 00:00:00+00:00
[2024-06-24T14:15:06.018+0300] {processor.py:183} INFO - Processing /home/user/rubix/internship_project/.venv/lib/python3.10/site-packages/airflow/example_dags/example_setup_teardown.py took 0.084 seconds
[2024-06-24T14:15:48.823+0300] {processor.py:161} INFO - Started process (PID=26938) to work on /home/user/rubix/internship_project/.venv/lib/python3.10/site-packages/airflow/example_dags/example_setup_teardown.py
[2024-06-24T14:15:48.824+0300] {processor.py:830} INFO - Processing file /home/user/rubix/internship_project/.venv/lib/python3.10/site-packages/airflow/example_dags/example_setup_teardown.py for tasks to queue
[2024-06-24T14:15:48.826+0300] {logging_mixin.py:188} INFO - [2024-06-24T14:15:48.826+0300] {dagbag.py:545} INFO - Filling up the DagBag from /home/user/rubix/internship_project/.venv/lib/python3.10/site-packages/airflow/example_dags/example_setup_teardown.py
[2024-06-24T14:15:48.833+0300] {processor.py:840} INFO - DAG(s) 'example_setup_teardown' retrieved from /home/user/rubix/internship_project/.venv/lib/python3.10/site-packages/airflow/example_dags/example_setup_teardown.py
[2024-06-24T14:15:48.850+0300] {logging_mixin.py:188} INFO - [2024-06-24T14:15:48.850+0300] {dag.py:3096} INFO - Sync 1 DAGs
[2024-06-24T14:15:48.865+0300] {logging_mixin.py:188} INFO - [2024-06-24T14:15:48.865+0300] {dag.py:3954} INFO - Setting next_dagrun for example_setup_teardown to 2024-06-23 00:00:00+00:00, run_after=2024-06-24 00:00:00+00:00
[2024-06-24T14:15:48.885+0300] {processor.py:183} INFO - Processing /home/user/rubix/internship_project/.venv/lib/python3.10/site-packages/airflow/example_dags/example_setup_teardown.py took 0.070 seconds
[2024-06-24T14:16:49.194+0300] {processor.py:161} INFO - Started process (PID=27132) to work on /home/user/rubix/internship_project/.venv/lib/python3.10/site-packages/airflow/example_dags/example_setup_teardown.py
[2024-06-24T14:16:49.195+0300] {processor.py:830} INFO - Processing file /home/user/rubix/internship_project/.venv/lib/python3.10/site-packages/airflow/example_dags/example_setup_teardown.py for tasks to queue
[2024-06-24T14:16:49.198+0300] {logging_mixin.py:188} INFO - [2024-06-24T14:16:49.198+0300] {dagbag.py:545} INFO - Filling up the DagBag from /home/user/rubix/internship_project/.venv/lib/python3.10/site-packages/airflow/example_dags/example_setup_teardown.py
[2024-06-24T14:16:49.209+0300] {processor.py:840} INFO - DAG(s) 'example_setup_teardown' retrieved from /home/user/rubix/internship_project/.venv/lib/python3.10/site-packages/airflow/example_dags/example_setup_teardown.py
[2024-06-24T14:16:49.232+0300] {logging_mixin.py:188} INFO - [2024-06-24T14:16:49.232+0300] {dag.py:3096} INFO - Sync 1 DAGs
[2024-06-24T14:16:49.253+0300] {logging_mixin.py:188} INFO - [2024-06-24T14:16:49.253+0300] {dag.py:3954} INFO - Setting next_dagrun for example_setup_teardown to 2024-06-23 00:00:00+00:00, run_after=2024-06-24 00:00:00+00:00
[2024-06-24T14:16:49.284+0300] {processor.py:183} INFO - Processing /home/user/rubix/internship_project/.venv/lib/python3.10/site-packages/airflow/example_dags/example_setup_teardown.py took 0.102 seconds
[2024-06-24T14:17:48.679+0300] {processor.py:161} INFO - Started process (PID=27319) to work on /home/user/rubix/internship_project/.venv/lib/python3.10/site-packages/airflow/example_dags/example_setup_teardown.py
[2024-06-24T14:17:48.680+0300] {processor.py:830} INFO - Processing file /home/user/rubix/internship_project/.venv/lib/python3.10/site-packages/airflow/example_dags/example_setup_teardown.py for tasks to queue
[2024-06-24T14:17:48.683+0300] {logging_mixin.py:188} INFO - [2024-06-24T14:17:48.682+0300] {dagbag.py:545} INFO - Filling up the DagBag from /home/user/rubix/internship_project/.venv/lib/python3.10/site-packages/airflow/example_dags/example_setup_teardown.py
[2024-06-24T14:17:48.690+0300] {processor.py:840} INFO - DAG(s) 'example_setup_teardown' retrieved from /home/user/rubix/internship_project/.venv/lib/python3.10/site-packages/airflow/example_dags/example_setup_teardown.py
[2024-06-24T14:17:48.708+0300] {logging_mixin.py:188} INFO - [2024-06-24T14:17:48.708+0300] {dag.py:3096} INFO - Sync 1 DAGs
[2024-06-24T14:17:48.724+0300] {logging_mixin.py:188} INFO - [2024-06-24T14:17:48.724+0300] {dag.py:3954} INFO - Setting next_dagrun for example_setup_teardown to 2024-06-23 00:00:00+00:00, run_after=2024-06-24 00:00:00+00:00
[2024-06-24T14:17:48.756+0300] {processor.py:183} INFO - Processing /home/user/rubix/internship_project/.venv/lib/python3.10/site-packages/airflow/example_dags/example_setup_teardown.py took 0.085 seconds
[2024-06-24T14:18:39.627+0300] {processor.py:161} INFO - Started process (PID=27480) to work on /home/user/rubix/internship_project/.venv/lib/python3.10/site-packages/airflow/example_dags/example_setup_teardown.py
[2024-06-24T14:18:39.628+0300] {processor.py:830} INFO - Processing file /home/user/rubix/internship_project/.venv/lib/python3.10/site-packages/airflow/example_dags/example_setup_teardown.py for tasks to queue
[2024-06-24T14:18:39.630+0300] {logging_mixin.py:188} INFO - [2024-06-24T14:18:39.630+0300] {dagbag.py:545} INFO - Filling up the DagBag from /home/user/rubix/internship_project/.venv/lib/python3.10/site-packages/airflow/example_dags/example_setup_teardown.py
[2024-06-24T14:18:39.649+0300] {processor.py:840} INFO - DAG(s) 'example_setup_teardown' retrieved from /home/user/rubix/internship_project/.venv/lib/python3.10/site-packages/airflow/example_dags/example_setup_teardown.py
[2024-06-24T14:18:39.666+0300] {logging_mixin.py:188} INFO - [2024-06-24T14:18:39.666+0300] {dag.py:3096} INFO - Sync 1 DAGs
[2024-06-24T14:18:39.682+0300] {logging_mixin.py:188} INFO - [2024-06-24T14:18:39.682+0300] {dag.py:3954} INFO - Setting next_dagrun for example_setup_teardown to 2024-06-23 00:00:00+00:00, run_after=2024-06-24 00:00:00+00:00
[2024-06-24T14:18:39.712+0300] {processor.py:183} INFO - Processing /home/user/rubix/internship_project/.venv/lib/python3.10/site-packages/airflow/example_dags/example_setup_teardown.py took 0.092 seconds
[2024-06-24T14:19:31.807+0300] {processor.py:161} INFO - Started process (PID=27711) to work on /home/user/rubix/internship_project/.venv/lib/python3.10/site-packages/airflow/example_dags/example_setup_teardown.py
[2024-06-24T14:19:31.809+0300] {processor.py:830} INFO - Processing file /home/user/rubix/internship_project/.venv/lib/python3.10/site-packages/airflow/example_dags/example_setup_teardown.py for tasks to queue
[2024-06-24T14:19:31.811+0300] {logging_mixin.py:188} INFO - [2024-06-24T14:19:31.810+0300] {dagbag.py:545} INFO - Filling up the DagBag from /home/user/rubix/internship_project/.venv/lib/python3.10/site-packages/airflow/example_dags/example_setup_teardown.py
[2024-06-24T14:19:31.818+0300] {processor.py:840} INFO - DAG(s) 'example_setup_teardown' retrieved from /home/user/rubix/internship_project/.venv/lib/python3.10/site-packages/airflow/example_dags/example_setup_teardown.py
[2024-06-24T14:19:31.839+0300] {logging_mixin.py:188} INFO - [2024-06-24T14:19:31.839+0300] {dag.py:3096} INFO - Sync 1 DAGs
[2024-06-24T14:19:31.858+0300] {logging_mixin.py:188} INFO - [2024-06-24T14:19:31.858+0300] {dag.py:3954} INFO - Setting next_dagrun for example_setup_teardown to 2024-06-23 00:00:00+00:00, run_after=2024-06-24 00:00:00+00:00
[2024-06-24T14:19:31.890+0300] {processor.py:183} INFO - Processing /home/user/rubix/internship_project/.venv/lib/python3.10/site-packages/airflow/example_dags/example_setup_teardown.py took 0.091 seconds
[2024-06-24T14:20:11.134+0300] {processor.py:161} INFO - Started process (PID=28042) to work on /home/user/rubix/internship_project/.venv/lib/python3.10/site-packages/airflow/example_dags/example_setup_teardown.py
[2024-06-24T14:20:11.135+0300] {processor.py:830} INFO - Processing file /home/user/rubix/internship_project/.venv/lib/python3.10/site-packages/airflow/example_dags/example_setup_teardown.py for tasks to queue
[2024-06-24T14:20:11.137+0300] {logging_mixin.py:188} INFO - [2024-06-24T14:20:11.136+0300] {dagbag.py:545} INFO - Filling up the DagBag from /home/user/rubix/internship_project/.venv/lib/python3.10/site-packages/airflow/example_dags/example_setup_teardown.py
[2024-06-24T14:20:11.144+0300] {processor.py:840} INFO - DAG(s) 'example_setup_teardown' retrieved from /home/user/rubix/internship_project/.venv/lib/python3.10/site-packages/airflow/example_dags/example_setup_teardown.py
[2024-06-24T14:20:11.161+0300] {logging_mixin.py:188} INFO - [2024-06-24T14:20:11.160+0300] {dag.py:3096} INFO - Sync 1 DAGs
[2024-06-24T14:20:11.176+0300] {logging_mixin.py:188} INFO - [2024-06-24T14:20:11.176+0300] {dag.py:3954} INFO - Setting next_dagrun for example_setup_teardown to 2024-06-23 00:00:00+00:00, run_after=2024-06-24 00:00:00+00:00
[2024-06-24T14:20:11.205+0300] {processor.py:183} INFO - Processing /home/user/rubix/internship_project/.venv/lib/python3.10/site-packages/airflow/example_dags/example_setup_teardown.py took 0.079 seconds
[2024-06-24T14:21:11.731+0300] {processor.py:161} INFO - Started process (PID=28445) to work on /home/user/rubix/internship_project/.venv/lib/python3.10/site-packages/airflow/example_dags/example_setup_teardown.py
[2024-06-24T14:21:11.732+0300] {processor.py:830} INFO - Processing file /home/user/rubix/internship_project/.venv/lib/python3.10/site-packages/airflow/example_dags/example_setup_teardown.py for tasks to queue
[2024-06-24T14:21:11.734+0300] {logging_mixin.py:188} INFO - [2024-06-24T14:21:11.734+0300] {dagbag.py:545} INFO - Filling up the DagBag from /home/user/rubix/internship_project/.venv/lib/python3.10/site-packages/airflow/example_dags/example_setup_teardown.py
[2024-06-24T14:21:11.742+0300] {processor.py:840} INFO - DAG(s) 'example_setup_teardown' retrieved from /home/user/rubix/internship_project/.venv/lib/python3.10/site-packages/airflow/example_dags/example_setup_teardown.py
[2024-06-24T14:21:11.759+0300] {logging_mixin.py:188} INFO - [2024-06-24T14:21:11.759+0300] {dag.py:3096} INFO - Sync 1 DAGs
[2024-06-24T14:21:11.773+0300] {logging_mixin.py:188} INFO - [2024-06-24T14:21:11.773+0300] {dag.py:3954} INFO - Setting next_dagrun for example_setup_teardown to 2024-06-23 00:00:00+00:00, run_after=2024-06-24 00:00:00+00:00
[2024-06-24T14:21:11.803+0300] {processor.py:183} INFO - Processing /home/user/rubix/internship_project/.venv/lib/python3.10/site-packages/airflow/example_dags/example_setup_teardown.py took 0.079 seconds
[2024-06-24T14:21:54.679+0300] {processor.py:161} INFO - Started process (PID=28641) to work on /home/user/rubix/internship_project/.venv/lib/python3.10/site-packages/airflow/example_dags/example_setup_teardown.py
[2024-06-24T14:21:54.680+0300] {processor.py:830} INFO - Processing file /home/user/rubix/internship_project/.venv/lib/python3.10/site-packages/airflow/example_dags/example_setup_teardown.py for tasks to queue
[2024-06-24T14:21:54.682+0300] {logging_mixin.py:188} INFO - [2024-06-24T14:21:54.681+0300] {dagbag.py:545} INFO - Filling up the DagBag from /home/user/rubix/internship_project/.venv/lib/python3.10/site-packages/airflow/example_dags/example_setup_teardown.py
[2024-06-24T14:21:54.689+0300] {processor.py:840} INFO - DAG(s) 'example_setup_teardown' retrieved from /home/user/rubix/internship_project/.venv/lib/python3.10/site-packages/airflow/example_dags/example_setup_teardown.py
[2024-06-24T14:21:54.706+0300] {logging_mixin.py:188} INFO - [2024-06-24T14:21:54.706+0300] {dag.py:3096} INFO - Sync 1 DAGs
[2024-06-24T14:21:54.722+0300] {logging_mixin.py:188} INFO - [2024-06-24T14:21:54.722+0300] {dag.py:3954} INFO - Setting next_dagrun for example_setup_teardown to 2024-06-23 00:00:00+00:00, run_after=2024-06-24 00:00:00+00:00
[2024-06-24T14:21:54.753+0300] {processor.py:183} INFO - Processing /home/user/rubix/internship_project/.venv/lib/python3.10/site-packages/airflow/example_dags/example_setup_teardown.py took 0.081 seconds
[2024-06-24T14:22:49.281+0300] {processor.py:161} INFO - Started process (PID=28820) to work on /home/user/rubix/internship_project/.venv/lib/python3.10/site-packages/airflow/example_dags/example_setup_teardown.py
[2024-06-24T14:22:49.282+0300] {processor.py:830} INFO - Processing file /home/user/rubix/internship_project/.venv/lib/python3.10/site-packages/airflow/example_dags/example_setup_teardown.py for tasks to queue
[2024-06-24T14:22:49.284+0300] {logging_mixin.py:188} INFO - [2024-06-24T14:22:49.284+0300] {dagbag.py:545} INFO - Filling up the DagBag from /home/user/rubix/internship_project/.venv/lib/python3.10/site-packages/airflow/example_dags/example_setup_teardown.py
[2024-06-24T14:22:49.292+0300] {processor.py:840} INFO - DAG(s) 'example_setup_teardown' retrieved from /home/user/rubix/internship_project/.venv/lib/python3.10/site-packages/airflow/example_dags/example_setup_teardown.py
[2024-06-24T14:22:49.311+0300] {logging_mixin.py:188} INFO - [2024-06-24T14:22:49.311+0300] {dag.py:3096} INFO - Sync 1 DAGs
[2024-06-24T14:22:49.329+0300] {logging_mixin.py:188} INFO - [2024-06-24T14:22:49.329+0300] {dag.py:3954} INFO - Setting next_dagrun for example_setup_teardown to 2024-06-23 00:00:00+00:00, run_after=2024-06-24 00:00:00+00:00
[2024-06-24T14:22:49.359+0300] {processor.py:183} INFO - Processing /home/user/rubix/internship_project/.venv/lib/python3.10/site-packages/airflow/example_dags/example_setup_teardown.py took 0.090 seconds
[2024-06-24T14:23:34.038+0300] {processor.py:161} INFO - Started process (PID=29011) to work on /home/user/rubix/internship_project/.venv/lib/python3.10/site-packages/airflow/example_dags/example_setup_teardown.py
[2024-06-24T14:23:34.039+0300] {processor.py:830} INFO - Processing file /home/user/rubix/internship_project/.venv/lib/python3.10/site-packages/airflow/example_dags/example_setup_teardown.py for tasks to queue
[2024-06-24T14:23:34.041+0300] {logging_mixin.py:188} INFO - [2024-06-24T14:23:34.040+0300] {dagbag.py:545} INFO - Filling up the DagBag from /home/user/rubix/internship_project/.venv/lib/python3.10/site-packages/airflow/example_dags/example_setup_teardown.py
[2024-06-24T14:23:34.048+0300] {processor.py:840} INFO - DAG(s) 'example_setup_teardown' retrieved from /home/user/rubix/internship_project/.venv/lib/python3.10/site-packages/airflow/example_dags/example_setup_teardown.py
[2024-06-24T14:23:34.065+0300] {logging_mixin.py:188} INFO - [2024-06-24T14:23:34.065+0300] {dag.py:3096} INFO - Sync 1 DAGs
[2024-06-24T14:23:34.080+0300] {logging_mixin.py:188} INFO - [2024-06-24T14:23:34.080+0300] {dag.py:3954} INFO - Setting next_dagrun for example_setup_teardown to 2024-06-23 00:00:00+00:00, run_after=2024-06-24 00:00:00+00:00
[2024-06-24T14:23:34.112+0300] {processor.py:183} INFO - Processing /home/user/rubix/internship_project/.venv/lib/python3.10/site-packages/airflow/example_dags/example_setup_teardown.py took 0.082 seconds
[2024-06-24T14:24:19.966+0300] {processor.py:161} INFO - Started process (PID=29230) to work on /home/user/rubix/internship_project/.venv/lib/python3.10/site-packages/airflow/example_dags/example_setup_teardown.py
[2024-06-24T14:24:19.968+0300] {processor.py:830} INFO - Processing file /home/user/rubix/internship_project/.venv/lib/python3.10/site-packages/airflow/example_dags/example_setup_teardown.py for tasks to queue
[2024-06-24T14:24:19.970+0300] {logging_mixin.py:188} INFO - [2024-06-24T14:24:19.969+0300] {dagbag.py:545} INFO - Filling up the DagBag from /home/user/rubix/internship_project/.venv/lib/python3.10/site-packages/airflow/example_dags/example_setup_teardown.py
[2024-06-24T14:24:19.981+0300] {processor.py:840} INFO - DAG(s) 'example_setup_teardown' retrieved from /home/user/rubix/internship_project/.venv/lib/python3.10/site-packages/airflow/example_dags/example_setup_teardown.py
[2024-06-24T14:24:20.005+0300] {logging_mixin.py:188} INFO - [2024-06-24T14:24:20.004+0300] {dag.py:3096} INFO - Sync 1 DAGs
[2024-06-24T14:24:20.025+0300] {logging_mixin.py:188} INFO - [2024-06-24T14:24:20.025+0300] {dag.py:3954} INFO - Setting next_dagrun for example_setup_teardown to 2024-06-23 00:00:00+00:00, run_after=2024-06-24 00:00:00+00:00
[2024-06-24T14:24:20.070+0300] {processor.py:183} INFO - Processing /home/user/rubix/internship_project/.venv/lib/python3.10/site-packages/airflow/example_dags/example_setup_teardown.py took 0.116 seconds
[2024-06-24T14:25:05.830+0300] {processor.py:161} INFO - Started process (PID=29484) to work on /home/user/rubix/internship_project/.venv/lib/python3.10/site-packages/airflow/example_dags/example_setup_teardown.py
[2024-06-24T14:25:05.831+0300] {processor.py:830} INFO - Processing file /home/user/rubix/internship_project/.venv/lib/python3.10/site-packages/airflow/example_dags/example_setup_teardown.py for tasks to queue
[2024-06-24T14:25:05.834+0300] {logging_mixin.py:188} INFO - [2024-06-24T14:25:05.834+0300] {dagbag.py:545} INFO - Filling up the DagBag from /home/user/rubix/internship_project/.venv/lib/python3.10/site-packages/airflow/example_dags/example_setup_teardown.py
[2024-06-24T14:25:05.842+0300] {processor.py:840} INFO - DAG(s) 'example_setup_teardown' retrieved from /home/user/rubix/internship_project/.venv/lib/python3.10/site-packages/airflow/example_dags/example_setup_teardown.py
[2024-06-24T14:25:05.861+0300] {logging_mixin.py:188} INFO - [2024-06-24T14:25:05.860+0300] {dag.py:3096} INFO - Sync 1 DAGs
[2024-06-24T14:25:05.879+0300] {logging_mixin.py:188} INFO - [2024-06-24T14:25:05.878+0300] {dag.py:3954} INFO - Setting next_dagrun for example_setup_teardown to 2024-06-23 00:00:00+00:00, run_after=2024-06-24 00:00:00+00:00
[2024-06-24T14:25:05.909+0300] {processor.py:183} INFO - Processing /home/user/rubix/internship_project/.venv/lib/python3.10/site-packages/airflow/example_dags/example_setup_teardown.py took 0.087 seconds
[2024-06-24T14:25:47.255+0300] {processor.py:161} INFO - Started process (PID=29608) to work on /home/user/rubix/internship_project/.venv/lib/python3.10/site-packages/airflow/example_dags/example_setup_teardown.py
[2024-06-24T14:25:47.256+0300] {processor.py:830} INFO - Processing file /home/user/rubix/internship_project/.venv/lib/python3.10/site-packages/airflow/example_dags/example_setup_teardown.py for tasks to queue
[2024-06-24T14:25:47.258+0300] {logging_mixin.py:188} INFO - [2024-06-24T14:25:47.258+0300] {dagbag.py:545} INFO - Filling up the DagBag from /home/user/rubix/internship_project/.venv/lib/python3.10/site-packages/airflow/example_dags/example_setup_teardown.py
[2024-06-24T14:25:47.266+0300] {processor.py:840} INFO - DAG(s) 'example_setup_teardown' retrieved from /home/user/rubix/internship_project/.venv/lib/python3.10/site-packages/airflow/example_dags/example_setup_teardown.py
[2024-06-24T14:25:47.283+0300] {logging_mixin.py:188} INFO - [2024-06-24T14:25:47.282+0300] {dag.py:3096} INFO - Sync 1 DAGs
[2024-06-24T14:25:47.297+0300] {logging_mixin.py:188} INFO - [2024-06-24T14:25:47.297+0300] {dag.py:3954} INFO - Setting next_dagrun for example_setup_teardown to 2024-06-23 00:00:00+00:00, run_after=2024-06-24 00:00:00+00:00
[2024-06-24T14:25:47.329+0300] {processor.py:183} INFO - Processing /home/user/rubix/internship_project/.venv/lib/python3.10/site-packages/airflow/example_dags/example_setup_teardown.py took 0.082 seconds
[2024-06-24T14:26:50.137+0300] {processor.py:161} INFO - Started process (PID=29949) to work on /home/user/rubix/internship_project/.venv/lib/python3.10/site-packages/airflow/example_dags/example_setup_teardown.py
[2024-06-24T14:26:50.138+0300] {processor.py:830} INFO - Processing file /home/user/rubix/internship_project/.venv/lib/python3.10/site-packages/airflow/example_dags/example_setup_teardown.py for tasks to queue
[2024-06-24T14:26:50.140+0300] {logging_mixin.py:188} INFO - [2024-06-24T14:26:50.139+0300] {dagbag.py:545} INFO - Filling up the DagBag from /home/user/rubix/internship_project/.venv/lib/python3.10/site-packages/airflow/example_dags/example_setup_teardown.py
[2024-06-24T14:26:50.148+0300] {processor.py:840} INFO - DAG(s) 'example_setup_teardown' retrieved from /home/user/rubix/internship_project/.venv/lib/python3.10/site-packages/airflow/example_dags/example_setup_teardown.py
[2024-06-24T14:26:50.165+0300] {logging_mixin.py:188} INFO - [2024-06-24T14:26:50.165+0300] {dag.py:3096} INFO - Sync 1 DAGs
[2024-06-24T14:26:50.181+0300] {logging_mixin.py:188} INFO - [2024-06-24T14:26:50.180+0300] {dag.py:3954} INFO - Setting next_dagrun for example_setup_teardown to 2024-06-23 00:00:00+00:00, run_after=2024-06-24 00:00:00+00:00
[2024-06-24T14:26:50.209+0300] {processor.py:183} INFO - Processing /home/user/rubix/internship_project/.venv/lib/python3.10/site-packages/airflow/example_dags/example_setup_teardown.py took 0.080 seconds
[2024-06-24T14:27:34.648+0300] {processor.py:161} INFO - Started process (PID=30444) to work on /home/user/rubix/internship_project/.venv/lib/python3.10/site-packages/airflow/example_dags/example_setup_teardown.py
[2024-06-24T14:27:34.649+0300] {processor.py:830} INFO - Processing file /home/user/rubix/internship_project/.venv/lib/python3.10/site-packages/airflow/example_dags/example_setup_teardown.py for tasks to queue
[2024-06-24T14:27:34.650+0300] {logging_mixin.py:188} INFO - [2024-06-24T14:27:34.650+0300] {dagbag.py:545} INFO - Filling up the DagBag from /home/user/rubix/internship_project/.venv/lib/python3.10/site-packages/airflow/example_dags/example_setup_teardown.py
[2024-06-24T14:27:34.659+0300] {processor.py:840} INFO - DAG(s) 'example_setup_teardown' retrieved from /home/user/rubix/internship_project/.venv/lib/python3.10/site-packages/airflow/example_dags/example_setup_teardown.py
[2024-06-24T14:27:34.676+0300] {logging_mixin.py:188} INFO - [2024-06-24T14:27:34.676+0300] {dag.py:3096} INFO - Sync 1 DAGs
[2024-06-24T14:27:34.693+0300] {logging_mixin.py:188} INFO - [2024-06-24T14:27:34.692+0300] {dag.py:3954} INFO - Setting next_dagrun for example_setup_teardown to 2024-06-23 00:00:00+00:00, run_after=2024-06-24 00:00:00+00:00
[2024-06-24T14:27:34.724+0300] {processor.py:183} INFO - Processing /home/user/rubix/internship_project/.venv/lib/python3.10/site-packages/airflow/example_dags/example_setup_teardown.py took 0.084 seconds
[2024-06-24T14:28:36.988+0300] {processor.py:161} INFO - Started process (PID=30749) to work on /home/user/rubix/internship_project/.venv/lib/python3.10/site-packages/airflow/example_dags/example_setup_teardown.py
[2024-06-24T14:28:36.989+0300] {processor.py:830} INFO - Processing file /home/user/rubix/internship_project/.venv/lib/python3.10/site-packages/airflow/example_dags/example_setup_teardown.py for tasks to queue
[2024-06-24T14:28:36.991+0300] {logging_mixin.py:188} INFO - [2024-06-24T14:28:36.991+0300] {dagbag.py:545} INFO - Filling up the DagBag from /home/user/rubix/internship_project/.venv/lib/python3.10/site-packages/airflow/example_dags/example_setup_teardown.py
[2024-06-24T14:28:36.998+0300] {processor.py:840} INFO - DAG(s) 'example_setup_teardown' retrieved from /home/user/rubix/internship_project/.venv/lib/python3.10/site-packages/airflow/example_dags/example_setup_teardown.py
[2024-06-24T14:28:37.015+0300] {logging_mixin.py:188} INFO - [2024-06-24T14:28:37.015+0300] {dag.py:3096} INFO - Sync 1 DAGs
[2024-06-24T14:28:37.031+0300] {logging_mixin.py:188} INFO - [2024-06-24T14:28:37.031+0300] {dag.py:3954} INFO - Setting next_dagrun for example_setup_teardown to 2024-06-23 00:00:00+00:00, run_after=2024-06-24 00:00:00+00:00
[2024-06-24T14:28:37.052+0300] {processor.py:183} INFO - Processing /home/user/rubix/internship_project/.venv/lib/python3.10/site-packages/airflow/example_dags/example_setup_teardown.py took 0.072 seconds
[2024-06-24T14:29:25.850+0300] {processor.py:161} INFO - Started process (PID=31184) to work on /home/user/rubix/internship_project/.venv/lib/python3.10/site-packages/airflow/example_dags/example_setup_teardown.py
[2024-06-24T14:29:25.852+0300] {processor.py:830} INFO - Processing file /home/user/rubix/internship_project/.venv/lib/python3.10/site-packages/airflow/example_dags/example_setup_teardown.py for tasks to queue
[2024-06-24T14:29:25.862+0300] {logging_mixin.py:188} INFO - [2024-06-24T14:29:25.861+0300] {dagbag.py:545} INFO - Filling up the DagBag from /home/user/rubix/internship_project/.venv/lib/python3.10/site-packages/airflow/example_dags/example_setup_teardown.py
[2024-06-24T14:29:25.880+0300] {processor.py:840} INFO - DAG(s) 'example_setup_teardown' retrieved from /home/user/rubix/internship_project/.venv/lib/python3.10/site-packages/airflow/example_dags/example_setup_teardown.py
[2024-06-24T14:29:25.919+0300] {logging_mixin.py:188} INFO - [2024-06-24T14:29:25.919+0300] {dag.py:3096} INFO - Sync 1 DAGs
[2024-06-24T14:29:25.953+0300] {logging_mixin.py:188} INFO - [2024-06-24T14:29:25.953+0300] {dag.py:3954} INFO - Setting next_dagrun for example_setup_teardown to 2024-06-23 00:00:00+00:00, run_after=2024-06-24 00:00:00+00:00
[2024-06-24T14:29:25.987+0300] {processor.py:183} INFO - Processing /home/user/rubix/internship_project/.venv/lib/python3.10/site-packages/airflow/example_dags/example_setup_teardown.py took 0.166 seconds
[2024-06-24T14:30:14.668+0300] {processor.py:161} INFO - Started process (PID=31436) to work on /home/user/rubix/internship_project/.venv/lib/python3.10/site-packages/airflow/example_dags/example_setup_teardown.py
[2024-06-24T14:30:14.669+0300] {processor.py:830} INFO - Processing file /home/user/rubix/internship_project/.venv/lib/python3.10/site-packages/airflow/example_dags/example_setup_teardown.py for tasks to queue
[2024-06-24T14:30:14.673+0300] {logging_mixin.py:188} INFO - [2024-06-24T14:30:14.672+0300] {dagbag.py:545} INFO - Filling up the DagBag from /home/user/rubix/internship_project/.venv/lib/python3.10/site-packages/airflow/example_dags/example_setup_teardown.py
[2024-06-24T14:30:14.681+0300] {processor.py:840} INFO - DAG(s) 'example_setup_teardown' retrieved from /home/user/rubix/internship_project/.venv/lib/python3.10/site-packages/airflow/example_dags/example_setup_teardown.py
[2024-06-24T14:30:14.699+0300] {logging_mixin.py:188} INFO - [2024-06-24T14:30:14.699+0300] {dag.py:3096} INFO - Sync 1 DAGs
[2024-06-24T14:30:14.715+0300] {logging_mixin.py:188} INFO - [2024-06-24T14:30:14.715+0300] {dag.py:3954} INFO - Setting next_dagrun for example_setup_teardown to 2024-06-23 00:00:00+00:00, run_after=2024-06-24 00:00:00+00:00
[2024-06-24T14:30:14.744+0300] {processor.py:183} INFO - Processing /home/user/rubix/internship_project/.venv/lib/python3.10/site-packages/airflow/example_dags/example_setup_teardown.py took 0.083 seconds
[2024-06-24T14:31:01.498+0300] {processor.py:161} INFO - Started process (PID=31558) to work on /home/user/rubix/internship_project/.venv/lib/python3.10/site-packages/airflow/example_dags/example_setup_teardown.py
[2024-06-24T14:31:01.499+0300] {processor.py:830} INFO - Processing file /home/user/rubix/internship_project/.venv/lib/python3.10/site-packages/airflow/example_dags/example_setup_teardown.py for tasks to queue
[2024-06-24T14:31:01.501+0300] {logging_mixin.py:188} INFO - [2024-06-24T14:31:01.501+0300] {dagbag.py:545} INFO - Filling up the DagBag from /home/user/rubix/internship_project/.venv/lib/python3.10/site-packages/airflow/example_dags/example_setup_teardown.py
[2024-06-24T14:31:01.510+0300] {processor.py:840} INFO - DAG(s) 'example_setup_teardown' retrieved from /home/user/rubix/internship_project/.venv/lib/python3.10/site-packages/airflow/example_dags/example_setup_teardown.py
[2024-06-24T14:31:01.529+0300] {logging_mixin.py:188} INFO - [2024-06-24T14:31:01.529+0300] {dag.py:3096} INFO - Sync 1 DAGs
[2024-06-24T14:31:01.548+0300] {logging_mixin.py:188} INFO - [2024-06-24T14:31:01.548+0300] {dag.py:3954} INFO - Setting next_dagrun for example_setup_teardown to 2024-06-23 00:00:00+00:00, run_after=2024-06-24 00:00:00+00:00
[2024-06-24T14:31:01.582+0300] {processor.py:183} INFO - Processing /home/user/rubix/internship_project/.venv/lib/python3.10/site-packages/airflow/example_dags/example_setup_teardown.py took 0.092 seconds
[2024-06-24T14:31:48.153+0300] {processor.py:161} INFO - Started process (PID=31931) to work on /home/user/rubix/internship_project/.venv/lib/python3.10/site-packages/airflow/example_dags/example_setup_teardown.py
[2024-06-24T14:31:48.154+0300] {processor.py:830} INFO - Processing file /home/user/rubix/internship_project/.venv/lib/python3.10/site-packages/airflow/example_dags/example_setup_teardown.py for tasks to queue
[2024-06-24T14:31:48.156+0300] {logging_mixin.py:188} INFO - [2024-06-24T14:31:48.156+0300] {dagbag.py:545} INFO - Filling up the DagBag from /home/user/rubix/internship_project/.venv/lib/python3.10/site-packages/airflow/example_dags/example_setup_teardown.py
[2024-06-24T14:31:48.165+0300] {processor.py:840} INFO - DAG(s) 'example_setup_teardown' retrieved from /home/user/rubix/internship_project/.venv/lib/python3.10/site-packages/airflow/example_dags/example_setup_teardown.py
[2024-06-24T14:31:48.183+0300] {logging_mixin.py:188} INFO - [2024-06-24T14:31:48.182+0300] {dag.py:3096} INFO - Sync 1 DAGs
[2024-06-24T14:31:48.199+0300] {logging_mixin.py:188} INFO - [2024-06-24T14:31:48.199+0300] {dag.py:3954} INFO - Setting next_dagrun for example_setup_teardown to 2024-06-23 00:00:00+00:00, run_after=2024-06-24 00:00:00+00:00
[2024-06-24T14:31:48.218+0300] {processor.py:183} INFO - Processing /home/user/rubix/internship_project/.venv/lib/python3.10/site-packages/airflow/example_dags/example_setup_teardown.py took 0.073 seconds
[2024-06-24T14:32:32.677+0300] {processor.py:161} INFO - Started process (PID=32084) to work on /home/user/rubix/internship_project/.venv/lib/python3.10/site-packages/airflow/example_dags/example_setup_teardown.py
[2024-06-24T14:32:32.678+0300] {processor.py:830} INFO - Processing file /home/user/rubix/internship_project/.venv/lib/python3.10/site-packages/airflow/example_dags/example_setup_teardown.py for tasks to queue
[2024-06-24T14:32:32.680+0300] {logging_mixin.py:188} INFO - [2024-06-24T14:32:32.680+0300] {dagbag.py:545} INFO - Filling up the DagBag from /home/user/rubix/internship_project/.venv/lib/python3.10/site-packages/airflow/example_dags/example_setup_teardown.py
[2024-06-24T14:32:32.692+0300] {processor.py:840} INFO - DAG(s) 'example_setup_teardown' retrieved from /home/user/rubix/internship_project/.venv/lib/python3.10/site-packages/airflow/example_dags/example_setup_teardown.py
[2024-06-24T14:32:32.711+0300] {logging_mixin.py:188} INFO - [2024-06-24T14:32:32.711+0300] {dag.py:3096} INFO - Sync 1 DAGs
[2024-06-24T14:32:32.729+0300] {logging_mixin.py:188} INFO - [2024-06-24T14:32:32.729+0300] {dag.py:3954} INFO - Setting next_dagrun for example_setup_teardown to 2024-06-23 00:00:00+00:00, run_after=2024-06-24 00:00:00+00:00
[2024-06-24T14:32:32.760+0300] {processor.py:183} INFO - Processing /home/user/rubix/internship_project/.venv/lib/python3.10/site-packages/airflow/example_dags/example_setup_teardown.py took 0.093 seconds
