[2024-06-24T14:03:17.856+0300] {processor.py:161} INFO - Started process (PID=22697) to work on /home/user/rubix/internship_project/.venv/lib/python3.10/site-packages/airflow/example_dags/example_latest_only_with_trigger.py
[2024-06-24T14:03:17.857+0300] {processor.py:830} INFO - Processing file /home/user/rubix/internship_project/.venv/lib/python3.10/site-packages/airflow/example_dags/example_latest_only_with_trigger.py for tasks to queue
[2024-06-24T14:03:17.871+0300] {logging_mixin.py:188} INFO - [2024-06-24T14:03:17.870+0300] {dagbag.py:545} INFO - Filling up the DagBag from /home/user/rubix/internship_project/.venv/lib/python3.10/site-packages/airflow/example_dags/example_latest_only_with_trigger.py
[2024-06-24T14:03:17.878+0300] {processor.py:840} INFO - DAG(s) 'latest_only_with_trigger' retrieved from /home/user/rubix/internship_project/.venv/lib/python3.10/site-packages/airflow/example_dags/example_latest_only_with_trigger.py
[2024-06-24T14:03:17.991+0300] {logging_mixin.py:188} INFO - [2024-06-24T14:03:17.991+0300] {dag.py:3096} INFO - Sync 1 DAGs
[2024-06-24T14:03:18.006+0300] {logging_mixin.py:188} INFO - [2024-06-24T14:03:18.005+0300] {dag.py:3954} INFO - Setting next_dagrun for latest_only_with_trigger to 2024-06-24 04:00:00+00:00, run_after=2024-06-24 08:00:00+00:00
[2024-06-24T14:03:18.200+0300] {processor.py:183} INFO - Processing /home/user/rubix/internship_project/.venv/lib/python3.10/site-packages/airflow/example_dags/example_latest_only_with_trigger.py took 0.352 seconds
[2024-06-24T14:04:28.925+0300] {processor.py:161} INFO - Started process (PID=23236) to work on /home/user/rubix/internship_project/.venv/lib/python3.10/site-packages/airflow/example_dags/example_latest_only_with_trigger.py
[2024-06-24T14:04:28.926+0300] {processor.py:830} INFO - Processing file /home/user/rubix/internship_project/.venv/lib/python3.10/site-packages/airflow/example_dags/example_latest_only_with_trigger.py for tasks to queue
[2024-06-24T14:04:28.928+0300] {logging_mixin.py:188} INFO - [2024-06-24T14:04:28.927+0300] {dagbag.py:545} INFO - Filling up the DagBag from /home/user/rubix/internship_project/.venv/lib/python3.10/site-packages/airflow/example_dags/example_latest_only_with_trigger.py
[2024-06-24T14:04:28.934+0300] {processor.py:840} INFO - DAG(s) 'latest_only_with_trigger' retrieved from /home/user/rubix/internship_project/.venv/lib/python3.10/site-packages/airflow/example_dags/example_latest_only_with_trigger.py
[2024-06-24T14:04:29.019+0300] {logging_mixin.py:188} INFO - [2024-06-24T14:04:29.019+0300] {dag.py:3096} INFO - Sync 1 DAGs
[2024-06-24T14:04:29.031+0300] {logging_mixin.py:188} INFO - [2024-06-24T14:04:29.031+0300] {dag.py:3954} INFO - Setting next_dagrun for latest_only_with_trigger to 2024-06-24 04:00:00+00:00, run_after=2024-06-24 08:00:00+00:00
[2024-06-24T14:04:29.147+0300] {processor.py:183} INFO - Processing /home/user/rubix/internship_project/.venv/lib/python3.10/site-packages/airflow/example_dags/example_latest_only_with_trigger.py took 0.229 seconds
[2024-06-24T14:05:30.614+0300] {processor.py:161} INFO - Started process (PID=23700) to work on /home/user/rubix/internship_project/.venv/lib/python3.10/site-packages/airflow/example_dags/example_latest_only_with_trigger.py
[2024-06-24T14:05:30.615+0300] {processor.py:830} INFO - Processing file /home/user/rubix/internship_project/.venv/lib/python3.10/site-packages/airflow/example_dags/example_latest_only_with_trigger.py for tasks to queue
[2024-06-24T14:05:30.617+0300] {logging_mixin.py:188} INFO - [2024-06-24T14:05:30.616+0300] {dagbag.py:545} INFO - Filling up the DagBag from /home/user/rubix/internship_project/.venv/lib/python3.10/site-packages/airflow/example_dags/example_latest_only_with_trigger.py
[2024-06-24T14:05:30.636+0300] {processor.py:840} INFO - DAG(s) 'latest_only_with_trigger' retrieved from /home/user/rubix/internship_project/.venv/lib/python3.10/site-packages/airflow/example_dags/example_latest_only_with_trigger.py
[2024-06-24T14:05:30.653+0300] {logging_mixin.py:188} INFO - [2024-06-24T14:05:30.653+0300] {dag.py:3096} INFO - Sync 1 DAGs
[2024-06-24T14:05:30.667+0300] {logging_mixin.py:188} INFO - [2024-06-24T14:05:30.667+0300] {dag.py:3954} INFO - Setting next_dagrun for latest_only_with_trigger to 2024-06-24 04:00:00+00:00, run_after=2024-06-24 08:00:00+00:00
[2024-06-24T14:05:30.686+0300] {processor.py:183} INFO - Processing /home/user/rubix/internship_project/.venv/lib/python3.10/site-packages/airflow/example_dags/example_latest_only_with_trigger.py took 0.080 seconds
[2024-06-24T14:06:32.931+0300] {processor.py:161} INFO - Started process (PID=24120) to work on /home/user/rubix/internship_project/.venv/lib/python3.10/site-packages/airflow/example_dags/example_latest_only_with_trigger.py
[2024-06-24T14:06:32.932+0300] {processor.py:830} INFO - Processing file /home/user/rubix/internship_project/.venv/lib/python3.10/site-packages/airflow/example_dags/example_latest_only_with_trigger.py for tasks to queue
[2024-06-24T14:06:32.934+0300] {logging_mixin.py:188} INFO - [2024-06-24T14:06:32.934+0300] {dagbag.py:545} INFO - Filling up the DagBag from /home/user/rubix/internship_project/.venv/lib/python3.10/site-packages/airflow/example_dags/example_latest_only_with_trigger.py
[2024-06-24T14:06:32.941+0300] {processor.py:840} INFO - DAG(s) 'latest_only_with_trigger' retrieved from /home/user/rubix/internship_project/.venv/lib/python3.10/site-packages/airflow/example_dags/example_latest_only_with_trigger.py
[2024-06-24T14:06:32.957+0300] {logging_mixin.py:188} INFO - [2024-06-24T14:06:32.957+0300] {dag.py:3096} INFO - Sync 1 DAGs
[2024-06-24T14:06:33.060+0300] {logging_mixin.py:188} INFO - [2024-06-24T14:06:33.059+0300] {dag.py:3954} INFO - Setting next_dagrun for latest_only_with_trigger to 2024-06-24 04:00:00+00:00, run_after=2024-06-24 08:00:00+00:00
[2024-06-24T14:06:33.087+0300] {processor.py:183} INFO - Processing /home/user/rubix/internship_project/.venv/lib/python3.10/site-packages/airflow/example_dags/example_latest_only_with_trigger.py took 0.163 seconds
[2024-06-24T14:07:26.433+0300] {processor.py:161} INFO - Started process (PID=24328) to work on /home/user/rubix/internship_project/.venv/lib/python3.10/site-packages/airflow/example_dags/example_latest_only_with_trigger.py
[2024-06-24T14:07:26.434+0300] {processor.py:830} INFO - Processing file /home/user/rubix/internship_project/.venv/lib/python3.10/site-packages/airflow/example_dags/example_latest_only_with_trigger.py for tasks to queue
[2024-06-24T14:07:26.436+0300] {logging_mixin.py:188} INFO - [2024-06-24T14:07:26.435+0300] {dagbag.py:545} INFO - Filling up the DagBag from /home/user/rubix/internship_project/.venv/lib/python3.10/site-packages/airflow/example_dags/example_latest_only_with_trigger.py
[2024-06-24T14:07:26.442+0300] {processor.py:840} INFO - DAG(s) 'latest_only_with_trigger' retrieved from /home/user/rubix/internship_project/.venv/lib/python3.10/site-packages/airflow/example_dags/example_latest_only_with_trigger.py
[2024-06-24T14:07:26.459+0300] {logging_mixin.py:188} INFO - [2024-06-24T14:07:26.459+0300] {dag.py:3096} INFO - Sync 1 DAGs
[2024-06-24T14:07:26.474+0300] {logging_mixin.py:188} INFO - [2024-06-24T14:07:26.474+0300] {dag.py:3954} INFO - Setting next_dagrun for latest_only_with_trigger to 2024-06-24 04:00:00+00:00, run_after=2024-06-24 08:00:00+00:00
[2024-06-24T14:07:26.504+0300] {processor.py:183} INFO - Processing /home/user/rubix/internship_project/.venv/lib/python3.10/site-packages/airflow/example_dags/example_latest_only_with_trigger.py took 0.079 seconds
[2024-06-24T14:08:18.009+0300] {processor.py:161} INFO - Started process (PID=24677) to work on /home/user/rubix/internship_project/.venv/lib/python3.10/site-packages/airflow/example_dags/example_latest_only_with_trigger.py
[2024-06-24T14:08:18.010+0300] {processor.py:830} INFO - Processing file /home/user/rubix/internship_project/.venv/lib/python3.10/site-packages/airflow/example_dags/example_latest_only_with_trigger.py for tasks to queue
[2024-06-24T14:08:18.012+0300] {logging_mixin.py:188} INFO - [2024-06-24T14:08:18.012+0300] {dagbag.py:545} INFO - Filling up the DagBag from /home/user/rubix/internship_project/.venv/lib/python3.10/site-packages/airflow/example_dags/example_latest_only_with_trigger.py
[2024-06-24T14:08:18.019+0300] {processor.py:840} INFO - DAG(s) 'latest_only_with_trigger' retrieved from /home/user/rubix/internship_project/.venv/lib/python3.10/site-packages/airflow/example_dags/example_latest_only_with_trigger.py
[2024-06-24T14:08:18.035+0300] {logging_mixin.py:188} INFO - [2024-06-24T14:08:18.035+0300] {dag.py:3096} INFO - Sync 1 DAGs
[2024-06-24T14:08:18.051+0300] {logging_mixin.py:188} INFO - [2024-06-24T14:08:18.051+0300] {dag.py:3954} INFO - Setting next_dagrun for latest_only_with_trigger to 2024-06-24 04:00:00+00:00, run_after=2024-06-24 08:00:00+00:00
[2024-06-24T14:08:18.085+0300] {processor.py:183} INFO - Processing /home/user/rubix/internship_project/.venv/lib/python3.10/site-packages/airflow/example_dags/example_latest_only_with_trigger.py took 0.083 seconds
[2024-06-24T14:09:04.749+0300] {processor.py:161} INFO - Started process (PID=25005) to work on /home/user/rubix/internship_project/.venv/lib/python3.10/site-packages/airflow/example_dags/example_latest_only_with_trigger.py
[2024-06-24T14:09:04.752+0300] {processor.py:830} INFO - Processing file /home/user/rubix/internship_project/.venv/lib/python3.10/site-packages/airflow/example_dags/example_latest_only_with_trigger.py for tasks to queue
[2024-06-24T14:09:04.755+0300] {logging_mixin.py:188} INFO - [2024-06-24T14:09:04.754+0300] {dagbag.py:545} INFO - Filling up the DagBag from /home/user/rubix/internship_project/.venv/lib/python3.10/site-packages/airflow/example_dags/example_latest_only_with_trigger.py
[2024-06-24T14:09:04.768+0300] {processor.py:840} INFO - DAG(s) 'latest_only_with_trigger' retrieved from /home/user/rubix/internship_project/.venv/lib/python3.10/site-packages/airflow/example_dags/example_latest_only_with_trigger.py
[2024-06-24T14:09:04.799+0300] {logging_mixin.py:188} INFO - [2024-06-24T14:09:04.799+0300] {dag.py:3096} INFO - Sync 1 DAGs
[2024-06-24T14:09:04.829+0300] {logging_mixin.py:188} INFO - [2024-06-24T14:09:04.829+0300] {dag.py:3954} INFO - Setting next_dagrun for latest_only_with_trigger to 2024-06-24 04:00:00+00:00, run_after=2024-06-24 08:00:00+00:00
[2024-06-24T14:09:04.863+0300] {processor.py:183} INFO - Processing /home/user/rubix/internship_project/.venv/lib/python3.10/site-packages/airflow/example_dags/example_latest_only_with_trigger.py took 0.127 seconds
[2024-06-24T14:10:12.115+0300] {processor.py:161} INFO - Started process (PID=25416) to work on /home/user/rubix/internship_project/.venv/lib/python3.10/site-packages/airflow/example_dags/example_latest_only_with_trigger.py
[2024-06-24T14:10:12.116+0300] {processor.py:830} INFO - Processing file /home/user/rubix/internship_project/.venv/lib/python3.10/site-packages/airflow/example_dags/example_latest_only_with_trigger.py for tasks to queue
[2024-06-24T14:10:12.119+0300] {logging_mixin.py:188} INFO - [2024-06-24T14:10:12.118+0300] {dagbag.py:545} INFO - Filling up the DagBag from /home/user/rubix/internship_project/.venv/lib/python3.10/site-packages/airflow/example_dags/example_latest_only_with_trigger.py
[2024-06-24T14:10:12.126+0300] {processor.py:840} INFO - DAG(s) 'latest_only_with_trigger' retrieved from /home/user/rubix/internship_project/.venv/lib/python3.10/site-packages/airflow/example_dags/example_latest_only_with_trigger.py
[2024-06-24T14:10:12.143+0300] {logging_mixin.py:188} INFO - [2024-06-24T14:10:12.143+0300] {dag.py:3096} INFO - Sync 1 DAGs
[2024-06-24T14:10:12.158+0300] {logging_mixin.py:188} INFO - [2024-06-24T14:10:12.157+0300] {dag.py:3954} INFO - Setting next_dagrun for latest_only_with_trigger to 2024-06-24 04:00:00+00:00, run_after=2024-06-24 08:00:00+00:00
[2024-06-24T14:10:12.188+0300] {processor.py:183} INFO - Processing /home/user/rubix/internship_project/.venv/lib/python3.10/site-packages/airflow/example_dags/example_latest_only_with_trigger.py took 0.082 seconds
[2024-06-24T14:11:18.724+0300] {processor.py:161} INFO - Started process (PID=25800) to work on /home/user/rubix/internship_project/.venv/lib/python3.10/site-packages/airflow/example_dags/example_latest_only_with_trigger.py
[2024-06-24T14:11:18.725+0300] {processor.py:830} INFO - Processing file /home/user/rubix/internship_project/.venv/lib/python3.10/site-packages/airflow/example_dags/example_latest_only_with_trigger.py for tasks to queue
[2024-06-24T14:11:18.727+0300] {logging_mixin.py:188} INFO - [2024-06-24T14:11:18.726+0300] {dagbag.py:545} INFO - Filling up the DagBag from /home/user/rubix/internship_project/.venv/lib/python3.10/site-packages/airflow/example_dags/example_latest_only_with_trigger.py
[2024-06-24T14:11:18.733+0300] {processor.py:840} INFO - DAG(s) 'latest_only_with_trigger' retrieved from /home/user/rubix/internship_project/.venv/lib/python3.10/site-packages/airflow/example_dags/example_latest_only_with_trigger.py
[2024-06-24T14:11:18.750+0300] {logging_mixin.py:188} INFO - [2024-06-24T14:11:18.750+0300] {dag.py:3096} INFO - Sync 1 DAGs
[2024-06-24T14:11:18.768+0300] {logging_mixin.py:188} INFO - [2024-06-24T14:11:18.767+0300] {dag.py:3954} INFO - Setting next_dagrun for latest_only_with_trigger to 2024-06-24 04:00:00+00:00, run_after=2024-06-24 08:00:00+00:00
[2024-06-24T14:11:18.798+0300] {processor.py:183} INFO - Processing /home/user/rubix/internship_project/.venv/lib/python3.10/site-packages/airflow/example_dags/example_latest_only_with_trigger.py took 0.082 seconds
[2024-06-24T14:12:04.458+0300] {processor.py:161} INFO - Started process (PID=26076) to work on /home/user/rubix/internship_project/.venv/lib/python3.10/site-packages/airflow/example_dags/example_latest_only_with_trigger.py
[2024-06-24T14:12:04.459+0300] {processor.py:830} INFO - Processing file /home/user/rubix/internship_project/.venv/lib/python3.10/site-packages/airflow/example_dags/example_latest_only_with_trigger.py for tasks to queue
[2024-06-24T14:12:04.461+0300] {logging_mixin.py:188} INFO - [2024-06-24T14:12:04.461+0300] {dagbag.py:545} INFO - Filling up the DagBag from /home/user/rubix/internship_project/.venv/lib/python3.10/site-packages/airflow/example_dags/example_latest_only_with_trigger.py
[2024-06-24T14:12:04.468+0300] {processor.py:840} INFO - DAG(s) 'latest_only_with_trigger' retrieved from /home/user/rubix/internship_project/.venv/lib/python3.10/site-packages/airflow/example_dags/example_latest_only_with_trigger.py
[2024-06-24T14:12:04.484+0300] {logging_mixin.py:188} INFO - [2024-06-24T14:12:04.484+0300] {dag.py:3096} INFO - Sync 1 DAGs
[2024-06-24T14:12:04.499+0300] {logging_mixin.py:188} INFO - [2024-06-24T14:12:04.499+0300] {dag.py:3954} INFO - Setting next_dagrun for latest_only_with_trigger to 2024-06-24 04:00:00+00:00, run_after=2024-06-24 08:00:00+00:00
[2024-06-24T14:12:04.530+0300] {processor.py:183} INFO - Processing /home/user/rubix/internship_project/.venv/lib/python3.10/site-packages/airflow/example_dags/example_latest_only_with_trigger.py took 0.079 seconds
[2024-06-24T14:13:13.332+0300] {processor.py:161} INFO - Started process (PID=26279) to work on /home/user/rubix/internship_project/.venv/lib/python3.10/site-packages/airflow/example_dags/example_latest_only_with_trigger.py
[2024-06-24T14:13:13.333+0300] {processor.py:830} INFO - Processing file /home/user/rubix/internship_project/.venv/lib/python3.10/site-packages/airflow/example_dags/example_latest_only_with_trigger.py for tasks to queue
[2024-06-24T14:13:13.334+0300] {logging_mixin.py:188} INFO - [2024-06-24T14:13:13.334+0300] {dagbag.py:545} INFO - Filling up the DagBag from /home/user/rubix/internship_project/.venv/lib/python3.10/site-packages/airflow/example_dags/example_latest_only_with_trigger.py
[2024-06-24T14:13:13.353+0300] {processor.py:840} INFO - DAG(s) 'latest_only_with_trigger' retrieved from /home/user/rubix/internship_project/.venv/lib/python3.10/site-packages/airflow/example_dags/example_latest_only_with_trigger.py
[2024-06-24T14:13:13.371+0300] {logging_mixin.py:188} INFO - [2024-06-24T14:13:13.371+0300] {dag.py:3096} INFO - Sync 1 DAGs
[2024-06-24T14:13:13.386+0300] {logging_mixin.py:188} INFO - [2024-06-24T14:13:13.386+0300] {dag.py:3954} INFO - Setting next_dagrun for latest_only_with_trigger to 2024-06-24 04:00:00+00:00, run_after=2024-06-24 08:00:00+00:00
[2024-06-24T14:13:13.410+0300] {processor.py:183} INFO - Processing /home/user/rubix/internship_project/.venv/lib/python3.10/site-packages/airflow/example_dags/example_latest_only_with_trigger.py took 0.087 seconds
[2024-06-24T14:14:05.629+0300] {processor.py:161} INFO - Started process (PID=26602) to work on /home/user/rubix/internship_project/.venv/lib/python3.10/site-packages/airflow/example_dags/example_latest_only_with_trigger.py
[2024-06-24T14:14:05.630+0300] {processor.py:830} INFO - Processing file /home/user/rubix/internship_project/.venv/lib/python3.10/site-packages/airflow/example_dags/example_latest_only_with_trigger.py for tasks to queue
[2024-06-24T14:14:05.632+0300] {logging_mixin.py:188} INFO - [2024-06-24T14:14:05.632+0300] {dagbag.py:545} INFO - Filling up the DagBag from /home/user/rubix/internship_project/.venv/lib/python3.10/site-packages/airflow/example_dags/example_latest_only_with_trigger.py
[2024-06-24T14:14:05.641+0300] {processor.py:840} INFO - DAG(s) 'latest_only_with_trigger' retrieved from /home/user/rubix/internship_project/.venv/lib/python3.10/site-packages/airflow/example_dags/example_latest_only_with_trigger.py
[2024-06-24T14:14:05.660+0300] {logging_mixin.py:188} INFO - [2024-06-24T14:14:05.659+0300] {dag.py:3096} INFO - Sync 1 DAGs
[2024-06-24T14:14:05.680+0300] {logging_mixin.py:188} INFO - [2024-06-24T14:14:05.680+0300] {dag.py:3954} INFO - Setting next_dagrun for latest_only_with_trigger to 2024-06-24 04:00:00+00:00, run_after=2024-06-24 08:00:00+00:00
[2024-06-24T14:14:05.715+0300] {processor.py:183} INFO - Processing /home/user/rubix/internship_project/.venv/lib/python3.10/site-packages/airflow/example_dags/example_latest_only_with_trigger.py took 0.094 seconds
[2024-06-24T14:15:11.098+0300] {processor.py:161} INFO - Started process (PID=26858) to work on /home/user/rubix/internship_project/.venv/lib/python3.10/site-packages/airflow/example_dags/example_latest_only_with_trigger.py
[2024-06-24T14:15:11.099+0300] {processor.py:830} INFO - Processing file /home/user/rubix/internship_project/.venv/lib/python3.10/site-packages/airflow/example_dags/example_latest_only_with_trigger.py for tasks to queue
[2024-06-24T14:15:11.101+0300] {logging_mixin.py:188} INFO - [2024-06-24T14:15:11.101+0300] {dagbag.py:545} INFO - Filling up the DagBag from /home/user/rubix/internship_project/.venv/lib/python3.10/site-packages/airflow/example_dags/example_latest_only_with_trigger.py
[2024-06-24T14:15:11.108+0300] {processor.py:840} INFO - DAG(s) 'latest_only_with_trigger' retrieved from /home/user/rubix/internship_project/.venv/lib/python3.10/site-packages/airflow/example_dags/example_latest_only_with_trigger.py
[2024-06-24T14:15:11.126+0300] {logging_mixin.py:188} INFO - [2024-06-24T14:15:11.126+0300] {dag.py:3096} INFO - Sync 1 DAGs
[2024-06-24T14:15:11.141+0300] {logging_mixin.py:188} INFO - [2024-06-24T14:15:11.141+0300] {dag.py:3954} INFO - Setting next_dagrun for latest_only_with_trigger to 2024-06-24 04:00:00+00:00, run_after=2024-06-24 08:00:00+00:00
[2024-06-24T14:15:11.172+0300] {processor.py:183} INFO - Processing /home/user/rubix/internship_project/.venv/lib/python3.10/site-packages/airflow/example_dags/example_latest_only_with_trigger.py took 0.082 seconds
[2024-06-24T14:16:13.643+0300] {processor.py:161} INFO - Started process (PID=27055) to work on /home/user/rubix/internship_project/.venv/lib/python3.10/site-packages/airflow/example_dags/example_latest_only_with_trigger.py
[2024-06-24T14:16:13.644+0300] {processor.py:830} INFO - Processing file /home/user/rubix/internship_project/.venv/lib/python3.10/site-packages/airflow/example_dags/example_latest_only_with_trigger.py for tasks to queue
[2024-06-24T14:16:13.646+0300] {logging_mixin.py:188} INFO - [2024-06-24T14:16:13.645+0300] {dagbag.py:545} INFO - Filling up the DagBag from /home/user/rubix/internship_project/.venv/lib/python3.10/site-packages/airflow/example_dags/example_latest_only_with_trigger.py
[2024-06-24T14:16:13.652+0300] {processor.py:840} INFO - DAG(s) 'latest_only_with_trigger' retrieved from /home/user/rubix/internship_project/.venv/lib/python3.10/site-packages/airflow/example_dags/example_latest_only_with_trigger.py
[2024-06-24T14:16:13.669+0300] {logging_mixin.py:188} INFO - [2024-06-24T14:16:13.669+0300] {dag.py:3096} INFO - Sync 1 DAGs
[2024-06-24T14:16:13.684+0300] {logging_mixin.py:188} INFO - [2024-06-24T14:16:13.684+0300] {dag.py:3954} INFO - Setting next_dagrun for latest_only_with_trigger to 2024-06-24 04:00:00+00:00, run_after=2024-06-24 08:00:00+00:00
[2024-06-24T14:16:13.716+0300] {processor.py:183} INFO - Processing /home/user/rubix/internship_project/.venv/lib/python3.10/site-packages/airflow/example_dags/example_latest_only_with_trigger.py took 0.081 seconds
[2024-06-24T14:17:12.541+0300] {processor.py:161} INFO - Started process (PID=27240) to work on /home/user/rubix/internship_project/.venv/lib/python3.10/site-packages/airflow/example_dags/example_latest_only_with_trigger.py
[2024-06-24T14:17:12.542+0300] {processor.py:830} INFO - Processing file /home/user/rubix/internship_project/.venv/lib/python3.10/site-packages/airflow/example_dags/example_latest_only_with_trigger.py for tasks to queue
[2024-06-24T14:17:12.544+0300] {logging_mixin.py:188} INFO - [2024-06-24T14:17:12.544+0300] {dagbag.py:545} INFO - Filling up the DagBag from /home/user/rubix/internship_project/.venv/lib/python3.10/site-packages/airflow/example_dags/example_latest_only_with_trigger.py
[2024-06-24T14:17:12.551+0300] {processor.py:840} INFO - DAG(s) 'latest_only_with_trigger' retrieved from /home/user/rubix/internship_project/.venv/lib/python3.10/site-packages/airflow/example_dags/example_latest_only_with_trigger.py
[2024-06-24T14:17:12.569+0300] {logging_mixin.py:188} INFO - [2024-06-24T14:17:12.568+0300] {dag.py:3096} INFO - Sync 1 DAGs
[2024-06-24T14:17:12.584+0300] {logging_mixin.py:188} INFO - [2024-06-24T14:17:12.583+0300] {dag.py:3954} INFO - Setting next_dagrun for latest_only_with_trigger to 2024-06-24 04:00:00+00:00, run_after=2024-06-24 08:00:00+00:00
[2024-06-24T14:17:12.614+0300] {processor.py:183} INFO - Processing /home/user/rubix/internship_project/.venv/lib/python3.10/site-packages/airflow/example_dags/example_latest_only_with_trigger.py took 0.081 seconds
[2024-06-24T14:18:20.577+0300] {processor.py:161} INFO - Started process (PID=27446) to work on /home/user/rubix/internship_project/.venv/lib/python3.10/site-packages/airflow/example_dags/example_latest_only_with_trigger.py
[2024-06-24T14:18:20.579+0300] {processor.py:830} INFO - Processing file /home/user/rubix/internship_project/.venv/lib/python3.10/site-packages/airflow/example_dags/example_latest_only_with_trigger.py for tasks to queue
[2024-06-24T14:18:20.580+0300] {logging_mixin.py:188} INFO - [2024-06-24T14:18:20.580+0300] {dagbag.py:545} INFO - Filling up the DagBag from /home/user/rubix/internship_project/.venv/lib/python3.10/site-packages/airflow/example_dags/example_latest_only_with_trigger.py
[2024-06-24T14:18:20.600+0300] {processor.py:840} INFO - DAG(s) 'latest_only_with_trigger' retrieved from /home/user/rubix/internship_project/.venv/lib/python3.10/site-packages/airflow/example_dags/example_latest_only_with_trigger.py
[2024-06-24T14:18:20.618+0300] {logging_mixin.py:188} INFO - [2024-06-24T14:18:20.618+0300] {dag.py:3096} INFO - Sync 1 DAGs
[2024-06-24T14:18:20.638+0300] {logging_mixin.py:188} INFO - [2024-06-24T14:18:20.638+0300] {dag.py:3954} INFO - Setting next_dagrun for latest_only_with_trigger to 2024-06-24 04:00:00+00:00, run_after=2024-06-24 08:00:00+00:00
[2024-06-24T14:18:20.659+0300] {processor.py:183} INFO - Processing /home/user/rubix/internship_project/.venv/lib/python3.10/site-packages/airflow/example_dags/example_latest_only_with_trigger.py took 0.090 seconds
[2024-06-24T14:19:15.964+0300] {processor.py:161} INFO - Started process (PID=27680) to work on /home/user/rubix/internship_project/.venv/lib/python3.10/site-packages/airflow/example_dags/example_latest_only_with_trigger.py
[2024-06-24T14:19:15.965+0300] {processor.py:830} INFO - Processing file /home/user/rubix/internship_project/.venv/lib/python3.10/site-packages/airflow/example_dags/example_latest_only_with_trigger.py for tasks to queue
[2024-06-24T14:19:15.967+0300] {logging_mixin.py:188} INFO - [2024-06-24T14:19:15.967+0300] {dagbag.py:545} INFO - Filling up the DagBag from /home/user/rubix/internship_project/.venv/lib/python3.10/site-packages/airflow/example_dags/example_latest_only_with_trigger.py
[2024-06-24T14:19:15.974+0300] {processor.py:840} INFO - DAG(s) 'latest_only_with_trigger' retrieved from /home/user/rubix/internship_project/.venv/lib/python3.10/site-packages/airflow/example_dags/example_latest_only_with_trigger.py
[2024-06-24T14:19:15.990+0300] {logging_mixin.py:188} INFO - [2024-06-24T14:19:15.990+0300] {dag.py:3096} INFO - Sync 1 DAGs
[2024-06-24T14:19:16.006+0300] {logging_mixin.py:188} INFO - [2024-06-24T14:19:16.006+0300] {dag.py:3954} INFO - Setting next_dagrun for latest_only_with_trigger to 2024-06-24 04:00:00+00:00, run_after=2024-06-24 08:00:00+00:00
[2024-06-24T14:19:16.035+0300] {processor.py:183} INFO - Processing /home/user/rubix/internship_project/.venv/lib/python3.10/site-packages/airflow/example_dags/example_latest_only_with_trigger.py took 0.078 seconds
[2024-06-24T14:20:16.070+0300] {processor.py:161} INFO - Started process (PID=28071) to work on /home/user/rubix/internship_project/.venv/lib/python3.10/site-packages/airflow/example_dags/example_latest_only_with_trigger.py
[2024-06-24T14:20:16.071+0300] {processor.py:830} INFO - Processing file /home/user/rubix/internship_project/.venv/lib/python3.10/site-packages/airflow/example_dags/example_latest_only_with_trigger.py for tasks to queue
[2024-06-24T14:20:16.072+0300] {logging_mixin.py:188} INFO - [2024-06-24T14:20:16.072+0300] {dagbag.py:545} INFO - Filling up the DagBag from /home/user/rubix/internship_project/.venv/lib/python3.10/site-packages/airflow/example_dags/example_latest_only_with_trigger.py
[2024-06-24T14:20:16.079+0300] {processor.py:840} INFO - DAG(s) 'latest_only_with_trigger' retrieved from /home/user/rubix/internship_project/.venv/lib/python3.10/site-packages/airflow/example_dags/example_latest_only_with_trigger.py
[2024-06-24T14:20:16.098+0300] {logging_mixin.py:188} INFO - [2024-06-24T14:20:16.098+0300] {dag.py:3096} INFO - Sync 1 DAGs
[2024-06-24T14:20:16.113+0300] {logging_mixin.py:188} INFO - [2024-06-24T14:20:16.113+0300] {dag.py:3954} INFO - Setting next_dagrun for latest_only_with_trigger to 2024-06-24 04:00:00+00:00, run_after=2024-06-24 08:00:00+00:00
[2024-06-24T14:20:16.136+0300] {processor.py:183} INFO - Processing /home/user/rubix/internship_project/.venv/lib/python3.10/site-packages/airflow/example_dags/example_latest_only_with_trigger.py took 0.076 seconds
[2024-06-24T14:21:18.132+0300] {processor.py:161} INFO - Started process (PID=28482) to work on /home/user/rubix/internship_project/.venv/lib/python3.10/site-packages/airflow/example_dags/example_latest_only_with_trigger.py
[2024-06-24T14:21:18.133+0300] {processor.py:830} INFO - Processing file /home/user/rubix/internship_project/.venv/lib/python3.10/site-packages/airflow/example_dags/example_latest_only_with_trigger.py for tasks to queue
[2024-06-24T14:21:18.134+0300] {logging_mixin.py:188} INFO - [2024-06-24T14:21:18.134+0300] {dagbag.py:545} INFO - Filling up the DagBag from /home/user/rubix/internship_project/.venv/lib/python3.10/site-packages/airflow/example_dags/example_latest_only_with_trigger.py
[2024-06-24T14:21:18.141+0300] {processor.py:840} INFO - DAG(s) 'latest_only_with_trigger' retrieved from /home/user/rubix/internship_project/.venv/lib/python3.10/site-packages/airflow/example_dags/example_latest_only_with_trigger.py
[2024-06-24T14:21:18.158+0300] {logging_mixin.py:188} INFO - [2024-06-24T14:21:18.158+0300] {dag.py:3096} INFO - Sync 1 DAGs
[2024-06-24T14:21:18.173+0300] {logging_mixin.py:188} INFO - [2024-06-24T14:21:18.173+0300] {dag.py:3954} INFO - Setting next_dagrun for latest_only_with_trigger to 2024-06-24 04:00:00+00:00, run_after=2024-06-24 08:00:00+00:00
[2024-06-24T14:21:18.201+0300] {processor.py:183} INFO - Processing /home/user/rubix/internship_project/.venv/lib/python3.10/site-packages/airflow/example_dags/example_latest_only_with_trigger.py took 0.077 seconds
[2024-06-24T14:22:15.436+0300] {processor.py:161} INFO - Started process (PID=28742) to work on /home/user/rubix/internship_project/.venv/lib/python3.10/site-packages/airflow/example_dags/example_latest_only_with_trigger.py
[2024-06-24T14:22:15.437+0300] {processor.py:830} INFO - Processing file /home/user/rubix/internship_project/.venv/lib/python3.10/site-packages/airflow/example_dags/example_latest_only_with_trigger.py for tasks to queue
[2024-06-24T14:22:15.438+0300] {logging_mixin.py:188} INFO - [2024-06-24T14:22:15.438+0300] {dagbag.py:545} INFO - Filling up the DagBag from /home/user/rubix/internship_project/.venv/lib/python3.10/site-packages/airflow/example_dags/example_latest_only_with_trigger.py
[2024-06-24T14:22:15.445+0300] {processor.py:840} INFO - DAG(s) 'latest_only_with_trigger' retrieved from /home/user/rubix/internship_project/.venv/lib/python3.10/site-packages/airflow/example_dags/example_latest_only_with_trigger.py
[2024-06-24T14:22:15.466+0300] {logging_mixin.py:188} INFO - [2024-06-24T14:22:15.466+0300] {dag.py:3096} INFO - Sync 1 DAGs
[2024-06-24T14:22:15.487+0300] {logging_mixin.py:188} INFO - [2024-06-24T14:22:15.487+0300] {dag.py:3954} INFO - Setting next_dagrun for latest_only_with_trigger to 2024-06-24 04:00:00+00:00, run_after=2024-06-24 08:00:00+00:00
[2024-06-24T14:22:15.519+0300] {processor.py:183} INFO - Processing /home/user/rubix/internship_project/.venv/lib/python3.10/site-packages/airflow/example_dags/example_latest_only_with_trigger.py took 0.091 seconds
[2024-06-24T14:23:18.676+0300] {processor.py:161} INFO - Started process (PID=28980) to work on /home/user/rubix/internship_project/.venv/lib/python3.10/site-packages/airflow/example_dags/example_latest_only_with_trigger.py
[2024-06-24T14:23:18.677+0300] {processor.py:830} INFO - Processing file /home/user/rubix/internship_project/.venv/lib/python3.10/site-packages/airflow/example_dags/example_latest_only_with_trigger.py for tasks to queue
[2024-06-24T14:23:18.679+0300] {logging_mixin.py:188} INFO - [2024-06-24T14:23:18.678+0300] {dagbag.py:545} INFO - Filling up the DagBag from /home/user/rubix/internship_project/.venv/lib/python3.10/site-packages/airflow/example_dags/example_latest_only_with_trigger.py
[2024-06-24T14:23:18.685+0300] {processor.py:840} INFO - DAG(s) 'latest_only_with_trigger' retrieved from /home/user/rubix/internship_project/.venv/lib/python3.10/site-packages/airflow/example_dags/example_latest_only_with_trigger.py
[2024-06-24T14:23:18.702+0300] {logging_mixin.py:188} INFO - [2024-06-24T14:23:18.702+0300] {dag.py:3096} INFO - Sync 1 DAGs
[2024-06-24T14:23:18.720+0300] {logging_mixin.py:188} INFO - [2024-06-24T14:23:18.719+0300] {dag.py:3954} INFO - Setting next_dagrun for latest_only_with_trigger to 2024-06-24 04:00:00+00:00, run_after=2024-06-24 08:00:00+00:00
[2024-06-24T14:23:18.749+0300] {processor.py:183} INFO - Processing /home/user/rubix/internship_project/.venv/lib/python3.10/site-packages/airflow/example_dags/example_latest_only_with_trigger.py took 0.080 seconds
[2024-06-24T14:24:27.527+0300] {processor.py:161} INFO - Started process (PID=29243) to work on /home/user/rubix/internship_project/.venv/lib/python3.10/site-packages/airflow/example_dags/example_latest_only_with_trigger.py
[2024-06-24T14:24:27.528+0300] {processor.py:830} INFO - Processing file /home/user/rubix/internship_project/.venv/lib/python3.10/site-packages/airflow/example_dags/example_latest_only_with_trigger.py for tasks to queue
[2024-06-24T14:24:27.530+0300] {logging_mixin.py:188} INFO - [2024-06-24T14:24:27.530+0300] {dagbag.py:545} INFO - Filling up the DagBag from /home/user/rubix/internship_project/.venv/lib/python3.10/site-packages/airflow/example_dags/example_latest_only_with_trigger.py
[2024-06-24T14:24:27.537+0300] {processor.py:840} INFO - DAG(s) 'latest_only_with_trigger' retrieved from /home/user/rubix/internship_project/.venv/lib/python3.10/site-packages/airflow/example_dags/example_latest_only_with_trigger.py
[2024-06-24T14:24:27.554+0300] {logging_mixin.py:188} INFO - [2024-06-24T14:24:27.554+0300] {dag.py:3096} INFO - Sync 1 DAGs
[2024-06-24T14:24:27.576+0300] {logging_mixin.py:188} INFO - [2024-06-24T14:24:27.576+0300] {dag.py:3954} INFO - Setting next_dagrun for latest_only_with_trigger to 2024-06-24 04:00:00+00:00, run_after=2024-06-24 08:00:00+00:00
[2024-06-24T14:24:27.594+0300] {processor.py:183} INFO - Processing /home/user/rubix/internship_project/.venv/lib/python3.10/site-packages/airflow/example_dags/example_latest_only_with_trigger.py took 0.075 seconds
[2024-06-24T14:25:31.400+0300] {processor.py:161} INFO - Started process (PID=29577) to work on /home/user/rubix/internship_project/.venv/lib/python3.10/site-packages/airflow/example_dags/example_latest_only_with_trigger.py
[2024-06-24T14:25:31.401+0300] {processor.py:830} INFO - Processing file /home/user/rubix/internship_project/.venv/lib/python3.10/site-packages/airflow/example_dags/example_latest_only_with_trigger.py for tasks to queue
[2024-06-24T14:25:31.403+0300] {logging_mixin.py:188} INFO - [2024-06-24T14:25:31.402+0300] {dagbag.py:545} INFO - Filling up the DagBag from /home/user/rubix/internship_project/.venv/lib/python3.10/site-packages/airflow/example_dags/example_latest_only_with_trigger.py
[2024-06-24T14:25:31.409+0300] {processor.py:840} INFO - DAG(s) 'latest_only_with_trigger' retrieved from /home/user/rubix/internship_project/.venv/lib/python3.10/site-packages/airflow/example_dags/example_latest_only_with_trigger.py
[2024-06-24T14:25:31.426+0300] {logging_mixin.py:188} INFO - [2024-06-24T14:25:31.426+0300] {dag.py:3096} INFO - Sync 1 DAGs
[2024-06-24T14:25:31.442+0300] {logging_mixin.py:188} INFO - [2024-06-24T14:25:31.441+0300] {dag.py:3954} INFO - Setting next_dagrun for latest_only_with_trigger to 2024-06-24 04:00:00+00:00, run_after=2024-06-24 08:00:00+00:00
[2024-06-24T14:25:31.472+0300] {processor.py:183} INFO - Processing /home/user/rubix/internship_project/.venv/lib/python3.10/site-packages/airflow/example_dags/example_latest_only_with_trigger.py took 0.080 seconds
[2024-06-24T14:26:31.046+0300] {processor.py:161} INFO - Started process (PID=29815) to work on /home/user/rubix/internship_project/.venv/lib/python3.10/site-packages/airflow/example_dags/example_latest_only_with_trigger.py
[2024-06-24T14:26:31.047+0300] {processor.py:830} INFO - Processing file /home/user/rubix/internship_project/.venv/lib/python3.10/site-packages/airflow/example_dags/example_latest_only_with_trigger.py for tasks to queue
[2024-06-24T14:26:31.049+0300] {logging_mixin.py:188} INFO - [2024-06-24T14:26:31.048+0300] {dagbag.py:545} INFO - Filling up the DagBag from /home/user/rubix/internship_project/.venv/lib/python3.10/site-packages/airflow/example_dags/example_latest_only_with_trigger.py
[2024-06-24T14:26:31.056+0300] {processor.py:840} INFO - DAG(s) 'latest_only_with_trigger' retrieved from /home/user/rubix/internship_project/.venv/lib/python3.10/site-packages/airflow/example_dags/example_latest_only_with_trigger.py
[2024-06-24T14:26:31.079+0300] {logging_mixin.py:188} INFO - [2024-06-24T14:26:31.079+0300] {dag.py:3096} INFO - Sync 1 DAGs
[2024-06-24T14:26:31.100+0300] {logging_mixin.py:188} INFO - [2024-06-24T14:26:31.099+0300] {dag.py:3954} INFO - Setting next_dagrun for latest_only_with_trigger to 2024-06-24 04:00:00+00:00, run_after=2024-06-24 08:00:00+00:00
[2024-06-24T14:26:31.129+0300] {processor.py:183} INFO - Processing /home/user/rubix/internship_project/.venv/lib/python3.10/site-packages/airflow/example_dags/example_latest_only_with_trigger.py took 0.094 seconds
[2024-06-24T14:27:38.104+0300] {processor.py:161} INFO - Started process (PID=30462) to work on /home/user/rubix/internship_project/.venv/lib/python3.10/site-packages/airflow/example_dags/example_latest_only_with_trigger.py
[2024-06-24T14:27:38.106+0300] {processor.py:830} INFO - Processing file /home/user/rubix/internship_project/.venv/lib/python3.10/site-packages/airflow/example_dags/example_latest_only_with_trigger.py for tasks to queue
[2024-06-24T14:27:38.108+0300] {logging_mixin.py:188} INFO - [2024-06-24T14:27:38.107+0300] {dagbag.py:545} INFO - Filling up the DagBag from /home/user/rubix/internship_project/.venv/lib/python3.10/site-packages/airflow/example_dags/example_latest_only_with_trigger.py
[2024-06-24T14:27:38.117+0300] {processor.py:840} INFO - DAG(s) 'latest_only_with_trigger' retrieved from /home/user/rubix/internship_project/.venv/lib/python3.10/site-packages/airflow/example_dags/example_latest_only_with_trigger.py
[2024-06-24T14:27:38.140+0300] {logging_mixin.py:188} INFO - [2024-06-24T14:27:38.140+0300] {dag.py:3096} INFO - Sync 1 DAGs
[2024-06-24T14:27:38.162+0300] {logging_mixin.py:188} INFO - [2024-06-24T14:27:38.162+0300] {dag.py:3954} INFO - Setting next_dagrun for latest_only_with_trigger to 2024-06-24 04:00:00+00:00, run_after=2024-06-24 08:00:00+00:00
[2024-06-24T14:27:38.194+0300] {processor.py:183} INFO - Processing /home/user/rubix/internship_project/.venv/lib/python3.10/site-packages/airflow/example_dags/example_latest_only_with_trigger.py took 0.098 seconds
[2024-06-24T14:28:41.649+0300] {processor.py:161} INFO - Started process (PID=30759) to work on /home/user/rubix/internship_project/.venv/lib/python3.10/site-packages/airflow/example_dags/example_latest_only_with_trigger.py
[2024-06-24T14:28:41.650+0300] {processor.py:830} INFO - Processing file /home/user/rubix/internship_project/.venv/lib/python3.10/site-packages/airflow/example_dags/example_latest_only_with_trigger.py for tasks to queue
[2024-06-24T14:28:41.652+0300] {logging_mixin.py:188} INFO - [2024-06-24T14:28:41.651+0300] {dagbag.py:545} INFO - Filling up the DagBag from /home/user/rubix/internship_project/.venv/lib/python3.10/site-packages/airflow/example_dags/example_latest_only_with_trigger.py
[2024-06-24T14:28:41.658+0300] {processor.py:840} INFO - DAG(s) 'latest_only_with_trigger' retrieved from /home/user/rubix/internship_project/.venv/lib/python3.10/site-packages/airflow/example_dags/example_latest_only_with_trigger.py
[2024-06-24T14:28:41.676+0300] {logging_mixin.py:188} INFO - [2024-06-24T14:28:41.675+0300] {dag.py:3096} INFO - Sync 1 DAGs
[2024-06-24T14:28:41.691+0300] {logging_mixin.py:188} INFO - [2024-06-24T14:28:41.690+0300] {dag.py:3954} INFO - Setting next_dagrun for latest_only_with_trigger to 2024-06-24 04:00:00+00:00, run_after=2024-06-24 08:00:00+00:00
[2024-06-24T14:28:41.723+0300] {processor.py:183} INFO - Processing /home/user/rubix/internship_project/.venv/lib/python3.10/site-packages/airflow/example_dags/example_latest_only_with_trigger.py took 0.083 seconds
[2024-06-24T14:29:30.464+0300] {processor.py:161} INFO - Started process (PID=31221) to work on /home/user/rubix/internship_project/.venv/lib/python3.10/site-packages/airflow/example_dags/example_latest_only_with_trigger.py
[2024-06-24T14:29:30.466+0300] {processor.py:830} INFO - Processing file /home/user/rubix/internship_project/.venv/lib/python3.10/site-packages/airflow/example_dags/example_latest_only_with_trigger.py for tasks to queue
[2024-06-24T14:29:30.467+0300] {logging_mixin.py:188} INFO - [2024-06-24T14:29:30.467+0300] {dagbag.py:545} INFO - Filling up the DagBag from /home/user/rubix/internship_project/.venv/lib/python3.10/site-packages/airflow/example_dags/example_latest_only_with_trigger.py
[2024-06-24T14:29:30.474+0300] {processor.py:840} INFO - DAG(s) 'latest_only_with_trigger' retrieved from /home/user/rubix/internship_project/.venv/lib/python3.10/site-packages/airflow/example_dags/example_latest_only_with_trigger.py
[2024-06-24T14:29:30.493+0300] {logging_mixin.py:188} INFO - [2024-06-24T14:29:30.493+0300] {dag.py:3096} INFO - Sync 1 DAGs
[2024-06-24T14:29:30.510+0300] {logging_mixin.py:188} INFO - [2024-06-24T14:29:30.510+0300] {dag.py:3954} INFO - Setting next_dagrun for latest_only_with_trigger to 2024-06-24 04:00:00+00:00, run_after=2024-06-24 08:00:00+00:00
[2024-06-24T14:29:30.544+0300] {processor.py:183} INFO - Processing /home/user/rubix/internship_project/.venv/lib/python3.10/site-packages/airflow/example_dags/example_latest_only_with_trigger.py took 0.088 seconds
[2024-06-24T14:30:19.606+0300] {processor.py:161} INFO - Started process (PID=31444) to work on /home/user/rubix/internship_project/.venv/lib/python3.10/site-packages/airflow/example_dags/example_latest_only_with_trigger.py
[2024-06-24T14:30:19.607+0300] {processor.py:830} INFO - Processing file /home/user/rubix/internship_project/.venv/lib/python3.10/site-packages/airflow/example_dags/example_latest_only_with_trigger.py for tasks to queue
[2024-06-24T14:30:19.608+0300] {logging_mixin.py:188} INFO - [2024-06-24T14:30:19.608+0300] {dagbag.py:545} INFO - Filling up the DagBag from /home/user/rubix/internship_project/.venv/lib/python3.10/site-packages/airflow/example_dags/example_latest_only_with_trigger.py
[2024-06-24T14:30:19.615+0300] {processor.py:840} INFO - DAG(s) 'latest_only_with_trigger' retrieved from /home/user/rubix/internship_project/.venv/lib/python3.10/site-packages/airflow/example_dags/example_latest_only_with_trigger.py
[2024-06-24T14:30:19.632+0300] {logging_mixin.py:188} INFO - [2024-06-24T14:30:19.632+0300] {dag.py:3096} INFO - Sync 1 DAGs
[2024-06-24T14:30:19.648+0300] {logging_mixin.py:188} INFO - [2024-06-24T14:30:19.648+0300] {dag.py:3954} INFO - Setting next_dagrun for latest_only_with_trigger to 2024-06-24 04:00:00+00:00, run_after=2024-06-24 08:00:00+00:00
[2024-06-24T14:30:19.682+0300] {processor.py:183} INFO - Processing /home/user/rubix/internship_project/.venv/lib/python3.10/site-packages/airflow/example_dags/example_latest_only_with_trigger.py took 0.084 seconds
[2024-06-24T14:31:06.120+0300] {processor.py:161} INFO - Started process (PID=31627) to work on /home/user/rubix/internship_project/.venv/lib/python3.10/site-packages/airflow/example_dags/example_latest_only_with_trigger.py
[2024-06-24T14:31:06.122+0300] {processor.py:830} INFO - Processing file /home/user/rubix/internship_project/.venv/lib/python3.10/site-packages/airflow/example_dags/example_latest_only_with_trigger.py for tasks to queue
[2024-06-24T14:31:06.127+0300] {logging_mixin.py:188} INFO - [2024-06-24T14:31:06.126+0300] {dagbag.py:545} INFO - Filling up the DagBag from /home/user/rubix/internship_project/.venv/lib/python3.10/site-packages/airflow/example_dags/example_latest_only_with_trigger.py
[2024-06-24T14:31:06.136+0300] {processor.py:840} INFO - DAG(s) 'latest_only_with_trigger' retrieved from /home/user/rubix/internship_project/.venv/lib/python3.10/site-packages/airflow/example_dags/example_latest_only_with_trigger.py
[2024-06-24T14:31:06.162+0300] {logging_mixin.py:188} INFO - [2024-06-24T14:31:06.162+0300] {dag.py:3096} INFO - Sync 1 DAGs
[2024-06-24T14:31:06.186+0300] {logging_mixin.py:188} INFO - [2024-06-24T14:31:06.185+0300] {dag.py:3954} INFO - Setting next_dagrun for latest_only_with_trigger to 2024-06-24 04:00:00+00:00, run_after=2024-06-24 08:00:00+00:00
[2024-06-24T14:31:06.227+0300] {processor.py:183} INFO - Processing /home/user/rubix/internship_project/.venv/lib/python3.10/site-packages/airflow/example_dags/example_latest_only_with_trigger.py took 0.116 seconds
[2024-06-24T14:31:53.886+0300] {processor.py:161} INFO - Started process (PID=31943) to work on /home/user/rubix/internship_project/.venv/lib/python3.10/site-packages/airflow/example_dags/example_latest_only_with_trigger.py
[2024-06-24T14:31:53.887+0300] {processor.py:830} INFO - Processing file /home/user/rubix/internship_project/.venv/lib/python3.10/site-packages/airflow/example_dags/example_latest_only_with_trigger.py for tasks to queue
[2024-06-24T14:31:53.889+0300] {logging_mixin.py:188} INFO - [2024-06-24T14:31:53.888+0300] {dagbag.py:545} INFO - Filling up the DagBag from /home/user/rubix/internship_project/.venv/lib/python3.10/site-packages/airflow/example_dags/example_latest_only_with_trigger.py
[2024-06-24T14:31:53.895+0300] {processor.py:840} INFO - DAG(s) 'latest_only_with_trigger' retrieved from /home/user/rubix/internship_project/.venv/lib/python3.10/site-packages/airflow/example_dags/example_latest_only_with_trigger.py
[2024-06-24T14:31:53.912+0300] {logging_mixin.py:188} INFO - [2024-06-24T14:31:53.912+0300] {dag.py:3096} INFO - Sync 1 DAGs
[2024-06-24T14:31:53.927+0300] {logging_mixin.py:188} INFO - [2024-06-24T14:31:53.927+0300] {dag.py:3954} INFO - Setting next_dagrun for latest_only_with_trigger to 2024-06-24 04:00:00+00:00, run_after=2024-06-24 08:00:00+00:00
[2024-06-24T14:31:53.958+0300] {processor.py:183} INFO - Processing /home/user/rubix/internship_project/.venv/lib/python3.10/site-packages/airflow/example_dags/example_latest_only_with_trigger.py took 0.079 seconds
