[2024-06-24T14:02:54.350+0300] {processor.py:161} INFO - Started process (PID=22500) to work on /home/user/rubix/internship_project/.venv/lib/python3.10/site-packages/airflow/example_dags/example_xcom.py
[2024-06-24T14:02:54.351+0300] {processor.py:830} INFO - Processing file /home/user/rubix/internship_project/.venv/lib/python3.10/site-packages/airflow/example_dags/example_xcom.py for tasks to queue
[2024-06-24T14:02:54.353+0300] {logging_mixin.py:188} INFO - [2024-06-24T14:02:54.352+0300] {dagbag.py:545} INFO - Filling up the DagBag from /home/user/rubix/internship_project/.venv/lib/python3.10/site-packages/airflow/example_dags/example_xcom.py
[2024-06-24T14:02:54.376+0300] {processor.py:840} INFO - DAG(s) 'example_xcom' retrieved from /home/user/rubix/internship_project/.venv/lib/python3.10/site-packages/airflow/example_dags/example_xcom.py
[2024-06-24T14:02:54.386+0300] {logging_mixin.py:188} INFO - [2024-06-24T14:02:54.386+0300] {dag.py:3096} INFO - Sync 1 DAGs
[2024-06-24T14:02:54.404+0300] {logging_mixin.py:188} INFO - [2024-06-24T14:02:54.404+0300] {dag.py:3954} INFO - Setting next_dagrun for example_xcom to 2021-01-01 00:00:00+00:00, run_after=2021-01-01 00:00:00+00:00
[2024-06-24T14:02:54.424+0300] {processor.py:183} INFO - Processing /home/user/rubix/internship_project/.venv/lib/python3.10/site-packages/airflow/example_dags/example_xcom.py took 0.082 seconds
[2024-06-24T14:04:08.289+0300] {processor.py:161} INFO - Started process (PID=23088) to work on /home/user/rubix/internship_project/.venv/lib/python3.10/site-packages/airflow/example_dags/example_xcom.py
[2024-06-24T14:04:08.291+0300] {processor.py:830} INFO - Processing file /home/user/rubix/internship_project/.venv/lib/python3.10/site-packages/airflow/example_dags/example_xcom.py for tasks to queue
[2024-06-24T14:04:08.292+0300] {logging_mixin.py:188} INFO - [2024-06-24T14:04:08.292+0300] {dagbag.py:545} INFO - Filling up the DagBag from /home/user/rubix/internship_project/.venv/lib/python3.10/site-packages/airflow/example_dags/example_xcom.py
[2024-06-24T14:04:08.306+0300] {processor.py:840} INFO - DAG(s) 'example_xcom' retrieved from /home/user/rubix/internship_project/.venv/lib/python3.10/site-packages/airflow/example_dags/example_xcom.py
[2024-06-24T14:04:08.316+0300] {logging_mixin.py:188} INFO - [2024-06-24T14:04:08.316+0300] {dag.py:3096} INFO - Sync 1 DAGs
[2024-06-24T14:04:08.336+0300] {logging_mixin.py:188} INFO - [2024-06-24T14:04:08.336+0300] {dag.py:3954} INFO - Setting next_dagrun for example_xcom to 2021-01-01 00:00:00+00:00, run_after=2021-01-01 00:00:00+00:00
[2024-06-24T14:04:08.369+0300] {processor.py:183} INFO - Processing /home/user/rubix/internship_project/.venv/lib/python3.10/site-packages/airflow/example_dags/example_xcom.py took 0.087 seconds
[2024-06-24T14:05:04.733+0300] {processor.py:161} INFO - Started process (PID=23527) to work on /home/user/rubix/internship_project/.venv/lib/python3.10/site-packages/airflow/example_dags/example_xcom.py
[2024-06-24T14:05:04.734+0300] {processor.py:830} INFO - Processing file /home/user/rubix/internship_project/.venv/lib/python3.10/site-packages/airflow/example_dags/example_xcom.py for tasks to queue
[2024-06-24T14:05:04.736+0300] {logging_mixin.py:188} INFO - [2024-06-24T14:05:04.736+0300] {dagbag.py:545} INFO - Filling up the DagBag from /home/user/rubix/internship_project/.venv/lib/python3.10/site-packages/airflow/example_dags/example_xcom.py
[2024-06-24T14:05:04.759+0300] {processor.py:840} INFO - DAG(s) 'example_xcom' retrieved from /home/user/rubix/internship_project/.venv/lib/python3.10/site-packages/airflow/example_dags/example_xcom.py
[2024-06-24T14:05:04.961+0300] {logging_mixin.py:188} INFO - [2024-06-24T14:05:04.961+0300] {dag.py:3096} INFO - Sync 1 DAGs
[2024-06-24T14:05:04.972+0300] {logging_mixin.py:188} INFO - [2024-06-24T14:05:04.972+0300] {dag.py:3954} INFO - Setting next_dagrun for example_xcom to 2021-01-01 00:00:00+00:00, run_after=2021-01-01 00:00:00+00:00
[2024-06-24T14:05:04.992+0300] {processor.py:183} INFO - Processing /home/user/rubix/internship_project/.venv/lib/python3.10/site-packages/airflow/example_dags/example_xcom.py took 0.267 seconds
[2024-06-24T14:06:07.052+0300] {processor.py:161} INFO - Started process (PID=24048) to work on /home/user/rubix/internship_project/.venv/lib/python3.10/site-packages/airflow/example_dags/example_xcom.py
[2024-06-24T14:06:07.053+0300] {processor.py:830} INFO - Processing file /home/user/rubix/internship_project/.venv/lib/python3.10/site-packages/airflow/example_dags/example_xcom.py for tasks to queue
[2024-06-24T14:06:07.055+0300] {logging_mixin.py:188} INFO - [2024-06-24T14:06:07.055+0300] {dagbag.py:545} INFO - Filling up the DagBag from /home/user/rubix/internship_project/.venv/lib/python3.10/site-packages/airflow/example_dags/example_xcom.py
[2024-06-24T14:06:07.064+0300] {processor.py:840} INFO - DAG(s) 'example_xcom' retrieved from /home/user/rubix/internship_project/.venv/lib/python3.10/site-packages/airflow/example_dags/example_xcom.py
[2024-06-24T14:06:07.081+0300] {logging_mixin.py:188} INFO - [2024-06-24T14:06:07.081+0300] {dag.py:3096} INFO - Sync 1 DAGs
[2024-06-24T14:06:07.096+0300] {logging_mixin.py:188} INFO - [2024-06-24T14:06:07.096+0300] {dag.py:3954} INFO - Setting next_dagrun for example_xcom to 2021-01-01 00:00:00+00:00, run_after=2021-01-01 00:00:00+00:00
[2024-06-24T14:06:07.212+0300] {processor.py:183} INFO - Processing /home/user/rubix/internship_project/.venv/lib/python3.10/site-packages/airflow/example_dags/example_xcom.py took 0.167 seconds
[2024-06-24T14:07:02.520+0300] {processor.py:161} INFO - Started process (PID=24245) to work on /home/user/rubix/internship_project/.venv/lib/python3.10/site-packages/airflow/example_dags/example_xcom.py
[2024-06-24T14:07:02.523+0300] {processor.py:830} INFO - Processing file /home/user/rubix/internship_project/.venv/lib/python3.10/site-packages/airflow/example_dags/example_xcom.py for tasks to queue
[2024-06-24T14:07:02.526+0300] {logging_mixin.py:188} INFO - [2024-06-24T14:07:02.526+0300] {dagbag.py:545} INFO - Filling up the DagBag from /home/user/rubix/internship_project/.venv/lib/python3.10/site-packages/airflow/example_dags/example_xcom.py
[2024-06-24T14:07:02.537+0300] {processor.py:840} INFO - DAG(s) 'example_xcom' retrieved from /home/user/rubix/internship_project/.venv/lib/python3.10/site-packages/airflow/example_dags/example_xcom.py
[2024-06-24T14:07:02.569+0300] {logging_mixin.py:188} INFO - [2024-06-24T14:07:02.569+0300] {dag.py:3096} INFO - Sync 1 DAGs
[2024-06-24T14:07:02.599+0300] {logging_mixin.py:188} INFO - [2024-06-24T14:07:02.599+0300] {dag.py:3954} INFO - Setting next_dagrun for example_xcom to 2021-01-01 00:00:00+00:00, run_after=2021-01-01 00:00:00+00:00
[2024-06-24T14:07:02.638+0300] {processor.py:183} INFO - Processing /home/user/rubix/internship_project/.venv/lib/python3.10/site-packages/airflow/example_dags/example_xcom.py took 0.127 seconds
[2024-06-24T14:07:50.545+0300] {processor.py:161} INFO - Started process (PID=24472) to work on /home/user/rubix/internship_project/.venv/lib/python3.10/site-packages/airflow/example_dags/example_xcom.py
[2024-06-24T14:07:50.546+0300] {processor.py:830} INFO - Processing file /home/user/rubix/internship_project/.venv/lib/python3.10/site-packages/airflow/example_dags/example_xcom.py for tasks to queue
[2024-06-24T14:07:50.547+0300] {logging_mixin.py:188} INFO - [2024-06-24T14:07:50.547+0300] {dagbag.py:545} INFO - Filling up the DagBag from /home/user/rubix/internship_project/.venv/lib/python3.10/site-packages/airflow/example_dags/example_xcom.py
[2024-06-24T14:07:50.556+0300] {processor.py:840} INFO - DAG(s) 'example_xcom' retrieved from /home/user/rubix/internship_project/.venv/lib/python3.10/site-packages/airflow/example_dags/example_xcom.py
[2024-06-24T14:07:50.574+0300] {logging_mixin.py:188} INFO - [2024-06-24T14:07:50.573+0300] {dag.py:3096} INFO - Sync 1 DAGs
[2024-06-24T14:07:50.589+0300] {logging_mixin.py:188} INFO - [2024-06-24T14:07:50.589+0300] {dag.py:3954} INFO - Setting next_dagrun for example_xcom to 2021-01-01 00:00:00+00:00, run_after=2021-01-01 00:00:00+00:00
[2024-06-24T14:07:50.618+0300] {processor.py:183} INFO - Processing /home/user/rubix/internship_project/.venv/lib/python3.10/site-packages/airflow/example_dags/example_xcom.py took 0.082 seconds
[2024-06-24T14:08:36.630+0300] {processor.py:161} INFO - Started process (PID=24756) to work on /home/user/rubix/internship_project/.venv/lib/python3.10/site-packages/airflow/example_dags/example_xcom.py
[2024-06-24T14:08:36.631+0300] {processor.py:830} INFO - Processing file /home/user/rubix/internship_project/.venv/lib/python3.10/site-packages/airflow/example_dags/example_xcom.py for tasks to queue
[2024-06-24T14:08:36.633+0300] {logging_mixin.py:188} INFO - [2024-06-24T14:08:36.633+0300] {dagbag.py:545} INFO - Filling up the DagBag from /home/user/rubix/internship_project/.venv/lib/python3.10/site-packages/airflow/example_dags/example_xcom.py
[2024-06-24T14:08:36.641+0300] {processor.py:840} INFO - DAG(s) 'example_xcom' retrieved from /home/user/rubix/internship_project/.venv/lib/python3.10/site-packages/airflow/example_dags/example_xcom.py
[2024-06-24T14:08:36.658+0300] {logging_mixin.py:188} INFO - [2024-06-24T14:08:36.658+0300] {dag.py:3096} INFO - Sync 1 DAGs
[2024-06-24T14:08:36.673+0300] {logging_mixin.py:188} INFO - [2024-06-24T14:08:36.673+0300] {dag.py:3954} INFO - Setting next_dagrun for example_xcom to 2021-01-01 00:00:00+00:00, run_after=2021-01-01 00:00:00+00:00
[2024-06-24T14:08:36.702+0300] {processor.py:183} INFO - Processing /home/user/rubix/internship_project/.venv/lib/python3.10/site-packages/airflow/example_dags/example_xcom.py took 0.079 seconds
[2024-06-24T14:09:22.620+0300] {processor.py:161} INFO - Started process (PID=25098) to work on /home/user/rubix/internship_project/.venv/lib/python3.10/site-packages/airflow/example_dags/example_xcom.py
[2024-06-24T14:09:22.621+0300] {processor.py:830} INFO - Processing file /home/user/rubix/internship_project/.venv/lib/python3.10/site-packages/airflow/example_dags/example_xcom.py for tasks to queue
[2024-06-24T14:09:22.623+0300] {logging_mixin.py:188} INFO - [2024-06-24T14:09:22.623+0300] {dagbag.py:545} INFO - Filling up the DagBag from /home/user/rubix/internship_project/.venv/lib/python3.10/site-packages/airflow/example_dags/example_xcom.py
[2024-06-24T14:09:22.633+0300] {processor.py:840} INFO - DAG(s) 'example_xcom' retrieved from /home/user/rubix/internship_project/.venv/lib/python3.10/site-packages/airflow/example_dags/example_xcom.py
[2024-06-24T14:09:22.653+0300] {logging_mixin.py:188} INFO - [2024-06-24T14:09:22.653+0300] {dag.py:3096} INFO - Sync 1 DAGs
[2024-06-24T14:09:22.672+0300] {logging_mixin.py:188} INFO - [2024-06-24T14:09:22.672+0300] {dag.py:3954} INFO - Setting next_dagrun for example_xcom to 2021-01-01 00:00:00+00:00, run_after=2021-01-01 00:00:00+00:00
[2024-06-24T14:09:22.703+0300] {processor.py:183} INFO - Processing /home/user/rubix/internship_project/.venv/lib/python3.10/site-packages/airflow/example_dags/example_xcom.py took 0.092 seconds
[2024-06-24T14:10:06.935+0300] {processor.py:161} INFO - Started process (PID=25405) to work on /home/user/rubix/internship_project/.venv/lib/python3.10/site-packages/airflow/example_dags/example_xcom.py
[2024-06-24T14:10:06.936+0300] {processor.py:830} INFO - Processing file /home/user/rubix/internship_project/.venv/lib/python3.10/site-packages/airflow/example_dags/example_xcom.py for tasks to queue
[2024-06-24T14:10:06.938+0300] {logging_mixin.py:188} INFO - [2024-06-24T14:10:06.937+0300] {dagbag.py:545} INFO - Filling up the DagBag from /home/user/rubix/internship_project/.venv/lib/python3.10/site-packages/airflow/example_dags/example_xcom.py
[2024-06-24T14:10:06.946+0300] {processor.py:840} INFO - DAG(s) 'example_xcom' retrieved from /home/user/rubix/internship_project/.venv/lib/python3.10/site-packages/airflow/example_dags/example_xcom.py
[2024-06-24T14:10:06.963+0300] {logging_mixin.py:188} INFO - [2024-06-24T14:10:06.963+0300] {dag.py:3096} INFO - Sync 1 DAGs
[2024-06-24T14:10:06.978+0300] {logging_mixin.py:188} INFO - [2024-06-24T14:10:06.978+0300] {dag.py:3954} INFO - Setting next_dagrun for example_xcom to 2021-01-01 00:00:00+00:00, run_after=2021-01-01 00:00:00+00:00
[2024-06-24T14:10:07.007+0300] {processor.py:183} INFO - Processing /home/user/rubix/internship_project/.venv/lib/python3.10/site-packages/airflow/example_dags/example_xcom.py took 0.080 seconds
[2024-06-24T14:10:51.880+0300] {processor.py:161} INFO - Started process (PID=25611) to work on /home/user/rubix/internship_project/.venv/lib/python3.10/site-packages/airflow/example_dags/example_xcom.py
[2024-06-24T14:10:51.881+0300] {processor.py:830} INFO - Processing file /home/user/rubix/internship_project/.venv/lib/python3.10/site-packages/airflow/example_dags/example_xcom.py for tasks to queue
[2024-06-24T14:10:51.883+0300] {logging_mixin.py:188} INFO - [2024-06-24T14:10:51.883+0300] {dagbag.py:545} INFO - Filling up the DagBag from /home/user/rubix/internship_project/.venv/lib/python3.10/site-packages/airflow/example_dags/example_xcom.py
[2024-06-24T14:10:51.892+0300] {processor.py:840} INFO - DAG(s) 'example_xcom' retrieved from /home/user/rubix/internship_project/.venv/lib/python3.10/site-packages/airflow/example_dags/example_xcom.py
[2024-06-24T14:10:51.913+0300] {logging_mixin.py:188} INFO - [2024-06-24T14:10:51.913+0300] {dag.py:3096} INFO - Sync 1 DAGs
[2024-06-24T14:10:51.931+0300] {logging_mixin.py:188} INFO - [2024-06-24T14:10:51.930+0300] {dag.py:3954} INFO - Setting next_dagrun for example_xcom to 2021-01-01 00:00:00+00:00, run_after=2021-01-01 00:00:00+00:00
[2024-06-24T14:10:51.962+0300] {processor.py:183} INFO - Processing /home/user/rubix/internship_project/.venv/lib/python3.10/site-packages/airflow/example_dags/example_xcom.py took 0.090 seconds
[2024-06-24T14:11:37.304+0300] {processor.py:161} INFO - Started process (PID=25923) to work on /home/user/rubix/internship_project/.venv/lib/python3.10/site-packages/airflow/example_dags/example_xcom.py
[2024-06-24T14:11:37.305+0300] {processor.py:830} INFO - Processing file /home/user/rubix/internship_project/.venv/lib/python3.10/site-packages/airflow/example_dags/example_xcom.py for tasks to queue
[2024-06-24T14:11:37.307+0300] {logging_mixin.py:188} INFO - [2024-06-24T14:11:37.306+0300] {dagbag.py:545} INFO - Filling up the DagBag from /home/user/rubix/internship_project/.venv/lib/python3.10/site-packages/airflow/example_dags/example_xcom.py
[2024-06-24T14:11:37.315+0300] {processor.py:840} INFO - DAG(s) 'example_xcom' retrieved from /home/user/rubix/internship_project/.venv/lib/python3.10/site-packages/airflow/example_dags/example_xcom.py
[2024-06-24T14:11:37.333+0300] {logging_mixin.py:188} INFO - [2024-06-24T14:11:37.333+0300] {dag.py:3096} INFO - Sync 1 DAGs
[2024-06-24T14:11:37.349+0300] {logging_mixin.py:188} INFO - [2024-06-24T14:11:37.349+0300] {dag.py:3954} INFO - Setting next_dagrun for example_xcom to 2021-01-01 00:00:00+00:00, run_after=2021-01-01 00:00:00+00:00
[2024-06-24T14:11:37.368+0300] {processor.py:183} INFO - Processing /home/user/rubix/internship_project/.venv/lib/python3.10/site-packages/airflow/example_dags/example_xcom.py took 0.073 seconds
[2024-06-24T14:12:19.951+0300] {processor.py:161} INFO - Started process (PID=26114) to work on /home/user/rubix/internship_project/.venv/lib/python3.10/site-packages/airflow/example_dags/example_xcom.py
[2024-06-24T14:12:19.952+0300] {processor.py:830} INFO - Processing file /home/user/rubix/internship_project/.venv/lib/python3.10/site-packages/airflow/example_dags/example_xcom.py for tasks to queue
[2024-06-24T14:12:19.954+0300] {logging_mixin.py:188} INFO - [2024-06-24T14:12:19.954+0300] {dagbag.py:545} INFO - Filling up the DagBag from /home/user/rubix/internship_project/.venv/lib/python3.10/site-packages/airflow/example_dags/example_xcom.py
[2024-06-24T14:12:19.963+0300] {processor.py:840} INFO - DAG(s) 'example_xcom' retrieved from /home/user/rubix/internship_project/.venv/lib/python3.10/site-packages/airflow/example_dags/example_xcom.py
[2024-06-24T14:12:19.984+0300] {logging_mixin.py:188} INFO - [2024-06-24T14:12:19.983+0300] {dag.py:3096} INFO - Sync 1 DAGs
[2024-06-24T14:12:20.000+0300] {logging_mixin.py:188} INFO - [2024-06-24T14:12:20.000+0300] {dag.py:3954} INFO - Setting next_dagrun for example_xcom to 2021-01-01 00:00:00+00:00, run_after=2021-01-01 00:00:00+00:00
[2024-06-24T14:12:20.031+0300] {processor.py:183} INFO - Processing /home/user/rubix/internship_project/.venv/lib/python3.10/site-packages/airflow/example_dags/example_xcom.py took 0.089 seconds
[2024-06-24T14:13:06.963+0300] {processor.py:161} INFO - Started process (PID=26267) to work on /home/user/rubix/internship_project/.venv/lib/python3.10/site-packages/airflow/example_dags/example_xcom.py
[2024-06-24T14:13:06.964+0300] {processor.py:830} INFO - Processing file /home/user/rubix/internship_project/.venv/lib/python3.10/site-packages/airflow/example_dags/example_xcom.py for tasks to queue
[2024-06-24T14:13:06.966+0300] {logging_mixin.py:188} INFO - [2024-06-24T14:13:06.966+0300] {dagbag.py:545} INFO - Filling up the DagBag from /home/user/rubix/internship_project/.venv/lib/python3.10/site-packages/airflow/example_dags/example_xcom.py
[2024-06-24T14:13:06.986+0300] {processor.py:840} INFO - DAG(s) 'example_xcom' retrieved from /home/user/rubix/internship_project/.venv/lib/python3.10/site-packages/airflow/example_dags/example_xcom.py
[2024-06-24T14:13:07.003+0300] {logging_mixin.py:188} INFO - [2024-06-24T14:13:07.003+0300] {dag.py:3096} INFO - Sync 1 DAGs
[2024-06-24T14:13:07.018+0300] {logging_mixin.py:188} INFO - [2024-06-24T14:13:07.018+0300] {dag.py:3954} INFO - Setting next_dagrun for example_xcom to 2021-01-01 00:00:00+00:00, run_after=2021-01-01 00:00:00+00:00
[2024-06-24T14:13:07.048+0300] {processor.py:183} INFO - Processing /home/user/rubix/internship_project/.venv/lib/python3.10/site-packages/airflow/example_dags/example_xcom.py took 0.093 seconds
[2024-06-24T14:13:59.893+0300] {processor.py:161} INFO - Started process (PID=26530) to work on /home/user/rubix/internship_project/.venv/lib/python3.10/site-packages/airflow/example_dags/example_xcom.py
[2024-06-24T14:13:59.894+0300] {processor.py:830} INFO - Processing file /home/user/rubix/internship_project/.venv/lib/python3.10/site-packages/airflow/example_dags/example_xcom.py for tasks to queue
[2024-06-24T14:13:59.896+0300] {logging_mixin.py:188} INFO - [2024-06-24T14:13:59.896+0300] {dagbag.py:545} INFO - Filling up the DagBag from /home/user/rubix/internship_project/.venv/lib/python3.10/site-packages/airflow/example_dags/example_xcom.py
[2024-06-24T14:13:59.905+0300] {processor.py:840} INFO - DAG(s) 'example_xcom' retrieved from /home/user/rubix/internship_project/.venv/lib/python3.10/site-packages/airflow/example_dags/example_xcom.py
[2024-06-24T14:13:59.923+0300] {logging_mixin.py:188} INFO - [2024-06-24T14:13:59.923+0300] {dag.py:3096} INFO - Sync 1 DAGs
[2024-06-24T14:13:59.939+0300] {logging_mixin.py:188} INFO - [2024-06-24T14:13:59.938+0300] {dag.py:3954} INFO - Setting next_dagrun for example_xcom to 2021-01-01 00:00:00+00:00, run_after=2021-01-01 00:00:00+00:00
[2024-06-24T14:13:59.970+0300] {processor.py:183} INFO - Processing /home/user/rubix/internship_project/.venv/lib/python3.10/site-packages/airflow/example_dags/example_xcom.py took 0.085 seconds
[2024-06-24T14:14:43.911+0300] {processor.py:161} INFO - Started process (PID=26743) to work on /home/user/rubix/internship_project/.venv/lib/python3.10/site-packages/airflow/example_dags/example_xcom.py
[2024-06-24T14:14:43.912+0300] {processor.py:830} INFO - Processing file /home/user/rubix/internship_project/.venv/lib/python3.10/site-packages/airflow/example_dags/example_xcom.py for tasks to queue
[2024-06-24T14:14:43.914+0300] {logging_mixin.py:188} INFO - [2024-06-24T14:14:43.914+0300] {dagbag.py:545} INFO - Filling up the DagBag from /home/user/rubix/internship_project/.venv/lib/python3.10/site-packages/airflow/example_dags/example_xcom.py
[2024-06-24T14:14:43.924+0300] {processor.py:840} INFO - DAG(s) 'example_xcom' retrieved from /home/user/rubix/internship_project/.venv/lib/python3.10/site-packages/airflow/example_dags/example_xcom.py
[2024-06-24T14:14:43.944+0300] {logging_mixin.py:188} INFO - [2024-06-24T14:14:43.944+0300] {dag.py:3096} INFO - Sync 1 DAGs
[2024-06-24T14:14:43.961+0300] {logging_mixin.py:188} INFO - [2024-06-24T14:14:43.961+0300] {dag.py:3954} INFO - Setting next_dagrun for example_xcom to 2021-01-01 00:00:00+00:00, run_after=2021-01-01 00:00:00+00:00
[2024-06-24T14:14:43.990+0300] {processor.py:183} INFO - Processing /home/user/rubix/internship_project/.venv/lib/python3.10/site-packages/airflow/example_dags/example_xcom.py took 0.088 seconds
[2024-06-24T14:15:26.341+0300] {processor.py:161} INFO - Started process (PID=26892) to work on /home/user/rubix/internship_project/.venv/lib/python3.10/site-packages/airflow/example_dags/example_xcom.py
[2024-06-24T14:15:26.342+0300] {processor.py:830} INFO - Processing file /home/user/rubix/internship_project/.venv/lib/python3.10/site-packages/airflow/example_dags/example_xcom.py for tasks to queue
[2024-06-24T14:15:26.344+0300] {logging_mixin.py:188} INFO - [2024-06-24T14:15:26.343+0300] {dagbag.py:545} INFO - Filling up the DagBag from /home/user/rubix/internship_project/.venv/lib/python3.10/site-packages/airflow/example_dags/example_xcom.py
[2024-06-24T14:15:26.353+0300] {processor.py:840} INFO - DAG(s) 'example_xcom' retrieved from /home/user/rubix/internship_project/.venv/lib/python3.10/site-packages/airflow/example_dags/example_xcom.py
[2024-06-24T14:15:26.373+0300] {logging_mixin.py:188} INFO - [2024-06-24T14:15:26.373+0300] {dag.py:3096} INFO - Sync 1 DAGs
[2024-06-24T14:15:26.391+0300] {logging_mixin.py:188} INFO - [2024-06-24T14:15:26.390+0300] {dag.py:3954} INFO - Setting next_dagrun for example_xcom to 2021-01-01 00:00:00+00:00, run_after=2021-01-01 00:00:00+00:00
[2024-06-24T14:15:26.413+0300] {processor.py:183} INFO - Processing /home/user/rubix/internship_project/.venv/lib/python3.10/site-packages/airflow/example_dags/example_xcom.py took 0.080 seconds
[2024-06-24T14:16:08.252+0300] {processor.py:161} INFO - Started process (PID=27043) to work on /home/user/rubix/internship_project/.venv/lib/python3.10/site-packages/airflow/example_dags/example_xcom.py
[2024-06-24T14:16:08.253+0300] {processor.py:830} INFO - Processing file /home/user/rubix/internship_project/.venv/lib/python3.10/site-packages/airflow/example_dags/example_xcom.py for tasks to queue
[2024-06-24T14:16:08.255+0300] {logging_mixin.py:188} INFO - [2024-06-24T14:16:08.255+0300] {dagbag.py:545} INFO - Filling up the DagBag from /home/user/rubix/internship_project/.venv/lib/python3.10/site-packages/airflow/example_dags/example_xcom.py
[2024-06-24T14:16:08.264+0300] {processor.py:840} INFO - DAG(s) 'example_xcom' retrieved from /home/user/rubix/internship_project/.venv/lib/python3.10/site-packages/airflow/example_dags/example_xcom.py
[2024-06-24T14:16:08.282+0300] {logging_mixin.py:188} INFO - [2024-06-24T14:16:08.281+0300] {dag.py:3096} INFO - Sync 1 DAGs
[2024-06-24T14:16:08.296+0300] {logging_mixin.py:188} INFO - [2024-06-24T14:16:08.296+0300] {dag.py:3954} INFO - Setting next_dagrun for example_xcom to 2021-01-01 00:00:00+00:00, run_after=2021-01-01 00:00:00+00:00
[2024-06-24T14:16:08.328+0300] {processor.py:183} INFO - Processing /home/user/rubix/internship_project/.venv/lib/python3.10/site-packages/airflow/example_dags/example_xcom.py took 0.083 seconds
[2024-06-24T14:16:48.042+0300] {processor.py:161} INFO - Started process (PID=27130) to work on /home/user/rubix/internship_project/.venv/lib/python3.10/site-packages/airflow/example_dags/example_xcom.py
[2024-06-24T14:16:48.043+0300] {processor.py:830} INFO - Processing file /home/user/rubix/internship_project/.venv/lib/python3.10/site-packages/airflow/example_dags/example_xcom.py for tasks to queue
[2024-06-24T14:16:48.045+0300] {logging_mixin.py:188} INFO - [2024-06-24T14:16:48.044+0300] {dagbag.py:545} INFO - Filling up the DagBag from /home/user/rubix/internship_project/.venv/lib/python3.10/site-packages/airflow/example_dags/example_xcom.py
[2024-06-24T14:16:48.053+0300] {processor.py:840} INFO - DAG(s) 'example_xcom' retrieved from /home/user/rubix/internship_project/.venv/lib/python3.10/site-packages/airflow/example_dags/example_xcom.py
[2024-06-24T14:16:48.070+0300] {logging_mixin.py:188} INFO - [2024-06-24T14:16:48.070+0300] {dag.py:3096} INFO - Sync 1 DAGs
[2024-06-24T14:16:48.085+0300] {logging_mixin.py:188} INFO - [2024-06-24T14:16:48.085+0300] {dag.py:3954} INFO - Setting next_dagrun for example_xcom to 2021-01-01 00:00:00+00:00, run_after=2021-01-01 00:00:00+00:00
[2024-06-24T14:16:48.114+0300] {processor.py:183} INFO - Processing /home/user/rubix/internship_project/.venv/lib/python3.10/site-packages/airflow/example_dags/example_xcom.py took 0.079 seconds
[2024-06-24T14:17:38.123+0300] {processor.py:161} INFO - Started process (PID=27297) to work on /home/user/rubix/internship_project/.venv/lib/python3.10/site-packages/airflow/example_dags/example_xcom.py
[2024-06-24T14:17:38.124+0300] {processor.py:830} INFO - Processing file /home/user/rubix/internship_project/.venv/lib/python3.10/site-packages/airflow/example_dags/example_xcom.py for tasks to queue
[2024-06-24T14:17:38.126+0300] {logging_mixin.py:188} INFO - [2024-06-24T14:17:38.126+0300] {dagbag.py:545} INFO - Filling up the DagBag from /home/user/rubix/internship_project/.venv/lib/python3.10/site-packages/airflow/example_dags/example_xcom.py
[2024-06-24T14:17:38.135+0300] {processor.py:840} INFO - DAG(s) 'example_xcom' retrieved from /home/user/rubix/internship_project/.venv/lib/python3.10/site-packages/airflow/example_dags/example_xcom.py
[2024-06-24T14:17:38.153+0300] {logging_mixin.py:188} INFO - [2024-06-24T14:17:38.153+0300] {dag.py:3096} INFO - Sync 1 DAGs
[2024-06-24T14:17:38.168+0300] {logging_mixin.py:188} INFO - [2024-06-24T14:17:38.168+0300] {dag.py:3954} INFO - Setting next_dagrun for example_xcom to 2021-01-01 00:00:00+00:00, run_after=2021-01-01 00:00:00+00:00
[2024-06-24T14:17:38.202+0300] {processor.py:183} INFO - Processing /home/user/rubix/internship_project/.venv/lib/python3.10/site-packages/airflow/example_dags/example_xcom.py took 0.087 seconds
[2024-06-24T14:18:29.050+0300] {processor.py:161} INFO - Started process (PID=27461) to work on /home/user/rubix/internship_project/.venv/lib/python3.10/site-packages/airflow/example_dags/example_xcom.py
[2024-06-24T14:18:29.051+0300] {processor.py:830} INFO - Processing file /home/user/rubix/internship_project/.venv/lib/python3.10/site-packages/airflow/example_dags/example_xcom.py for tasks to queue
[2024-06-24T14:18:29.053+0300] {logging_mixin.py:188} INFO - [2024-06-24T14:18:29.053+0300] {dagbag.py:545} INFO - Filling up the DagBag from /home/user/rubix/internship_project/.venv/lib/python3.10/site-packages/airflow/example_dags/example_xcom.py
[2024-06-24T14:18:29.073+0300] {processor.py:840} INFO - DAG(s) 'example_xcom' retrieved from /home/user/rubix/internship_project/.venv/lib/python3.10/site-packages/airflow/example_dags/example_xcom.py
[2024-06-24T14:18:29.091+0300] {logging_mixin.py:188} INFO - [2024-06-24T14:18:29.091+0300] {dag.py:3096} INFO - Sync 1 DAGs
[2024-06-24T14:18:29.106+0300] {logging_mixin.py:188} INFO - [2024-06-24T14:18:29.106+0300] {dag.py:3954} INFO - Setting next_dagrun for example_xcom to 2021-01-01 00:00:00+00:00, run_after=2021-01-01 00:00:00+00:00
[2024-06-24T14:18:29.136+0300] {processor.py:183} INFO - Processing /home/user/rubix/internship_project/.venv/lib/python3.10/site-packages/airflow/example_dags/example_xcom.py took 0.094 seconds
[2024-06-24T14:19:21.557+0300] {processor.py:161} INFO - Started process (PID=27692) to work on /home/user/rubix/internship_project/.venv/lib/python3.10/site-packages/airflow/example_dags/example_xcom.py
[2024-06-24T14:19:21.559+0300] {processor.py:830} INFO - Processing file /home/user/rubix/internship_project/.venv/lib/python3.10/site-packages/airflow/example_dags/example_xcom.py for tasks to queue
[2024-06-24T14:19:21.561+0300] {logging_mixin.py:188} INFO - [2024-06-24T14:19:21.560+0300] {dagbag.py:545} INFO - Filling up the DagBag from /home/user/rubix/internship_project/.venv/lib/python3.10/site-packages/airflow/example_dags/example_xcom.py
[2024-06-24T14:19:21.570+0300] {processor.py:840} INFO - DAG(s) 'example_xcom' retrieved from /home/user/rubix/internship_project/.venv/lib/python3.10/site-packages/airflow/example_dags/example_xcom.py
[2024-06-24T14:19:21.592+0300] {logging_mixin.py:188} INFO - [2024-06-24T14:19:21.592+0300] {dag.py:3096} INFO - Sync 1 DAGs
[2024-06-24T14:19:21.610+0300] {logging_mixin.py:188} INFO - [2024-06-24T14:19:21.610+0300] {dag.py:3954} INFO - Setting next_dagrun for example_xcom to 2021-01-01 00:00:00+00:00, run_after=2021-01-01 00:00:00+00:00
[2024-06-24T14:19:21.642+0300] {processor.py:183} INFO - Processing /home/user/rubix/internship_project/.venv/lib/python3.10/site-packages/airflow/example_dags/example_xcom.py took 0.095 seconds
[2024-06-24T14:20:02.916+0300] {processor.py:161} INFO - Started process (PID=27998) to work on /home/user/rubix/internship_project/.venv/lib/python3.10/site-packages/airflow/example_dags/example_xcom.py
[2024-06-24T14:20:02.917+0300] {processor.py:830} INFO - Processing file /home/user/rubix/internship_project/.venv/lib/python3.10/site-packages/airflow/example_dags/example_xcom.py for tasks to queue
[2024-06-24T14:20:02.919+0300] {logging_mixin.py:188} INFO - [2024-06-24T14:20:02.918+0300] {dagbag.py:545} INFO - Filling up the DagBag from /home/user/rubix/internship_project/.venv/lib/python3.10/site-packages/airflow/example_dags/example_xcom.py
[2024-06-24T14:20:02.927+0300] {processor.py:840} INFO - DAG(s) 'example_xcom' retrieved from /home/user/rubix/internship_project/.venv/lib/python3.10/site-packages/airflow/example_dags/example_xcom.py
[2024-06-24T14:20:02.944+0300] {logging_mixin.py:188} INFO - [2024-06-24T14:20:02.944+0300] {dag.py:3096} INFO - Sync 1 DAGs
[2024-06-24T14:20:02.958+0300] {logging_mixin.py:188} INFO - [2024-06-24T14:20:02.957+0300] {dag.py:3954} INFO - Setting next_dagrun for example_xcom to 2021-01-01 00:00:00+00:00, run_after=2021-01-01 00:00:00+00:00
[2024-06-24T14:20:02.988+0300] {processor.py:183} INFO - Processing /home/user/rubix/internship_project/.venv/lib/python3.10/site-packages/airflow/example_dags/example_xcom.py took 0.080 seconds
[2024-06-24T14:20:41.455+0300] {processor.py:161} INFO - Started process (PID=28235) to work on /home/user/rubix/internship_project/.venv/lib/python3.10/site-packages/airflow/example_dags/example_xcom.py
[2024-06-24T14:20:41.456+0300] {processor.py:830} INFO - Processing file /home/user/rubix/internship_project/.venv/lib/python3.10/site-packages/airflow/example_dags/example_xcom.py for tasks to queue
[2024-06-24T14:20:41.458+0300] {logging_mixin.py:188} INFO - [2024-06-24T14:20:41.457+0300] {dagbag.py:545} INFO - Filling up the DagBag from /home/user/rubix/internship_project/.venv/lib/python3.10/site-packages/airflow/example_dags/example_xcom.py
[2024-06-24T14:20:41.467+0300] {processor.py:840} INFO - DAG(s) 'example_xcom' retrieved from /home/user/rubix/internship_project/.venv/lib/python3.10/site-packages/airflow/example_dags/example_xcom.py
[2024-06-24T14:20:41.484+0300] {logging_mixin.py:188} INFO - [2024-06-24T14:20:41.484+0300] {dag.py:3096} INFO - Sync 1 DAGs
[2024-06-24T14:20:41.500+0300] {logging_mixin.py:188} INFO - [2024-06-24T14:20:41.500+0300] {dag.py:3954} INFO - Setting next_dagrun for example_xcom to 2021-01-01 00:00:00+00:00, run_after=2021-01-01 00:00:00+00:00
[2024-06-24T14:20:41.531+0300] {processor.py:183} INFO - Processing /home/user/rubix/internship_project/.venv/lib/python3.10/site-packages/airflow/example_dags/example_xcom.py took 0.084 seconds
[2024-06-24T14:21:25.736+0300] {processor.py:161} INFO - Started process (PID=28529) to work on /home/user/rubix/internship_project/.venv/lib/python3.10/site-packages/airflow/example_dags/example_xcom.py
[2024-06-24T14:21:25.737+0300] {processor.py:830} INFO - Processing file /home/user/rubix/internship_project/.venv/lib/python3.10/site-packages/airflow/example_dags/example_xcom.py for tasks to queue
[2024-06-24T14:21:25.739+0300] {logging_mixin.py:188} INFO - [2024-06-24T14:21:25.739+0300] {dagbag.py:545} INFO - Filling up the DagBag from /home/user/rubix/internship_project/.venv/lib/python3.10/site-packages/airflow/example_dags/example_xcom.py
[2024-06-24T14:21:25.749+0300] {processor.py:840} INFO - DAG(s) 'example_xcom' retrieved from /home/user/rubix/internship_project/.venv/lib/python3.10/site-packages/airflow/example_dags/example_xcom.py
[2024-06-24T14:21:25.768+0300] {logging_mixin.py:188} INFO - [2024-06-24T14:21:25.768+0300] {dag.py:3096} INFO - Sync 1 DAGs
[2024-06-24T14:21:25.785+0300] {logging_mixin.py:188} INFO - [2024-06-24T14:21:25.785+0300] {dag.py:3954} INFO - Setting next_dagrun for example_xcom to 2021-01-01 00:00:00+00:00, run_after=2021-01-01 00:00:00+00:00
[2024-06-24T14:21:25.818+0300] {processor.py:183} INFO - Processing /home/user/rubix/internship_project/.venv/lib/python3.10/site-packages/airflow/example_dags/example_xcom.py took 0.091 seconds
[2024-06-24T14:22:04.377+0300] {processor.py:161} INFO - Started process (PID=28722) to work on /home/user/rubix/internship_project/.venv/lib/python3.10/site-packages/airflow/example_dags/example_xcom.py
[2024-06-24T14:22:04.378+0300] {processor.py:830} INFO - Processing file /home/user/rubix/internship_project/.venv/lib/python3.10/site-packages/airflow/example_dags/example_xcom.py for tasks to queue
[2024-06-24T14:22:04.380+0300] {logging_mixin.py:188} INFO - [2024-06-24T14:22:04.379+0300] {dagbag.py:545} INFO - Filling up the DagBag from /home/user/rubix/internship_project/.venv/lib/python3.10/site-packages/airflow/example_dags/example_xcom.py
[2024-06-24T14:22:04.388+0300] {processor.py:840} INFO - DAG(s) 'example_xcom' retrieved from /home/user/rubix/internship_project/.venv/lib/python3.10/site-packages/airflow/example_dags/example_xcom.py
[2024-06-24T14:22:04.405+0300] {logging_mixin.py:188} INFO - [2024-06-24T14:22:04.405+0300] {dag.py:3096} INFO - Sync 1 DAGs
[2024-06-24T14:22:04.421+0300] {logging_mixin.py:188} INFO - [2024-06-24T14:22:04.420+0300] {dag.py:3954} INFO - Setting next_dagrun for example_xcom to 2021-01-01 00:00:00+00:00, run_after=2021-01-01 00:00:00+00:00
[2024-06-24T14:22:04.439+0300] {processor.py:183} INFO - Processing /home/user/rubix/internship_project/.venv/lib/python3.10/site-packages/airflow/example_dags/example_xcom.py took 0.070 seconds
[2024-06-24T14:22:42.665+0300] {processor.py:161} INFO - Started process (PID=28804) to work on /home/user/rubix/internship_project/.venv/lib/python3.10/site-packages/airflow/example_dags/example_xcom.py
[2024-06-24T14:22:42.666+0300] {processor.py:830} INFO - Processing file /home/user/rubix/internship_project/.venv/lib/python3.10/site-packages/airflow/example_dags/example_xcom.py for tasks to queue
[2024-06-24T14:22:42.668+0300] {logging_mixin.py:188} INFO - [2024-06-24T14:22:42.668+0300] {dagbag.py:545} INFO - Filling up the DagBag from /home/user/rubix/internship_project/.venv/lib/python3.10/site-packages/airflow/example_dags/example_xcom.py
[2024-06-24T14:22:42.677+0300] {processor.py:840} INFO - DAG(s) 'example_xcom' retrieved from /home/user/rubix/internship_project/.venv/lib/python3.10/site-packages/airflow/example_dags/example_xcom.py
[2024-06-24T14:22:42.696+0300] {logging_mixin.py:188} INFO - [2024-06-24T14:22:42.696+0300] {dag.py:3096} INFO - Sync 1 DAGs
[2024-06-24T14:22:42.712+0300] {logging_mixin.py:188} INFO - [2024-06-24T14:22:42.712+0300] {dag.py:3954} INFO - Setting next_dagrun for example_xcom to 2021-01-01 00:00:00+00:00, run_after=2021-01-01 00:00:00+00:00
[2024-06-24T14:22:42.742+0300] {processor.py:183} INFO - Processing /home/user/rubix/internship_project/.venv/lib/python3.10/site-packages/airflow/example_dags/example_xcom.py took 0.084 seconds
[2024-06-24T14:23:26.971+0300] {processor.py:161} INFO - Started process (PID=28998) to work on /home/user/rubix/internship_project/.venv/lib/python3.10/site-packages/airflow/example_dags/example_xcom.py
[2024-06-24T14:23:26.973+0300] {processor.py:830} INFO - Processing file /home/user/rubix/internship_project/.venv/lib/python3.10/site-packages/airflow/example_dags/example_xcom.py for tasks to queue
[2024-06-24T14:23:26.975+0300] {logging_mixin.py:188} INFO - [2024-06-24T14:23:26.974+0300] {dagbag.py:545} INFO - Filling up the DagBag from /home/user/rubix/internship_project/.venv/lib/python3.10/site-packages/airflow/example_dags/example_xcom.py
[2024-06-24T14:23:26.984+0300] {processor.py:840} INFO - DAG(s) 'example_xcom' retrieved from /home/user/rubix/internship_project/.venv/lib/python3.10/site-packages/airflow/example_dags/example_xcom.py
[2024-06-24T14:23:27.004+0300] {logging_mixin.py:188} INFO - [2024-06-24T14:23:27.004+0300] {dag.py:3096} INFO - Sync 1 DAGs
[2024-06-24T14:23:27.022+0300] {logging_mixin.py:188} INFO - [2024-06-24T14:23:27.022+0300] {dag.py:3954} INFO - Setting next_dagrun for example_xcom to 2021-01-01 00:00:00+00:00, run_after=2021-01-01 00:00:00+00:00
[2024-06-24T14:23:27.053+0300] {processor.py:183} INFO - Processing /home/user/rubix/internship_project/.venv/lib/python3.10/site-packages/airflow/example_dags/example_xcom.py took 0.090 seconds
[2024-06-24T14:24:12.563+0300] {processor.py:161} INFO - Started process (PID=29217) to work on /home/user/rubix/internship_project/.venv/lib/python3.10/site-packages/airflow/example_dags/example_xcom.py
[2024-06-24T14:24:12.564+0300] {processor.py:830} INFO - Processing file /home/user/rubix/internship_project/.venv/lib/python3.10/site-packages/airflow/example_dags/example_xcom.py for tasks to queue
[2024-06-24T14:24:12.565+0300] {logging_mixin.py:188} INFO - [2024-06-24T14:24:12.565+0300] {dagbag.py:545} INFO - Filling up the DagBag from /home/user/rubix/internship_project/.venv/lib/python3.10/site-packages/airflow/example_dags/example_xcom.py
[2024-06-24T14:24:12.578+0300] {processor.py:840} INFO - DAG(s) 'example_xcom' retrieved from /home/user/rubix/internship_project/.venv/lib/python3.10/site-packages/airflow/example_dags/example_xcom.py
[2024-06-24T14:24:12.598+0300] {logging_mixin.py:188} INFO - [2024-06-24T14:24:12.597+0300] {dag.py:3096} INFO - Sync 1 DAGs
[2024-06-24T14:24:12.617+0300] {logging_mixin.py:188} INFO - [2024-06-24T14:24:12.617+0300] {dag.py:3954} INFO - Setting next_dagrun for example_xcom to 2021-01-01 00:00:00+00:00, run_after=2021-01-01 00:00:00+00:00
[2024-06-24T14:24:12.651+0300] {processor.py:183} INFO - Processing /home/user/rubix/internship_project/.venv/lib/python3.10/site-packages/airflow/example_dags/example_xcom.py took 0.097 seconds
[2024-06-24T14:24:59.512+0300] {processor.py:161} INFO - Started process (PID=29393) to work on /home/user/rubix/internship_project/.venv/lib/python3.10/site-packages/airflow/example_dags/example_xcom.py
[2024-06-24T14:24:59.514+0300] {processor.py:830} INFO - Processing file /home/user/rubix/internship_project/.venv/lib/python3.10/site-packages/airflow/example_dags/example_xcom.py for tasks to queue
[2024-06-24T14:24:59.516+0300] {logging_mixin.py:188} INFO - [2024-06-24T14:24:59.515+0300] {dagbag.py:545} INFO - Filling up the DagBag from /home/user/rubix/internship_project/.venv/lib/python3.10/site-packages/airflow/example_dags/example_xcom.py
[2024-06-24T14:24:59.525+0300] {processor.py:840} INFO - DAG(s) 'example_xcom' retrieved from /home/user/rubix/internship_project/.venv/lib/python3.10/site-packages/airflow/example_dags/example_xcom.py
[2024-06-24T14:24:59.546+0300] {logging_mixin.py:188} INFO - [2024-06-24T14:24:59.545+0300] {dag.py:3096} INFO - Sync 1 DAGs
[2024-06-24T14:24:59.563+0300] {logging_mixin.py:188} INFO - [2024-06-24T14:24:59.563+0300] {dag.py:3954} INFO - Setting next_dagrun for example_xcom to 2021-01-01 00:00:00+00:00, run_after=2021-01-01 00:00:00+00:00
[2024-06-24T14:24:59.596+0300] {processor.py:183} INFO - Processing /home/user/rubix/internship_project/.venv/lib/python3.10/site-packages/airflow/example_dags/example_xcom.py took 0.092 seconds
[2024-06-24T14:25:40.940+0300] {processor.py:161} INFO - Started process (PID=29595) to work on /home/user/rubix/internship_project/.venv/lib/python3.10/site-packages/airflow/example_dags/example_xcom.py
[2024-06-24T14:25:40.941+0300] {processor.py:830} INFO - Processing file /home/user/rubix/internship_project/.venv/lib/python3.10/site-packages/airflow/example_dags/example_xcom.py for tasks to queue
[2024-06-24T14:25:40.943+0300] {logging_mixin.py:188} INFO - [2024-06-24T14:25:40.943+0300] {dagbag.py:545} INFO - Filling up the DagBag from /home/user/rubix/internship_project/.venv/lib/python3.10/site-packages/airflow/example_dags/example_xcom.py
[2024-06-24T14:25:40.953+0300] {processor.py:840} INFO - DAG(s) 'example_xcom' retrieved from /home/user/rubix/internship_project/.venv/lib/python3.10/site-packages/airflow/example_dags/example_xcom.py
[2024-06-24T14:25:40.972+0300] {logging_mixin.py:188} INFO - [2024-06-24T14:25:40.972+0300] {dag.py:3096} INFO - Sync 1 DAGs
[2024-06-24T14:25:40.990+0300] {logging_mixin.py:188} INFO - [2024-06-24T14:25:40.990+0300] {dag.py:3954} INFO - Setting next_dagrun for example_xcom to 2021-01-01 00:00:00+00:00, run_after=2021-01-01 00:00:00+00:00
[2024-06-24T14:25:41.019+0300] {processor.py:183} INFO - Processing /home/user/rubix/internship_project/.venv/lib/python3.10/site-packages/airflow/example_dags/example_xcom.py took 0.088 seconds
[2024-06-24T14:26:20.508+0300] {processor.py:161} INFO - Started process (PID=29742) to work on /home/user/rubix/internship_project/.venv/lib/python3.10/site-packages/airflow/example_dags/example_xcom.py
[2024-06-24T14:26:20.509+0300] {processor.py:830} INFO - Processing file /home/user/rubix/internship_project/.venv/lib/python3.10/site-packages/airflow/example_dags/example_xcom.py for tasks to queue
[2024-06-24T14:26:20.510+0300] {logging_mixin.py:188} INFO - [2024-06-24T14:26:20.510+0300] {dagbag.py:545} INFO - Filling up the DagBag from /home/user/rubix/internship_project/.venv/lib/python3.10/site-packages/airflow/example_dags/example_xcom.py
[2024-06-24T14:26:20.519+0300] {processor.py:840} INFO - DAG(s) 'example_xcom' retrieved from /home/user/rubix/internship_project/.venv/lib/python3.10/site-packages/airflow/example_dags/example_xcom.py
[2024-06-24T14:26:20.535+0300] {logging_mixin.py:188} INFO - [2024-06-24T14:26:20.535+0300] {dag.py:3096} INFO - Sync 1 DAGs
[2024-06-24T14:26:20.549+0300] {logging_mixin.py:188} INFO - [2024-06-24T14:26:20.549+0300] {dag.py:3954} INFO - Setting next_dagrun for example_xcom to 2021-01-01 00:00:00+00:00, run_after=2021-01-01 00:00:00+00:00
[2024-06-24T14:26:20.582+0300] {processor.py:183} INFO - Processing /home/user/rubix/internship_project/.venv/lib/python3.10/site-packages/airflow/example_dags/example_xcom.py took 0.082 seconds
[2024-06-24T14:27:03.535+0300] {processor.py:161} INFO - Started process (PID=30099) to work on /home/user/rubix/internship_project/.venv/lib/python3.10/site-packages/airflow/example_dags/example_xcom.py
[2024-06-24T14:27:03.536+0300] {processor.py:830} INFO - Processing file /home/user/rubix/internship_project/.venv/lib/python3.10/site-packages/airflow/example_dags/example_xcom.py for tasks to queue
[2024-06-24T14:27:03.538+0300] {logging_mixin.py:188} INFO - [2024-06-24T14:27:03.537+0300] {dagbag.py:545} INFO - Filling up the DagBag from /home/user/rubix/internship_project/.venv/lib/python3.10/site-packages/airflow/example_dags/example_xcom.py
[2024-06-24T14:27:03.546+0300] {processor.py:840} INFO - DAG(s) 'example_xcom' retrieved from /home/user/rubix/internship_project/.venv/lib/python3.10/site-packages/airflow/example_dags/example_xcom.py
[2024-06-24T14:27:03.564+0300] {logging_mixin.py:188} INFO - [2024-06-24T14:27:03.564+0300] {dag.py:3096} INFO - Sync 1 DAGs
[2024-06-24T14:27:03.578+0300] {logging_mixin.py:188} INFO - [2024-06-24T14:27:03.578+0300] {dag.py:3954} INFO - Setting next_dagrun for example_xcom to 2021-01-01 00:00:00+00:00, run_after=2021-01-01 00:00:00+00:00
[2024-06-24T14:27:03.611+0300] {processor.py:183} INFO - Processing /home/user/rubix/internship_project/.venv/lib/python3.10/site-packages/airflow/example_dags/example_xcom.py took 0.084 seconds
[2024-06-24T14:27:48.433+0300] {processor.py:161} INFO - Started process (PID=30525) to work on /home/user/rubix/internship_project/.venv/lib/python3.10/site-packages/airflow/example_dags/example_xcom.py
[2024-06-24T14:27:48.434+0300] {processor.py:830} INFO - Processing file /home/user/rubix/internship_project/.venv/lib/python3.10/site-packages/airflow/example_dags/example_xcom.py for tasks to queue
[2024-06-24T14:27:48.436+0300] {logging_mixin.py:188} INFO - [2024-06-24T14:27:48.435+0300] {dagbag.py:545} INFO - Filling up the DagBag from /home/user/rubix/internship_project/.venv/lib/python3.10/site-packages/airflow/example_dags/example_xcom.py
[2024-06-24T14:27:48.444+0300] {processor.py:840} INFO - DAG(s) 'example_xcom' retrieved from /home/user/rubix/internship_project/.venv/lib/python3.10/site-packages/airflow/example_dags/example_xcom.py
[2024-06-24T14:27:48.461+0300] {logging_mixin.py:188} INFO - [2024-06-24T14:27:48.461+0300] {dag.py:3096} INFO - Sync 1 DAGs
[2024-06-24T14:27:48.476+0300] {logging_mixin.py:188} INFO - [2024-06-24T14:27:48.476+0300] {dag.py:3954} INFO - Setting next_dagrun for example_xcom to 2021-01-01 00:00:00+00:00, run_after=2021-01-01 00:00:00+00:00
[2024-06-24T14:27:48.510+0300] {processor.py:183} INFO - Processing /home/user/rubix/internship_project/.venv/lib/python3.10/site-packages/airflow/example_dags/example_xcom.py took 0.085 seconds
[2024-06-24T14:28:29.778+0300] {processor.py:161} INFO - Started process (PID=30736) to work on /home/user/rubix/internship_project/.venv/lib/python3.10/site-packages/airflow/example_dags/example_xcom.py
[2024-06-24T14:28:29.779+0300] {processor.py:830} INFO - Processing file /home/user/rubix/internship_project/.venv/lib/python3.10/site-packages/airflow/example_dags/example_xcom.py for tasks to queue
[2024-06-24T14:28:29.782+0300] {logging_mixin.py:188} INFO - [2024-06-24T14:28:29.782+0300] {dagbag.py:545} INFO - Filling up the DagBag from /home/user/rubix/internship_project/.venv/lib/python3.10/site-packages/airflow/example_dags/example_xcom.py
[2024-06-24T14:28:29.796+0300] {processor.py:840} INFO - DAG(s) 'example_xcom' retrieved from /home/user/rubix/internship_project/.venv/lib/python3.10/site-packages/airflow/example_dags/example_xcom.py
[2024-06-24T14:28:29.819+0300] {logging_mixin.py:188} INFO - [2024-06-24T14:28:29.818+0300] {dag.py:3096} INFO - Sync 1 DAGs
[2024-06-24T14:28:29.835+0300] {logging_mixin.py:188} INFO - [2024-06-24T14:28:29.835+0300] {dag.py:3954} INFO - Setting next_dagrun for example_xcom to 2021-01-01 00:00:00+00:00, run_after=2021-01-01 00:00:00+00:00
[2024-06-24T14:28:29.870+0300] {processor.py:183} INFO - Processing /home/user/rubix/internship_project/.venv/lib/python3.10/site-packages/airflow/example_dags/example_xcom.py took 0.102 seconds
[2024-06-24T14:29:17.536+0300] {processor.py:161} INFO - Started process (PID=31077) to work on /home/user/rubix/internship_project/.venv/lib/python3.10/site-packages/airflow/example_dags/example_xcom.py
[2024-06-24T14:29:17.538+0300] {processor.py:830} INFO - Processing file /home/user/rubix/internship_project/.venv/lib/python3.10/site-packages/airflow/example_dags/example_xcom.py for tasks to queue
[2024-06-24T14:29:17.543+0300] {logging_mixin.py:188} INFO - [2024-06-24T14:29:17.542+0300] {dagbag.py:545} INFO - Filling up the DagBag from /home/user/rubix/internship_project/.venv/lib/python3.10/site-packages/airflow/example_dags/example_xcom.py
[2024-06-24T14:29:17.553+0300] {processor.py:840} INFO - DAG(s) 'example_xcom' retrieved from /home/user/rubix/internship_project/.venv/lib/python3.10/site-packages/airflow/example_dags/example_xcom.py
[2024-06-24T14:29:17.577+0300] {logging_mixin.py:188} INFO - [2024-06-24T14:29:17.577+0300] {dag.py:3096} INFO - Sync 1 DAGs
[2024-06-24T14:29:17.603+0300] {logging_mixin.py:188} INFO - [2024-06-24T14:29:17.602+0300] {dag.py:3954} INFO - Setting next_dagrun for example_xcom to 2021-01-01 00:00:00+00:00, run_after=2021-01-01 00:00:00+00:00
[2024-06-24T14:29:17.648+0300] {processor.py:183} INFO - Processing /home/user/rubix/internship_project/.venv/lib/python3.10/site-packages/airflow/example_dags/example_xcom.py took 0.124 seconds
[2024-06-24T14:30:07.221+0300] {processor.py:161} INFO - Started process (PID=31420) to work on /home/user/rubix/internship_project/.venv/lib/python3.10/site-packages/airflow/example_dags/example_xcom.py
[2024-06-24T14:30:07.222+0300] {processor.py:830} INFO - Processing file /home/user/rubix/internship_project/.venv/lib/python3.10/site-packages/airflow/example_dags/example_xcom.py for tasks to queue
[2024-06-24T14:30:07.223+0300] {logging_mixin.py:188} INFO - [2024-06-24T14:30:07.223+0300] {dagbag.py:545} INFO - Filling up the DagBag from /home/user/rubix/internship_project/.venv/lib/python3.10/site-packages/airflow/example_dags/example_xcom.py
[2024-06-24T14:30:07.232+0300] {processor.py:840} INFO - DAG(s) 'example_xcom' retrieved from /home/user/rubix/internship_project/.venv/lib/python3.10/site-packages/airflow/example_dags/example_xcom.py
[2024-06-24T14:30:07.248+0300] {logging_mixin.py:188} INFO - [2024-06-24T14:30:07.248+0300] {dag.py:3096} INFO - Sync 1 DAGs
[2024-06-24T14:30:07.263+0300] {logging_mixin.py:188} INFO - [2024-06-24T14:30:07.263+0300] {dag.py:3954} INFO - Setting next_dagrun for example_xcom to 2021-01-01 00:00:00+00:00, run_after=2021-01-01 00:00:00+00:00
[2024-06-24T14:30:07.293+0300] {processor.py:183} INFO - Processing /home/user/rubix/internship_project/.venv/lib/python3.10/site-packages/airflow/example_dags/example_xcom.py took 0.080 seconds
[2024-06-24T14:30:54.079+0300] {processor.py:161} INFO - Started process (PID=31517) to work on /home/user/rubix/internship_project/.venv/lib/python3.10/site-packages/airflow/example_dags/example_xcom.py
[2024-06-24T14:30:54.081+0300] {processor.py:830} INFO - Processing file /home/user/rubix/internship_project/.venv/lib/python3.10/site-packages/airflow/example_dags/example_xcom.py for tasks to queue
[2024-06-24T14:30:54.083+0300] {logging_mixin.py:188} INFO - [2024-06-24T14:30:54.083+0300] {dagbag.py:545} INFO - Filling up the DagBag from /home/user/rubix/internship_project/.venv/lib/python3.10/site-packages/airflow/example_dags/example_xcom.py
[2024-06-24T14:30:54.096+0300] {processor.py:840} INFO - DAG(s) 'example_xcom' retrieved from /home/user/rubix/internship_project/.venv/lib/python3.10/site-packages/airflow/example_dags/example_xcom.py
[2024-06-24T14:30:54.125+0300] {logging_mixin.py:188} INFO - [2024-06-24T14:30:54.125+0300] {dag.py:3096} INFO - Sync 1 DAGs
[2024-06-24T14:30:54.151+0300] {logging_mixin.py:188} INFO - [2024-06-24T14:30:54.150+0300] {dag.py:3954} INFO - Setting next_dagrun for example_xcom to 2021-01-01 00:00:00+00:00, run_after=2021-01-01 00:00:00+00:00
[2024-06-24T14:30:54.176+0300] {processor.py:183} INFO - Processing /home/user/rubix/internship_project/.venv/lib/python3.10/site-packages/airflow/example_dags/example_xcom.py took 0.113 seconds
[2024-06-24T14:31:41.378+0300] {processor.py:161} INFO - Started process (PID=31918) to work on /home/user/rubix/internship_project/.venv/lib/python3.10/site-packages/airflow/example_dags/example_xcom.py
[2024-06-24T14:31:41.379+0300] {processor.py:830} INFO - Processing file /home/user/rubix/internship_project/.venv/lib/python3.10/site-packages/airflow/example_dags/example_xcom.py for tasks to queue
[2024-06-24T14:31:41.381+0300] {logging_mixin.py:188} INFO - [2024-06-24T14:31:41.381+0300] {dagbag.py:545} INFO - Filling up the DagBag from /home/user/rubix/internship_project/.venv/lib/python3.10/site-packages/airflow/example_dags/example_xcom.py
[2024-06-24T14:31:41.390+0300] {processor.py:840} INFO - DAG(s) 'example_xcom' retrieved from /home/user/rubix/internship_project/.venv/lib/python3.10/site-packages/airflow/example_dags/example_xcom.py
[2024-06-24T14:31:41.409+0300] {logging_mixin.py:188} INFO - [2024-06-24T14:31:41.409+0300] {dag.py:3096} INFO - Sync 1 DAGs
[2024-06-24T14:31:41.425+0300] {logging_mixin.py:188} INFO - [2024-06-24T14:31:41.425+0300] {dag.py:3954} INFO - Setting next_dagrun for example_xcom to 2021-01-01 00:00:00+00:00, run_after=2021-01-01 00:00:00+00:00
[2024-06-24T14:31:41.455+0300] {processor.py:183} INFO - Processing /home/user/rubix/internship_project/.venv/lib/python3.10/site-packages/airflow/example_dags/example_xcom.py took 0.085 seconds
[2024-06-24T14:32:25.691+0300] {processor.py:161} INFO - Started process (PID=32071) to work on /home/user/rubix/internship_project/.venv/lib/python3.10/site-packages/airflow/example_dags/example_xcom.py
[2024-06-24T14:32:25.692+0300] {processor.py:830} INFO - Processing file /home/user/rubix/internship_project/.venv/lib/python3.10/site-packages/airflow/example_dags/example_xcom.py for tasks to queue
[2024-06-24T14:32:25.694+0300] {logging_mixin.py:188} INFO - [2024-06-24T14:32:25.694+0300] {dagbag.py:545} INFO - Filling up the DagBag from /home/user/rubix/internship_project/.venv/lib/python3.10/site-packages/airflow/example_dags/example_xcom.py
[2024-06-24T14:32:25.703+0300] {processor.py:840} INFO - DAG(s) 'example_xcom' retrieved from /home/user/rubix/internship_project/.venv/lib/python3.10/site-packages/airflow/example_dags/example_xcom.py
[2024-06-24T14:32:25.720+0300] {logging_mixin.py:188} INFO - [2024-06-24T14:32:25.719+0300] {dag.py:3096} INFO - Sync 1 DAGs
[2024-06-24T14:32:25.735+0300] {logging_mixin.py:188} INFO - [2024-06-24T14:32:25.734+0300] {dag.py:3954} INFO - Setting next_dagrun for example_xcom to 2021-01-01 00:00:00+00:00, run_after=2021-01-01 00:00:00+00:00
[2024-06-24T14:32:25.764+0300] {processor.py:183} INFO - Processing /home/user/rubix/internship_project/.venv/lib/python3.10/site-packages/airflow/example_dags/example_xcom.py took 0.081 seconds
