[2024-06-24T14:03:14.037+0300] {processor.py:161} INFO - Started process (PID=22691) to work on /home/user/rubix/internship_project/.venv/lib/python3.10/site-packages/airflow/example_dags/example_params_trigger_ui.py
[2024-06-24T14:03:14.038+0300] {processor.py:830} INFO - Processing file /home/user/rubix/internship_project/.venv/lib/python3.10/site-packages/airflow/example_dags/example_params_trigger_ui.py for tasks to queue
[2024-06-24T14:03:14.040+0300] {logging_mixin.py:188} INFO - [2024-06-24T14:03:14.039+0300] {dagbag.py:545} INFO - Filling up the DagBag from /home/user/rubix/internship_project/.venv/lib/python3.10/site-packages/airflow/example_dags/example_params_trigger_ui.py
[2024-06-24T14:03:14.066+0300] {processor.py:840} INFO - DAG(s) 'example_params_trigger_ui' retrieved from /home/user/rubix/internship_project/.venv/lib/python3.10/site-packages/airflow/example_dags/example_params_trigger_ui.py
[2024-06-24T14:03:14.172+0300] {logging_mixin.py:188} INFO - [2024-06-24T14:03:14.171+0300] {dag.py:3096} INFO - Sync 1 DAGs
[2024-06-24T14:03:14.179+0300] {logging_mixin.py:188} INFO - [2024-06-24T14:03:14.178+0300] {dag.py:3954} INFO - Setting next_dagrun for example_params_trigger_ui to None, run_after=None
[2024-06-24T14:03:14.210+0300] {processor.py:183} INFO - Processing /home/user/rubix/internship_project/.venv/lib/python3.10/site-packages/airflow/example_dags/example_params_trigger_ui.py took 0.182 seconds
[2024-06-24T14:04:26.167+0300] {processor.py:161} INFO - Started process (PID=23209) to work on /home/user/rubix/internship_project/.venv/lib/python3.10/site-packages/airflow/example_dags/example_params_trigger_ui.py
[2024-06-24T14:04:26.168+0300] {processor.py:830} INFO - Processing file /home/user/rubix/internship_project/.venv/lib/python3.10/site-packages/airflow/example_dags/example_params_trigger_ui.py for tasks to queue
[2024-06-24T14:04:26.169+0300] {logging_mixin.py:188} INFO - [2024-06-24T14:04:26.169+0300] {dagbag.py:545} INFO - Filling up the DagBag from /home/user/rubix/internship_project/.venv/lib/python3.10/site-packages/airflow/example_dags/example_params_trigger_ui.py
[2024-06-24T14:04:26.183+0300] {processor.py:840} INFO - DAG(s) 'example_params_trigger_ui' retrieved from /home/user/rubix/internship_project/.venv/lib/python3.10/site-packages/airflow/example_dags/example_params_trigger_ui.py
[2024-06-24T14:04:26.281+0300] {logging_mixin.py:188} INFO - [2024-06-24T14:04:26.281+0300] {dag.py:3096} INFO - Sync 1 DAGs
[2024-06-24T14:04:26.289+0300] {logging_mixin.py:188} INFO - [2024-06-24T14:04:26.288+0300] {dag.py:3954} INFO - Setting next_dagrun for example_params_trigger_ui to None, run_after=None
[2024-06-24T14:04:26.322+0300] {processor.py:183} INFO - Processing /home/user/rubix/internship_project/.venv/lib/python3.10/site-packages/airflow/example_dags/example_params_trigger_ui.py took 0.163 seconds
[2024-06-24T14:05:28.699+0300] {processor.py:161} INFO - Started process (PID=23694) to work on /home/user/rubix/internship_project/.venv/lib/python3.10/site-packages/airflow/example_dags/example_params_trigger_ui.py
[2024-06-24T14:05:28.700+0300] {processor.py:830} INFO - Processing file /home/user/rubix/internship_project/.venv/lib/python3.10/site-packages/airflow/example_dags/example_params_trigger_ui.py for tasks to queue
[2024-06-24T14:05:28.702+0300] {logging_mixin.py:188} INFO - [2024-06-24T14:05:28.701+0300] {dagbag.py:545} INFO - Filling up the DagBag from /home/user/rubix/internship_project/.venv/lib/python3.10/site-packages/airflow/example_dags/example_params_trigger_ui.py
[2024-06-24T14:05:28.727+0300] {processor.py:840} INFO - DAG(s) 'example_params_trigger_ui' retrieved from /home/user/rubix/internship_project/.venv/lib/python3.10/site-packages/airflow/example_dags/example_params_trigger_ui.py
[2024-06-24T14:05:28.759+0300] {logging_mixin.py:188} INFO - [2024-06-24T14:05:28.758+0300] {dag.py:3096} INFO - Sync 1 DAGs
[2024-06-24T14:05:28.767+0300] {logging_mixin.py:188} INFO - [2024-06-24T14:05:28.767+0300] {dag.py:3954} INFO - Setting next_dagrun for example_params_trigger_ui to None, run_after=None
[2024-06-24T14:05:28.801+0300] {processor.py:183} INFO - Processing /home/user/rubix/internship_project/.venv/lib/python3.10/site-packages/airflow/example_dags/example_params_trigger_ui.py took 0.109 seconds
[2024-06-24T14:06:31.140+0300] {processor.py:161} INFO - Started process (PID=24117) to work on /home/user/rubix/internship_project/.venv/lib/python3.10/site-packages/airflow/example_dags/example_params_trigger_ui.py
[2024-06-24T14:06:31.141+0300] {processor.py:830} INFO - Processing file /home/user/rubix/internship_project/.venv/lib/python3.10/site-packages/airflow/example_dags/example_params_trigger_ui.py for tasks to queue
[2024-06-24T14:06:31.142+0300] {logging_mixin.py:188} INFO - [2024-06-24T14:06:31.142+0300] {dagbag.py:545} INFO - Filling up the DagBag from /home/user/rubix/internship_project/.venv/lib/python3.10/site-packages/airflow/example_dags/example_params_trigger_ui.py
[2024-06-24T14:06:31.157+0300] {processor.py:840} INFO - DAG(s) 'example_params_trigger_ui' retrieved from /home/user/rubix/internship_project/.venv/lib/python3.10/site-packages/airflow/example_dags/example_params_trigger_ui.py
[2024-06-24T14:06:31.276+0300] {logging_mixin.py:188} INFO - [2024-06-24T14:06:31.276+0300] {dag.py:3096} INFO - Sync 1 DAGs
[2024-06-24T14:06:31.283+0300] {logging_mixin.py:188} INFO - [2024-06-24T14:06:31.283+0300] {dag.py:3954} INFO - Setting next_dagrun for example_params_trigger_ui to None, run_after=None
[2024-06-24T14:06:31.310+0300] {processor.py:183} INFO - Processing /home/user/rubix/internship_project/.venv/lib/python3.10/site-packages/airflow/example_dags/example_params_trigger_ui.py took 0.177 seconds
[2024-06-24T14:07:22.958+0300] {processor.py:161} INFO - Started process (PID=24315) to work on /home/user/rubix/internship_project/.venv/lib/python3.10/site-packages/airflow/example_dags/example_params_trigger_ui.py
[2024-06-24T14:07:22.959+0300] {processor.py:830} INFO - Processing file /home/user/rubix/internship_project/.venv/lib/python3.10/site-packages/airflow/example_dags/example_params_trigger_ui.py for tasks to queue
[2024-06-24T14:07:22.961+0300] {logging_mixin.py:188} INFO - [2024-06-24T14:07:22.960+0300] {dagbag.py:545} INFO - Filling up the DagBag from /home/user/rubix/internship_project/.venv/lib/python3.10/site-packages/airflow/example_dags/example_params_trigger_ui.py
[2024-06-24T14:07:22.976+0300] {processor.py:840} INFO - DAG(s) 'example_params_trigger_ui' retrieved from /home/user/rubix/internship_project/.venv/lib/python3.10/site-packages/airflow/example_dags/example_params_trigger_ui.py
[2024-06-24T14:07:23.010+0300] {logging_mixin.py:188} INFO - [2024-06-24T14:07:23.010+0300] {dag.py:3096} INFO - Sync 1 DAGs
[2024-06-24T14:07:23.020+0300] {logging_mixin.py:188} INFO - [2024-06-24T14:07:23.020+0300] {dag.py:3954} INFO - Setting next_dagrun for example_params_trigger_ui to None, run_after=None
[2024-06-24T14:07:23.049+0300] {processor.py:183} INFO - Processing /home/user/rubix/internship_project/.venv/lib/python3.10/site-packages/airflow/example_dags/example_params_trigger_ui.py took 0.100 seconds
[2024-06-24T14:08:15.178+0300] {processor.py:161} INFO - Started process (PID=24671) to work on /home/user/rubix/internship_project/.venv/lib/python3.10/site-packages/airflow/example_dags/example_params_trigger_ui.py
[2024-06-24T14:08:15.179+0300] {processor.py:830} INFO - Processing file /home/user/rubix/internship_project/.venv/lib/python3.10/site-packages/airflow/example_dags/example_params_trigger_ui.py for tasks to queue
[2024-06-24T14:08:15.181+0300] {logging_mixin.py:188} INFO - [2024-06-24T14:08:15.180+0300] {dagbag.py:545} INFO - Filling up the DagBag from /home/user/rubix/internship_project/.venv/lib/python3.10/site-packages/airflow/example_dags/example_params_trigger_ui.py
[2024-06-24T14:08:15.196+0300] {processor.py:840} INFO - DAG(s) 'example_params_trigger_ui' retrieved from /home/user/rubix/internship_project/.venv/lib/python3.10/site-packages/airflow/example_dags/example_params_trigger_ui.py
[2024-06-24T14:08:15.235+0300] {logging_mixin.py:188} INFO - [2024-06-24T14:08:15.234+0300] {dag.py:3096} INFO - Sync 1 DAGs
[2024-06-24T14:08:15.245+0300] {logging_mixin.py:188} INFO - [2024-06-24T14:08:15.245+0300] {dag.py:3954} INFO - Setting next_dagrun for example_params_trigger_ui to None, run_after=None
[2024-06-24T14:08:15.275+0300] {processor.py:183} INFO - Processing /home/user/rubix/internship_project/.venv/lib/python3.10/site-packages/airflow/example_dags/example_params_trigger_ui.py took 0.105 seconds
[2024-06-24T14:09:01.885+0300] {processor.py:161} INFO - Started process (PID=24938) to work on /home/user/rubix/internship_project/.venv/lib/python3.10/site-packages/airflow/example_dags/example_params_trigger_ui.py
[2024-06-24T14:09:01.886+0300] {processor.py:830} INFO - Processing file /home/user/rubix/internship_project/.venv/lib/python3.10/site-packages/airflow/example_dags/example_params_trigger_ui.py for tasks to queue
[2024-06-24T14:09:01.888+0300] {logging_mixin.py:188} INFO - [2024-06-24T14:09:01.888+0300] {dagbag.py:545} INFO - Filling up the DagBag from /home/user/rubix/internship_project/.venv/lib/python3.10/site-packages/airflow/example_dags/example_params_trigger_ui.py
[2024-06-24T14:09:01.908+0300] {processor.py:840} INFO - DAG(s) 'example_params_trigger_ui' retrieved from /home/user/rubix/internship_project/.venv/lib/python3.10/site-packages/airflow/example_dags/example_params_trigger_ui.py
[2024-06-24T14:09:01.945+0300] {logging_mixin.py:188} INFO - [2024-06-24T14:09:01.945+0300] {dag.py:3096} INFO - Sync 1 DAGs
[2024-06-24T14:09:01.955+0300] {logging_mixin.py:188} INFO - [2024-06-24T14:09:01.955+0300] {dag.py:3954} INFO - Setting next_dagrun for example_params_trigger_ui to None, run_after=None
[2024-06-24T14:09:01.975+0300] {processor.py:183} INFO - Processing /home/user/rubix/internship_project/.venv/lib/python3.10/site-packages/airflow/example_dags/example_params_trigger_ui.py took 0.098 seconds
[2024-06-24T14:09:50.051+0300] {processor.py:161} INFO - Started process (PID=25243) to work on /home/user/rubix/internship_project/.venv/lib/python3.10/site-packages/airflow/example_dags/example_params_trigger_ui.py
[2024-06-24T14:09:50.052+0300] {processor.py:830} INFO - Processing file /home/user/rubix/internship_project/.venv/lib/python3.10/site-packages/airflow/example_dags/example_params_trigger_ui.py for tasks to queue
[2024-06-24T14:09:50.054+0300] {logging_mixin.py:188} INFO - [2024-06-24T14:09:50.053+0300] {dagbag.py:545} INFO - Filling up the DagBag from /home/user/rubix/internship_project/.venv/lib/python3.10/site-packages/airflow/example_dags/example_params_trigger_ui.py
[2024-06-24T14:09:50.069+0300] {processor.py:840} INFO - DAG(s) 'example_params_trigger_ui' retrieved from /home/user/rubix/internship_project/.venv/lib/python3.10/site-packages/airflow/example_dags/example_params_trigger_ui.py
[2024-06-24T14:09:50.108+0300] {logging_mixin.py:188} INFO - [2024-06-24T14:09:50.108+0300] {dag.py:3096} INFO - Sync 1 DAGs
[2024-06-24T14:09:50.118+0300] {logging_mixin.py:188} INFO - [2024-06-24T14:09:50.118+0300] {dag.py:3954} INFO - Setting next_dagrun for example_params_trigger_ui to None, run_after=None
[2024-06-24T14:09:50.149+0300] {processor.py:183} INFO - Processing /home/user/rubix/internship_project/.venv/lib/python3.10/site-packages/airflow/example_dags/example_params_trigger_ui.py took 0.106 seconds
[2024-06-24T14:10:55.814+0300] {processor.py:161} INFO - Started process (PID=25618) to work on /home/user/rubix/internship_project/.venv/lib/python3.10/site-packages/airflow/example_dags/example_params_trigger_ui.py
[2024-06-24T14:10:55.815+0300] {processor.py:830} INFO - Processing file /home/user/rubix/internship_project/.venv/lib/python3.10/site-packages/airflow/example_dags/example_params_trigger_ui.py for tasks to queue
[2024-06-24T14:10:55.817+0300] {logging_mixin.py:188} INFO - [2024-06-24T14:10:55.817+0300] {dagbag.py:545} INFO - Filling up the DagBag from /home/user/rubix/internship_project/.venv/lib/python3.10/site-packages/airflow/example_dags/example_params_trigger_ui.py
[2024-06-24T14:10:55.831+0300] {processor.py:840} INFO - DAG(s) 'example_params_trigger_ui' retrieved from /home/user/rubix/internship_project/.venv/lib/python3.10/site-packages/airflow/example_dags/example_params_trigger_ui.py
[2024-06-24T14:10:55.863+0300] {logging_mixin.py:188} INFO - [2024-06-24T14:10:55.863+0300] {dag.py:3096} INFO - Sync 1 DAGs
[2024-06-24T14:10:55.872+0300] {logging_mixin.py:188} INFO - [2024-06-24T14:10:55.872+0300] {dag.py:3954} INFO - Setting next_dagrun for example_params_trigger_ui to None, run_after=None
[2024-06-24T14:10:55.903+0300] {processor.py:183} INFO - Processing /home/user/rubix/internship_project/.venv/lib/python3.10/site-packages/airflow/example_dags/example_params_trigger_ui.py took 0.098 seconds
[2024-06-24T14:11:42.195+0300] {processor.py:161} INFO - Started process (PID=25960) to work on /home/user/rubix/internship_project/.venv/lib/python3.10/site-packages/airflow/example_dags/example_params_trigger_ui.py
[2024-06-24T14:11:42.196+0300] {processor.py:830} INFO - Processing file /home/user/rubix/internship_project/.venv/lib/python3.10/site-packages/airflow/example_dags/example_params_trigger_ui.py for tasks to queue
[2024-06-24T14:11:42.199+0300] {logging_mixin.py:188} INFO - [2024-06-24T14:11:42.198+0300] {dagbag.py:545} INFO - Filling up the DagBag from /home/user/rubix/internship_project/.venv/lib/python3.10/site-packages/airflow/example_dags/example_params_trigger_ui.py
[2024-06-24T14:11:42.216+0300] {processor.py:840} INFO - DAG(s) 'example_params_trigger_ui' retrieved from /home/user/rubix/internship_project/.venv/lib/python3.10/site-packages/airflow/example_dags/example_params_trigger_ui.py
[2024-06-24T14:11:42.256+0300] {logging_mixin.py:188} INFO - [2024-06-24T14:11:42.256+0300] {dag.py:3096} INFO - Sync 1 DAGs
[2024-06-24T14:11:42.266+0300] {logging_mixin.py:188} INFO - [2024-06-24T14:11:42.266+0300] {dag.py:3954} INFO - Setting next_dagrun for example_params_trigger_ui to None, run_after=None
[2024-06-24T14:11:42.297+0300] {processor.py:183} INFO - Processing /home/user/rubix/internship_project/.venv/lib/python3.10/site-packages/airflow/example_dags/example_params_trigger_ui.py took 0.111 seconds
[2024-06-24T14:12:44.273+0300] {processor.py:161} INFO - Started process (PID=26161) to work on /home/user/rubix/internship_project/.venv/lib/python3.10/site-packages/airflow/example_dags/example_params_trigger_ui.py
[2024-06-24T14:12:44.274+0300] {processor.py:830} INFO - Processing file /home/user/rubix/internship_project/.venv/lib/python3.10/site-packages/airflow/example_dags/example_params_trigger_ui.py for tasks to queue
[2024-06-24T14:12:44.276+0300] {logging_mixin.py:188} INFO - [2024-06-24T14:12:44.275+0300] {dagbag.py:545} INFO - Filling up the DagBag from /home/user/rubix/internship_project/.venv/lib/python3.10/site-packages/airflow/example_dags/example_params_trigger_ui.py
[2024-06-24T14:12:44.304+0300] {processor.py:840} INFO - DAG(s) 'example_params_trigger_ui' retrieved from /home/user/rubix/internship_project/.venv/lib/python3.10/site-packages/airflow/example_dags/example_params_trigger_ui.py
[2024-06-24T14:12:44.335+0300] {logging_mixin.py:188} INFO - [2024-06-24T14:12:44.335+0300] {dag.py:3096} INFO - Sync 1 DAGs
[2024-06-24T14:12:44.344+0300] {logging_mixin.py:188} INFO - [2024-06-24T14:12:44.344+0300] {dag.py:3954} INFO - Setting next_dagrun for example_params_trigger_ui to None, run_after=None
[2024-06-24T14:12:44.372+0300] {processor.py:183} INFO - Processing /home/user/rubix/internship_project/.venv/lib/python3.10/site-packages/airflow/example_dags/example_params_trigger_ui.py took 0.106 seconds
[2024-06-24T14:13:35.216+0300] {processor.py:161} INFO - Started process (PID=26339) to work on /home/user/rubix/internship_project/.venv/lib/python3.10/site-packages/airflow/example_dags/example_params_trigger_ui.py
[2024-06-24T14:13:35.217+0300] {processor.py:830} INFO - Processing file /home/user/rubix/internship_project/.venv/lib/python3.10/site-packages/airflow/example_dags/example_params_trigger_ui.py for tasks to queue
[2024-06-24T14:13:35.218+0300] {logging_mixin.py:188} INFO - [2024-06-24T14:13:35.218+0300] {dagbag.py:545} INFO - Filling up the DagBag from /home/user/rubix/internship_project/.venv/lib/python3.10/site-packages/airflow/example_dags/example_params_trigger_ui.py
[2024-06-24T14:13:35.232+0300] {processor.py:840} INFO - DAG(s) 'example_params_trigger_ui' retrieved from /home/user/rubix/internship_project/.venv/lib/python3.10/site-packages/airflow/example_dags/example_params_trigger_ui.py
[2024-06-24T14:13:35.265+0300] {logging_mixin.py:188} INFO - [2024-06-24T14:13:35.265+0300] {dag.py:3096} INFO - Sync 1 DAGs
[2024-06-24T14:13:35.276+0300] {logging_mixin.py:188} INFO - [2024-06-24T14:13:35.276+0300] {dag.py:3954} INFO - Setting next_dagrun for example_params_trigger_ui to None, run_after=None
[2024-06-24T14:13:35.307+0300] {processor.py:183} INFO - Processing /home/user/rubix/internship_project/.venv/lib/python3.10/site-packages/airflow/example_dags/example_params_trigger_ui.py took 0.099 seconds
[2024-06-24T14:14:26.166+0300] {processor.py:161} INFO - Started process (PID=26694) to work on /home/user/rubix/internship_project/.venv/lib/python3.10/site-packages/airflow/example_dags/example_params_trigger_ui.py
[2024-06-24T14:14:26.167+0300] {processor.py:830} INFO - Processing file /home/user/rubix/internship_project/.venv/lib/python3.10/site-packages/airflow/example_dags/example_params_trigger_ui.py for tasks to queue
[2024-06-24T14:14:26.169+0300] {logging_mixin.py:188} INFO - [2024-06-24T14:14:26.169+0300] {dagbag.py:545} INFO - Filling up the DagBag from /home/user/rubix/internship_project/.venv/lib/python3.10/site-packages/airflow/example_dags/example_params_trigger_ui.py
[2024-06-24T14:14:26.186+0300] {processor.py:840} INFO - DAG(s) 'example_params_trigger_ui' retrieved from /home/user/rubix/internship_project/.venv/lib/python3.10/site-packages/airflow/example_dags/example_params_trigger_ui.py
[2024-06-24T14:14:26.229+0300] {logging_mixin.py:188} INFO - [2024-06-24T14:14:26.229+0300] {dag.py:3096} INFO - Sync 1 DAGs
[2024-06-24T14:14:26.241+0300] {logging_mixin.py:188} INFO - [2024-06-24T14:14:26.241+0300] {dag.py:3954} INFO - Setting next_dagrun for example_params_trigger_ui to None, run_after=None
[2024-06-24T14:14:26.272+0300] {processor.py:183} INFO - Processing /home/user/rubix/internship_project/.venv/lib/python3.10/site-packages/airflow/example_dags/example_params_trigger_ui.py took 0.116 seconds
[2024-06-24T14:15:30.453+0300] {processor.py:161} INFO - Started process (PID=26902) to work on /home/user/rubix/internship_project/.venv/lib/python3.10/site-packages/airflow/example_dags/example_params_trigger_ui.py
[2024-06-24T14:15:30.454+0300] {processor.py:830} INFO - Processing file /home/user/rubix/internship_project/.venv/lib/python3.10/site-packages/airflow/example_dags/example_params_trigger_ui.py for tasks to queue
[2024-06-24T14:15:30.455+0300] {logging_mixin.py:188} INFO - [2024-06-24T14:15:30.455+0300] {dagbag.py:545} INFO - Filling up the DagBag from /home/user/rubix/internship_project/.venv/lib/python3.10/site-packages/airflow/example_dags/example_params_trigger_ui.py
[2024-06-24T14:15:30.470+0300] {processor.py:840} INFO - DAG(s) 'example_params_trigger_ui' retrieved from /home/user/rubix/internship_project/.venv/lib/python3.10/site-packages/airflow/example_dags/example_params_trigger_ui.py
[2024-06-24T14:15:30.501+0300] {logging_mixin.py:188} INFO - [2024-06-24T14:15:30.501+0300] {dag.py:3096} INFO - Sync 1 DAGs
[2024-06-24T14:15:30.510+0300] {logging_mixin.py:188} INFO - [2024-06-24T14:15:30.510+0300] {dag.py:3954} INFO - Setting next_dagrun for example_params_trigger_ui to None, run_after=None
[2024-06-24T14:15:30.541+0300] {processor.py:183} INFO - Processing /home/user/rubix/internship_project/.venv/lib/python3.10/site-packages/airflow/example_dags/example_params_trigger_ui.py took 0.096 seconds
[2024-06-24T14:16:31.546+0300] {processor.py:161} INFO - Started process (PID=27091) to work on /home/user/rubix/internship_project/.venv/lib/python3.10/site-packages/airflow/example_dags/example_params_trigger_ui.py
[2024-06-24T14:16:31.547+0300] {processor.py:830} INFO - Processing file /home/user/rubix/internship_project/.venv/lib/python3.10/site-packages/airflow/example_dags/example_params_trigger_ui.py for tasks to queue
[2024-06-24T14:16:31.549+0300] {logging_mixin.py:188} INFO - [2024-06-24T14:16:31.548+0300] {dagbag.py:545} INFO - Filling up the DagBag from /home/user/rubix/internship_project/.venv/lib/python3.10/site-packages/airflow/example_dags/example_params_trigger_ui.py
[2024-06-24T14:16:31.563+0300] {processor.py:840} INFO - DAG(s) 'example_params_trigger_ui' retrieved from /home/user/rubix/internship_project/.venv/lib/python3.10/site-packages/airflow/example_dags/example_params_trigger_ui.py
[2024-06-24T14:16:31.595+0300] {logging_mixin.py:188} INFO - [2024-06-24T14:16:31.595+0300] {dag.py:3096} INFO - Sync 1 DAGs
[2024-06-24T14:16:31.604+0300] {logging_mixin.py:188} INFO - [2024-06-24T14:16:31.604+0300] {dag.py:3954} INFO - Setting next_dagrun for example_params_trigger_ui to None, run_after=None
[2024-06-24T14:16:31.633+0300] {processor.py:183} INFO - Processing /home/user/rubix/internship_project/.venv/lib/python3.10/site-packages/airflow/example_dags/example_params_trigger_ui.py took 0.095 seconds
[2024-06-24T14:17:30.434+0300] {processor.py:161} INFO - Started process (PID=27283) to work on /home/user/rubix/internship_project/.venv/lib/python3.10/site-packages/airflow/example_dags/example_params_trigger_ui.py
[2024-06-24T14:17:30.435+0300] {processor.py:830} INFO - Processing file /home/user/rubix/internship_project/.venv/lib/python3.10/site-packages/airflow/example_dags/example_params_trigger_ui.py for tasks to queue
[2024-06-24T14:17:30.436+0300] {logging_mixin.py:188} INFO - [2024-06-24T14:17:30.436+0300] {dagbag.py:545} INFO - Filling up the DagBag from /home/user/rubix/internship_project/.venv/lib/python3.10/site-packages/airflow/example_dags/example_params_trigger_ui.py
[2024-06-24T14:17:30.451+0300] {processor.py:840} INFO - DAG(s) 'example_params_trigger_ui' retrieved from /home/user/rubix/internship_project/.venv/lib/python3.10/site-packages/airflow/example_dags/example_params_trigger_ui.py
[2024-06-24T14:17:30.483+0300] {logging_mixin.py:188} INFO - [2024-06-24T14:17:30.482+0300] {dag.py:3096} INFO - Sync 1 DAGs
[2024-06-24T14:17:30.491+0300] {logging_mixin.py:188} INFO - [2024-06-24T14:17:30.491+0300] {dag.py:3954} INFO - Setting next_dagrun for example_params_trigger_ui to None, run_after=None
[2024-06-24T14:17:30.522+0300] {processor.py:183} INFO - Processing /home/user/rubix/internship_project/.venv/lib/python3.10/site-packages/airflow/example_dags/example_params_trigger_ui.py took 0.095 seconds
[2024-06-24T14:18:43.343+0300] {processor.py:161} INFO - Started process (PID=27489) to work on /home/user/rubix/internship_project/.venv/lib/python3.10/site-packages/airflow/example_dags/example_params_trigger_ui.py
[2024-06-24T14:18:43.344+0300] {processor.py:830} INFO - Processing file /home/user/rubix/internship_project/.venv/lib/python3.10/site-packages/airflow/example_dags/example_params_trigger_ui.py for tasks to queue
[2024-06-24T14:18:43.346+0300] {logging_mixin.py:188} INFO - [2024-06-24T14:18:43.345+0300] {dagbag.py:545} INFO - Filling up the DagBag from /home/user/rubix/internship_project/.venv/lib/python3.10/site-packages/airflow/example_dags/example_params_trigger_ui.py
[2024-06-24T14:18:43.368+0300] {processor.py:840} INFO - DAG(s) 'example_params_trigger_ui' retrieved from /home/user/rubix/internship_project/.venv/lib/python3.10/site-packages/airflow/example_dags/example_params_trigger_ui.py
[2024-06-24T14:18:43.410+0300] {logging_mixin.py:188} INFO - [2024-06-24T14:18:43.410+0300] {dag.py:3096} INFO - Sync 1 DAGs
[2024-06-24T14:18:43.420+0300] {logging_mixin.py:188} INFO - [2024-06-24T14:18:43.420+0300] {dag.py:3954} INFO - Setting next_dagrun for example_params_trigger_ui to None, run_after=None
[2024-06-24T14:18:43.450+0300] {processor.py:183} INFO - Processing /home/user/rubix/internship_project/.venv/lib/python3.10/site-packages/airflow/example_dags/example_params_trigger_ui.py took 0.115 seconds
[2024-06-24T14:19:34.588+0300] {processor.py:161} INFO - Started process (PID=27717) to work on /home/user/rubix/internship_project/.venv/lib/python3.10/site-packages/airflow/example_dags/example_params_trigger_ui.py
[2024-06-24T14:19:34.590+0300] {processor.py:830} INFO - Processing file /home/user/rubix/internship_project/.venv/lib/python3.10/site-packages/airflow/example_dags/example_params_trigger_ui.py for tasks to queue
[2024-06-24T14:19:34.593+0300] {logging_mixin.py:188} INFO - [2024-06-24T14:19:34.592+0300] {dagbag.py:545} INFO - Filling up the DagBag from /home/user/rubix/internship_project/.venv/lib/python3.10/site-packages/airflow/example_dags/example_params_trigger_ui.py
[2024-06-24T14:19:34.610+0300] {processor.py:840} INFO - DAG(s) 'example_params_trigger_ui' retrieved from /home/user/rubix/internship_project/.venv/lib/python3.10/site-packages/airflow/example_dags/example_params_trigger_ui.py
[2024-06-24T14:19:34.652+0300] {logging_mixin.py:188} INFO - [2024-06-24T14:19:34.652+0300] {dag.py:3096} INFO - Sync 1 DAGs
[2024-06-24T14:19:34.664+0300] {logging_mixin.py:188} INFO - [2024-06-24T14:19:34.664+0300] {dag.py:3954} INFO - Setting next_dagrun for example_params_trigger_ui to None, run_after=None
[2024-06-24T14:19:34.696+0300] {processor.py:183} INFO - Processing /home/user/rubix/internship_project/.venv/lib/python3.10/site-packages/airflow/example_dags/example_params_trigger_ui.py took 0.117 seconds
[2024-06-24T14:20:31.662+0300] {processor.py:161} INFO - Started process (PID=28180) to work on /home/user/rubix/internship_project/.venv/lib/python3.10/site-packages/airflow/example_dags/example_params_trigger_ui.py
[2024-06-24T14:20:31.663+0300] {processor.py:830} INFO - Processing file /home/user/rubix/internship_project/.venv/lib/python3.10/site-packages/airflow/example_dags/example_params_trigger_ui.py for tasks to queue
[2024-06-24T14:20:31.665+0300] {logging_mixin.py:188} INFO - [2024-06-24T14:20:31.664+0300] {dagbag.py:545} INFO - Filling up the DagBag from /home/user/rubix/internship_project/.venv/lib/python3.10/site-packages/airflow/example_dags/example_params_trigger_ui.py
[2024-06-24T14:20:31.681+0300] {processor.py:840} INFO - DAG(s) 'example_params_trigger_ui' retrieved from /home/user/rubix/internship_project/.venv/lib/python3.10/site-packages/airflow/example_dags/example_params_trigger_ui.py
[2024-06-24T14:20:31.712+0300] {logging_mixin.py:188} INFO - [2024-06-24T14:20:31.712+0300] {dag.py:3096} INFO - Sync 1 DAGs
[2024-06-24T14:20:31.721+0300] {logging_mixin.py:188} INFO - [2024-06-24T14:20:31.721+0300] {dag.py:3954} INFO - Setting next_dagrun for example_params_trigger_ui to None, run_after=None
[2024-06-24T14:20:31.739+0300] {processor.py:183} INFO - Processing /home/user/rubix/internship_project/.venv/lib/python3.10/site-packages/airflow/example_dags/example_params_trigger_ui.py took 0.085 seconds
[2024-06-24T14:21:36.833+0300] {processor.py:161} INFO - Started process (PID=28561) to work on /home/user/rubix/internship_project/.venv/lib/python3.10/site-packages/airflow/example_dags/example_params_trigger_ui.py
[2024-06-24T14:21:36.834+0300] {processor.py:830} INFO - Processing file /home/user/rubix/internship_project/.venv/lib/python3.10/site-packages/airflow/example_dags/example_params_trigger_ui.py for tasks to queue
[2024-06-24T14:21:36.837+0300] {logging_mixin.py:188} INFO - [2024-06-24T14:21:36.836+0300] {dagbag.py:545} INFO - Filling up the DagBag from /home/user/rubix/internship_project/.venv/lib/python3.10/site-packages/airflow/example_dags/example_params_trigger_ui.py
[2024-06-24T14:21:36.853+0300] {processor.py:840} INFO - DAG(s) 'example_params_trigger_ui' retrieved from /home/user/rubix/internship_project/.venv/lib/python3.10/site-packages/airflow/example_dags/example_params_trigger_ui.py
[2024-06-24T14:21:36.893+0300] {logging_mixin.py:188} INFO - [2024-06-24T14:21:36.892+0300] {dag.py:3096} INFO - Sync 1 DAGs
[2024-06-24T14:21:36.903+0300] {logging_mixin.py:188} INFO - [2024-06-24T14:21:36.903+0300] {dag.py:3954} INFO - Setting next_dagrun for example_params_trigger_ui to None, run_after=None
[2024-06-24T14:21:36.933+0300] {processor.py:183} INFO - Processing /home/user/rubix/internship_project/.venv/lib/python3.10/site-packages/airflow/example_dags/example_params_trigger_ui.py took 0.108 seconds
[2024-06-24T14:22:30.914+0300] {processor.py:161} INFO - Started process (PID=28783) to work on /home/user/rubix/internship_project/.venv/lib/python3.10/site-packages/airflow/example_dags/example_params_trigger_ui.py
[2024-06-24T14:22:30.915+0300] {processor.py:830} INFO - Processing file /home/user/rubix/internship_project/.venv/lib/python3.10/site-packages/airflow/example_dags/example_params_trigger_ui.py for tasks to queue
[2024-06-24T14:22:30.917+0300] {logging_mixin.py:188} INFO - [2024-06-24T14:22:30.917+0300] {dagbag.py:545} INFO - Filling up the DagBag from /home/user/rubix/internship_project/.venv/lib/python3.10/site-packages/airflow/example_dags/example_params_trigger_ui.py
[2024-06-24T14:22:30.932+0300] {processor.py:840} INFO - DAG(s) 'example_params_trigger_ui' retrieved from /home/user/rubix/internship_project/.venv/lib/python3.10/site-packages/airflow/example_dags/example_params_trigger_ui.py
[2024-06-24T14:22:30.969+0300] {logging_mixin.py:188} INFO - [2024-06-24T14:22:30.969+0300] {dag.py:3096} INFO - Sync 1 DAGs
[2024-06-24T14:22:30.979+0300] {logging_mixin.py:188} INFO - [2024-06-24T14:22:30.979+0300] {dag.py:3954} INFO - Setting next_dagrun for example_params_trigger_ui to None, run_after=None
[2024-06-24T14:22:31.010+0300] {processor.py:183} INFO - Processing /home/user/rubix/internship_project/.venv/lib/python3.10/site-packages/airflow/example_dags/example_params_trigger_ui.py took 0.104 seconds
[2024-06-24T14:23:36.900+0300] {processor.py:161} INFO - Started process (PID=29017) to work on /home/user/rubix/internship_project/.venv/lib/python3.10/site-packages/airflow/example_dags/example_params_trigger_ui.py
[2024-06-24T14:23:36.901+0300] {processor.py:830} INFO - Processing file /home/user/rubix/internship_project/.venv/lib/python3.10/site-packages/airflow/example_dags/example_params_trigger_ui.py for tasks to queue
[2024-06-24T14:23:36.904+0300] {logging_mixin.py:188} INFO - [2024-06-24T14:23:36.903+0300] {dagbag.py:545} INFO - Filling up the DagBag from /home/user/rubix/internship_project/.venv/lib/python3.10/site-packages/airflow/example_dags/example_params_trigger_ui.py
[2024-06-24T14:23:36.919+0300] {processor.py:840} INFO - DAG(s) 'example_params_trigger_ui' retrieved from /home/user/rubix/internship_project/.venv/lib/python3.10/site-packages/airflow/example_dags/example_params_trigger_ui.py
[2024-06-24T14:23:36.956+0300] {logging_mixin.py:188} INFO - [2024-06-24T14:23:36.956+0300] {dag.py:3096} INFO - Sync 1 DAGs
[2024-06-24T14:23:36.966+0300] {logging_mixin.py:188} INFO - [2024-06-24T14:23:36.965+0300] {dag.py:3954} INFO - Setting next_dagrun for example_params_trigger_ui to None, run_after=None
[2024-06-24T14:23:36.998+0300] {processor.py:183} INFO - Processing /home/user/rubix/internship_project/.venv/lib/python3.10/site-packages/airflow/example_dags/example_params_trigger_ui.py took 0.106 seconds
[2024-06-24T14:24:24.436+0300] {processor.py:161} INFO - Started process (PID=29237) to work on /home/user/rubix/internship_project/.venv/lib/python3.10/site-packages/airflow/example_dags/example_params_trigger_ui.py
[2024-06-24T14:24:24.437+0300] {processor.py:830} INFO - Processing file /home/user/rubix/internship_project/.venv/lib/python3.10/site-packages/airflow/example_dags/example_params_trigger_ui.py for tasks to queue
[2024-06-24T14:24:24.442+0300] {logging_mixin.py:188} INFO - [2024-06-24T14:24:24.440+0300] {dagbag.py:545} INFO - Filling up the DagBag from /home/user/rubix/internship_project/.venv/lib/python3.10/site-packages/airflow/example_dags/example_params_trigger_ui.py
[2024-06-24T14:24:24.463+0300] {processor.py:840} INFO - DAG(s) 'example_params_trigger_ui' retrieved from /home/user/rubix/internship_project/.venv/lib/python3.10/site-packages/airflow/example_dags/example_params_trigger_ui.py
[2024-06-24T14:24:24.510+0300] {logging_mixin.py:188} INFO - [2024-06-24T14:24:24.510+0300] {dag.py:3096} INFO - Sync 1 DAGs
[2024-06-24T14:24:24.521+0300] {logging_mixin.py:188} INFO - [2024-06-24T14:24:24.521+0300] {dag.py:3954} INFO - Setting next_dagrun for example_params_trigger_ui to None, run_after=None
[2024-06-24T14:24:24.552+0300] {processor.py:183} INFO - Processing /home/user/rubix/internship_project/.venv/lib/python3.10/site-packages/airflow/example_dags/example_params_trigger_ui.py took 0.124 seconds
[2024-06-24T14:25:09.829+0300] {processor.py:161} INFO - Started process (PID=29491) to work on /home/user/rubix/internship_project/.venv/lib/python3.10/site-packages/airflow/example_dags/example_params_trigger_ui.py
[2024-06-24T14:25:09.830+0300] {processor.py:830} INFO - Processing file /home/user/rubix/internship_project/.venv/lib/python3.10/site-packages/airflow/example_dags/example_params_trigger_ui.py for tasks to queue
[2024-06-24T14:25:09.832+0300] {logging_mixin.py:188} INFO - [2024-06-24T14:25:09.831+0300] {dagbag.py:545} INFO - Filling up the DagBag from /home/user/rubix/internship_project/.venv/lib/python3.10/site-packages/airflow/example_dags/example_params_trigger_ui.py
[2024-06-24T14:25:09.845+0300] {processor.py:840} INFO - DAG(s) 'example_params_trigger_ui' retrieved from /home/user/rubix/internship_project/.venv/lib/python3.10/site-packages/airflow/example_dags/example_params_trigger_ui.py
[2024-06-24T14:25:09.878+0300] {logging_mixin.py:188} INFO - [2024-06-24T14:25:09.878+0300] {dag.py:3096} INFO - Sync 1 DAGs
[2024-06-24T14:25:09.888+0300] {logging_mixin.py:188} INFO - [2024-06-24T14:25:09.887+0300] {dag.py:3954} INFO - Setting next_dagrun for example_params_trigger_ui to None, run_after=None
[2024-06-24T14:25:09.922+0300] {processor.py:183} INFO - Processing /home/user/rubix/internship_project/.venv/lib/python3.10/site-packages/airflow/example_dags/example_params_trigger_ui.py took 0.101 seconds
[2024-06-24T14:26:10.310+0300] {processor.py:161} INFO - Started process (PID=29723) to work on /home/user/rubix/internship_project/.venv/lib/python3.10/site-packages/airflow/example_dags/example_params_trigger_ui.py
[2024-06-24T14:26:10.312+0300] {processor.py:830} INFO - Processing file /home/user/rubix/internship_project/.venv/lib/python3.10/site-packages/airflow/example_dags/example_params_trigger_ui.py for tasks to queue
[2024-06-24T14:26:10.313+0300] {logging_mixin.py:188} INFO - [2024-06-24T14:26:10.313+0300] {dagbag.py:545} INFO - Filling up the DagBag from /home/user/rubix/internship_project/.venv/lib/python3.10/site-packages/airflow/example_dags/example_params_trigger_ui.py
[2024-06-24T14:26:10.328+0300] {processor.py:840} INFO - DAG(s) 'example_params_trigger_ui' retrieved from /home/user/rubix/internship_project/.venv/lib/python3.10/site-packages/airflow/example_dags/example_params_trigger_ui.py
[2024-06-24T14:26:10.362+0300] {logging_mixin.py:188} INFO - [2024-06-24T14:26:10.362+0300] {dag.py:3096} INFO - Sync 1 DAGs
[2024-06-24T14:26:10.371+0300] {logging_mixin.py:188} INFO - [2024-06-24T14:26:10.370+0300] {dag.py:3954} INFO - Setting next_dagrun for example_params_trigger_ui to None, run_after=None
[2024-06-24T14:26:10.401+0300] {processor.py:183} INFO - Processing /home/user/rubix/internship_project/.venv/lib/python3.10/site-packages/airflow/example_dags/example_params_trigger_ui.py took 0.099 seconds
[2024-06-24T14:27:15.136+0300] {processor.py:161} INFO - Started process (PID=30305) to work on /home/user/rubix/internship_project/.venv/lib/python3.10/site-packages/airflow/example_dags/example_params_trigger_ui.py
[2024-06-24T14:27:15.137+0300] {processor.py:830} INFO - Processing file /home/user/rubix/internship_project/.venv/lib/python3.10/site-packages/airflow/example_dags/example_params_trigger_ui.py for tasks to queue
[2024-06-24T14:27:15.139+0300] {logging_mixin.py:188} INFO - [2024-06-24T14:27:15.138+0300] {dagbag.py:545} INFO - Filling up the DagBag from /home/user/rubix/internship_project/.venv/lib/python3.10/site-packages/airflow/example_dags/example_params_trigger_ui.py
[2024-06-24T14:27:15.159+0300] {processor.py:840} INFO - DAG(s) 'example_params_trigger_ui' retrieved from /home/user/rubix/internship_project/.venv/lib/python3.10/site-packages/airflow/example_dags/example_params_trigger_ui.py
[2024-06-24T14:27:15.195+0300] {logging_mixin.py:188} INFO - [2024-06-24T14:27:15.194+0300] {dag.py:3096} INFO - Sync 1 DAGs
[2024-06-24T14:27:15.204+0300] {logging_mixin.py:188} INFO - [2024-06-24T14:27:15.203+0300] {dag.py:3954} INFO - Setting next_dagrun for example_params_trigger_ui to None, run_after=None
[2024-06-24T14:27:15.222+0300] {processor.py:183} INFO - Processing /home/user/rubix/internship_project/.venv/lib/python3.10/site-packages/airflow/example_dags/example_params_trigger_ui.py took 0.094 seconds
[2024-06-24T14:28:17.309+0300] {processor.py:161} INFO - Started process (PID=30712) to work on /home/user/rubix/internship_project/.venv/lib/python3.10/site-packages/airflow/example_dags/example_params_trigger_ui.py
[2024-06-24T14:28:17.310+0300] {processor.py:830} INFO - Processing file /home/user/rubix/internship_project/.venv/lib/python3.10/site-packages/airflow/example_dags/example_params_trigger_ui.py for tasks to queue
[2024-06-24T14:28:17.311+0300] {logging_mixin.py:188} INFO - [2024-06-24T14:28:17.311+0300] {dagbag.py:545} INFO - Filling up the DagBag from /home/user/rubix/internship_project/.venv/lib/python3.10/site-packages/airflow/example_dags/example_params_trigger_ui.py
[2024-06-24T14:28:17.327+0300] {processor.py:840} INFO - DAG(s) 'example_params_trigger_ui' retrieved from /home/user/rubix/internship_project/.venv/lib/python3.10/site-packages/airflow/example_dags/example_params_trigger_ui.py
[2024-06-24T14:28:17.368+0300] {logging_mixin.py:188} INFO - [2024-06-24T14:28:17.367+0300] {dag.py:3096} INFO - Sync 1 DAGs
[2024-06-24T14:28:17.378+0300] {logging_mixin.py:188} INFO - [2024-06-24T14:28:17.378+0300] {dag.py:3954} INFO - Setting next_dagrun for example_params_trigger_ui to None, run_after=None
[2024-06-24T14:28:17.402+0300] {processor.py:183} INFO - Processing /home/user/rubix/internship_project/.venv/lib/python3.10/site-packages/airflow/example_dags/example_params_trigger_ui.py took 0.101 seconds
[2024-06-24T14:29:05.671+0300] {processor.py:161} INFO - Started process (PID=31053) to work on /home/user/rubix/internship_project/.venv/lib/python3.10/site-packages/airflow/example_dags/example_params_trigger_ui.py
[2024-06-24T14:29:05.673+0300] {processor.py:830} INFO - Processing file /home/user/rubix/internship_project/.venv/lib/python3.10/site-packages/airflow/example_dags/example_params_trigger_ui.py for tasks to queue
[2024-06-24T14:29:05.676+0300] {logging_mixin.py:188} INFO - [2024-06-24T14:29:05.675+0300] {dagbag.py:545} INFO - Filling up the DagBag from /home/user/rubix/internship_project/.venv/lib/python3.10/site-packages/airflow/example_dags/example_params_trigger_ui.py
[2024-06-24T14:29:05.692+0300] {processor.py:840} INFO - DAG(s) 'example_params_trigger_ui' retrieved from /home/user/rubix/internship_project/.venv/lib/python3.10/site-packages/airflow/example_dags/example_params_trigger_ui.py
[2024-06-24T14:29:05.734+0300] {logging_mixin.py:188} INFO - [2024-06-24T14:29:05.734+0300] {dag.py:3096} INFO - Sync 1 DAGs
[2024-06-24T14:29:05.746+0300] {logging_mixin.py:188} INFO - [2024-06-24T14:29:05.746+0300] {dag.py:3954} INFO - Setting next_dagrun for example_params_trigger_ui to None, run_after=None
[2024-06-24T14:29:05.779+0300] {processor.py:183} INFO - Processing /home/user/rubix/internship_project/.venv/lib/python3.10/site-packages/airflow/example_dags/example_params_trigger_ui.py took 0.116 seconds
[2024-06-24T14:29:54.046+0300] {processor.py:161} INFO - Started process (PID=31335) to work on /home/user/rubix/internship_project/.venv/lib/python3.10/site-packages/airflow/example_dags/example_params_trigger_ui.py
[2024-06-24T14:29:54.047+0300] {processor.py:830} INFO - Processing file /home/user/rubix/internship_project/.venv/lib/python3.10/site-packages/airflow/example_dags/example_params_trigger_ui.py for tasks to queue
[2024-06-24T14:29:54.049+0300] {logging_mixin.py:188} INFO - [2024-06-24T14:29:54.049+0300] {dagbag.py:545} INFO - Filling up the DagBag from /home/user/rubix/internship_project/.venv/lib/python3.10/site-packages/airflow/example_dags/example_params_trigger_ui.py
[2024-06-24T14:29:54.066+0300] {processor.py:840} INFO - DAG(s) 'example_params_trigger_ui' retrieved from /home/user/rubix/internship_project/.venv/lib/python3.10/site-packages/airflow/example_dags/example_params_trigger_ui.py
[2024-06-24T14:29:54.114+0300] {logging_mixin.py:188} INFO - [2024-06-24T14:29:54.114+0300] {dag.py:3096} INFO - Sync 1 DAGs
[2024-06-24T14:29:54.127+0300] {logging_mixin.py:188} INFO - [2024-06-24T14:29:54.127+0300] {dag.py:3954} INFO - Setting next_dagrun for example_params_trigger_ui to None, run_after=None
[2024-06-24T14:29:54.160+0300] {processor.py:183} INFO - Processing /home/user/rubix/internship_project/.venv/lib/python3.10/site-packages/airflow/example_dags/example_params_trigger_ui.py took 0.128 seconds
[2024-06-24T14:30:42.360+0300] {processor.py:161} INFO - Started process (PID=31497) to work on /home/user/rubix/internship_project/.venv/lib/python3.10/site-packages/airflow/example_dags/example_params_trigger_ui.py
[2024-06-24T14:30:42.361+0300] {processor.py:830} INFO - Processing file /home/user/rubix/internship_project/.venv/lib/python3.10/site-packages/airflow/example_dags/example_params_trigger_ui.py for tasks to queue
[2024-06-24T14:30:42.363+0300] {logging_mixin.py:188} INFO - [2024-06-24T14:30:42.363+0300] {dagbag.py:545} INFO - Filling up the DagBag from /home/user/rubix/internship_project/.venv/lib/python3.10/site-packages/airflow/example_dags/example_params_trigger_ui.py
[2024-06-24T14:30:42.378+0300] {processor.py:840} INFO - DAG(s) 'example_params_trigger_ui' retrieved from /home/user/rubix/internship_project/.venv/lib/python3.10/site-packages/airflow/example_dags/example_params_trigger_ui.py
[2024-06-24T14:30:42.416+0300] {logging_mixin.py:188} INFO - [2024-06-24T14:30:42.416+0300] {dag.py:3096} INFO - Sync 1 DAGs
[2024-06-24T14:30:42.425+0300] {logging_mixin.py:188} INFO - [2024-06-24T14:30:42.425+0300] {dag.py:3954} INFO - Setting next_dagrun for example_params_trigger_ui to None, run_after=None
[2024-06-24T14:30:42.445+0300] {processor.py:183} INFO - Processing /home/user/rubix/internship_project/.venv/lib/python3.10/site-packages/airflow/example_dags/example_params_trigger_ui.py took 0.094 seconds
[2024-06-24T14:31:30.057+0300] {processor.py:161} INFO - Started process (PID=31860) to work on /home/user/rubix/internship_project/.venv/lib/python3.10/site-packages/airflow/example_dags/example_params_trigger_ui.py
[2024-06-24T14:31:30.058+0300] {processor.py:830} INFO - Processing file /home/user/rubix/internship_project/.venv/lib/python3.10/site-packages/airflow/example_dags/example_params_trigger_ui.py for tasks to queue
[2024-06-24T14:31:30.060+0300] {logging_mixin.py:188} INFO - [2024-06-24T14:31:30.059+0300] {dagbag.py:545} INFO - Filling up the DagBag from /home/user/rubix/internship_project/.venv/lib/python3.10/site-packages/airflow/example_dags/example_params_trigger_ui.py
[2024-06-24T14:31:30.075+0300] {processor.py:840} INFO - DAG(s) 'example_params_trigger_ui' retrieved from /home/user/rubix/internship_project/.venv/lib/python3.10/site-packages/airflow/example_dags/example_params_trigger_ui.py
[2024-06-24T14:31:30.119+0300] {logging_mixin.py:188} INFO - [2024-06-24T14:31:30.119+0300] {dag.py:3096} INFO - Sync 1 DAGs
[2024-06-24T14:31:30.129+0300] {logging_mixin.py:188} INFO - [2024-06-24T14:31:30.129+0300] {dag.py:3954} INFO - Setting next_dagrun for example_params_trigger_ui to None, run_after=None
[2024-06-24T14:31:30.149+0300] {processor.py:183} INFO - Processing /home/user/rubix/internship_project/.venv/lib/python3.10/site-packages/airflow/example_dags/example_params_trigger_ui.py took 0.101 seconds
[2024-06-24T14:32:37.174+0300] {processor.py:161} INFO - Started process (PID=32094) to work on /home/user/rubix/internship_project/.venv/lib/python3.10/site-packages/airflow/example_dags/example_params_trigger_ui.py
[2024-06-24T14:32:37.175+0300] {processor.py:830} INFO - Processing file /home/user/rubix/internship_project/.venv/lib/python3.10/site-packages/airflow/example_dags/example_params_trigger_ui.py for tasks to queue
[2024-06-24T14:32:37.178+0300] {logging_mixin.py:188} INFO - [2024-06-24T14:32:37.177+0300] {dagbag.py:545} INFO - Filling up the DagBag from /home/user/rubix/internship_project/.venv/lib/python3.10/site-packages/airflow/example_dags/example_params_trigger_ui.py
[2024-06-24T14:32:37.200+0300] {processor.py:840} INFO - DAG(s) 'example_params_trigger_ui' retrieved from /home/user/rubix/internship_project/.venv/lib/python3.10/site-packages/airflow/example_dags/example_params_trigger_ui.py
[2024-06-24T14:32:37.236+0300] {logging_mixin.py:188} INFO - [2024-06-24T14:32:37.236+0300] {dag.py:3096} INFO - Sync 1 DAGs
[2024-06-24T14:32:37.245+0300] {logging_mixin.py:188} INFO - [2024-06-24T14:32:37.245+0300] {dag.py:3954} INFO - Setting next_dagrun for example_params_trigger_ui to None, run_after=None
[2024-06-24T14:32:37.265+0300] {processor.py:183} INFO - Processing /home/user/rubix/internship_project/.venv/lib/python3.10/site-packages/airflow/example_dags/example_params_trigger_ui.py took 0.100 seconds
