[2024-06-24T14:03:21.897+0300] {processor.py:161} INFO - Started process (PID=22706) to work on /home/user/rubix/internship_project/.venv/lib/python3.10/site-packages/airflow/example_dags/example_external_task_marker_dag.py
[2024-06-24T14:03:21.898+0300] {processor.py:830} INFO - Processing file /home/user/rubix/internship_project/.venv/lib/python3.10/site-packages/airflow/example_dags/example_external_task_marker_dag.py for tasks to queue
[2024-06-24T14:03:21.911+0300] {logging_mixin.py:188} INFO - [2024-06-24T14:03:21.911+0300] {dagbag.py:545} INFO - Filling up the DagBag from /home/user/rubix/internship_project/.venv/lib/python3.10/site-packages/airflow/example_dags/example_external_task_marker_dag.py
[2024-06-24T14:03:21.918+0300] {processor.py:840} INFO - DAG(s) 'example_external_task_marker_child', 'example_external_task_marker_parent' retrieved from /home/user/rubix/internship_project/.venv/lib/python3.10/site-packages/airflow/example_dags/example_external_task_marker_dag.py
[2024-06-24T14:03:22.008+0300] {logging_mixin.py:188} INFO - [2024-06-24T14:03:22.008+0300] {dag.py:3096} INFO - Sync 2 DAGs
[2024-06-24T14:03:22.015+0300] {logging_mixin.py:188} INFO - [2024-06-24T14:03:22.014+0300] {dag.py:3954} INFO - Setting next_dagrun for example_external_task_marker_child to None, run_after=None
[2024-06-24T14:03:22.017+0300] {logging_mixin.py:188} INFO - [2024-06-24T14:03:22.016+0300] {dag.py:3954} INFO - Setting next_dagrun for example_external_task_marker_parent to None, run_after=None
[2024-06-24T14:03:22.049+0300] {processor.py:183} INFO - Processing /home/user/rubix/internship_project/.venv/lib/python3.10/site-packages/airflow/example_dags/example_external_task_marker_dag.py took 0.159 seconds
[2024-06-24T14:04:32.787+0300] {processor.py:161} INFO - Started process (PID=23248) to work on /home/user/rubix/internship_project/.venv/lib/python3.10/site-packages/airflow/example_dags/example_external_task_marker_dag.py
[2024-06-24T14:04:32.788+0300] {processor.py:830} INFO - Processing file /home/user/rubix/internship_project/.venv/lib/python3.10/site-packages/airflow/example_dags/example_external_task_marker_dag.py for tasks to queue
[2024-06-24T14:04:32.790+0300] {logging_mixin.py:188} INFO - [2024-06-24T14:04:32.790+0300] {dagbag.py:545} INFO - Filling up the DagBag from /home/user/rubix/internship_project/.venv/lib/python3.10/site-packages/airflow/example_dags/example_external_task_marker_dag.py
[2024-06-24T14:04:32.798+0300] {processor.py:840} INFO - DAG(s) 'example_external_task_marker_parent', 'example_external_task_marker_child' retrieved from /home/user/rubix/internship_project/.venv/lib/python3.10/site-packages/airflow/example_dags/example_external_task_marker_dag.py
[2024-06-24T14:04:32.904+0300] {logging_mixin.py:188} INFO - [2024-06-24T14:04:32.903+0300] {dag.py:3096} INFO - Sync 2 DAGs
[2024-06-24T14:04:32.913+0300] {logging_mixin.py:188} INFO - [2024-06-24T14:04:32.913+0300] {dag.py:3954} INFO - Setting next_dagrun for example_external_task_marker_child to None, run_after=None
[2024-06-24T14:04:32.918+0300] {logging_mixin.py:188} INFO - [2024-06-24T14:04:32.917+0300] {dag.py:3954} INFO - Setting next_dagrun for example_external_task_marker_parent to None, run_after=None
[2024-06-24T14:04:33.054+0300] {processor.py:183} INFO - Processing /home/user/rubix/internship_project/.venv/lib/python3.10/site-packages/airflow/example_dags/example_external_task_marker_dag.py took 0.274 seconds
[2024-06-24T14:05:33.784+0300] {processor.py:161} INFO - Started process (PID=23724) to work on /home/user/rubix/internship_project/.venv/lib/python3.10/site-packages/airflow/example_dags/example_external_task_marker_dag.py
[2024-06-24T14:05:33.785+0300] {processor.py:830} INFO - Processing file /home/user/rubix/internship_project/.venv/lib/python3.10/site-packages/airflow/example_dags/example_external_task_marker_dag.py for tasks to queue
[2024-06-24T14:05:33.787+0300] {logging_mixin.py:188} INFO - [2024-06-24T14:05:33.787+0300] {dagbag.py:545} INFO - Filling up the DagBag from /home/user/rubix/internship_project/.venv/lib/python3.10/site-packages/airflow/example_dags/example_external_task_marker_dag.py
[2024-06-24T14:05:33.806+0300] {processor.py:840} INFO - DAG(s) 'example_external_task_marker_parent', 'example_external_task_marker_child' retrieved from /home/user/rubix/internship_project/.venv/lib/python3.10/site-packages/airflow/example_dags/example_external_task_marker_dag.py
[2024-06-24T14:05:33.832+0300] {logging_mixin.py:188} INFO - [2024-06-24T14:05:33.832+0300] {dag.py:3096} INFO - Sync 2 DAGs
[2024-06-24T14:05:33.845+0300] {logging_mixin.py:188} INFO - [2024-06-24T14:05:33.844+0300] {dag.py:3954} INFO - Setting next_dagrun for example_external_task_marker_child to None, run_after=None
[2024-06-24T14:05:33.847+0300] {logging_mixin.py:188} INFO - [2024-06-24T14:05:33.847+0300] {dag.py:3954} INFO - Setting next_dagrun for example_external_task_marker_parent to None, run_after=None
[2024-06-24T14:05:33.875+0300] {processor.py:183} INFO - Processing /home/user/rubix/internship_project/.venv/lib/python3.10/site-packages/airflow/example_dags/example_external_task_marker_dag.py took 0.100 seconds
[2024-06-24T14:06:36.661+0300] {processor.py:161} INFO - Started process (PID=24129) to work on /home/user/rubix/internship_project/.venv/lib/python3.10/site-packages/airflow/example_dags/example_external_task_marker_dag.py
[2024-06-24T14:06:36.662+0300] {processor.py:830} INFO - Processing file /home/user/rubix/internship_project/.venv/lib/python3.10/site-packages/airflow/example_dags/example_external_task_marker_dag.py for tasks to queue
[2024-06-24T14:06:36.664+0300] {logging_mixin.py:188} INFO - [2024-06-24T14:06:36.664+0300] {dagbag.py:545} INFO - Filling up the DagBag from /home/user/rubix/internship_project/.venv/lib/python3.10/site-packages/airflow/example_dags/example_external_task_marker_dag.py
[2024-06-24T14:06:36.672+0300] {processor.py:840} INFO - DAG(s) 'example_external_task_marker_parent', 'example_external_task_marker_child' retrieved from /home/user/rubix/internship_project/.venv/lib/python3.10/site-packages/airflow/example_dags/example_external_task_marker_dag.py
[2024-06-24T14:06:36.786+0300] {logging_mixin.py:188} INFO - [2024-06-24T14:06:36.786+0300] {dag.py:3096} INFO - Sync 2 DAGs
[2024-06-24T14:06:36.793+0300] {logging_mixin.py:188} INFO - [2024-06-24T14:06:36.792+0300] {dag.py:3954} INFO - Setting next_dagrun for example_external_task_marker_child to None, run_after=None
[2024-06-24T14:06:36.796+0300] {logging_mixin.py:188} INFO - [2024-06-24T14:06:36.795+0300] {dag.py:3954} INFO - Setting next_dagrun for example_external_task_marker_parent to None, run_after=None
[2024-06-24T14:06:36.821+0300] {processor.py:183} INFO - Processing /home/user/rubix/internship_project/.venv/lib/python3.10/site-packages/airflow/example_dags/example_external_task_marker_dag.py took 0.169 seconds
[2024-06-24T14:07:29.885+0300] {processor.py:161} INFO - Started process (PID=24352) to work on /home/user/rubix/internship_project/.venv/lib/python3.10/site-packages/airflow/example_dags/example_external_task_marker_dag.py
[2024-06-24T14:07:29.886+0300] {processor.py:830} INFO - Processing file /home/user/rubix/internship_project/.venv/lib/python3.10/site-packages/airflow/example_dags/example_external_task_marker_dag.py for tasks to queue
[2024-06-24T14:07:29.888+0300] {logging_mixin.py:188} INFO - [2024-06-24T14:07:29.887+0300] {dagbag.py:545} INFO - Filling up the DagBag from /home/user/rubix/internship_project/.venv/lib/python3.10/site-packages/airflow/example_dags/example_external_task_marker_dag.py
[2024-06-24T14:07:29.895+0300] {processor.py:840} INFO - DAG(s) 'example_external_task_marker_parent', 'example_external_task_marker_child' retrieved from /home/user/rubix/internship_project/.venv/lib/python3.10/site-packages/airflow/example_dags/example_external_task_marker_dag.py
[2024-06-24T14:07:29.915+0300] {logging_mixin.py:188} INFO - [2024-06-24T14:07:29.915+0300] {dag.py:3096} INFO - Sync 2 DAGs
[2024-06-24T14:07:29.925+0300] {logging_mixin.py:188} INFO - [2024-06-24T14:07:29.925+0300] {dag.py:3954} INFO - Setting next_dagrun for example_external_task_marker_child to None, run_after=None
[2024-06-24T14:07:29.927+0300] {logging_mixin.py:188} INFO - [2024-06-24T14:07:29.927+0300] {dag.py:3954} INFO - Setting next_dagrun for example_external_task_marker_parent to None, run_after=None
[2024-06-24T14:07:29.957+0300] {processor.py:183} INFO - Processing /home/user/rubix/internship_project/.venv/lib/python3.10/site-packages/airflow/example_dags/example_external_task_marker_dag.py took 0.081 seconds
[2024-06-24T14:08:21.470+0300] {processor.py:161} INFO - Started process (PID=24694) to work on /home/user/rubix/internship_project/.venv/lib/python3.10/site-packages/airflow/example_dags/example_external_task_marker_dag.py
[2024-06-24T14:08:21.471+0300] {processor.py:830} INFO - Processing file /home/user/rubix/internship_project/.venv/lib/python3.10/site-packages/airflow/example_dags/example_external_task_marker_dag.py for tasks to queue
[2024-06-24T14:08:21.472+0300] {logging_mixin.py:188} INFO - [2024-06-24T14:08:21.472+0300] {dagbag.py:545} INFO - Filling up the DagBag from /home/user/rubix/internship_project/.venv/lib/python3.10/site-packages/airflow/example_dags/example_external_task_marker_dag.py
[2024-06-24T14:08:21.480+0300] {processor.py:840} INFO - DAG(s) 'example_external_task_marker_parent', 'example_external_task_marker_child' retrieved from /home/user/rubix/internship_project/.venv/lib/python3.10/site-packages/airflow/example_dags/example_external_task_marker_dag.py
[2024-06-24T14:08:21.499+0300] {logging_mixin.py:188} INFO - [2024-06-24T14:08:21.499+0300] {dag.py:3096} INFO - Sync 2 DAGs
[2024-06-24T14:08:21.510+0300] {logging_mixin.py:188} INFO - [2024-06-24T14:08:21.510+0300] {dag.py:3954} INFO - Setting next_dagrun for example_external_task_marker_child to None, run_after=None
[2024-06-24T14:08:21.513+0300] {logging_mixin.py:188} INFO - [2024-06-24T14:08:21.512+0300] {dag.py:3954} INFO - Setting next_dagrun for example_external_task_marker_parent to None, run_after=None
[2024-06-24T14:08:21.541+0300] {processor.py:183} INFO - Processing /home/user/rubix/internship_project/.venv/lib/python3.10/site-packages/airflow/example_dags/example_external_task_marker_dag.py took 0.080 seconds
[2024-06-24T14:09:28.670+0300] {processor.py:161} INFO - Started process (PID=25119) to work on /home/user/rubix/internship_project/.venv/lib/python3.10/site-packages/airflow/example_dags/example_external_task_marker_dag.py
[2024-06-24T14:09:28.674+0300] {processor.py:830} INFO - Processing file /home/user/rubix/internship_project/.venv/lib/python3.10/site-packages/airflow/example_dags/example_external_task_marker_dag.py for tasks to queue
[2024-06-24T14:09:28.677+0300] {logging_mixin.py:188} INFO - [2024-06-24T14:09:28.676+0300] {dagbag.py:545} INFO - Filling up the DagBag from /home/user/rubix/internship_project/.venv/lib/python3.10/site-packages/airflow/example_dags/example_external_task_marker_dag.py
[2024-06-24T14:09:28.687+0300] {processor.py:840} INFO - DAG(s) 'example_external_task_marker_parent', 'example_external_task_marker_child' retrieved from /home/user/rubix/internship_project/.venv/lib/python3.10/site-packages/airflow/example_dags/example_external_task_marker_dag.py
[2024-06-24T14:09:28.718+0300] {logging_mixin.py:188} INFO - [2024-06-24T14:09:28.718+0300] {dag.py:3096} INFO - Sync 2 DAGs
[2024-06-24T14:09:28.736+0300] {logging_mixin.py:188} INFO - [2024-06-24T14:09:28.735+0300] {dag.py:3954} INFO - Setting next_dagrun for example_external_task_marker_child to None, run_after=None
[2024-06-24T14:09:28.741+0300] {logging_mixin.py:188} INFO - [2024-06-24T14:09:28.740+0300] {dag.py:3954} INFO - Setting next_dagrun for example_external_task_marker_parent to None, run_after=None
[2024-06-24T14:09:28.770+0300] {processor.py:183} INFO - Processing /home/user/rubix/internship_project/.venv/lib/python3.10/site-packages/airflow/example_dags/example_external_task_marker_dag.py took 0.110 seconds
[2024-06-24T14:10:36.417+0300] {processor.py:161} INFO - Started process (PID=25519) to work on /home/user/rubix/internship_project/.venv/lib/python3.10/site-packages/airflow/example_dags/example_external_task_marker_dag.py
[2024-06-24T14:10:36.418+0300] {processor.py:830} INFO - Processing file /home/user/rubix/internship_project/.venv/lib/python3.10/site-packages/airflow/example_dags/example_external_task_marker_dag.py for tasks to queue
[2024-06-24T14:10:36.419+0300] {logging_mixin.py:188} INFO - [2024-06-24T14:10:36.419+0300] {dagbag.py:545} INFO - Filling up the DagBag from /home/user/rubix/internship_project/.venv/lib/python3.10/site-packages/airflow/example_dags/example_external_task_marker_dag.py
[2024-06-24T14:10:36.427+0300] {processor.py:840} INFO - DAG(s) 'example_external_task_marker_parent', 'example_external_task_marker_child' retrieved from /home/user/rubix/internship_project/.venv/lib/python3.10/site-packages/airflow/example_dags/example_external_task_marker_dag.py
[2024-06-24T14:10:36.446+0300] {logging_mixin.py:188} INFO - [2024-06-24T14:10:36.445+0300] {dag.py:3096} INFO - Sync 2 DAGs
[2024-06-24T14:10:36.455+0300] {logging_mixin.py:188} INFO - [2024-06-24T14:10:36.455+0300] {dag.py:3954} INFO - Setting next_dagrun for example_external_task_marker_child to None, run_after=None
[2024-06-24T14:10:36.458+0300] {logging_mixin.py:188} INFO - [2024-06-24T14:10:36.457+0300] {dag.py:3954} INFO - Setting next_dagrun for example_external_task_marker_parent to None, run_after=None
[2024-06-24T14:10:36.486+0300] {processor.py:183} INFO - Processing /home/user/rubix/internship_project/.venv/lib/python3.10/site-packages/airflow/example_dags/example_external_task_marker_dag.py took 0.077 seconds
[2024-06-24T14:11:44.972+0300] {processor.py:161} INFO - Started process (PID=25973) to work on /home/user/rubix/internship_project/.venv/lib/python3.10/site-packages/airflow/example_dags/example_external_task_marker_dag.py
[2024-06-24T14:11:44.973+0300] {processor.py:830} INFO - Processing file /home/user/rubix/internship_project/.venv/lib/python3.10/site-packages/airflow/example_dags/example_external_task_marker_dag.py for tasks to queue
[2024-06-24T14:11:44.974+0300] {logging_mixin.py:188} INFO - [2024-06-24T14:11:44.974+0300] {dagbag.py:545} INFO - Filling up the DagBag from /home/user/rubix/internship_project/.venv/lib/python3.10/site-packages/airflow/example_dags/example_external_task_marker_dag.py
[2024-06-24T14:11:44.981+0300] {processor.py:840} INFO - DAG(s) 'example_external_task_marker_child', 'example_external_task_marker_parent' retrieved from /home/user/rubix/internship_project/.venv/lib/python3.10/site-packages/airflow/example_dags/example_external_task_marker_dag.py
[2024-06-24T14:11:45.000+0300] {logging_mixin.py:188} INFO - [2024-06-24T14:11:45.000+0300] {dag.py:3096} INFO - Sync 2 DAGs
[2024-06-24T14:11:45.009+0300] {logging_mixin.py:188} INFO - [2024-06-24T14:11:45.009+0300] {dag.py:3954} INFO - Setting next_dagrun for example_external_task_marker_child to None, run_after=None
[2024-06-24T14:11:45.012+0300] {logging_mixin.py:188} INFO - [2024-06-24T14:11:45.011+0300] {dag.py:3954} INFO - Setting next_dagrun for example_external_task_marker_parent to None, run_after=None
[2024-06-24T14:11:45.040+0300] {processor.py:183} INFO - Processing /home/user/rubix/internship_project/.venv/lib/python3.10/site-packages/airflow/example_dags/example_external_task_marker_dag.py took 0.076 seconds
[2024-06-24T14:12:47.014+0300] {processor.py:161} INFO - Started process (PID=26164) to work on /home/user/rubix/internship_project/.venv/lib/python3.10/site-packages/airflow/example_dags/example_external_task_marker_dag.py
[2024-06-24T14:12:47.015+0300] {processor.py:830} INFO - Processing file /home/user/rubix/internship_project/.venv/lib/python3.10/site-packages/airflow/example_dags/example_external_task_marker_dag.py for tasks to queue
[2024-06-24T14:12:47.017+0300] {logging_mixin.py:188} INFO - [2024-06-24T14:12:47.017+0300] {dagbag.py:545} INFO - Filling up the DagBag from /home/user/rubix/internship_project/.venv/lib/python3.10/site-packages/airflow/example_dags/example_external_task_marker_dag.py
[2024-06-24T14:12:47.037+0300] {processor.py:840} INFO - DAG(s) 'example_external_task_marker_parent', 'example_external_task_marker_child' retrieved from /home/user/rubix/internship_project/.venv/lib/python3.10/site-packages/airflow/example_dags/example_external_task_marker_dag.py
[2024-06-24T14:12:47.056+0300] {logging_mixin.py:188} INFO - [2024-06-24T14:12:47.056+0300] {dag.py:3096} INFO - Sync 2 DAGs
[2024-06-24T14:12:47.066+0300] {logging_mixin.py:188} INFO - [2024-06-24T14:12:47.066+0300] {dag.py:3954} INFO - Setting next_dagrun for example_external_task_marker_child to None, run_after=None
[2024-06-24T14:12:47.068+0300] {logging_mixin.py:188} INFO - [2024-06-24T14:12:47.068+0300] {dag.py:3954} INFO - Setting next_dagrun for example_external_task_marker_parent to None, run_after=None
[2024-06-24T14:12:47.096+0300] {processor.py:183} INFO - Processing /home/user/rubix/internship_project/.venv/lib/python3.10/site-packages/airflow/example_dags/example_external_task_marker_dag.py took 0.089 seconds
[2024-06-24T14:13:39.278+0300] {processor.py:161} INFO - Started process (PID=26367) to work on /home/user/rubix/internship_project/.venv/lib/python3.10/site-packages/airflow/example_dags/example_external_task_marker_dag.py
[2024-06-24T14:13:39.279+0300] {processor.py:830} INFO - Processing file /home/user/rubix/internship_project/.venv/lib/python3.10/site-packages/airflow/example_dags/example_external_task_marker_dag.py for tasks to queue
[2024-06-24T14:13:39.281+0300] {logging_mixin.py:188} INFO - [2024-06-24T14:13:39.281+0300] {dagbag.py:545} INFO - Filling up the DagBag from /home/user/rubix/internship_project/.venv/lib/python3.10/site-packages/airflow/example_dags/example_external_task_marker_dag.py
[2024-06-24T14:13:39.288+0300] {processor.py:840} INFO - DAG(s) 'example_external_task_marker_parent', 'example_external_task_marker_child' retrieved from /home/user/rubix/internship_project/.venv/lib/python3.10/site-packages/airflow/example_dags/example_external_task_marker_dag.py
[2024-06-24T14:13:39.307+0300] {logging_mixin.py:188} INFO - [2024-06-24T14:13:39.307+0300] {dag.py:3096} INFO - Sync 2 DAGs
[2024-06-24T14:13:39.317+0300] {logging_mixin.py:188} INFO - [2024-06-24T14:13:39.317+0300] {dag.py:3954} INFO - Setting next_dagrun for example_external_task_marker_child to None, run_after=None
[2024-06-24T14:13:39.319+0300] {logging_mixin.py:188} INFO - [2024-06-24T14:13:39.319+0300] {dag.py:3954} INFO - Setting next_dagrun for example_external_task_marker_parent to None, run_after=None
[2024-06-24T14:13:39.349+0300] {processor.py:183} INFO - Processing /home/user/rubix/internship_project/.venv/lib/python3.10/site-packages/airflow/example_dags/example_external_task_marker_dag.py took 0.078 seconds
[2024-06-24T14:14:30.157+0300] {processor.py:161} INFO - Started process (PID=26708) to work on /home/user/rubix/internship_project/.venv/lib/python3.10/site-packages/airflow/example_dags/example_external_task_marker_dag.py
[2024-06-24T14:14:30.158+0300] {processor.py:830} INFO - Processing file /home/user/rubix/internship_project/.venv/lib/python3.10/site-packages/airflow/example_dags/example_external_task_marker_dag.py for tasks to queue
[2024-06-24T14:14:30.160+0300] {logging_mixin.py:188} INFO - [2024-06-24T14:14:30.160+0300] {dagbag.py:545} INFO - Filling up the DagBag from /home/user/rubix/internship_project/.venv/lib/python3.10/site-packages/airflow/example_dags/example_external_task_marker_dag.py
[2024-06-24T14:14:30.168+0300] {processor.py:840} INFO - DAG(s) 'example_external_task_marker_parent', 'example_external_task_marker_child' retrieved from /home/user/rubix/internship_project/.venv/lib/python3.10/site-packages/airflow/example_dags/example_external_task_marker_dag.py
[2024-06-24T14:14:30.187+0300] {logging_mixin.py:188} INFO - [2024-06-24T14:14:30.187+0300] {dag.py:3096} INFO - Sync 2 DAGs
[2024-06-24T14:14:30.197+0300] {logging_mixin.py:188} INFO - [2024-06-24T14:14:30.197+0300] {dag.py:3954} INFO - Setting next_dagrun for example_external_task_marker_child to None, run_after=None
[2024-06-24T14:14:30.200+0300] {logging_mixin.py:188} INFO - [2024-06-24T14:14:30.199+0300] {dag.py:3954} INFO - Setting next_dagrun for example_external_task_marker_parent to None, run_after=None
[2024-06-24T14:14:30.227+0300] {processor.py:183} INFO - Processing /home/user/rubix/internship_project/.venv/lib/python3.10/site-packages/airflow/example_dags/example_external_task_marker_dag.py took 0.077 seconds
[2024-06-24T14:15:34.371+0300] {processor.py:161} INFO - Started process (PID=26909) to work on /home/user/rubix/internship_project/.venv/lib/python3.10/site-packages/airflow/example_dags/example_external_task_marker_dag.py
[2024-06-24T14:15:34.372+0300] {processor.py:830} INFO - Processing file /home/user/rubix/internship_project/.venv/lib/python3.10/site-packages/airflow/example_dags/example_external_task_marker_dag.py for tasks to queue
[2024-06-24T14:15:34.374+0300] {logging_mixin.py:188} INFO - [2024-06-24T14:15:34.373+0300] {dagbag.py:545} INFO - Filling up the DagBag from /home/user/rubix/internship_project/.venv/lib/python3.10/site-packages/airflow/example_dags/example_external_task_marker_dag.py
[2024-06-24T14:15:34.381+0300] {processor.py:840} INFO - DAG(s) 'example_external_task_marker_child', 'example_external_task_marker_parent' retrieved from /home/user/rubix/internship_project/.venv/lib/python3.10/site-packages/airflow/example_dags/example_external_task_marker_dag.py
[2024-06-24T14:15:34.400+0300] {logging_mixin.py:188} INFO - [2024-06-24T14:15:34.399+0300] {dag.py:3096} INFO - Sync 2 DAGs
[2024-06-24T14:15:34.409+0300] {logging_mixin.py:188} INFO - [2024-06-24T14:15:34.409+0300] {dag.py:3954} INFO - Setting next_dagrun for example_external_task_marker_child to None, run_after=None
[2024-06-24T14:15:34.411+0300] {logging_mixin.py:188} INFO - [2024-06-24T14:15:34.411+0300] {dag.py:3954} INFO - Setting next_dagrun for example_external_task_marker_parent to None, run_after=None
[2024-06-24T14:15:34.439+0300] {processor.py:183} INFO - Processing /home/user/rubix/internship_project/.venv/lib/python3.10/site-packages/airflow/example_dags/example_external_task_marker_dag.py took 0.075 seconds
[2024-06-24T14:16:35.409+0300] {processor.py:161} INFO - Started process (PID=27098) to work on /home/user/rubix/internship_project/.venv/lib/python3.10/site-packages/airflow/example_dags/example_external_task_marker_dag.py
[2024-06-24T14:16:35.410+0300] {processor.py:830} INFO - Processing file /home/user/rubix/internship_project/.venv/lib/python3.10/site-packages/airflow/example_dags/example_external_task_marker_dag.py for tasks to queue
[2024-06-24T14:16:35.412+0300] {logging_mixin.py:188} INFO - [2024-06-24T14:16:35.411+0300] {dagbag.py:545} INFO - Filling up the DagBag from /home/user/rubix/internship_project/.venv/lib/python3.10/site-packages/airflow/example_dags/example_external_task_marker_dag.py
[2024-06-24T14:16:35.419+0300] {processor.py:840} INFO - DAG(s) 'example_external_task_marker_parent', 'example_external_task_marker_child' retrieved from /home/user/rubix/internship_project/.venv/lib/python3.10/site-packages/airflow/example_dags/example_external_task_marker_dag.py
[2024-06-24T14:16:35.439+0300] {logging_mixin.py:188} INFO - [2024-06-24T14:16:35.439+0300] {dag.py:3096} INFO - Sync 2 DAGs
[2024-06-24T14:16:35.449+0300] {logging_mixin.py:188} INFO - [2024-06-24T14:16:35.449+0300] {dag.py:3954} INFO - Setting next_dagrun for example_external_task_marker_child to None, run_after=None
[2024-06-24T14:16:35.452+0300] {logging_mixin.py:188} INFO - [2024-06-24T14:16:35.452+0300] {dag.py:3954} INFO - Setting next_dagrun for example_external_task_marker_parent to None, run_after=None
[2024-06-24T14:16:35.480+0300] {processor.py:183} INFO - Processing /home/user/rubix/internship_project/.venv/lib/python3.10/site-packages/airflow/example_dags/example_external_task_marker_dag.py took 0.079 seconds
[2024-06-24T14:17:33.997+0300] {processor.py:161} INFO - Started process (PID=27290) to work on /home/user/rubix/internship_project/.venv/lib/python3.10/site-packages/airflow/example_dags/example_external_task_marker_dag.py
[2024-06-24T14:17:33.998+0300] {processor.py:830} INFO - Processing file /home/user/rubix/internship_project/.venv/lib/python3.10/site-packages/airflow/example_dags/example_external_task_marker_dag.py for tasks to queue
[2024-06-24T14:17:34.000+0300] {logging_mixin.py:188} INFO - [2024-06-24T14:17:34.000+0300] {dagbag.py:545} INFO - Filling up the DagBag from /home/user/rubix/internship_project/.venv/lib/python3.10/site-packages/airflow/example_dags/example_external_task_marker_dag.py
[2024-06-24T14:17:34.007+0300] {processor.py:840} INFO - DAG(s) 'example_external_task_marker_parent', 'example_external_task_marker_child' retrieved from /home/user/rubix/internship_project/.venv/lib/python3.10/site-packages/airflow/example_dags/example_external_task_marker_dag.py
[2024-06-24T14:17:34.027+0300] {logging_mixin.py:188} INFO - [2024-06-24T14:17:34.027+0300] {dag.py:3096} INFO - Sync 2 DAGs
[2024-06-24T14:17:34.038+0300] {logging_mixin.py:188} INFO - [2024-06-24T14:17:34.037+0300] {dag.py:3954} INFO - Setting next_dagrun for example_external_task_marker_child to None, run_after=None
[2024-06-24T14:17:34.040+0300] {logging_mixin.py:188} INFO - [2024-06-24T14:17:34.040+0300] {dag.py:3954} INFO - Setting next_dagrun for example_external_task_marker_parent to None, run_after=None
[2024-06-24T14:17:34.068+0300] {processor.py:183} INFO - Processing /home/user/rubix/internship_project/.venv/lib/python3.10/site-packages/airflow/example_dags/example_external_task_marker_dag.py took 0.079 seconds
[2024-06-24T14:18:47.137+0300] {processor.py:161} INFO - Started process (PID=27496) to work on /home/user/rubix/internship_project/.venv/lib/python3.10/site-packages/airflow/example_dags/example_external_task_marker_dag.py
[2024-06-24T14:18:47.138+0300] {processor.py:830} INFO - Processing file /home/user/rubix/internship_project/.venv/lib/python3.10/site-packages/airflow/example_dags/example_external_task_marker_dag.py for tasks to queue
[2024-06-24T14:18:47.140+0300] {logging_mixin.py:188} INFO - [2024-06-24T14:18:47.140+0300] {dagbag.py:545} INFO - Filling up the DagBag from /home/user/rubix/internship_project/.venv/lib/python3.10/site-packages/airflow/example_dags/example_external_task_marker_dag.py
[2024-06-24T14:18:47.161+0300] {processor.py:840} INFO - DAG(s) 'example_external_task_marker_parent', 'example_external_task_marker_child' retrieved from /home/user/rubix/internship_project/.venv/lib/python3.10/site-packages/airflow/example_dags/example_external_task_marker_dag.py
[2024-06-24T14:18:47.182+0300] {logging_mixin.py:188} INFO - [2024-06-24T14:18:47.181+0300] {dag.py:3096} INFO - Sync 2 DAGs
[2024-06-24T14:18:47.193+0300] {logging_mixin.py:188} INFO - [2024-06-24T14:18:47.192+0300] {dag.py:3954} INFO - Setting next_dagrun for example_external_task_marker_child to None, run_after=None
[2024-06-24T14:18:47.195+0300] {logging_mixin.py:188} INFO - [2024-06-24T14:18:47.195+0300] {dag.py:3954} INFO - Setting next_dagrun for example_external_task_marker_parent to None, run_after=None
[2024-06-24T14:18:47.222+0300] {processor.py:183} INFO - Processing /home/user/rubix/internship_project/.venv/lib/python3.10/site-packages/airflow/example_dags/example_external_task_marker_dag.py took 0.093 seconds
[2024-06-24T14:19:38.512+0300] {processor.py:161} INFO - Started process (PID=27724) to work on /home/user/rubix/internship_project/.venv/lib/python3.10/site-packages/airflow/example_dags/example_external_task_marker_dag.py
[2024-06-24T14:19:38.513+0300] {processor.py:830} INFO - Processing file /home/user/rubix/internship_project/.venv/lib/python3.10/site-packages/airflow/example_dags/example_external_task_marker_dag.py for tasks to queue
[2024-06-24T14:19:38.515+0300] {logging_mixin.py:188} INFO - [2024-06-24T14:19:38.515+0300] {dagbag.py:545} INFO - Filling up the DagBag from /home/user/rubix/internship_project/.venv/lib/python3.10/site-packages/airflow/example_dags/example_external_task_marker_dag.py
[2024-06-24T14:19:38.525+0300] {processor.py:840} INFO - DAG(s) 'example_external_task_marker_parent', 'example_external_task_marker_child' retrieved from /home/user/rubix/internship_project/.venv/lib/python3.10/site-packages/airflow/example_dags/example_external_task_marker_dag.py
[2024-06-24T14:19:38.548+0300] {logging_mixin.py:188} INFO - [2024-06-24T14:19:38.547+0300] {dag.py:3096} INFO - Sync 2 DAGs
[2024-06-24T14:19:38.558+0300] {logging_mixin.py:188} INFO - [2024-06-24T14:19:38.558+0300] {dag.py:3954} INFO - Setting next_dagrun for example_external_task_marker_child to None, run_after=None
[2024-06-24T14:19:38.562+0300] {logging_mixin.py:188} INFO - [2024-06-24T14:19:38.561+0300] {dag.py:3954} INFO - Setting next_dagrun for example_external_task_marker_parent to None, run_after=None
[2024-06-24T14:19:38.584+0300] {processor.py:183} INFO - Processing /home/user/rubix/internship_project/.venv/lib/python3.10/site-packages/airflow/example_dags/example_external_task_marker_dag.py took 0.082 seconds
[2024-06-24T14:20:35.577+0300] {processor.py:161} INFO - Started process (PID=28216) to work on /home/user/rubix/internship_project/.venv/lib/python3.10/site-packages/airflow/example_dags/example_external_task_marker_dag.py
[2024-06-24T14:20:35.578+0300] {processor.py:830} INFO - Processing file /home/user/rubix/internship_project/.venv/lib/python3.10/site-packages/airflow/example_dags/example_external_task_marker_dag.py for tasks to queue
[2024-06-24T14:20:35.580+0300] {logging_mixin.py:188} INFO - [2024-06-24T14:20:35.579+0300] {dagbag.py:545} INFO - Filling up the DagBag from /home/user/rubix/internship_project/.venv/lib/python3.10/site-packages/airflow/example_dags/example_external_task_marker_dag.py
[2024-06-24T14:20:35.587+0300] {processor.py:840} INFO - DAG(s) 'example_external_task_marker_parent', 'example_external_task_marker_child' retrieved from /home/user/rubix/internship_project/.venv/lib/python3.10/site-packages/airflow/example_dags/example_external_task_marker_dag.py
[2024-06-24T14:20:35.606+0300] {logging_mixin.py:188} INFO - [2024-06-24T14:20:35.606+0300] {dag.py:3096} INFO - Sync 2 DAGs
[2024-06-24T14:20:35.615+0300] {logging_mixin.py:188} INFO - [2024-06-24T14:20:35.615+0300] {dag.py:3954} INFO - Setting next_dagrun for example_external_task_marker_child to None, run_after=None
[2024-06-24T14:20:35.618+0300] {logging_mixin.py:188} INFO - [2024-06-24T14:20:35.618+0300] {dag.py:3954} INFO - Setting next_dagrun for example_external_task_marker_parent to None, run_after=None
[2024-06-24T14:20:35.645+0300] {processor.py:183} INFO - Processing /home/user/rubix/internship_project/.venv/lib/python3.10/site-packages/airflow/example_dags/example_external_task_marker_dag.py took 0.077 seconds
[2024-06-24T14:21:40.730+0300] {processor.py:161} INFO - Started process (PID=28579) to work on /home/user/rubix/internship_project/.venv/lib/python3.10/site-packages/airflow/example_dags/example_external_task_marker_dag.py
[2024-06-24T14:21:40.731+0300] {processor.py:830} INFO - Processing file /home/user/rubix/internship_project/.venv/lib/python3.10/site-packages/airflow/example_dags/example_external_task_marker_dag.py for tasks to queue
[2024-06-24T14:21:40.733+0300] {logging_mixin.py:188} INFO - [2024-06-24T14:21:40.732+0300] {dagbag.py:545} INFO - Filling up the DagBag from /home/user/rubix/internship_project/.venv/lib/python3.10/site-packages/airflow/example_dags/example_external_task_marker_dag.py
[2024-06-24T14:21:40.740+0300] {processor.py:840} INFO - DAG(s) 'example_external_task_marker_parent', 'example_external_task_marker_child' retrieved from /home/user/rubix/internship_project/.venv/lib/python3.10/site-packages/airflow/example_dags/example_external_task_marker_dag.py
[2024-06-24T14:21:40.758+0300] {logging_mixin.py:188} INFO - [2024-06-24T14:21:40.758+0300] {dag.py:3096} INFO - Sync 2 DAGs
[2024-06-24T14:21:40.768+0300] {logging_mixin.py:188} INFO - [2024-06-24T14:21:40.767+0300] {dag.py:3954} INFO - Setting next_dagrun for example_external_task_marker_child to None, run_after=None
[2024-06-24T14:21:40.770+0300] {logging_mixin.py:188} INFO - [2024-06-24T14:21:40.770+0300] {dag.py:3954} INFO - Setting next_dagrun for example_external_task_marker_parent to None, run_after=None
[2024-06-24T14:21:40.800+0300] {processor.py:183} INFO - Processing /home/user/rubix/internship_project/.venv/lib/python3.10/site-packages/airflow/example_dags/example_external_task_marker_dag.py took 0.077 seconds
[2024-06-24T14:22:34.941+0300] {processor.py:161} INFO - Started process (PID=28790) to work on /home/user/rubix/internship_project/.venv/lib/python3.10/site-packages/airflow/example_dags/example_external_task_marker_dag.py
[2024-06-24T14:22:34.942+0300] {processor.py:830} INFO - Processing file /home/user/rubix/internship_project/.venv/lib/python3.10/site-packages/airflow/example_dags/example_external_task_marker_dag.py for tasks to queue
[2024-06-24T14:22:34.943+0300] {logging_mixin.py:188} INFO - [2024-06-24T14:22:34.943+0300] {dagbag.py:545} INFO - Filling up the DagBag from /home/user/rubix/internship_project/.venv/lib/python3.10/site-packages/airflow/example_dags/example_external_task_marker_dag.py
[2024-06-24T14:22:34.950+0300] {processor.py:840} INFO - DAG(s) 'example_external_task_marker_child', 'example_external_task_marker_parent' retrieved from /home/user/rubix/internship_project/.venv/lib/python3.10/site-packages/airflow/example_dags/example_external_task_marker_dag.py
[2024-06-24T14:22:34.968+0300] {logging_mixin.py:188} INFO - [2024-06-24T14:22:34.968+0300] {dag.py:3096} INFO - Sync 2 DAGs
[2024-06-24T14:22:34.978+0300] {logging_mixin.py:188} INFO - [2024-06-24T14:22:34.977+0300] {dag.py:3954} INFO - Setting next_dagrun for example_external_task_marker_child to None, run_after=None
[2024-06-24T14:22:34.980+0300] {logging_mixin.py:188} INFO - [2024-06-24T14:22:34.980+0300] {dag.py:3954} INFO - Setting next_dagrun for example_external_task_marker_parent to None, run_after=None
[2024-06-24T14:22:35.008+0300] {processor.py:183} INFO - Processing /home/user/rubix/internship_project/.venv/lib/python3.10/site-packages/airflow/example_dags/example_external_task_marker_dag.py took 0.075 seconds
[2024-06-24T14:23:40.905+0300] {processor.py:161} INFO - Started process (PID=29024) to work on /home/user/rubix/internship_project/.venv/lib/python3.10/site-packages/airflow/example_dags/example_external_task_marker_dag.py
[2024-06-24T14:23:40.906+0300] {processor.py:830} INFO - Processing file /home/user/rubix/internship_project/.venv/lib/python3.10/site-packages/airflow/example_dags/example_external_task_marker_dag.py for tasks to queue
[2024-06-24T14:23:40.907+0300] {logging_mixin.py:188} INFO - [2024-06-24T14:23:40.907+0300] {dagbag.py:545} INFO - Filling up the DagBag from /home/user/rubix/internship_project/.venv/lib/python3.10/site-packages/airflow/example_dags/example_external_task_marker_dag.py
[2024-06-24T14:23:40.914+0300] {processor.py:840} INFO - DAG(s) 'example_external_task_marker_parent', 'example_external_task_marker_child' retrieved from /home/user/rubix/internship_project/.venv/lib/python3.10/site-packages/airflow/example_dags/example_external_task_marker_dag.py
[2024-06-24T14:23:40.938+0300] {logging_mixin.py:188} INFO - [2024-06-24T14:23:40.937+0300] {dag.py:3096} INFO - Sync 2 DAGs
[2024-06-24T14:23:40.948+0300] {logging_mixin.py:188} INFO - [2024-06-24T14:23:40.948+0300] {dag.py:3954} INFO - Setting next_dagrun for example_external_task_marker_child to None, run_after=None
[2024-06-24T14:23:40.951+0300] {logging_mixin.py:188} INFO - [2024-06-24T14:23:40.951+0300] {dag.py:3954} INFO - Setting next_dagrun for example_external_task_marker_parent to None, run_after=None
[2024-06-24T14:23:40.981+0300] {processor.py:183} INFO - Processing /home/user/rubix/internship_project/.venv/lib/python3.10/site-packages/airflow/example_dags/example_external_task_marker_dag.py took 0.084 seconds
[2024-06-24T14:24:49.335+0300] {processor.py:161} INFO - Started process (PID=29331) to work on /home/user/rubix/internship_project/.venv/lib/python3.10/site-packages/airflow/example_dags/example_external_task_marker_dag.py
[2024-06-24T14:24:49.336+0300] {processor.py:830} INFO - Processing file /home/user/rubix/internship_project/.venv/lib/python3.10/site-packages/airflow/example_dags/example_external_task_marker_dag.py for tasks to queue
[2024-06-24T14:24:49.338+0300] {logging_mixin.py:188} INFO - [2024-06-24T14:24:49.338+0300] {dagbag.py:545} INFO - Filling up the DagBag from /home/user/rubix/internship_project/.venv/lib/python3.10/site-packages/airflow/example_dags/example_external_task_marker_dag.py
[2024-06-24T14:24:49.346+0300] {processor.py:840} INFO - DAG(s) 'example_external_task_marker_parent', 'example_external_task_marker_child' retrieved from /home/user/rubix/internship_project/.venv/lib/python3.10/site-packages/airflow/example_dags/example_external_task_marker_dag.py
[2024-06-24T14:24:49.369+0300] {logging_mixin.py:188} INFO - [2024-06-24T14:24:49.369+0300] {dag.py:3096} INFO - Sync 2 DAGs
[2024-06-24T14:24:49.381+0300] {logging_mixin.py:188} INFO - [2024-06-24T14:24:49.381+0300] {dag.py:3954} INFO - Setting next_dagrun for example_external_task_marker_child to None, run_after=None
[2024-06-24T14:24:49.384+0300] {logging_mixin.py:188} INFO - [2024-06-24T14:24:49.384+0300] {dag.py:3954} INFO - Setting next_dagrun for example_external_task_marker_parent to None, run_after=None
[2024-06-24T14:24:49.403+0300] {processor.py:183} INFO - Processing /home/user/rubix/internship_project/.venv/lib/python3.10/site-packages/airflow/example_dags/example_external_task_marker_dag.py took 0.076 seconds
[2024-06-24T14:25:51.258+0300] {processor.py:161} INFO - Started process (PID=29618) to work on /home/user/rubix/internship_project/.venv/lib/python3.10/site-packages/airflow/example_dags/example_external_task_marker_dag.py
[2024-06-24T14:25:51.259+0300] {processor.py:830} INFO - Processing file /home/user/rubix/internship_project/.venv/lib/python3.10/site-packages/airflow/example_dags/example_external_task_marker_dag.py for tasks to queue
[2024-06-24T14:25:51.261+0300] {logging_mixin.py:188} INFO - [2024-06-24T14:25:51.260+0300] {dagbag.py:545} INFO - Filling up the DagBag from /home/user/rubix/internship_project/.venv/lib/python3.10/site-packages/airflow/example_dags/example_external_task_marker_dag.py
[2024-06-24T14:25:51.268+0300] {processor.py:840} INFO - DAG(s) 'example_external_task_marker_child', 'example_external_task_marker_parent' retrieved from /home/user/rubix/internship_project/.venv/lib/python3.10/site-packages/airflow/example_dags/example_external_task_marker_dag.py
[2024-06-24T14:25:51.289+0300] {logging_mixin.py:188} INFO - [2024-06-24T14:25:51.289+0300] {dag.py:3096} INFO - Sync 2 DAGs
[2024-06-24T14:25:51.299+0300] {logging_mixin.py:188} INFO - [2024-06-24T14:25:51.299+0300] {dag.py:3954} INFO - Setting next_dagrun for example_external_task_marker_child to None, run_after=None
[2024-06-24T14:25:51.302+0300] {logging_mixin.py:188} INFO - [2024-06-24T14:25:51.301+0300] {dag.py:3954} INFO - Setting next_dagrun for example_external_task_marker_parent to None, run_after=None
[2024-06-24T14:25:51.332+0300] {processor.py:183} INFO - Processing /home/user/rubix/internship_project/.venv/lib/python3.10/site-packages/airflow/example_dags/example_external_task_marker_dag.py took 0.082 seconds
[2024-06-24T14:26:54.162+0300] {processor.py:161} INFO - Started process (PID=29966) to work on /home/user/rubix/internship_project/.venv/lib/python3.10/site-packages/airflow/example_dags/example_external_task_marker_dag.py
[2024-06-24T14:26:54.163+0300] {processor.py:830} INFO - Processing file /home/user/rubix/internship_project/.venv/lib/python3.10/site-packages/airflow/example_dags/example_external_task_marker_dag.py for tasks to queue
[2024-06-24T14:26:54.165+0300] {logging_mixin.py:188} INFO - [2024-06-24T14:26:54.165+0300] {dagbag.py:545} INFO - Filling up the DagBag from /home/user/rubix/internship_project/.venv/lib/python3.10/site-packages/airflow/example_dags/example_external_task_marker_dag.py
[2024-06-24T14:26:54.174+0300] {processor.py:840} INFO - DAG(s) 'example_external_task_marker_parent', 'example_external_task_marker_child' retrieved from /home/user/rubix/internship_project/.venv/lib/python3.10/site-packages/airflow/example_dags/example_external_task_marker_dag.py
[2024-06-24T14:26:54.194+0300] {logging_mixin.py:188} INFO - [2024-06-24T14:26:54.193+0300] {dag.py:3096} INFO - Sync 2 DAGs
[2024-06-24T14:26:54.203+0300] {logging_mixin.py:188} INFO - [2024-06-24T14:26:54.203+0300] {dag.py:3954} INFO - Setting next_dagrun for example_external_task_marker_child to None, run_after=None
[2024-06-24T14:26:54.206+0300] {logging_mixin.py:188} INFO - [2024-06-24T14:26:54.206+0300] {dag.py:3954} INFO - Setting next_dagrun for example_external_task_marker_parent to None, run_after=None
[2024-06-24T14:26:54.225+0300] {processor.py:183} INFO - Processing /home/user/rubix/internship_project/.venv/lib/python3.10/site-packages/airflow/example_dags/example_external_task_marker_dag.py took 0.070 seconds
[2024-06-24T14:27:59.445+0300] {processor.py:161} INFO - Started process (PID=30569) to work on /home/user/rubix/internship_project/.venv/lib/python3.10/site-packages/airflow/example_dags/example_external_task_marker_dag.py
[2024-06-24T14:27:59.446+0300] {processor.py:830} INFO - Processing file /home/user/rubix/internship_project/.venv/lib/python3.10/site-packages/airflow/example_dags/example_external_task_marker_dag.py for tasks to queue
[2024-06-24T14:27:59.448+0300] {logging_mixin.py:188} INFO - [2024-06-24T14:27:59.447+0300] {dagbag.py:545} INFO - Filling up the DagBag from /home/user/rubix/internship_project/.venv/lib/python3.10/site-packages/airflow/example_dags/example_external_task_marker_dag.py
[2024-06-24T14:27:59.455+0300] {processor.py:840} INFO - DAG(s) 'example_external_task_marker_child', 'example_external_task_marker_parent' retrieved from /home/user/rubix/internship_project/.venv/lib/python3.10/site-packages/airflow/example_dags/example_external_task_marker_dag.py
[2024-06-24T14:27:59.475+0300] {logging_mixin.py:188} INFO - [2024-06-24T14:27:59.475+0300] {dag.py:3096} INFO - Sync 2 DAGs
[2024-06-24T14:27:59.485+0300] {logging_mixin.py:188} INFO - [2024-06-24T14:27:59.484+0300] {dag.py:3954} INFO - Setting next_dagrun for example_external_task_marker_child to None, run_after=None
[2024-06-24T14:27:59.487+0300] {logging_mixin.py:188} INFO - [2024-06-24T14:27:59.487+0300] {dag.py:3954} INFO - Setting next_dagrun for example_external_task_marker_parent to None, run_after=None
[2024-06-24T14:27:59.517+0300] {processor.py:183} INFO - Processing /home/user/rubix/internship_project/.venv/lib/python3.10/site-packages/airflow/example_dags/example_external_task_marker_dag.py took 0.080 seconds
[2024-06-24T14:29:07.376+0300] {processor.py:161} INFO - Started process (PID=31058) to work on /home/user/rubix/internship_project/.venv/lib/python3.10/site-packages/airflow/example_dags/example_external_task_marker_dag.py
[2024-06-24T14:29:07.377+0300] {processor.py:830} INFO - Processing file /home/user/rubix/internship_project/.venv/lib/python3.10/site-packages/airflow/example_dags/example_external_task_marker_dag.py for tasks to queue
[2024-06-24T14:29:07.379+0300] {logging_mixin.py:188} INFO - [2024-06-24T14:29:07.379+0300] {dagbag.py:545} INFO - Filling up the DagBag from /home/user/rubix/internship_project/.venv/lib/python3.10/site-packages/airflow/example_dags/example_external_task_marker_dag.py
[2024-06-24T14:29:07.386+0300] {processor.py:840} INFO - DAG(s) 'example_external_task_marker_parent', 'example_external_task_marker_child' retrieved from /home/user/rubix/internship_project/.venv/lib/python3.10/site-packages/airflow/example_dags/example_external_task_marker_dag.py
[2024-06-24T14:29:07.405+0300] {logging_mixin.py:188} INFO - [2024-06-24T14:29:07.404+0300] {dag.py:3096} INFO - Sync 2 DAGs
[2024-06-24T14:29:07.414+0300] {logging_mixin.py:188} INFO - [2024-06-24T14:29:07.414+0300] {dag.py:3954} INFO - Setting next_dagrun for example_external_task_marker_child to None, run_after=None
[2024-06-24T14:29:07.416+0300] {logging_mixin.py:188} INFO - [2024-06-24T14:29:07.416+0300] {dag.py:3954} INFO - Setting next_dagrun for example_external_task_marker_parent to None, run_after=None
[2024-06-24T14:29:07.444+0300] {processor.py:183} INFO - Processing /home/user/rubix/internship_project/.venv/lib/python3.10/site-packages/airflow/example_dags/example_external_task_marker_dag.py took 0.077 seconds
[2024-06-24T14:29:56.793+0300] {processor.py:161} INFO - Started process (PID=31341) to work on /home/user/rubix/internship_project/.venv/lib/python3.10/site-packages/airflow/example_dags/example_external_task_marker_dag.py
[2024-06-24T14:29:56.794+0300] {processor.py:830} INFO - Processing file /home/user/rubix/internship_project/.venv/lib/python3.10/site-packages/airflow/example_dags/example_external_task_marker_dag.py for tasks to queue
[2024-06-24T14:29:56.795+0300] {logging_mixin.py:188} INFO - [2024-06-24T14:29:56.795+0300] {dagbag.py:545} INFO - Filling up the DagBag from /home/user/rubix/internship_project/.venv/lib/python3.10/site-packages/airflow/example_dags/example_external_task_marker_dag.py
[2024-06-24T14:29:56.803+0300] {processor.py:840} INFO - DAG(s) 'example_external_task_marker_parent', 'example_external_task_marker_child' retrieved from /home/user/rubix/internship_project/.venv/lib/python3.10/site-packages/airflow/example_dags/example_external_task_marker_dag.py
[2024-06-24T14:29:56.827+0300] {logging_mixin.py:188} INFO - [2024-06-24T14:29:56.826+0300] {dag.py:3096} INFO - Sync 2 DAGs
[2024-06-24T14:29:56.842+0300] {logging_mixin.py:188} INFO - [2024-06-24T14:29:56.842+0300] {dag.py:3954} INFO - Setting next_dagrun for example_external_task_marker_child to None, run_after=None
[2024-06-24T14:29:56.846+0300] {logging_mixin.py:188} INFO - [2024-06-24T14:29:56.846+0300] {dag.py:3954} INFO - Setting next_dagrun for example_external_task_marker_parent to None, run_after=None
[2024-06-24T14:29:56.876+0300] {processor.py:183} INFO - Processing /home/user/rubix/internship_project/.venv/lib/python3.10/site-packages/airflow/example_dags/example_external_task_marker_dag.py took 0.091 seconds
[2024-06-24T14:31:07.246+0300] {processor.py:161} INFO - Started process (PID=31666) to work on /home/user/rubix/internship_project/.venv/lib/python3.10/site-packages/airflow/example_dags/example_external_task_marker_dag.py
[2024-06-24T14:31:07.247+0300] {processor.py:830} INFO - Processing file /home/user/rubix/internship_project/.venv/lib/python3.10/site-packages/airflow/example_dags/example_external_task_marker_dag.py for tasks to queue
[2024-06-24T14:31:07.250+0300] {logging_mixin.py:188} INFO - [2024-06-24T14:31:07.249+0300] {dagbag.py:545} INFO - Filling up the DagBag from /home/user/rubix/internship_project/.venv/lib/python3.10/site-packages/airflow/example_dags/example_external_task_marker_dag.py
[2024-06-24T14:31:07.262+0300] {processor.py:840} INFO - DAG(s) 'example_external_task_marker_child', 'example_external_task_marker_parent' retrieved from /home/user/rubix/internship_project/.venv/lib/python3.10/site-packages/airflow/example_dags/example_external_task_marker_dag.py
[2024-06-24T14:31:07.287+0300] {logging_mixin.py:188} INFO - [2024-06-24T14:31:07.287+0300] {dag.py:3096} INFO - Sync 2 DAGs
[2024-06-24T14:31:07.302+0300] {logging_mixin.py:188} INFO - [2024-06-24T14:31:07.302+0300] {dag.py:3954} INFO - Setting next_dagrun for example_external_task_marker_child to None, run_after=None
[2024-06-24T14:31:07.308+0300] {logging_mixin.py:188} INFO - [2024-06-24T14:31:07.307+0300] {dag.py:3954} INFO - Setting next_dagrun for example_external_task_marker_parent to None, run_after=None
[2024-06-24T14:31:07.353+0300] {processor.py:183} INFO - Processing /home/user/rubix/internship_project/.venv/lib/python3.10/site-packages/airflow/example_dags/example_external_task_marker_dag.py took 0.116 seconds
[2024-06-24T14:32:15.351+0300] {processor.py:161} INFO - Started process (PID=32052) to work on /home/user/rubix/internship_project/.venv/lib/python3.10/site-packages/airflow/example_dags/example_external_task_marker_dag.py
[2024-06-24T14:32:15.352+0300] {processor.py:830} INFO - Processing file /home/user/rubix/internship_project/.venv/lib/python3.10/site-packages/airflow/example_dags/example_external_task_marker_dag.py for tasks to queue
[2024-06-24T14:32:15.354+0300] {logging_mixin.py:188} INFO - [2024-06-24T14:32:15.354+0300] {dagbag.py:545} INFO - Filling up the DagBag from /home/user/rubix/internship_project/.venv/lib/python3.10/site-packages/airflow/example_dags/example_external_task_marker_dag.py
[2024-06-24T14:32:15.363+0300] {processor.py:840} INFO - DAG(s) 'example_external_task_marker_parent', 'example_external_task_marker_child' retrieved from /home/user/rubix/internship_project/.venv/lib/python3.10/site-packages/airflow/example_dags/example_external_task_marker_dag.py
[2024-06-24T14:32:15.385+0300] {logging_mixin.py:188} INFO - [2024-06-24T14:32:15.385+0300] {dag.py:3096} INFO - Sync 2 DAGs
[2024-06-24T14:32:15.395+0300] {logging_mixin.py:188} INFO - [2024-06-24T14:32:15.395+0300] {dag.py:3954} INFO - Setting next_dagrun for example_external_task_marker_child to None, run_after=None
[2024-06-24T14:32:15.398+0300] {logging_mixin.py:188} INFO - [2024-06-24T14:32:15.398+0300] {dag.py:3954} INFO - Setting next_dagrun for example_external_task_marker_parent to None, run_after=None
[2024-06-24T14:32:15.428+0300] {processor.py:183} INFO - Processing /home/user/rubix/internship_project/.venv/lib/python3.10/site-packages/airflow/example_dags/example_external_task_marker_dag.py took 0.085 seconds
