[2024-06-24T14:03:13.213+0300] {processor.py:161} INFO - Started process (PID=22690) to work on /home/user/rubix/internship_project/.venv/lib/python3.10/site-packages/airflow/example_dags/example_params_ui_tutorial.py
[2024-06-24T14:03:13.215+0300] {processor.py:830} INFO - Processing file /home/user/rubix/internship_project/.venv/lib/python3.10/site-packages/airflow/example_dags/example_params_ui_tutorial.py for tasks to queue
[2024-06-24T14:03:13.216+0300] {logging_mixin.py:188} INFO - [2024-06-24T14:03:13.216+0300] {dagbag.py:545} INFO - Filling up the DagBag from /home/user/rubix/internship_project/.venv/lib/python3.10/site-packages/airflow/example_dags/example_params_ui_tutorial.py
[2024-06-24T14:03:13.241+0300] {processor.py:840} INFO - DAG(s) 'example_params_ui_tutorial' retrieved from /home/user/rubix/internship_project/.venv/lib/python3.10/site-packages/airflow/example_dags/example_params_ui_tutorial.py
[2024-06-24T14:03:13.362+0300] {logging_mixin.py:188} INFO - [2024-06-24T14:03:13.362+0300] {dag.py:3096} INFO - Sync 1 DAGs
[2024-06-24T14:03:13.370+0300] {logging_mixin.py:188} INFO - [2024-06-24T14:03:13.369+0300] {dag.py:3954} INFO - Setting next_dagrun for example_params_ui_tutorial to None, run_after=None
[2024-06-24T14:03:13.400+0300] {processor.py:183} INFO - Processing /home/user/rubix/internship_project/.venv/lib/python3.10/site-packages/airflow/example_dags/example_params_ui_tutorial.py took 0.195 seconds
[2024-06-24T14:04:24.919+0300] {processor.py:161} INFO - Started process (PID=23208) to work on /home/user/rubix/internship_project/.venv/lib/python3.10/site-packages/airflow/example_dags/example_params_ui_tutorial.py
[2024-06-24T14:04:24.920+0300] {processor.py:830} INFO - Processing file /home/user/rubix/internship_project/.venv/lib/python3.10/site-packages/airflow/example_dags/example_params_ui_tutorial.py for tasks to queue
[2024-06-24T14:04:24.922+0300] {logging_mixin.py:188} INFO - [2024-06-24T14:04:24.922+0300] {dagbag.py:545} INFO - Filling up the DagBag from /home/user/rubix/internship_project/.venv/lib/python3.10/site-packages/airflow/example_dags/example_params_ui_tutorial.py
[2024-06-24T14:04:24.934+0300] {processor.py:840} INFO - DAG(s) 'example_params_ui_tutorial' retrieved from /home/user/rubix/internship_project/.venv/lib/python3.10/site-packages/airflow/example_dags/example_params_ui_tutorial.py
[2024-06-24T14:04:25.038+0300] {logging_mixin.py:188} INFO - [2024-06-24T14:04:25.038+0300] {dag.py:3096} INFO - Sync 1 DAGs
[2024-06-24T14:04:25.044+0300] {logging_mixin.py:188} INFO - [2024-06-24T14:04:25.044+0300] {dag.py:3954} INFO - Setting next_dagrun for example_params_ui_tutorial to None, run_after=None
[2024-06-24T14:04:25.076+0300] {processor.py:183} INFO - Processing /home/user/rubix/internship_project/.venv/lib/python3.10/site-packages/airflow/example_dags/example_params_ui_tutorial.py took 0.164 seconds
[2024-06-24T14:05:27.424+0300] {processor.py:161} INFO - Started process (PID=23686) to work on /home/user/rubix/internship_project/.venv/lib/python3.10/site-packages/airflow/example_dags/example_params_ui_tutorial.py
[2024-06-24T14:05:27.425+0300] {processor.py:830} INFO - Processing file /home/user/rubix/internship_project/.venv/lib/python3.10/site-packages/airflow/example_dags/example_params_ui_tutorial.py for tasks to queue
[2024-06-24T14:05:27.427+0300] {logging_mixin.py:188} INFO - [2024-06-24T14:05:27.427+0300] {dagbag.py:545} INFO - Filling up the DagBag from /home/user/rubix/internship_project/.venv/lib/python3.10/site-packages/airflow/example_dags/example_params_ui_tutorial.py
[2024-06-24T14:05:27.470+0300] {processor.py:840} INFO - DAG(s) 'example_params_ui_tutorial' retrieved from /home/user/rubix/internship_project/.venv/lib/python3.10/site-packages/airflow/example_dags/example_params_ui_tutorial.py
[2024-06-24T14:05:27.520+0300] {logging_mixin.py:188} INFO - [2024-06-24T14:05:27.520+0300] {dag.py:3096} INFO - Sync 1 DAGs
[2024-06-24T14:05:27.530+0300] {logging_mixin.py:188} INFO - [2024-06-24T14:05:27.530+0300] {dag.py:3954} INFO - Setting next_dagrun for example_params_ui_tutorial to None, run_after=None
[2024-06-24T14:05:27.559+0300] {processor.py:183} INFO - Processing /home/user/rubix/internship_project/.venv/lib/python3.10/site-packages/airflow/example_dags/example_params_ui_tutorial.py took 0.142 seconds
[2024-06-24T14:06:29.885+0300] {processor.py:161} INFO - Started process (PID=24113) to work on /home/user/rubix/internship_project/.venv/lib/python3.10/site-packages/airflow/example_dags/example_params_ui_tutorial.py
[2024-06-24T14:06:29.886+0300] {processor.py:830} INFO - Processing file /home/user/rubix/internship_project/.venv/lib/python3.10/site-packages/airflow/example_dags/example_params_ui_tutorial.py for tasks to queue
[2024-06-24T14:06:29.888+0300] {logging_mixin.py:188} INFO - [2024-06-24T14:06:29.887+0300] {dagbag.py:545} INFO - Filling up the DagBag from /home/user/rubix/internship_project/.venv/lib/python3.10/site-packages/airflow/example_dags/example_params_ui_tutorial.py
[2024-06-24T14:06:29.900+0300] {processor.py:840} INFO - DAG(s) 'example_params_ui_tutorial' retrieved from /home/user/rubix/internship_project/.venv/lib/python3.10/site-packages/airflow/example_dags/example_params_ui_tutorial.py
[2024-06-24T14:06:29.933+0300] {logging_mixin.py:188} INFO - [2024-06-24T14:06:29.933+0300] {dag.py:3096} INFO - Sync 1 DAGs
[2024-06-24T14:06:30.028+0300] {logging_mixin.py:188} INFO - [2024-06-24T14:06:30.028+0300] {dag.py:3954} INFO - Setting next_dagrun for example_params_ui_tutorial to None, run_after=None
[2024-06-24T14:06:30.057+0300] {processor.py:183} INFO - Processing /home/user/rubix/internship_project/.venv/lib/python3.10/site-packages/airflow/example_dags/example_params_ui_tutorial.py took 0.179 seconds
[2024-06-24T14:07:22.411+0300] {processor.py:161} INFO - Started process (PID=24314) to work on /home/user/rubix/internship_project/.venv/lib/python3.10/site-packages/airflow/example_dags/example_params_ui_tutorial.py
[2024-06-24T14:07:22.412+0300] {processor.py:830} INFO - Processing file /home/user/rubix/internship_project/.venv/lib/python3.10/site-packages/airflow/example_dags/example_params_ui_tutorial.py for tasks to queue
[2024-06-24T14:07:22.414+0300] {logging_mixin.py:188} INFO - [2024-06-24T14:07:22.414+0300] {dagbag.py:545} INFO - Filling up the DagBag from /home/user/rubix/internship_project/.venv/lib/python3.10/site-packages/airflow/example_dags/example_params_ui_tutorial.py
[2024-06-24T14:07:22.430+0300] {processor.py:840} INFO - DAG(s) 'example_params_ui_tutorial' retrieved from /home/user/rubix/internship_project/.venv/lib/python3.10/site-packages/airflow/example_dags/example_params_ui_tutorial.py
[2024-06-24T14:07:22.474+0300] {logging_mixin.py:188} INFO - [2024-06-24T14:07:22.474+0300] {dag.py:3096} INFO - Sync 1 DAGs
[2024-06-24T14:07:22.485+0300] {logging_mixin.py:188} INFO - [2024-06-24T14:07:22.485+0300] {dag.py:3954} INFO - Setting next_dagrun for example_params_ui_tutorial to None, run_after=None
[2024-06-24T14:07:22.517+0300] {processor.py:183} INFO - Processing /home/user/rubix/internship_project/.venv/lib/python3.10/site-packages/airflow/example_dags/example_params_ui_tutorial.py took 0.115 seconds
[2024-06-24T14:08:13.918+0300] {processor.py:161} INFO - Started process (PID=24660) to work on /home/user/rubix/internship_project/.venv/lib/python3.10/site-packages/airflow/example_dags/example_params_ui_tutorial.py
[2024-06-24T14:08:13.919+0300] {processor.py:830} INFO - Processing file /home/user/rubix/internship_project/.venv/lib/python3.10/site-packages/airflow/example_dags/example_params_ui_tutorial.py for tasks to queue
[2024-06-24T14:08:13.921+0300] {logging_mixin.py:188} INFO - [2024-06-24T14:08:13.920+0300] {dagbag.py:545} INFO - Filling up the DagBag from /home/user/rubix/internship_project/.venv/lib/python3.10/site-packages/airflow/example_dags/example_params_ui_tutorial.py
[2024-06-24T14:08:13.933+0300] {processor.py:840} INFO - DAG(s) 'example_params_ui_tutorial' retrieved from /home/user/rubix/internship_project/.venv/lib/python3.10/site-packages/airflow/example_dags/example_params_ui_tutorial.py
[2024-06-24T14:08:13.968+0300] {logging_mixin.py:188} INFO - [2024-06-24T14:08:13.968+0300] {dag.py:3096} INFO - Sync 1 DAGs
[2024-06-24T14:08:13.977+0300] {logging_mixin.py:188} INFO - [2024-06-24T14:08:13.976+0300] {dag.py:3954} INFO - Setting next_dagrun for example_params_ui_tutorial to None, run_after=None
[2024-06-24T14:08:14.008+0300] {processor.py:183} INFO - Processing /home/user/rubix/internship_project/.venv/lib/python3.10/site-packages/airflow/example_dags/example_params_ui_tutorial.py took 0.098 seconds
[2024-06-24T14:09:01.565+0300] {processor.py:161} INFO - Started process (PID=24937) to work on /home/user/rubix/internship_project/.venv/lib/python3.10/site-packages/airflow/example_dags/example_params_ui_tutorial.py
[2024-06-24T14:09:01.566+0300] {processor.py:830} INFO - Processing file /home/user/rubix/internship_project/.venv/lib/python3.10/site-packages/airflow/example_dags/example_params_ui_tutorial.py for tasks to queue
[2024-06-24T14:09:01.568+0300] {logging_mixin.py:188} INFO - [2024-06-24T14:09:01.567+0300] {dagbag.py:545} INFO - Filling up the DagBag from /home/user/rubix/internship_project/.venv/lib/python3.10/site-packages/airflow/example_dags/example_params_ui_tutorial.py
[2024-06-24T14:09:01.581+0300] {processor.py:840} INFO - DAG(s) 'example_params_ui_tutorial' retrieved from /home/user/rubix/internship_project/.venv/lib/python3.10/site-packages/airflow/example_dags/example_params_ui_tutorial.py
[2024-06-24T14:09:01.615+0300] {logging_mixin.py:188} INFO - [2024-06-24T14:09:01.615+0300] {dag.py:3096} INFO - Sync 1 DAGs
[2024-06-24T14:09:01.624+0300] {logging_mixin.py:188} INFO - [2024-06-24T14:09:01.624+0300] {dag.py:3954} INFO - Setting next_dagrun for example_params_ui_tutorial to None, run_after=None
[2024-06-24T14:09:01.653+0300] {processor.py:183} INFO - Processing /home/user/rubix/internship_project/.venv/lib/python3.10/site-packages/airflow/example_dags/example_params_ui_tutorial.py took 0.096 seconds
[2024-06-24T14:09:48.800+0300] {processor.py:161} INFO - Started process (PID=25232) to work on /home/user/rubix/internship_project/.venv/lib/python3.10/site-packages/airflow/example_dags/example_params_ui_tutorial.py
[2024-06-24T14:09:48.801+0300] {processor.py:830} INFO - Processing file /home/user/rubix/internship_project/.venv/lib/python3.10/site-packages/airflow/example_dags/example_params_ui_tutorial.py for tasks to queue
[2024-06-24T14:09:48.804+0300] {logging_mixin.py:188} INFO - [2024-06-24T14:09:48.803+0300] {dagbag.py:545} INFO - Filling up the DagBag from /home/user/rubix/internship_project/.venv/lib/python3.10/site-packages/airflow/example_dags/example_params_ui_tutorial.py
[2024-06-24T14:09:48.818+0300] {processor.py:840} INFO - DAG(s) 'example_params_ui_tutorial' retrieved from /home/user/rubix/internship_project/.venv/lib/python3.10/site-packages/airflow/example_dags/example_params_ui_tutorial.py
[2024-06-24T14:09:48.862+0300] {logging_mixin.py:188} INFO - [2024-06-24T14:09:48.862+0300] {dag.py:3096} INFO - Sync 1 DAGs
[2024-06-24T14:09:48.872+0300] {logging_mixin.py:188} INFO - [2024-06-24T14:09:48.872+0300] {dag.py:3954} INFO - Setting next_dagrun for example_params_ui_tutorial to None, run_after=None
[2024-06-24T14:09:48.905+0300] {processor.py:183} INFO - Processing /home/user/rubix/internship_project/.venv/lib/python3.10/site-packages/airflow/example_dags/example_params_ui_tutorial.py took 0.114 seconds
[2024-06-24T14:10:34.379+0300] {processor.py:161} INFO - Started process (PID=25514) to work on /home/user/rubix/internship_project/.venv/lib/python3.10/site-packages/airflow/example_dags/example_params_ui_tutorial.py
[2024-06-24T14:10:34.380+0300] {processor.py:830} INFO - Processing file /home/user/rubix/internship_project/.venv/lib/python3.10/site-packages/airflow/example_dags/example_params_ui_tutorial.py for tasks to queue
[2024-06-24T14:10:34.382+0300] {logging_mixin.py:188} INFO - [2024-06-24T14:10:34.382+0300] {dagbag.py:545} INFO - Filling up the DagBag from /home/user/rubix/internship_project/.venv/lib/python3.10/site-packages/airflow/example_dags/example_params_ui_tutorial.py
[2024-06-24T14:10:34.397+0300] {processor.py:840} INFO - DAG(s) 'example_params_ui_tutorial' retrieved from /home/user/rubix/internship_project/.venv/lib/python3.10/site-packages/airflow/example_dags/example_params_ui_tutorial.py
[2024-06-24T14:10:34.439+0300] {logging_mixin.py:188} INFO - [2024-06-24T14:10:34.438+0300] {dag.py:3096} INFO - Sync 1 DAGs
[2024-06-24T14:10:34.449+0300] {logging_mixin.py:188} INFO - [2024-06-24T14:10:34.449+0300] {dag.py:3954} INFO - Setting next_dagrun for example_params_ui_tutorial to None, run_after=None
[2024-06-24T14:10:34.482+0300] {processor.py:183} INFO - Processing /home/user/rubix/internship_project/.venv/lib/python3.10/site-packages/airflow/example_dags/example_params_ui_tutorial.py took 0.111 seconds
[2024-06-24T14:11:40.943+0300] {processor.py:161} INFO - Started process (PID=25948) to work on /home/user/rubix/internship_project/.venv/lib/python3.10/site-packages/airflow/example_dags/example_params_ui_tutorial.py
[2024-06-24T14:11:40.944+0300] {processor.py:830} INFO - Processing file /home/user/rubix/internship_project/.venv/lib/python3.10/site-packages/airflow/example_dags/example_params_ui_tutorial.py for tasks to queue
[2024-06-24T14:11:40.946+0300] {logging_mixin.py:188} INFO - [2024-06-24T14:11:40.946+0300] {dagbag.py:545} INFO - Filling up the DagBag from /home/user/rubix/internship_project/.venv/lib/python3.10/site-packages/airflow/example_dags/example_params_ui_tutorial.py
[2024-06-24T14:11:40.959+0300] {processor.py:840} INFO - DAG(s) 'example_params_ui_tutorial' retrieved from /home/user/rubix/internship_project/.venv/lib/python3.10/site-packages/airflow/example_dags/example_params_ui_tutorial.py
[2024-06-24T14:11:41.000+0300] {logging_mixin.py:188} INFO - [2024-06-24T14:11:40.999+0300] {dag.py:3096} INFO - Sync 1 DAGs
[2024-06-24T14:11:41.009+0300] {logging_mixin.py:188} INFO - [2024-06-24T14:11:41.009+0300] {dag.py:3954} INFO - Setting next_dagrun for example_params_ui_tutorial to None, run_after=None
[2024-06-24T14:11:41.039+0300] {processor.py:183} INFO - Processing /home/user/rubix/internship_project/.venv/lib/python3.10/site-packages/airflow/example_dags/example_params_ui_tutorial.py took 0.104 seconds
[2024-06-24T14:12:42.998+0300] {processor.py:161} INFO - Started process (PID=26157) to work on /home/user/rubix/internship_project/.venv/lib/python3.10/site-packages/airflow/example_dags/example_params_ui_tutorial.py
[2024-06-24T14:12:42.999+0300] {processor.py:830} INFO - Processing file /home/user/rubix/internship_project/.venv/lib/python3.10/site-packages/airflow/example_dags/example_params_ui_tutorial.py for tasks to queue
[2024-06-24T14:12:43.001+0300] {logging_mixin.py:188} INFO - [2024-06-24T14:12:43.001+0300] {dagbag.py:545} INFO - Filling up the DagBag from /home/user/rubix/internship_project/.venv/lib/python3.10/site-packages/airflow/example_dags/example_params_ui_tutorial.py
[2024-06-24T14:12:43.024+0300] {processor.py:840} INFO - DAG(s) 'example_params_ui_tutorial' retrieved from /home/user/rubix/internship_project/.venv/lib/python3.10/site-packages/airflow/example_dags/example_params_ui_tutorial.py
[2024-06-24T14:12:43.070+0300] {logging_mixin.py:188} INFO - [2024-06-24T14:12:43.070+0300] {dag.py:3096} INFO - Sync 1 DAGs
[2024-06-24T14:12:43.079+0300] {logging_mixin.py:188} INFO - [2024-06-24T14:12:43.078+0300] {dag.py:3954} INFO - Setting next_dagrun for example_params_ui_tutorial to None, run_after=None
[2024-06-24T14:12:43.106+0300] {processor.py:183} INFO - Processing /home/user/rubix/internship_project/.venv/lib/python3.10/site-packages/airflow/example_dags/example_params_ui_tutorial.py took 0.116 seconds
[2024-06-24T14:13:34.110+0300] {processor.py:161} INFO - Started process (PID=26338) to work on /home/user/rubix/internship_project/.venv/lib/python3.10/site-packages/airflow/example_dags/example_params_ui_tutorial.py
[2024-06-24T14:13:34.111+0300] {processor.py:830} INFO - Processing file /home/user/rubix/internship_project/.venv/lib/python3.10/site-packages/airflow/example_dags/example_params_ui_tutorial.py for tasks to queue
[2024-06-24T14:13:34.113+0300] {logging_mixin.py:188} INFO - [2024-06-24T14:13:34.113+0300] {dagbag.py:545} INFO - Filling up the DagBag from /home/user/rubix/internship_project/.venv/lib/python3.10/site-packages/airflow/example_dags/example_params_ui_tutorial.py
[2024-06-24T14:13:34.127+0300] {processor.py:840} INFO - DAG(s) 'example_params_ui_tutorial' retrieved from /home/user/rubix/internship_project/.venv/lib/python3.10/site-packages/airflow/example_dags/example_params_ui_tutorial.py
[2024-06-24T14:13:34.170+0300] {logging_mixin.py:188} INFO - [2024-06-24T14:13:34.170+0300] {dag.py:3096} INFO - Sync 1 DAGs
[2024-06-24T14:13:34.180+0300] {logging_mixin.py:188} INFO - [2024-06-24T14:13:34.179+0300] {dag.py:3954} INFO - Setting next_dagrun for example_params_ui_tutorial to None, run_after=None
[2024-06-24T14:13:34.209+0300] {processor.py:183} INFO - Processing /home/user/rubix/internship_project/.venv/lib/python3.10/site-packages/airflow/example_dags/example_params_ui_tutorial.py took 0.107 seconds
[2024-06-24T14:14:24.884+0300] {processor.py:161} INFO - Started process (PID=26679) to work on /home/user/rubix/internship_project/.venv/lib/python3.10/site-packages/airflow/example_dags/example_params_ui_tutorial.py
[2024-06-24T14:14:24.885+0300] {processor.py:830} INFO - Processing file /home/user/rubix/internship_project/.venv/lib/python3.10/site-packages/airflow/example_dags/example_params_ui_tutorial.py for tasks to queue
[2024-06-24T14:14:24.887+0300] {logging_mixin.py:188} INFO - [2024-06-24T14:14:24.887+0300] {dagbag.py:545} INFO - Filling up the DagBag from /home/user/rubix/internship_project/.venv/lib/python3.10/site-packages/airflow/example_dags/example_params_ui_tutorial.py
[2024-06-24T14:14:24.902+0300] {processor.py:840} INFO - DAG(s) 'example_params_ui_tutorial' retrieved from /home/user/rubix/internship_project/.venv/lib/python3.10/site-packages/airflow/example_dags/example_params_ui_tutorial.py
[2024-06-24T14:14:24.943+0300] {logging_mixin.py:188} INFO - [2024-06-24T14:14:24.943+0300] {dag.py:3096} INFO - Sync 1 DAGs
[2024-06-24T14:14:24.954+0300] {logging_mixin.py:188} INFO - [2024-06-24T14:14:24.954+0300] {dag.py:3954} INFO - Setting next_dagrun for example_params_ui_tutorial to None, run_after=None
[2024-06-24T14:14:24.983+0300] {processor.py:183} INFO - Processing /home/user/rubix/internship_project/.venv/lib/python3.10/site-packages/airflow/example_dags/example_params_ui_tutorial.py took 0.107 seconds
[2024-06-24T14:15:29.206+0300] {processor.py:161} INFO - Started process (PID=26898) to work on /home/user/rubix/internship_project/.venv/lib/python3.10/site-packages/airflow/example_dags/example_params_ui_tutorial.py
[2024-06-24T14:15:29.207+0300] {processor.py:830} INFO - Processing file /home/user/rubix/internship_project/.venv/lib/python3.10/site-packages/airflow/example_dags/example_params_ui_tutorial.py for tasks to queue
[2024-06-24T14:15:29.208+0300] {logging_mixin.py:188} INFO - [2024-06-24T14:15:29.208+0300] {dagbag.py:545} INFO - Filling up the DagBag from /home/user/rubix/internship_project/.venv/lib/python3.10/site-packages/airflow/example_dags/example_params_ui_tutorial.py
[2024-06-24T14:15:29.221+0300] {processor.py:840} INFO - DAG(s) 'example_params_ui_tutorial' retrieved from /home/user/rubix/internship_project/.venv/lib/python3.10/site-packages/airflow/example_dags/example_params_ui_tutorial.py
[2024-06-24T14:15:29.259+0300] {logging_mixin.py:188} INFO - [2024-06-24T14:15:29.259+0300] {dag.py:3096} INFO - Sync 1 DAGs
[2024-06-24T14:15:29.268+0300] {logging_mixin.py:188} INFO - [2024-06-24T14:15:29.268+0300] {dag.py:3954} INFO - Setting next_dagrun for example_params_ui_tutorial to None, run_after=None
[2024-06-24T14:15:29.300+0300] {processor.py:183} INFO - Processing /home/user/rubix/internship_project/.venv/lib/python3.10/site-packages/airflow/example_dags/example_params_ui_tutorial.py took 0.102 seconds
[2024-06-24T14:16:30.290+0300] {processor.py:161} INFO - Started process (PID=27087) to work on /home/user/rubix/internship_project/.venv/lib/python3.10/site-packages/airflow/example_dags/example_params_ui_tutorial.py
[2024-06-24T14:16:30.291+0300] {processor.py:830} INFO - Processing file /home/user/rubix/internship_project/.venv/lib/python3.10/site-packages/airflow/example_dags/example_params_ui_tutorial.py for tasks to queue
[2024-06-24T14:16:30.293+0300] {logging_mixin.py:188} INFO - [2024-06-24T14:16:30.292+0300] {dagbag.py:545} INFO - Filling up the DagBag from /home/user/rubix/internship_project/.venv/lib/python3.10/site-packages/airflow/example_dags/example_params_ui_tutorial.py
[2024-06-24T14:16:30.306+0300] {processor.py:840} INFO - DAG(s) 'example_params_ui_tutorial' retrieved from /home/user/rubix/internship_project/.venv/lib/python3.10/site-packages/airflow/example_dags/example_params_ui_tutorial.py
[2024-06-24T14:16:30.346+0300] {logging_mixin.py:188} INFO - [2024-06-24T14:16:30.346+0300] {dag.py:3096} INFO - Sync 1 DAGs
[2024-06-24T14:16:30.356+0300] {logging_mixin.py:188} INFO - [2024-06-24T14:16:30.356+0300] {dag.py:3954} INFO - Setting next_dagrun for example_params_ui_tutorial to None, run_after=None
[2024-06-24T14:16:30.385+0300] {processor.py:183} INFO - Processing /home/user/rubix/internship_project/.venv/lib/python3.10/site-packages/airflow/example_dags/example_params_ui_tutorial.py took 0.103 seconds
[2024-06-24T14:17:29.179+0300] {processor.py:161} INFO - Started process (PID=27282) to work on /home/user/rubix/internship_project/.venv/lib/python3.10/site-packages/airflow/example_dags/example_params_ui_tutorial.py
[2024-06-24T14:17:29.180+0300] {processor.py:830} INFO - Processing file /home/user/rubix/internship_project/.venv/lib/python3.10/site-packages/airflow/example_dags/example_params_ui_tutorial.py for tasks to queue
[2024-06-24T14:17:29.182+0300] {logging_mixin.py:188} INFO - [2024-06-24T14:17:29.182+0300] {dagbag.py:545} INFO - Filling up the DagBag from /home/user/rubix/internship_project/.venv/lib/python3.10/site-packages/airflow/example_dags/example_params_ui_tutorial.py
[2024-06-24T14:17:29.195+0300] {processor.py:840} INFO - DAG(s) 'example_params_ui_tutorial' retrieved from /home/user/rubix/internship_project/.venv/lib/python3.10/site-packages/airflow/example_dags/example_params_ui_tutorial.py
[2024-06-24T14:17:29.229+0300] {logging_mixin.py:188} INFO - [2024-06-24T14:17:29.229+0300] {dag.py:3096} INFO - Sync 1 DAGs
[2024-06-24T14:17:29.238+0300] {logging_mixin.py:188} INFO - [2024-06-24T14:17:29.238+0300] {dag.py:3954} INFO - Setting next_dagrun for example_params_ui_tutorial to None, run_after=None
[2024-06-24T14:17:29.280+0300] {processor.py:183} INFO - Processing /home/user/rubix/internship_project/.venv/lib/python3.10/site-packages/airflow/example_dags/example_params_ui_tutorial.py took 0.108 seconds
[2024-06-24T14:18:42.079+0300] {processor.py:161} INFO - Started process (PID=27485) to work on /home/user/rubix/internship_project/.venv/lib/python3.10/site-packages/airflow/example_dags/example_params_ui_tutorial.py
[2024-06-24T14:18:42.080+0300] {processor.py:830} INFO - Processing file /home/user/rubix/internship_project/.venv/lib/python3.10/site-packages/airflow/example_dags/example_params_ui_tutorial.py for tasks to queue
[2024-06-24T14:18:42.082+0300] {logging_mixin.py:188} INFO - [2024-06-24T14:18:42.081+0300] {dagbag.py:545} INFO - Filling up the DagBag from /home/user/rubix/internship_project/.venv/lib/python3.10/site-packages/airflow/example_dags/example_params_ui_tutorial.py
[2024-06-24T14:18:42.108+0300] {processor.py:840} INFO - DAG(s) 'example_params_ui_tutorial' retrieved from /home/user/rubix/internship_project/.venv/lib/python3.10/site-packages/airflow/example_dags/example_params_ui_tutorial.py
[2024-06-24T14:18:42.151+0300] {logging_mixin.py:188} INFO - [2024-06-24T14:18:42.150+0300] {dag.py:3096} INFO - Sync 1 DAGs
[2024-06-24T14:18:42.161+0300] {logging_mixin.py:188} INFO - [2024-06-24T14:18:42.161+0300] {dag.py:3954} INFO - Setting next_dagrun for example_params_ui_tutorial to None, run_after=None
[2024-06-24T14:18:42.191+0300] {processor.py:183} INFO - Processing /home/user/rubix/internship_project/.venv/lib/python3.10/site-packages/airflow/example_dags/example_params_ui_tutorial.py took 0.120 seconds
[2024-06-24T14:19:33.326+0300] {processor.py:161} INFO - Started process (PID=27716) to work on /home/user/rubix/internship_project/.venv/lib/python3.10/site-packages/airflow/example_dags/example_params_ui_tutorial.py
[2024-06-24T14:19:33.327+0300] {processor.py:830} INFO - Processing file /home/user/rubix/internship_project/.venv/lib/python3.10/site-packages/airflow/example_dags/example_params_ui_tutorial.py for tasks to queue
[2024-06-24T14:19:33.329+0300] {logging_mixin.py:188} INFO - [2024-06-24T14:19:33.329+0300] {dagbag.py:545} INFO - Filling up the DagBag from /home/user/rubix/internship_project/.venv/lib/python3.10/site-packages/airflow/example_dags/example_params_ui_tutorial.py
[2024-06-24T14:19:33.346+0300] {processor.py:840} INFO - DAG(s) 'example_params_ui_tutorial' retrieved from /home/user/rubix/internship_project/.venv/lib/python3.10/site-packages/airflow/example_dags/example_params_ui_tutorial.py
[2024-06-24T14:19:33.390+0300] {logging_mixin.py:188} INFO - [2024-06-24T14:19:33.388+0300] {dag.py:3096} INFO - Sync 1 DAGs
[2024-06-24T14:19:33.401+0300] {logging_mixin.py:188} INFO - [2024-06-24T14:19:33.401+0300] {dag.py:3954} INFO - Setting next_dagrun for example_params_ui_tutorial to None, run_after=None
[2024-06-24T14:19:33.437+0300] {processor.py:183} INFO - Processing /home/user/rubix/internship_project/.venv/lib/python3.10/site-packages/airflow/example_dags/example_params_ui_tutorial.py took 0.122 seconds
[2024-06-24T14:20:30.406+0300] {processor.py:161} INFO - Started process (PID=28176) to work on /home/user/rubix/internship_project/.venv/lib/python3.10/site-packages/airflow/example_dags/example_params_ui_tutorial.py
[2024-06-24T14:20:30.407+0300] {processor.py:830} INFO - Processing file /home/user/rubix/internship_project/.venv/lib/python3.10/site-packages/airflow/example_dags/example_params_ui_tutorial.py for tasks to queue
[2024-06-24T14:20:30.409+0300] {logging_mixin.py:188} INFO - [2024-06-24T14:20:30.409+0300] {dagbag.py:545} INFO - Filling up the DagBag from /home/user/rubix/internship_project/.venv/lib/python3.10/site-packages/airflow/example_dags/example_params_ui_tutorial.py
[2024-06-24T14:20:30.422+0300] {processor.py:840} INFO - DAG(s) 'example_params_ui_tutorial' retrieved from /home/user/rubix/internship_project/.venv/lib/python3.10/site-packages/airflow/example_dags/example_params_ui_tutorial.py
[2024-06-24T14:20:30.465+0300] {logging_mixin.py:188} INFO - [2024-06-24T14:20:30.465+0300] {dag.py:3096} INFO - Sync 1 DAGs
[2024-06-24T14:20:30.475+0300] {logging_mixin.py:188} INFO - [2024-06-24T14:20:30.475+0300] {dag.py:3954} INFO - Setting next_dagrun for example_params_ui_tutorial to None, run_after=None
[2024-06-24T14:20:30.508+0300] {processor.py:183} INFO - Processing /home/user/rubix/internship_project/.venv/lib/python3.10/site-packages/airflow/example_dags/example_params_ui_tutorial.py took 0.110 seconds
[2024-06-24T14:21:15.736+0300] {processor.py:161} INFO - Started process (PID=28477) to work on /home/user/rubix/internship_project/.venv/lib/python3.10/site-packages/airflow/example_dags/example_params_ui_tutorial.py
[2024-06-24T14:21:15.737+0300] {processor.py:830} INFO - Processing file /home/user/rubix/internship_project/.venv/lib/python3.10/site-packages/airflow/example_dags/example_params_ui_tutorial.py for tasks to queue
[2024-06-24T14:21:15.742+0300] {logging_mixin.py:188} INFO - [2024-06-24T14:21:15.741+0300] {dagbag.py:545} INFO - Filling up the DagBag from /home/user/rubix/internship_project/.venv/lib/python3.10/site-packages/airflow/example_dags/example_params_ui_tutorial.py
[2024-06-24T14:21:15.760+0300] {processor.py:840} INFO - DAG(s) 'example_params_ui_tutorial' retrieved from /home/user/rubix/internship_project/.venv/lib/python3.10/site-packages/airflow/example_dags/example_params_ui_tutorial.py
[2024-06-24T14:21:15.817+0300] {logging_mixin.py:188} INFO - [2024-06-24T14:21:15.817+0300] {dag.py:3096} INFO - Sync 1 DAGs
[2024-06-24T14:21:15.831+0300] {logging_mixin.py:188} INFO - [2024-06-24T14:21:15.831+0300] {dag.py:3954} INFO - Setting next_dagrun for example_params_ui_tutorial to None, run_after=None
[2024-06-24T14:21:15.867+0300] {processor.py:183} INFO - Processing /home/user/rubix/internship_project/.venv/lib/python3.10/site-packages/airflow/example_dags/example_params_ui_tutorial.py took 0.141 seconds
[2024-06-24T14:22:13.011+0300] {processor.py:161} INFO - Started process (PID=28740) to work on /home/user/rubix/internship_project/.venv/lib/python3.10/site-packages/airflow/example_dags/example_params_ui_tutorial.py
[2024-06-24T14:22:13.012+0300] {processor.py:830} INFO - Processing file /home/user/rubix/internship_project/.venv/lib/python3.10/site-packages/airflow/example_dags/example_params_ui_tutorial.py for tasks to queue
[2024-06-24T14:22:13.014+0300] {logging_mixin.py:188} INFO - [2024-06-24T14:22:13.013+0300] {dagbag.py:545} INFO - Filling up the DagBag from /home/user/rubix/internship_project/.venv/lib/python3.10/site-packages/airflow/example_dags/example_params_ui_tutorial.py
[2024-06-24T14:22:13.028+0300] {processor.py:840} INFO - DAG(s) 'example_params_ui_tutorial' retrieved from /home/user/rubix/internship_project/.venv/lib/python3.10/site-packages/airflow/example_dags/example_params_ui_tutorial.py
[2024-06-24T14:22:13.069+0300] {logging_mixin.py:188} INFO - [2024-06-24T14:22:13.069+0300] {dag.py:3096} INFO - Sync 1 DAGs
[2024-06-24T14:22:13.079+0300] {logging_mixin.py:188} INFO - [2024-06-24T14:22:13.078+0300] {dag.py:3954} INFO - Setting next_dagrun for example_params_ui_tutorial to None, run_after=None
[2024-06-24T14:22:13.111+0300] {processor.py:183} INFO - Processing /home/user/rubix/internship_project/.venv/lib/python3.10/site-packages/airflow/example_dags/example_params_ui_tutorial.py took 0.108 seconds
[2024-06-24T14:23:16.271+0300] {processor.py:161} INFO - Started process (PID=28975) to work on /home/user/rubix/internship_project/.venv/lib/python3.10/site-packages/airflow/example_dags/example_params_ui_tutorial.py
[2024-06-24T14:23:16.272+0300] {processor.py:830} INFO - Processing file /home/user/rubix/internship_project/.venv/lib/python3.10/site-packages/airflow/example_dags/example_params_ui_tutorial.py for tasks to queue
[2024-06-24T14:23:16.274+0300] {logging_mixin.py:188} INFO - [2024-06-24T14:23:16.274+0300] {dagbag.py:545} INFO - Filling up the DagBag from /home/user/rubix/internship_project/.venv/lib/python3.10/site-packages/airflow/example_dags/example_params_ui_tutorial.py
[2024-06-24T14:23:16.287+0300] {processor.py:840} INFO - DAG(s) 'example_params_ui_tutorial' retrieved from /home/user/rubix/internship_project/.venv/lib/python3.10/site-packages/airflow/example_dags/example_params_ui_tutorial.py
[2024-06-24T14:23:16.322+0300] {logging_mixin.py:188} INFO - [2024-06-24T14:23:16.322+0300] {dag.py:3096} INFO - Sync 1 DAGs
[2024-06-24T14:23:16.331+0300] {logging_mixin.py:188} INFO - [2024-06-24T14:23:16.331+0300] {dag.py:3954} INFO - Setting next_dagrun for example_params_ui_tutorial to None, run_after=None
[2024-06-24T14:23:16.360+0300] {processor.py:183} INFO - Processing /home/user/rubix/internship_project/.venv/lib/python3.10/site-packages/airflow/example_dags/example_params_ui_tutorial.py took 0.097 seconds
[2024-06-24T14:24:23.145+0300] {processor.py:161} INFO - Started process (PID=29236) to work on /home/user/rubix/internship_project/.venv/lib/python3.10/site-packages/airflow/example_dags/example_params_ui_tutorial.py
[2024-06-24T14:24:23.146+0300] {processor.py:830} INFO - Processing file /home/user/rubix/internship_project/.venv/lib/python3.10/site-packages/airflow/example_dags/example_params_ui_tutorial.py for tasks to queue
[2024-06-24T14:24:23.147+0300] {logging_mixin.py:188} INFO - [2024-06-24T14:24:23.147+0300] {dagbag.py:545} INFO - Filling up the DagBag from /home/user/rubix/internship_project/.venv/lib/python3.10/site-packages/airflow/example_dags/example_params_ui_tutorial.py
[2024-06-24T14:24:23.161+0300] {processor.py:840} INFO - DAG(s) 'example_params_ui_tutorial' retrieved from /home/user/rubix/internship_project/.venv/lib/python3.10/site-packages/airflow/example_dags/example_params_ui_tutorial.py
[2024-06-24T14:24:23.201+0300] {logging_mixin.py:188} INFO - [2024-06-24T14:24:23.201+0300] {dag.py:3096} INFO - Sync 1 DAGs
[2024-06-24T14:24:23.212+0300] {logging_mixin.py:188} INFO - [2024-06-24T14:24:23.211+0300] {dag.py:3954} INFO - Setting next_dagrun for example_params_ui_tutorial to None, run_after=None
[2024-06-24T14:24:23.242+0300] {processor.py:183} INFO - Processing /home/user/rubix/internship_project/.venv/lib/python3.10/site-packages/airflow/example_dags/example_params_ui_tutorial.py took 0.105 seconds
[2024-06-24T14:25:09.277+0300] {processor.py:161} INFO - Started process (PID=29490) to work on /home/user/rubix/internship_project/.venv/lib/python3.10/site-packages/airflow/example_dags/example_params_ui_tutorial.py
[2024-06-24T14:25:09.279+0300] {processor.py:830} INFO - Processing file /home/user/rubix/internship_project/.venv/lib/python3.10/site-packages/airflow/example_dags/example_params_ui_tutorial.py for tasks to queue
[2024-06-24T14:25:09.280+0300] {logging_mixin.py:188} INFO - [2024-06-24T14:25:09.280+0300] {dagbag.py:545} INFO - Filling up the DagBag from /home/user/rubix/internship_project/.venv/lib/python3.10/site-packages/airflow/example_dags/example_params_ui_tutorial.py
[2024-06-24T14:25:09.294+0300] {processor.py:840} INFO - DAG(s) 'example_params_ui_tutorial' retrieved from /home/user/rubix/internship_project/.venv/lib/python3.10/site-packages/airflow/example_dags/example_params_ui_tutorial.py
[2024-06-24T14:25:09.334+0300] {logging_mixin.py:188} INFO - [2024-06-24T14:25:09.334+0300] {dag.py:3096} INFO - Sync 1 DAGs
[2024-06-24T14:25:09.344+0300] {logging_mixin.py:188} INFO - [2024-06-24T14:25:09.344+0300] {dag.py:3954} INFO - Setting next_dagrun for example_params_ui_tutorial to None, run_after=None
[2024-06-24T14:25:09.375+0300] {processor.py:183} INFO - Processing /home/user/rubix/internship_project/.venv/lib/python3.10/site-packages/airflow/example_dags/example_params_ui_tutorial.py took 0.105 seconds
[2024-06-24T14:26:09.056+0300] {processor.py:161} INFO - Started process (PID=29719) to work on /home/user/rubix/internship_project/.venv/lib/python3.10/site-packages/airflow/example_dags/example_params_ui_tutorial.py
[2024-06-24T14:26:09.057+0300] {processor.py:830} INFO - Processing file /home/user/rubix/internship_project/.venv/lib/python3.10/site-packages/airflow/example_dags/example_params_ui_tutorial.py for tasks to queue
[2024-06-24T14:26:09.059+0300] {logging_mixin.py:188} INFO - [2024-06-24T14:26:09.059+0300] {dagbag.py:545} INFO - Filling up the DagBag from /home/user/rubix/internship_project/.venv/lib/python3.10/site-packages/airflow/example_dags/example_params_ui_tutorial.py
[2024-06-24T14:26:09.072+0300] {processor.py:840} INFO - DAG(s) 'example_params_ui_tutorial' retrieved from /home/user/rubix/internship_project/.venv/lib/python3.10/site-packages/airflow/example_dags/example_params_ui_tutorial.py
[2024-06-24T14:26:09.115+0300] {logging_mixin.py:188} INFO - [2024-06-24T14:26:09.115+0300] {dag.py:3096} INFO - Sync 1 DAGs
[2024-06-24T14:26:09.126+0300] {logging_mixin.py:188} INFO - [2024-06-24T14:26:09.126+0300] {dag.py:3954} INFO - Setting next_dagrun for example_params_ui_tutorial to None, run_after=None
[2024-06-24T14:26:09.155+0300] {processor.py:183} INFO - Processing /home/user/rubix/internship_project/.venv/lib/python3.10/site-packages/airflow/example_dags/example_params_ui_tutorial.py took 0.106 seconds
[2024-06-24T14:27:13.849+0300] {processor.py:161} INFO - Started process (PID=30273) to work on /home/user/rubix/internship_project/.venv/lib/python3.10/site-packages/airflow/example_dags/example_params_ui_tutorial.py
[2024-06-24T14:27:13.850+0300] {processor.py:830} INFO - Processing file /home/user/rubix/internship_project/.venv/lib/python3.10/site-packages/airflow/example_dags/example_params_ui_tutorial.py for tasks to queue
[2024-06-24T14:27:13.852+0300] {logging_mixin.py:188} INFO - [2024-06-24T14:27:13.851+0300] {dagbag.py:545} INFO - Filling up the DagBag from /home/user/rubix/internship_project/.venv/lib/python3.10/site-packages/airflow/example_dags/example_params_ui_tutorial.py
[2024-06-24T14:27:13.865+0300] {processor.py:840} INFO - DAG(s) 'example_params_ui_tutorial' retrieved from /home/user/rubix/internship_project/.venv/lib/python3.10/site-packages/airflow/example_dags/example_params_ui_tutorial.py
[2024-06-24T14:27:13.899+0300] {logging_mixin.py:188} INFO - [2024-06-24T14:27:13.899+0300] {dag.py:3096} INFO - Sync 1 DAGs
[2024-06-24T14:27:13.908+0300] {logging_mixin.py:188} INFO - [2024-06-24T14:27:13.908+0300] {dag.py:3954} INFO - Setting next_dagrun for example_params_ui_tutorial to None, run_after=None
[2024-06-24T14:27:13.937+0300] {processor.py:183} INFO - Processing /home/user/rubix/internship_project/.venv/lib/python3.10/site-packages/airflow/example_dags/example_params_ui_tutorial.py took 0.096 seconds
[2024-06-24T14:27:58.871+0300] {processor.py:161} INFO - Started process (PID=30568) to work on /home/user/rubix/internship_project/.venv/lib/python3.10/site-packages/airflow/example_dags/example_params_ui_tutorial.py
[2024-06-24T14:27:58.872+0300] {processor.py:830} INFO - Processing file /home/user/rubix/internship_project/.venv/lib/python3.10/site-packages/airflow/example_dags/example_params_ui_tutorial.py for tasks to queue
[2024-06-24T14:27:58.874+0300] {logging_mixin.py:188} INFO - [2024-06-24T14:27:58.874+0300] {dagbag.py:545} INFO - Filling up the DagBag from /home/user/rubix/internship_project/.venv/lib/python3.10/site-packages/airflow/example_dags/example_params_ui_tutorial.py
[2024-06-24T14:27:58.889+0300] {processor.py:840} INFO - DAG(s) 'example_params_ui_tutorial' retrieved from /home/user/rubix/internship_project/.venv/lib/python3.10/site-packages/airflow/example_dags/example_params_ui_tutorial.py
[2024-06-24T14:27:58.929+0300] {logging_mixin.py:188} INFO - [2024-06-24T14:27:58.929+0300] {dag.py:3096} INFO - Sync 1 DAGs
[2024-06-24T14:27:58.939+0300] {logging_mixin.py:188} INFO - [2024-06-24T14:27:58.939+0300] {dag.py:3954} INFO - Setting next_dagrun for example_params_ui_tutorial to None, run_after=None
[2024-06-24T14:27:58.970+0300] {processor.py:183} INFO - Processing /home/user/rubix/internship_project/.venv/lib/python3.10/site-packages/airflow/example_dags/example_params_ui_tutorial.py took 0.107 seconds
[2024-06-24T14:29:04.408+0300] {processor.py:161} INFO - Started process (PID=31017) to work on /home/user/rubix/internship_project/.venv/lib/python3.10/site-packages/airflow/example_dags/example_params_ui_tutorial.py
[2024-06-24T14:29:04.409+0300] {processor.py:830} INFO - Processing file /home/user/rubix/internship_project/.venv/lib/python3.10/site-packages/airflow/example_dags/example_params_ui_tutorial.py for tasks to queue
[2024-06-24T14:29:04.411+0300] {logging_mixin.py:188} INFO - [2024-06-24T14:29:04.410+0300] {dagbag.py:545} INFO - Filling up the DagBag from /home/user/rubix/internship_project/.venv/lib/python3.10/site-packages/airflow/example_dags/example_params_ui_tutorial.py
[2024-06-24T14:29:04.425+0300] {processor.py:840} INFO - DAG(s) 'example_params_ui_tutorial' retrieved from /home/user/rubix/internship_project/.venv/lib/python3.10/site-packages/airflow/example_dags/example_params_ui_tutorial.py
[2024-06-24T14:29:04.463+0300] {logging_mixin.py:188} INFO - [2024-06-24T14:29:04.463+0300] {dag.py:3096} INFO - Sync 1 DAGs
[2024-06-24T14:29:04.474+0300] {logging_mixin.py:188} INFO - [2024-06-24T14:29:04.473+0300] {dag.py:3954} INFO - Setting next_dagrun for example_params_ui_tutorial to None, run_after=None
[2024-06-24T14:29:04.507+0300] {processor.py:183} INFO - Processing /home/user/rubix/internship_project/.venv/lib/python3.10/site-packages/airflow/example_dags/example_params_ui_tutorial.py took 0.109 seconds
[2024-06-24T14:29:52.783+0300] {processor.py:161} INFO - Started process (PID=31334) to work on /home/user/rubix/internship_project/.venv/lib/python3.10/site-packages/airflow/example_dags/example_params_ui_tutorial.py
[2024-06-24T14:29:52.784+0300] {processor.py:830} INFO - Processing file /home/user/rubix/internship_project/.venv/lib/python3.10/site-packages/airflow/example_dags/example_params_ui_tutorial.py for tasks to queue
[2024-06-24T14:29:52.786+0300] {logging_mixin.py:188} INFO - [2024-06-24T14:29:52.785+0300] {dagbag.py:545} INFO - Filling up the DagBag from /home/user/rubix/internship_project/.venv/lib/python3.10/site-packages/airflow/example_dags/example_params_ui_tutorial.py
[2024-06-24T14:29:52.801+0300] {processor.py:840} INFO - DAG(s) 'example_params_ui_tutorial' retrieved from /home/user/rubix/internship_project/.venv/lib/python3.10/site-packages/airflow/example_dags/example_params_ui_tutorial.py
[2024-06-24T14:29:52.842+0300] {logging_mixin.py:188} INFO - [2024-06-24T14:29:52.841+0300] {dag.py:3096} INFO - Sync 1 DAGs
[2024-06-24T14:29:52.851+0300] {logging_mixin.py:188} INFO - [2024-06-24T14:29:52.851+0300] {dag.py:3954} INFO - Setting next_dagrun for example_params_ui_tutorial to None, run_after=None
[2024-06-24T14:29:52.883+0300] {processor.py:183} INFO - Processing /home/user/rubix/internship_project/.venv/lib/python3.10/site-packages/airflow/example_dags/example_params_ui_tutorial.py took 0.108 seconds
[2024-06-24T14:30:41.084+0300] {processor.py:161} INFO - Started process (PID=31493) to work on /home/user/rubix/internship_project/.venv/lib/python3.10/site-packages/airflow/example_dags/example_params_ui_tutorial.py
[2024-06-24T14:30:41.085+0300] {processor.py:830} INFO - Processing file /home/user/rubix/internship_project/.venv/lib/python3.10/site-packages/airflow/example_dags/example_params_ui_tutorial.py for tasks to queue
[2024-06-24T14:30:41.087+0300] {logging_mixin.py:188} INFO - [2024-06-24T14:30:41.086+0300] {dagbag.py:545} INFO - Filling up the DagBag from /home/user/rubix/internship_project/.venv/lib/python3.10/site-packages/airflow/example_dags/example_params_ui_tutorial.py
[2024-06-24T14:30:41.104+0300] {processor.py:840} INFO - DAG(s) 'example_params_ui_tutorial' retrieved from /home/user/rubix/internship_project/.venv/lib/python3.10/site-packages/airflow/example_dags/example_params_ui_tutorial.py
[2024-06-24T14:30:41.155+0300] {logging_mixin.py:188} INFO - [2024-06-24T14:30:41.154+0300] {dag.py:3096} INFO - Sync 1 DAGs
[2024-06-24T14:30:41.166+0300] {logging_mixin.py:188} INFO - [2024-06-24T14:30:41.165+0300] {dag.py:3954} INFO - Setting next_dagrun for example_params_ui_tutorial to None, run_after=None
[2024-06-24T14:30:41.202+0300] {processor.py:183} INFO - Processing /home/user/rubix/internship_project/.venv/lib/python3.10/site-packages/airflow/example_dags/example_params_ui_tutorial.py took 0.127 seconds
[2024-06-24T14:31:28.779+0300] {processor.py:161} INFO - Started process (PID=31834) to work on /home/user/rubix/internship_project/.venv/lib/python3.10/site-packages/airflow/example_dags/example_params_ui_tutorial.py
[2024-06-24T14:31:28.781+0300] {processor.py:830} INFO - Processing file /home/user/rubix/internship_project/.venv/lib/python3.10/site-packages/airflow/example_dags/example_params_ui_tutorial.py for tasks to queue
[2024-06-24T14:31:28.784+0300] {logging_mixin.py:188} INFO - [2024-06-24T14:31:28.783+0300] {dagbag.py:545} INFO - Filling up the DagBag from /home/user/rubix/internship_project/.venv/lib/python3.10/site-packages/airflow/example_dags/example_params_ui_tutorial.py
[2024-06-24T14:31:28.803+0300] {processor.py:840} INFO - DAG(s) 'example_params_ui_tutorial' retrieved from /home/user/rubix/internship_project/.venv/lib/python3.10/site-packages/airflow/example_dags/example_params_ui_tutorial.py
[2024-06-24T14:31:28.846+0300] {logging_mixin.py:188} INFO - [2024-06-24T14:31:28.845+0300] {dag.py:3096} INFO - Sync 1 DAGs
[2024-06-24T14:31:28.857+0300] {logging_mixin.py:188} INFO - [2024-06-24T14:31:28.857+0300] {dag.py:3954} INFO - Setting next_dagrun for example_params_ui_tutorial to None, run_after=None
[2024-06-24T14:31:28.897+0300] {processor.py:183} INFO - Processing /home/user/rubix/internship_project/.venv/lib/python3.10/site-packages/airflow/example_dags/example_params_ui_tutorial.py took 0.133 seconds
[2024-06-24T14:32:14.811+0300] {processor.py:161} INFO - Started process (PID=32048) to work on /home/user/rubix/internship_project/.venv/lib/python3.10/site-packages/airflow/example_dags/example_params_ui_tutorial.py
[2024-06-24T14:32:14.812+0300] {processor.py:830} INFO - Processing file /home/user/rubix/internship_project/.venv/lib/python3.10/site-packages/airflow/example_dags/example_params_ui_tutorial.py for tasks to queue
[2024-06-24T14:32:14.813+0300] {logging_mixin.py:188} INFO - [2024-06-24T14:32:14.813+0300] {dagbag.py:545} INFO - Filling up the DagBag from /home/user/rubix/internship_project/.venv/lib/python3.10/site-packages/airflow/example_dags/example_params_ui_tutorial.py
[2024-06-24T14:32:14.827+0300] {processor.py:840} INFO - DAG(s) 'example_params_ui_tutorial' retrieved from /home/user/rubix/internship_project/.venv/lib/python3.10/site-packages/airflow/example_dags/example_params_ui_tutorial.py
[2024-06-24T14:32:14.871+0300] {logging_mixin.py:188} INFO - [2024-06-24T14:32:14.871+0300] {dag.py:3096} INFO - Sync 1 DAGs
[2024-06-24T14:32:14.881+0300] {logging_mixin.py:188} INFO - [2024-06-24T14:32:14.881+0300] {dag.py:3954} INFO - Setting next_dagrun for example_params_ui_tutorial to None, run_after=None
[2024-06-24T14:32:14.914+0300] {processor.py:183} INFO - Processing /home/user/rubix/internship_project/.venv/lib/python3.10/site-packages/airflow/example_dags/example_params_ui_tutorial.py took 0.113 seconds
