[2024-06-24T14:04:42.222+0300] {processor.py:161} INFO - Started process (PID=23295) to work on /home/user/rubix/internship_project/.venv/lib/python3.10/site-packages/airflow/example_dags/example_branch_operator_decorator.py
[2024-06-24T14:04:42.223+0300] {processor.py:830} INFO - Processing file /home/user/rubix/internship_project/.venv/lib/python3.10/site-packages/airflow/example_dags/example_branch_operator_decorator.py for tasks to queue
[2024-06-24T14:04:42.236+0300] {logging_mixin.py:188} INFO - [2024-06-24T14:04:42.236+0300] {dagbag.py:545} INFO - Filling up the DagBag from /home/user/rubix/internship_project/.venv/lib/python3.10/site-packages/airflow/example_dags/example_branch_operator_decorator.py
[2024-06-24T14:04:42.243+0300] {processor.py:842} WARNING - No viable dags retrieved from /home/user/rubix/internship_project/.venv/lib/python3.10/site-packages/airflow/example_dags/example_branch_operator_decorator.py
[2024-06-24T14:04:42.256+0300] {processor.py:183} INFO - Processing /home/user/rubix/internship_project/.venv/lib/python3.10/site-packages/airflow/example_dags/example_branch_operator_decorator.py took 0.042 seconds
[2024-06-24T14:05:44.074+0300] {processor.py:161} INFO - Started process (PID=23813) to work on /home/user/rubix/internship_project/.venv/lib/python3.10/site-packages/airflow/example_dags/example_branch_operator_decorator.py
[2024-06-24T14:05:44.075+0300] {processor.py:830} INFO - Processing file /home/user/rubix/internship_project/.venv/lib/python3.10/site-packages/airflow/example_dags/example_branch_operator_decorator.py for tasks to queue
[2024-06-24T14:05:44.077+0300] {logging_mixin.py:188} INFO - [2024-06-24T14:05:44.077+0300] {dagbag.py:545} INFO - Filling up the DagBag from /home/user/rubix/internship_project/.venv/lib/python3.10/site-packages/airflow/example_dags/example_branch_operator_decorator.py
[2024-06-24T14:05:44.092+0300] {processor.py:842} WARNING - No viable dags retrieved from /home/user/rubix/internship_project/.venv/lib/python3.10/site-packages/airflow/example_dags/example_branch_operator_decorator.py
[2024-06-24T14:05:44.105+0300] {processor.py:183} INFO - Processing /home/user/rubix/internship_project/.venv/lib/python3.10/site-packages/airflow/example_dags/example_branch_operator_decorator.py took 0.039 seconds
[2024-06-24T14:06:44.980+0300] {processor.py:161} INFO - Started process (PID=24143) to work on /home/user/rubix/internship_project/.venv/lib/python3.10/site-packages/airflow/example_dags/example_branch_operator_decorator.py
[2024-06-24T14:06:44.981+0300] {processor.py:830} INFO - Processing file /home/user/rubix/internship_project/.venv/lib/python3.10/site-packages/airflow/example_dags/example_branch_operator_decorator.py for tasks to queue
[2024-06-24T14:06:44.983+0300] {logging_mixin.py:188} INFO - [2024-06-24T14:06:44.982+0300] {dagbag.py:545} INFO - Filling up the DagBag from /home/user/rubix/internship_project/.venv/lib/python3.10/site-packages/airflow/example_dags/example_branch_operator_decorator.py
[2024-06-24T14:06:44.989+0300] {processor.py:842} WARNING - No viable dags retrieved from /home/user/rubix/internship_project/.venv/lib/python3.10/site-packages/airflow/example_dags/example_branch_operator_decorator.py
[2024-06-24T14:06:45.001+0300] {processor.py:183} INFO - Processing /home/user/rubix/internship_project/.venv/lib/python3.10/site-packages/airflow/example_dags/example_branch_operator_decorator.py took 0.030 seconds
[2024-06-24T14:07:38.018+0300] {processor.py:161} INFO - Started process (PID=24387) to work on /home/user/rubix/internship_project/.venv/lib/python3.10/site-packages/airflow/example_dags/example_branch_operator_decorator.py
[2024-06-24T14:07:38.019+0300] {processor.py:830} INFO - Processing file /home/user/rubix/internship_project/.venv/lib/python3.10/site-packages/airflow/example_dags/example_branch_operator_decorator.py for tasks to queue
[2024-06-24T14:07:38.021+0300] {logging_mixin.py:188} INFO - [2024-06-24T14:07:38.021+0300] {dagbag.py:545} INFO - Filling up the DagBag from /home/user/rubix/internship_project/.venv/lib/python3.10/site-packages/airflow/example_dags/example_branch_operator_decorator.py
[2024-06-24T14:07:38.027+0300] {processor.py:842} WARNING - No viable dags retrieved from /home/user/rubix/internship_project/.venv/lib/python3.10/site-packages/airflow/example_dags/example_branch_operator_decorator.py
[2024-06-24T14:07:38.040+0300] {processor.py:183} INFO - Processing /home/user/rubix/internship_project/.venv/lib/python3.10/site-packages/airflow/example_dags/example_branch_operator_decorator.py took 0.029 seconds
[2024-06-24T14:08:46.724+0300] {processor.py:161} INFO - Started process (PID=24793) to work on /home/user/rubix/internship_project/.venv/lib/python3.10/site-packages/airflow/example_dags/example_branch_operator_decorator.py
[2024-06-24T14:08:46.725+0300] {processor.py:830} INFO - Processing file /home/user/rubix/internship_project/.venv/lib/python3.10/site-packages/airflow/example_dags/example_branch_operator_decorator.py for tasks to queue
[2024-06-24T14:08:46.727+0300] {logging_mixin.py:188} INFO - [2024-06-24T14:08:46.727+0300] {dagbag.py:545} INFO - Filling up the DagBag from /home/user/rubix/internship_project/.venv/lib/python3.10/site-packages/airflow/example_dags/example_branch_operator_decorator.py
[2024-06-24T14:08:46.733+0300] {processor.py:842} WARNING - No viable dags retrieved from /home/user/rubix/internship_project/.venv/lib/python3.10/site-packages/airflow/example_dags/example_branch_operator_decorator.py
[2024-06-24T14:08:46.745+0300] {processor.py:183} INFO - Processing /home/user/rubix/internship_project/.venv/lib/python3.10/site-packages/airflow/example_dags/example_branch_operator_decorator.py took 0.028 seconds
[2024-06-24T14:09:55.327+0300] {processor.py:161} INFO - Started process (PID=25272) to work on /home/user/rubix/internship_project/.venv/lib/python3.10/site-packages/airflow/example_dags/example_branch_operator_decorator.py
[2024-06-24T14:09:55.328+0300] {processor.py:830} INFO - Processing file /home/user/rubix/internship_project/.venv/lib/python3.10/site-packages/airflow/example_dags/example_branch_operator_decorator.py for tasks to queue
[2024-06-24T14:09:55.331+0300] {logging_mixin.py:188} INFO - [2024-06-24T14:09:55.330+0300] {dagbag.py:545} INFO - Filling up the DagBag from /home/user/rubix/internship_project/.venv/lib/python3.10/site-packages/airflow/example_dags/example_branch_operator_decorator.py
[2024-06-24T14:09:55.340+0300] {processor.py:842} WARNING - No viable dags retrieved from /home/user/rubix/internship_project/.venv/lib/python3.10/site-packages/airflow/example_dags/example_branch_operator_decorator.py
[2024-06-24T14:09:55.353+0300] {processor.py:183} INFO - Processing /home/user/rubix/internship_project/.venv/lib/python3.10/site-packages/airflow/example_dags/example_branch_operator_decorator.py took 0.037 seconds
[2024-06-24T14:11:02.168+0300] {processor.py:161} INFO - Started process (PID=25693) to work on /home/user/rubix/internship_project/.venv/lib/python3.10/site-packages/airflow/example_dags/example_branch_operator_decorator.py
[2024-06-24T14:11:02.169+0300] {processor.py:830} INFO - Processing file /home/user/rubix/internship_project/.venv/lib/python3.10/site-packages/airflow/example_dags/example_branch_operator_decorator.py for tasks to queue
[2024-06-24T14:11:02.171+0300] {logging_mixin.py:188} INFO - [2024-06-24T14:11:02.170+0300] {dagbag.py:545} INFO - Filling up the DagBag from /home/user/rubix/internship_project/.venv/lib/python3.10/site-packages/airflow/example_dags/example_branch_operator_decorator.py
[2024-06-24T14:11:02.178+0300] {processor.py:842} WARNING - No viable dags retrieved from /home/user/rubix/internship_project/.venv/lib/python3.10/site-packages/airflow/example_dags/example_branch_operator_decorator.py
[2024-06-24T14:11:02.195+0300] {processor.py:183} INFO - Processing /home/user/rubix/internship_project/.venv/lib/python3.10/site-packages/airflow/example_dags/example_branch_operator_decorator.py took 0.035 seconds
[2024-06-24T14:12:08.845+0300] {processor.py:161} INFO - Started process (PID=26083) to work on /home/user/rubix/internship_project/.venv/lib/python3.10/site-packages/airflow/example_dags/example_branch_operator_decorator.py
[2024-06-24T14:12:08.846+0300] {processor.py:830} INFO - Processing file /home/user/rubix/internship_project/.venv/lib/python3.10/site-packages/airflow/example_dags/example_branch_operator_decorator.py for tasks to queue
[2024-06-24T14:12:08.847+0300] {logging_mixin.py:188} INFO - [2024-06-24T14:12:08.847+0300] {dagbag.py:545} INFO - Filling up the DagBag from /home/user/rubix/internship_project/.venv/lib/python3.10/site-packages/airflow/example_dags/example_branch_operator_decorator.py
[2024-06-24T14:12:08.853+0300] {processor.py:842} WARNING - No viable dags retrieved from /home/user/rubix/internship_project/.venv/lib/python3.10/site-packages/airflow/example_dags/example_branch_operator_decorator.py
[2024-06-24T14:12:08.864+0300] {processor.py:183} INFO - Processing /home/user/rubix/internship_project/.venv/lib/python3.10/site-packages/airflow/example_dags/example_branch_operator_decorator.py took 0.028 seconds
[2024-06-24T14:13:19.053+0300] {processor.py:161} INFO - Started process (PID=26289) to work on /home/user/rubix/internship_project/.venv/lib/python3.10/site-packages/airflow/example_dags/example_branch_operator_decorator.py
[2024-06-24T14:13:19.054+0300] {processor.py:830} INFO - Processing file /home/user/rubix/internship_project/.venv/lib/python3.10/site-packages/airflow/example_dags/example_branch_operator_decorator.py for tasks to queue
[2024-06-24T14:13:19.055+0300] {logging_mixin.py:188} INFO - [2024-06-24T14:13:19.055+0300] {dagbag.py:545} INFO - Filling up the DagBag from /home/user/rubix/internship_project/.venv/lib/python3.10/site-packages/airflow/example_dags/example_branch_operator_decorator.py
[2024-06-24T14:13:19.070+0300] {processor.py:842} WARNING - No viable dags retrieved from /home/user/rubix/internship_project/.venv/lib/python3.10/site-packages/airflow/example_dags/example_branch_operator_decorator.py
[2024-06-24T14:13:19.082+0300] {processor.py:183} INFO - Processing /home/user/rubix/internship_project/.venv/lib/python3.10/site-packages/airflow/example_dags/example_branch_operator_decorator.py took 0.037 seconds
[2024-06-24T14:14:10.065+0300] {processor.py:161} INFO - Started process (PID=26612) to work on /home/user/rubix/internship_project/.venv/lib/python3.10/site-packages/airflow/example_dags/example_branch_operator_decorator.py
[2024-06-24T14:14:10.066+0300] {processor.py:830} INFO - Processing file /home/user/rubix/internship_project/.venv/lib/python3.10/site-packages/airflow/example_dags/example_branch_operator_decorator.py for tasks to queue
[2024-06-24T14:14:10.068+0300] {logging_mixin.py:188} INFO - [2024-06-24T14:14:10.067+0300] {dagbag.py:545} INFO - Filling up the DagBag from /home/user/rubix/internship_project/.venv/lib/python3.10/site-packages/airflow/example_dags/example_branch_operator_decorator.py
[2024-06-24T14:14:10.074+0300] {processor.py:842} WARNING - No viable dags retrieved from /home/user/rubix/internship_project/.venv/lib/python3.10/site-packages/airflow/example_dags/example_branch_operator_decorator.py
[2024-06-24T14:14:10.087+0300] {processor.py:183} INFO - Processing /home/user/rubix/internship_project/.venv/lib/python3.10/site-packages/airflow/example_dags/example_branch_operator_decorator.py took 0.032 seconds
[2024-06-24T14:15:16.014+0300] {processor.py:161} INFO - Started process (PID=26865) to work on /home/user/rubix/internship_project/.venv/lib/python3.10/site-packages/airflow/example_dags/example_branch_operator_decorator.py
[2024-06-24T14:15:16.015+0300] {processor.py:830} INFO - Processing file /home/user/rubix/internship_project/.venv/lib/python3.10/site-packages/airflow/example_dags/example_branch_operator_decorator.py for tasks to queue
[2024-06-24T14:15:16.017+0300] {logging_mixin.py:188} INFO - [2024-06-24T14:15:16.017+0300] {dagbag.py:545} INFO - Filling up the DagBag from /home/user/rubix/internship_project/.venv/lib/python3.10/site-packages/airflow/example_dags/example_branch_operator_decorator.py
[2024-06-24T14:15:16.023+0300] {processor.py:842} WARNING - No viable dags retrieved from /home/user/rubix/internship_project/.venv/lib/python3.10/site-packages/airflow/example_dags/example_branch_operator_decorator.py
[2024-06-24T14:15:16.036+0300] {processor.py:183} INFO - Processing /home/user/rubix/internship_project/.venv/lib/python3.10/site-packages/airflow/example_dags/example_branch_operator_decorator.py took 0.035 seconds
[2024-06-24T14:16:18.345+0300] {processor.py:161} INFO - Started process (PID=27062) to work on /home/user/rubix/internship_project/.venv/lib/python3.10/site-packages/airflow/example_dags/example_branch_operator_decorator.py
[2024-06-24T14:16:18.346+0300] {processor.py:830} INFO - Processing file /home/user/rubix/internship_project/.venv/lib/python3.10/site-packages/airflow/example_dags/example_branch_operator_decorator.py for tasks to queue
[2024-06-24T14:16:18.348+0300] {logging_mixin.py:188} INFO - [2024-06-24T14:16:18.348+0300] {dagbag.py:545} INFO - Filling up the DagBag from /home/user/rubix/internship_project/.venv/lib/python3.10/site-packages/airflow/example_dags/example_branch_operator_decorator.py
[2024-06-24T14:16:18.354+0300] {processor.py:842} WARNING - No viable dags retrieved from /home/user/rubix/internship_project/.venv/lib/python3.10/site-packages/airflow/example_dags/example_branch_operator_decorator.py
[2024-06-24T14:16:18.366+0300] {processor.py:183} INFO - Processing /home/user/rubix/internship_project/.venv/lib/python3.10/site-packages/airflow/example_dags/example_branch_operator_decorator.py took 0.029 seconds
[2024-06-24T14:17:16.549+0300] {processor.py:161} INFO - Started process (PID=27247) to work on /home/user/rubix/internship_project/.venv/lib/python3.10/site-packages/airflow/example_dags/example_branch_operator_decorator.py
[2024-06-24T14:17:16.550+0300] {processor.py:830} INFO - Processing file /home/user/rubix/internship_project/.venv/lib/python3.10/site-packages/airflow/example_dags/example_branch_operator_decorator.py for tasks to queue
[2024-06-24T14:17:16.552+0300] {logging_mixin.py:188} INFO - [2024-06-24T14:17:16.552+0300] {dagbag.py:545} INFO - Filling up the DagBag from /home/user/rubix/internship_project/.venv/lib/python3.10/site-packages/airflow/example_dags/example_branch_operator_decorator.py
[2024-06-24T14:17:16.558+0300] {processor.py:842} WARNING - No viable dags retrieved from /home/user/rubix/internship_project/.venv/lib/python3.10/site-packages/airflow/example_dags/example_branch_operator_decorator.py
[2024-06-24T14:17:16.570+0300] {processor.py:183} INFO - Processing /home/user/rubix/internship_project/.venv/lib/python3.10/site-packages/airflow/example_dags/example_branch_operator_decorator.py took 0.028 seconds
[2024-06-24T14:18:27.502+0300] {processor.py:161} INFO - Started process (PID=27456) to work on /home/user/rubix/internship_project/.venv/lib/python3.10/site-packages/airflow/example_dags/example_branch_operator_decorator.py
[2024-06-24T14:18:27.503+0300] {processor.py:830} INFO - Processing file /home/user/rubix/internship_project/.venv/lib/python3.10/site-packages/airflow/example_dags/example_branch_operator_decorator.py for tasks to queue
[2024-06-24T14:18:27.507+0300] {logging_mixin.py:188} INFO - [2024-06-24T14:18:27.507+0300] {dagbag.py:545} INFO - Filling up the DagBag from /home/user/rubix/internship_project/.venv/lib/python3.10/site-packages/airflow/example_dags/example_branch_operator_decorator.py
[2024-06-24T14:18:27.517+0300] {processor.py:842} WARNING - No viable dags retrieved from /home/user/rubix/internship_project/.venv/lib/python3.10/site-packages/airflow/example_dags/example_branch_operator_decorator.py
[2024-06-24T14:18:27.534+0300] {processor.py:183} INFO - Processing /home/user/rubix/internship_project/.venv/lib/python3.10/site-packages/airflow/example_dags/example_branch_operator_decorator.py took 0.042 seconds
[2024-06-24T14:19:19.852+0300] {processor.py:161} INFO - Started process (PID=27687) to work on /home/user/rubix/internship_project/.venv/lib/python3.10/site-packages/airflow/example_dags/example_branch_operator_decorator.py
[2024-06-24T14:19:19.853+0300] {processor.py:830} INFO - Processing file /home/user/rubix/internship_project/.venv/lib/python3.10/site-packages/airflow/example_dags/example_branch_operator_decorator.py for tasks to queue
[2024-06-24T14:19:19.855+0300] {logging_mixin.py:188} INFO - [2024-06-24T14:19:19.855+0300] {dagbag.py:545} INFO - Filling up the DagBag from /home/user/rubix/internship_project/.venv/lib/python3.10/site-packages/airflow/example_dags/example_branch_operator_decorator.py
[2024-06-24T14:19:19.860+0300] {processor.py:842} WARNING - No viable dags retrieved from /home/user/rubix/internship_project/.venv/lib/python3.10/site-packages/airflow/example_dags/example_branch_operator_decorator.py
[2024-06-24T14:19:19.872+0300] {processor.py:183} INFO - Processing /home/user/rubix/internship_project/.venv/lib/python3.10/site-packages/airflow/example_dags/example_branch_operator_decorator.py took 0.029 seconds
[2024-06-24T14:20:20.076+0300] {processor.py:161} INFO - Started process (PID=28089) to work on /home/user/rubix/internship_project/.venv/lib/python3.10/site-packages/airflow/example_dags/example_branch_operator_decorator.py
[2024-06-24T14:20:20.077+0300] {processor.py:830} INFO - Processing file /home/user/rubix/internship_project/.venv/lib/python3.10/site-packages/airflow/example_dags/example_branch_operator_decorator.py for tasks to queue
[2024-06-24T14:20:20.079+0300] {logging_mixin.py:188} INFO - [2024-06-24T14:20:20.078+0300] {dagbag.py:545} INFO - Filling up the DagBag from /home/user/rubix/internship_project/.venv/lib/python3.10/site-packages/airflow/example_dags/example_branch_operator_decorator.py
[2024-06-24T14:20:20.084+0300] {processor.py:842} WARNING - No viable dags retrieved from /home/user/rubix/internship_project/.venv/lib/python3.10/site-packages/airflow/example_dags/example_branch_operator_decorator.py
[2024-06-24T14:20:20.097+0300] {processor.py:183} INFO - Processing /home/user/rubix/internship_project/.venv/lib/python3.10/site-packages/airflow/example_dags/example_branch_operator_decorator.py took 0.029 seconds
[2024-06-24T14:21:22.289+0300] {processor.py:161} INFO - Started process (PID=28511) to work on /home/user/rubix/internship_project/.venv/lib/python3.10/site-packages/airflow/example_dags/example_branch_operator_decorator.py
[2024-06-24T14:21:22.290+0300] {processor.py:830} INFO - Processing file /home/user/rubix/internship_project/.venv/lib/python3.10/site-packages/airflow/example_dags/example_branch_operator_decorator.py for tasks to queue
[2024-06-24T14:21:22.292+0300] {logging_mixin.py:188} INFO - [2024-06-24T14:21:22.291+0300] {dagbag.py:545} INFO - Filling up the DagBag from /home/user/rubix/internship_project/.venv/lib/python3.10/site-packages/airflow/example_dags/example_branch_operator_decorator.py
[2024-06-24T14:21:22.299+0300] {processor.py:842} WARNING - No viable dags retrieved from /home/user/rubix/internship_project/.venv/lib/python3.10/site-packages/airflow/example_dags/example_branch_operator_decorator.py
[2024-06-24T14:21:22.313+0300] {processor.py:183} INFO - Processing /home/user/rubix/internship_project/.venv/lib/python3.10/site-packages/airflow/example_dags/example_branch_operator_decorator.py took 0.033 seconds
[2024-06-24T14:22:19.445+0300] {processor.py:161} INFO - Started process (PID=28752) to work on /home/user/rubix/internship_project/.venv/lib/python3.10/site-packages/airflow/example_dags/example_branch_operator_decorator.py
[2024-06-24T14:22:19.446+0300] {processor.py:830} INFO - Processing file /home/user/rubix/internship_project/.venv/lib/python3.10/site-packages/airflow/example_dags/example_branch_operator_decorator.py for tasks to queue
[2024-06-24T14:22:19.448+0300] {logging_mixin.py:188} INFO - [2024-06-24T14:22:19.448+0300] {dagbag.py:545} INFO - Filling up the DagBag from /home/user/rubix/internship_project/.venv/lib/python3.10/site-packages/airflow/example_dags/example_branch_operator_decorator.py
[2024-06-24T14:22:19.453+0300] {processor.py:842} WARNING - No viable dags retrieved from /home/user/rubix/internship_project/.venv/lib/python3.10/site-packages/airflow/example_dags/example_branch_operator_decorator.py
[2024-06-24T14:22:19.466+0300] {processor.py:183} INFO - Processing /home/user/rubix/internship_project/.venv/lib/python3.10/site-packages/airflow/example_dags/example_branch_operator_decorator.py took 0.028 seconds
[2024-06-24T14:23:22.579+0300] {processor.py:161} INFO - Started process (PID=28987) to work on /home/user/rubix/internship_project/.venv/lib/python3.10/site-packages/airflow/example_dags/example_branch_operator_decorator.py
[2024-06-24T14:23:22.580+0300] {processor.py:830} INFO - Processing file /home/user/rubix/internship_project/.venv/lib/python3.10/site-packages/airflow/example_dags/example_branch_operator_decorator.py for tasks to queue
[2024-06-24T14:23:22.582+0300] {logging_mixin.py:188} INFO - [2024-06-24T14:23:22.581+0300] {dagbag.py:545} INFO - Filling up the DagBag from /home/user/rubix/internship_project/.venv/lib/python3.10/site-packages/airflow/example_dags/example_branch_operator_decorator.py
[2024-06-24T14:23:22.587+0300] {processor.py:842} WARNING - No viable dags retrieved from /home/user/rubix/internship_project/.venv/lib/python3.10/site-packages/airflow/example_dags/example_branch_operator_decorator.py
[2024-06-24T14:23:22.599+0300] {processor.py:183} INFO - Processing /home/user/rubix/internship_project/.venv/lib/python3.10/site-packages/airflow/example_dags/example_branch_operator_decorator.py took 0.028 seconds
[2024-06-24T14:24:31.528+0300] {processor.py:161} INFO - Started process (PID=29253) to work on /home/user/rubix/internship_project/.venv/lib/python3.10/site-packages/airflow/example_dags/example_branch_operator_decorator.py
[2024-06-24T14:24:31.529+0300] {processor.py:830} INFO - Processing file /home/user/rubix/internship_project/.venv/lib/python3.10/site-packages/airflow/example_dags/example_branch_operator_decorator.py for tasks to queue
[2024-06-24T14:24:31.531+0300] {logging_mixin.py:188} INFO - [2024-06-24T14:24:31.530+0300] {dagbag.py:545} INFO - Filling up the DagBag from /home/user/rubix/internship_project/.venv/lib/python3.10/site-packages/airflow/example_dags/example_branch_operator_decorator.py
[2024-06-24T14:24:31.537+0300] {processor.py:842} WARNING - No viable dags retrieved from /home/user/rubix/internship_project/.venv/lib/python3.10/site-packages/airflow/example_dags/example_branch_operator_decorator.py
[2024-06-24T14:24:31.550+0300] {processor.py:183} INFO - Processing /home/user/rubix/internship_project/.venv/lib/python3.10/site-packages/airflow/example_dags/example_branch_operator_decorator.py took 0.031 seconds
[2024-06-24T14:25:35.774+0300] {processor.py:161} INFO - Started process (PID=29587) to work on /home/user/rubix/internship_project/.venv/lib/python3.10/site-packages/airflow/example_dags/example_branch_operator_decorator.py
[2024-06-24T14:25:35.775+0300] {processor.py:830} INFO - Processing file /home/user/rubix/internship_project/.venv/lib/python3.10/site-packages/airflow/example_dags/example_branch_operator_decorator.py for tasks to queue
[2024-06-24T14:25:35.777+0300] {logging_mixin.py:188} INFO - [2024-06-24T14:25:35.777+0300] {dagbag.py:545} INFO - Filling up the DagBag from /home/user/rubix/internship_project/.venv/lib/python3.10/site-packages/airflow/example_dags/example_branch_operator_decorator.py
[2024-06-24T14:25:35.783+0300] {processor.py:842} WARNING - No viable dags retrieved from /home/user/rubix/internship_project/.venv/lib/python3.10/site-packages/airflow/example_dags/example_branch_operator_decorator.py
[2024-06-24T14:25:35.795+0300] {processor.py:183} INFO - Processing /home/user/rubix/internship_project/.venv/lib/python3.10/site-packages/airflow/example_dags/example_branch_operator_decorator.py took 0.030 seconds
[2024-06-24T14:26:35.874+0300] {processor.py:161} INFO - Started process (PID=29851) to work on /home/user/rubix/internship_project/.venv/lib/python3.10/site-packages/airflow/example_dags/example_branch_operator_decorator.py
[2024-06-24T14:26:35.875+0300] {processor.py:830} INFO - Processing file /home/user/rubix/internship_project/.venv/lib/python3.10/site-packages/airflow/example_dags/example_branch_operator_decorator.py for tasks to queue
[2024-06-24T14:26:35.877+0300] {logging_mixin.py:188} INFO - [2024-06-24T14:26:35.876+0300] {dagbag.py:545} INFO - Filling up the DagBag from /home/user/rubix/internship_project/.venv/lib/python3.10/site-packages/airflow/example_dags/example_branch_operator_decorator.py
[2024-06-24T14:26:35.882+0300] {processor.py:842} WARNING - No viable dags retrieved from /home/user/rubix/internship_project/.venv/lib/python3.10/site-packages/airflow/example_dags/example_branch_operator_decorator.py
[2024-06-24T14:26:35.894+0300] {processor.py:183} INFO - Processing /home/user/rubix/internship_project/.venv/lib/python3.10/site-packages/airflow/example_dags/example_branch_operator_decorator.py took 0.028 seconds
[2024-06-24T14:27:44.042+0300] {processor.py:161} INFO - Started process (PID=30497) to work on /home/user/rubix/internship_project/.venv/lib/python3.10/site-packages/airflow/example_dags/example_branch_operator_decorator.py
[2024-06-24T14:27:44.043+0300] {processor.py:830} INFO - Processing file /home/user/rubix/internship_project/.venv/lib/python3.10/site-packages/airflow/example_dags/example_branch_operator_decorator.py for tasks to queue
[2024-06-24T14:27:44.045+0300] {logging_mixin.py:188} INFO - [2024-06-24T14:27:44.044+0300] {dagbag.py:545} INFO - Filling up the DagBag from /home/user/rubix/internship_project/.venv/lib/python3.10/site-packages/airflow/example_dags/example_branch_operator_decorator.py
[2024-06-24T14:27:44.051+0300] {processor.py:842} WARNING - No viable dags retrieved from /home/user/rubix/internship_project/.venv/lib/python3.10/site-packages/airflow/example_dags/example_branch_operator_decorator.py
[2024-06-24T14:27:44.063+0300] {processor.py:183} INFO - Processing /home/user/rubix/internship_project/.venv/lib/python3.10/site-packages/airflow/example_dags/example_branch_operator_decorator.py took 0.031 seconds
[2024-06-24T14:28:47.505+0300] {processor.py:161} INFO - Started process (PID=30833) to work on /home/user/rubix/internship_project/.venv/lib/python3.10/site-packages/airflow/example_dags/example_branch_operator_decorator.py
[2024-06-24T14:28:47.508+0300] {processor.py:830} INFO - Processing file /home/user/rubix/internship_project/.venv/lib/python3.10/site-packages/airflow/example_dags/example_branch_operator_decorator.py for tasks to queue
[2024-06-24T14:28:47.513+0300] {logging_mixin.py:188} INFO - [2024-06-24T14:28:47.512+0300] {dagbag.py:545} INFO - Filling up the DagBag from /home/user/rubix/internship_project/.venv/lib/python3.10/site-packages/airflow/example_dags/example_branch_operator_decorator.py
[2024-06-24T14:28:47.521+0300] {processor.py:842} WARNING - No viable dags retrieved from /home/user/rubix/internship_project/.venv/lib/python3.10/site-packages/airflow/example_dags/example_branch_operator_decorator.py
[2024-06-24T14:28:47.546+0300] {processor.py:183} INFO - Processing /home/user/rubix/internship_project/.venv/lib/python3.10/site-packages/airflow/example_dags/example_branch_operator_decorator.py took 0.051 seconds
[2024-06-24T14:30:02.036+0300] {processor.py:161} INFO - Started process (PID=31412) to work on /home/user/rubix/internship_project/.venv/lib/python3.10/site-packages/airflow/example_dags/example_branch_operator_decorator.py
[2024-06-24T14:30:02.037+0300] {processor.py:830} INFO - Processing file /home/user/rubix/internship_project/.venv/lib/python3.10/site-packages/airflow/example_dags/example_branch_operator_decorator.py for tasks to queue
[2024-06-24T14:30:02.039+0300] {logging_mixin.py:188} INFO - [2024-06-24T14:30:02.039+0300] {dagbag.py:545} INFO - Filling up the DagBag from /home/user/rubix/internship_project/.venv/lib/python3.10/site-packages/airflow/example_dags/example_branch_operator_decorator.py
[2024-06-24T14:30:02.045+0300] {processor.py:842} WARNING - No viable dags retrieved from /home/user/rubix/internship_project/.venv/lib/python3.10/site-packages/airflow/example_dags/example_branch_operator_decorator.py
[2024-06-24T14:30:02.058+0300] {processor.py:183} INFO - Processing /home/user/rubix/internship_project/.venv/lib/python3.10/site-packages/airflow/example_dags/example_branch_operator_decorator.py took 0.030 seconds
[2024-06-24T14:31:12.528+0300] {processor.py:161} INFO - Started process (PID=31674) to work on /home/user/rubix/internship_project/.venv/lib/python3.10/site-packages/airflow/example_dags/example_branch_operator_decorator.py
[2024-06-24T14:31:12.529+0300] {processor.py:830} INFO - Processing file /home/user/rubix/internship_project/.venv/lib/python3.10/site-packages/airflow/example_dags/example_branch_operator_decorator.py for tasks to queue
[2024-06-24T14:31:12.531+0300] {logging_mixin.py:188} INFO - [2024-06-24T14:31:12.530+0300] {dagbag.py:545} INFO - Filling up the DagBag from /home/user/rubix/internship_project/.venv/lib/python3.10/site-packages/airflow/example_dags/example_branch_operator_decorator.py
[2024-06-24T14:31:12.536+0300] {processor.py:842} WARNING - No viable dags retrieved from /home/user/rubix/internship_project/.venv/lib/python3.10/site-packages/airflow/example_dags/example_branch_operator_decorator.py
[2024-06-24T14:31:12.549+0300] {processor.py:183} INFO - Processing /home/user/rubix/internship_project/.venv/lib/python3.10/site-packages/airflow/example_dags/example_branch_operator_decorator.py took 0.029 seconds
[2024-06-24T14:32:20.511+0300] {processor.py:161} INFO - Started process (PID=32060) to work on /home/user/rubix/internship_project/.venv/lib/python3.10/site-packages/airflow/example_dags/example_branch_operator_decorator.py
[2024-06-24T14:32:20.512+0300] {processor.py:830} INFO - Processing file /home/user/rubix/internship_project/.venv/lib/python3.10/site-packages/airflow/example_dags/example_branch_operator_decorator.py for tasks to queue
[2024-06-24T14:32:20.514+0300] {logging_mixin.py:188} INFO - [2024-06-24T14:32:20.513+0300] {dagbag.py:545} INFO - Filling up the DagBag from /home/user/rubix/internship_project/.venv/lib/python3.10/site-packages/airflow/example_dags/example_branch_operator_decorator.py
[2024-06-24T14:32:20.519+0300] {processor.py:842} WARNING - No viable dags retrieved from /home/user/rubix/internship_project/.venv/lib/python3.10/site-packages/airflow/example_dags/example_branch_operator_decorator.py
[2024-06-24T14:32:20.534+0300] {processor.py:183} INFO - Processing /home/user/rubix/internship_project/.venv/lib/python3.10/site-packages/airflow/example_dags/example_branch_operator_decorator.py took 0.031 seconds
