[2024-06-24T14:03:03.132+0300] {processor.py:161} INFO - Started process (PID=22591) to work on /home/user/rubix/internship_project/.venv/lib/python3.10/site-packages/airflow/example_dags/example_skip_dag.py
[2024-06-24T14:03:03.133+0300] {processor.py:830} INFO - Processing file /home/user/rubix/internship_project/.venv/lib/python3.10/site-packages/airflow/example_dags/example_skip_dag.py for tasks to queue
[2024-06-24T14:03:03.135+0300] {logging_mixin.py:188} INFO - [2024-06-24T14:03:03.134+0300] {dagbag.py:545} INFO - Filling up the DagBag from /home/user/rubix/internship_project/.venv/lib/python3.10/site-packages/airflow/example_dags/example_skip_dag.py
[2024-06-24T14:03:03.158+0300] {processor.py:840} INFO - DAG(s) 'example_skip_dag' retrieved from /home/user/rubix/internship_project/.venv/lib/python3.10/site-packages/airflow/example_dags/example_skip_dag.py
[2024-06-24T14:03:03.178+0300] {logging_mixin.py:188} INFO - [2024-06-24T14:03:03.178+0300] {dag.py:3096} INFO - Sync 1 DAGs
[2024-06-24T14:03:03.221+0300] {logging_mixin.py:188} INFO - [2024-06-24T14:03:03.221+0300] {dag.py:3954} INFO - Setting next_dagrun for example_skip_dag to 2024-06-23 00:00:00+00:00, run_after=2024-06-24 00:00:00+00:00
[2024-06-24T14:03:03.249+0300] {processor.py:183} INFO - Processing /home/user/rubix/internship_project/.venv/lib/python3.10/site-packages/airflow/example_dags/example_skip_dag.py took 0.124 seconds
[2024-06-24T14:04:15.742+0300] {processor.py:161} INFO - Started process (PID=23172) to work on /home/user/rubix/internship_project/.venv/lib/python3.10/site-packages/airflow/example_dags/example_skip_dag.py
[2024-06-24T14:04:15.743+0300] {processor.py:830} INFO - Processing file /home/user/rubix/internship_project/.venv/lib/python3.10/site-packages/airflow/example_dags/example_skip_dag.py for tasks to queue
[2024-06-24T14:04:15.745+0300] {logging_mixin.py:188} INFO - [2024-06-24T14:04:15.745+0300] {dagbag.py:545} INFO - Filling up the DagBag from /home/user/rubix/internship_project/.venv/lib/python3.10/site-packages/airflow/example_dags/example_skip_dag.py
[2024-06-24T14:04:15.752+0300] {processor.py:840} INFO - DAG(s) 'example_skip_dag' retrieved from /home/user/rubix/internship_project/.venv/lib/python3.10/site-packages/airflow/example_dags/example_skip_dag.py
[2024-06-24T14:04:15.762+0300] {logging_mixin.py:188} INFO - [2024-06-24T14:04:15.762+0300] {dag.py:3096} INFO - Sync 1 DAGs
[2024-06-24T14:04:15.780+0300] {logging_mixin.py:188} INFO - [2024-06-24T14:04:15.779+0300] {dag.py:3954} INFO - Setting next_dagrun for example_skip_dag to 2024-06-23 00:00:00+00:00, run_after=2024-06-24 00:00:00+00:00
[2024-06-24T14:04:15.809+0300] {processor.py:183} INFO - Processing /home/user/rubix/internship_project/.venv/lib/python3.10/site-packages/airflow/example_dags/example_skip_dag.py took 0.076 seconds
[2024-06-24T14:05:15.041+0300] {processor.py:161} INFO - Started process (PID=23609) to work on /home/user/rubix/internship_project/.venv/lib/python3.10/site-packages/airflow/example_dags/example_skip_dag.py
[2024-06-24T14:05:15.042+0300] {processor.py:830} INFO - Processing file /home/user/rubix/internship_project/.venv/lib/python3.10/site-packages/airflow/example_dags/example_skip_dag.py for tasks to queue
[2024-06-24T14:05:15.044+0300] {logging_mixin.py:188} INFO - [2024-06-24T14:05:15.044+0300] {dagbag.py:545} INFO - Filling up the DagBag from /home/user/rubix/internship_project/.venv/lib/python3.10/site-packages/airflow/example_dags/example_skip_dag.py
[2024-06-24T14:05:15.064+0300] {processor.py:840} INFO - DAG(s) 'example_skip_dag' retrieved from /home/user/rubix/internship_project/.venv/lib/python3.10/site-packages/airflow/example_dags/example_skip_dag.py
[2024-06-24T14:05:15.235+0300] {logging_mixin.py:188} INFO - [2024-06-24T14:05:15.234+0300] {dag.py:3096} INFO - Sync 1 DAGs
[2024-06-24T14:05:15.244+0300] {logging_mixin.py:188} INFO - [2024-06-24T14:05:15.244+0300] {dag.py:3954} INFO - Setting next_dagrun for example_skip_dag to 2024-06-23 00:00:00+00:00, run_after=2024-06-24 00:00:00+00:00
[2024-06-24T14:05:15.272+0300] {processor.py:183} INFO - Processing /home/user/rubix/internship_project/.venv/lib/python3.10/site-packages/airflow/example_dags/example_skip_dag.py took 0.241 seconds
[2024-06-24T14:06:15.894+0300] {processor.py:161} INFO - Started process (PID=24090) to work on /home/user/rubix/internship_project/.venv/lib/python3.10/site-packages/airflow/example_dags/example_skip_dag.py
[2024-06-24T14:06:15.895+0300] {processor.py:830} INFO - Processing file /home/user/rubix/internship_project/.venv/lib/python3.10/site-packages/airflow/example_dags/example_skip_dag.py for tasks to queue
[2024-06-24T14:06:15.897+0300] {logging_mixin.py:188} INFO - [2024-06-24T14:06:15.897+0300] {dagbag.py:545} INFO - Filling up the DagBag from /home/user/rubix/internship_project/.venv/lib/python3.10/site-packages/airflow/example_dags/example_skip_dag.py
[2024-06-24T14:06:15.907+0300] {processor.py:840} INFO - DAG(s) 'example_skip_dag' retrieved from /home/user/rubix/internship_project/.venv/lib/python3.10/site-packages/airflow/example_dags/example_skip_dag.py
[2024-06-24T14:06:15.928+0300] {logging_mixin.py:188} INFO - [2024-06-24T14:06:15.928+0300] {dag.py:3096} INFO - Sync 1 DAGs
[2024-06-24T14:06:15.947+0300] {logging_mixin.py:188} INFO - [2024-06-24T14:06:15.947+0300] {dag.py:3954} INFO - Setting next_dagrun for example_skip_dag to 2024-06-23 00:00:00+00:00, run_after=2024-06-24 00:00:00+00:00
[2024-06-24T14:06:16.119+0300] {processor.py:183} INFO - Processing /home/user/rubix/internship_project/.venv/lib/python3.10/site-packages/airflow/example_dags/example_skip_dag.py took 0.236 seconds
[2024-06-24T14:07:10.918+0300] {processor.py:161} INFO - Started process (PID=24262) to work on /home/user/rubix/internship_project/.venv/lib/python3.10/site-packages/airflow/example_dags/example_skip_dag.py
[2024-06-24T14:07:10.919+0300] {processor.py:830} INFO - Processing file /home/user/rubix/internship_project/.venv/lib/python3.10/site-packages/airflow/example_dags/example_skip_dag.py for tasks to queue
[2024-06-24T14:07:10.922+0300] {logging_mixin.py:188} INFO - [2024-06-24T14:07:10.921+0300] {dagbag.py:545} INFO - Filling up the DagBag from /home/user/rubix/internship_project/.venv/lib/python3.10/site-packages/airflow/example_dags/example_skip_dag.py
[2024-06-24T14:07:10.930+0300] {processor.py:840} INFO - DAG(s) 'example_skip_dag' retrieved from /home/user/rubix/internship_project/.venv/lib/python3.10/site-packages/airflow/example_dags/example_skip_dag.py
[2024-06-24T14:07:10.948+0300] {logging_mixin.py:188} INFO - [2024-06-24T14:07:10.948+0300] {dag.py:3096} INFO - Sync 1 DAGs
[2024-06-24T14:07:10.964+0300] {logging_mixin.py:188} INFO - [2024-06-24T14:07:10.964+0300] {dag.py:3954} INFO - Setting next_dagrun for example_skip_dag to 2024-06-23 00:00:00+00:00, run_after=2024-06-24 00:00:00+00:00
[2024-06-24T14:07:10.999+0300] {processor.py:183} INFO - Processing /home/user/rubix/internship_project/.venv/lib/python3.10/site-packages/airflow/example_dags/example_skip_dag.py took 0.088 seconds
[2024-06-24T14:08:03.765+0300] {processor.py:161} INFO - Started process (PID=24594) to work on /home/user/rubix/internship_project/.venv/lib/python3.10/site-packages/airflow/example_dags/example_skip_dag.py
[2024-06-24T14:08:03.766+0300] {processor.py:830} INFO - Processing file /home/user/rubix/internship_project/.venv/lib/python3.10/site-packages/airflow/example_dags/example_skip_dag.py for tasks to queue
[2024-06-24T14:08:03.768+0300] {logging_mixin.py:188} INFO - [2024-06-24T14:08:03.768+0300] {dagbag.py:545} INFO - Filling up the DagBag from /home/user/rubix/internship_project/.venv/lib/python3.10/site-packages/airflow/example_dags/example_skip_dag.py
[2024-06-24T14:08:03.775+0300] {processor.py:840} INFO - DAG(s) 'example_skip_dag' retrieved from /home/user/rubix/internship_project/.venv/lib/python3.10/site-packages/airflow/example_dags/example_skip_dag.py
[2024-06-24T14:08:03.794+0300] {logging_mixin.py:188} INFO - [2024-06-24T14:08:03.794+0300] {dag.py:3096} INFO - Sync 1 DAGs
[2024-06-24T14:08:03.814+0300] {logging_mixin.py:188} INFO - [2024-06-24T14:08:03.814+0300] {dag.py:3954} INFO - Setting next_dagrun for example_skip_dag to 2024-06-23 00:00:00+00:00, run_after=2024-06-24 00:00:00+00:00
[2024-06-24T14:08:03.838+0300] {processor.py:183} INFO - Processing /home/user/rubix/internship_project/.venv/lib/python3.10/site-packages/airflow/example_dags/example_skip_dag.py took 0.081 seconds
[2024-06-24T14:08:51.456+0300] {processor.py:161} INFO - Started process (PID=24840) to work on /home/user/rubix/internship_project/.venv/lib/python3.10/site-packages/airflow/example_dags/example_skip_dag.py
[2024-06-24T14:08:51.458+0300] {processor.py:830} INFO - Processing file /home/user/rubix/internship_project/.venv/lib/python3.10/site-packages/airflow/example_dags/example_skip_dag.py for tasks to queue
[2024-06-24T14:08:51.460+0300] {logging_mixin.py:188} INFO - [2024-06-24T14:08:51.459+0300] {dagbag.py:545} INFO - Filling up the DagBag from /home/user/rubix/internship_project/.venv/lib/python3.10/site-packages/airflow/example_dags/example_skip_dag.py
[2024-06-24T14:08:51.469+0300] {processor.py:840} INFO - DAG(s) 'example_skip_dag' retrieved from /home/user/rubix/internship_project/.venv/lib/python3.10/site-packages/airflow/example_dags/example_skip_dag.py
[2024-06-24T14:08:51.488+0300] {logging_mixin.py:188} INFO - [2024-06-24T14:08:51.488+0300] {dag.py:3096} INFO - Sync 1 DAGs
[2024-06-24T14:08:51.505+0300] {logging_mixin.py:188} INFO - [2024-06-24T14:08:51.505+0300] {dag.py:3954} INFO - Setting next_dagrun for example_skip_dag to 2024-06-23 00:00:00+00:00, run_after=2024-06-24 00:00:00+00:00
[2024-06-24T14:08:51.535+0300] {processor.py:183} INFO - Processing /home/user/rubix/internship_project/.venv/lib/python3.10/site-packages/airflow/example_dags/example_skip_dag.py took 0.087 seconds
[2024-06-24T14:09:38.907+0300] {processor.py:161} INFO - Started process (PID=25138) to work on /home/user/rubix/internship_project/.venv/lib/python3.10/site-packages/airflow/example_dags/example_skip_dag.py
[2024-06-24T14:09:38.908+0300] {processor.py:830} INFO - Processing file /home/user/rubix/internship_project/.venv/lib/python3.10/site-packages/airflow/example_dags/example_skip_dag.py for tasks to queue
[2024-06-24T14:09:38.910+0300] {logging_mixin.py:188} INFO - [2024-06-24T14:09:38.909+0300] {dagbag.py:545} INFO - Filling up the DagBag from /home/user/rubix/internship_project/.venv/lib/python3.10/site-packages/airflow/example_dags/example_skip_dag.py
[2024-06-24T14:09:38.918+0300] {processor.py:840} INFO - DAG(s) 'example_skip_dag' retrieved from /home/user/rubix/internship_project/.venv/lib/python3.10/site-packages/airflow/example_dags/example_skip_dag.py
[2024-06-24T14:09:38.936+0300] {logging_mixin.py:188} INFO - [2024-06-24T14:09:38.935+0300] {dag.py:3096} INFO - Sync 1 DAGs
[2024-06-24T14:09:38.952+0300] {logging_mixin.py:188} INFO - [2024-06-24T14:09:38.952+0300] {dag.py:3954} INFO - Setting next_dagrun for example_skip_dag to 2024-06-23 00:00:00+00:00, run_after=2024-06-24 00:00:00+00:00
[2024-06-24T14:09:38.985+0300] {processor.py:183} INFO - Processing /home/user/rubix/internship_project/.venv/lib/python3.10/site-packages/airflow/example_dags/example_skip_dag.py took 0.086 seconds
[2024-06-24T14:10:24.908+0300] {processor.py:161} INFO - Started process (PID=25459) to work on /home/user/rubix/internship_project/.venv/lib/python3.10/site-packages/airflow/example_dags/example_skip_dag.py
[2024-06-24T14:10:24.910+0300] {processor.py:830} INFO - Processing file /home/user/rubix/internship_project/.venv/lib/python3.10/site-packages/airflow/example_dags/example_skip_dag.py for tasks to queue
[2024-06-24T14:10:24.912+0300] {logging_mixin.py:188} INFO - [2024-06-24T14:10:24.911+0300] {dagbag.py:545} INFO - Filling up the DagBag from /home/user/rubix/internship_project/.venv/lib/python3.10/site-packages/airflow/example_dags/example_skip_dag.py
[2024-06-24T14:10:24.921+0300] {processor.py:840} INFO - DAG(s) 'example_skip_dag' retrieved from /home/user/rubix/internship_project/.venv/lib/python3.10/site-packages/airflow/example_dags/example_skip_dag.py
[2024-06-24T14:10:24.946+0300] {logging_mixin.py:188} INFO - [2024-06-24T14:10:24.946+0300] {dag.py:3096} INFO - Sync 1 DAGs
[2024-06-24T14:10:24.969+0300] {logging_mixin.py:188} INFO - [2024-06-24T14:10:24.969+0300] {dag.py:3954} INFO - Setting next_dagrun for example_skip_dag to 2024-06-23 00:00:00+00:00, run_after=2024-06-24 00:00:00+00:00
[2024-06-24T14:10:25.004+0300] {processor.py:183} INFO - Processing /home/user/rubix/internship_project/.venv/lib/python3.10/site-packages/airflow/example_dags/example_skip_dag.py took 0.108 seconds
[2024-06-24T14:11:08.935+0300] {processor.py:161} INFO - Started process (PID=25770) to work on /home/user/rubix/internship_project/.venv/lib/python3.10/site-packages/airflow/example_dags/example_skip_dag.py
[2024-06-24T14:11:08.936+0300] {processor.py:830} INFO - Processing file /home/user/rubix/internship_project/.venv/lib/python3.10/site-packages/airflow/example_dags/example_skip_dag.py for tasks to queue
[2024-06-24T14:11:08.937+0300] {logging_mixin.py:188} INFO - [2024-06-24T14:11:08.937+0300] {dagbag.py:545} INFO - Filling up the DagBag from /home/user/rubix/internship_project/.venv/lib/python3.10/site-packages/airflow/example_dags/example_skip_dag.py
[2024-06-24T14:11:08.945+0300] {processor.py:840} INFO - DAG(s) 'example_skip_dag' retrieved from /home/user/rubix/internship_project/.venv/lib/python3.10/site-packages/airflow/example_dags/example_skip_dag.py
[2024-06-24T14:11:08.962+0300] {logging_mixin.py:188} INFO - [2024-06-24T14:11:08.962+0300] {dag.py:3096} INFO - Sync 1 DAGs
[2024-06-24T14:11:08.976+0300] {logging_mixin.py:188} INFO - [2024-06-24T14:11:08.976+0300] {dag.py:3954} INFO - Setting next_dagrun for example_skip_dag to 2024-06-23 00:00:00+00:00, run_after=2024-06-24 00:00:00+00:00
[2024-06-24T14:11:09.005+0300] {processor.py:183} INFO - Processing /home/user/rubix/internship_project/.venv/lib/python3.10/site-packages/airflow/example_dags/example_skip_dag.py took 0.078 seconds
[2024-06-24T14:11:54.139+0300] {processor.py:161} INFO - Started process (PID=25992) to work on /home/user/rubix/internship_project/.venv/lib/python3.10/site-packages/airflow/example_dags/example_skip_dag.py
[2024-06-24T14:11:54.140+0300] {processor.py:830} INFO - Processing file /home/user/rubix/internship_project/.venv/lib/python3.10/site-packages/airflow/example_dags/example_skip_dag.py for tasks to queue
[2024-06-24T14:11:54.142+0300] {logging_mixin.py:188} INFO - [2024-06-24T14:11:54.142+0300] {dagbag.py:545} INFO - Filling up the DagBag from /home/user/rubix/internship_project/.venv/lib/python3.10/site-packages/airflow/example_dags/example_skip_dag.py
[2024-06-24T14:11:54.150+0300] {processor.py:840} INFO - DAG(s) 'example_skip_dag' retrieved from /home/user/rubix/internship_project/.venv/lib/python3.10/site-packages/airflow/example_dags/example_skip_dag.py
[2024-06-24T14:11:54.167+0300] {logging_mixin.py:188} INFO - [2024-06-24T14:11:54.167+0300] {dag.py:3096} INFO - Sync 1 DAGs
[2024-06-24T14:11:54.182+0300] {logging_mixin.py:188} INFO - [2024-06-24T14:11:54.182+0300] {dag.py:3954} INFO - Setting next_dagrun for example_skip_dag to 2024-06-23 00:00:00+00:00, run_after=2024-06-24 00:00:00+00:00
[2024-06-24T14:11:54.211+0300] {processor.py:183} INFO - Processing /home/user/rubix/internship_project/.venv/lib/python3.10/site-packages/airflow/example_dags/example_skip_dag.py took 0.079 seconds
[2024-06-24T14:12:35.472+0300] {processor.py:161} INFO - Started process (PID=26144) to work on /home/user/rubix/internship_project/.venv/lib/python3.10/site-packages/airflow/example_dags/example_skip_dag.py
[2024-06-24T14:12:35.473+0300] {processor.py:830} INFO - Processing file /home/user/rubix/internship_project/.venv/lib/python3.10/site-packages/airflow/example_dags/example_skip_dag.py for tasks to queue
[2024-06-24T14:12:35.475+0300] {logging_mixin.py:188} INFO - [2024-06-24T14:12:35.474+0300] {dagbag.py:545} INFO - Filling up the DagBag from /home/user/rubix/internship_project/.venv/lib/python3.10/site-packages/airflow/example_dags/example_skip_dag.py
[2024-06-24T14:12:35.495+0300] {processor.py:840} INFO - DAG(s) 'example_skip_dag' retrieved from /home/user/rubix/internship_project/.venv/lib/python3.10/site-packages/airflow/example_dags/example_skip_dag.py
[2024-06-24T14:12:35.513+0300] {logging_mixin.py:188} INFO - [2024-06-24T14:12:35.513+0300] {dag.py:3096} INFO - Sync 1 DAGs
[2024-06-24T14:12:35.528+0300] {logging_mixin.py:188} INFO - [2024-06-24T14:12:35.528+0300] {dag.py:3954} INFO - Setting next_dagrun for example_skip_dag to 2024-06-23 00:00:00+00:00, run_after=2024-06-24 00:00:00+00:00
[2024-06-24T14:12:35.557+0300] {processor.py:183} INFO - Processing /home/user/rubix/internship_project/.venv/lib/python3.10/site-packages/airflow/example_dags/example_skip_dag.py took 0.092 seconds
[2024-06-24T14:13:27.791+0300] {processor.py:161} INFO - Started process (PID=26307) to work on /home/user/rubix/internship_project/.venv/lib/python3.10/site-packages/airflow/example_dags/example_skip_dag.py
[2024-06-24T14:13:27.792+0300] {processor.py:830} INFO - Processing file /home/user/rubix/internship_project/.venv/lib/python3.10/site-packages/airflow/example_dags/example_skip_dag.py for tasks to queue
[2024-06-24T14:13:27.794+0300] {logging_mixin.py:188} INFO - [2024-06-24T14:13:27.793+0300] {dagbag.py:545} INFO - Filling up the DagBag from /home/user/rubix/internship_project/.venv/lib/python3.10/site-packages/airflow/example_dags/example_skip_dag.py
[2024-06-24T14:13:27.801+0300] {processor.py:840} INFO - DAG(s) 'example_skip_dag' retrieved from /home/user/rubix/internship_project/.venv/lib/python3.10/site-packages/airflow/example_dags/example_skip_dag.py
[2024-06-24T14:13:27.820+0300] {logging_mixin.py:188} INFO - [2024-06-24T14:13:27.820+0300] {dag.py:3096} INFO - Sync 1 DAGs
[2024-06-24T14:13:27.837+0300] {logging_mixin.py:188} INFO - [2024-06-24T14:13:27.836+0300] {dag.py:3954} INFO - Setting next_dagrun for example_skip_dag to 2024-06-23 00:00:00+00:00, run_after=2024-06-24 00:00:00+00:00
[2024-06-24T14:13:27.866+0300] {processor.py:183} INFO - Processing /home/user/rubix/internship_project/.venv/lib/python3.10/site-packages/airflow/example_dags/example_skip_dag.py took 0.083 seconds
[2024-06-24T14:14:19.160+0300] {processor.py:161} INFO - Started process (PID=26651) to work on /home/user/rubix/internship_project/.venv/lib/python3.10/site-packages/airflow/example_dags/example_skip_dag.py
[2024-06-24T14:14:19.161+0300] {processor.py:830} INFO - Processing file /home/user/rubix/internship_project/.venv/lib/python3.10/site-packages/airflow/example_dags/example_skip_dag.py for tasks to queue
[2024-06-24T14:14:19.163+0300] {logging_mixin.py:188} INFO - [2024-06-24T14:14:19.162+0300] {dagbag.py:545} INFO - Filling up the DagBag from /home/user/rubix/internship_project/.venv/lib/python3.10/site-packages/airflow/example_dags/example_skip_dag.py
[2024-06-24T14:14:19.171+0300] {processor.py:840} INFO - DAG(s) 'example_skip_dag' retrieved from /home/user/rubix/internship_project/.venv/lib/python3.10/site-packages/airflow/example_dags/example_skip_dag.py
[2024-06-24T14:14:19.191+0300] {logging_mixin.py:188} INFO - [2024-06-24T14:14:19.191+0300] {dag.py:3096} INFO - Sync 1 DAGs
[2024-06-24T14:14:19.210+0300] {logging_mixin.py:188} INFO - [2024-06-24T14:14:19.209+0300] {dag.py:3954} INFO - Setting next_dagrun for example_skip_dag to 2024-06-23 00:00:00+00:00, run_after=2024-06-24 00:00:00+00:00
[2024-06-24T14:14:19.239+0300] {processor.py:183} INFO - Processing /home/user/rubix/internship_project/.venv/lib/python3.10/site-packages/airflow/example_dags/example_skip_dag.py took 0.088 seconds
[2024-06-24T14:15:01.937+0300] {processor.py:161} INFO - Started process (PID=26839) to work on /home/user/rubix/internship_project/.venv/lib/python3.10/site-packages/airflow/example_dags/example_skip_dag.py
[2024-06-24T14:15:01.938+0300] {processor.py:830} INFO - Processing file /home/user/rubix/internship_project/.venv/lib/python3.10/site-packages/airflow/example_dags/example_skip_dag.py for tasks to queue
[2024-06-24T14:15:01.941+0300] {logging_mixin.py:188} INFO - [2024-06-24T14:15:01.941+0300] {dagbag.py:545} INFO - Filling up the DagBag from /home/user/rubix/internship_project/.venv/lib/python3.10/site-packages/airflow/example_dags/example_skip_dag.py
[2024-06-24T14:15:01.950+0300] {processor.py:840} INFO - DAG(s) 'example_skip_dag' retrieved from /home/user/rubix/internship_project/.venv/lib/python3.10/site-packages/airflow/example_dags/example_skip_dag.py
[2024-06-24T14:15:01.969+0300] {logging_mixin.py:188} INFO - [2024-06-24T14:15:01.969+0300] {dag.py:3096} INFO - Sync 1 DAGs
[2024-06-24T14:15:01.985+0300] {logging_mixin.py:188} INFO - [2024-06-24T14:15:01.985+0300] {dag.py:3954} INFO - Setting next_dagrun for example_skip_dag to 2024-06-23 00:00:00+00:00, run_after=2024-06-24 00:00:00+00:00
[2024-06-24T14:15:02.014+0300] {processor.py:183} INFO - Processing /home/user/rubix/internship_project/.venv/lib/python3.10/site-packages/airflow/example_dags/example_skip_dag.py took 0.085 seconds
[2024-06-24T14:15:44.814+0300] {processor.py:161} INFO - Started process (PID=26928) to work on /home/user/rubix/internship_project/.venv/lib/python3.10/site-packages/airflow/example_dags/example_skip_dag.py
[2024-06-24T14:15:44.815+0300] {processor.py:830} INFO - Processing file /home/user/rubix/internship_project/.venv/lib/python3.10/site-packages/airflow/example_dags/example_skip_dag.py for tasks to queue
[2024-06-24T14:15:44.818+0300] {logging_mixin.py:188} INFO - [2024-06-24T14:15:44.817+0300] {dagbag.py:545} INFO - Filling up the DagBag from /home/user/rubix/internship_project/.venv/lib/python3.10/site-packages/airflow/example_dags/example_skip_dag.py
[2024-06-24T14:15:44.827+0300] {processor.py:840} INFO - DAG(s) 'example_skip_dag' retrieved from /home/user/rubix/internship_project/.venv/lib/python3.10/site-packages/airflow/example_dags/example_skip_dag.py
[2024-06-24T14:15:44.852+0300] {logging_mixin.py:188} INFO - [2024-06-24T14:15:44.852+0300] {dag.py:3096} INFO - Sync 1 DAGs
[2024-06-24T14:15:44.874+0300] {logging_mixin.py:188} INFO - [2024-06-24T14:15:44.874+0300] {dag.py:3954} INFO - Setting next_dagrun for example_skip_dag to 2024-06-23 00:00:00+00:00, run_after=2024-06-24 00:00:00+00:00
[2024-06-24T14:15:44.905+0300] {processor.py:183} INFO - Processing /home/user/rubix/internship_project/.venv/lib/python3.10/site-packages/airflow/example_dags/example_skip_dag.py took 0.100 seconds
[2024-06-24T14:16:25.126+0300] {processor.py:161} INFO - Started process (PID=27079) to work on /home/user/rubix/internship_project/.venv/lib/python3.10/site-packages/airflow/example_dags/example_skip_dag.py
[2024-06-24T14:16:25.127+0300] {processor.py:830} INFO - Processing file /home/user/rubix/internship_project/.venv/lib/python3.10/site-packages/airflow/example_dags/example_skip_dag.py for tasks to queue
[2024-06-24T14:16:25.129+0300] {logging_mixin.py:188} INFO - [2024-06-24T14:16:25.128+0300] {dagbag.py:545} INFO - Filling up the DagBag from /home/user/rubix/internship_project/.venv/lib/python3.10/site-packages/airflow/example_dags/example_skip_dag.py
[2024-06-24T14:16:25.136+0300] {processor.py:840} INFO - DAG(s) 'example_skip_dag' retrieved from /home/user/rubix/internship_project/.venv/lib/python3.10/site-packages/airflow/example_dags/example_skip_dag.py
[2024-06-24T14:16:25.153+0300] {logging_mixin.py:188} INFO - [2024-06-24T14:16:25.153+0300] {dag.py:3096} INFO - Sync 1 DAGs
[2024-06-24T14:16:25.169+0300] {logging_mixin.py:188} INFO - [2024-06-24T14:16:25.168+0300] {dag.py:3954} INFO - Setting next_dagrun for example_skip_dag to 2024-06-23 00:00:00+00:00, run_after=2024-06-24 00:00:00+00:00
[2024-06-24T14:16:25.199+0300] {processor.py:183} INFO - Processing /home/user/rubix/internship_project/.venv/lib/python3.10/site-packages/airflow/example_dags/example_skip_dag.py took 0.081 seconds
[2024-06-24T14:17:05.216+0300] {processor.py:161} INFO - Started process (PID=27227) to work on /home/user/rubix/internship_project/.venv/lib/python3.10/site-packages/airflow/example_dags/example_skip_dag.py
[2024-06-24T14:17:05.217+0300] {processor.py:830} INFO - Processing file /home/user/rubix/internship_project/.venv/lib/python3.10/site-packages/airflow/example_dags/example_skip_dag.py for tasks to queue
[2024-06-24T14:17:05.219+0300] {logging_mixin.py:188} INFO - [2024-06-24T14:17:05.219+0300] {dagbag.py:545} INFO - Filling up the DagBag from /home/user/rubix/internship_project/.venv/lib/python3.10/site-packages/airflow/example_dags/example_skip_dag.py
[2024-06-24T14:17:05.227+0300] {processor.py:840} INFO - DAG(s) 'example_skip_dag' retrieved from /home/user/rubix/internship_project/.venv/lib/python3.10/site-packages/airflow/example_dags/example_skip_dag.py
[2024-06-24T14:17:05.245+0300] {logging_mixin.py:188} INFO - [2024-06-24T14:17:05.245+0300] {dag.py:3096} INFO - Sync 1 DAGs
[2024-06-24T14:17:05.262+0300] {logging_mixin.py:188} INFO - [2024-06-24T14:17:05.261+0300] {dag.py:3954} INFO - Setting next_dagrun for example_skip_dag to 2024-06-23 00:00:00+00:00, run_after=2024-06-24 00:00:00+00:00
[2024-06-24T14:17:05.292+0300] {processor.py:183} INFO - Processing /home/user/rubix/internship_project/.venv/lib/python3.10/site-packages/airflow/example_dags/example_skip_dag.py took 0.084 seconds
[2024-06-24T14:17:46.373+0300] {processor.py:161} INFO - Started process (PID=27314) to work on /home/user/rubix/internship_project/.venv/lib/python3.10/site-packages/airflow/example_dags/example_skip_dag.py
[2024-06-24T14:17:46.374+0300] {processor.py:830} INFO - Processing file /home/user/rubix/internship_project/.venv/lib/python3.10/site-packages/airflow/example_dags/example_skip_dag.py for tasks to queue
[2024-06-24T14:17:46.375+0300] {logging_mixin.py:188} INFO - [2024-06-24T14:17:46.375+0300] {dagbag.py:545} INFO - Filling up the DagBag from /home/user/rubix/internship_project/.venv/lib/python3.10/site-packages/airflow/example_dags/example_skip_dag.py
[2024-06-24T14:17:46.383+0300] {processor.py:840} INFO - DAG(s) 'example_skip_dag' retrieved from /home/user/rubix/internship_project/.venv/lib/python3.10/site-packages/airflow/example_dags/example_skip_dag.py
[2024-06-24T14:17:46.399+0300] {logging_mixin.py:188} INFO - [2024-06-24T14:17:46.399+0300] {dag.py:3096} INFO - Sync 1 DAGs
[2024-06-24T14:17:46.415+0300] {logging_mixin.py:188} INFO - [2024-06-24T14:17:46.414+0300] {dag.py:3954} INFO - Setting next_dagrun for example_skip_dag to 2024-06-23 00:00:00+00:00, run_after=2024-06-24 00:00:00+00:00
[2024-06-24T14:17:46.446+0300] {processor.py:183} INFO - Processing /home/user/rubix/internship_project/.venv/lib/python3.10/site-packages/airflow/example_dags/example_skip_dag.py took 0.081 seconds
[2024-06-24T14:18:38.168+0300] {processor.py:161} INFO - Started process (PID=27478) to work on /home/user/rubix/internship_project/.venv/lib/python3.10/site-packages/airflow/example_dags/example_skip_dag.py
[2024-06-24T14:18:38.169+0300] {processor.py:830} INFO - Processing file /home/user/rubix/internship_project/.venv/lib/python3.10/site-packages/airflow/example_dags/example_skip_dag.py for tasks to queue
[2024-06-24T14:18:38.171+0300] {logging_mixin.py:188} INFO - [2024-06-24T14:18:38.171+0300] {dagbag.py:545} INFO - Filling up the DagBag from /home/user/rubix/internship_project/.venv/lib/python3.10/site-packages/airflow/example_dags/example_skip_dag.py
[2024-06-24T14:18:38.192+0300] {processor.py:840} INFO - DAG(s) 'example_skip_dag' retrieved from /home/user/rubix/internship_project/.venv/lib/python3.10/site-packages/airflow/example_dags/example_skip_dag.py
[2024-06-24T14:18:38.213+0300] {logging_mixin.py:188} INFO - [2024-06-24T14:18:38.213+0300] {dag.py:3096} INFO - Sync 1 DAGs
[2024-06-24T14:18:38.232+0300] {logging_mixin.py:188} INFO - [2024-06-24T14:18:38.231+0300] {dag.py:3954} INFO - Setting next_dagrun for example_skip_dag to 2024-06-23 00:00:00+00:00, run_after=2024-06-24 00:00:00+00:00
[2024-06-24T14:18:38.263+0300] {processor.py:183} INFO - Processing /home/user/rubix/internship_project/.venv/lib/python3.10/site-packages/airflow/example_dags/example_skip_dag.py took 0.104 seconds
[2024-06-24T14:19:29.299+0300] {processor.py:161} INFO - Started process (PID=27707) to work on /home/user/rubix/internship_project/.venv/lib/python3.10/site-packages/airflow/example_dags/example_skip_dag.py
[2024-06-24T14:19:29.300+0300] {processor.py:830} INFO - Processing file /home/user/rubix/internship_project/.venv/lib/python3.10/site-packages/airflow/example_dags/example_skip_dag.py for tasks to queue
[2024-06-24T14:19:29.303+0300] {logging_mixin.py:188} INFO - [2024-06-24T14:19:29.302+0300] {dagbag.py:545} INFO - Filling up the DagBag from /home/user/rubix/internship_project/.venv/lib/python3.10/site-packages/airflow/example_dags/example_skip_dag.py
[2024-06-24T14:19:29.314+0300] {processor.py:840} INFO - DAG(s) 'example_skip_dag' retrieved from /home/user/rubix/internship_project/.venv/lib/python3.10/site-packages/airflow/example_dags/example_skip_dag.py
[2024-06-24T14:19:29.336+0300] {logging_mixin.py:188} INFO - [2024-06-24T14:19:29.336+0300] {dag.py:3096} INFO - Sync 1 DAGs
[2024-06-24T14:19:29.357+0300] {logging_mixin.py:188} INFO - [2024-06-24T14:19:29.357+0300] {dag.py:3954} INFO - Setting next_dagrun for example_skip_dag to 2024-06-23 00:00:00+00:00, run_after=2024-06-24 00:00:00+00:00
[2024-06-24T14:19:29.387+0300] {processor.py:183} INFO - Processing /home/user/rubix/internship_project/.venv/lib/python3.10/site-packages/airflow/example_dags/example_skip_dag.py took 0.099 seconds
[2024-06-24T14:20:09.765+0300] {processor.py:161} INFO - Started process (PID=28040) to work on /home/user/rubix/internship_project/.venv/lib/python3.10/site-packages/airflow/example_dags/example_skip_dag.py
[2024-06-24T14:20:09.766+0300] {processor.py:830} INFO - Processing file /home/user/rubix/internship_project/.venv/lib/python3.10/site-packages/airflow/example_dags/example_skip_dag.py for tasks to queue
[2024-06-24T14:20:09.768+0300] {logging_mixin.py:188} INFO - [2024-06-24T14:20:09.767+0300] {dagbag.py:545} INFO - Filling up the DagBag from /home/user/rubix/internship_project/.venv/lib/python3.10/site-packages/airflow/example_dags/example_skip_dag.py
[2024-06-24T14:20:09.778+0300] {processor.py:840} INFO - DAG(s) 'example_skip_dag' retrieved from /home/user/rubix/internship_project/.venv/lib/python3.10/site-packages/airflow/example_dags/example_skip_dag.py
[2024-06-24T14:20:09.797+0300] {logging_mixin.py:188} INFO - [2024-06-24T14:20:09.796+0300] {dag.py:3096} INFO - Sync 1 DAGs
[2024-06-24T14:20:09.813+0300] {logging_mixin.py:188} INFO - [2024-06-24T14:20:09.813+0300] {dag.py:3954} INFO - Setting next_dagrun for example_skip_dag to 2024-06-23 00:00:00+00:00, run_after=2024-06-24 00:00:00+00:00
[2024-06-24T14:20:09.844+0300] {processor.py:183} INFO - Processing /home/user/rubix/internship_project/.venv/lib/python3.10/site-packages/airflow/example_dags/example_skip_dag.py took 0.091 seconds
[2024-06-24T14:21:10.278+0300] {processor.py:161} INFO - Started process (PID=28422) to work on /home/user/rubix/internship_project/.venv/lib/python3.10/site-packages/airflow/example_dags/example_skip_dag.py
[2024-06-24T14:21:10.279+0300] {processor.py:830} INFO - Processing file /home/user/rubix/internship_project/.venv/lib/python3.10/site-packages/airflow/example_dags/example_skip_dag.py for tasks to queue
[2024-06-24T14:21:10.280+0300] {logging_mixin.py:188} INFO - [2024-06-24T14:21:10.280+0300] {dagbag.py:545} INFO - Filling up the DagBag from /home/user/rubix/internship_project/.venv/lib/python3.10/site-packages/airflow/example_dags/example_skip_dag.py
[2024-06-24T14:21:10.288+0300] {processor.py:840} INFO - DAG(s) 'example_skip_dag' retrieved from /home/user/rubix/internship_project/.venv/lib/python3.10/site-packages/airflow/example_dags/example_skip_dag.py
[2024-06-24T14:21:10.305+0300] {logging_mixin.py:188} INFO - [2024-06-24T14:21:10.305+0300] {dag.py:3096} INFO - Sync 1 DAGs
[2024-06-24T14:21:10.320+0300] {logging_mixin.py:188} INFO - [2024-06-24T14:21:10.320+0300] {dag.py:3954} INFO - Setting next_dagrun for example_skip_dag to 2024-06-23 00:00:00+00:00, run_after=2024-06-24 00:00:00+00:00
[2024-06-24T14:21:10.348+0300] {processor.py:183} INFO - Processing /home/user/rubix/internship_project/.venv/lib/python3.10/site-packages/airflow/example_dags/example_skip_dag.py took 0.078 seconds
[2024-06-24T14:21:52.377+0300] {processor.py:161} INFO - Started process (PID=28636) to work on /home/user/rubix/internship_project/.venv/lib/python3.10/site-packages/airflow/example_dags/example_skip_dag.py
[2024-06-24T14:21:52.378+0300] {processor.py:830} INFO - Processing file /home/user/rubix/internship_project/.venv/lib/python3.10/site-packages/airflow/example_dags/example_skip_dag.py for tasks to queue
[2024-06-24T14:21:52.380+0300] {logging_mixin.py:188} INFO - [2024-06-24T14:21:52.380+0300] {dagbag.py:545} INFO - Filling up the DagBag from /home/user/rubix/internship_project/.venv/lib/python3.10/site-packages/airflow/example_dags/example_skip_dag.py
[2024-06-24T14:21:52.388+0300] {processor.py:840} INFO - DAG(s) 'example_skip_dag' retrieved from /home/user/rubix/internship_project/.venv/lib/python3.10/site-packages/airflow/example_dags/example_skip_dag.py
[2024-06-24T14:21:52.407+0300] {logging_mixin.py:188} INFO - [2024-06-24T14:21:52.407+0300] {dag.py:3096} INFO - Sync 1 DAGs
[2024-06-24T14:21:52.423+0300] {logging_mixin.py:188} INFO - [2024-06-24T14:21:52.423+0300] {dag.py:3954} INFO - Setting next_dagrun for example_skip_dag to 2024-06-23 00:00:00+00:00, run_after=2024-06-24 00:00:00+00:00
[2024-06-24T14:21:52.455+0300] {processor.py:183} INFO - Processing /home/user/rubix/internship_project/.venv/lib/python3.10/site-packages/airflow/example_dags/example_skip_dag.py took 0.086 seconds
[2024-06-24T14:22:47.570+0300] {processor.py:161} INFO - Started process (PID=28815) to work on /home/user/rubix/internship_project/.venv/lib/python3.10/site-packages/airflow/example_dags/example_skip_dag.py
[2024-06-24T14:22:47.571+0300] {processor.py:830} INFO - Processing file /home/user/rubix/internship_project/.venv/lib/python3.10/site-packages/airflow/example_dags/example_skip_dag.py for tasks to queue
[2024-06-24T14:22:47.573+0300] {logging_mixin.py:188} INFO - [2024-06-24T14:22:47.573+0300] {dagbag.py:545} INFO - Filling up the DagBag from /home/user/rubix/internship_project/.venv/lib/python3.10/site-packages/airflow/example_dags/example_skip_dag.py
[2024-06-24T14:22:47.580+0300] {processor.py:840} INFO - DAG(s) 'example_skip_dag' retrieved from /home/user/rubix/internship_project/.venv/lib/python3.10/site-packages/airflow/example_dags/example_skip_dag.py
[2024-06-24T14:22:47.599+0300] {logging_mixin.py:188} INFO - [2024-06-24T14:22:47.599+0300] {dag.py:3096} INFO - Sync 1 DAGs
[2024-06-24T14:22:47.616+0300] {logging_mixin.py:188} INFO - [2024-06-24T14:22:47.616+0300] {dag.py:3954} INFO - Setting next_dagrun for example_skip_dag to 2024-06-23 00:00:00+00:00, run_after=2024-06-24 00:00:00+00:00
[2024-06-24T14:22:47.647+0300] {processor.py:183} INFO - Processing /home/user/rubix/internship_project/.venv/lib/python3.10/site-packages/airflow/example_dags/example_skip_dag.py took 0.085 seconds
[2024-06-24T14:23:31.742+0300] {processor.py:161} INFO - Started process (PID=29006) to work on /home/user/rubix/internship_project/.venv/lib/python3.10/site-packages/airflow/example_dags/example_skip_dag.py
[2024-06-24T14:23:31.743+0300] {processor.py:830} INFO - Processing file /home/user/rubix/internship_project/.venv/lib/python3.10/site-packages/airflow/example_dags/example_skip_dag.py for tasks to queue
[2024-06-24T14:23:31.745+0300] {logging_mixin.py:188} INFO - [2024-06-24T14:23:31.745+0300] {dagbag.py:545} INFO - Filling up the DagBag from /home/user/rubix/internship_project/.venv/lib/python3.10/site-packages/airflow/example_dags/example_skip_dag.py
[2024-06-24T14:23:31.752+0300] {processor.py:840} INFO - DAG(s) 'example_skip_dag' retrieved from /home/user/rubix/internship_project/.venv/lib/python3.10/site-packages/airflow/example_dags/example_skip_dag.py
[2024-06-24T14:23:31.769+0300] {logging_mixin.py:188} INFO - [2024-06-24T14:23:31.769+0300] {dag.py:3096} INFO - Sync 1 DAGs
[2024-06-24T14:23:31.784+0300] {logging_mixin.py:188} INFO - [2024-06-24T14:23:31.784+0300] {dag.py:3954} INFO - Setting next_dagrun for example_skip_dag to 2024-06-23 00:00:00+00:00, run_after=2024-06-24 00:00:00+00:00
[2024-06-24T14:23:31.813+0300] {processor.py:183} INFO - Processing /home/user/rubix/internship_project/.venv/lib/python3.10/site-packages/airflow/example_dags/example_skip_dag.py took 0.079 seconds
[2024-06-24T14:24:17.855+0300] {processor.py:161} INFO - Started process (PID=29225) to work on /home/user/rubix/internship_project/.venv/lib/python3.10/site-packages/airflow/example_dags/example_skip_dag.py
[2024-06-24T14:24:17.858+0300] {processor.py:830} INFO - Processing file /home/user/rubix/internship_project/.venv/lib/python3.10/site-packages/airflow/example_dags/example_skip_dag.py for tasks to queue
[2024-06-24T14:24:17.862+0300] {logging_mixin.py:188} INFO - [2024-06-24T14:24:17.862+0300] {dagbag.py:545} INFO - Filling up the DagBag from /home/user/rubix/internship_project/.venv/lib/python3.10/site-packages/airflow/example_dags/example_skip_dag.py
[2024-06-24T14:24:17.870+0300] {processor.py:840} INFO - DAG(s) 'example_skip_dag' retrieved from /home/user/rubix/internship_project/.venv/lib/python3.10/site-packages/airflow/example_dags/example_skip_dag.py
[2024-06-24T14:24:17.897+0300] {logging_mixin.py:188} INFO - [2024-06-24T14:24:17.897+0300] {dag.py:3096} INFO - Sync 1 DAGs
[2024-06-24T14:24:17.928+0300] {logging_mixin.py:188} INFO - [2024-06-24T14:24:17.928+0300] {dag.py:3954} INFO - Setting next_dagrun for example_skip_dag to 2024-06-23 00:00:00+00:00, run_after=2024-06-24 00:00:00+00:00
[2024-06-24T14:24:17.982+0300] {processor.py:183} INFO - Processing /home/user/rubix/internship_project/.venv/lib/python3.10/site-packages/airflow/example_dags/example_skip_dag.py took 0.135 seconds
[2024-06-24T14:25:03.790+0300] {processor.py:161} INFO - Started process (PID=29479) to work on /home/user/rubix/internship_project/.venv/lib/python3.10/site-packages/airflow/example_dags/example_skip_dag.py
[2024-06-24T14:25:03.791+0300] {processor.py:830} INFO - Processing file /home/user/rubix/internship_project/.venv/lib/python3.10/site-packages/airflow/example_dags/example_skip_dag.py for tasks to queue
[2024-06-24T14:25:03.792+0300] {logging_mixin.py:188} INFO - [2024-06-24T14:25:03.792+0300] {dagbag.py:545} INFO - Filling up the DagBag from /home/user/rubix/internship_project/.venv/lib/python3.10/site-packages/airflow/example_dags/example_skip_dag.py
[2024-06-24T14:25:03.800+0300] {processor.py:840} INFO - DAG(s) 'example_skip_dag' retrieved from /home/user/rubix/internship_project/.venv/lib/python3.10/site-packages/airflow/example_dags/example_skip_dag.py
[2024-06-24T14:25:03.817+0300] {logging_mixin.py:188} INFO - [2024-06-24T14:25:03.817+0300] {dag.py:3096} INFO - Sync 1 DAGs
[2024-06-24T14:25:03.832+0300] {logging_mixin.py:188} INFO - [2024-06-24T14:25:03.832+0300] {dag.py:3954} INFO - Setting next_dagrun for example_skip_dag to 2024-06-23 00:00:00+00:00, run_after=2024-06-24 00:00:00+00:00
[2024-06-24T14:25:03.862+0300] {processor.py:183} INFO - Processing /home/user/rubix/internship_project/.venv/lib/python3.10/site-packages/airflow/example_dags/example_skip_dag.py took 0.080 seconds
[2024-06-24T14:25:45.574+0300] {processor.py:161} INFO - Started process (PID=29606) to work on /home/user/rubix/internship_project/.venv/lib/python3.10/site-packages/airflow/example_dags/example_skip_dag.py
[2024-06-24T14:25:45.575+0300] {processor.py:830} INFO - Processing file /home/user/rubix/internship_project/.venv/lib/python3.10/site-packages/airflow/example_dags/example_skip_dag.py for tasks to queue
[2024-06-24T14:25:45.577+0300] {logging_mixin.py:188} INFO - [2024-06-24T14:25:45.577+0300] {dagbag.py:545} INFO - Filling up the DagBag from /home/user/rubix/internship_project/.venv/lib/python3.10/site-packages/airflow/example_dags/example_skip_dag.py
[2024-06-24T14:25:45.584+0300] {processor.py:840} INFO - DAG(s) 'example_skip_dag' retrieved from /home/user/rubix/internship_project/.venv/lib/python3.10/site-packages/airflow/example_dags/example_skip_dag.py
[2024-06-24T14:25:45.602+0300] {logging_mixin.py:188} INFO - [2024-06-24T14:25:45.601+0300] {dag.py:3096} INFO - Sync 1 DAGs
[2024-06-24T14:25:45.617+0300] {logging_mixin.py:188} INFO - [2024-06-24T14:25:45.617+0300] {dag.py:3954} INFO - Setting next_dagrun for example_skip_dag to 2024-06-23 00:00:00+00:00, run_after=2024-06-24 00:00:00+00:00
[2024-06-24T14:25:45.647+0300] {processor.py:183} INFO - Processing /home/user/rubix/internship_project/.venv/lib/python3.10/site-packages/airflow/example_dags/example_skip_dag.py took 0.081 seconds
[2024-06-24T14:26:25.524+0300] {processor.py:161} INFO - Started process (PID=29777) to work on /home/user/rubix/internship_project/.venv/lib/python3.10/site-packages/airflow/example_dags/example_skip_dag.py
[2024-06-24T14:26:25.525+0300] {processor.py:830} INFO - Processing file /home/user/rubix/internship_project/.venv/lib/python3.10/site-packages/airflow/example_dags/example_skip_dag.py for tasks to queue
[2024-06-24T14:26:25.527+0300] {logging_mixin.py:188} INFO - [2024-06-24T14:26:25.527+0300] {dagbag.py:545} INFO - Filling up the DagBag from /home/user/rubix/internship_project/.venv/lib/python3.10/site-packages/airflow/example_dags/example_skip_dag.py
[2024-06-24T14:26:25.534+0300] {processor.py:840} INFO - DAG(s) 'example_skip_dag' retrieved from /home/user/rubix/internship_project/.venv/lib/python3.10/site-packages/airflow/example_dags/example_skip_dag.py
[2024-06-24T14:26:25.552+0300] {logging_mixin.py:188} INFO - [2024-06-24T14:26:25.551+0300] {dag.py:3096} INFO - Sync 1 DAGs
[2024-06-24T14:26:25.567+0300] {logging_mixin.py:188} INFO - [2024-06-24T14:26:25.567+0300] {dag.py:3954} INFO - Setting next_dagrun for example_skip_dag to 2024-06-23 00:00:00+00:00, run_after=2024-06-24 00:00:00+00:00
[2024-06-24T14:26:25.596+0300] {processor.py:183} INFO - Processing /home/user/rubix/internship_project/.venv/lib/python3.10/site-packages/airflow/example_dags/example_skip_dag.py took 0.080 seconds
[2024-06-24T14:27:08.692+0300] {processor.py:161} INFO - Started process (PID=30137) to work on /home/user/rubix/internship_project/.venv/lib/python3.10/site-packages/airflow/example_dags/example_skip_dag.py
[2024-06-24T14:27:08.693+0300] {processor.py:830} INFO - Processing file /home/user/rubix/internship_project/.venv/lib/python3.10/site-packages/airflow/example_dags/example_skip_dag.py for tasks to queue
[2024-06-24T14:27:08.695+0300] {logging_mixin.py:188} INFO - [2024-06-24T14:27:08.695+0300] {dagbag.py:545} INFO - Filling up the DagBag from /home/user/rubix/internship_project/.venv/lib/python3.10/site-packages/airflow/example_dags/example_skip_dag.py
[2024-06-24T14:27:08.703+0300] {processor.py:840} INFO - DAG(s) 'example_skip_dag' retrieved from /home/user/rubix/internship_project/.venv/lib/python3.10/site-packages/airflow/example_dags/example_skip_dag.py
[2024-06-24T14:27:08.722+0300] {logging_mixin.py:188} INFO - [2024-06-24T14:27:08.721+0300] {dag.py:3096} INFO - Sync 1 DAGs
[2024-06-24T14:27:08.738+0300] {logging_mixin.py:188} INFO - [2024-06-24T14:27:08.738+0300] {dag.py:3954} INFO - Setting next_dagrun for example_skip_dag to 2024-06-23 00:00:00+00:00, run_after=2024-06-24 00:00:00+00:00
[2024-06-24T14:27:08.766+0300] {processor.py:183} INFO - Processing /home/user/rubix/internship_project/.venv/lib/python3.10/site-packages/airflow/example_dags/example_skip_dag.py took 0.082 seconds
[2024-06-24T14:27:53.834+0300] {processor.py:161} INFO - Started process (PID=30555) to work on /home/user/rubix/internship_project/.venv/lib/python3.10/site-packages/airflow/example_dags/example_skip_dag.py
[2024-06-24T14:27:53.835+0300] {processor.py:830} INFO - Processing file /home/user/rubix/internship_project/.venv/lib/python3.10/site-packages/airflow/example_dags/example_skip_dag.py for tasks to queue
[2024-06-24T14:27:53.837+0300] {logging_mixin.py:188} INFO - [2024-06-24T14:27:53.837+0300] {dagbag.py:545} INFO - Filling up the DagBag from /home/user/rubix/internship_project/.venv/lib/python3.10/site-packages/airflow/example_dags/example_skip_dag.py
[2024-06-24T14:27:53.848+0300] {processor.py:840} INFO - DAG(s) 'example_skip_dag' retrieved from /home/user/rubix/internship_project/.venv/lib/python3.10/site-packages/airflow/example_dags/example_skip_dag.py
[2024-06-24T14:27:53.868+0300] {logging_mixin.py:188} INFO - [2024-06-24T14:27:53.868+0300] {dag.py:3096} INFO - Sync 1 DAGs
[2024-06-24T14:27:53.886+0300] {logging_mixin.py:188} INFO - [2024-06-24T14:27:53.886+0300] {dag.py:3954} INFO - Setting next_dagrun for example_skip_dag to 2024-06-23 00:00:00+00:00, run_after=2024-06-24 00:00:00+00:00
[2024-06-24T14:27:53.917+0300] {processor.py:183} INFO - Processing /home/user/rubix/internship_project/.venv/lib/python3.10/site-packages/airflow/example_dags/example_skip_dag.py took 0.094 seconds
[2024-06-24T14:28:35.304+0300] {processor.py:161} INFO - Started process (PID=30747) to work on /home/user/rubix/internship_project/.venv/lib/python3.10/site-packages/airflow/example_dags/example_skip_dag.py
[2024-06-24T14:28:35.308+0300] {processor.py:830} INFO - Processing file /home/user/rubix/internship_project/.venv/lib/python3.10/site-packages/airflow/example_dags/example_skip_dag.py for tasks to queue
[2024-06-24T14:28:35.310+0300] {logging_mixin.py:188} INFO - [2024-06-24T14:28:35.309+0300] {dagbag.py:545} INFO - Filling up the DagBag from /home/user/rubix/internship_project/.venv/lib/python3.10/site-packages/airflow/example_dags/example_skip_dag.py
[2024-06-24T14:28:35.317+0300] {processor.py:840} INFO - DAG(s) 'example_skip_dag' retrieved from /home/user/rubix/internship_project/.venv/lib/python3.10/site-packages/airflow/example_dags/example_skip_dag.py
[2024-06-24T14:28:35.346+0300] {logging_mixin.py:188} INFO - [2024-06-24T14:28:35.345+0300] {dag.py:3096} INFO - Sync 1 DAGs
[2024-06-24T14:28:35.367+0300] {logging_mixin.py:188} INFO - [2024-06-24T14:28:35.367+0300] {dag.py:3954} INFO - Setting next_dagrun for example_skip_dag to 2024-06-23 00:00:00+00:00, run_after=2024-06-24 00:00:00+00:00
[2024-06-24T14:28:35.400+0300] {processor.py:183} INFO - Processing /home/user/rubix/internship_project/.venv/lib/python3.10/site-packages/airflow/example_dags/example_skip_dag.py took 0.104 seconds
[2024-06-24T14:29:23.265+0300] {processor.py:161} INFO - Started process (PID=31148) to work on /home/user/rubix/internship_project/.venv/lib/python3.10/site-packages/airflow/example_dags/example_skip_dag.py
[2024-06-24T14:29:23.266+0300] {processor.py:830} INFO - Processing file /home/user/rubix/internship_project/.venv/lib/python3.10/site-packages/airflow/example_dags/example_skip_dag.py for tasks to queue
[2024-06-24T14:29:23.268+0300] {logging_mixin.py:188} INFO - [2024-06-24T14:29:23.268+0300] {dagbag.py:545} INFO - Filling up the DagBag from /home/user/rubix/internship_project/.venv/lib/python3.10/site-packages/airflow/example_dags/example_skip_dag.py
[2024-06-24T14:29:23.283+0300] {processor.py:840} INFO - DAG(s) 'example_skip_dag' retrieved from /home/user/rubix/internship_project/.venv/lib/python3.10/site-packages/airflow/example_dags/example_skip_dag.py
[2024-06-24T14:29:23.315+0300] {logging_mixin.py:188} INFO - [2024-06-24T14:29:23.315+0300] {dag.py:3096} INFO - Sync 1 DAGs
[2024-06-24T14:29:23.344+0300] {logging_mixin.py:188} INFO - [2024-06-24T14:29:23.344+0300] {dag.py:3954} INFO - Setting next_dagrun for example_skip_dag to 2024-06-23 00:00:00+00:00, run_after=2024-06-24 00:00:00+00:00
[2024-06-24T14:29:23.375+0300] {processor.py:183} INFO - Processing /home/user/rubix/internship_project/.venv/lib/python3.10/site-packages/airflow/example_dags/example_skip_dag.py took 0.124 seconds
[2024-06-24T14:30:12.376+0300] {processor.py:161} INFO - Started process (PID=31431) to work on /home/user/rubix/internship_project/.venv/lib/python3.10/site-packages/airflow/example_dags/example_skip_dag.py
[2024-06-24T14:30:12.377+0300] {processor.py:830} INFO - Processing file /home/user/rubix/internship_project/.venv/lib/python3.10/site-packages/airflow/example_dags/example_skip_dag.py for tasks to queue
[2024-06-24T14:30:12.378+0300] {logging_mixin.py:188} INFO - [2024-06-24T14:30:12.378+0300] {dagbag.py:545} INFO - Filling up the DagBag from /home/user/rubix/internship_project/.venv/lib/python3.10/site-packages/airflow/example_dags/example_skip_dag.py
[2024-06-24T14:30:12.386+0300] {processor.py:840} INFO - DAG(s) 'example_skip_dag' retrieved from /home/user/rubix/internship_project/.venv/lib/python3.10/site-packages/airflow/example_dags/example_skip_dag.py
[2024-06-24T14:30:12.404+0300] {logging_mixin.py:188} INFO - [2024-06-24T14:30:12.404+0300] {dag.py:3096} INFO - Sync 1 DAGs
[2024-06-24T14:30:12.421+0300] {logging_mixin.py:188} INFO - [2024-06-24T14:30:12.421+0300] {dag.py:3954} INFO - Setting next_dagrun for example_skip_dag to 2024-06-23 00:00:00+00:00, run_after=2024-06-24 00:00:00+00:00
[2024-06-24T14:30:12.443+0300] {processor.py:183} INFO - Processing /home/user/rubix/internship_project/.venv/lib/python3.10/site-packages/airflow/example_dags/example_skip_dag.py took 0.075 seconds
[2024-06-24T14:30:59.074+0300] {processor.py:161} INFO - Started process (PID=31528) to work on /home/user/rubix/internship_project/.venv/lib/python3.10/site-packages/airflow/example_dags/example_skip_dag.py
[2024-06-24T14:30:59.076+0300] {processor.py:830} INFO - Processing file /home/user/rubix/internship_project/.venv/lib/python3.10/site-packages/airflow/example_dags/example_skip_dag.py for tasks to queue
[2024-06-24T14:30:59.078+0300] {logging_mixin.py:188} INFO - [2024-06-24T14:30:59.078+0300] {dagbag.py:545} INFO - Filling up the DagBag from /home/user/rubix/internship_project/.venv/lib/python3.10/site-packages/airflow/example_dags/example_skip_dag.py
[2024-06-24T14:30:59.086+0300] {processor.py:840} INFO - DAG(s) 'example_skip_dag' retrieved from /home/user/rubix/internship_project/.venv/lib/python3.10/site-packages/airflow/example_dags/example_skip_dag.py
[2024-06-24T14:30:59.109+0300] {logging_mixin.py:188} INFO - [2024-06-24T14:30:59.108+0300] {dag.py:3096} INFO - Sync 1 DAGs
[2024-06-24T14:30:59.128+0300] {logging_mixin.py:188} INFO - [2024-06-24T14:30:59.128+0300] {dag.py:3954} INFO - Setting next_dagrun for example_skip_dag to 2024-06-23 00:00:00+00:00, run_after=2024-06-24 00:00:00+00:00
[2024-06-24T14:30:59.151+0300] {processor.py:183} INFO - Processing /home/user/rubix/internship_project/.venv/lib/python3.10/site-packages/airflow/example_dags/example_skip_dag.py took 0.087 seconds
[2024-06-24T14:31:46.428+0300] {processor.py:161} INFO - Started process (PID=31926) to work on /home/user/rubix/internship_project/.venv/lib/python3.10/site-packages/airflow/example_dags/example_skip_dag.py
[2024-06-24T14:31:46.429+0300] {processor.py:830} INFO - Processing file /home/user/rubix/internship_project/.venv/lib/python3.10/site-packages/airflow/example_dags/example_skip_dag.py for tasks to queue
[2024-06-24T14:31:46.432+0300] {logging_mixin.py:188} INFO - [2024-06-24T14:31:46.430+0300] {dagbag.py:545} INFO - Filling up the DagBag from /home/user/rubix/internship_project/.venv/lib/python3.10/site-packages/airflow/example_dags/example_skip_dag.py
[2024-06-24T14:31:46.438+0300] {processor.py:840} INFO - DAG(s) 'example_skip_dag' retrieved from /home/user/rubix/internship_project/.venv/lib/python3.10/site-packages/airflow/example_dags/example_skip_dag.py
[2024-06-24T14:31:46.455+0300] {logging_mixin.py:188} INFO - [2024-06-24T14:31:46.455+0300] {dag.py:3096} INFO - Sync 1 DAGs
[2024-06-24T14:31:46.471+0300] {logging_mixin.py:188} INFO - [2024-06-24T14:31:46.471+0300] {dag.py:3954} INFO - Setting next_dagrun for example_skip_dag to 2024-06-23 00:00:00+00:00, run_after=2024-06-24 00:00:00+00:00
[2024-06-24T14:31:46.490+0300] {processor.py:183} INFO - Processing /home/user/rubix/internship_project/.venv/lib/python3.10/site-packages/airflow/example_dags/example_skip_dag.py took 0.070 seconds
[2024-06-24T14:32:30.852+0300] {processor.py:161} INFO - Started process (PID=32082) to work on /home/user/rubix/internship_project/.venv/lib/python3.10/site-packages/airflow/example_dags/example_skip_dag.py
[2024-06-24T14:32:30.853+0300] {processor.py:830} INFO - Processing file /home/user/rubix/internship_project/.venv/lib/python3.10/site-packages/airflow/example_dags/example_skip_dag.py for tasks to queue
[2024-06-24T14:32:30.855+0300] {logging_mixin.py:188} INFO - [2024-06-24T14:32:30.854+0300] {dagbag.py:545} INFO - Filling up the DagBag from /home/user/rubix/internship_project/.venv/lib/python3.10/site-packages/airflow/example_dags/example_skip_dag.py
[2024-06-24T14:32:30.862+0300] {processor.py:840} INFO - DAG(s) 'example_skip_dag' retrieved from /home/user/rubix/internship_project/.venv/lib/python3.10/site-packages/airflow/example_dags/example_skip_dag.py
[2024-06-24T14:32:30.880+0300] {logging_mixin.py:188} INFO - [2024-06-24T14:32:30.880+0300] {dag.py:3096} INFO - Sync 1 DAGs
[2024-06-24T14:32:30.896+0300] {logging_mixin.py:188} INFO - [2024-06-24T14:32:30.896+0300] {dag.py:3954} INFO - Setting next_dagrun for example_skip_dag to 2024-06-23 00:00:00+00:00, run_after=2024-06-24 00:00:00+00:00
[2024-06-24T14:32:30.926+0300] {processor.py:183} INFO - Processing /home/user/rubix/internship_project/.venv/lib/python3.10/site-packages/airflow/example_dags/example_skip_dag.py took 0.082 seconds
