[2024-06-24T14:03:03.562+0300] {processor.py:161} INFO - Started process (PID=22592) to work on /home/user/rubix/internship_project/.venv/lib/python3.10/site-packages/airflow/example_dags/example_short_circuit_operator.py
[2024-06-24T14:03:03.563+0300] {processor.py:830} INFO - Processing file /home/user/rubix/internship_project/.venv/lib/python3.10/site-packages/airflow/example_dags/example_short_circuit_operator.py for tasks to queue
[2024-06-24T14:03:03.566+0300] {logging_mixin.py:188} INFO - [2024-06-24T14:03:03.565+0300] {dagbag.py:545} INFO - Filling up the DagBag from /home/user/rubix/internship_project/.venv/lib/python3.10/site-packages/airflow/example_dags/example_short_circuit_operator.py
[2024-06-24T14:03:03.582+0300] {processor.py:840} INFO - DAG(s) 'example_short_circuit_operator' retrieved from /home/user/rubix/internship_project/.venv/lib/python3.10/site-packages/airflow/example_dags/example_short_circuit_operator.py
[2024-06-24T14:03:03.596+0300] {logging_mixin.py:188} INFO - [2024-06-24T14:03:03.596+0300] {dag.py:3096} INFO - Sync 1 DAGs
[2024-06-24T14:03:03.627+0300] {logging_mixin.py:188} INFO - [2024-06-24T14:03:03.627+0300] {dag.py:3954} INFO - Setting next_dagrun for example_short_circuit_operator to 2024-06-23 00:00:00+00:00, run_after=2024-06-24 00:00:00+00:00
[2024-06-24T14:03:03.662+0300] {processor.py:183} INFO - Processing /home/user/rubix/internship_project/.venv/lib/python3.10/site-packages/airflow/example_dags/example_short_circuit_operator.py took 0.113 seconds
[2024-06-24T14:04:16.887+0300] {processor.py:161} INFO - Started process (PID=23173) to work on /home/user/rubix/internship_project/.venv/lib/python3.10/site-packages/airflow/example_dags/example_short_circuit_operator.py
[2024-06-24T14:04:16.888+0300] {processor.py:830} INFO - Processing file /home/user/rubix/internship_project/.venv/lib/python3.10/site-packages/airflow/example_dags/example_short_circuit_operator.py for tasks to queue
[2024-06-24T14:04:16.889+0300] {logging_mixin.py:188} INFO - [2024-06-24T14:04:16.889+0300] {dagbag.py:545} INFO - Filling up the DagBag from /home/user/rubix/internship_project/.venv/lib/python3.10/site-packages/airflow/example_dags/example_short_circuit_operator.py
[2024-06-24T14:04:16.897+0300] {processor.py:840} INFO - DAG(s) 'example_short_circuit_operator' retrieved from /home/user/rubix/internship_project/.venv/lib/python3.10/site-packages/airflow/example_dags/example_short_circuit_operator.py
[2024-06-24T14:04:16.907+0300] {logging_mixin.py:188} INFO - [2024-06-24T14:04:16.907+0300] {dag.py:3096} INFO - Sync 1 DAGs
[2024-06-24T14:04:16.925+0300] {logging_mixin.py:188} INFO - [2024-06-24T14:04:16.925+0300] {dag.py:3954} INFO - Setting next_dagrun for example_short_circuit_operator to 2024-06-23 00:00:00+00:00, run_after=2024-06-24 00:00:00+00:00
[2024-06-24T14:04:16.955+0300] {processor.py:183} INFO - Processing /home/user/rubix/internship_project/.venv/lib/python3.10/site-packages/airflow/example_dags/example_short_circuit_operator.py took 0.075 seconds
[2024-06-24T14:05:15.453+0300] {processor.py:161} INFO - Started process (PID=23610) to work on /home/user/rubix/internship_project/.venv/lib/python3.10/site-packages/airflow/example_dags/example_short_circuit_operator.py
[2024-06-24T14:05:15.454+0300] {processor.py:830} INFO - Processing file /home/user/rubix/internship_project/.venv/lib/python3.10/site-packages/airflow/example_dags/example_short_circuit_operator.py for tasks to queue
[2024-06-24T14:05:15.456+0300] {logging_mixin.py:188} INFO - [2024-06-24T14:05:15.455+0300] {dagbag.py:545} INFO - Filling up the DagBag from /home/user/rubix/internship_project/.venv/lib/python3.10/site-packages/airflow/example_dags/example_short_circuit_operator.py
[2024-06-24T14:05:15.474+0300] {processor.py:840} INFO - DAG(s) 'example_short_circuit_operator' retrieved from /home/user/rubix/internship_project/.venv/lib/python3.10/site-packages/airflow/example_dags/example_short_circuit_operator.py
[2024-06-24T14:05:15.645+0300] {logging_mixin.py:188} INFO - [2024-06-24T14:05:15.644+0300] {dag.py:3096} INFO - Sync 1 DAGs
[2024-06-24T14:05:15.658+0300] {logging_mixin.py:188} INFO - [2024-06-24T14:05:15.657+0300] {dag.py:3954} INFO - Setting next_dagrun for example_short_circuit_operator to 2024-06-23 00:00:00+00:00, run_after=2024-06-24 00:00:00+00:00
[2024-06-24T14:05:15.676+0300] {processor.py:183} INFO - Processing /home/user/rubix/internship_project/.venv/lib/python3.10/site-packages/airflow/example_dags/example_short_circuit_operator.py took 0.231 seconds
[2024-06-24T14:06:17.248+0300] {processor.py:161} INFO - Started process (PID=24091) to work on /home/user/rubix/internship_project/.venv/lib/python3.10/site-packages/airflow/example_dags/example_short_circuit_operator.py
[2024-06-24T14:06:17.249+0300] {processor.py:830} INFO - Processing file /home/user/rubix/internship_project/.venv/lib/python3.10/site-packages/airflow/example_dags/example_short_circuit_operator.py for tasks to queue
[2024-06-24T14:06:17.251+0300] {logging_mixin.py:188} INFO - [2024-06-24T14:06:17.251+0300] {dagbag.py:545} INFO - Filling up the DagBag from /home/user/rubix/internship_project/.venv/lib/python3.10/site-packages/airflow/example_dags/example_short_circuit_operator.py
[2024-06-24T14:06:17.262+0300] {processor.py:840} INFO - DAG(s) 'example_short_circuit_operator' retrieved from /home/user/rubix/internship_project/.venv/lib/python3.10/site-packages/airflow/example_dags/example_short_circuit_operator.py
[2024-06-24T14:06:17.285+0300] {logging_mixin.py:188} INFO - [2024-06-24T14:06:17.284+0300] {dag.py:3096} INFO - Sync 1 DAGs
[2024-06-24T14:06:17.303+0300] {logging_mixin.py:188} INFO - [2024-06-24T14:06:17.302+0300] {dag.py:3954} INFO - Setting next_dagrun for example_short_circuit_operator to 2024-06-23 00:00:00+00:00, run_after=2024-06-24 00:00:00+00:00
[2024-06-24T14:06:17.436+0300] {processor.py:183} INFO - Processing /home/user/rubix/internship_project/.venv/lib/python3.10/site-packages/airflow/example_dags/example_short_circuit_operator.py took 0.196 seconds
[2024-06-24T14:07:12.082+0300] {processor.py:161} INFO - Started process (PID=24263) to work on /home/user/rubix/internship_project/.venv/lib/python3.10/site-packages/airflow/example_dags/example_short_circuit_operator.py
[2024-06-24T14:07:12.083+0300] {processor.py:830} INFO - Processing file /home/user/rubix/internship_project/.venv/lib/python3.10/site-packages/airflow/example_dags/example_short_circuit_operator.py for tasks to queue
[2024-06-24T14:07:12.086+0300] {logging_mixin.py:188} INFO - [2024-06-24T14:07:12.085+0300] {dagbag.py:545} INFO - Filling up the DagBag from /home/user/rubix/internship_project/.venv/lib/python3.10/site-packages/airflow/example_dags/example_short_circuit_operator.py
[2024-06-24T14:07:12.094+0300] {processor.py:840} INFO - DAG(s) 'example_short_circuit_operator' retrieved from /home/user/rubix/internship_project/.venv/lib/python3.10/site-packages/airflow/example_dags/example_short_circuit_operator.py
[2024-06-24T14:07:12.113+0300] {logging_mixin.py:188} INFO - [2024-06-24T14:07:12.113+0300] {dag.py:3096} INFO - Sync 1 DAGs
[2024-06-24T14:07:12.129+0300] {logging_mixin.py:188} INFO - [2024-06-24T14:07:12.129+0300] {dag.py:3954} INFO - Setting next_dagrun for example_short_circuit_operator to 2024-06-23 00:00:00+00:00, run_after=2024-06-24 00:00:00+00:00
[2024-06-24T14:07:12.150+0300] {processor.py:183} INFO - Processing /home/user/rubix/internship_project/.venv/lib/python3.10/site-packages/airflow/example_dags/example_short_circuit_operator.py took 0.076 seconds
[2024-06-24T14:08:04.919+0300] {processor.py:161} INFO - Started process (PID=24595) to work on /home/user/rubix/internship_project/.venv/lib/python3.10/site-packages/airflow/example_dags/example_short_circuit_operator.py
[2024-06-24T14:08:04.920+0300] {processor.py:830} INFO - Processing file /home/user/rubix/internship_project/.venv/lib/python3.10/site-packages/airflow/example_dags/example_short_circuit_operator.py for tasks to queue
[2024-06-24T14:08:04.924+0300] {logging_mixin.py:188} INFO - [2024-06-24T14:08:04.923+0300] {dagbag.py:545} INFO - Filling up the DagBag from /home/user/rubix/internship_project/.venv/lib/python3.10/site-packages/airflow/example_dags/example_short_circuit_operator.py
[2024-06-24T14:08:04.934+0300] {processor.py:840} INFO - DAG(s) 'example_short_circuit_operator' retrieved from /home/user/rubix/internship_project/.venv/lib/python3.10/site-packages/airflow/example_dags/example_short_circuit_operator.py
[2024-06-24T14:08:04.954+0300] {logging_mixin.py:188} INFO - [2024-06-24T14:08:04.954+0300] {dag.py:3096} INFO - Sync 1 DAGs
[2024-06-24T14:08:04.970+0300] {logging_mixin.py:188} INFO - [2024-06-24T14:08:04.970+0300] {dag.py:3954} INFO - Setting next_dagrun for example_short_circuit_operator to 2024-06-23 00:00:00+00:00, run_after=2024-06-24 00:00:00+00:00
[2024-06-24T14:08:05.000+0300] {processor.py:183} INFO - Processing /home/user/rubix/internship_project/.venv/lib/python3.10/site-packages/airflow/example_dags/example_short_circuit_operator.py took 0.089 seconds
[2024-06-24T14:08:52.608+0300] {processor.py:161} INFO - Started process (PID=24852) to work on /home/user/rubix/internship_project/.venv/lib/python3.10/site-packages/airflow/example_dags/example_short_circuit_operator.py
[2024-06-24T14:08:52.609+0300] {processor.py:830} INFO - Processing file /home/user/rubix/internship_project/.venv/lib/python3.10/site-packages/airflow/example_dags/example_short_circuit_operator.py for tasks to queue
[2024-06-24T14:08:52.611+0300] {logging_mixin.py:188} INFO - [2024-06-24T14:08:52.611+0300] {dagbag.py:545} INFO - Filling up the DagBag from /home/user/rubix/internship_project/.venv/lib/python3.10/site-packages/airflow/example_dags/example_short_circuit_operator.py
[2024-06-24T14:08:52.620+0300] {processor.py:840} INFO - DAG(s) 'example_short_circuit_operator' retrieved from /home/user/rubix/internship_project/.venv/lib/python3.10/site-packages/airflow/example_dags/example_short_circuit_operator.py
[2024-06-24T14:08:52.640+0300] {logging_mixin.py:188} INFO - [2024-06-24T14:08:52.640+0300] {dag.py:3096} INFO - Sync 1 DAGs
[2024-06-24T14:08:52.657+0300] {logging_mixin.py:188} INFO - [2024-06-24T14:08:52.656+0300] {dag.py:3954} INFO - Setting next_dagrun for example_short_circuit_operator to 2024-06-23 00:00:00+00:00, run_after=2024-06-24 00:00:00+00:00
[2024-06-24T14:08:52.689+0300] {processor.py:183} INFO - Processing /home/user/rubix/internship_project/.venv/lib/python3.10/site-packages/airflow/example_dags/example_short_circuit_operator.py took 0.090 seconds
[2024-06-24T14:09:39.809+0300] {processor.py:161} INFO - Started process (PID=25139) to work on /home/user/rubix/internship_project/.venv/lib/python3.10/site-packages/airflow/example_dags/example_short_circuit_operator.py
[2024-06-24T14:09:39.810+0300] {processor.py:830} INFO - Processing file /home/user/rubix/internship_project/.venv/lib/python3.10/site-packages/airflow/example_dags/example_short_circuit_operator.py for tasks to queue
[2024-06-24T14:09:39.812+0300] {logging_mixin.py:188} INFO - [2024-06-24T14:09:39.811+0300] {dagbag.py:545} INFO - Filling up the DagBag from /home/user/rubix/internship_project/.venv/lib/python3.10/site-packages/airflow/example_dags/example_short_circuit_operator.py
[2024-06-24T14:09:39.823+0300] {processor.py:840} INFO - DAG(s) 'example_short_circuit_operator' retrieved from /home/user/rubix/internship_project/.venv/lib/python3.10/site-packages/airflow/example_dags/example_short_circuit_operator.py
[2024-06-24T14:09:39.848+0300] {logging_mixin.py:188} INFO - [2024-06-24T14:09:39.847+0300] {dag.py:3096} INFO - Sync 1 DAGs
[2024-06-24T14:09:39.871+0300] {logging_mixin.py:188} INFO - [2024-06-24T14:09:39.871+0300] {dag.py:3954} INFO - Setting next_dagrun for example_short_circuit_operator to 2024-06-23 00:00:00+00:00, run_after=2024-06-24 00:00:00+00:00
[2024-06-24T14:09:39.905+0300] {processor.py:183} INFO - Processing /home/user/rubix/internship_project/.venv/lib/python3.10/site-packages/airflow/example_dags/example_short_circuit_operator.py took 0.107 seconds
[2024-06-24T14:10:26.164+0300] {processor.py:161} INFO - Started process (PID=25474) to work on /home/user/rubix/internship_project/.venv/lib/python3.10/site-packages/airflow/example_dags/example_short_circuit_operator.py
[2024-06-24T14:10:26.165+0300] {processor.py:830} INFO - Processing file /home/user/rubix/internship_project/.venv/lib/python3.10/site-packages/airflow/example_dags/example_short_circuit_operator.py for tasks to queue
[2024-06-24T14:10:26.167+0300] {logging_mixin.py:188} INFO - [2024-06-24T14:10:26.166+0300] {dagbag.py:545} INFO - Filling up the DagBag from /home/user/rubix/internship_project/.venv/lib/python3.10/site-packages/airflow/example_dags/example_short_circuit_operator.py
[2024-06-24T14:10:26.177+0300] {processor.py:840} INFO - DAG(s) 'example_short_circuit_operator' retrieved from /home/user/rubix/internship_project/.venv/lib/python3.10/site-packages/airflow/example_dags/example_short_circuit_operator.py
[2024-06-24T14:10:26.199+0300] {logging_mixin.py:188} INFO - [2024-06-24T14:10:26.199+0300] {dag.py:3096} INFO - Sync 1 DAGs
[2024-06-24T14:10:26.217+0300] {logging_mixin.py:188} INFO - [2024-06-24T14:10:26.217+0300] {dag.py:3954} INFO - Setting next_dagrun for example_short_circuit_operator to 2024-06-23 00:00:00+00:00, run_after=2024-06-24 00:00:00+00:00
[2024-06-24T14:10:26.248+0300] {processor.py:183} INFO - Processing /home/user/rubix/internship_project/.venv/lib/python3.10/site-packages/airflow/example_dags/example_short_circuit_operator.py took 0.093 seconds
[2024-06-24T14:11:10.089+0300] {processor.py:161} INFO - Started process (PID=25771) to work on /home/user/rubix/internship_project/.venv/lib/python3.10/site-packages/airflow/example_dags/example_short_circuit_operator.py
[2024-06-24T14:11:10.090+0300] {processor.py:830} INFO - Processing file /home/user/rubix/internship_project/.venv/lib/python3.10/site-packages/airflow/example_dags/example_short_circuit_operator.py for tasks to queue
[2024-06-24T14:11:10.093+0300] {logging_mixin.py:188} INFO - [2024-06-24T14:11:10.092+0300] {dagbag.py:545} INFO - Filling up the DagBag from /home/user/rubix/internship_project/.venv/lib/python3.10/site-packages/airflow/example_dags/example_short_circuit_operator.py
[2024-06-24T14:11:10.102+0300] {processor.py:840} INFO - DAG(s) 'example_short_circuit_operator' retrieved from /home/user/rubix/internship_project/.venv/lib/python3.10/site-packages/airflow/example_dags/example_short_circuit_operator.py
[2024-06-24T14:11:10.123+0300] {logging_mixin.py:188} INFO - [2024-06-24T14:11:10.123+0300] {dag.py:3096} INFO - Sync 1 DAGs
[2024-06-24T14:11:10.141+0300] {logging_mixin.py:188} INFO - [2024-06-24T14:11:10.141+0300] {dag.py:3954} INFO - Setting next_dagrun for example_short_circuit_operator to 2024-06-23 00:00:00+00:00, run_after=2024-06-24 00:00:00+00:00
[2024-06-24T14:11:10.171+0300] {processor.py:183} INFO - Processing /home/user/rubix/internship_project/.venv/lib/python3.10/site-packages/airflow/example_dags/example_short_circuit_operator.py took 0.090 seconds
[2024-06-24T14:11:55.297+0300] {processor.py:161} INFO - Started process (PID=25996) to work on /home/user/rubix/internship_project/.venv/lib/python3.10/site-packages/airflow/example_dags/example_short_circuit_operator.py
[2024-06-24T14:11:55.298+0300] {processor.py:830} INFO - Processing file /home/user/rubix/internship_project/.venv/lib/python3.10/site-packages/airflow/example_dags/example_short_circuit_operator.py for tasks to queue
[2024-06-24T14:11:55.300+0300] {logging_mixin.py:188} INFO - [2024-06-24T14:11:55.300+0300] {dagbag.py:545} INFO - Filling up the DagBag from /home/user/rubix/internship_project/.venv/lib/python3.10/site-packages/airflow/example_dags/example_short_circuit_operator.py
[2024-06-24T14:11:55.308+0300] {processor.py:840} INFO - DAG(s) 'example_short_circuit_operator' retrieved from /home/user/rubix/internship_project/.venv/lib/python3.10/site-packages/airflow/example_dags/example_short_circuit_operator.py
[2024-06-24T14:11:55.328+0300] {logging_mixin.py:188} INFO - [2024-06-24T14:11:55.327+0300] {dag.py:3096} INFO - Sync 1 DAGs
[2024-06-24T14:11:55.344+0300] {logging_mixin.py:188} INFO - [2024-06-24T14:11:55.344+0300] {dag.py:3954} INFO - Setting next_dagrun for example_short_circuit_operator to 2024-06-23 00:00:00+00:00, run_after=2024-06-24 00:00:00+00:00
[2024-06-24T14:11:55.374+0300] {processor.py:183} INFO - Processing /home/user/rubix/internship_project/.venv/lib/python3.10/site-packages/airflow/example_dags/example_short_circuit_operator.py took 0.084 seconds
[2024-06-24T14:12:36.646+0300] {processor.py:161} INFO - Started process (PID=26145) to work on /home/user/rubix/internship_project/.venv/lib/python3.10/site-packages/airflow/example_dags/example_short_circuit_operator.py
[2024-06-24T14:12:36.647+0300] {processor.py:830} INFO - Processing file /home/user/rubix/internship_project/.venv/lib/python3.10/site-packages/airflow/example_dags/example_short_circuit_operator.py for tasks to queue
[2024-06-24T14:12:36.649+0300] {logging_mixin.py:188} INFO - [2024-06-24T14:12:36.649+0300] {dagbag.py:545} INFO - Filling up the DagBag from /home/user/rubix/internship_project/.venv/lib/python3.10/site-packages/airflow/example_dags/example_short_circuit_operator.py
[2024-06-24T14:12:36.665+0300] {processor.py:840} INFO - DAG(s) 'example_short_circuit_operator' retrieved from /home/user/rubix/internship_project/.venv/lib/python3.10/site-packages/airflow/example_dags/example_short_circuit_operator.py
[2024-06-24T14:12:36.683+0300] {logging_mixin.py:188} INFO - [2024-06-24T14:12:36.683+0300] {dag.py:3096} INFO - Sync 1 DAGs
[2024-06-24T14:12:36.698+0300] {logging_mixin.py:188} INFO - [2024-06-24T14:12:36.698+0300] {dag.py:3954} INFO - Setting next_dagrun for example_short_circuit_operator to 2024-06-23 00:00:00+00:00, run_after=2024-06-24 00:00:00+00:00
[2024-06-24T14:12:36.726+0300] {processor.py:183} INFO - Processing /home/user/rubix/internship_project/.venv/lib/python3.10/site-packages/airflow/example_dags/example_short_circuit_operator.py took 0.087 seconds
[2024-06-24T14:13:28.948+0300] {processor.py:161} INFO - Started process (PID=26308) to work on /home/user/rubix/internship_project/.venv/lib/python3.10/site-packages/airflow/example_dags/example_short_circuit_operator.py
[2024-06-24T14:13:28.949+0300] {processor.py:830} INFO - Processing file /home/user/rubix/internship_project/.venv/lib/python3.10/site-packages/airflow/example_dags/example_short_circuit_operator.py for tasks to queue
[2024-06-24T14:13:28.951+0300] {logging_mixin.py:188} INFO - [2024-06-24T14:13:28.950+0300] {dagbag.py:545} INFO - Filling up the DagBag from /home/user/rubix/internship_project/.venv/lib/python3.10/site-packages/airflow/example_dags/example_short_circuit_operator.py
[2024-06-24T14:13:28.959+0300] {processor.py:840} INFO - DAG(s) 'example_short_circuit_operator' retrieved from /home/user/rubix/internship_project/.venv/lib/python3.10/site-packages/airflow/example_dags/example_short_circuit_operator.py
[2024-06-24T14:13:28.978+0300] {logging_mixin.py:188} INFO - [2024-06-24T14:13:28.978+0300] {dag.py:3096} INFO - Sync 1 DAGs
[2024-06-24T14:13:28.995+0300] {logging_mixin.py:188} INFO - [2024-06-24T14:13:28.994+0300] {dag.py:3954} INFO - Setting next_dagrun for example_short_circuit_operator to 2024-06-23 00:00:00+00:00, run_after=2024-06-24 00:00:00+00:00
[2024-06-24T14:13:29.024+0300] {processor.py:183} INFO - Processing /home/user/rubix/internship_project/.venv/lib/python3.10/site-packages/airflow/example_dags/example_short_circuit_operator.py took 0.084 seconds
[2024-06-24T14:14:19.604+0300] {processor.py:161} INFO - Started process (PID=26652) to work on /home/user/rubix/internship_project/.venv/lib/python3.10/site-packages/airflow/example_dags/example_short_circuit_operator.py
[2024-06-24T14:14:19.606+0300] {processor.py:830} INFO - Processing file /home/user/rubix/internship_project/.venv/lib/python3.10/site-packages/airflow/example_dags/example_short_circuit_operator.py for tasks to queue
[2024-06-24T14:14:19.609+0300] {logging_mixin.py:188} INFO - [2024-06-24T14:14:19.608+0300] {dagbag.py:545} INFO - Filling up the DagBag from /home/user/rubix/internship_project/.venv/lib/python3.10/site-packages/airflow/example_dags/example_short_circuit_operator.py
[2024-06-24T14:14:19.619+0300] {processor.py:840} INFO - DAG(s) 'example_short_circuit_operator' retrieved from /home/user/rubix/internship_project/.venv/lib/python3.10/site-packages/airflow/example_dags/example_short_circuit_operator.py
[2024-06-24T14:14:19.640+0300] {logging_mixin.py:188} INFO - [2024-06-24T14:14:19.639+0300] {dag.py:3096} INFO - Sync 1 DAGs
[2024-06-24T14:14:19.660+0300] {logging_mixin.py:188} INFO - [2024-06-24T14:14:19.660+0300] {dag.py:3954} INFO - Setting next_dagrun for example_short_circuit_operator to 2024-06-23 00:00:00+00:00, run_after=2024-06-24 00:00:00+00:00
[2024-06-24T14:14:19.694+0300] {processor.py:183} INFO - Processing /home/user/rubix/internship_project/.venv/lib/python3.10/site-packages/airflow/example_dags/example_short_circuit_operator.py took 0.098 seconds
[2024-06-24T14:15:03.085+0300] {processor.py:161} INFO - Started process (PID=26840) to work on /home/user/rubix/internship_project/.venv/lib/python3.10/site-packages/airflow/example_dags/example_short_circuit_operator.py
[2024-06-24T14:15:03.086+0300] {processor.py:830} INFO - Processing file /home/user/rubix/internship_project/.venv/lib/python3.10/site-packages/airflow/example_dags/example_short_circuit_operator.py for tasks to queue
[2024-06-24T14:15:03.089+0300] {logging_mixin.py:188} INFO - [2024-06-24T14:15:03.088+0300] {dagbag.py:545} INFO - Filling up the DagBag from /home/user/rubix/internship_project/.venv/lib/python3.10/site-packages/airflow/example_dags/example_short_circuit_operator.py
[2024-06-24T14:15:03.096+0300] {processor.py:840} INFO - DAG(s) 'example_short_circuit_operator' retrieved from /home/user/rubix/internship_project/.venv/lib/python3.10/site-packages/airflow/example_dags/example_short_circuit_operator.py
[2024-06-24T14:15:03.117+0300] {logging_mixin.py:188} INFO - [2024-06-24T14:15:03.117+0300] {dag.py:3096} INFO - Sync 1 DAGs
[2024-06-24T14:15:03.132+0300] {logging_mixin.py:188} INFO - [2024-06-24T14:15:03.132+0300] {dag.py:3954} INFO - Setting next_dagrun for example_short_circuit_operator to 2024-06-23 00:00:00+00:00, run_after=2024-06-24 00:00:00+00:00
[2024-06-24T14:15:03.162+0300] {processor.py:183} INFO - Processing /home/user/rubix/internship_project/.venv/lib/python3.10/site-packages/airflow/example_dags/example_short_circuit_operator.py took 0.085 seconds
[2024-06-24T14:15:46.070+0300] {processor.py:161} INFO - Started process (PID=26932) to work on /home/user/rubix/internship_project/.venv/lib/python3.10/site-packages/airflow/example_dags/example_short_circuit_operator.py
[2024-06-24T14:15:46.071+0300] {processor.py:830} INFO - Processing file /home/user/rubix/internship_project/.venv/lib/python3.10/site-packages/airflow/example_dags/example_short_circuit_operator.py for tasks to queue
[2024-06-24T14:15:46.073+0300] {logging_mixin.py:188} INFO - [2024-06-24T14:15:46.072+0300] {dagbag.py:545} INFO - Filling up the DagBag from /home/user/rubix/internship_project/.venv/lib/python3.10/site-packages/airflow/example_dags/example_short_circuit_operator.py
[2024-06-24T14:15:46.081+0300] {processor.py:840} INFO - DAG(s) 'example_short_circuit_operator' retrieved from /home/user/rubix/internship_project/.venv/lib/python3.10/site-packages/airflow/example_dags/example_short_circuit_operator.py
[2024-06-24T14:15:46.099+0300] {logging_mixin.py:188} INFO - [2024-06-24T14:15:46.099+0300] {dag.py:3096} INFO - Sync 1 DAGs
[2024-06-24T14:15:46.116+0300] {logging_mixin.py:188} INFO - [2024-06-24T14:15:46.116+0300] {dag.py:3954} INFO - Setting next_dagrun for example_short_circuit_operator to 2024-06-23 00:00:00+00:00, run_after=2024-06-24 00:00:00+00:00
[2024-06-24T14:15:46.146+0300] {processor.py:183} INFO - Processing /home/user/rubix/internship_project/.venv/lib/python3.10/site-packages/airflow/example_dags/example_short_circuit_operator.py took 0.084 seconds
[2024-06-24T14:16:26.272+0300] {processor.py:161} INFO - Started process (PID=27080) to work on /home/user/rubix/internship_project/.venv/lib/python3.10/site-packages/airflow/example_dags/example_short_circuit_operator.py
[2024-06-24T14:16:26.273+0300] {processor.py:830} INFO - Processing file /home/user/rubix/internship_project/.venv/lib/python3.10/site-packages/airflow/example_dags/example_short_circuit_operator.py for tasks to queue
[2024-06-24T14:16:26.275+0300] {logging_mixin.py:188} INFO - [2024-06-24T14:16:26.274+0300] {dagbag.py:545} INFO - Filling up the DagBag from /home/user/rubix/internship_project/.venv/lib/python3.10/site-packages/airflow/example_dags/example_short_circuit_operator.py
[2024-06-24T14:16:26.283+0300] {processor.py:840} INFO - DAG(s) 'example_short_circuit_operator' retrieved from /home/user/rubix/internship_project/.venv/lib/python3.10/site-packages/airflow/example_dags/example_short_circuit_operator.py
[2024-06-24T14:16:26.301+0300] {logging_mixin.py:188} INFO - [2024-06-24T14:16:26.301+0300] {dag.py:3096} INFO - Sync 1 DAGs
[2024-06-24T14:16:26.316+0300] {logging_mixin.py:188} INFO - [2024-06-24T14:16:26.316+0300] {dag.py:3954} INFO - Setting next_dagrun for example_short_circuit_operator to 2024-06-23 00:00:00+00:00, run_after=2024-06-24 00:00:00+00:00
[2024-06-24T14:16:26.341+0300] {processor.py:183} INFO - Processing /home/user/rubix/internship_project/.venv/lib/python3.10/site-packages/airflow/example_dags/example_short_circuit_operator.py took 0.077 seconds
[2024-06-24T14:17:06.370+0300] {processor.py:161} INFO - Started process (PID=27228) to work on /home/user/rubix/internship_project/.venv/lib/python3.10/site-packages/airflow/example_dags/example_short_circuit_operator.py
[2024-06-24T14:17:06.371+0300] {processor.py:830} INFO - Processing file /home/user/rubix/internship_project/.venv/lib/python3.10/site-packages/airflow/example_dags/example_short_circuit_operator.py for tasks to queue
[2024-06-24T14:17:06.372+0300] {logging_mixin.py:188} INFO - [2024-06-24T14:17:06.372+0300] {dagbag.py:545} INFO - Filling up the DagBag from /home/user/rubix/internship_project/.venv/lib/python3.10/site-packages/airflow/example_dags/example_short_circuit_operator.py
[2024-06-24T14:17:06.380+0300] {processor.py:840} INFO - DAG(s) 'example_short_circuit_operator' retrieved from /home/user/rubix/internship_project/.venv/lib/python3.10/site-packages/airflow/example_dags/example_short_circuit_operator.py
[2024-06-24T14:17:06.398+0300] {logging_mixin.py:188} INFO - [2024-06-24T14:17:06.398+0300] {dag.py:3096} INFO - Sync 1 DAGs
[2024-06-24T14:17:06.413+0300] {logging_mixin.py:188} INFO - [2024-06-24T14:17:06.413+0300] {dag.py:3954} INFO - Setting next_dagrun for example_short_circuit_operator to 2024-06-23 00:00:00+00:00, run_after=2024-06-24 00:00:00+00:00
[2024-06-24T14:17:06.442+0300] {processor.py:183} INFO - Processing /home/user/rubix/internship_project/.venv/lib/python3.10/site-packages/airflow/example_dags/example_short_circuit_operator.py took 0.081 seconds
[2024-06-24T14:17:47.534+0300] {processor.py:161} INFO - Started process (PID=27318) to work on /home/user/rubix/internship_project/.venv/lib/python3.10/site-packages/airflow/example_dags/example_short_circuit_operator.py
[2024-06-24T14:17:47.535+0300] {processor.py:830} INFO - Processing file /home/user/rubix/internship_project/.venv/lib/python3.10/site-packages/airflow/example_dags/example_short_circuit_operator.py for tasks to queue
[2024-06-24T14:17:47.537+0300] {logging_mixin.py:188} INFO - [2024-06-24T14:17:47.536+0300] {dagbag.py:545} INFO - Filling up the DagBag from /home/user/rubix/internship_project/.venv/lib/python3.10/site-packages/airflow/example_dags/example_short_circuit_operator.py
[2024-06-24T14:17:47.545+0300] {processor.py:840} INFO - DAG(s) 'example_short_circuit_operator' retrieved from /home/user/rubix/internship_project/.venv/lib/python3.10/site-packages/airflow/example_dags/example_short_circuit_operator.py
[2024-06-24T14:17:47.563+0300] {logging_mixin.py:188} INFO - [2024-06-24T14:17:47.563+0300] {dag.py:3096} INFO - Sync 1 DAGs
[2024-06-24T14:17:47.578+0300] {logging_mixin.py:188} INFO - [2024-06-24T14:17:47.578+0300] {dag.py:3954} INFO - Setting next_dagrun for example_short_circuit_operator to 2024-06-23 00:00:00+00:00, run_after=2024-06-24 00:00:00+00:00
[2024-06-24T14:17:47.610+0300] {processor.py:183} INFO - Processing /home/user/rubix/internship_project/.venv/lib/python3.10/site-packages/airflow/example_dags/example_short_circuit_operator.py took 0.084 seconds
[2024-06-24T14:18:39.049+0300] {processor.py:161} INFO - Started process (PID=27479) to work on /home/user/rubix/internship_project/.venv/lib/python3.10/site-packages/airflow/example_dags/example_short_circuit_operator.py
[2024-06-24T14:18:39.050+0300] {processor.py:830} INFO - Processing file /home/user/rubix/internship_project/.venv/lib/python3.10/site-packages/airflow/example_dags/example_short_circuit_operator.py for tasks to queue
[2024-06-24T14:18:39.052+0300] {logging_mixin.py:188} INFO - [2024-06-24T14:18:39.051+0300] {dagbag.py:545} INFO - Filling up the DagBag from /home/user/rubix/internship_project/.venv/lib/python3.10/site-packages/airflow/example_dags/example_short_circuit_operator.py
[2024-06-24T14:18:39.073+0300] {processor.py:840} INFO - DAG(s) 'example_short_circuit_operator' retrieved from /home/user/rubix/internship_project/.venv/lib/python3.10/site-packages/airflow/example_dags/example_short_circuit_operator.py
[2024-06-24T14:18:39.094+0300] {logging_mixin.py:188} INFO - [2024-06-24T14:18:39.094+0300] {dag.py:3096} INFO - Sync 1 DAGs
[2024-06-24T14:18:39.115+0300] {logging_mixin.py:188} INFO - [2024-06-24T14:18:39.114+0300] {dag.py:3954} INFO - Setting next_dagrun for example_short_circuit_operator to 2024-06-23 00:00:00+00:00, run_after=2024-06-24 00:00:00+00:00
[2024-06-24T14:18:39.145+0300] {processor.py:183} INFO - Processing /home/user/rubix/internship_project/.venv/lib/python3.10/site-packages/airflow/example_dags/example_short_circuit_operator.py took 0.104 seconds
[2024-06-24T14:19:30.555+0300] {processor.py:161} INFO - Started process (PID=27710) to work on /home/user/rubix/internship_project/.venv/lib/python3.10/site-packages/airflow/example_dags/example_short_circuit_operator.py
[2024-06-24T14:19:30.556+0300] {processor.py:830} INFO - Processing file /home/user/rubix/internship_project/.venv/lib/python3.10/site-packages/airflow/example_dags/example_short_circuit_operator.py for tasks to queue
[2024-06-24T14:19:30.558+0300] {logging_mixin.py:188} INFO - [2024-06-24T14:19:30.558+0300] {dagbag.py:545} INFO - Filling up the DagBag from /home/user/rubix/internship_project/.venv/lib/python3.10/site-packages/airflow/example_dags/example_short_circuit_operator.py
[2024-06-24T14:19:30.567+0300] {processor.py:840} INFO - DAG(s) 'example_short_circuit_operator' retrieved from /home/user/rubix/internship_project/.venv/lib/python3.10/site-packages/airflow/example_dags/example_short_circuit_operator.py
[2024-06-24T14:19:30.590+0300] {logging_mixin.py:188} INFO - [2024-06-24T14:19:30.590+0300] {dag.py:3096} INFO - Sync 1 DAGs
[2024-06-24T14:19:30.612+0300] {logging_mixin.py:188} INFO - [2024-06-24T14:19:30.612+0300] {dag.py:3954} INFO - Setting next_dagrun for example_short_circuit_operator to 2024-06-23 00:00:00+00:00, run_after=2024-06-24 00:00:00+00:00
[2024-06-24T14:19:30.654+0300] {processor.py:183} INFO - Processing /home/user/rubix/internship_project/.venv/lib/python3.10/site-packages/airflow/example_dags/example_short_circuit_operator.py took 0.108 seconds
[2024-06-24T14:20:09.986+0300] {processor.py:161} INFO - Started process (PID=28041) to work on /home/user/rubix/internship_project/.venv/lib/python3.10/site-packages/airflow/example_dags/example_short_circuit_operator.py
[2024-06-24T14:20:09.987+0300] {processor.py:830} INFO - Processing file /home/user/rubix/internship_project/.venv/lib/python3.10/site-packages/airflow/example_dags/example_short_circuit_operator.py for tasks to queue
[2024-06-24T14:20:09.989+0300] {logging_mixin.py:188} INFO - [2024-06-24T14:20:09.989+0300] {dagbag.py:545} INFO - Filling up the DagBag from /home/user/rubix/internship_project/.venv/lib/python3.10/site-packages/airflow/example_dags/example_short_circuit_operator.py
[2024-06-24T14:20:09.999+0300] {processor.py:840} INFO - DAG(s) 'example_short_circuit_operator' retrieved from /home/user/rubix/internship_project/.venv/lib/python3.10/site-packages/airflow/example_dags/example_short_circuit_operator.py
[2024-06-24T14:20:10.029+0300] {logging_mixin.py:188} INFO - [2024-06-24T14:20:10.028+0300] {dag.py:3096} INFO - Sync 1 DAGs
[2024-06-24T14:20:10.049+0300] {logging_mixin.py:188} INFO - [2024-06-24T14:20:10.049+0300] {dag.py:3954} INFO - Setting next_dagrun for example_short_circuit_operator to 2024-06-23 00:00:00+00:00, run_after=2024-06-24 00:00:00+00:00
[2024-06-24T14:20:10.067+0300] {processor.py:183} INFO - Processing /home/user/rubix/internship_project/.venv/lib/python3.10/site-packages/airflow/example_dags/example_short_circuit_operator.py took 0.089 seconds
[2024-06-24T14:21:10.562+0300] {processor.py:161} INFO - Started process (PID=28423) to work on /home/user/rubix/internship_project/.venv/lib/python3.10/site-packages/airflow/example_dags/example_short_circuit_operator.py
[2024-06-24T14:21:10.563+0300] {processor.py:830} INFO - Processing file /home/user/rubix/internship_project/.venv/lib/python3.10/site-packages/airflow/example_dags/example_short_circuit_operator.py for tasks to queue
[2024-06-24T14:21:10.565+0300] {logging_mixin.py:188} INFO - [2024-06-24T14:21:10.565+0300] {dagbag.py:545} INFO - Filling up the DagBag from /home/user/rubix/internship_project/.venv/lib/python3.10/site-packages/airflow/example_dags/example_short_circuit_operator.py
[2024-06-24T14:21:10.574+0300] {processor.py:840} INFO - DAG(s) 'example_short_circuit_operator' retrieved from /home/user/rubix/internship_project/.venv/lib/python3.10/site-packages/airflow/example_dags/example_short_circuit_operator.py
[2024-06-24T14:21:10.594+0300] {logging_mixin.py:188} INFO - [2024-06-24T14:21:10.594+0300] {dag.py:3096} INFO - Sync 1 DAGs
[2024-06-24T14:21:10.609+0300] {logging_mixin.py:188} INFO - [2024-06-24T14:21:10.609+0300] {dag.py:3954} INFO - Setting next_dagrun for example_short_circuit_operator to 2024-06-23 00:00:00+00:00, run_after=2024-06-24 00:00:00+00:00
[2024-06-24T14:21:10.640+0300] {processor.py:183} INFO - Processing /home/user/rubix/internship_project/.venv/lib/python3.10/site-packages/airflow/example_dags/example_short_circuit_operator.py took 0.089 seconds
[2024-06-24T14:21:53.534+0300] {processor.py:161} INFO - Started process (PID=28637) to work on /home/user/rubix/internship_project/.venv/lib/python3.10/site-packages/airflow/example_dags/example_short_circuit_operator.py
[2024-06-24T14:21:53.535+0300] {processor.py:830} INFO - Processing file /home/user/rubix/internship_project/.venv/lib/python3.10/site-packages/airflow/example_dags/example_short_circuit_operator.py for tasks to queue
[2024-06-24T14:21:53.536+0300] {logging_mixin.py:188} INFO - [2024-06-24T14:21:53.536+0300] {dagbag.py:545} INFO - Filling up the DagBag from /home/user/rubix/internship_project/.venv/lib/python3.10/site-packages/airflow/example_dags/example_short_circuit_operator.py
[2024-06-24T14:21:53.544+0300] {processor.py:840} INFO - DAG(s) 'example_short_circuit_operator' retrieved from /home/user/rubix/internship_project/.venv/lib/python3.10/site-packages/airflow/example_dags/example_short_circuit_operator.py
[2024-06-24T14:21:53.562+0300] {logging_mixin.py:188} INFO - [2024-06-24T14:21:53.562+0300] {dag.py:3096} INFO - Sync 1 DAGs
[2024-06-24T14:21:53.577+0300] {logging_mixin.py:188} INFO - [2024-06-24T14:21:53.577+0300] {dag.py:3954} INFO - Setting next_dagrun for example_short_circuit_operator to 2024-06-23 00:00:00+00:00, run_after=2024-06-24 00:00:00+00:00
[2024-06-24T14:21:53.607+0300] {processor.py:183} INFO - Processing /home/user/rubix/internship_project/.venv/lib/python3.10/site-packages/airflow/example_dags/example_short_circuit_operator.py took 0.081 seconds
[2024-06-24T14:22:48.292+0300] {processor.py:161} INFO - Started process (PID=28816) to work on /home/user/rubix/internship_project/.venv/lib/python3.10/site-packages/airflow/example_dags/example_short_circuit_operator.py
[2024-06-24T14:22:48.293+0300] {processor.py:830} INFO - Processing file /home/user/rubix/internship_project/.venv/lib/python3.10/site-packages/airflow/example_dags/example_short_circuit_operator.py for tasks to queue
[2024-06-24T14:22:48.296+0300] {logging_mixin.py:188} INFO - [2024-06-24T14:22:48.295+0300] {dagbag.py:545} INFO - Filling up the DagBag from /home/user/rubix/internship_project/.venv/lib/python3.10/site-packages/airflow/example_dags/example_short_circuit_operator.py
[2024-06-24T14:22:48.304+0300] {processor.py:840} INFO - DAG(s) 'example_short_circuit_operator' retrieved from /home/user/rubix/internship_project/.venv/lib/python3.10/site-packages/airflow/example_dags/example_short_circuit_operator.py
[2024-06-24T14:22:48.323+0300] {logging_mixin.py:188} INFO - [2024-06-24T14:22:48.323+0300] {dag.py:3096} INFO - Sync 1 DAGs
[2024-06-24T14:22:48.341+0300] {logging_mixin.py:188} INFO - [2024-06-24T14:22:48.341+0300] {dag.py:3954} INFO - Setting next_dagrun for example_short_circuit_operator to 2024-06-23 00:00:00+00:00, run_after=2024-06-24 00:00:00+00:00
[2024-06-24T14:22:48.371+0300] {processor.py:183} INFO - Processing /home/user/rubix/internship_project/.venv/lib/python3.10/site-packages/airflow/example_dags/example_short_circuit_operator.py took 0.087 seconds
[2024-06-24T14:23:32.888+0300] {processor.py:161} INFO - Started process (PID=29010) to work on /home/user/rubix/internship_project/.venv/lib/python3.10/site-packages/airflow/example_dags/example_short_circuit_operator.py
[2024-06-24T14:23:32.889+0300] {processor.py:830} INFO - Processing file /home/user/rubix/internship_project/.venv/lib/python3.10/site-packages/airflow/example_dags/example_short_circuit_operator.py for tasks to queue
[2024-06-24T14:23:32.891+0300] {logging_mixin.py:188} INFO - [2024-06-24T14:23:32.891+0300] {dagbag.py:545} INFO - Filling up the DagBag from /home/user/rubix/internship_project/.venv/lib/python3.10/site-packages/airflow/example_dags/example_short_circuit_operator.py
[2024-06-24T14:23:32.899+0300] {processor.py:840} INFO - DAG(s) 'example_short_circuit_operator' retrieved from /home/user/rubix/internship_project/.venv/lib/python3.10/site-packages/airflow/example_dags/example_short_circuit_operator.py
[2024-06-24T14:23:32.919+0300] {logging_mixin.py:188} INFO - [2024-06-24T14:23:32.919+0300] {dag.py:3096} INFO - Sync 1 DAGs
[2024-06-24T14:23:32.937+0300] {logging_mixin.py:188} INFO - [2024-06-24T14:23:32.936+0300] {dag.py:3954} INFO - Setting next_dagrun for example_short_circuit_operator to 2024-06-23 00:00:00+00:00, run_after=2024-06-24 00:00:00+00:00
[2024-06-24T14:23:32.967+0300] {processor.py:183} INFO - Processing /home/user/rubix/internship_project/.venv/lib/python3.10/site-packages/airflow/example_dags/example_short_circuit_operator.py took 0.087 seconds
[2024-06-24T14:24:19.146+0300] {processor.py:161} INFO - Started process (PID=29229) to work on /home/user/rubix/internship_project/.venv/lib/python3.10/site-packages/airflow/example_dags/example_short_circuit_operator.py
[2024-06-24T14:24:19.147+0300] {processor.py:830} INFO - Processing file /home/user/rubix/internship_project/.venv/lib/python3.10/site-packages/airflow/example_dags/example_short_circuit_operator.py for tasks to queue
[2024-06-24T14:24:19.149+0300] {logging_mixin.py:188} INFO - [2024-06-24T14:24:19.148+0300] {dagbag.py:545} INFO - Filling up the DagBag from /home/user/rubix/internship_project/.venv/lib/python3.10/site-packages/airflow/example_dags/example_short_circuit_operator.py
[2024-06-24T14:24:19.157+0300] {processor.py:840} INFO - DAG(s) 'example_short_circuit_operator' retrieved from /home/user/rubix/internship_project/.venv/lib/python3.10/site-packages/airflow/example_dags/example_short_circuit_operator.py
[2024-06-24T14:24:19.183+0300] {logging_mixin.py:188} INFO - [2024-06-24T14:24:19.183+0300] {dag.py:3096} INFO - Sync 1 DAGs
[2024-06-24T14:24:19.203+0300] {logging_mixin.py:188} INFO - [2024-06-24T14:24:19.203+0300] {dag.py:3954} INFO - Setting next_dagrun for example_short_circuit_operator to 2024-06-23 00:00:00+00:00, run_after=2024-06-24 00:00:00+00:00
[2024-06-24T14:24:19.235+0300] {processor.py:183} INFO - Processing /home/user/rubix/internship_project/.venv/lib/python3.10/site-packages/airflow/example_dags/example_short_circuit_operator.py took 0.100 seconds
[2024-06-24T14:25:04.672+0300] {processor.py:161} INFO - Started process (PID=29480) to work on /home/user/rubix/internship_project/.venv/lib/python3.10/site-packages/airflow/example_dags/example_short_circuit_operator.py
[2024-06-24T14:25:04.674+0300] {processor.py:830} INFO - Processing file /home/user/rubix/internship_project/.venv/lib/python3.10/site-packages/airflow/example_dags/example_short_circuit_operator.py for tasks to queue
[2024-06-24T14:25:04.676+0300] {logging_mixin.py:188} INFO - [2024-06-24T14:25:04.675+0300] {dagbag.py:545} INFO - Filling up the DagBag from /home/user/rubix/internship_project/.venv/lib/python3.10/site-packages/airflow/example_dags/example_short_circuit_operator.py
[2024-06-24T14:25:04.684+0300] {processor.py:840} INFO - DAG(s) 'example_short_circuit_operator' retrieved from /home/user/rubix/internship_project/.venv/lib/python3.10/site-packages/airflow/example_dags/example_short_circuit_operator.py
[2024-06-24T14:25:04.706+0300] {logging_mixin.py:188} INFO - [2024-06-24T14:25:04.706+0300] {dag.py:3096} INFO - Sync 1 DAGs
[2024-06-24T14:25:04.723+0300] {logging_mixin.py:188} INFO - [2024-06-24T14:25:04.723+0300] {dag.py:3954} INFO - Setting next_dagrun for example_short_circuit_operator to 2024-06-23 00:00:00+00:00, run_after=2024-06-24 00:00:00+00:00
[2024-06-24T14:25:04.742+0300] {processor.py:183} INFO - Processing /home/user/rubix/internship_project/.venv/lib/python3.10/site-packages/airflow/example_dags/example_short_circuit_operator.py took 0.078 seconds
[2024-06-24T14:25:46.100+0300] {processor.py:161} INFO - Started process (PID=29607) to work on /home/user/rubix/internship_project/.venv/lib/python3.10/site-packages/airflow/example_dags/example_short_circuit_operator.py
[2024-06-24T14:25:46.101+0300] {processor.py:830} INFO - Processing file /home/user/rubix/internship_project/.venv/lib/python3.10/site-packages/airflow/example_dags/example_short_circuit_operator.py for tasks to queue
[2024-06-24T14:25:46.102+0300] {logging_mixin.py:188} INFO - [2024-06-24T14:25:46.102+0300] {dagbag.py:545} INFO - Filling up the DagBag from /home/user/rubix/internship_project/.venv/lib/python3.10/site-packages/airflow/example_dags/example_short_circuit_operator.py
[2024-06-24T14:25:46.110+0300] {processor.py:840} INFO - DAG(s) 'example_short_circuit_operator' retrieved from /home/user/rubix/internship_project/.venv/lib/python3.10/site-packages/airflow/example_dags/example_short_circuit_operator.py
[2024-06-24T14:25:46.136+0300] {logging_mixin.py:188} INFO - [2024-06-24T14:25:46.136+0300] {dag.py:3096} INFO - Sync 1 DAGs
[2024-06-24T14:25:46.152+0300] {logging_mixin.py:188} INFO - [2024-06-24T14:25:46.152+0300] {dag.py:3954} INFO - Setting next_dagrun for example_short_circuit_operator to 2024-06-23 00:00:00+00:00, run_after=2024-06-24 00:00:00+00:00
[2024-06-24T14:25:46.172+0300] {processor.py:183} INFO - Processing /home/user/rubix/internship_project/.venv/lib/python3.10/site-packages/airflow/example_dags/example_short_circuit_operator.py took 0.079 seconds
[2024-06-24T14:26:47.730+0300] {processor.py:161} INFO - Started process (PID=29932) to work on /home/user/rubix/internship_project/.venv/lib/python3.10/site-packages/airflow/example_dags/example_short_circuit_operator.py
[2024-06-24T14:26:47.731+0300] {processor.py:830} INFO - Processing file /home/user/rubix/internship_project/.venv/lib/python3.10/site-packages/airflow/example_dags/example_short_circuit_operator.py for tasks to queue
[2024-06-24T14:26:47.733+0300] {logging_mixin.py:188} INFO - [2024-06-24T14:26:47.733+0300] {dagbag.py:545} INFO - Filling up the DagBag from /home/user/rubix/internship_project/.venv/lib/python3.10/site-packages/airflow/example_dags/example_short_circuit_operator.py
[2024-06-24T14:26:47.743+0300] {processor.py:840} INFO - DAG(s) 'example_short_circuit_operator' retrieved from /home/user/rubix/internship_project/.venv/lib/python3.10/site-packages/airflow/example_dags/example_short_circuit_operator.py
[2024-06-24T14:26:47.766+0300] {logging_mixin.py:188} INFO - [2024-06-24T14:26:47.765+0300] {dag.py:3096} INFO - Sync 1 DAGs
[2024-06-24T14:26:47.785+0300] {logging_mixin.py:188} INFO - [2024-06-24T14:26:47.785+0300] {dag.py:3954} INFO - Setting next_dagrun for example_short_circuit_operator to 2024-06-23 00:00:00+00:00, run_after=2024-06-24 00:00:00+00:00
[2024-06-24T14:26:47.814+0300] {processor.py:183} INFO - Processing /home/user/rubix/internship_project/.venv/lib/python3.10/site-packages/airflow/example_dags/example_short_circuit_operator.py took 0.094 seconds
[2024-06-24T14:27:33.054+0300] {processor.py:161} INFO - Started process (PID=30442) to work on /home/user/rubix/internship_project/.venv/lib/python3.10/site-packages/airflow/example_dags/example_short_circuit_operator.py
[2024-06-24T14:27:33.055+0300] {processor.py:830} INFO - Processing file /home/user/rubix/internship_project/.venv/lib/python3.10/site-packages/airflow/example_dags/example_short_circuit_operator.py for tasks to queue
[2024-06-24T14:27:33.057+0300] {logging_mixin.py:188} INFO - [2024-06-24T14:27:33.056+0300] {dagbag.py:545} INFO - Filling up the DagBag from /home/user/rubix/internship_project/.venv/lib/python3.10/site-packages/airflow/example_dags/example_short_circuit_operator.py
[2024-06-24T14:27:33.066+0300] {processor.py:840} INFO - DAG(s) 'example_short_circuit_operator' retrieved from /home/user/rubix/internship_project/.venv/lib/python3.10/site-packages/airflow/example_dags/example_short_circuit_operator.py
[2024-06-24T14:27:33.087+0300] {logging_mixin.py:188} INFO - [2024-06-24T14:27:33.087+0300] {dag.py:3096} INFO - Sync 1 DAGs
[2024-06-24T14:27:33.104+0300] {logging_mixin.py:188} INFO - [2024-06-24T14:27:33.104+0300] {dag.py:3954} INFO - Setting next_dagrun for example_short_circuit_operator to 2024-06-23 00:00:00+00:00, run_after=2024-06-24 00:00:00+00:00
[2024-06-24T14:27:33.137+0300] {processor.py:183} INFO - Processing /home/user/rubix/internship_project/.venv/lib/python3.10/site-packages/airflow/example_dags/example_short_circuit_operator.py took 0.091 seconds
[2024-06-24T14:28:15.010+0300] {processor.py:161} INFO - Started process (PID=30707) to work on /home/user/rubix/internship_project/.venv/lib/python3.10/site-packages/airflow/example_dags/example_short_circuit_operator.py
[2024-06-24T14:28:15.011+0300] {processor.py:830} INFO - Processing file /home/user/rubix/internship_project/.venv/lib/python3.10/site-packages/airflow/example_dags/example_short_circuit_operator.py for tasks to queue
[2024-06-24T14:28:15.012+0300] {logging_mixin.py:188} INFO - [2024-06-24T14:28:15.012+0300] {dagbag.py:545} INFO - Filling up the DagBag from /home/user/rubix/internship_project/.venv/lib/python3.10/site-packages/airflow/example_dags/example_short_circuit_operator.py
[2024-06-24T14:28:15.021+0300] {processor.py:840} INFO - DAG(s) 'example_short_circuit_operator' retrieved from /home/user/rubix/internship_project/.venv/lib/python3.10/site-packages/airflow/example_dags/example_short_circuit_operator.py
[2024-06-24T14:28:15.039+0300] {logging_mixin.py:188} INFO - [2024-06-24T14:28:15.039+0300] {dag.py:3096} INFO - Sync 1 DAGs
[2024-06-24T14:28:15.054+0300] {logging_mixin.py:188} INFO - [2024-06-24T14:28:15.054+0300] {dag.py:3954} INFO - Setting next_dagrun for example_short_circuit_operator to 2024-06-23 00:00:00+00:00, run_after=2024-06-24 00:00:00+00:00
[2024-06-24T14:28:15.086+0300] {processor.py:183} INFO - Processing /home/user/rubix/internship_project/.venv/lib/python3.10/site-packages/airflow/example_dags/example_short_circuit_operator.py took 0.084 seconds
[2024-06-24T14:29:00.067+0300] {processor.py:161} INFO - Started process (PID=30949) to work on /home/user/rubix/internship_project/.venv/lib/python3.10/site-packages/airflow/example_dags/example_short_circuit_operator.py
[2024-06-24T14:29:00.068+0300] {processor.py:830} INFO - Processing file /home/user/rubix/internship_project/.venv/lib/python3.10/site-packages/airflow/example_dags/example_short_circuit_operator.py for tasks to queue
[2024-06-24T14:29:00.070+0300] {logging_mixin.py:188} INFO - [2024-06-24T14:29:00.069+0300] {dagbag.py:545} INFO - Filling up the DagBag from /home/user/rubix/internship_project/.venv/lib/python3.10/site-packages/airflow/example_dags/example_short_circuit_operator.py
[2024-06-24T14:29:00.085+0300] {processor.py:840} INFO - DAG(s) 'example_short_circuit_operator' retrieved from /home/user/rubix/internship_project/.venv/lib/python3.10/site-packages/airflow/example_dags/example_short_circuit_operator.py
[2024-06-24T14:29:00.114+0300] {logging_mixin.py:188} INFO - [2024-06-24T14:29:00.114+0300] {dag.py:3096} INFO - Sync 1 DAGs
[2024-06-24T14:29:00.143+0300] {logging_mixin.py:188} INFO - [2024-06-24T14:29:00.143+0300] {dag.py:3954} INFO - Setting next_dagrun for example_short_circuit_operator to 2024-06-23 00:00:00+00:00, run_after=2024-06-24 00:00:00+00:00
[2024-06-24T14:29:00.170+0300] {processor.py:183} INFO - Processing /home/user/rubix/internship_project/.venv/lib/python3.10/site-packages/airflow/example_dags/example_short_circuit_operator.py took 0.113 seconds
[2024-06-24T14:29:48.151+0300] {processor.py:161} INFO - Started process (PID=31324) to work on /home/user/rubix/internship_project/.venv/lib/python3.10/site-packages/airflow/example_dags/example_short_circuit_operator.py
[2024-06-24T14:29:48.152+0300] {processor.py:830} INFO - Processing file /home/user/rubix/internship_project/.venv/lib/python3.10/site-packages/airflow/example_dags/example_short_circuit_operator.py for tasks to queue
[2024-06-24T14:29:48.156+0300] {logging_mixin.py:188} INFO - [2024-06-24T14:29:48.154+0300] {dagbag.py:545} INFO - Filling up the DagBag from /home/user/rubix/internship_project/.venv/lib/python3.10/site-packages/airflow/example_dags/example_short_circuit_operator.py
[2024-06-24T14:29:48.169+0300] {processor.py:840} INFO - DAG(s) 'example_short_circuit_operator' retrieved from /home/user/rubix/internship_project/.venv/lib/python3.10/site-packages/airflow/example_dags/example_short_circuit_operator.py
[2024-06-24T14:29:48.200+0300] {logging_mixin.py:188} INFO - [2024-06-24T14:29:48.199+0300] {dag.py:3096} INFO - Sync 1 DAGs
[2024-06-24T14:29:48.223+0300] {logging_mixin.py:188} INFO - [2024-06-24T14:29:48.222+0300] {dag.py:3954} INFO - Setting next_dagrun for example_short_circuit_operator to 2024-06-23 00:00:00+00:00, run_after=2024-06-24 00:00:00+00:00
[2024-06-24T14:29:48.258+0300] {processor.py:183} INFO - Processing /home/user/rubix/internship_project/.venv/lib/python3.10/site-packages/airflow/example_dags/example_short_circuit_operator.py took 0.116 seconds
[2024-06-24T14:30:37.198+0300] {processor.py:161} INFO - Started process (PID=31486) to work on /home/user/rubix/internship_project/.venv/lib/python3.10/site-packages/airflow/example_dags/example_short_circuit_operator.py
[2024-06-24T14:30:37.199+0300] {processor.py:830} INFO - Processing file /home/user/rubix/internship_project/.venv/lib/python3.10/site-packages/airflow/example_dags/example_short_circuit_operator.py for tasks to queue
[2024-06-24T14:30:37.201+0300] {logging_mixin.py:188} INFO - [2024-06-24T14:30:37.201+0300] {dagbag.py:545} INFO - Filling up the DagBag from /home/user/rubix/internship_project/.venv/lib/python3.10/site-packages/airflow/example_dags/example_short_circuit_operator.py
[2024-06-24T14:30:37.211+0300] {processor.py:840} INFO - DAG(s) 'example_short_circuit_operator' retrieved from /home/user/rubix/internship_project/.venv/lib/python3.10/site-packages/airflow/example_dags/example_short_circuit_operator.py
[2024-06-24T14:30:37.237+0300] {logging_mixin.py:188} INFO - [2024-06-24T14:30:37.237+0300] {dag.py:3096} INFO - Sync 1 DAGs
[2024-06-24T14:30:37.254+0300] {logging_mixin.py:188} INFO - [2024-06-24T14:30:37.254+0300] {dag.py:3954} INFO - Setting next_dagrun for example_short_circuit_operator to 2024-06-23 00:00:00+00:00, run_after=2024-06-24 00:00:00+00:00
[2024-06-24T14:30:37.273+0300] {processor.py:183} INFO - Processing /home/user/rubix/internship_project/.venv/lib/python3.10/site-packages/airflow/example_dags/example_short_circuit_operator.py took 0.083 seconds
[2024-06-24T14:31:24.101+0300] {processor.py:161} INFO - Started process (PID=31764) to work on /home/user/rubix/internship_project/.venv/lib/python3.10/site-packages/airflow/example_dags/example_short_circuit_operator.py
[2024-06-24T14:31:24.103+0300] {processor.py:830} INFO - Processing file /home/user/rubix/internship_project/.venv/lib/python3.10/site-packages/airflow/example_dags/example_short_circuit_operator.py for tasks to queue
[2024-06-24T14:31:24.109+0300] {logging_mixin.py:188} INFO - [2024-06-24T14:31:24.108+0300] {dagbag.py:545} INFO - Filling up the DagBag from /home/user/rubix/internship_project/.venv/lib/python3.10/site-packages/airflow/example_dags/example_short_circuit_operator.py
[2024-06-24T14:31:24.125+0300] {processor.py:840} INFO - DAG(s) 'example_short_circuit_operator' retrieved from /home/user/rubix/internship_project/.venv/lib/python3.10/site-packages/airflow/example_dags/example_short_circuit_operator.py
[2024-06-24T14:31:24.155+0300] {logging_mixin.py:188} INFO - [2024-06-24T14:31:24.154+0300] {dag.py:3096} INFO - Sync 1 DAGs
[2024-06-24T14:31:24.183+0300] {logging_mixin.py:188} INFO - [2024-06-24T14:31:24.182+0300] {dag.py:3954} INFO - Setting next_dagrun for example_short_circuit_operator to 2024-06-23 00:00:00+00:00, run_after=2024-06-24 00:00:00+00:00
[2024-06-24T14:31:24.230+0300] {processor.py:183} INFO - Processing /home/user/rubix/internship_project/.venv/lib/python3.10/site-packages/airflow/example_dags/example_short_circuit_operator.py took 0.154 seconds
[2024-06-24T14:32:10.193+0300] {processor.py:161} INFO - Started process (PID=32041) to work on /home/user/rubix/internship_project/.venv/lib/python3.10/site-packages/airflow/example_dags/example_short_circuit_operator.py
[2024-06-24T14:32:10.195+0300] {processor.py:830} INFO - Processing file /home/user/rubix/internship_project/.venv/lib/python3.10/site-packages/airflow/example_dags/example_short_circuit_operator.py for tasks to queue
[2024-06-24T14:32:10.196+0300] {logging_mixin.py:188} INFO - [2024-06-24T14:32:10.196+0300] {dagbag.py:545} INFO - Filling up the DagBag from /home/user/rubix/internship_project/.venv/lib/python3.10/site-packages/airflow/example_dags/example_short_circuit_operator.py
[2024-06-24T14:32:10.204+0300] {processor.py:840} INFO - DAG(s) 'example_short_circuit_operator' retrieved from /home/user/rubix/internship_project/.venv/lib/python3.10/site-packages/airflow/example_dags/example_short_circuit_operator.py
[2024-06-24T14:32:10.223+0300] {logging_mixin.py:188} INFO - [2024-06-24T14:32:10.223+0300] {dag.py:3096} INFO - Sync 1 DAGs
[2024-06-24T14:32:10.238+0300] {logging_mixin.py:188} INFO - [2024-06-24T14:32:10.238+0300] {dag.py:3954} INFO - Setting next_dagrun for example_short_circuit_operator to 2024-06-23 00:00:00+00:00, run_after=2024-06-24 00:00:00+00:00
[2024-06-24T14:32:10.266+0300] {processor.py:183} INFO - Processing /home/user/rubix/internship_project/.venv/lib/python3.10/site-packages/airflow/example_dags/example_short_circuit_operator.py took 0.080 seconds
