[2024-06-24T14:04:46.238+0300] {processor.py:161} INFO - Started process (PID=23329) to work on /home/user/rubix/internship_project/.venv/lib/python3.10/site-packages/airflow/example_dags/example_branch_datetime_operator.py
[2024-06-24T14:04:46.240+0300] {processor.py:830} INFO - Processing file /home/user/rubix/internship_project/.venv/lib/python3.10/site-packages/airflow/example_dags/example_branch_datetime_operator.py for tasks to queue
[2024-06-24T14:04:46.253+0300] {logging_mixin.py:188} INFO - [2024-06-24T14:04:46.252+0300] {dagbag.py:545} INFO - Filling up the DagBag from /home/user/rubix/internship_project/.venv/lib/python3.10/site-packages/airflow/example_dags/example_branch_datetime_operator.py
[2024-06-24T14:04:46.266+0300] {processor.py:840} INFO - DAG(s) 'example_branch_datetime_operator', 'example_branch_datetime_operator_2', 'example_branch_datetime_operator_3' retrieved from /home/user/rubix/internship_project/.venv/lib/python3.10/site-packages/airflow/example_dags/example_branch_datetime_operator.py
[2024-06-24T14:04:46.368+0300] {logging_mixin.py:188} INFO - [2024-06-24T14:04:46.368+0300] {dag.py:3096} INFO - Sync 3 DAGs
[2024-06-24T14:04:46.476+0300] {logging_mixin.py:188} INFO - [2024-06-24T14:04:46.476+0300] {dag.py:3954} INFO - Setting next_dagrun for example_branch_datetime_operator to 2024-06-23 00:00:00+00:00, run_after=2024-06-24 00:00:00+00:00
[2024-06-24T14:04:46.479+0300] {logging_mixin.py:188} INFO - [2024-06-24T14:04:46.479+0300] {dag.py:3954} INFO - Setting next_dagrun for example_branch_datetime_operator_2 to 2024-06-23 00:00:00+00:00, run_after=2024-06-24 00:00:00+00:00
[2024-06-24T14:04:46.480+0300] {logging_mixin.py:188} INFO - [2024-06-24T14:04:46.480+0300] {dag.py:3954} INFO - Setting next_dagrun for example_branch_datetime_operator_3 to 2024-06-23 00:00:00+00:00, run_after=2024-06-24 00:00:00+00:00
[2024-06-24T14:04:46.498+0300] {processor.py:183} INFO - Processing /home/user/rubix/internship_project/.venv/lib/python3.10/site-packages/airflow/example_dags/example_branch_datetime_operator.py took 0.268 seconds
[2024-06-24T14:05:48.125+0300] {processor.py:161} INFO - Started process (PID=23841) to work on /home/user/rubix/internship_project/.venv/lib/python3.10/site-packages/airflow/example_dags/example_branch_datetime_operator.py
[2024-06-24T14:05:48.126+0300] {processor.py:830} INFO - Processing file /home/user/rubix/internship_project/.venv/lib/python3.10/site-packages/airflow/example_dags/example_branch_datetime_operator.py for tasks to queue
[2024-06-24T14:05:48.128+0300] {logging_mixin.py:188} INFO - [2024-06-24T14:05:48.127+0300] {dagbag.py:545} INFO - Filling up the DagBag from /home/user/rubix/internship_project/.venv/lib/python3.10/site-packages/airflow/example_dags/example_branch_datetime_operator.py
[2024-06-24T14:05:48.151+0300] {processor.py:840} INFO - DAG(s) 'example_branch_datetime_operator', 'example_branch_datetime_operator_2', 'example_branch_datetime_operator_3' retrieved from /home/user/rubix/internship_project/.venv/lib/python3.10/site-packages/airflow/example_dags/example_branch_datetime_operator.py
[2024-06-24T14:05:48.171+0300] {logging_mixin.py:188} INFO - [2024-06-24T14:05:48.170+0300] {dag.py:3096} INFO - Sync 3 DAGs
[2024-06-24T14:05:48.186+0300] {logging_mixin.py:188} INFO - [2024-06-24T14:05:48.186+0300] {dag.py:3954} INFO - Setting next_dagrun for example_branch_datetime_operator to 2024-06-23 00:00:00+00:00, run_after=2024-06-24 00:00:00+00:00
[2024-06-24T14:05:48.189+0300] {logging_mixin.py:188} INFO - [2024-06-24T14:05:48.189+0300] {dag.py:3954} INFO - Setting next_dagrun for example_branch_datetime_operator_2 to 2024-06-23 00:00:00+00:00, run_after=2024-06-24 00:00:00+00:00
[2024-06-24T14:05:48.190+0300] {logging_mixin.py:188} INFO - [2024-06-24T14:05:48.190+0300] {dag.py:3954} INFO - Setting next_dagrun for example_branch_datetime_operator_3 to 2024-06-23 00:00:00+00:00, run_after=2024-06-24 00:00:00+00:00
[2024-06-24T14:05:48.311+0300] {processor.py:183} INFO - Processing /home/user/rubix/internship_project/.venv/lib/python3.10/site-packages/airflow/example_dags/example_branch_datetime_operator.py took 0.193 seconds
[2024-06-24T14:06:48.628+0300] {processor.py:161} INFO - Started process (PID=24153) to work on /home/user/rubix/internship_project/.venv/lib/python3.10/site-packages/airflow/example_dags/example_branch_datetime_operator.py
[2024-06-24T14:06:48.629+0300] {processor.py:830} INFO - Processing file /home/user/rubix/internship_project/.venv/lib/python3.10/site-packages/airflow/example_dags/example_branch_datetime_operator.py for tasks to queue
[2024-06-24T14:06:48.631+0300] {logging_mixin.py:188} INFO - [2024-06-24T14:06:48.631+0300] {dagbag.py:545} INFO - Filling up the DagBag from /home/user/rubix/internship_project/.venv/lib/python3.10/site-packages/airflow/example_dags/example_branch_datetime_operator.py
[2024-06-24T14:06:48.642+0300] {processor.py:840} INFO - DAG(s) 'example_branch_datetime_operator_3', 'example_branch_datetime_operator_2', 'example_branch_datetime_operator' retrieved from /home/user/rubix/internship_project/.venv/lib/python3.10/site-packages/airflow/example_dags/example_branch_datetime_operator.py
[2024-06-24T14:06:48.662+0300] {logging_mixin.py:188} INFO - [2024-06-24T14:06:48.662+0300] {dag.py:3096} INFO - Sync 3 DAGs
[2024-06-24T14:06:48.679+0300] {logging_mixin.py:188} INFO - [2024-06-24T14:06:48.679+0300] {dag.py:3954} INFO - Setting next_dagrun for example_branch_datetime_operator to 2024-06-23 00:00:00+00:00, run_after=2024-06-24 00:00:00+00:00
[2024-06-24T14:06:48.682+0300] {logging_mixin.py:188} INFO - [2024-06-24T14:06:48.682+0300] {dag.py:3954} INFO - Setting next_dagrun for example_branch_datetime_operator_2 to 2024-06-23 00:00:00+00:00, run_after=2024-06-24 00:00:00+00:00
[2024-06-24T14:06:48.683+0300] {logging_mixin.py:188} INFO - [2024-06-24T14:06:48.683+0300] {dag.py:3954} INFO - Setting next_dagrun for example_branch_datetime_operator_3 to 2024-06-23 00:00:00+00:00, run_after=2024-06-24 00:00:00+00:00
[2024-06-24T14:06:48.714+0300] {processor.py:183} INFO - Processing /home/user/rubix/internship_project/.venv/lib/python3.10/site-packages/airflow/example_dags/example_branch_datetime_operator.py took 0.093 seconds
[2024-06-24T14:08:00.267+0300] {processor.py:161} INFO - Started process (PID=24587) to work on /home/user/rubix/internship_project/.venv/lib/python3.10/site-packages/airflow/example_dags/example_branch_datetime_operator.py
[2024-06-24T14:08:00.268+0300] {processor.py:830} INFO - Processing file /home/user/rubix/internship_project/.venv/lib/python3.10/site-packages/airflow/example_dags/example_branch_datetime_operator.py for tasks to queue
[2024-06-24T14:08:00.270+0300] {logging_mixin.py:188} INFO - [2024-06-24T14:08:00.269+0300] {dagbag.py:545} INFO - Filling up the DagBag from /home/user/rubix/internship_project/.venv/lib/python3.10/site-packages/airflow/example_dags/example_branch_datetime_operator.py
[2024-06-24T14:08:00.281+0300] {processor.py:840} INFO - DAG(s) 'example_branch_datetime_operator_2', 'example_branch_datetime_operator', 'example_branch_datetime_operator_3' retrieved from /home/user/rubix/internship_project/.venv/lib/python3.10/site-packages/airflow/example_dags/example_branch_datetime_operator.py
[2024-06-24T14:08:00.301+0300] {logging_mixin.py:188} INFO - [2024-06-24T14:08:00.301+0300] {dag.py:3096} INFO - Sync 3 DAGs
[2024-06-24T14:08:00.318+0300] {logging_mixin.py:188} INFO - [2024-06-24T14:08:00.318+0300] {dag.py:3954} INFO - Setting next_dagrun for example_branch_datetime_operator to 2024-06-23 00:00:00+00:00, run_after=2024-06-24 00:00:00+00:00
[2024-06-24T14:08:00.321+0300] {logging_mixin.py:188} INFO - [2024-06-24T14:08:00.321+0300] {dag.py:3954} INFO - Setting next_dagrun for example_branch_datetime_operator_2 to 2024-06-23 00:00:00+00:00, run_after=2024-06-24 00:00:00+00:00
[2024-06-24T14:08:00.322+0300] {logging_mixin.py:188} INFO - [2024-06-24T14:08:00.322+0300] {dag.py:3954} INFO - Setting next_dagrun for example_branch_datetime_operator_3 to 2024-06-23 00:00:00+00:00, run_after=2024-06-24 00:00:00+00:00
[2024-06-24T14:08:00.350+0300] {processor.py:183} INFO - Processing /home/user/rubix/internship_project/.venv/lib/python3.10/site-packages/airflow/example_dags/example_branch_datetime_operator.py took 0.091 seconds
[2024-06-24T14:09:08.289+0300] {processor.py:161} INFO - Started process (PID=25022) to work on /home/user/rubix/internship_project/.venv/lib/python3.10/site-packages/airflow/example_dags/example_branch_datetime_operator.py
[2024-06-24T14:09:08.290+0300] {processor.py:830} INFO - Processing file /home/user/rubix/internship_project/.venv/lib/python3.10/site-packages/airflow/example_dags/example_branch_datetime_operator.py for tasks to queue
[2024-06-24T14:09:08.293+0300] {logging_mixin.py:188} INFO - [2024-06-24T14:09:08.292+0300] {dagbag.py:545} INFO - Filling up the DagBag from /home/user/rubix/internship_project/.venv/lib/python3.10/site-packages/airflow/example_dags/example_branch_datetime_operator.py
[2024-06-24T14:09:08.304+0300] {processor.py:840} INFO - DAG(s) 'example_branch_datetime_operator_2', 'example_branch_datetime_operator_3', 'example_branch_datetime_operator' retrieved from /home/user/rubix/internship_project/.venv/lib/python3.10/site-packages/airflow/example_dags/example_branch_datetime_operator.py
[2024-06-24T14:09:08.328+0300] {logging_mixin.py:188} INFO - [2024-06-24T14:09:08.328+0300] {dag.py:3096} INFO - Sync 3 DAGs
[2024-06-24T14:09:08.346+0300] {logging_mixin.py:188} INFO - [2024-06-24T14:09:08.346+0300] {dag.py:3954} INFO - Setting next_dagrun for example_branch_datetime_operator to 2024-06-23 00:00:00+00:00, run_after=2024-06-24 00:00:00+00:00
[2024-06-24T14:09:08.349+0300] {logging_mixin.py:188} INFO - [2024-06-24T14:09:08.349+0300] {dag.py:3954} INFO - Setting next_dagrun for example_branch_datetime_operator_2 to 2024-06-23 00:00:00+00:00, run_after=2024-06-24 00:00:00+00:00
[2024-06-24T14:09:08.351+0300] {logging_mixin.py:188} INFO - [2024-06-24T14:09:08.351+0300] {dag.py:3954} INFO - Setting next_dagrun for example_branch_datetime_operator_3 to 2024-06-23 00:00:00+00:00, run_after=2024-06-24 00:00:00+00:00
[2024-06-24T14:09:08.380+0300] {processor.py:183} INFO - Processing /home/user/rubix/internship_project/.venv/lib/python3.10/site-packages/airflow/example_dags/example_branch_datetime_operator.py took 0.099 seconds
[2024-06-24T14:10:15.939+0300] {processor.py:161} INFO - Started process (PID=25423) to work on /home/user/rubix/internship_project/.venv/lib/python3.10/site-packages/airflow/example_dags/example_branch_datetime_operator.py
[2024-06-24T14:10:15.940+0300] {processor.py:830} INFO - Processing file /home/user/rubix/internship_project/.venv/lib/python3.10/site-packages/airflow/example_dags/example_branch_datetime_operator.py for tasks to queue
[2024-06-24T14:10:15.942+0300] {logging_mixin.py:188} INFO - [2024-06-24T14:10:15.942+0300] {dagbag.py:545} INFO - Filling up the DagBag from /home/user/rubix/internship_project/.venv/lib/python3.10/site-packages/airflow/example_dags/example_branch_datetime_operator.py
[2024-06-24T14:10:15.954+0300] {processor.py:840} INFO - DAG(s) 'example_branch_datetime_operator', 'example_branch_datetime_operator_3', 'example_branch_datetime_operator_2' retrieved from /home/user/rubix/internship_project/.venv/lib/python3.10/site-packages/airflow/example_dags/example_branch_datetime_operator.py
[2024-06-24T14:10:15.976+0300] {logging_mixin.py:188} INFO - [2024-06-24T14:10:15.976+0300] {dag.py:3096} INFO - Sync 3 DAGs
[2024-06-24T14:10:15.994+0300] {logging_mixin.py:188} INFO - [2024-06-24T14:10:15.994+0300] {dag.py:3954} INFO - Setting next_dagrun for example_branch_datetime_operator to 2024-06-23 00:00:00+00:00, run_after=2024-06-24 00:00:00+00:00
[2024-06-24T14:10:15.998+0300] {logging_mixin.py:188} INFO - [2024-06-24T14:10:15.998+0300] {dag.py:3954} INFO - Setting next_dagrun for example_branch_datetime_operator_2 to 2024-06-23 00:00:00+00:00, run_after=2024-06-24 00:00:00+00:00
[2024-06-24T14:10:16.000+0300] {logging_mixin.py:188} INFO - [2024-06-24T14:10:16.000+0300] {dag.py:3954} INFO - Setting next_dagrun for example_branch_datetime_operator_3 to 2024-06-23 00:00:00+00:00, run_after=2024-06-24 00:00:00+00:00
[2024-06-24T14:10:16.028+0300] {processor.py:183} INFO - Processing /home/user/rubix/internship_project/.venv/lib/python3.10/site-packages/airflow/example_dags/example_branch_datetime_operator.py took 0.097 seconds
[2024-06-24T14:11:23.276+0300] {processor.py:161} INFO - Started process (PID=25832) to work on /home/user/rubix/internship_project/.venv/lib/python3.10/site-packages/airflow/example_dags/example_branch_datetime_operator.py
[2024-06-24T14:11:23.277+0300] {processor.py:830} INFO - Processing file /home/user/rubix/internship_project/.venv/lib/python3.10/site-packages/airflow/example_dags/example_branch_datetime_operator.py for tasks to queue
[2024-06-24T14:11:23.279+0300] {logging_mixin.py:188} INFO - [2024-06-24T14:11:23.279+0300] {dagbag.py:545} INFO - Filling up the DagBag from /home/user/rubix/internship_project/.venv/lib/python3.10/site-packages/airflow/example_dags/example_branch_datetime_operator.py
[2024-06-24T14:11:23.291+0300] {processor.py:840} INFO - DAG(s) 'example_branch_datetime_operator_3', 'example_branch_datetime_operator', 'example_branch_datetime_operator_2' retrieved from /home/user/rubix/internship_project/.venv/lib/python3.10/site-packages/airflow/example_dags/example_branch_datetime_operator.py
[2024-06-24T14:11:23.314+0300] {logging_mixin.py:188} INFO - [2024-06-24T14:11:23.314+0300] {dag.py:3096} INFO - Sync 3 DAGs
[2024-06-24T14:11:23.331+0300] {logging_mixin.py:188} INFO - [2024-06-24T14:11:23.330+0300] {dag.py:3954} INFO - Setting next_dagrun for example_branch_datetime_operator to 2024-06-23 00:00:00+00:00, run_after=2024-06-24 00:00:00+00:00
[2024-06-24T14:11:23.334+0300] {logging_mixin.py:188} INFO - [2024-06-24T14:11:23.333+0300] {dag.py:3954} INFO - Setting next_dagrun for example_branch_datetime_operator_2 to 2024-06-23 00:00:00+00:00, run_after=2024-06-24 00:00:00+00:00
[2024-06-24T14:11:23.335+0300] {logging_mixin.py:188} INFO - [2024-06-24T14:11:23.335+0300] {dag.py:3954} INFO - Setting next_dagrun for example_branch_datetime_operator_3 to 2024-06-23 00:00:00+00:00, run_after=2024-06-24 00:00:00+00:00
[2024-06-24T14:11:23.362+0300] {processor.py:183} INFO - Processing /home/user/rubix/internship_project/.venv/lib/python3.10/site-packages/airflow/example_dags/example_branch_datetime_operator.py took 0.094 seconds
[2024-06-24T14:12:27.570+0300] {processor.py:161} INFO - Started process (PID=26127) to work on /home/user/rubix/internship_project/.venv/lib/python3.10/site-packages/airflow/example_dags/example_branch_datetime_operator.py
[2024-06-24T14:12:27.571+0300] {processor.py:830} INFO - Processing file /home/user/rubix/internship_project/.venv/lib/python3.10/site-packages/airflow/example_dags/example_branch_datetime_operator.py for tasks to queue
[2024-06-24T14:12:27.573+0300] {logging_mixin.py:188} INFO - [2024-06-24T14:12:27.573+0300] {dagbag.py:545} INFO - Filling up the DagBag from /home/user/rubix/internship_project/.venv/lib/python3.10/site-packages/airflow/example_dags/example_branch_datetime_operator.py
[2024-06-24T14:12:27.596+0300] {processor.py:840} INFO - DAG(s) 'example_branch_datetime_operator', 'example_branch_datetime_operator_3', 'example_branch_datetime_operator_2' retrieved from /home/user/rubix/internship_project/.venv/lib/python3.10/site-packages/airflow/example_dags/example_branch_datetime_operator.py
[2024-06-24T14:12:27.617+0300] {logging_mixin.py:188} INFO - [2024-06-24T14:12:27.616+0300] {dag.py:3096} INFO - Sync 3 DAGs
[2024-06-24T14:12:27.633+0300] {logging_mixin.py:188} INFO - [2024-06-24T14:12:27.633+0300] {dag.py:3954} INFO - Setting next_dagrun for example_branch_datetime_operator to 2024-06-23 00:00:00+00:00, run_after=2024-06-24 00:00:00+00:00
[2024-06-24T14:12:27.636+0300] {logging_mixin.py:188} INFO - [2024-06-24T14:12:27.636+0300] {dag.py:3954} INFO - Setting next_dagrun for example_branch_datetime_operator_2 to 2024-06-23 00:00:00+00:00, run_after=2024-06-24 00:00:00+00:00
[2024-06-24T14:12:27.637+0300] {logging_mixin.py:188} INFO - [2024-06-24T14:12:27.637+0300] {dag.py:3954} INFO - Setting next_dagrun for example_branch_datetime_operator_3 to 2024-06-23 00:00:00+00:00, run_after=2024-06-24 00:00:00+00:00
[2024-06-24T14:12:27.666+0300] {processor.py:183} INFO - Processing /home/user/rubix/internship_project/.venv/lib/python3.10/site-packages/airflow/example_dags/example_branch_datetime_operator.py took 0.103 seconds
[2024-06-24T14:13:46.879+0300] {processor.py:161} INFO - Started process (PID=26416) to work on /home/user/rubix/internship_project/.venv/lib/python3.10/site-packages/airflow/example_dags/example_branch_datetime_operator.py
[2024-06-24T14:13:46.880+0300] {processor.py:830} INFO - Processing file /home/user/rubix/internship_project/.venv/lib/python3.10/site-packages/airflow/example_dags/example_branch_datetime_operator.py for tasks to queue
[2024-06-24T14:13:46.882+0300] {logging_mixin.py:188} INFO - [2024-06-24T14:13:46.882+0300] {dagbag.py:545} INFO - Filling up the DagBag from /home/user/rubix/internship_project/.venv/lib/python3.10/site-packages/airflow/example_dags/example_branch_datetime_operator.py
[2024-06-24T14:13:46.896+0300] {processor.py:840} INFO - DAG(s) 'example_branch_datetime_operator', 'example_branch_datetime_operator_2', 'example_branch_datetime_operator_3' retrieved from /home/user/rubix/internship_project/.venv/lib/python3.10/site-packages/airflow/example_dags/example_branch_datetime_operator.py
[2024-06-24T14:13:46.924+0300] {logging_mixin.py:188} INFO - [2024-06-24T14:13:46.924+0300] {dag.py:3096} INFO - Sync 3 DAGs
[2024-06-24T14:13:46.945+0300] {logging_mixin.py:188} INFO - [2024-06-24T14:13:46.945+0300] {dag.py:3954} INFO - Setting next_dagrun for example_branch_datetime_operator to 2024-06-23 00:00:00+00:00, run_after=2024-06-24 00:00:00+00:00
[2024-06-24T14:13:46.949+0300] {logging_mixin.py:188} INFO - [2024-06-24T14:13:46.949+0300] {dag.py:3954} INFO - Setting next_dagrun for example_branch_datetime_operator_2 to 2024-06-23 00:00:00+00:00, run_after=2024-06-24 00:00:00+00:00
[2024-06-24T14:13:46.951+0300] {logging_mixin.py:188} INFO - [2024-06-24T14:13:46.950+0300] {dag.py:3954} INFO - Setting next_dagrun for example_branch_datetime_operator_3 to 2024-06-23 00:00:00+00:00, run_after=2024-06-24 00:00:00+00:00
[2024-06-24T14:13:46.984+0300] {processor.py:183} INFO - Processing /home/user/rubix/internship_project/.venv/lib/python3.10/site-packages/airflow/example_dags/example_branch_datetime_operator.py took 0.116 seconds
[2024-06-24T14:14:51.105+0300] {processor.py:161} INFO - Started process (PID=26757) to work on /home/user/rubix/internship_project/.venv/lib/python3.10/site-packages/airflow/example_dags/example_branch_datetime_operator.py
[2024-06-24T14:14:51.106+0300] {processor.py:830} INFO - Processing file /home/user/rubix/internship_project/.venv/lib/python3.10/site-packages/airflow/example_dags/example_branch_datetime_operator.py for tasks to queue
[2024-06-24T14:14:51.108+0300] {logging_mixin.py:188} INFO - [2024-06-24T14:14:51.107+0300] {dagbag.py:545} INFO - Filling up the DagBag from /home/user/rubix/internship_project/.venv/lib/python3.10/site-packages/airflow/example_dags/example_branch_datetime_operator.py
[2024-06-24T14:14:51.119+0300] {processor.py:840} INFO - DAG(s) 'example_branch_datetime_operator_3', 'example_branch_datetime_operator', 'example_branch_datetime_operator_2' retrieved from /home/user/rubix/internship_project/.venv/lib/python3.10/site-packages/airflow/example_dags/example_branch_datetime_operator.py
[2024-06-24T14:14:51.141+0300] {logging_mixin.py:188} INFO - [2024-06-24T14:14:51.141+0300] {dag.py:3096} INFO - Sync 3 DAGs
[2024-06-24T14:14:51.158+0300] {logging_mixin.py:188} INFO - [2024-06-24T14:14:51.158+0300] {dag.py:3954} INFO - Setting next_dagrun for example_branch_datetime_operator to 2024-06-23 00:00:00+00:00, run_after=2024-06-24 00:00:00+00:00
[2024-06-24T14:14:51.161+0300] {logging_mixin.py:188} INFO - [2024-06-24T14:14:51.161+0300] {dag.py:3954} INFO - Setting next_dagrun for example_branch_datetime_operator_2 to 2024-06-23 00:00:00+00:00, run_after=2024-06-24 00:00:00+00:00
[2024-06-24T14:14:51.163+0300] {logging_mixin.py:188} INFO - [2024-06-24T14:14:51.163+0300] {dag.py:3954} INFO - Setting next_dagrun for example_branch_datetime_operator_3 to 2024-06-23 00:00:00+00:00, run_after=2024-06-24 00:00:00+00:00
[2024-06-24T14:14:51.191+0300] {processor.py:183} INFO - Processing /home/user/rubix/internship_project/.venv/lib/python3.10/site-packages/airflow/example_dags/example_branch_datetime_operator.py took 0.094 seconds
[2024-06-24T14:15:55.234+0300] {processor.py:161} INFO - Started process (PID=26951) to work on /home/user/rubix/internship_project/.venv/lib/python3.10/site-packages/airflow/example_dags/example_branch_datetime_operator.py
[2024-06-24T14:15:55.235+0300] {processor.py:830} INFO - Processing file /home/user/rubix/internship_project/.venv/lib/python3.10/site-packages/airflow/example_dags/example_branch_datetime_operator.py for tasks to queue
[2024-06-24T14:15:55.237+0300] {logging_mixin.py:188} INFO - [2024-06-24T14:15:55.236+0300] {dagbag.py:545} INFO - Filling up the DagBag from /home/user/rubix/internship_project/.venv/lib/python3.10/site-packages/airflow/example_dags/example_branch_datetime_operator.py
[2024-06-24T14:15:55.248+0300] {processor.py:840} INFO - DAG(s) 'example_branch_datetime_operator', 'example_branch_datetime_operator_2', 'example_branch_datetime_operator_3' retrieved from /home/user/rubix/internship_project/.venv/lib/python3.10/site-packages/airflow/example_dags/example_branch_datetime_operator.py
[2024-06-24T14:15:55.270+0300] {logging_mixin.py:188} INFO - [2024-06-24T14:15:55.270+0300] {dag.py:3096} INFO - Sync 3 DAGs
[2024-06-24T14:15:55.287+0300] {logging_mixin.py:188} INFO - [2024-06-24T14:15:55.287+0300] {dag.py:3954} INFO - Setting next_dagrun for example_branch_datetime_operator to 2024-06-23 00:00:00+00:00, run_after=2024-06-24 00:00:00+00:00
[2024-06-24T14:15:55.290+0300] {logging_mixin.py:188} INFO - [2024-06-24T14:15:55.290+0300] {dag.py:3954} INFO - Setting next_dagrun for example_branch_datetime_operator_2 to 2024-06-23 00:00:00+00:00, run_after=2024-06-24 00:00:00+00:00
[2024-06-24T14:15:55.292+0300] {logging_mixin.py:188} INFO - [2024-06-24T14:15:55.292+0300] {dag.py:3954} INFO - Setting next_dagrun for example_branch_datetime_operator_3 to 2024-06-23 00:00:00+00:00, run_after=2024-06-24 00:00:00+00:00
[2024-06-24T14:15:55.320+0300] {processor.py:183} INFO - Processing /home/user/rubix/internship_project/.venv/lib/python3.10/site-packages/airflow/example_dags/example_branch_datetime_operator.py took 0.094 seconds
[2024-06-24T14:16:54.899+0300] {processor.py:161} INFO - Started process (PID=27144) to work on /home/user/rubix/internship_project/.venv/lib/python3.10/site-packages/airflow/example_dags/example_branch_datetime_operator.py
[2024-06-24T14:16:54.900+0300] {processor.py:830} INFO - Processing file /home/user/rubix/internship_project/.venv/lib/python3.10/site-packages/airflow/example_dags/example_branch_datetime_operator.py for tasks to queue
[2024-06-24T14:16:54.902+0300] {logging_mixin.py:188} INFO - [2024-06-24T14:16:54.901+0300] {dagbag.py:545} INFO - Filling up the DagBag from /home/user/rubix/internship_project/.venv/lib/python3.10/site-packages/airflow/example_dags/example_branch_datetime_operator.py
[2024-06-24T14:16:54.912+0300] {processor.py:840} INFO - DAG(s) 'example_branch_datetime_operator_3', 'example_branch_datetime_operator', 'example_branch_datetime_operator_2' retrieved from /home/user/rubix/internship_project/.venv/lib/python3.10/site-packages/airflow/example_dags/example_branch_datetime_operator.py
[2024-06-24T14:16:54.933+0300] {logging_mixin.py:188} INFO - [2024-06-24T14:16:54.932+0300] {dag.py:3096} INFO - Sync 3 DAGs
[2024-06-24T14:16:54.948+0300] {logging_mixin.py:188} INFO - [2024-06-24T14:16:54.948+0300] {dag.py:3954} INFO - Setting next_dagrun for example_branch_datetime_operator to 2024-06-23 00:00:00+00:00, run_after=2024-06-24 00:00:00+00:00
[2024-06-24T14:16:54.951+0300] {logging_mixin.py:188} INFO - [2024-06-24T14:16:54.951+0300] {dag.py:3954} INFO - Setting next_dagrun for example_branch_datetime_operator_2 to 2024-06-23 00:00:00+00:00, run_after=2024-06-24 00:00:00+00:00
[2024-06-24T14:16:54.953+0300] {logging_mixin.py:188} INFO - [2024-06-24T14:16:54.953+0300] {dag.py:3954} INFO - Setting next_dagrun for example_branch_datetime_operator_3 to 2024-06-23 00:00:00+00:00, run_after=2024-06-24 00:00:00+00:00
[2024-06-24T14:16:54.977+0300] {processor.py:183} INFO - Processing /home/user/rubix/internship_project/.venv/lib/python3.10/site-packages/airflow/example_dags/example_branch_datetime_operator.py took 0.086 seconds
[2024-06-24T14:17:55.504+0300] {processor.py:161} INFO - Started process (PID=27332) to work on /home/user/rubix/internship_project/.venv/lib/python3.10/site-packages/airflow/example_dags/example_branch_datetime_operator.py
[2024-06-24T14:17:55.505+0300] {processor.py:830} INFO - Processing file /home/user/rubix/internship_project/.venv/lib/python3.10/site-packages/airflow/example_dags/example_branch_datetime_operator.py for tasks to queue
[2024-06-24T14:17:55.506+0300] {logging_mixin.py:188} INFO - [2024-06-24T14:17:55.506+0300] {dagbag.py:545} INFO - Filling up the DagBag from /home/user/rubix/internship_project/.venv/lib/python3.10/site-packages/airflow/example_dags/example_branch_datetime_operator.py
[2024-06-24T14:17:55.536+0300] {processor.py:840} INFO - DAG(s) 'example_branch_datetime_operator_3', 'example_branch_datetime_operator', 'example_branch_datetime_operator_2' retrieved from /home/user/rubix/internship_project/.venv/lib/python3.10/site-packages/airflow/example_dags/example_branch_datetime_operator.py
[2024-06-24T14:17:55.570+0300] {logging_mixin.py:188} INFO - [2024-06-24T14:17:55.570+0300] {dag.py:3096} INFO - Sync 3 DAGs
[2024-06-24T14:17:55.586+0300] {logging_mixin.py:188} INFO - [2024-06-24T14:17:55.586+0300] {dag.py:3954} INFO - Setting next_dagrun for example_branch_datetime_operator to 2024-06-23 00:00:00+00:00, run_after=2024-06-24 00:00:00+00:00
[2024-06-24T14:17:55.589+0300] {logging_mixin.py:188} INFO - [2024-06-24T14:17:55.589+0300] {dag.py:3954} INFO - Setting next_dagrun for example_branch_datetime_operator_2 to 2024-06-23 00:00:00+00:00, run_after=2024-06-24 00:00:00+00:00
[2024-06-24T14:17:55.591+0300] {logging_mixin.py:188} INFO - [2024-06-24T14:17:55.591+0300] {dag.py:3954} INFO - Setting next_dagrun for example_branch_datetime_operator_3 to 2024-06-23 00:00:00+00:00, run_after=2024-06-24 00:00:00+00:00
[2024-06-24T14:17:55.607+0300] {processor.py:183} INFO - Processing /home/user/rubix/internship_project/.venv/lib/python3.10/site-packages/airflow/example_dags/example_branch_datetime_operator.py took 0.133 seconds
[2024-06-24T14:18:55.341+0300] {processor.py:161} INFO - Started process (PID=27513) to work on /home/user/rubix/internship_project/.venv/lib/python3.10/site-packages/airflow/example_dags/example_branch_datetime_operator.py
[2024-06-24T14:18:55.342+0300] {processor.py:830} INFO - Processing file /home/user/rubix/internship_project/.venv/lib/python3.10/site-packages/airflow/example_dags/example_branch_datetime_operator.py for tasks to queue
[2024-06-24T14:18:55.344+0300] {logging_mixin.py:188} INFO - [2024-06-24T14:18:55.344+0300] {dagbag.py:545} INFO - Filling up the DagBag from /home/user/rubix/internship_project/.venv/lib/python3.10/site-packages/airflow/example_dags/example_branch_datetime_operator.py
[2024-06-24T14:18:55.356+0300] {processor.py:840} INFO - DAG(s) 'example_branch_datetime_operator_2', 'example_branch_datetime_operator', 'example_branch_datetime_operator_3' retrieved from /home/user/rubix/internship_project/.venv/lib/python3.10/site-packages/airflow/example_dags/example_branch_datetime_operator.py
[2024-06-24T14:18:55.377+0300] {logging_mixin.py:188} INFO - [2024-06-24T14:18:55.377+0300] {dag.py:3096} INFO - Sync 3 DAGs
[2024-06-24T14:18:55.393+0300] {logging_mixin.py:188} INFO - [2024-06-24T14:18:55.392+0300] {dag.py:3954} INFO - Setting next_dagrun for example_branch_datetime_operator to 2024-06-23 00:00:00+00:00, run_after=2024-06-24 00:00:00+00:00
[2024-06-24T14:18:55.395+0300] {logging_mixin.py:188} INFO - [2024-06-24T14:18:55.395+0300] {dag.py:3954} INFO - Setting next_dagrun for example_branch_datetime_operator_2 to 2024-06-23 00:00:00+00:00, run_after=2024-06-24 00:00:00+00:00
[2024-06-24T14:18:55.397+0300] {logging_mixin.py:188} INFO - [2024-06-24T14:18:55.397+0300] {dag.py:3954} INFO - Setting next_dagrun for example_branch_datetime_operator_3 to 2024-06-23 00:00:00+00:00, run_after=2024-06-24 00:00:00+00:00
[2024-06-24T14:18:55.426+0300] {processor.py:183} INFO - Processing /home/user/rubix/internship_project/.venv/lib/python3.10/site-packages/airflow/example_dags/example_branch_datetime_operator.py took 0.093 seconds
[2024-06-24T14:19:59.450+0300] {processor.py:161} INFO - Started process (PID=27905) to work on /home/user/rubix/internship_project/.venv/lib/python3.10/site-packages/airflow/example_dags/example_branch_datetime_operator.py
[2024-06-24T14:19:59.451+0300] {processor.py:830} INFO - Processing file /home/user/rubix/internship_project/.venv/lib/python3.10/site-packages/airflow/example_dags/example_branch_datetime_operator.py for tasks to queue
[2024-06-24T14:19:59.454+0300] {logging_mixin.py:188} INFO - [2024-06-24T14:19:59.453+0300] {dagbag.py:545} INFO - Filling up the DagBag from /home/user/rubix/internship_project/.venv/lib/python3.10/site-packages/airflow/example_dags/example_branch_datetime_operator.py
[2024-06-24T14:19:59.467+0300] {processor.py:840} INFO - DAG(s) 'example_branch_datetime_operator_2', 'example_branch_datetime_operator_3', 'example_branch_datetime_operator' retrieved from /home/user/rubix/internship_project/.venv/lib/python3.10/site-packages/airflow/example_dags/example_branch_datetime_operator.py
[2024-06-24T14:19:59.488+0300] {logging_mixin.py:188} INFO - [2024-06-24T14:19:59.488+0300] {dag.py:3096} INFO - Sync 3 DAGs
[2024-06-24T14:19:59.504+0300] {logging_mixin.py:188} INFO - [2024-06-24T14:19:59.504+0300] {dag.py:3954} INFO - Setting next_dagrun for example_branch_datetime_operator to 2024-06-23 00:00:00+00:00, run_after=2024-06-24 00:00:00+00:00
[2024-06-24T14:19:59.507+0300] {logging_mixin.py:188} INFO - [2024-06-24T14:19:59.507+0300] {dag.py:3954} INFO - Setting next_dagrun for example_branch_datetime_operator_2 to 2024-06-23 00:00:00+00:00, run_after=2024-06-24 00:00:00+00:00
[2024-06-24T14:19:59.508+0300] {logging_mixin.py:188} INFO - [2024-06-24T14:19:59.508+0300] {dag.py:3954} INFO - Setting next_dagrun for example_branch_datetime_operator_3 to 2024-06-23 00:00:00+00:00, run_after=2024-06-24 00:00:00+00:00
[2024-06-24T14:19:59.536+0300] {processor.py:183} INFO - Processing /home/user/rubix/internship_project/.venv/lib/python3.10/site-packages/airflow/example_dags/example_branch_datetime_operator.py took 0.095 seconds
[2024-06-24T14:20:57.827+0300] {processor.py:161} INFO - Started process (PID=28302) to work on /home/user/rubix/internship_project/.venv/lib/python3.10/site-packages/airflow/example_dags/example_branch_datetime_operator.py
[2024-06-24T14:20:57.828+0300] {processor.py:830} INFO - Processing file /home/user/rubix/internship_project/.venv/lib/python3.10/site-packages/airflow/example_dags/example_branch_datetime_operator.py for tasks to queue
[2024-06-24T14:20:57.830+0300] {logging_mixin.py:188} INFO - [2024-06-24T14:20:57.829+0300] {dagbag.py:545} INFO - Filling up the DagBag from /home/user/rubix/internship_project/.venv/lib/python3.10/site-packages/airflow/example_dags/example_branch_datetime_operator.py
[2024-06-24T14:20:57.840+0300] {processor.py:840} INFO - DAG(s) 'example_branch_datetime_operator_3', 'example_branch_datetime_operator_2', 'example_branch_datetime_operator' retrieved from /home/user/rubix/internship_project/.venv/lib/python3.10/site-packages/airflow/example_dags/example_branch_datetime_operator.py
[2024-06-24T14:20:57.861+0300] {logging_mixin.py:188} INFO - [2024-06-24T14:20:57.861+0300] {dag.py:3096} INFO - Sync 3 DAGs
[2024-06-24T14:20:57.877+0300] {logging_mixin.py:188} INFO - [2024-06-24T14:20:57.877+0300] {dag.py:3954} INFO - Setting next_dagrun for example_branch_datetime_operator to 2024-06-23 00:00:00+00:00, run_after=2024-06-24 00:00:00+00:00
[2024-06-24T14:20:57.880+0300] {logging_mixin.py:188} INFO - [2024-06-24T14:20:57.880+0300] {dag.py:3954} INFO - Setting next_dagrun for example_branch_datetime_operator_2 to 2024-06-23 00:00:00+00:00, run_after=2024-06-24 00:00:00+00:00
[2024-06-24T14:20:57.881+0300] {logging_mixin.py:188} INFO - [2024-06-24T14:20:57.881+0300] {dag.py:3954} INFO - Setting next_dagrun for example_branch_datetime_operator_3 to 2024-06-23 00:00:00+00:00, run_after=2024-06-24 00:00:00+00:00
[2024-06-24T14:20:57.908+0300] {processor.py:183} INFO - Processing /home/user/rubix/internship_project/.venv/lib/python3.10/site-packages/airflow/example_dags/example_branch_datetime_operator.py took 0.088 seconds
[2024-06-24T14:22:01.004+0300] {processor.py:161} INFO - Started process (PID=28714) to work on /home/user/rubix/internship_project/.venv/lib/python3.10/site-packages/airflow/example_dags/example_branch_datetime_operator.py
[2024-06-24T14:22:01.005+0300] {processor.py:830} INFO - Processing file /home/user/rubix/internship_project/.venv/lib/python3.10/site-packages/airflow/example_dags/example_branch_datetime_operator.py for tasks to queue
[2024-06-24T14:22:01.007+0300] {logging_mixin.py:188} INFO - [2024-06-24T14:22:01.006+0300] {dagbag.py:545} INFO - Filling up the DagBag from /home/user/rubix/internship_project/.venv/lib/python3.10/site-packages/airflow/example_dags/example_branch_datetime_operator.py
[2024-06-24T14:22:01.018+0300] {processor.py:840} INFO - DAG(s) 'example_branch_datetime_operator_2', 'example_branch_datetime_operator', 'example_branch_datetime_operator_3' retrieved from /home/user/rubix/internship_project/.venv/lib/python3.10/site-packages/airflow/example_dags/example_branch_datetime_operator.py
[2024-06-24T14:22:01.041+0300] {logging_mixin.py:188} INFO - [2024-06-24T14:22:01.041+0300] {dag.py:3096} INFO - Sync 3 DAGs
[2024-06-24T14:22:01.058+0300] {logging_mixin.py:188} INFO - [2024-06-24T14:22:01.058+0300] {dag.py:3954} INFO - Setting next_dagrun for example_branch_datetime_operator to 2024-06-23 00:00:00+00:00, run_after=2024-06-24 00:00:00+00:00
[2024-06-24T14:22:01.062+0300] {logging_mixin.py:188} INFO - [2024-06-24T14:22:01.062+0300] {dag.py:3954} INFO - Setting next_dagrun for example_branch_datetime_operator_2 to 2024-06-23 00:00:00+00:00, run_after=2024-06-24 00:00:00+00:00
[2024-06-24T14:22:01.063+0300] {logging_mixin.py:188} INFO - [2024-06-24T14:22:01.063+0300] {dag.py:3954} INFO - Setting next_dagrun for example_branch_datetime_operator_3 to 2024-06-23 00:00:00+00:00, run_after=2024-06-24 00:00:00+00:00
[2024-06-24T14:22:01.091+0300] {processor.py:183} INFO - Processing /home/user/rubix/internship_project/.venv/lib/python3.10/site-packages/airflow/example_dags/example_branch_datetime_operator.py took 0.095 seconds
[2024-06-24T14:22:57.818+0300] {processor.py:161} INFO - Started process (PID=28852) to work on /home/user/rubix/internship_project/.venv/lib/python3.10/site-packages/airflow/example_dags/example_branch_datetime_operator.py
[2024-06-24T14:22:57.819+0300] {processor.py:830} INFO - Processing file /home/user/rubix/internship_project/.venv/lib/python3.10/site-packages/airflow/example_dags/example_branch_datetime_operator.py for tasks to queue
[2024-06-24T14:22:57.821+0300] {logging_mixin.py:188} INFO - [2024-06-24T14:22:57.820+0300] {dagbag.py:545} INFO - Filling up the DagBag from /home/user/rubix/internship_project/.venv/lib/python3.10/site-packages/airflow/example_dags/example_branch_datetime_operator.py
[2024-06-24T14:22:57.832+0300] {processor.py:840} INFO - DAG(s) 'example_branch_datetime_operator', 'example_branch_datetime_operator_2', 'example_branch_datetime_operator_3' retrieved from /home/user/rubix/internship_project/.venv/lib/python3.10/site-packages/airflow/example_dags/example_branch_datetime_operator.py
[2024-06-24T14:22:57.855+0300] {logging_mixin.py:188} INFO - [2024-06-24T14:22:57.855+0300] {dag.py:3096} INFO - Sync 3 DAGs
[2024-06-24T14:22:57.872+0300] {logging_mixin.py:188} INFO - [2024-06-24T14:22:57.872+0300] {dag.py:3954} INFO - Setting next_dagrun for example_branch_datetime_operator to 2024-06-23 00:00:00+00:00, run_after=2024-06-24 00:00:00+00:00
[2024-06-24T14:22:57.876+0300] {logging_mixin.py:188} INFO - [2024-06-24T14:22:57.876+0300] {dag.py:3954} INFO - Setting next_dagrun for example_branch_datetime_operator_2 to 2024-06-23 00:00:00+00:00, run_after=2024-06-24 00:00:00+00:00
[2024-06-24T14:22:57.878+0300] {logging_mixin.py:188} INFO - [2024-06-24T14:22:57.877+0300] {dag.py:3954} INFO - Setting next_dagrun for example_branch_datetime_operator_3 to 2024-06-23 00:00:00+00:00, run_after=2024-06-24 00:00:00+00:00
[2024-06-24T14:22:57.907+0300] {processor.py:183} INFO - Processing /home/user/rubix/internship_project/.venv/lib/python3.10/site-packages/airflow/example_dags/example_branch_datetime_operator.py took 0.098 seconds
[2024-06-24T14:24:04.800+0300] {processor.py:161} INFO - Started process (PID=29171) to work on /home/user/rubix/internship_project/.venv/lib/python3.10/site-packages/airflow/example_dags/example_branch_datetime_operator.py
[2024-06-24T14:24:04.802+0300] {processor.py:830} INFO - Processing file /home/user/rubix/internship_project/.venv/lib/python3.10/site-packages/airflow/example_dags/example_branch_datetime_operator.py for tasks to queue
[2024-06-24T14:24:04.804+0300] {logging_mixin.py:188} INFO - [2024-06-24T14:24:04.803+0300] {dagbag.py:545} INFO - Filling up the DagBag from /home/user/rubix/internship_project/.venv/lib/python3.10/site-packages/airflow/example_dags/example_branch_datetime_operator.py
[2024-06-24T14:24:04.817+0300] {processor.py:840} INFO - DAG(s) 'example_branch_datetime_operator', 'example_branch_datetime_operator_3', 'example_branch_datetime_operator_2' retrieved from /home/user/rubix/internship_project/.venv/lib/python3.10/site-packages/airflow/example_dags/example_branch_datetime_operator.py
[2024-06-24T14:24:04.847+0300] {logging_mixin.py:188} INFO - [2024-06-24T14:24:04.846+0300] {dag.py:3096} INFO - Sync 3 DAGs
[2024-06-24T14:24:04.870+0300] {logging_mixin.py:188} INFO - [2024-06-24T14:24:04.870+0300] {dag.py:3954} INFO - Setting next_dagrun for example_branch_datetime_operator to 2024-06-23 00:00:00+00:00, run_after=2024-06-24 00:00:00+00:00
[2024-06-24T14:24:04.874+0300] {logging_mixin.py:188} INFO - [2024-06-24T14:24:04.874+0300] {dag.py:3954} INFO - Setting next_dagrun for example_branch_datetime_operator_2 to 2024-06-23 00:00:00+00:00, run_after=2024-06-24 00:00:00+00:00
[2024-06-24T14:24:04.877+0300] {logging_mixin.py:188} INFO - [2024-06-24T14:24:04.876+0300] {dag.py:3954} INFO - Setting next_dagrun for example_branch_datetime_operator_3 to 2024-06-23 00:00:00+00:00, run_after=2024-06-24 00:00:00+00:00
[2024-06-24T14:24:04.901+0300] {processor.py:183} INFO - Processing /home/user/rubix/internship_project/.venv/lib/python3.10/site-packages/airflow/example_dags/example_branch_datetime_operator.py took 0.110 seconds
[2024-06-24T14:25:12.960+0300] {processor.py:161} INFO - Started process (PID=29515) to work on /home/user/rubix/internship_project/.venv/lib/python3.10/site-packages/airflow/example_dags/example_branch_datetime_operator.py
[2024-06-24T14:25:12.961+0300] {processor.py:830} INFO - Processing file /home/user/rubix/internship_project/.venv/lib/python3.10/site-packages/airflow/example_dags/example_branch_datetime_operator.py for tasks to queue
[2024-06-24T14:25:12.963+0300] {logging_mixin.py:188} INFO - [2024-06-24T14:25:12.962+0300] {dagbag.py:545} INFO - Filling up the DagBag from /home/user/rubix/internship_project/.venv/lib/python3.10/site-packages/airflow/example_dags/example_branch_datetime_operator.py
[2024-06-24T14:25:12.973+0300] {processor.py:840} INFO - DAG(s) 'example_branch_datetime_operator', 'example_branch_datetime_operator_2', 'example_branch_datetime_operator_3' retrieved from /home/user/rubix/internship_project/.venv/lib/python3.10/site-packages/airflow/example_dags/example_branch_datetime_operator.py
[2024-06-24T14:25:12.994+0300] {logging_mixin.py:188} INFO - [2024-06-24T14:25:12.994+0300] {dag.py:3096} INFO - Sync 3 DAGs
[2024-06-24T14:25:13.011+0300] {logging_mixin.py:188} INFO - [2024-06-24T14:25:13.011+0300] {dag.py:3954} INFO - Setting next_dagrun for example_branch_datetime_operator to 2024-06-23 00:00:00+00:00, run_after=2024-06-24 00:00:00+00:00
[2024-06-24T14:25:13.014+0300] {logging_mixin.py:188} INFO - [2024-06-24T14:25:13.014+0300] {dag.py:3954} INFO - Setting next_dagrun for example_branch_datetime_operator_2 to 2024-06-23 00:00:00+00:00, run_after=2024-06-24 00:00:00+00:00
[2024-06-24T14:25:13.015+0300] {logging_mixin.py:188} INFO - [2024-06-24T14:25:13.015+0300] {dag.py:3954} INFO - Setting next_dagrun for example_branch_datetime_operator_3 to 2024-06-23 00:00:00+00:00, run_after=2024-06-24 00:00:00+00:00
[2024-06-24T14:25:13.045+0300] {processor.py:183} INFO - Processing /home/user/rubix/internship_project/.venv/lib/python3.10/site-packages/airflow/example_dags/example_branch_datetime_operator.py took 0.093 seconds
[2024-06-24T14:26:13.068+0300] {processor.py:161} INFO - Started process (PID=29729) to work on /home/user/rubix/internship_project/.venv/lib/python3.10/site-packages/airflow/example_dags/example_branch_datetime_operator.py
[2024-06-24T14:26:13.069+0300] {processor.py:830} INFO - Processing file /home/user/rubix/internship_project/.venv/lib/python3.10/site-packages/airflow/example_dags/example_branch_datetime_operator.py for tasks to queue
[2024-06-24T14:26:13.071+0300] {logging_mixin.py:188} INFO - [2024-06-24T14:26:13.070+0300] {dagbag.py:545} INFO - Filling up the DagBag from /home/user/rubix/internship_project/.venv/lib/python3.10/site-packages/airflow/example_dags/example_branch_datetime_operator.py
[2024-06-24T14:26:13.084+0300] {processor.py:840} INFO - DAG(s) 'example_branch_datetime_operator', 'example_branch_datetime_operator_2', 'example_branch_datetime_operator_3' retrieved from /home/user/rubix/internship_project/.venv/lib/python3.10/site-packages/airflow/example_dags/example_branch_datetime_operator.py
[2024-06-24T14:26:13.114+0300] {logging_mixin.py:188} INFO - [2024-06-24T14:26:13.114+0300] {dag.py:3096} INFO - Sync 3 DAGs
[2024-06-24T14:26:13.134+0300] {logging_mixin.py:188} INFO - [2024-06-24T14:26:13.134+0300] {dag.py:3954} INFO - Setting next_dagrun for example_branch_datetime_operator to 2024-06-23 00:00:00+00:00, run_after=2024-06-24 00:00:00+00:00
[2024-06-24T14:26:13.138+0300] {logging_mixin.py:188} INFO - [2024-06-24T14:26:13.138+0300] {dag.py:3954} INFO - Setting next_dagrun for example_branch_datetime_operator_2 to 2024-06-23 00:00:00+00:00, run_after=2024-06-24 00:00:00+00:00
[2024-06-24T14:26:13.139+0300] {logging_mixin.py:188} INFO - [2024-06-24T14:26:13.139+0300] {dag.py:3954} INFO - Setting next_dagrun for example_branch_datetime_operator_3 to 2024-06-23 00:00:00+00:00, run_after=2024-06-24 00:00:00+00:00
[2024-06-24T14:26:13.169+0300] {processor.py:183} INFO - Processing /home/user/rubix/internship_project/.venv/lib/python3.10/site-packages/airflow/example_dags/example_branch_datetime_operator.py took 0.109 seconds
[2024-06-24T14:27:20.293+0300] {processor.py:161} INFO - Started process (PID=30377) to work on /home/user/rubix/internship_project/.venv/lib/python3.10/site-packages/airflow/example_dags/example_branch_datetime_operator.py
[2024-06-24T14:27:20.294+0300] {processor.py:830} INFO - Processing file /home/user/rubix/internship_project/.venv/lib/python3.10/site-packages/airflow/example_dags/example_branch_datetime_operator.py for tasks to queue
[2024-06-24T14:27:20.296+0300] {logging_mixin.py:188} INFO - [2024-06-24T14:27:20.295+0300] {dagbag.py:545} INFO - Filling up the DagBag from /home/user/rubix/internship_project/.venv/lib/python3.10/site-packages/airflow/example_dags/example_branch_datetime_operator.py
[2024-06-24T14:27:20.307+0300] {processor.py:840} INFO - DAG(s) 'example_branch_datetime_operator_3', 'example_branch_datetime_operator_2', 'example_branch_datetime_operator' retrieved from /home/user/rubix/internship_project/.venv/lib/python3.10/site-packages/airflow/example_dags/example_branch_datetime_operator.py
[2024-06-24T14:27:20.329+0300] {logging_mixin.py:188} INFO - [2024-06-24T14:27:20.328+0300] {dag.py:3096} INFO - Sync 3 DAGs
[2024-06-24T14:27:20.346+0300] {logging_mixin.py:188} INFO - [2024-06-24T14:27:20.346+0300] {dag.py:3954} INFO - Setting next_dagrun for example_branch_datetime_operator to 2024-06-23 00:00:00+00:00, run_after=2024-06-24 00:00:00+00:00
[2024-06-24T14:27:20.349+0300] {logging_mixin.py:188} INFO - [2024-06-24T14:27:20.349+0300] {dag.py:3954} INFO - Setting next_dagrun for example_branch_datetime_operator_2 to 2024-06-23 00:00:00+00:00, run_after=2024-06-24 00:00:00+00:00
[2024-06-24T14:27:20.351+0300] {logging_mixin.py:188} INFO - [2024-06-24T14:27:20.351+0300] {dag.py:3954} INFO - Setting next_dagrun for example_branch_datetime_operator_3 to 2024-06-23 00:00:00+00:00, run_after=2024-06-24 00:00:00+00:00
[2024-06-24T14:27:20.382+0300] {processor.py:183} INFO - Processing /home/user/rubix/internship_project/.venv/lib/python3.10/site-packages/airflow/example_dags/example_branch_datetime_operator.py took 0.098 seconds
[2024-06-24T14:28:22.646+0300] {processor.py:161} INFO - Started process (PID=30723) to work on /home/user/rubix/internship_project/.venv/lib/python3.10/site-packages/airflow/example_dags/example_branch_datetime_operator.py
[2024-06-24T14:28:22.647+0300] {processor.py:830} INFO - Processing file /home/user/rubix/internship_project/.venv/lib/python3.10/site-packages/airflow/example_dags/example_branch_datetime_operator.py for tasks to queue
[2024-06-24T14:28:22.649+0300] {logging_mixin.py:188} INFO - [2024-06-24T14:28:22.648+0300] {dagbag.py:545} INFO - Filling up the DagBag from /home/user/rubix/internship_project/.venv/lib/python3.10/site-packages/airflow/example_dags/example_branch_datetime_operator.py
[2024-06-24T14:28:22.661+0300] {processor.py:840} INFO - DAG(s) 'example_branch_datetime_operator_2', 'example_branch_datetime_operator', 'example_branch_datetime_operator_3' retrieved from /home/user/rubix/internship_project/.venv/lib/python3.10/site-packages/airflow/example_dags/example_branch_datetime_operator.py
[2024-06-24T14:28:22.685+0300] {logging_mixin.py:188} INFO - [2024-06-24T14:28:22.685+0300] {dag.py:3096} INFO - Sync 3 DAGs
[2024-06-24T14:28:22.703+0300] {logging_mixin.py:188} INFO - [2024-06-24T14:28:22.703+0300] {dag.py:3954} INFO - Setting next_dagrun for example_branch_datetime_operator to 2024-06-23 00:00:00+00:00, run_after=2024-06-24 00:00:00+00:00
[2024-06-24T14:28:22.707+0300] {logging_mixin.py:188} INFO - [2024-06-24T14:28:22.707+0300] {dag.py:3954} INFO - Setting next_dagrun for example_branch_datetime_operator_2 to 2024-06-23 00:00:00+00:00, run_after=2024-06-24 00:00:00+00:00
[2024-06-24T14:28:22.709+0300] {logging_mixin.py:188} INFO - [2024-06-24T14:28:22.709+0300] {dag.py:3954} INFO - Setting next_dagrun for example_branch_datetime_operator_3 to 2024-06-23 00:00:00+00:00, run_after=2024-06-24 00:00:00+00:00
[2024-06-24T14:28:22.740+0300] {processor.py:183} INFO - Processing /home/user/rubix/internship_project/.venv/lib/python3.10/site-packages/airflow/example_dags/example_branch_datetime_operator.py took 0.104 seconds
[2024-06-24T14:29:34.973+0300] {processor.py:161} INFO - Started process (PID=31231) to work on /home/user/rubix/internship_project/.venv/lib/python3.10/site-packages/airflow/example_dags/example_branch_datetime_operator.py
[2024-06-24T14:29:34.974+0300] {processor.py:830} INFO - Processing file /home/user/rubix/internship_project/.venv/lib/python3.10/site-packages/airflow/example_dags/example_branch_datetime_operator.py for tasks to queue
[2024-06-24T14:29:34.977+0300] {logging_mixin.py:188} INFO - [2024-06-24T14:29:34.976+0300] {dagbag.py:545} INFO - Filling up the DagBag from /home/user/rubix/internship_project/.venv/lib/python3.10/site-packages/airflow/example_dags/example_branch_datetime_operator.py
[2024-06-24T14:29:34.989+0300] {processor.py:840} INFO - DAG(s) 'example_branch_datetime_operator_3', 'example_branch_datetime_operator', 'example_branch_datetime_operator_2' retrieved from /home/user/rubix/internship_project/.venv/lib/python3.10/site-packages/airflow/example_dags/example_branch_datetime_operator.py
[2024-06-24T14:29:35.015+0300] {logging_mixin.py:188} INFO - [2024-06-24T14:29:35.015+0300] {dag.py:3096} INFO - Sync 3 DAGs
[2024-06-24T14:29:35.035+0300] {logging_mixin.py:188} INFO - [2024-06-24T14:29:35.035+0300] {dag.py:3954} INFO - Setting next_dagrun for example_branch_datetime_operator to 2024-06-23 00:00:00+00:00, run_after=2024-06-24 00:00:00+00:00
[2024-06-24T14:29:35.041+0300] {logging_mixin.py:188} INFO - [2024-06-24T14:29:35.039+0300] {dag.py:3954} INFO - Setting next_dagrun for example_branch_datetime_operator_2 to 2024-06-23 00:00:00+00:00, run_after=2024-06-24 00:00:00+00:00
[2024-06-24T14:29:35.043+0300] {logging_mixin.py:188} INFO - [2024-06-24T14:29:35.042+0300] {dag.py:3954} INFO - Setting next_dagrun for example_branch_datetime_operator_3 to 2024-06-23 00:00:00+00:00, run_after=2024-06-24 00:00:00+00:00
[2024-06-24T14:29:35.071+0300] {processor.py:183} INFO - Processing /home/user/rubix/internship_project/.venv/lib/python3.10/site-packages/airflow/example_dags/example_branch_datetime_operator.py took 0.108 seconds
[2024-06-24T14:30:46.360+0300] {processor.py:161} INFO - Started process (PID=31504) to work on /home/user/rubix/internship_project/.venv/lib/python3.10/site-packages/airflow/example_dags/example_branch_datetime_operator.py
[2024-06-24T14:30:46.361+0300] {processor.py:830} INFO - Processing file /home/user/rubix/internship_project/.venv/lib/python3.10/site-packages/airflow/example_dags/example_branch_datetime_operator.py for tasks to queue
[2024-06-24T14:30:46.363+0300] {logging_mixin.py:188} INFO - [2024-06-24T14:30:46.363+0300] {dagbag.py:545} INFO - Filling up the DagBag from /home/user/rubix/internship_project/.venv/lib/python3.10/site-packages/airflow/example_dags/example_branch_datetime_operator.py
[2024-06-24T14:30:46.376+0300] {processor.py:840} INFO - DAG(s) 'example_branch_datetime_operator_2', 'example_branch_datetime_operator_3', 'example_branch_datetime_operator' retrieved from /home/user/rubix/internship_project/.venv/lib/python3.10/site-packages/airflow/example_dags/example_branch_datetime_operator.py
[2024-06-24T14:30:46.398+0300] {logging_mixin.py:188} INFO - [2024-06-24T14:30:46.398+0300] {dag.py:3096} INFO - Sync 3 DAGs
[2024-06-24T14:30:46.416+0300] {logging_mixin.py:188} INFO - [2024-06-24T14:30:46.416+0300] {dag.py:3954} INFO - Setting next_dagrun for example_branch_datetime_operator to 2024-06-23 00:00:00+00:00, run_after=2024-06-24 00:00:00+00:00
[2024-06-24T14:30:46.419+0300] {logging_mixin.py:188} INFO - [2024-06-24T14:30:46.419+0300] {dag.py:3954} INFO - Setting next_dagrun for example_branch_datetime_operator_2 to 2024-06-23 00:00:00+00:00, run_after=2024-06-24 00:00:00+00:00
[2024-06-24T14:30:46.421+0300] {logging_mixin.py:188} INFO - [2024-06-24T14:30:46.421+0300] {dag.py:3954} INFO - Setting next_dagrun for example_branch_datetime_operator_3 to 2024-06-23 00:00:00+00:00, run_after=2024-06-24 00:00:00+00:00
[2024-06-24T14:30:46.451+0300] {processor.py:183} INFO - Processing /home/user/rubix/internship_project/.venv/lib/python3.10/site-packages/airflow/example_dags/example_branch_datetime_operator.py took 0.101 seconds
[2024-06-24T14:31:56.765+0300] {processor.py:161} INFO - Started process (PID=31949) to work on /home/user/rubix/internship_project/.venv/lib/python3.10/site-packages/airflow/example_dags/example_branch_datetime_operator.py
[2024-06-24T14:31:56.766+0300] {processor.py:830} INFO - Processing file /home/user/rubix/internship_project/.venv/lib/python3.10/site-packages/airflow/example_dags/example_branch_datetime_operator.py for tasks to queue
[2024-06-24T14:31:56.768+0300] {logging_mixin.py:188} INFO - [2024-06-24T14:31:56.768+0300] {dagbag.py:545} INFO - Filling up the DagBag from /home/user/rubix/internship_project/.venv/lib/python3.10/site-packages/airflow/example_dags/example_branch_datetime_operator.py
[2024-06-24T14:31:56.780+0300] {processor.py:840} INFO - DAG(s) 'example_branch_datetime_operator_3', 'example_branch_datetime_operator_2', 'example_branch_datetime_operator' retrieved from /home/user/rubix/internship_project/.venv/lib/python3.10/site-packages/airflow/example_dags/example_branch_datetime_operator.py
[2024-06-24T14:31:56.802+0300] {logging_mixin.py:188} INFO - [2024-06-24T14:31:56.801+0300] {dag.py:3096} INFO - Sync 3 DAGs
[2024-06-24T14:31:56.819+0300] {logging_mixin.py:188} INFO - [2024-06-24T14:31:56.819+0300] {dag.py:3954} INFO - Setting next_dagrun for example_branch_datetime_operator to 2024-06-23 00:00:00+00:00, run_after=2024-06-24 00:00:00+00:00
[2024-06-24T14:31:56.822+0300] {logging_mixin.py:188} INFO - [2024-06-24T14:31:56.822+0300] {dag.py:3954} INFO - Setting next_dagrun for example_branch_datetime_operator_2 to 2024-06-23 00:00:00+00:00, run_after=2024-06-24 00:00:00+00:00
[2024-06-24T14:31:56.824+0300] {logging_mixin.py:188} INFO - [2024-06-24T14:31:56.823+0300] {dag.py:3954} INFO - Setting next_dagrun for example_branch_datetime_operator_3 to 2024-06-23 00:00:00+00:00, run_after=2024-06-24 00:00:00+00:00
[2024-06-24T14:31:56.853+0300] {processor.py:183} INFO - Processing /home/user/rubix/internship_project/.venv/lib/python3.10/site-packages/airflow/example_dags/example_branch_datetime_operator.py took 0.096 seconds
