[2024-06-24T14:02:58.048+0300] {processor.py:161} INFO - Started process (PID=22528) to work on /home/user/rubix/internship_project/.venv/lib/python3.10/site-packages/airflow/example_dags/example_time_delta_sensor_async.py
[2024-06-24T14:02:58.049+0300] {processor.py:830} INFO - Processing file /home/user/rubix/internship_project/.venv/lib/python3.10/site-packages/airflow/example_dags/example_time_delta_sensor_async.py for tasks to queue
[2024-06-24T14:02:58.058+0300] {logging_mixin.py:188} INFO - [2024-06-24T14:02:58.057+0300] {dagbag.py:545} INFO - Filling up the DagBag from /home/user/rubix/internship_project/.venv/lib/python3.10/site-packages/airflow/example_dags/example_time_delta_sensor_async.py
[2024-06-24T14:02:58.068+0300] {processor.py:840} INFO - DAG(s) 'example_time_delta_sensor_async' retrieved from /home/user/rubix/internship_project/.venv/lib/python3.10/site-packages/airflow/example_dags/example_time_delta_sensor_async.py
[2024-06-24T14:02:58.080+0300] {logging_mixin.py:188} INFO - [2024-06-24T14:02:58.080+0300] {dag.py:3096} INFO - Sync 1 DAGs
[2024-06-24T14:02:58.094+0300] {logging_mixin.py:188} INFO - [2024-06-24T14:02:58.094+0300] {dag.py:3954} INFO - Setting next_dagrun for example_time_delta_sensor_async to None, run_after=None
[2024-06-24T14:02:58.114+0300] {processor.py:183} INFO - Processing /home/user/rubix/internship_project/.venv/lib/python3.10/site-packages/airflow/example_dags/example_time_delta_sensor_async.py took 0.076 seconds
[2024-06-24T14:04:11.743+0300] {processor.py:161} INFO - Started process (PID=23137) to work on /home/user/rubix/internship_project/.venv/lib/python3.10/site-packages/airflow/example_dags/example_time_delta_sensor_async.py
[2024-06-24T14:04:11.744+0300] {processor.py:830} INFO - Processing file /home/user/rubix/internship_project/.venv/lib/python3.10/site-packages/airflow/example_dags/example_time_delta_sensor_async.py for tasks to queue
[2024-06-24T14:04:11.746+0300] {logging_mixin.py:188} INFO - [2024-06-24T14:04:11.746+0300] {dagbag.py:545} INFO - Filling up the DagBag from /home/user/rubix/internship_project/.venv/lib/python3.10/site-packages/airflow/example_dags/example_time_delta_sensor_async.py
[2024-06-24T14:04:11.759+0300] {processor.py:840} INFO - DAG(s) 'example_time_delta_sensor_async' retrieved from /home/user/rubix/internship_project/.venv/lib/python3.10/site-packages/airflow/example_dags/example_time_delta_sensor_async.py
[2024-06-24T14:04:11.770+0300] {logging_mixin.py:188} INFO - [2024-06-24T14:04:11.770+0300] {dag.py:3096} INFO - Sync 1 DAGs
[2024-06-24T14:04:11.784+0300] {logging_mixin.py:188} INFO - [2024-06-24T14:04:11.784+0300] {dag.py:3954} INFO - Setting next_dagrun for example_time_delta_sensor_async to None, run_after=None
[2024-06-24T14:04:11.804+0300] {processor.py:183} INFO - Processing /home/user/rubix/internship_project/.venv/lib/python3.10/site-packages/airflow/example_dags/example_time_delta_sensor_async.py took 0.069 seconds
[2024-06-24T14:05:08.689+0300] {processor.py:161} INFO - Started process (PID=23563) to work on /home/user/rubix/internship_project/.venv/lib/python3.10/site-packages/airflow/example_dags/example_time_delta_sensor_async.py
[2024-06-24T14:05:08.690+0300] {processor.py:830} INFO - Processing file /home/user/rubix/internship_project/.venv/lib/python3.10/site-packages/airflow/example_dags/example_time_delta_sensor_async.py for tasks to queue
[2024-06-24T14:05:08.693+0300] {logging_mixin.py:188} INFO - [2024-06-24T14:05:08.693+0300] {dagbag.py:545} INFO - Filling up the DagBag from /home/user/rubix/internship_project/.venv/lib/python3.10/site-packages/airflow/example_dags/example_time_delta_sensor_async.py
[2024-06-24T14:05:08.710+0300] {processor.py:840} INFO - DAG(s) 'example_time_delta_sensor_async' retrieved from /home/user/rubix/internship_project/.venv/lib/python3.10/site-packages/airflow/example_dags/example_time_delta_sensor_async.py
[2024-06-24T14:05:08.895+0300] {logging_mixin.py:188} INFO - [2024-06-24T14:05:08.894+0300] {dag.py:3096} INFO - Sync 1 DAGs
[2024-06-24T14:05:08.901+0300] {logging_mixin.py:188} INFO - [2024-06-24T14:05:08.901+0300] {dag.py:3954} INFO - Setting next_dagrun for example_time_delta_sensor_async to None, run_after=None
[2024-06-24T14:05:08.925+0300] {processor.py:183} INFO - Processing /home/user/rubix/internship_project/.venv/lib/python3.10/site-packages/airflow/example_dags/example_time_delta_sensor_async.py took 0.245 seconds
[2024-06-24T14:06:10.787+0300] {processor.py:161} INFO - Started process (PID=24072) to work on /home/user/rubix/internship_project/.venv/lib/python3.10/site-packages/airflow/example_dags/example_time_delta_sensor_async.py
[2024-06-24T14:06:10.788+0300] {processor.py:830} INFO - Processing file /home/user/rubix/internship_project/.venv/lib/python3.10/site-packages/airflow/example_dags/example_time_delta_sensor_async.py for tasks to queue
[2024-06-24T14:06:10.789+0300] {logging_mixin.py:188} INFO - [2024-06-24T14:06:10.789+0300] {dagbag.py:545} INFO - Filling up the DagBag from /home/user/rubix/internship_project/.venv/lib/python3.10/site-packages/airflow/example_dags/example_time_delta_sensor_async.py
[2024-06-24T14:06:10.796+0300] {processor.py:840} INFO - DAG(s) 'example_time_delta_sensor_async' retrieved from /home/user/rubix/internship_project/.venv/lib/python3.10/site-packages/airflow/example_dags/example_time_delta_sensor_async.py
[2024-06-24T14:06:10.812+0300] {logging_mixin.py:188} INFO - [2024-06-24T14:06:10.812+0300] {dag.py:3096} INFO - Sync 1 DAGs
[2024-06-24T14:06:10.822+0300] {logging_mixin.py:188} INFO - [2024-06-24T14:06:10.822+0300] {dag.py:3954} INFO - Setting next_dagrun for example_time_delta_sensor_async to None, run_after=None
[2024-06-24T14:06:10.853+0300] {processor.py:183} INFO - Processing /home/user/rubix/internship_project/.venv/lib/python3.10/site-packages/airflow/example_dags/example_time_delta_sensor_async.py took 0.075 seconds
[2024-06-24T14:07:05.756+0300] {processor.py:161} INFO - Started process (PID=24251) to work on /home/user/rubix/internship_project/.venv/lib/python3.10/site-packages/airflow/example_dags/example_time_delta_sensor_async.py
[2024-06-24T14:07:05.757+0300] {processor.py:830} INFO - Processing file /home/user/rubix/internship_project/.venv/lib/python3.10/site-packages/airflow/example_dags/example_time_delta_sensor_async.py for tasks to queue
[2024-06-24T14:07:05.759+0300] {logging_mixin.py:188} INFO - [2024-06-24T14:07:05.759+0300] {dagbag.py:545} INFO - Filling up the DagBag from /home/user/rubix/internship_project/.venv/lib/python3.10/site-packages/airflow/example_dags/example_time_delta_sensor_async.py
[2024-06-24T14:07:05.766+0300] {processor.py:840} INFO - DAG(s) 'example_time_delta_sensor_async' retrieved from /home/user/rubix/internship_project/.venv/lib/python3.10/site-packages/airflow/example_dags/example_time_delta_sensor_async.py
[2024-06-24T14:07:05.790+0300] {logging_mixin.py:188} INFO - [2024-06-24T14:07:05.789+0300] {dag.py:3096} INFO - Sync 1 DAGs
[2024-06-24T14:07:05.801+0300] {logging_mixin.py:188} INFO - [2024-06-24T14:07:05.801+0300] {dag.py:3954} INFO - Setting next_dagrun for example_time_delta_sensor_async to None, run_after=None
[2024-06-24T14:07:05.840+0300] {processor.py:183} INFO - Processing /home/user/rubix/internship_project/.venv/lib/python3.10/site-packages/airflow/example_dags/example_time_delta_sensor_async.py took 0.093 seconds
[2024-06-24T14:07:53.159+0300] {processor.py:161} INFO - Started process (PID=24496) to work on /home/user/rubix/internship_project/.venv/lib/python3.10/site-packages/airflow/example_dags/example_time_delta_sensor_async.py
[2024-06-24T14:07:53.160+0300] {processor.py:830} INFO - Processing file /home/user/rubix/internship_project/.venv/lib/python3.10/site-packages/airflow/example_dags/example_time_delta_sensor_async.py for tasks to queue
[2024-06-24T14:07:53.162+0300] {logging_mixin.py:188} INFO - [2024-06-24T14:07:53.162+0300] {dagbag.py:545} INFO - Filling up the DagBag from /home/user/rubix/internship_project/.venv/lib/python3.10/site-packages/airflow/example_dags/example_time_delta_sensor_async.py
[2024-06-24T14:07:53.169+0300] {processor.py:840} INFO - DAG(s) 'example_time_delta_sensor_async' retrieved from /home/user/rubix/internship_project/.venv/lib/python3.10/site-packages/airflow/example_dags/example_time_delta_sensor_async.py
[2024-06-24T14:07:53.193+0300] {logging_mixin.py:188} INFO - [2024-06-24T14:07:53.193+0300] {dag.py:3096} INFO - Sync 1 DAGs
[2024-06-24T14:07:53.204+0300] {logging_mixin.py:188} INFO - [2024-06-24T14:07:53.204+0300] {dag.py:3954} INFO - Setting next_dagrun for example_time_delta_sensor_async to None, run_after=None
[2024-06-24T14:07:53.236+0300] {processor.py:183} INFO - Processing /home/user/rubix/internship_project/.venv/lib/python3.10/site-packages/airflow/example_dags/example_time_delta_sensor_async.py took 0.086 seconds
[2024-06-24T14:08:39.807+0300] {processor.py:161} INFO - Started process (PID=24773) to work on /home/user/rubix/internship_project/.venv/lib/python3.10/site-packages/airflow/example_dags/example_time_delta_sensor_async.py
[2024-06-24T14:08:39.809+0300] {processor.py:830} INFO - Processing file /home/user/rubix/internship_project/.venv/lib/python3.10/site-packages/airflow/example_dags/example_time_delta_sensor_async.py for tasks to queue
[2024-06-24T14:08:39.812+0300] {logging_mixin.py:188} INFO - [2024-06-24T14:08:39.811+0300] {dagbag.py:545} INFO - Filling up the DagBag from /home/user/rubix/internship_project/.venv/lib/python3.10/site-packages/airflow/example_dags/example_time_delta_sensor_async.py
[2024-06-24T14:08:39.817+0300] {processor.py:840} INFO - DAG(s) 'example_time_delta_sensor_async' retrieved from /home/user/rubix/internship_project/.venv/lib/python3.10/site-packages/airflow/example_dags/example_time_delta_sensor_async.py
[2024-06-24T14:08:39.837+0300] {logging_mixin.py:188} INFO - [2024-06-24T14:08:39.837+0300] {dag.py:3096} INFO - Sync 1 DAGs
[2024-06-24T14:08:39.849+0300] {logging_mixin.py:188} INFO - [2024-06-24T14:08:39.849+0300] {dag.py:3954} INFO - Setting next_dagrun for example_time_delta_sensor_async to None, run_after=None
[2024-06-24T14:08:39.878+0300] {processor.py:183} INFO - Processing /home/user/rubix/internship_project/.venv/lib/python3.10/site-packages/airflow/example_dags/example_time_delta_sensor_async.py took 0.080 seconds
[2024-06-24T14:09:25.088+0300] {processor.py:161} INFO - Started process (PID=25113) to work on /home/user/rubix/internship_project/.venv/lib/python3.10/site-packages/airflow/example_dags/example_time_delta_sensor_async.py
[2024-06-24T14:09:25.090+0300] {processor.py:830} INFO - Processing file /home/user/rubix/internship_project/.venv/lib/python3.10/site-packages/airflow/example_dags/example_time_delta_sensor_async.py for tasks to queue
[2024-06-24T14:09:25.092+0300] {logging_mixin.py:188} INFO - [2024-06-24T14:09:25.092+0300] {dagbag.py:545} INFO - Filling up the DagBag from /home/user/rubix/internship_project/.venv/lib/python3.10/site-packages/airflow/example_dags/example_time_delta_sensor_async.py
[2024-06-24T14:09:25.099+0300] {processor.py:840} INFO - DAG(s) 'example_time_delta_sensor_async' retrieved from /home/user/rubix/internship_project/.venv/lib/python3.10/site-packages/airflow/example_dags/example_time_delta_sensor_async.py
[2024-06-24T14:09:25.119+0300] {logging_mixin.py:188} INFO - [2024-06-24T14:09:25.119+0300] {dag.py:3096} INFO - Sync 1 DAGs
[2024-06-24T14:09:25.130+0300] {logging_mixin.py:188} INFO - [2024-06-24T14:09:25.130+0300] {dag.py:3954} INFO - Setting next_dagrun for example_time_delta_sensor_async to None, run_after=None
[2024-06-24T14:09:25.152+0300] {processor.py:183} INFO - Processing /home/user/rubix/internship_project/.venv/lib/python3.10/site-packages/airflow/example_dags/example_time_delta_sensor_async.py took 0.072 seconds
[2024-06-24T14:10:10.607+0300] {processor.py:161} INFO - Started process (PID=25411) to work on /home/user/rubix/internship_project/.venv/lib/python3.10/site-packages/airflow/example_dags/example_time_delta_sensor_async.py
[2024-06-24T14:10:10.610+0300] {processor.py:830} INFO - Processing file /home/user/rubix/internship_project/.venv/lib/python3.10/site-packages/airflow/example_dags/example_time_delta_sensor_async.py for tasks to queue
[2024-06-24T14:10:10.612+0300] {logging_mixin.py:188} INFO - [2024-06-24T14:10:10.612+0300] {dagbag.py:545} INFO - Filling up the DagBag from /home/user/rubix/internship_project/.venv/lib/python3.10/site-packages/airflow/example_dags/example_time_delta_sensor_async.py
[2024-06-24T14:10:10.620+0300] {processor.py:840} INFO - DAG(s) 'example_time_delta_sensor_async' retrieved from /home/user/rubix/internship_project/.venv/lib/python3.10/site-packages/airflow/example_dags/example_time_delta_sensor_async.py
[2024-06-24T14:10:10.643+0300] {logging_mixin.py:188} INFO - [2024-06-24T14:10:10.643+0300] {dag.py:3096} INFO - Sync 1 DAGs
[2024-06-24T14:10:10.656+0300] {logging_mixin.py:188} INFO - [2024-06-24T14:10:10.656+0300] {dag.py:3954} INFO - Setting next_dagrun for example_time_delta_sensor_async to None, run_after=None
[2024-06-24T14:10:10.687+0300] {processor.py:183} INFO - Processing /home/user/rubix/internship_project/.venv/lib/python3.10/site-packages/airflow/example_dags/example_time_delta_sensor_async.py took 0.092 seconds
[2024-06-24T14:10:54.659+0300] {processor.py:161} INFO - Started process (PID=25617) to work on /home/user/rubix/internship_project/.venv/lib/python3.10/site-packages/airflow/example_dags/example_time_delta_sensor_async.py
[2024-06-24T14:10:54.660+0300] {processor.py:830} INFO - Processing file /home/user/rubix/internship_project/.venv/lib/python3.10/site-packages/airflow/example_dags/example_time_delta_sensor_async.py for tasks to queue
[2024-06-24T14:10:54.662+0300] {logging_mixin.py:188} INFO - [2024-06-24T14:10:54.661+0300] {dagbag.py:545} INFO - Filling up the DagBag from /home/user/rubix/internship_project/.venv/lib/python3.10/site-packages/airflow/example_dags/example_time_delta_sensor_async.py
[2024-06-24T14:10:54.668+0300] {processor.py:840} INFO - DAG(s) 'example_time_delta_sensor_async' retrieved from /home/user/rubix/internship_project/.venv/lib/python3.10/site-packages/airflow/example_dags/example_time_delta_sensor_async.py
[2024-06-24T14:10:54.687+0300] {logging_mixin.py:188} INFO - [2024-06-24T14:10:54.687+0300] {dag.py:3096} INFO - Sync 1 DAGs
[2024-06-24T14:10:54.697+0300] {logging_mixin.py:188} INFO - [2024-06-24T14:10:54.697+0300] {dag.py:3954} INFO - Setting next_dagrun for example_time_delta_sensor_async to None, run_after=None
[2024-06-24T14:10:54.728+0300] {processor.py:183} INFO - Processing /home/user/rubix/internship_project/.venv/lib/python3.10/site-packages/airflow/example_dags/example_time_delta_sensor_async.py took 0.081 seconds
[2024-06-24T14:11:39.791+0300] {processor.py:161} INFO - Started process (PID=25947) to work on /home/user/rubix/internship_project/.venv/lib/python3.10/site-packages/airflow/example_dags/example_time_delta_sensor_async.py
[2024-06-24T14:11:39.792+0300] {processor.py:830} INFO - Processing file /home/user/rubix/internship_project/.venv/lib/python3.10/site-packages/airflow/example_dags/example_time_delta_sensor_async.py for tasks to queue
[2024-06-24T14:11:39.794+0300] {logging_mixin.py:188} INFO - [2024-06-24T14:11:39.794+0300] {dagbag.py:545} INFO - Filling up the DagBag from /home/user/rubix/internship_project/.venv/lib/python3.10/site-packages/airflow/example_dags/example_time_delta_sensor_async.py
[2024-06-24T14:11:39.800+0300] {processor.py:840} INFO - DAG(s) 'example_time_delta_sensor_async' retrieved from /home/user/rubix/internship_project/.venv/lib/python3.10/site-packages/airflow/example_dags/example_time_delta_sensor_async.py
[2024-06-24T14:11:39.817+0300] {logging_mixin.py:188} INFO - [2024-06-24T14:11:39.817+0300] {dag.py:3096} INFO - Sync 1 DAGs
[2024-06-24T14:11:39.826+0300] {logging_mixin.py:188} INFO - [2024-06-24T14:11:39.826+0300] {dag.py:3954} INFO - Setting next_dagrun for example_time_delta_sensor_async to None, run_after=None
[2024-06-24T14:11:39.855+0300] {processor.py:183} INFO - Processing /home/user/rubix/internship_project/.venv/lib/python3.10/site-packages/airflow/example_dags/example_time_delta_sensor_async.py took 0.072 seconds
[2024-06-24T14:12:23.501+0300] {processor.py:161} INFO - Started process (PID=26120) to work on /home/user/rubix/internship_project/.venv/lib/python3.10/site-packages/airflow/example_dags/example_time_delta_sensor_async.py
[2024-06-24T14:12:23.502+0300] {processor.py:830} INFO - Processing file /home/user/rubix/internship_project/.venv/lib/python3.10/site-packages/airflow/example_dags/example_time_delta_sensor_async.py for tasks to queue
[2024-06-24T14:12:23.504+0300] {logging_mixin.py:188} INFO - [2024-06-24T14:12:23.504+0300] {dagbag.py:545} INFO - Filling up the DagBag from /home/user/rubix/internship_project/.venv/lib/python3.10/site-packages/airflow/example_dags/example_time_delta_sensor_async.py
[2024-06-24T14:12:23.511+0300] {processor.py:840} INFO - DAG(s) 'example_time_delta_sensor_async' retrieved from /home/user/rubix/internship_project/.venv/lib/python3.10/site-packages/airflow/example_dags/example_time_delta_sensor_async.py
[2024-06-24T14:12:23.529+0300] {logging_mixin.py:188} INFO - [2024-06-24T14:12:23.529+0300] {dag.py:3096} INFO - Sync 1 DAGs
[2024-06-24T14:12:23.538+0300] {logging_mixin.py:188} INFO - [2024-06-24T14:12:23.538+0300] {dag.py:3954} INFO - Setting next_dagrun for example_time_delta_sensor_async to None, run_after=None
[2024-06-24T14:12:23.568+0300] {processor.py:183} INFO - Processing /home/user/rubix/internship_project/.venv/lib/python3.10/site-packages/airflow/example_dags/example_time_delta_sensor_async.py took 0.075 seconds
[2024-06-24T14:13:22.635+0300] {processor.py:161} INFO - Started process (PID=26296) to work on /home/user/rubix/internship_project/.venv/lib/python3.10/site-packages/airflow/example_dags/example_time_delta_sensor_async.py
[2024-06-24T14:13:22.636+0300] {processor.py:830} INFO - Processing file /home/user/rubix/internship_project/.venv/lib/python3.10/site-packages/airflow/example_dags/example_time_delta_sensor_async.py for tasks to queue
[2024-06-24T14:13:22.638+0300] {logging_mixin.py:188} INFO - [2024-06-24T14:13:22.638+0300] {dagbag.py:545} INFO - Filling up the DagBag from /home/user/rubix/internship_project/.venv/lib/python3.10/site-packages/airflow/example_dags/example_time_delta_sensor_async.py
[2024-06-24T14:13:22.654+0300] {processor.py:840} INFO - DAG(s) 'example_time_delta_sensor_async' retrieved from /home/user/rubix/internship_project/.venv/lib/python3.10/site-packages/airflow/example_dags/example_time_delta_sensor_async.py
[2024-06-24T14:13:22.671+0300] {logging_mixin.py:188} INFO - [2024-06-24T14:13:22.671+0300] {dag.py:3096} INFO - Sync 1 DAGs
[2024-06-24T14:13:22.680+0300] {logging_mixin.py:188} INFO - [2024-06-24T14:13:22.680+0300] {dag.py:3954} INFO - Setting next_dagrun for example_time_delta_sensor_async to None, run_after=None
[2024-06-24T14:13:22.710+0300] {processor.py:183} INFO - Processing /home/user/rubix/internship_project/.venv/lib/python3.10/site-packages/airflow/example_dags/example_time_delta_sensor_async.py took 0.083 seconds
[2024-06-24T14:14:13.520+0300] {processor.py:161} INFO - Started process (PID=26618) to work on /home/user/rubix/internship_project/.venv/lib/python3.10/site-packages/airflow/example_dags/example_time_delta_sensor_async.py
[2024-06-24T14:14:13.521+0300] {processor.py:830} INFO - Processing file /home/user/rubix/internship_project/.venv/lib/python3.10/site-packages/airflow/example_dags/example_time_delta_sensor_async.py for tasks to queue
[2024-06-24T14:14:13.523+0300] {logging_mixin.py:188} INFO - [2024-06-24T14:14:13.523+0300] {dagbag.py:545} INFO - Filling up the DagBag from /home/user/rubix/internship_project/.venv/lib/python3.10/site-packages/airflow/example_dags/example_time_delta_sensor_async.py
[2024-06-24T14:14:13.530+0300] {processor.py:840} INFO - DAG(s) 'example_time_delta_sensor_async' retrieved from /home/user/rubix/internship_project/.venv/lib/python3.10/site-packages/airflow/example_dags/example_time_delta_sensor_async.py
[2024-06-24T14:14:13.549+0300] {logging_mixin.py:188} INFO - [2024-06-24T14:14:13.549+0300] {dag.py:3096} INFO - Sync 1 DAGs
[2024-06-24T14:14:13.559+0300] {logging_mixin.py:188} INFO - [2024-06-24T14:14:13.559+0300] {dag.py:3954} INFO - Setting next_dagrun for example_time_delta_sensor_async to None, run_after=None
[2024-06-24T14:14:13.590+0300] {processor.py:183} INFO - Processing /home/user/rubix/internship_project/.venv/lib/python3.10/site-packages/airflow/example_dags/example_time_delta_sensor_async.py took 0.079 seconds
[2024-06-24T14:14:56.863+0300] {processor.py:161} INFO - Started process (PID=26768) to work on /home/user/rubix/internship_project/.venv/lib/python3.10/site-packages/airflow/example_dags/example_time_delta_sensor_async.py
[2024-06-24T14:14:56.864+0300] {processor.py:830} INFO - Processing file /home/user/rubix/internship_project/.venv/lib/python3.10/site-packages/airflow/example_dags/example_time_delta_sensor_async.py for tasks to queue
[2024-06-24T14:14:56.865+0300] {logging_mixin.py:188} INFO - [2024-06-24T14:14:56.865+0300] {dagbag.py:545} INFO - Filling up the DagBag from /home/user/rubix/internship_project/.venv/lib/python3.10/site-packages/airflow/example_dags/example_time_delta_sensor_async.py
[2024-06-24T14:14:56.872+0300] {processor.py:840} INFO - DAG(s) 'example_time_delta_sensor_async' retrieved from /home/user/rubix/internship_project/.venv/lib/python3.10/site-packages/airflow/example_dags/example_time_delta_sensor_async.py
[2024-06-24T14:14:56.892+0300] {logging_mixin.py:188} INFO - [2024-06-24T14:14:56.892+0300] {dag.py:3096} INFO - Sync 1 DAGs
[2024-06-24T14:14:56.903+0300] {logging_mixin.py:188} INFO - [2024-06-24T14:14:56.903+0300] {dag.py:3954} INFO - Setting next_dagrun for example_time_delta_sensor_async to None, run_after=None
[2024-06-24T14:14:56.935+0300] {processor.py:183} INFO - Processing /home/user/rubix/internship_project/.venv/lib/python3.10/site-packages/airflow/example_dags/example_time_delta_sensor_async.py took 0.081 seconds
[2024-06-24T14:15:39.542+0300] {processor.py:161} INFO - Started process (PID=26920) to work on /home/user/rubix/internship_project/.venv/lib/python3.10/site-packages/airflow/example_dags/example_time_delta_sensor_async.py
[2024-06-24T14:15:39.543+0300] {processor.py:830} INFO - Processing file /home/user/rubix/internship_project/.venv/lib/python3.10/site-packages/airflow/example_dags/example_time_delta_sensor_async.py for tasks to queue
[2024-06-24T14:15:39.545+0300] {logging_mixin.py:188} INFO - [2024-06-24T14:15:39.545+0300] {dagbag.py:545} INFO - Filling up the DagBag from /home/user/rubix/internship_project/.venv/lib/python3.10/site-packages/airflow/example_dags/example_time_delta_sensor_async.py
[2024-06-24T14:15:39.551+0300] {processor.py:840} INFO - DAG(s) 'example_time_delta_sensor_async' retrieved from /home/user/rubix/internship_project/.venv/lib/python3.10/site-packages/airflow/example_dags/example_time_delta_sensor_async.py
[2024-06-24T14:15:39.569+0300] {logging_mixin.py:188} INFO - [2024-06-24T14:15:39.569+0300] {dag.py:3096} INFO - Sync 1 DAGs
[2024-06-24T14:15:39.579+0300] {logging_mixin.py:188} INFO - [2024-06-24T14:15:39.579+0300] {dag.py:3954} INFO - Setting next_dagrun for example_time_delta_sensor_async to None, run_after=None
[2024-06-24T14:15:39.610+0300] {processor.py:183} INFO - Processing /home/user/rubix/internship_project/.venv/lib/python3.10/site-packages/airflow/example_dags/example_time_delta_sensor_async.py took 0.075 seconds
[2024-06-24T14:16:21.118+0300] {processor.py:161} INFO - Started process (PID=27068) to work on /home/user/rubix/internship_project/.venv/lib/python3.10/site-packages/airflow/example_dags/example_time_delta_sensor_async.py
[2024-06-24T14:16:21.119+0300] {processor.py:830} INFO - Processing file /home/user/rubix/internship_project/.venv/lib/python3.10/site-packages/airflow/example_dags/example_time_delta_sensor_async.py for tasks to queue
[2024-06-24T14:16:21.121+0300] {logging_mixin.py:188} INFO - [2024-06-24T14:16:21.120+0300] {dagbag.py:545} INFO - Filling up the DagBag from /home/user/rubix/internship_project/.venv/lib/python3.10/site-packages/airflow/example_dags/example_time_delta_sensor_async.py
[2024-06-24T14:16:21.126+0300] {processor.py:840} INFO - DAG(s) 'example_time_delta_sensor_async' retrieved from /home/user/rubix/internship_project/.venv/lib/python3.10/site-packages/airflow/example_dags/example_time_delta_sensor_async.py
[2024-06-24T14:16:21.144+0300] {logging_mixin.py:188} INFO - [2024-06-24T14:16:21.144+0300] {dag.py:3096} INFO - Sync 1 DAGs
[2024-06-24T14:16:21.153+0300] {logging_mixin.py:188} INFO - [2024-06-24T14:16:21.153+0300] {dag.py:3954} INFO - Setting next_dagrun for example_time_delta_sensor_async to None, run_after=None
[2024-06-24T14:16:21.183+0300] {processor.py:183} INFO - Processing /home/user/rubix/internship_project/.venv/lib/python3.10/site-packages/airflow/example_dags/example_time_delta_sensor_async.py took 0.073 seconds
[2024-06-24T14:17:00.459+0300] {processor.py:161} INFO - Started process (PID=27216) to work on /home/user/rubix/internship_project/.venv/lib/python3.10/site-packages/airflow/example_dags/example_time_delta_sensor_async.py
[2024-06-24T14:17:00.460+0300] {processor.py:830} INFO - Processing file /home/user/rubix/internship_project/.venv/lib/python3.10/site-packages/airflow/example_dags/example_time_delta_sensor_async.py for tasks to queue
[2024-06-24T14:17:00.462+0300] {logging_mixin.py:188} INFO - [2024-06-24T14:17:00.461+0300] {dagbag.py:545} INFO - Filling up the DagBag from /home/user/rubix/internship_project/.venv/lib/python3.10/site-packages/airflow/example_dags/example_time_delta_sensor_async.py
[2024-06-24T14:17:00.468+0300] {processor.py:840} INFO - DAG(s) 'example_time_delta_sensor_async' retrieved from /home/user/rubix/internship_project/.venv/lib/python3.10/site-packages/airflow/example_dags/example_time_delta_sensor_async.py
[2024-06-24T14:17:00.486+0300] {logging_mixin.py:188} INFO - [2024-06-24T14:17:00.485+0300] {dag.py:3096} INFO - Sync 1 DAGs
[2024-06-24T14:17:00.496+0300] {logging_mixin.py:188} INFO - [2024-06-24T14:17:00.496+0300] {dag.py:3954} INFO - Setting next_dagrun for example_time_delta_sensor_async to None, run_after=None
[2024-06-24T14:17:00.525+0300] {processor.py:183} INFO - Processing /home/user/rubix/internship_project/.venv/lib/python3.10/site-packages/airflow/example_dags/example_time_delta_sensor_async.py took 0.074 seconds
[2024-06-24T14:17:41.214+0300] {processor.py:161} INFO - Started process (PID=27303) to work on /home/user/rubix/internship_project/.venv/lib/python3.10/site-packages/airflow/example_dags/example_time_delta_sensor_async.py
[2024-06-24T14:17:41.215+0300] {processor.py:830} INFO - Processing file /home/user/rubix/internship_project/.venv/lib/python3.10/site-packages/airflow/example_dags/example_time_delta_sensor_async.py for tasks to queue
[2024-06-24T14:17:41.217+0300] {logging_mixin.py:188} INFO - [2024-06-24T14:17:41.217+0300] {dagbag.py:545} INFO - Filling up the DagBag from /home/user/rubix/internship_project/.venv/lib/python3.10/site-packages/airflow/example_dags/example_time_delta_sensor_async.py
[2024-06-24T14:17:41.223+0300] {processor.py:840} INFO - DAG(s) 'example_time_delta_sensor_async' retrieved from /home/user/rubix/internship_project/.venv/lib/python3.10/site-packages/airflow/example_dags/example_time_delta_sensor_async.py
[2024-06-24T14:17:41.241+0300] {logging_mixin.py:188} INFO - [2024-06-24T14:17:41.241+0300] {dag.py:3096} INFO - Sync 1 DAGs
[2024-06-24T14:17:41.252+0300] {logging_mixin.py:188} INFO - [2024-06-24T14:17:41.252+0300] {dag.py:3954} INFO - Setting next_dagrun for example_time_delta_sensor_async to None, run_after=None
[2024-06-24T14:17:41.286+0300] {processor.py:183} INFO - Processing /home/user/rubix/internship_project/.venv/lib/python3.10/site-packages/airflow/example_dags/example_time_delta_sensor_async.py took 0.079 seconds
[2024-06-24T14:18:32.663+0300] {processor.py:161} INFO - Started process (PID=27467) to work on /home/user/rubix/internship_project/.venv/lib/python3.10/site-packages/airflow/example_dags/example_time_delta_sensor_async.py
[2024-06-24T14:18:32.664+0300] {processor.py:830} INFO - Processing file /home/user/rubix/internship_project/.venv/lib/python3.10/site-packages/airflow/example_dags/example_time_delta_sensor_async.py for tasks to queue
[2024-06-24T14:18:32.665+0300] {logging_mixin.py:188} INFO - [2024-06-24T14:18:32.665+0300] {dagbag.py:545} INFO - Filling up the DagBag from /home/user/rubix/internship_project/.venv/lib/python3.10/site-packages/airflow/example_dags/example_time_delta_sensor_async.py
[2024-06-24T14:18:32.681+0300] {processor.py:840} INFO - DAG(s) 'example_time_delta_sensor_async' retrieved from /home/user/rubix/internship_project/.venv/lib/python3.10/site-packages/airflow/example_dags/example_time_delta_sensor_async.py
[2024-06-24T14:18:32.701+0300] {logging_mixin.py:188} INFO - [2024-06-24T14:18:32.701+0300] {dag.py:3096} INFO - Sync 1 DAGs
[2024-06-24T14:18:32.712+0300] {logging_mixin.py:188} INFO - [2024-06-24T14:18:32.712+0300] {dag.py:3954} INFO - Setting next_dagrun for example_time_delta_sensor_async to None, run_after=None
[2024-06-24T14:18:32.745+0300] {processor.py:183} INFO - Processing /home/user/rubix/internship_project/.venv/lib/python3.10/site-packages/airflow/example_dags/example_time_delta_sensor_async.py took 0.091 seconds
[2024-06-24T14:19:24.558+0300] {processor.py:161} INFO - Started process (PID=27698) to work on /home/user/rubix/internship_project/.venv/lib/python3.10/site-packages/airflow/example_dags/example_time_delta_sensor_async.py
[2024-06-24T14:19:24.560+0300] {processor.py:830} INFO - Processing file /home/user/rubix/internship_project/.venv/lib/python3.10/site-packages/airflow/example_dags/example_time_delta_sensor_async.py for tasks to queue
[2024-06-24T14:19:24.564+0300] {logging_mixin.py:188} INFO - [2024-06-24T14:19:24.563+0300] {dagbag.py:545} INFO - Filling up the DagBag from /home/user/rubix/internship_project/.venv/lib/python3.10/site-packages/airflow/example_dags/example_time_delta_sensor_async.py
[2024-06-24T14:19:24.571+0300] {processor.py:840} INFO - DAG(s) 'example_time_delta_sensor_async' retrieved from /home/user/rubix/internship_project/.venv/lib/python3.10/site-packages/airflow/example_dags/example_time_delta_sensor_async.py
[2024-06-24T14:19:24.601+0300] {logging_mixin.py:188} INFO - [2024-06-24T14:19:24.600+0300] {dag.py:3096} INFO - Sync 1 DAGs
[2024-06-24T14:19:24.617+0300] {logging_mixin.py:188} INFO - [2024-06-24T14:19:24.617+0300] {dag.py:3954} INFO - Setting next_dagrun for example_time_delta_sensor_async to None, run_after=None
[2024-06-24T14:19:24.651+0300] {processor.py:183} INFO - Processing /home/user/rubix/internship_project/.venv/lib/python3.10/site-packages/airflow/example_dags/example_time_delta_sensor_async.py took 0.106 seconds
[2024-06-24T14:20:05.764+0300] {processor.py:161} INFO - Started process (PID=28026) to work on /home/user/rubix/internship_project/.venv/lib/python3.10/site-packages/airflow/example_dags/example_time_delta_sensor_async.py
[2024-06-24T14:20:05.765+0300] {processor.py:830} INFO - Processing file /home/user/rubix/internship_project/.venv/lib/python3.10/site-packages/airflow/example_dags/example_time_delta_sensor_async.py for tasks to queue
[2024-06-24T14:20:05.768+0300] {logging_mixin.py:188} INFO - [2024-06-24T14:20:05.767+0300] {dagbag.py:545} INFO - Filling up the DagBag from /home/user/rubix/internship_project/.venv/lib/python3.10/site-packages/airflow/example_dags/example_time_delta_sensor_async.py
[2024-06-24T14:20:05.775+0300] {processor.py:840} INFO - DAG(s) 'example_time_delta_sensor_async' retrieved from /home/user/rubix/internship_project/.venv/lib/python3.10/site-packages/airflow/example_dags/example_time_delta_sensor_async.py
[2024-06-24T14:20:05.799+0300] {logging_mixin.py:188} INFO - [2024-06-24T14:20:05.799+0300] {dag.py:3096} INFO - Sync 1 DAGs
[2024-06-24T14:20:05.814+0300] {logging_mixin.py:188} INFO - [2024-06-24T14:20:05.813+0300] {dag.py:3954} INFO - Setting next_dagrun for example_time_delta_sensor_async to None, run_after=None
[2024-06-24T14:20:05.843+0300] {processor.py:183} INFO - Processing /home/user/rubix/internship_project/.venv/lib/python3.10/site-packages/airflow/example_dags/example_time_delta_sensor_async.py took 0.090 seconds
[2024-06-24T14:20:44.747+0300] {processor.py:161} INFO - Started process (PID=28241) to work on /home/user/rubix/internship_project/.venv/lib/python3.10/site-packages/airflow/example_dags/example_time_delta_sensor_async.py
[2024-06-24T14:20:44.748+0300] {processor.py:830} INFO - Processing file /home/user/rubix/internship_project/.venv/lib/python3.10/site-packages/airflow/example_dags/example_time_delta_sensor_async.py for tasks to queue
[2024-06-24T14:20:44.750+0300] {logging_mixin.py:188} INFO - [2024-06-24T14:20:44.750+0300] {dagbag.py:545} INFO - Filling up the DagBag from /home/user/rubix/internship_project/.venv/lib/python3.10/site-packages/airflow/example_dags/example_time_delta_sensor_async.py
[2024-06-24T14:20:44.756+0300] {processor.py:840} INFO - DAG(s) 'example_time_delta_sensor_async' retrieved from /home/user/rubix/internship_project/.venv/lib/python3.10/site-packages/airflow/example_dags/example_time_delta_sensor_async.py
[2024-06-24T14:20:44.772+0300] {logging_mixin.py:188} INFO - [2024-06-24T14:20:44.772+0300] {dag.py:3096} INFO - Sync 1 DAGs
[2024-06-24T14:20:44.782+0300] {logging_mixin.py:188} INFO - [2024-06-24T14:20:44.781+0300] {dag.py:3954} INFO - Setting next_dagrun for example_time_delta_sensor_async to None, run_after=None
[2024-06-24T14:20:44.814+0300] {processor.py:183} INFO - Processing /home/user/rubix/internship_project/.venv/lib/python3.10/site-packages/airflow/example_dags/example_time_delta_sensor_async.py took 0.074 seconds
[2024-06-24T14:21:28.280+0300] {processor.py:161} INFO - Started process (PID=28544) to work on /home/user/rubix/internship_project/.venv/lib/python3.10/site-packages/airflow/example_dags/example_time_delta_sensor_async.py
[2024-06-24T14:21:28.282+0300] {processor.py:830} INFO - Processing file /home/user/rubix/internship_project/.venv/lib/python3.10/site-packages/airflow/example_dags/example_time_delta_sensor_async.py for tasks to queue
[2024-06-24T14:21:28.284+0300] {logging_mixin.py:188} INFO - [2024-06-24T14:21:28.283+0300] {dagbag.py:545} INFO - Filling up the DagBag from /home/user/rubix/internship_project/.venv/lib/python3.10/site-packages/airflow/example_dags/example_time_delta_sensor_async.py
[2024-06-24T14:21:28.290+0300] {processor.py:840} INFO - DAG(s) 'example_time_delta_sensor_async' retrieved from /home/user/rubix/internship_project/.venv/lib/python3.10/site-packages/airflow/example_dags/example_time_delta_sensor_async.py
[2024-06-24T14:21:28.310+0300] {logging_mixin.py:188} INFO - [2024-06-24T14:21:28.309+0300] {dag.py:3096} INFO - Sync 1 DAGs
[2024-06-24T14:21:28.321+0300] {logging_mixin.py:188} INFO - [2024-06-24T14:21:28.321+0300] {dag.py:3954} INFO - Setting next_dagrun for example_time_delta_sensor_async to None, run_after=None
[2024-06-24T14:21:28.356+0300] {processor.py:183} INFO - Processing /home/user/rubix/internship_project/.venv/lib/python3.10/site-packages/airflow/example_dags/example_time_delta_sensor_async.py took 0.084 seconds
[2024-06-24T14:22:07.697+0300] {processor.py:161} INFO - Started process (PID=28728) to work on /home/user/rubix/internship_project/.venv/lib/python3.10/site-packages/airflow/example_dags/example_time_delta_sensor_async.py
[2024-06-24T14:22:07.698+0300] {processor.py:830} INFO - Processing file /home/user/rubix/internship_project/.venv/lib/python3.10/site-packages/airflow/example_dags/example_time_delta_sensor_async.py for tasks to queue
[2024-06-24T14:22:07.700+0300] {logging_mixin.py:188} INFO - [2024-06-24T14:22:07.699+0300] {dagbag.py:545} INFO - Filling up the DagBag from /home/user/rubix/internship_project/.venv/lib/python3.10/site-packages/airflow/example_dags/example_time_delta_sensor_async.py
[2024-06-24T14:22:07.706+0300] {processor.py:840} INFO - DAG(s) 'example_time_delta_sensor_async' retrieved from /home/user/rubix/internship_project/.venv/lib/python3.10/site-packages/airflow/example_dags/example_time_delta_sensor_async.py
[2024-06-24T14:22:07.723+0300] {logging_mixin.py:188} INFO - [2024-06-24T14:22:07.723+0300] {dag.py:3096} INFO - Sync 1 DAGs
[2024-06-24T14:22:07.732+0300] {logging_mixin.py:188} INFO - [2024-06-24T14:22:07.732+0300] {dag.py:3954} INFO - Setting next_dagrun for example_time_delta_sensor_async to None, run_after=None
[2024-06-24T14:22:07.762+0300] {processor.py:183} INFO - Processing /home/user/rubix/internship_project/.venv/lib/python3.10/site-packages/airflow/example_dags/example_time_delta_sensor_async.py took 0.073 seconds
[2024-06-24T14:22:45.275+0300] {processor.py:161} INFO - Started process (PID=28810) to work on /home/user/rubix/internship_project/.venv/lib/python3.10/site-packages/airflow/example_dags/example_time_delta_sensor_async.py
[2024-06-24T14:22:45.276+0300] {processor.py:830} INFO - Processing file /home/user/rubix/internship_project/.venv/lib/python3.10/site-packages/airflow/example_dags/example_time_delta_sensor_async.py for tasks to queue
[2024-06-24T14:22:45.278+0300] {logging_mixin.py:188} INFO - [2024-06-24T14:22:45.278+0300] {dagbag.py:545} INFO - Filling up the DagBag from /home/user/rubix/internship_project/.venv/lib/python3.10/site-packages/airflow/example_dags/example_time_delta_sensor_async.py
[2024-06-24T14:22:45.285+0300] {processor.py:840} INFO - DAG(s) 'example_time_delta_sensor_async' retrieved from /home/user/rubix/internship_project/.venv/lib/python3.10/site-packages/airflow/example_dags/example_time_delta_sensor_async.py
[2024-06-24T14:22:45.304+0300] {logging_mixin.py:188} INFO - [2024-06-24T14:22:45.303+0300] {dag.py:3096} INFO - Sync 1 DAGs
[2024-06-24T14:22:45.314+0300] {logging_mixin.py:188} INFO - [2024-06-24T14:22:45.314+0300] {dag.py:3954} INFO - Setting next_dagrun for example_time_delta_sensor_async to None, run_after=None
[2024-06-24T14:22:45.336+0300] {processor.py:183} INFO - Processing /home/user/rubix/internship_project/.venv/lib/python3.10/site-packages/airflow/example_dags/example_time_delta_sensor_async.py took 0.072 seconds
[2024-06-24T14:23:30.422+0300] {processor.py:161} INFO - Started process (PID=29004) to work on /home/user/rubix/internship_project/.venv/lib/python3.10/site-packages/airflow/example_dags/example_time_delta_sensor_async.py
[2024-06-24T14:23:30.423+0300] {processor.py:830} INFO - Processing file /home/user/rubix/internship_project/.venv/lib/python3.10/site-packages/airflow/example_dags/example_time_delta_sensor_async.py for tasks to queue
[2024-06-24T14:23:30.425+0300] {logging_mixin.py:188} INFO - [2024-06-24T14:23:30.425+0300] {dagbag.py:545} INFO - Filling up the DagBag from /home/user/rubix/internship_project/.venv/lib/python3.10/site-packages/airflow/example_dags/example_time_delta_sensor_async.py
[2024-06-24T14:23:30.431+0300] {processor.py:840} INFO - DAG(s) 'example_time_delta_sensor_async' retrieved from /home/user/rubix/internship_project/.venv/lib/python3.10/site-packages/airflow/example_dags/example_time_delta_sensor_async.py
[2024-06-24T14:23:30.448+0300] {logging_mixin.py:188} INFO - [2024-06-24T14:23:30.447+0300] {dag.py:3096} INFO - Sync 1 DAGs
[2024-06-24T14:23:30.457+0300] {logging_mixin.py:188} INFO - [2024-06-24T14:23:30.457+0300] {dag.py:3954} INFO - Setting next_dagrun for example_time_delta_sensor_async to None, run_after=None
[2024-06-24T14:23:30.487+0300] {processor.py:183} INFO - Processing /home/user/rubix/internship_project/.venv/lib/python3.10/site-packages/airflow/example_dags/example_time_delta_sensor_async.py took 0.072 seconds
[2024-06-24T14:24:16.172+0300] {processor.py:161} INFO - Started process (PID=29223) to work on /home/user/rubix/internship_project/.venv/lib/python3.10/site-packages/airflow/example_dags/example_time_delta_sensor_async.py
[2024-06-24T14:24:16.173+0300] {processor.py:830} INFO - Processing file /home/user/rubix/internship_project/.venv/lib/python3.10/site-packages/airflow/example_dags/example_time_delta_sensor_async.py for tasks to queue
[2024-06-24T14:24:16.177+0300] {logging_mixin.py:188} INFO - [2024-06-24T14:24:16.176+0300] {dagbag.py:545} INFO - Filling up the DagBag from /home/user/rubix/internship_project/.venv/lib/python3.10/site-packages/airflow/example_dags/example_time_delta_sensor_async.py
[2024-06-24T14:24:16.183+0300] {processor.py:840} INFO - DAG(s) 'example_time_delta_sensor_async' retrieved from /home/user/rubix/internship_project/.venv/lib/python3.10/site-packages/airflow/example_dags/example_time_delta_sensor_async.py
[2024-06-24T14:24:16.206+0300] {logging_mixin.py:188} INFO - [2024-06-24T14:24:16.205+0300] {dag.py:3096} INFO - Sync 1 DAGs
[2024-06-24T14:24:16.218+0300] {logging_mixin.py:188} INFO - [2024-06-24T14:24:16.217+0300] {dag.py:3954} INFO - Setting next_dagrun for example_time_delta_sensor_async to None, run_after=None
[2024-06-24T14:24:16.254+0300] {processor.py:183} INFO - Processing /home/user/rubix/internship_project/.venv/lib/python3.10/site-packages/airflow/example_dags/example_time_delta_sensor_async.py took 0.091 seconds
[2024-06-24T14:25:02.099+0300] {processor.py:161} INFO - Started process (PID=29477) to work on /home/user/rubix/internship_project/.venv/lib/python3.10/site-packages/airflow/example_dags/example_time_delta_sensor_async.py
[2024-06-24T14:25:02.100+0300] {processor.py:830} INFO - Processing file /home/user/rubix/internship_project/.venv/lib/python3.10/site-packages/airflow/example_dags/example_time_delta_sensor_async.py for tasks to queue
[2024-06-24T14:25:02.101+0300] {logging_mixin.py:188} INFO - [2024-06-24T14:25:02.101+0300] {dagbag.py:545} INFO - Filling up the DagBag from /home/user/rubix/internship_project/.venv/lib/python3.10/site-packages/airflow/example_dags/example_time_delta_sensor_async.py
[2024-06-24T14:25:02.108+0300] {processor.py:840} INFO - DAG(s) 'example_time_delta_sensor_async' retrieved from /home/user/rubix/internship_project/.venv/lib/python3.10/site-packages/airflow/example_dags/example_time_delta_sensor_async.py
[2024-06-24T14:25:02.124+0300] {logging_mixin.py:188} INFO - [2024-06-24T14:25:02.124+0300] {dag.py:3096} INFO - Sync 1 DAGs
[2024-06-24T14:25:02.133+0300] {logging_mixin.py:188} INFO - [2024-06-24T14:25:02.133+0300] {dag.py:3954} INFO - Setting next_dagrun for example_time_delta_sensor_async to None, run_after=None
[2024-06-24T14:25:02.165+0300] {processor.py:183} INFO - Processing /home/user/rubix/internship_project/.venv/lib/python3.10/site-packages/airflow/example_dags/example_time_delta_sensor_async.py took 0.074 seconds
[2024-06-24T14:25:43.269+0300] {processor.py:161} INFO - Started process (PID=29601) to work on /home/user/rubix/internship_project/.venv/lib/python3.10/site-packages/airflow/example_dags/example_time_delta_sensor_async.py
[2024-06-24T14:25:43.270+0300] {processor.py:830} INFO - Processing file /home/user/rubix/internship_project/.venv/lib/python3.10/site-packages/airflow/example_dags/example_time_delta_sensor_async.py for tasks to queue
[2024-06-24T14:25:43.272+0300] {logging_mixin.py:188} INFO - [2024-06-24T14:25:43.271+0300] {dagbag.py:545} INFO - Filling up the DagBag from /home/user/rubix/internship_project/.venv/lib/python3.10/site-packages/airflow/example_dags/example_time_delta_sensor_async.py
[2024-06-24T14:25:43.278+0300] {processor.py:840} INFO - DAG(s) 'example_time_delta_sensor_async' retrieved from /home/user/rubix/internship_project/.venv/lib/python3.10/site-packages/airflow/example_dags/example_time_delta_sensor_async.py
[2024-06-24T14:25:43.295+0300] {logging_mixin.py:188} INFO - [2024-06-24T14:25:43.295+0300] {dag.py:3096} INFO - Sync 1 DAGs
[2024-06-24T14:25:43.304+0300] {logging_mixin.py:188} INFO - [2024-06-24T14:25:43.304+0300] {dag.py:3954} INFO - Setting next_dagrun for example_time_delta_sensor_async to None, run_after=None
[2024-06-24T14:25:43.335+0300] {processor.py:183} INFO - Processing /home/user/rubix/internship_project/.venv/lib/python3.10/site-packages/airflow/example_dags/example_time_delta_sensor_async.py took 0.073 seconds
[2024-06-24T14:26:23.227+0300] {processor.py:161} INFO - Started process (PID=29759) to work on /home/user/rubix/internship_project/.venv/lib/python3.10/site-packages/airflow/example_dags/example_time_delta_sensor_async.py
[2024-06-24T14:26:23.228+0300] {processor.py:830} INFO - Processing file /home/user/rubix/internship_project/.venv/lib/python3.10/site-packages/airflow/example_dags/example_time_delta_sensor_async.py for tasks to queue
[2024-06-24T14:26:23.231+0300] {logging_mixin.py:188} INFO - [2024-06-24T14:26:23.230+0300] {dagbag.py:545} INFO - Filling up the DagBag from /home/user/rubix/internship_project/.venv/lib/python3.10/site-packages/airflow/example_dags/example_time_delta_sensor_async.py
[2024-06-24T14:26:23.238+0300] {processor.py:840} INFO - DAG(s) 'example_time_delta_sensor_async' retrieved from /home/user/rubix/internship_project/.venv/lib/python3.10/site-packages/airflow/example_dags/example_time_delta_sensor_async.py
[2024-06-24T14:26:23.256+0300] {logging_mixin.py:188} INFO - [2024-06-24T14:26:23.256+0300] {dag.py:3096} INFO - Sync 1 DAGs
[2024-06-24T14:26:23.267+0300] {logging_mixin.py:188} INFO - [2024-06-24T14:26:23.266+0300] {dag.py:3954} INFO - Setting next_dagrun for example_time_delta_sensor_async to None, run_after=None
[2024-06-24T14:26:23.300+0300] {processor.py:183} INFO - Processing /home/user/rubix/internship_project/.venv/lib/python3.10/site-packages/airflow/example_dags/example_time_delta_sensor_async.py took 0.081 seconds
[2024-06-24T14:27:06.397+0300] {processor.py:161} INFO - Started process (PID=30125) to work on /home/user/rubix/internship_project/.venv/lib/python3.10/site-packages/airflow/example_dags/example_time_delta_sensor_async.py
[2024-06-24T14:27:06.398+0300] {processor.py:830} INFO - Processing file /home/user/rubix/internship_project/.venv/lib/python3.10/site-packages/airflow/example_dags/example_time_delta_sensor_async.py for tasks to queue
[2024-06-24T14:27:06.400+0300] {logging_mixin.py:188} INFO - [2024-06-24T14:27:06.400+0300] {dagbag.py:545} INFO - Filling up the DagBag from /home/user/rubix/internship_project/.venv/lib/python3.10/site-packages/airflow/example_dags/example_time_delta_sensor_async.py
[2024-06-24T14:27:06.407+0300] {processor.py:840} INFO - DAG(s) 'example_time_delta_sensor_async' retrieved from /home/user/rubix/internship_project/.venv/lib/python3.10/site-packages/airflow/example_dags/example_time_delta_sensor_async.py
[2024-06-24T14:27:06.426+0300] {logging_mixin.py:188} INFO - [2024-06-24T14:27:06.425+0300] {dag.py:3096} INFO - Sync 1 DAGs
[2024-06-24T14:27:06.437+0300] {logging_mixin.py:188} INFO - [2024-06-24T14:27:06.437+0300] {dag.py:3954} INFO - Setting next_dagrun for example_time_delta_sensor_async to None, run_after=None
[2024-06-24T14:27:06.468+0300] {processor.py:183} INFO - Processing /home/user/rubix/internship_project/.venv/lib/python3.10/site-packages/airflow/example_dags/example_time_delta_sensor_async.py took 0.081 seconds
[2024-06-24T14:27:51.413+0300] {processor.py:161} INFO - Started process (PID=30549) to work on /home/user/rubix/internship_project/.venv/lib/python3.10/site-packages/airflow/example_dags/example_time_delta_sensor_async.py
[2024-06-24T14:27:51.414+0300] {processor.py:830} INFO - Processing file /home/user/rubix/internship_project/.venv/lib/python3.10/site-packages/airflow/example_dags/example_time_delta_sensor_async.py for tasks to queue
[2024-06-24T14:27:51.417+0300] {logging_mixin.py:188} INFO - [2024-06-24T14:27:51.416+0300] {dagbag.py:545} INFO - Filling up the DagBag from /home/user/rubix/internship_project/.venv/lib/python3.10/site-packages/airflow/example_dags/example_time_delta_sensor_async.py
[2024-06-24T14:27:51.423+0300] {processor.py:840} INFO - DAG(s) 'example_time_delta_sensor_async' retrieved from /home/user/rubix/internship_project/.venv/lib/python3.10/site-packages/airflow/example_dags/example_time_delta_sensor_async.py
[2024-06-24T14:27:51.440+0300] {logging_mixin.py:188} INFO - [2024-06-24T14:27:51.440+0300] {dag.py:3096} INFO - Sync 1 DAGs
[2024-06-24T14:27:51.450+0300] {logging_mixin.py:188} INFO - [2024-06-24T14:27:51.449+0300] {dag.py:3954} INFO - Setting next_dagrun for example_time_delta_sensor_async to None, run_after=None
[2024-06-24T14:27:51.482+0300] {processor.py:183} INFO - Processing /home/user/rubix/internship_project/.venv/lib/python3.10/site-packages/airflow/example_dags/example_time_delta_sensor_async.py took 0.079 seconds
[2024-06-24T14:28:32.982+0300] {processor.py:161} INFO - Started process (PID=30742) to work on /home/user/rubix/internship_project/.venv/lib/python3.10/site-packages/airflow/example_dags/example_time_delta_sensor_async.py
[2024-06-24T14:28:32.983+0300] {processor.py:830} INFO - Processing file /home/user/rubix/internship_project/.venv/lib/python3.10/site-packages/airflow/example_dags/example_time_delta_sensor_async.py for tasks to queue
[2024-06-24T14:28:32.985+0300] {logging_mixin.py:188} INFO - [2024-06-24T14:28:32.984+0300] {dagbag.py:545} INFO - Filling up the DagBag from /home/user/rubix/internship_project/.venv/lib/python3.10/site-packages/airflow/example_dags/example_time_delta_sensor_async.py
[2024-06-24T14:28:32.991+0300] {processor.py:840} INFO - DAG(s) 'example_time_delta_sensor_async' retrieved from /home/user/rubix/internship_project/.venv/lib/python3.10/site-packages/airflow/example_dags/example_time_delta_sensor_async.py
[2024-06-24T14:28:33.011+0300] {logging_mixin.py:188} INFO - [2024-06-24T14:28:33.011+0300] {dag.py:3096} INFO - Sync 1 DAGs
[2024-06-24T14:28:33.023+0300] {logging_mixin.py:188} INFO - [2024-06-24T14:28:33.023+0300] {dag.py:3954} INFO - Setting next_dagrun for example_time_delta_sensor_async to None, run_after=None
[2024-06-24T14:28:33.044+0300] {processor.py:183} INFO - Processing /home/user/rubix/internship_project/.venv/lib/python3.10/site-packages/airflow/example_dags/example_time_delta_sensor_async.py took 0.070 seconds
[2024-06-24T14:29:20.737+0300] {processor.py:161} INFO - Started process (PID=31120) to work on /home/user/rubix/internship_project/.venv/lib/python3.10/site-packages/airflow/example_dags/example_time_delta_sensor_async.py
[2024-06-24T14:29:20.740+0300] {processor.py:830} INFO - Processing file /home/user/rubix/internship_project/.venv/lib/python3.10/site-packages/airflow/example_dags/example_time_delta_sensor_async.py for tasks to queue
[2024-06-24T14:29:20.743+0300] {logging_mixin.py:188} INFO - [2024-06-24T14:29:20.742+0300] {dagbag.py:545} INFO - Filling up the DagBag from /home/user/rubix/internship_project/.venv/lib/python3.10/site-packages/airflow/example_dags/example_time_delta_sensor_async.py
[2024-06-24T14:29:20.752+0300] {processor.py:840} INFO - DAG(s) 'example_time_delta_sensor_async' retrieved from /home/user/rubix/internship_project/.venv/lib/python3.10/site-packages/airflow/example_dags/example_time_delta_sensor_async.py
[2024-06-24T14:29:20.779+0300] {logging_mixin.py:188} INFO - [2024-06-24T14:29:20.779+0300] {dag.py:3096} INFO - Sync 1 DAGs
[2024-06-24T14:29:20.797+0300] {logging_mixin.py:188} INFO - [2024-06-24T14:29:20.796+0300] {dag.py:3954} INFO - Setting next_dagrun for example_time_delta_sensor_async to None, run_after=None
[2024-06-24T14:29:20.847+0300] {processor.py:183} INFO - Processing /home/user/rubix/internship_project/.venv/lib/python3.10/site-packages/airflow/example_dags/example_time_delta_sensor_async.py took 0.120 seconds
[2024-06-24T14:30:09.955+0300] {processor.py:161} INFO - Started process (PID=31426) to work on /home/user/rubix/internship_project/.venv/lib/python3.10/site-packages/airflow/example_dags/example_time_delta_sensor_async.py
[2024-06-24T14:30:09.956+0300] {processor.py:830} INFO - Processing file /home/user/rubix/internship_project/.venv/lib/python3.10/site-packages/airflow/example_dags/example_time_delta_sensor_async.py for tasks to queue
[2024-06-24T14:30:09.958+0300] {logging_mixin.py:188} INFO - [2024-06-24T14:30:09.958+0300] {dagbag.py:545} INFO - Filling up the DagBag from /home/user/rubix/internship_project/.venv/lib/python3.10/site-packages/airflow/example_dags/example_time_delta_sensor_async.py
[2024-06-24T14:30:09.964+0300] {processor.py:840} INFO - DAG(s) 'example_time_delta_sensor_async' retrieved from /home/user/rubix/internship_project/.venv/lib/python3.10/site-packages/airflow/example_dags/example_time_delta_sensor_async.py
[2024-06-24T14:30:09.981+0300] {logging_mixin.py:188} INFO - [2024-06-24T14:30:09.980+0300] {dag.py:3096} INFO - Sync 1 DAGs
[2024-06-24T14:30:09.990+0300] {logging_mixin.py:188} INFO - [2024-06-24T14:30:09.990+0300] {dag.py:3954} INFO - Setting next_dagrun for example_time_delta_sensor_async to None, run_after=None
[2024-06-24T14:30:10.019+0300] {processor.py:183} INFO - Processing /home/user/rubix/internship_project/.venv/lib/python3.10/site-packages/airflow/example_dags/example_time_delta_sensor_async.py took 0.072 seconds
[2024-06-24T14:30:56.810+0300] {processor.py:161} INFO - Started process (PID=31523) to work on /home/user/rubix/internship_project/.venv/lib/python3.10/site-packages/airflow/example_dags/example_time_delta_sensor_async.py
[2024-06-24T14:30:56.811+0300] {processor.py:830} INFO - Processing file /home/user/rubix/internship_project/.venv/lib/python3.10/site-packages/airflow/example_dags/example_time_delta_sensor_async.py for tasks to queue
[2024-06-24T14:30:56.812+0300] {logging_mixin.py:188} INFO - [2024-06-24T14:30:56.812+0300] {dagbag.py:545} INFO - Filling up the DagBag from /home/user/rubix/internship_project/.venv/lib/python3.10/site-packages/airflow/example_dags/example_time_delta_sensor_async.py
[2024-06-24T14:30:56.819+0300] {processor.py:840} INFO - DAG(s) 'example_time_delta_sensor_async' retrieved from /home/user/rubix/internship_project/.venv/lib/python3.10/site-packages/airflow/example_dags/example_time_delta_sensor_async.py
[2024-06-24T14:30:56.835+0300] {logging_mixin.py:188} INFO - [2024-06-24T14:30:56.835+0300] {dag.py:3096} INFO - Sync 1 DAGs
[2024-06-24T14:30:56.844+0300] {logging_mixin.py:188} INFO - [2024-06-24T14:30:56.844+0300] {dag.py:3954} INFO - Setting next_dagrun for example_time_delta_sensor_async to None, run_after=None
[2024-06-24T14:30:56.872+0300] {processor.py:183} INFO - Processing /home/user/rubix/internship_project/.venv/lib/python3.10/site-packages/airflow/example_dags/example_time_delta_sensor_async.py took 0.070 seconds
[2024-06-24T14:31:44.115+0300] {processor.py:161} INFO - Started process (PID=31924) to work on /home/user/rubix/internship_project/.venv/lib/python3.10/site-packages/airflow/example_dags/example_time_delta_sensor_async.py
[2024-06-24T14:31:44.116+0300] {processor.py:830} INFO - Processing file /home/user/rubix/internship_project/.venv/lib/python3.10/site-packages/airflow/example_dags/example_time_delta_sensor_async.py for tasks to queue
[2024-06-24T14:31:44.118+0300] {logging_mixin.py:188} INFO - [2024-06-24T14:31:44.118+0300] {dagbag.py:545} INFO - Filling up the DagBag from /home/user/rubix/internship_project/.venv/lib/python3.10/site-packages/airflow/example_dags/example_time_delta_sensor_async.py
[2024-06-24T14:31:44.126+0300] {processor.py:840} INFO - DAG(s) 'example_time_delta_sensor_async' retrieved from /home/user/rubix/internship_project/.venv/lib/python3.10/site-packages/airflow/example_dags/example_time_delta_sensor_async.py
[2024-06-24T14:31:44.146+0300] {logging_mixin.py:188} INFO - [2024-06-24T14:31:44.146+0300] {dag.py:3096} INFO - Sync 1 DAGs
[2024-06-24T14:31:44.157+0300] {logging_mixin.py:188} INFO - [2024-06-24T14:31:44.156+0300] {dag.py:3954} INFO - Setting next_dagrun for example_time_delta_sensor_async to None, run_after=None
[2024-06-24T14:31:44.180+0300] {processor.py:183} INFO - Processing /home/user/rubix/internship_project/.venv/lib/python3.10/site-packages/airflow/example_dags/example_time_delta_sensor_async.py took 0.075 seconds
[2024-06-24T14:32:29.150+0300] {processor.py:161} INFO - Started process (PID=32077) to work on /home/user/rubix/internship_project/.venv/lib/python3.10/site-packages/airflow/example_dags/example_time_delta_sensor_async.py
[2024-06-24T14:32:29.151+0300] {processor.py:830} INFO - Processing file /home/user/rubix/internship_project/.venv/lib/python3.10/site-packages/airflow/example_dags/example_time_delta_sensor_async.py for tasks to queue
[2024-06-24T14:32:29.153+0300] {logging_mixin.py:188} INFO - [2024-06-24T14:32:29.152+0300] {dagbag.py:545} INFO - Filling up the DagBag from /home/user/rubix/internship_project/.venv/lib/python3.10/site-packages/airflow/example_dags/example_time_delta_sensor_async.py
[2024-06-24T14:32:29.162+0300] {processor.py:840} INFO - DAG(s) 'example_time_delta_sensor_async' retrieved from /home/user/rubix/internship_project/.venv/lib/python3.10/site-packages/airflow/example_dags/example_time_delta_sensor_async.py
[2024-06-24T14:32:29.182+0300] {logging_mixin.py:188} INFO - [2024-06-24T14:32:29.182+0300] {dag.py:3096} INFO - Sync 1 DAGs
[2024-06-24T14:32:29.196+0300] {logging_mixin.py:188} INFO - [2024-06-24T14:32:29.196+0300] {dag.py:3954} INFO - Setting next_dagrun for example_time_delta_sensor_async to None, run_after=None
[2024-06-24T14:32:29.231+0300] {processor.py:183} INFO - Processing /home/user/rubix/internship_project/.venv/lib/python3.10/site-packages/airflow/example_dags/example_time_delta_sensor_async.py took 0.091 seconds
