[2024-06-24T14:04:48.887+0300] {processor.py:161} INFO - Started process (PID=23334) to work on /home/user/rubix/internship_project/.venv/lib/python3.10/site-packages/airflow/example_dags/example_bash_decorator.py
[2024-06-24T14:04:48.888+0300] {processor.py:830} INFO - Processing file /home/user/rubix/internship_project/.venv/lib/python3.10/site-packages/airflow/example_dags/example_bash_decorator.py for tasks to queue
[2024-06-24T14:04:48.890+0300] {logging_mixin.py:188} INFO - [2024-06-24T14:04:48.890+0300] {dagbag.py:545} INFO - Filling up the DagBag from /home/user/rubix/internship_project/.venv/lib/python3.10/site-packages/airflow/example_dags/example_bash_decorator.py
[2024-06-24T14:04:48.916+0300] {processor.py:840} INFO - DAG(s) 'example_bash_decorator' retrieved from /home/user/rubix/internship_project/.venv/lib/python3.10/site-packages/airflow/example_dags/example_bash_decorator.py
[2024-06-24T14:04:49.102+0300] {logging_mixin.py:188} INFO - [2024-06-24T14:04:49.101+0300] {dag.py:3096} INFO - Sync 1 DAGs
[2024-06-24T14:04:49.108+0300] {logging_mixin.py:188} INFO - [2024-06-24T14:04:49.108+0300] {dag.py:3954} INFO - Setting next_dagrun for example_bash_decorator to None, run_after=None
[2024-06-24T14:04:49.138+0300] {processor.py:183} INFO - Processing /home/user/rubix/internship_project/.venv/lib/python3.10/site-packages/airflow/example_dags/example_bash_decorator.py took 0.260 seconds
[2024-06-24T14:05:50.515+0300] {processor.py:161} INFO - Started process (PID=23866) to work on /home/user/rubix/internship_project/.venv/lib/python3.10/site-packages/airflow/example_dags/example_bash_decorator.py
[2024-06-24T14:05:50.516+0300] {processor.py:830} INFO - Processing file /home/user/rubix/internship_project/.venv/lib/python3.10/site-packages/airflow/example_dags/example_bash_decorator.py for tasks to queue
[2024-06-24T14:05:50.518+0300] {logging_mixin.py:188} INFO - [2024-06-24T14:05:50.518+0300] {dagbag.py:545} INFO - Filling up the DagBag from /home/user/rubix/internship_project/.venv/lib/python3.10/site-packages/airflow/example_dags/example_bash_decorator.py
[2024-06-24T14:05:50.543+0300] {processor.py:840} INFO - DAG(s) 'example_bash_decorator' retrieved from /home/user/rubix/internship_project/.venv/lib/python3.10/site-packages/airflow/example_dags/example_bash_decorator.py
[2024-06-24T14:05:50.560+0300] {logging_mixin.py:188} INFO - [2024-06-24T14:05:50.560+0300] {dag.py:3096} INFO - Sync 1 DAGs
[2024-06-24T14:05:50.569+0300] {logging_mixin.py:188} INFO - [2024-06-24T14:05:50.569+0300] {dag.py:3954} INFO - Setting next_dagrun for example_bash_decorator to None, run_after=None
[2024-06-24T14:05:50.599+0300] {processor.py:183} INFO - Processing /home/user/rubix/internship_project/.venv/lib/python3.10/site-packages/airflow/example_dags/example_bash_decorator.py took 0.092 seconds
[2024-06-24T14:06:51.076+0300] {processor.py:161} INFO - Started process (PID=24155) to work on /home/user/rubix/internship_project/.venv/lib/python3.10/site-packages/airflow/example_dags/example_bash_decorator.py
[2024-06-24T14:06:51.077+0300] {processor.py:830} INFO - Processing file /home/user/rubix/internship_project/.venv/lib/python3.10/site-packages/airflow/example_dags/example_bash_decorator.py for tasks to queue
[2024-06-24T14:06:51.079+0300] {logging_mixin.py:188} INFO - [2024-06-24T14:06:51.079+0300] {dagbag.py:545} INFO - Filling up the DagBag from /home/user/rubix/internship_project/.venv/lib/python3.10/site-packages/airflow/example_dags/example_bash_decorator.py
[2024-06-24T14:06:51.093+0300] {processor.py:840} INFO - DAG(s) 'example_bash_decorator' retrieved from /home/user/rubix/internship_project/.venv/lib/python3.10/site-packages/airflow/example_dags/example_bash_decorator.py
[2024-06-24T14:06:51.110+0300] {logging_mixin.py:188} INFO - [2024-06-24T14:06:51.110+0300] {dag.py:3096} INFO - Sync 1 DAGs
[2024-06-24T14:06:51.119+0300] {logging_mixin.py:188} INFO - [2024-06-24T14:06:51.119+0300] {dag.py:3954} INFO - Setting next_dagrun for example_bash_decorator to None, run_after=None
[2024-06-24T14:06:51.139+0300] {processor.py:183} INFO - Processing /home/user/rubix/internship_project/.venv/lib/python3.10/site-packages/airflow/example_dags/example_bash_decorator.py took 0.070 seconds
[2024-06-24T14:08:02.417+0300] {processor.py:161} INFO - Started process (PID=24592) to work on /home/user/rubix/internship_project/.venv/lib/python3.10/site-packages/airflow/example_dags/example_bash_decorator.py
[2024-06-24T14:08:02.418+0300] {processor.py:830} INFO - Processing file /home/user/rubix/internship_project/.venv/lib/python3.10/site-packages/airflow/example_dags/example_bash_decorator.py for tasks to queue
[2024-06-24T14:08:02.420+0300] {logging_mixin.py:188} INFO - [2024-06-24T14:08:02.419+0300] {dagbag.py:545} INFO - Filling up the DagBag from /home/user/rubix/internship_project/.venv/lib/python3.10/site-packages/airflow/example_dags/example_bash_decorator.py
[2024-06-24T14:08:02.434+0300] {processor.py:840} INFO - DAG(s) 'example_bash_decorator' retrieved from /home/user/rubix/internship_project/.venv/lib/python3.10/site-packages/airflow/example_dags/example_bash_decorator.py
[2024-06-24T14:08:02.451+0300] {logging_mixin.py:188} INFO - [2024-06-24T14:08:02.451+0300] {dag.py:3096} INFO - Sync 1 DAGs
[2024-06-24T14:08:02.460+0300] {logging_mixin.py:188} INFO - [2024-06-24T14:08:02.460+0300] {dag.py:3954} INFO - Setting next_dagrun for example_bash_decorator to None, run_after=None
[2024-06-24T14:08:02.492+0300] {processor.py:183} INFO - Processing /home/user/rubix/internship_project/.venv/lib/python3.10/site-packages/airflow/example_dags/example_bash_decorator.py took 0.082 seconds
[2024-06-24T14:09:09.885+0300] {processor.py:161} INFO - Started process (PID=25034) to work on /home/user/rubix/internship_project/.venv/lib/python3.10/site-packages/airflow/example_dags/example_bash_decorator.py
[2024-06-24T14:09:09.886+0300] {processor.py:830} INFO - Processing file /home/user/rubix/internship_project/.venv/lib/python3.10/site-packages/airflow/example_dags/example_bash_decorator.py for tasks to queue
[2024-06-24T14:09:09.888+0300] {logging_mixin.py:188} INFO - [2024-06-24T14:09:09.888+0300] {dagbag.py:545} INFO - Filling up the DagBag from /home/user/rubix/internship_project/.venv/lib/python3.10/site-packages/airflow/example_dags/example_bash_decorator.py
[2024-06-24T14:09:09.902+0300] {processor.py:840} INFO - DAG(s) 'example_bash_decorator' retrieved from /home/user/rubix/internship_project/.venv/lib/python3.10/site-packages/airflow/example_dags/example_bash_decorator.py
[2024-06-24T14:09:09.919+0300] {logging_mixin.py:188} INFO - [2024-06-24T14:09:09.919+0300] {dag.py:3096} INFO - Sync 1 DAGs
[2024-06-24T14:09:09.928+0300] {logging_mixin.py:188} INFO - [2024-06-24T14:09:09.927+0300] {dag.py:3954} INFO - Setting next_dagrun for example_bash_decorator to None, run_after=None
[2024-06-24T14:09:09.957+0300] {processor.py:183} INFO - Processing /home/user/rubix/internship_project/.venv/lib/python3.10/site-packages/airflow/example_dags/example_bash_decorator.py took 0.079 seconds
[2024-06-24T14:10:17.960+0300] {processor.py:161} INFO - Started process (PID=25428) to work on /home/user/rubix/internship_project/.venv/lib/python3.10/site-packages/airflow/example_dags/example_bash_decorator.py
[2024-06-24T14:10:17.962+0300] {processor.py:830} INFO - Processing file /home/user/rubix/internship_project/.venv/lib/python3.10/site-packages/airflow/example_dags/example_bash_decorator.py for tasks to queue
[2024-06-24T14:10:17.964+0300] {logging_mixin.py:188} INFO - [2024-06-24T14:10:17.964+0300] {dagbag.py:545} INFO - Filling up the DagBag from /home/user/rubix/internship_project/.venv/lib/python3.10/site-packages/airflow/example_dags/example_bash_decorator.py
[2024-06-24T14:10:17.982+0300] {processor.py:840} INFO - DAG(s) 'example_bash_decorator' retrieved from /home/user/rubix/internship_project/.venv/lib/python3.10/site-packages/airflow/example_dags/example_bash_decorator.py
[2024-06-24T14:10:18.010+0300] {logging_mixin.py:188} INFO - [2024-06-24T14:10:18.009+0300] {dag.py:3096} INFO - Sync 1 DAGs
[2024-06-24T14:10:18.025+0300] {logging_mixin.py:188} INFO - [2024-06-24T14:10:18.024+0300] {dag.py:3954} INFO - Setting next_dagrun for example_bash_decorator to None, run_after=None
[2024-06-24T14:10:18.063+0300] {processor.py:183} INFO - Processing /home/user/rubix/internship_project/.venv/lib/python3.10/site-packages/airflow/example_dags/example_bash_decorator.py took 0.114 seconds
[2024-06-24T14:11:25.689+0300] {processor.py:161} INFO - Started process (PID=25855) to work on /home/user/rubix/internship_project/.venv/lib/python3.10/site-packages/airflow/example_dags/example_bash_decorator.py
[2024-06-24T14:11:25.690+0300] {processor.py:830} INFO - Processing file /home/user/rubix/internship_project/.venv/lib/python3.10/site-packages/airflow/example_dags/example_bash_decorator.py for tasks to queue
[2024-06-24T14:11:25.691+0300] {logging_mixin.py:188} INFO - [2024-06-24T14:11:25.691+0300] {dagbag.py:545} INFO - Filling up the DagBag from /home/user/rubix/internship_project/.venv/lib/python3.10/site-packages/airflow/example_dags/example_bash_decorator.py
[2024-06-24T14:11:25.707+0300] {processor.py:840} INFO - DAG(s) 'example_bash_decorator' retrieved from /home/user/rubix/internship_project/.venv/lib/python3.10/site-packages/airflow/example_dags/example_bash_decorator.py
[2024-06-24T14:11:25.726+0300] {logging_mixin.py:188} INFO - [2024-06-24T14:11:25.726+0300] {dag.py:3096} INFO - Sync 1 DAGs
[2024-06-24T14:11:25.736+0300] {logging_mixin.py:188} INFO - [2024-06-24T14:11:25.736+0300] {dag.py:3954} INFO - Setting next_dagrun for example_bash_decorator to None, run_after=None
[2024-06-24T14:11:25.765+0300] {processor.py:183} INFO - Processing /home/user/rubix/internship_project/.venv/lib/python3.10/site-packages/airflow/example_dags/example_bash_decorator.py took 0.084 seconds
[2024-06-24T14:12:29.274+0300] {processor.py:161} INFO - Started process (PID=26132) to work on /home/user/rubix/internship_project/.venv/lib/python3.10/site-packages/airflow/example_dags/example_bash_decorator.py
[2024-06-24T14:12:29.275+0300] {processor.py:830} INFO - Processing file /home/user/rubix/internship_project/.venv/lib/python3.10/site-packages/airflow/example_dags/example_bash_decorator.py for tasks to queue
[2024-06-24T14:12:29.277+0300] {logging_mixin.py:188} INFO - [2024-06-24T14:12:29.277+0300] {dagbag.py:545} INFO - Filling up the DagBag from /home/user/rubix/internship_project/.venv/lib/python3.10/site-packages/airflow/example_dags/example_bash_decorator.py
[2024-06-24T14:12:29.319+0300] {processor.py:840} INFO - DAG(s) 'example_bash_decorator' retrieved from /home/user/rubix/internship_project/.venv/lib/python3.10/site-packages/airflow/example_dags/example_bash_decorator.py
[2024-06-24T14:12:29.342+0300] {logging_mixin.py:188} INFO - [2024-06-24T14:12:29.342+0300] {dag.py:3096} INFO - Sync 1 DAGs
[2024-06-24T14:12:29.354+0300] {logging_mixin.py:188} INFO - [2024-06-24T14:12:29.353+0300] {dag.py:3954} INFO - Setting next_dagrun for example_bash_decorator to None, run_after=None
[2024-06-24T14:12:29.384+0300] {processor.py:183} INFO - Processing /home/user/rubix/internship_project/.venv/lib/python3.10/site-packages/airflow/example_dags/example_bash_decorator.py took 0.117 seconds
[2024-06-24T14:13:48.561+0300] {processor.py:161} INFO - Started process (PID=26421) to work on /home/user/rubix/internship_project/.venv/lib/python3.10/site-packages/airflow/example_dags/example_bash_decorator.py
[2024-06-24T14:13:48.562+0300] {processor.py:830} INFO - Processing file /home/user/rubix/internship_project/.venv/lib/python3.10/site-packages/airflow/example_dags/example_bash_decorator.py for tasks to queue
[2024-06-24T14:13:48.564+0300] {logging_mixin.py:188} INFO - [2024-06-24T14:13:48.563+0300] {dagbag.py:545} INFO - Filling up the DagBag from /home/user/rubix/internship_project/.venv/lib/python3.10/site-packages/airflow/example_dags/example_bash_decorator.py
[2024-06-24T14:13:48.578+0300] {processor.py:840} INFO - DAG(s) 'example_bash_decorator' retrieved from /home/user/rubix/internship_project/.venv/lib/python3.10/site-packages/airflow/example_dags/example_bash_decorator.py
[2024-06-24T14:13:48.596+0300] {logging_mixin.py:188} INFO - [2024-06-24T14:13:48.595+0300] {dag.py:3096} INFO - Sync 1 DAGs
[2024-06-24T14:13:48.604+0300] {logging_mixin.py:188} INFO - [2024-06-24T14:13:48.604+0300] {dag.py:3954} INFO - Setting next_dagrun for example_bash_decorator to None, run_after=None
[2024-06-24T14:13:48.634+0300] {processor.py:183} INFO - Processing /home/user/rubix/internship_project/.venv/lib/python3.10/site-packages/airflow/example_dags/example_bash_decorator.py took 0.080 seconds
[2024-06-24T14:14:53.402+0300] {processor.py:161} INFO - Started process (PID=26762) to work on /home/user/rubix/internship_project/.venv/lib/python3.10/site-packages/airflow/example_dags/example_bash_decorator.py
[2024-06-24T14:14:53.403+0300] {processor.py:830} INFO - Processing file /home/user/rubix/internship_project/.venv/lib/python3.10/site-packages/airflow/example_dags/example_bash_decorator.py for tasks to queue
[2024-06-24T14:14:53.404+0300] {logging_mixin.py:188} INFO - [2024-06-24T14:14:53.404+0300] {dagbag.py:545} INFO - Filling up the DagBag from /home/user/rubix/internship_project/.venv/lib/python3.10/site-packages/airflow/example_dags/example_bash_decorator.py
[2024-06-24T14:14:53.419+0300] {processor.py:840} INFO - DAG(s) 'example_bash_decorator' retrieved from /home/user/rubix/internship_project/.venv/lib/python3.10/site-packages/airflow/example_dags/example_bash_decorator.py
[2024-06-24T14:14:53.436+0300] {logging_mixin.py:188} INFO - [2024-06-24T14:14:53.436+0300] {dag.py:3096} INFO - Sync 1 DAGs
[2024-06-24T14:14:53.445+0300] {logging_mixin.py:188} INFO - [2024-06-24T14:14:53.445+0300] {dag.py:3954} INFO - Setting next_dagrun for example_bash_decorator to None, run_after=None
[2024-06-24T14:14:53.473+0300] {processor.py:183} INFO - Processing /home/user/rubix/internship_project/.venv/lib/python3.10/site-packages/airflow/example_dags/example_bash_decorator.py took 0.078 seconds
[2024-06-24T14:15:57.638+0300] {processor.py:161} INFO - Started process (PID=26956) to work on /home/user/rubix/internship_project/.venv/lib/python3.10/site-packages/airflow/example_dags/example_bash_decorator.py
[2024-06-24T14:15:57.639+0300] {processor.py:830} INFO - Processing file /home/user/rubix/internship_project/.venv/lib/python3.10/site-packages/airflow/example_dags/example_bash_decorator.py for tasks to queue
[2024-06-24T14:15:57.641+0300] {logging_mixin.py:188} INFO - [2024-06-24T14:15:57.641+0300] {dagbag.py:545} INFO - Filling up the DagBag from /home/user/rubix/internship_project/.venv/lib/python3.10/site-packages/airflow/example_dags/example_bash_decorator.py
[2024-06-24T14:15:57.655+0300] {processor.py:840} INFO - DAG(s) 'example_bash_decorator' retrieved from /home/user/rubix/internship_project/.venv/lib/python3.10/site-packages/airflow/example_dags/example_bash_decorator.py
[2024-06-24T14:15:57.673+0300] {logging_mixin.py:188} INFO - [2024-06-24T14:15:57.672+0300] {dag.py:3096} INFO - Sync 1 DAGs
[2024-06-24T14:15:57.681+0300] {logging_mixin.py:188} INFO - [2024-06-24T14:15:57.681+0300] {dag.py:3954} INFO - Setting next_dagrun for example_bash_decorator to None, run_after=None
[2024-06-24T14:15:57.710+0300] {processor.py:183} INFO - Processing /home/user/rubix/internship_project/.venv/lib/python3.10/site-packages/airflow/example_dags/example_bash_decorator.py took 0.079 seconds
[2024-06-24T14:16:57.202+0300] {processor.py:161} INFO - Started process (PID=27149) to work on /home/user/rubix/internship_project/.venv/lib/python3.10/site-packages/airflow/example_dags/example_bash_decorator.py
[2024-06-24T14:16:57.203+0300] {processor.py:830} INFO - Processing file /home/user/rubix/internship_project/.venv/lib/python3.10/site-packages/airflow/example_dags/example_bash_decorator.py for tasks to queue
[2024-06-24T14:16:57.204+0300] {logging_mixin.py:188} INFO - [2024-06-24T14:16:57.204+0300] {dagbag.py:545} INFO - Filling up the DagBag from /home/user/rubix/internship_project/.venv/lib/python3.10/site-packages/airflow/example_dags/example_bash_decorator.py
[2024-06-24T14:16:57.220+0300] {processor.py:840} INFO - DAG(s) 'example_bash_decorator' retrieved from /home/user/rubix/internship_project/.venv/lib/python3.10/site-packages/airflow/example_dags/example_bash_decorator.py
[2024-06-24T14:16:57.237+0300] {logging_mixin.py:188} INFO - [2024-06-24T14:16:57.237+0300] {dag.py:3096} INFO - Sync 1 DAGs
[2024-06-24T14:16:57.246+0300] {logging_mixin.py:188} INFO - [2024-06-24T14:16:57.246+0300] {dag.py:3954} INFO - Setting next_dagrun for example_bash_decorator to None, run_after=None
[2024-06-24T14:16:57.276+0300] {processor.py:183} INFO - Processing /home/user/rubix/internship_project/.venv/lib/python3.10/site-packages/airflow/example_dags/example_bash_decorator.py took 0.082 seconds
[2024-06-24T14:17:58.020+0300] {processor.py:161} INFO - Started process (PID=27337) to work on /home/user/rubix/internship_project/.venv/lib/python3.10/site-packages/airflow/example_dags/example_bash_decorator.py
[2024-06-24T14:17:58.021+0300] {processor.py:830} INFO - Processing file /home/user/rubix/internship_project/.venv/lib/python3.10/site-packages/airflow/example_dags/example_bash_decorator.py for tasks to queue
[2024-06-24T14:17:58.023+0300] {logging_mixin.py:188} INFO - [2024-06-24T14:17:58.023+0300] {dagbag.py:545} INFO - Filling up the DagBag from /home/user/rubix/internship_project/.venv/lib/python3.10/site-packages/airflow/example_dags/example_bash_decorator.py
[2024-06-24T14:17:58.056+0300] {processor.py:840} INFO - DAG(s) 'example_bash_decorator' retrieved from /home/user/rubix/internship_project/.venv/lib/python3.10/site-packages/airflow/example_dags/example_bash_decorator.py
[2024-06-24T14:17:58.091+0300] {logging_mixin.py:188} INFO - [2024-06-24T14:17:58.091+0300] {dag.py:3096} INFO - Sync 1 DAGs
[2024-06-24T14:17:58.103+0300] {logging_mixin.py:188} INFO - [2024-06-24T14:17:58.103+0300] {dag.py:3954} INFO - Setting next_dagrun for example_bash_decorator to None, run_after=None
[2024-06-24T14:17:58.123+0300] {processor.py:183} INFO - Processing /home/user/rubix/internship_project/.venv/lib/python3.10/site-packages/airflow/example_dags/example_bash_decorator.py took 0.123 seconds
[2024-06-24T14:18:57.282+0300] {processor.py:161} INFO - Started process (PID=27515) to work on /home/user/rubix/internship_project/.venv/lib/python3.10/site-packages/airflow/example_dags/example_bash_decorator.py
[2024-06-24T14:18:57.283+0300] {processor.py:830} INFO - Processing file /home/user/rubix/internship_project/.venv/lib/python3.10/site-packages/airflow/example_dags/example_bash_decorator.py for tasks to queue
[2024-06-24T14:18:57.285+0300] {logging_mixin.py:188} INFO - [2024-06-24T14:18:57.285+0300] {dagbag.py:545} INFO - Filling up the DagBag from /home/user/rubix/internship_project/.venv/lib/python3.10/site-packages/airflow/example_dags/example_bash_decorator.py
[2024-06-24T14:18:57.301+0300] {processor.py:840} INFO - DAG(s) 'example_bash_decorator' retrieved from /home/user/rubix/internship_project/.venv/lib/python3.10/site-packages/airflow/example_dags/example_bash_decorator.py
[2024-06-24T14:18:57.326+0300] {logging_mixin.py:188} INFO - [2024-06-24T14:18:57.326+0300] {dag.py:3096} INFO - Sync 1 DAGs
[2024-06-24T14:18:57.336+0300] {logging_mixin.py:188} INFO - [2024-06-24T14:18:57.335+0300] {dag.py:3954} INFO - Setting next_dagrun for example_bash_decorator to None, run_after=None
[2024-06-24T14:18:57.368+0300] {processor.py:183} INFO - Processing /home/user/rubix/internship_project/.venv/lib/python3.10/site-packages/airflow/example_dags/example_bash_decorator.py took 0.094 seconds
[2024-06-24T14:20:01.962+0300] {processor.py:161} INFO - Started process (PID=27985) to work on /home/user/rubix/internship_project/.venv/lib/python3.10/site-packages/airflow/example_dags/example_bash_decorator.py
[2024-06-24T14:20:01.963+0300] {processor.py:830} INFO - Processing file /home/user/rubix/internship_project/.venv/lib/python3.10/site-packages/airflow/example_dags/example_bash_decorator.py for tasks to queue
[2024-06-24T14:20:01.964+0300] {logging_mixin.py:188} INFO - [2024-06-24T14:20:01.964+0300] {dagbag.py:545} INFO - Filling up the DagBag from /home/user/rubix/internship_project/.venv/lib/python3.10/site-packages/airflow/example_dags/example_bash_decorator.py
[2024-06-24T14:20:01.979+0300] {processor.py:840} INFO - DAG(s) 'example_bash_decorator' retrieved from /home/user/rubix/internship_project/.venv/lib/python3.10/site-packages/airflow/example_dags/example_bash_decorator.py
[2024-06-24T14:20:02.000+0300] {logging_mixin.py:188} INFO - [2024-06-24T14:20:02.000+0300] {dag.py:3096} INFO - Sync 1 DAGs
[2024-06-24T14:20:02.009+0300] {logging_mixin.py:188} INFO - [2024-06-24T14:20:02.009+0300] {dag.py:3954} INFO - Setting next_dagrun for example_bash_decorator to None, run_after=None
[2024-06-24T14:20:02.038+0300] {processor.py:183} INFO - Processing /home/user/rubix/internship_project/.venv/lib/python3.10/site-packages/airflow/example_dags/example_bash_decorator.py took 0.085 seconds
[2024-06-24T14:21:00.242+0300] {processor.py:161} INFO - Started process (PID=28350) to work on /home/user/rubix/internship_project/.venv/lib/python3.10/site-packages/airflow/example_dags/example_bash_decorator.py
[2024-06-24T14:21:00.243+0300] {processor.py:830} INFO - Processing file /home/user/rubix/internship_project/.venv/lib/python3.10/site-packages/airflow/example_dags/example_bash_decorator.py for tasks to queue
[2024-06-24T14:21:00.245+0300] {logging_mixin.py:188} INFO - [2024-06-24T14:21:00.244+0300] {dagbag.py:545} INFO - Filling up the DagBag from /home/user/rubix/internship_project/.venv/lib/python3.10/site-packages/airflow/example_dags/example_bash_decorator.py
[2024-06-24T14:21:00.259+0300] {processor.py:840} INFO - DAG(s) 'example_bash_decorator' retrieved from /home/user/rubix/internship_project/.venv/lib/python3.10/site-packages/airflow/example_dags/example_bash_decorator.py
[2024-06-24T14:21:00.279+0300] {logging_mixin.py:188} INFO - [2024-06-24T14:21:00.278+0300] {dag.py:3096} INFO - Sync 1 DAGs
[2024-06-24T14:21:00.288+0300] {logging_mixin.py:188} INFO - [2024-06-24T14:21:00.288+0300] {dag.py:3954} INFO - Setting next_dagrun for example_bash_decorator to None, run_after=None
[2024-06-24T14:21:00.318+0300] {processor.py:183} INFO - Processing /home/user/rubix/internship_project/.venv/lib/python3.10/site-packages/airflow/example_dags/example_bash_decorator.py took 0.083 seconds
[2024-06-24T14:22:02.697+0300] {processor.py:161} INFO - Started process (PID=28716) to work on /home/user/rubix/internship_project/.venv/lib/python3.10/site-packages/airflow/example_dags/example_bash_decorator.py
[2024-06-24T14:22:02.698+0300] {processor.py:830} INFO - Processing file /home/user/rubix/internship_project/.venv/lib/python3.10/site-packages/airflow/example_dags/example_bash_decorator.py for tasks to queue
[2024-06-24T14:22:02.700+0300] {logging_mixin.py:188} INFO - [2024-06-24T14:22:02.699+0300] {dagbag.py:545} INFO - Filling up the DagBag from /home/user/rubix/internship_project/.venv/lib/python3.10/site-packages/airflow/example_dags/example_bash_decorator.py
[2024-06-24T14:22:02.714+0300] {processor.py:840} INFO - DAG(s) 'example_bash_decorator' retrieved from /home/user/rubix/internship_project/.venv/lib/python3.10/site-packages/airflow/example_dags/example_bash_decorator.py
[2024-06-24T14:22:02.732+0300] {logging_mixin.py:188} INFO - [2024-06-24T14:22:02.732+0300] {dag.py:3096} INFO - Sync 1 DAGs
[2024-06-24T14:22:02.741+0300] {logging_mixin.py:188} INFO - [2024-06-24T14:22:02.741+0300] {dag.py:3954} INFO - Setting next_dagrun for example_bash_decorator to None, run_after=None
[2024-06-24T14:22:02.774+0300] {processor.py:183} INFO - Processing /home/user/rubix/internship_project/.venv/lib/python3.10/site-packages/airflow/example_dags/example_bash_decorator.py took 0.085 seconds
[2024-06-24T14:22:59.533+0300] {processor.py:161} INFO - Started process (PID=28858) to work on /home/user/rubix/internship_project/.venv/lib/python3.10/site-packages/airflow/example_dags/example_bash_decorator.py
[2024-06-24T14:22:59.534+0300] {processor.py:830} INFO - Processing file /home/user/rubix/internship_project/.venv/lib/python3.10/site-packages/airflow/example_dags/example_bash_decorator.py for tasks to queue
[2024-06-24T14:22:59.537+0300] {logging_mixin.py:188} INFO - [2024-06-24T14:22:59.536+0300] {dagbag.py:545} INFO - Filling up the DagBag from /home/user/rubix/internship_project/.venv/lib/python3.10/site-packages/airflow/example_dags/example_bash_decorator.py
[2024-06-24T14:22:59.554+0300] {processor.py:840} INFO - DAG(s) 'example_bash_decorator' retrieved from /home/user/rubix/internship_project/.venv/lib/python3.10/site-packages/airflow/example_dags/example_bash_decorator.py
[2024-06-24T14:22:59.577+0300] {logging_mixin.py:188} INFO - [2024-06-24T14:22:59.576+0300] {dag.py:3096} INFO - Sync 1 DAGs
[2024-06-24T14:22:59.590+0300] {logging_mixin.py:188} INFO - [2024-06-24T14:22:59.590+0300] {dag.py:3954} INFO - Setting next_dagrun for example_bash_decorator to None, run_after=None
[2024-06-24T14:22:59.626+0300] {processor.py:183} INFO - Processing /home/user/rubix/internship_project/.venv/lib/python3.10/site-packages/airflow/example_dags/example_bash_decorator.py took 0.104 seconds
[2024-06-24T14:24:07.241+0300] {processor.py:161} INFO - Started process (PID=29206) to work on /home/user/rubix/internship_project/.venv/lib/python3.10/site-packages/airflow/example_dags/example_bash_decorator.py
[2024-06-24T14:24:07.244+0300] {processor.py:830} INFO - Processing file /home/user/rubix/internship_project/.venv/lib/python3.10/site-packages/airflow/example_dags/example_bash_decorator.py for tasks to queue
[2024-06-24T14:24:07.251+0300] {logging_mixin.py:188} INFO - [2024-06-24T14:24:07.250+0300] {dagbag.py:545} INFO - Filling up the DagBag from /home/user/rubix/internship_project/.venv/lib/python3.10/site-packages/airflow/example_dags/example_bash_decorator.py
[2024-06-24T14:24:07.277+0300] {processor.py:840} INFO - DAG(s) 'example_bash_decorator' retrieved from /home/user/rubix/internship_project/.venv/lib/python3.10/site-packages/airflow/example_dags/example_bash_decorator.py
[2024-06-24T14:24:07.310+0300] {logging_mixin.py:188} INFO - [2024-06-24T14:24:07.309+0300] {dag.py:3096} INFO - Sync 1 DAGs
[2024-06-24T14:24:07.327+0300] {logging_mixin.py:188} INFO - [2024-06-24T14:24:07.327+0300] {dag.py:3954} INFO - Setting next_dagrun for example_bash_decorator to None, run_after=None
[2024-06-24T14:24:07.377+0300] {processor.py:183} INFO - Processing /home/user/rubix/internship_project/.venv/lib/python3.10/site-packages/airflow/example_dags/example_bash_decorator.py took 0.152 seconds
[2024-06-24T14:25:15.108+0300] {processor.py:161} INFO - Started process (PID=29531) to work on /home/user/rubix/internship_project/.venv/lib/python3.10/site-packages/airflow/example_dags/example_bash_decorator.py
[2024-06-24T14:25:15.110+0300] {processor.py:830} INFO - Processing file /home/user/rubix/internship_project/.venv/lib/python3.10/site-packages/airflow/example_dags/example_bash_decorator.py for tasks to queue
[2024-06-24T14:25:15.111+0300] {logging_mixin.py:188} INFO - [2024-06-24T14:25:15.111+0300] {dagbag.py:545} INFO - Filling up the DagBag from /home/user/rubix/internship_project/.venv/lib/python3.10/site-packages/airflow/example_dags/example_bash_decorator.py
[2024-06-24T14:25:15.125+0300] {processor.py:840} INFO - DAG(s) 'example_bash_decorator' retrieved from /home/user/rubix/internship_project/.venv/lib/python3.10/site-packages/airflow/example_dags/example_bash_decorator.py
[2024-06-24T14:25:15.143+0300] {logging_mixin.py:188} INFO - [2024-06-24T14:25:15.142+0300] {dag.py:3096} INFO - Sync 1 DAGs
[2024-06-24T14:25:15.152+0300] {logging_mixin.py:188} INFO - [2024-06-24T14:25:15.151+0300] {dag.py:3954} INFO - Setting next_dagrun for example_bash_decorator to None, run_after=None
[2024-06-24T14:25:15.171+0300] {processor.py:183} INFO - Processing /home/user/rubix/internship_project/.venv/lib/python3.10/site-packages/airflow/example_dags/example_bash_decorator.py took 0.070 seconds
[2024-06-24T14:26:14.736+0300] {processor.py:161} INFO - Started process (PID=29731) to work on /home/user/rubix/internship_project/.venv/lib/python3.10/site-packages/airflow/example_dags/example_bash_decorator.py
[2024-06-24T14:26:14.737+0300] {processor.py:830} INFO - Processing file /home/user/rubix/internship_project/.venv/lib/python3.10/site-packages/airflow/example_dags/example_bash_decorator.py for tasks to queue
[2024-06-24T14:26:14.739+0300] {logging_mixin.py:188} INFO - [2024-06-24T14:26:14.738+0300] {dagbag.py:545} INFO - Filling up the DagBag from /home/user/rubix/internship_project/.venv/lib/python3.10/site-packages/airflow/example_dags/example_bash_decorator.py
[2024-06-24T14:26:14.753+0300] {processor.py:840} INFO - DAG(s) 'example_bash_decorator' retrieved from /home/user/rubix/internship_project/.venv/lib/python3.10/site-packages/airflow/example_dags/example_bash_decorator.py
[2024-06-24T14:26:14.771+0300] {logging_mixin.py:188} INFO - [2024-06-24T14:26:14.770+0300] {dag.py:3096} INFO - Sync 1 DAGs
[2024-06-24T14:26:14.779+0300] {logging_mixin.py:188} INFO - [2024-06-24T14:26:14.779+0300] {dag.py:3954} INFO - Setting next_dagrun for example_bash_decorator to None, run_after=None
[2024-06-24T14:26:14.810+0300] {processor.py:183} INFO - Processing /home/user/rubix/internship_project/.venv/lib/python3.10/site-packages/airflow/example_dags/example_bash_decorator.py took 0.082 seconds
[2024-06-24T14:27:22.796+0300] {processor.py:161} INFO - Started process (PID=30397) to work on /home/user/rubix/internship_project/.venv/lib/python3.10/site-packages/airflow/example_dags/example_bash_decorator.py
[2024-06-24T14:27:22.797+0300] {processor.py:830} INFO - Processing file /home/user/rubix/internship_project/.venv/lib/python3.10/site-packages/airflow/example_dags/example_bash_decorator.py for tasks to queue
[2024-06-24T14:27:22.799+0300] {logging_mixin.py:188} INFO - [2024-06-24T14:27:22.799+0300] {dagbag.py:545} INFO - Filling up the DagBag from /home/user/rubix/internship_project/.venv/lib/python3.10/site-packages/airflow/example_dags/example_bash_decorator.py
[2024-06-24T14:27:22.815+0300] {processor.py:840} INFO - DAG(s) 'example_bash_decorator' retrieved from /home/user/rubix/internship_project/.venv/lib/python3.10/site-packages/airflow/example_dags/example_bash_decorator.py
[2024-06-24T14:27:22.836+0300] {logging_mixin.py:188} INFO - [2024-06-24T14:27:22.836+0300] {dag.py:3096} INFO - Sync 1 DAGs
[2024-06-24T14:27:22.848+0300] {logging_mixin.py:188} INFO - [2024-06-24T14:27:22.848+0300] {dag.py:3954} INFO - Setting next_dagrun for example_bash_decorator to None, run_after=None
[2024-06-24T14:27:22.879+0300] {processor.py:183} INFO - Processing /home/user/rubix/internship_project/.venv/lib/python3.10/site-packages/airflow/example_dags/example_bash_decorator.py took 0.091 seconds
[2024-06-24T14:28:25.078+0300] {processor.py:161} INFO - Started process (PID=30725) to work on /home/user/rubix/internship_project/.venv/lib/python3.10/site-packages/airflow/example_dags/example_bash_decorator.py
[2024-06-24T14:28:25.080+0300] {processor.py:830} INFO - Processing file /home/user/rubix/internship_project/.venv/lib/python3.10/site-packages/airflow/example_dags/example_bash_decorator.py for tasks to queue
[2024-06-24T14:28:25.082+0300] {logging_mixin.py:188} INFO - [2024-06-24T14:28:25.081+0300] {dagbag.py:545} INFO - Filling up the DagBag from /home/user/rubix/internship_project/.venv/lib/python3.10/site-packages/airflow/example_dags/example_bash_decorator.py
[2024-06-24T14:28:25.101+0300] {processor.py:840} INFO - DAG(s) 'example_bash_decorator' retrieved from /home/user/rubix/internship_project/.venv/lib/python3.10/site-packages/airflow/example_dags/example_bash_decorator.py
[2024-06-24T14:28:25.129+0300] {logging_mixin.py:188} INFO - [2024-06-24T14:28:25.128+0300] {dag.py:3096} INFO - Sync 1 DAGs
[2024-06-24T14:28:25.143+0300] {logging_mixin.py:188} INFO - [2024-06-24T14:28:25.143+0300] {dag.py:3954} INFO - Setting next_dagrun for example_bash_decorator to None, run_after=None
[2024-06-24T14:28:25.180+0300] {processor.py:183} INFO - Processing /home/user/rubix/internship_project/.venv/lib/python3.10/site-packages/airflow/example_dags/example_bash_decorator.py took 0.114 seconds
[2024-06-24T14:29:36.788+0300] {processor.py:161} INFO - Started process (PID=31258) to work on /home/user/rubix/internship_project/.venv/lib/python3.10/site-packages/airflow/example_dags/example_bash_decorator.py
[2024-06-24T14:29:36.789+0300] {processor.py:830} INFO - Processing file /home/user/rubix/internship_project/.venv/lib/python3.10/site-packages/airflow/example_dags/example_bash_decorator.py for tasks to queue
[2024-06-24T14:29:36.792+0300] {logging_mixin.py:188} INFO - [2024-06-24T14:29:36.791+0300] {dagbag.py:545} INFO - Filling up the DagBag from /home/user/rubix/internship_project/.venv/lib/python3.10/site-packages/airflow/example_dags/example_bash_decorator.py
[2024-06-24T14:29:36.807+0300] {processor.py:840} INFO - DAG(s) 'example_bash_decorator' retrieved from /home/user/rubix/internship_project/.venv/lib/python3.10/site-packages/airflow/example_dags/example_bash_decorator.py
[2024-06-24T14:29:36.830+0300] {logging_mixin.py:188} INFO - [2024-06-24T14:29:36.829+0300] {dag.py:3096} INFO - Sync 1 DAGs
[2024-06-24T14:29:36.841+0300] {logging_mixin.py:188} INFO - [2024-06-24T14:29:36.841+0300] {dag.py:3954} INFO - Setting next_dagrun for example_bash_decorator to None, run_after=None
[2024-06-24T14:29:36.874+0300] {processor.py:183} INFO - Processing /home/user/rubix/internship_project/.venv/lib/python3.10/site-packages/airflow/example_dags/example_bash_decorator.py took 0.094 seconds
[2024-06-24T14:30:48.917+0300] {processor.py:161} INFO - Started process (PID=31509) to work on /home/user/rubix/internship_project/.venv/lib/python3.10/site-packages/airflow/example_dags/example_bash_decorator.py
[2024-06-24T14:30:48.918+0300] {processor.py:830} INFO - Processing file /home/user/rubix/internship_project/.venv/lib/python3.10/site-packages/airflow/example_dags/example_bash_decorator.py for tasks to queue
[2024-06-24T14:30:48.919+0300] {logging_mixin.py:188} INFO - [2024-06-24T14:30:48.919+0300] {dagbag.py:545} INFO - Filling up the DagBag from /home/user/rubix/internship_project/.venv/lib/python3.10/site-packages/airflow/example_dags/example_bash_decorator.py
[2024-06-24T14:30:48.938+0300] {processor.py:840} INFO - DAG(s) 'example_bash_decorator' retrieved from /home/user/rubix/internship_project/.venv/lib/python3.10/site-packages/airflow/example_dags/example_bash_decorator.py
[2024-06-24T14:30:48.965+0300] {logging_mixin.py:188} INFO - [2024-06-24T14:30:48.965+0300] {dag.py:3096} INFO - Sync 1 DAGs
[2024-06-24T14:30:48.978+0300] {logging_mixin.py:188} INFO - [2024-06-24T14:30:48.977+0300] {dag.py:3954} INFO - Setting next_dagrun for example_bash_decorator to None, run_after=None
[2024-06-24T14:30:49.009+0300] {processor.py:183} INFO - Processing /home/user/rubix/internship_project/.venv/lib/python3.10/site-packages/airflow/example_dags/example_bash_decorator.py took 0.100 seconds
[2024-06-24T14:31:59.173+0300] {processor.py:161} INFO - Started process (PID=31951) to work on /home/user/rubix/internship_project/.venv/lib/python3.10/site-packages/airflow/example_dags/example_bash_decorator.py
[2024-06-24T14:31:59.174+0300] {processor.py:830} INFO - Processing file /home/user/rubix/internship_project/.venv/lib/python3.10/site-packages/airflow/example_dags/example_bash_decorator.py for tasks to queue
[2024-06-24T14:31:59.176+0300] {logging_mixin.py:188} INFO - [2024-06-24T14:31:59.176+0300] {dagbag.py:545} INFO - Filling up the DagBag from /home/user/rubix/internship_project/.venv/lib/python3.10/site-packages/airflow/example_dags/example_bash_decorator.py
[2024-06-24T14:31:59.191+0300] {processor.py:840} INFO - DAG(s) 'example_bash_decorator' retrieved from /home/user/rubix/internship_project/.venv/lib/python3.10/site-packages/airflow/example_dags/example_bash_decorator.py
[2024-06-24T14:31:59.210+0300] {logging_mixin.py:188} INFO - [2024-06-24T14:31:59.210+0300] {dag.py:3096} INFO - Sync 1 DAGs
[2024-06-24T14:31:59.220+0300] {logging_mixin.py:188} INFO - [2024-06-24T14:31:59.219+0300] {dag.py:3954} INFO - Setting next_dagrun for example_bash_decorator to None, run_after=None
[2024-06-24T14:31:59.251+0300] {processor.py:183} INFO - Processing /home/user/rubix/internship_project/.venv/lib/python3.10/site-packages/airflow/example_dags/example_bash_decorator.py took 0.087 seconds
