[2024-06-24T14:04:47.592+0300] {processor.py:161} INFO - Started process (PID=23333) to work on /home/user/rubix/internship_project/.venv/lib/python3.10/site-packages/airflow/example_dags/example_bash_operator.py
[2024-06-24T14:04:47.594+0300] {processor.py:830} INFO - Processing file /home/user/rubix/internship_project/.venv/lib/python3.10/site-packages/airflow/example_dags/example_bash_operator.py for tasks to queue
[2024-06-24T14:04:47.595+0300] {logging_mixin.py:188} INFO - [2024-06-24T14:04:47.595+0300] {dagbag.py:545} INFO - Filling up the DagBag from /home/user/rubix/internship_project/.venv/lib/python3.10/site-packages/airflow/example_dags/example_bash_operator.py
[2024-06-24T14:04:47.623+0300] {processor.py:840} INFO - DAG(s) 'example_bash_operator' retrieved from /home/user/rubix/internship_project/.venv/lib/python3.10/site-packages/airflow/example_dags/example_bash_operator.py
[2024-06-24T14:04:47.721+0300] {logging_mixin.py:188} INFO - [2024-06-24T14:04:47.720+0300] {dag.py:3096} INFO - Sync 1 DAGs
[2024-06-24T14:04:47.823+0300] {logging_mixin.py:188} INFO - [2024-06-24T14:04:47.823+0300] {dag.py:3954} INFO - Setting next_dagrun for example_bash_operator to 2024-06-23 00:00:00+00:00, run_after=2024-06-24 00:00:00+00:00
[2024-06-24T14:04:47.852+0300] {processor.py:183} INFO - Processing /home/user/rubix/internship_project/.venv/lib/python3.10/site-packages/airflow/example_dags/example_bash_operator.py took 0.270 seconds
[2024-06-24T14:05:49.386+0300] {processor.py:161} INFO - Started process (PID=23853) to work on /home/user/rubix/internship_project/.venv/lib/python3.10/site-packages/airflow/example_dags/example_bash_operator.py
[2024-06-24T14:05:49.387+0300] {processor.py:830} INFO - Processing file /home/user/rubix/internship_project/.venv/lib/python3.10/site-packages/airflow/example_dags/example_bash_operator.py for tasks to queue
[2024-06-24T14:05:49.389+0300] {logging_mixin.py:188} INFO - [2024-06-24T14:05:49.389+0300] {dagbag.py:545} INFO - Filling up the DagBag from /home/user/rubix/internship_project/.venv/lib/python3.10/site-packages/airflow/example_dags/example_bash_operator.py
[2024-06-24T14:05:49.414+0300] {processor.py:840} INFO - DAG(s) 'example_bash_operator' retrieved from /home/user/rubix/internship_project/.venv/lib/python3.10/site-packages/airflow/example_dags/example_bash_operator.py
[2024-06-24T14:05:49.434+0300] {logging_mixin.py:188} INFO - [2024-06-24T14:05:49.434+0300] {dag.py:3096} INFO - Sync 1 DAGs
[2024-06-24T14:05:49.449+0300] {logging_mixin.py:188} INFO - [2024-06-24T14:05:49.448+0300] {dag.py:3954} INFO - Setting next_dagrun for example_bash_operator to 2024-06-23 00:00:00+00:00, run_after=2024-06-24 00:00:00+00:00
[2024-06-24T14:05:49.578+0300] {processor.py:183} INFO - Processing /home/user/rubix/internship_project/.venv/lib/python3.10/site-packages/airflow/example_dags/example_bash_operator.py took 0.199 seconds
[2024-06-24T14:06:49.918+0300] {processor.py:161} INFO - Started process (PID=24154) to work on /home/user/rubix/internship_project/.venv/lib/python3.10/site-packages/airflow/example_dags/example_bash_operator.py
[2024-06-24T14:06:49.919+0300] {processor.py:830} INFO - Processing file /home/user/rubix/internship_project/.venv/lib/python3.10/site-packages/airflow/example_dags/example_bash_operator.py for tasks to queue
[2024-06-24T14:06:49.921+0300] {logging_mixin.py:188} INFO - [2024-06-24T14:06:49.921+0300] {dagbag.py:545} INFO - Filling up the DagBag from /home/user/rubix/internship_project/.venv/lib/python3.10/site-packages/airflow/example_dags/example_bash_operator.py
[2024-06-24T14:06:49.933+0300] {processor.py:840} INFO - DAG(s) 'example_bash_operator' retrieved from /home/user/rubix/internship_project/.venv/lib/python3.10/site-packages/airflow/example_dags/example_bash_operator.py
[2024-06-24T14:06:49.955+0300] {logging_mixin.py:188} INFO - [2024-06-24T14:06:49.955+0300] {dag.py:3096} INFO - Sync 1 DAGs
[2024-06-24T14:06:49.971+0300] {logging_mixin.py:188} INFO - [2024-06-24T14:06:49.971+0300] {dag.py:3954} INFO - Setting next_dagrun for example_bash_operator to 2024-06-23 00:00:00+00:00, run_after=2024-06-24 00:00:00+00:00
[2024-06-24T14:06:50.003+0300] {processor.py:183} INFO - Processing /home/user/rubix/internship_project/.venv/lib/python3.10/site-packages/airflow/example_dags/example_bash_operator.py took 0.092 seconds
[2024-06-24T14:08:01.113+0300] {processor.py:161} INFO - Started process (PID=24588) to work on /home/user/rubix/internship_project/.venv/lib/python3.10/site-packages/airflow/example_dags/example_bash_operator.py
[2024-06-24T14:08:01.114+0300] {processor.py:830} INFO - Processing file /home/user/rubix/internship_project/.venv/lib/python3.10/site-packages/airflow/example_dags/example_bash_operator.py for tasks to queue
[2024-06-24T14:08:01.116+0300] {logging_mixin.py:188} INFO - [2024-06-24T14:08:01.115+0300] {dagbag.py:545} INFO - Filling up the DagBag from /home/user/rubix/internship_project/.venv/lib/python3.10/site-packages/airflow/example_dags/example_bash_operator.py
[2024-06-24T14:08:01.128+0300] {processor.py:840} INFO - DAG(s) 'example_bash_operator' retrieved from /home/user/rubix/internship_project/.venv/lib/python3.10/site-packages/airflow/example_dags/example_bash_operator.py
[2024-06-24T14:08:01.151+0300] {logging_mixin.py:188} INFO - [2024-06-24T14:08:01.151+0300] {dag.py:3096} INFO - Sync 1 DAGs
[2024-06-24T14:08:01.168+0300] {logging_mixin.py:188} INFO - [2024-06-24T14:08:01.168+0300] {dag.py:3954} INFO - Setting next_dagrun for example_bash_operator to 2024-06-23 00:00:00+00:00, run_after=2024-06-24 00:00:00+00:00
[2024-06-24T14:08:01.203+0300] {processor.py:183} INFO - Processing /home/user/rubix/internship_project/.venv/lib/python3.10/site-packages/airflow/example_dags/example_bash_operator.py took 0.098 seconds
[2024-06-24T14:09:08.733+0300] {processor.py:161} INFO - Started process (PID=25030) to work on /home/user/rubix/internship_project/.venv/lib/python3.10/site-packages/airflow/example_dags/example_bash_operator.py
[2024-06-24T14:09:08.734+0300] {processor.py:830} INFO - Processing file /home/user/rubix/internship_project/.venv/lib/python3.10/site-packages/airflow/example_dags/example_bash_operator.py for tasks to queue
[2024-06-24T14:09:08.736+0300] {logging_mixin.py:188} INFO - [2024-06-24T14:09:08.736+0300] {dagbag.py:545} INFO - Filling up the DagBag from /home/user/rubix/internship_project/.venv/lib/python3.10/site-packages/airflow/example_dags/example_bash_operator.py
[2024-06-24T14:09:08.749+0300] {processor.py:840} INFO - DAG(s) 'example_bash_operator' retrieved from /home/user/rubix/internship_project/.venv/lib/python3.10/site-packages/airflow/example_dags/example_bash_operator.py
[2024-06-24T14:09:08.770+0300] {logging_mixin.py:188} INFO - [2024-06-24T14:09:08.770+0300] {dag.py:3096} INFO - Sync 1 DAGs
[2024-06-24T14:09:08.785+0300] {logging_mixin.py:188} INFO - [2024-06-24T14:09:08.785+0300] {dag.py:3954} INFO - Setting next_dagrun for example_bash_operator to 2024-06-23 00:00:00+00:00, run_after=2024-06-24 00:00:00+00:00
[2024-06-24T14:09:08.803+0300] {processor.py:183} INFO - Processing /home/user/rubix/internship_project/.venv/lib/python3.10/site-packages/airflow/example_dags/example_bash_operator.py took 0.078 seconds
[2024-06-24T14:10:17.205+0300] {processor.py:161} INFO - Started process (PID=25427) to work on /home/user/rubix/internship_project/.venv/lib/python3.10/site-packages/airflow/example_dags/example_bash_operator.py
[2024-06-24T14:10:17.207+0300] {processor.py:830} INFO - Processing file /home/user/rubix/internship_project/.venv/lib/python3.10/site-packages/airflow/example_dags/example_bash_operator.py for tasks to queue
[2024-06-24T14:10:17.209+0300] {logging_mixin.py:188} INFO - [2024-06-24T14:10:17.209+0300] {dagbag.py:545} INFO - Filling up the DagBag from /home/user/rubix/internship_project/.venv/lib/python3.10/site-packages/airflow/example_dags/example_bash_operator.py
[2024-06-24T14:10:17.225+0300] {processor.py:840} INFO - DAG(s) 'example_bash_operator' retrieved from /home/user/rubix/internship_project/.venv/lib/python3.10/site-packages/airflow/example_dags/example_bash_operator.py
[2024-06-24T14:10:17.248+0300] {logging_mixin.py:188} INFO - [2024-06-24T14:10:17.248+0300] {dag.py:3096} INFO - Sync 1 DAGs
[2024-06-24T14:10:17.266+0300] {logging_mixin.py:188} INFO - [2024-06-24T14:10:17.266+0300] {dag.py:3954} INFO - Setting next_dagrun for example_bash_operator to 2024-06-23 00:00:00+00:00, run_after=2024-06-24 00:00:00+00:00
[2024-06-24T14:10:17.285+0300] {processor.py:183} INFO - Processing /home/user/rubix/internship_project/.venv/lib/python3.10/site-packages/airflow/example_dags/example_bash_operator.py took 0.090 seconds
[2024-06-24T14:11:24.441+0300] {processor.py:161} INFO - Started process (PID=25847) to work on /home/user/rubix/internship_project/.venv/lib/python3.10/site-packages/airflow/example_dags/example_bash_operator.py
[2024-06-24T14:11:24.442+0300] {processor.py:830} INFO - Processing file /home/user/rubix/internship_project/.venv/lib/python3.10/site-packages/airflow/example_dags/example_bash_operator.py for tasks to queue
[2024-06-24T14:11:24.445+0300] {logging_mixin.py:188} INFO - [2024-06-24T14:11:24.444+0300] {dagbag.py:545} INFO - Filling up the DagBag from /home/user/rubix/internship_project/.venv/lib/python3.10/site-packages/airflow/example_dags/example_bash_operator.py
[2024-06-24T14:11:24.462+0300] {processor.py:840} INFO - DAG(s) 'example_bash_operator' retrieved from /home/user/rubix/internship_project/.venv/lib/python3.10/site-packages/airflow/example_dags/example_bash_operator.py
[2024-06-24T14:11:24.488+0300] {logging_mixin.py:188} INFO - [2024-06-24T14:11:24.488+0300] {dag.py:3096} INFO - Sync 1 DAGs
[2024-06-24T14:11:24.506+0300] {logging_mixin.py:188} INFO - [2024-06-24T14:11:24.506+0300] {dag.py:3954} INFO - Setting next_dagrun for example_bash_operator to 2024-06-23 00:00:00+00:00, run_after=2024-06-24 00:00:00+00:00
[2024-06-24T14:11:24.535+0300] {processor.py:183} INFO - Processing /home/user/rubix/internship_project/.venv/lib/python3.10/site-packages/airflow/example_dags/example_bash_operator.py took 0.104 seconds
[2024-06-24T14:12:28.005+0300] {processor.py:161} INFO - Started process (PID=26128) to work on /home/user/rubix/internship_project/.venv/lib/python3.10/site-packages/airflow/example_dags/example_bash_operator.py
[2024-06-24T14:12:28.006+0300] {processor.py:830} INFO - Processing file /home/user/rubix/internship_project/.venv/lib/python3.10/site-packages/airflow/example_dags/example_bash_operator.py for tasks to queue
[2024-06-24T14:12:28.008+0300] {logging_mixin.py:188} INFO - [2024-06-24T14:12:28.008+0300] {dagbag.py:545} INFO - Filling up the DagBag from /home/user/rubix/internship_project/.venv/lib/python3.10/site-packages/airflow/example_dags/example_bash_operator.py
[2024-06-24T14:12:28.033+0300] {processor.py:840} INFO - DAG(s) 'example_bash_operator' retrieved from /home/user/rubix/internship_project/.venv/lib/python3.10/site-packages/airflow/example_dags/example_bash_operator.py
[2024-06-24T14:12:28.053+0300] {logging_mixin.py:188} INFO - [2024-06-24T14:12:28.053+0300] {dag.py:3096} INFO - Sync 1 DAGs
[2024-06-24T14:12:28.068+0300] {logging_mixin.py:188} INFO - [2024-06-24T14:12:28.068+0300] {dag.py:3954} INFO - Setting next_dagrun for example_bash_operator to 2024-06-23 00:00:00+00:00, run_after=2024-06-24 00:00:00+00:00
[2024-06-24T14:12:28.099+0300] {processor.py:183} INFO - Processing /home/user/rubix/internship_project/.venv/lib/python3.10/site-packages/airflow/example_dags/example_bash_operator.py took 0.102 seconds
[2024-06-24T14:13:48.128+0300] {processor.py:161} INFO - Started process (PID=26417) to work on /home/user/rubix/internship_project/.venv/lib/python3.10/site-packages/airflow/example_dags/example_bash_operator.py
[2024-06-24T14:13:48.129+0300] {processor.py:830} INFO - Processing file /home/user/rubix/internship_project/.venv/lib/python3.10/site-packages/airflow/example_dags/example_bash_operator.py for tasks to queue
[2024-06-24T14:13:48.131+0300] {logging_mixin.py:188} INFO - [2024-06-24T14:13:48.130+0300] {dagbag.py:545} INFO - Filling up the DagBag from /home/user/rubix/internship_project/.venv/lib/python3.10/site-packages/airflow/example_dags/example_bash_operator.py
[2024-06-24T14:13:48.143+0300] {processor.py:840} INFO - DAG(s) 'example_bash_operator' retrieved from /home/user/rubix/internship_project/.venv/lib/python3.10/site-packages/airflow/example_dags/example_bash_operator.py
[2024-06-24T14:13:48.163+0300] {logging_mixin.py:188} INFO - [2024-06-24T14:13:48.163+0300] {dag.py:3096} INFO - Sync 1 DAGs
[2024-06-24T14:13:48.178+0300] {logging_mixin.py:188} INFO - [2024-06-24T14:13:48.178+0300] {dag.py:3954} INFO - Setting next_dagrun for example_bash_operator to 2024-06-23 00:00:00+00:00, run_after=2024-06-24 00:00:00+00:00
[2024-06-24T14:13:48.208+0300] {processor.py:183} INFO - Processing /home/user/rubix/internship_project/.venv/lib/python3.10/site-packages/airflow/example_dags/example_bash_operator.py took 0.089 seconds
[2024-06-24T14:14:52.257+0300] {processor.py:161} INFO - Started process (PID=26758) to work on /home/user/rubix/internship_project/.venv/lib/python3.10/site-packages/airflow/example_dags/example_bash_operator.py
[2024-06-24T14:14:52.258+0300] {processor.py:830} INFO - Processing file /home/user/rubix/internship_project/.venv/lib/python3.10/site-packages/airflow/example_dags/example_bash_operator.py for tasks to queue
[2024-06-24T14:14:52.260+0300] {logging_mixin.py:188} INFO - [2024-06-24T14:14:52.260+0300] {dagbag.py:545} INFO - Filling up the DagBag from /home/user/rubix/internship_project/.venv/lib/python3.10/site-packages/airflow/example_dags/example_bash_operator.py
[2024-06-24T14:14:52.272+0300] {processor.py:840} INFO - DAG(s) 'example_bash_operator' retrieved from /home/user/rubix/internship_project/.venv/lib/python3.10/site-packages/airflow/example_dags/example_bash_operator.py
[2024-06-24T14:14:52.294+0300] {logging_mixin.py:188} INFO - [2024-06-24T14:14:52.294+0300] {dag.py:3096} INFO - Sync 1 DAGs
[2024-06-24T14:14:52.310+0300] {logging_mixin.py:188} INFO - [2024-06-24T14:14:52.310+0300] {dag.py:3954} INFO - Setting next_dagrun for example_bash_operator to 2024-06-23 00:00:00+00:00, run_after=2024-06-24 00:00:00+00:00
[2024-06-24T14:14:52.329+0300] {processor.py:183} INFO - Processing /home/user/rubix/internship_project/.venv/lib/python3.10/site-packages/airflow/example_dags/example_bash_operator.py took 0.080 seconds
[2024-06-24T14:15:56.487+0300] {processor.py:161} INFO - Started process (PID=26952) to work on /home/user/rubix/internship_project/.venv/lib/python3.10/site-packages/airflow/example_dags/example_bash_operator.py
[2024-06-24T14:15:56.488+0300] {processor.py:830} INFO - Processing file /home/user/rubix/internship_project/.venv/lib/python3.10/site-packages/airflow/example_dags/example_bash_operator.py for tasks to queue
[2024-06-24T14:15:56.490+0300] {logging_mixin.py:188} INFO - [2024-06-24T14:15:56.489+0300] {dagbag.py:545} INFO - Filling up the DagBag from /home/user/rubix/internship_project/.venv/lib/python3.10/site-packages/airflow/example_dags/example_bash_operator.py
[2024-06-24T14:15:56.502+0300] {processor.py:840} INFO - DAG(s) 'example_bash_operator' retrieved from /home/user/rubix/internship_project/.venv/lib/python3.10/site-packages/airflow/example_dags/example_bash_operator.py
[2024-06-24T14:15:56.522+0300] {logging_mixin.py:188} INFO - [2024-06-24T14:15:56.522+0300] {dag.py:3096} INFO - Sync 1 DAGs
[2024-06-24T14:15:56.537+0300] {logging_mixin.py:188} INFO - [2024-06-24T14:15:56.537+0300] {dag.py:3954} INFO - Setting next_dagrun for example_bash_operator to 2024-06-23 00:00:00+00:00, run_after=2024-06-24 00:00:00+00:00
[2024-06-24T14:15:56.566+0300] {processor.py:183} INFO - Processing /home/user/rubix/internship_project/.venv/lib/python3.10/site-packages/airflow/example_dags/example_bash_operator.py took 0.087 seconds
[2024-06-24T14:16:56.054+0300] {processor.py:161} INFO - Started process (PID=27148) to work on /home/user/rubix/internship_project/.venv/lib/python3.10/site-packages/airflow/example_dags/example_bash_operator.py
[2024-06-24T14:16:56.055+0300] {processor.py:830} INFO - Processing file /home/user/rubix/internship_project/.venv/lib/python3.10/site-packages/airflow/example_dags/example_bash_operator.py for tasks to queue
[2024-06-24T14:16:56.057+0300] {logging_mixin.py:188} INFO - [2024-06-24T14:16:56.056+0300] {dagbag.py:545} INFO - Filling up the DagBag from /home/user/rubix/internship_project/.venv/lib/python3.10/site-packages/airflow/example_dags/example_bash_operator.py
[2024-06-24T14:16:56.070+0300] {processor.py:840} INFO - DAG(s) 'example_bash_operator' retrieved from /home/user/rubix/internship_project/.venv/lib/python3.10/site-packages/airflow/example_dags/example_bash_operator.py
[2024-06-24T14:16:56.093+0300] {logging_mixin.py:188} INFO - [2024-06-24T14:16:56.092+0300] {dag.py:3096} INFO - Sync 1 DAGs
[2024-06-24T14:16:56.109+0300] {logging_mixin.py:188} INFO - [2024-06-24T14:16:56.109+0300] {dag.py:3954} INFO - Setting next_dagrun for example_bash_operator to 2024-06-23 00:00:00+00:00, run_after=2024-06-24 00:00:00+00:00
[2024-06-24T14:16:56.138+0300] {processor.py:183} INFO - Processing /home/user/rubix/internship_project/.venv/lib/python3.10/site-packages/airflow/example_dags/example_bash_operator.py took 0.093 seconds
[2024-06-24T14:17:56.709+0300] {processor.py:161} INFO - Started process (PID=27336) to work on /home/user/rubix/internship_project/.venv/lib/python3.10/site-packages/airflow/example_dags/example_bash_operator.py
[2024-06-24T14:17:56.710+0300] {processor.py:830} INFO - Processing file /home/user/rubix/internship_project/.venv/lib/python3.10/site-packages/airflow/example_dags/example_bash_operator.py for tasks to queue
[2024-06-24T14:17:56.712+0300] {logging_mixin.py:188} INFO - [2024-06-24T14:17:56.712+0300] {dagbag.py:545} INFO - Filling up the DagBag from /home/user/rubix/internship_project/.venv/lib/python3.10/site-packages/airflow/example_dags/example_bash_operator.py
[2024-06-24T14:17:56.728+0300] {processor.py:840} INFO - DAG(s) 'example_bash_operator' retrieved from /home/user/rubix/internship_project/.venv/lib/python3.10/site-packages/airflow/example_dags/example_bash_operator.py
[2024-06-24T14:17:56.754+0300] {logging_mixin.py:188} INFO - [2024-06-24T14:17:56.754+0300] {dag.py:3096} INFO - Sync 1 DAGs
[2024-06-24T14:17:56.778+0300] {logging_mixin.py:188} INFO - [2024-06-24T14:17:56.778+0300] {dag.py:3954} INFO - Setting next_dagrun for example_bash_operator to 2024-06-23 00:00:00+00:00, run_after=2024-06-24 00:00:00+00:00
[2024-06-24T14:17:56.800+0300] {processor.py:183} INFO - Processing /home/user/rubix/internship_project/.venv/lib/python3.10/site-packages/airflow/example_dags/example_bash_operator.py took 0.100 seconds
[2024-06-24T14:18:56.532+0300] {processor.py:161} INFO - Started process (PID=27514) to work on /home/user/rubix/internship_project/.venv/lib/python3.10/site-packages/airflow/example_dags/example_bash_operator.py
[2024-06-24T14:18:56.533+0300] {processor.py:830} INFO - Processing file /home/user/rubix/internship_project/.venv/lib/python3.10/site-packages/airflow/example_dags/example_bash_operator.py for tasks to queue
[2024-06-24T14:18:56.535+0300] {logging_mixin.py:188} INFO - [2024-06-24T14:18:56.534+0300] {dagbag.py:545} INFO - Filling up the DagBag from /home/user/rubix/internship_project/.venv/lib/python3.10/site-packages/airflow/example_dags/example_bash_operator.py
[2024-06-24T14:18:56.552+0300] {processor.py:840} INFO - DAG(s) 'example_bash_operator' retrieved from /home/user/rubix/internship_project/.venv/lib/python3.10/site-packages/airflow/example_dags/example_bash_operator.py
[2024-06-24T14:18:56.579+0300] {logging_mixin.py:188} INFO - [2024-06-24T14:18:56.579+0300] {dag.py:3096} INFO - Sync 1 DAGs
[2024-06-24T14:18:56.618+0300] {logging_mixin.py:188} INFO - [2024-06-24T14:18:56.617+0300] {dag.py:3954} INFO - Setting next_dagrun for example_bash_operator to 2024-06-23 00:00:00+00:00, run_after=2024-06-24 00:00:00+00:00
[2024-06-24T14:18:56.662+0300] {processor.py:183} INFO - Processing /home/user/rubix/internship_project/.venv/lib/python3.10/site-packages/airflow/example_dags/example_bash_operator.py took 0.139 seconds
[2024-06-24T14:20:00.709+0300] {processor.py:161} INFO - Started process (PID=27964) to work on /home/user/rubix/internship_project/.venv/lib/python3.10/site-packages/airflow/example_dags/example_bash_operator.py
[2024-06-24T14:20:00.711+0300] {processor.py:830} INFO - Processing file /home/user/rubix/internship_project/.venv/lib/python3.10/site-packages/airflow/example_dags/example_bash_operator.py for tasks to queue
[2024-06-24T14:20:00.713+0300] {logging_mixin.py:188} INFO - [2024-06-24T14:20:00.713+0300] {dagbag.py:545} INFO - Filling up the DagBag from /home/user/rubix/internship_project/.venv/lib/python3.10/site-packages/airflow/example_dags/example_bash_operator.py
[2024-06-24T14:20:00.733+0300] {processor.py:840} INFO - DAG(s) 'example_bash_operator' retrieved from /home/user/rubix/internship_project/.venv/lib/python3.10/site-packages/airflow/example_dags/example_bash_operator.py
[2024-06-24T14:20:00.763+0300] {logging_mixin.py:188} INFO - [2024-06-24T14:20:00.763+0300] {dag.py:3096} INFO - Sync 1 DAGs
[2024-06-24T14:20:00.779+0300] {logging_mixin.py:188} INFO - [2024-06-24T14:20:00.779+0300] {dag.py:3954} INFO - Setting next_dagrun for example_bash_operator to 2024-06-23 00:00:00+00:00, run_after=2024-06-24 00:00:00+00:00
[2024-06-24T14:20:00.811+0300] {processor.py:183} INFO - Processing /home/user/rubix/internship_project/.venv/lib/python3.10/site-packages/airflow/example_dags/example_bash_operator.py took 0.111 seconds
[2024-06-24T14:20:58.983+0300] {processor.py:161} INFO - Started process (PID=28317) to work on /home/user/rubix/internship_project/.venv/lib/python3.10/site-packages/airflow/example_dags/example_bash_operator.py
[2024-06-24T14:20:58.984+0300] {processor.py:830} INFO - Processing file /home/user/rubix/internship_project/.venv/lib/python3.10/site-packages/airflow/example_dags/example_bash_operator.py for tasks to queue
[2024-06-24T14:20:58.986+0300] {logging_mixin.py:188} INFO - [2024-06-24T14:20:58.985+0300] {dagbag.py:545} INFO - Filling up the DagBag from /home/user/rubix/internship_project/.venv/lib/python3.10/site-packages/airflow/example_dags/example_bash_operator.py
[2024-06-24T14:20:59.003+0300] {processor.py:840} INFO - DAG(s) 'example_bash_operator' retrieved from /home/user/rubix/internship_project/.venv/lib/python3.10/site-packages/airflow/example_dags/example_bash_operator.py
[2024-06-24T14:20:59.029+0300] {logging_mixin.py:188} INFO - [2024-06-24T14:20:59.029+0300] {dag.py:3096} INFO - Sync 1 DAGs
[2024-06-24T14:20:59.046+0300] {logging_mixin.py:188} INFO - [2024-06-24T14:20:59.046+0300] {dag.py:3954} INFO - Setting next_dagrun for example_bash_operator to 2024-06-23 00:00:00+00:00, run_after=2024-06-24 00:00:00+00:00
[2024-06-24T14:20:59.076+0300] {processor.py:183} INFO - Processing /home/user/rubix/internship_project/.venv/lib/python3.10/site-packages/airflow/example_dags/example_bash_operator.py took 0.101 seconds
[2024-06-24T14:22:02.261+0300] {processor.py:161} INFO - Started process (PID=28715) to work on /home/user/rubix/internship_project/.venv/lib/python3.10/site-packages/airflow/example_dags/example_bash_operator.py
[2024-06-24T14:22:02.262+0300] {processor.py:830} INFO - Processing file /home/user/rubix/internship_project/.venv/lib/python3.10/site-packages/airflow/example_dags/example_bash_operator.py for tasks to queue
[2024-06-24T14:22:02.264+0300] {logging_mixin.py:188} INFO - [2024-06-24T14:22:02.263+0300] {dagbag.py:545} INFO - Filling up the DagBag from /home/user/rubix/internship_project/.venv/lib/python3.10/site-packages/airflow/example_dags/example_bash_operator.py
[2024-06-24T14:22:02.276+0300] {processor.py:840} INFO - DAG(s) 'example_bash_operator' retrieved from /home/user/rubix/internship_project/.venv/lib/python3.10/site-packages/airflow/example_dags/example_bash_operator.py
[2024-06-24T14:22:02.299+0300] {logging_mixin.py:188} INFO - [2024-06-24T14:22:02.298+0300] {dag.py:3096} INFO - Sync 1 DAGs
[2024-06-24T14:22:02.315+0300] {logging_mixin.py:188} INFO - [2024-06-24T14:22:02.315+0300] {dag.py:3954} INFO - Setting next_dagrun for example_bash_operator to 2024-06-23 00:00:00+00:00, run_after=2024-06-24 00:00:00+00:00
[2024-06-24T14:22:02.344+0300] {processor.py:183} INFO - Processing /home/user/rubix/internship_project/.venv/lib/python3.10/site-packages/airflow/example_dags/example_bash_operator.py took 0.091 seconds
[2024-06-24T14:22:58.447+0300] {processor.py:161} INFO - Started process (PID=28853) to work on /home/user/rubix/internship_project/.venv/lib/python3.10/site-packages/airflow/example_dags/example_bash_operator.py
[2024-06-24T14:22:58.448+0300] {processor.py:830} INFO - Processing file /home/user/rubix/internship_project/.venv/lib/python3.10/site-packages/airflow/example_dags/example_bash_operator.py for tasks to queue
[2024-06-24T14:22:58.450+0300] {logging_mixin.py:188} INFO - [2024-06-24T14:22:58.450+0300] {dagbag.py:545} INFO - Filling up the DagBag from /home/user/rubix/internship_project/.venv/lib/python3.10/site-packages/airflow/example_dags/example_bash_operator.py
[2024-06-24T14:22:58.467+0300] {processor.py:840} INFO - DAG(s) 'example_bash_operator' retrieved from /home/user/rubix/internship_project/.venv/lib/python3.10/site-packages/airflow/example_dags/example_bash_operator.py
[2024-06-24T14:22:58.493+0300] {logging_mixin.py:188} INFO - [2024-06-24T14:22:58.492+0300] {dag.py:3096} INFO - Sync 1 DAGs
[2024-06-24T14:22:58.518+0300] {logging_mixin.py:188} INFO - [2024-06-24T14:22:58.518+0300] {dag.py:3954} INFO - Setting next_dagrun for example_bash_operator to 2024-06-23 00:00:00+00:00, run_after=2024-06-24 00:00:00+00:00
[2024-06-24T14:22:58.550+0300] {processor.py:183} INFO - Processing /home/user/rubix/internship_project/.venv/lib/python3.10/site-packages/airflow/example_dags/example_bash_operator.py took 0.112 seconds
[2024-06-24T14:24:06.051+0300] {processor.py:161} INFO - Started process (PID=29202) to work on /home/user/rubix/internship_project/.venv/lib/python3.10/site-packages/airflow/example_dags/example_bash_operator.py
[2024-06-24T14:24:06.052+0300] {processor.py:830} INFO - Processing file /home/user/rubix/internship_project/.venv/lib/python3.10/site-packages/airflow/example_dags/example_bash_operator.py for tasks to queue
[2024-06-24T14:24:06.054+0300] {logging_mixin.py:188} INFO - [2024-06-24T14:24:06.054+0300] {dagbag.py:545} INFO - Filling up the DagBag from /home/user/rubix/internship_project/.venv/lib/python3.10/site-packages/airflow/example_dags/example_bash_operator.py
[2024-06-24T14:24:06.067+0300] {processor.py:840} INFO - DAG(s) 'example_bash_operator' retrieved from /home/user/rubix/internship_project/.venv/lib/python3.10/site-packages/airflow/example_dags/example_bash_operator.py
[2024-06-24T14:24:06.094+0300] {logging_mixin.py:188} INFO - [2024-06-24T14:24:06.093+0300] {dag.py:3096} INFO - Sync 1 DAGs
[2024-06-24T14:24:06.113+0300] {logging_mixin.py:188} INFO - [2024-06-24T14:24:06.113+0300] {dag.py:3954} INFO - Setting next_dagrun for example_bash_operator to 2024-06-23 00:00:00+00:00, run_after=2024-06-24 00:00:00+00:00
[2024-06-24T14:24:06.150+0300] {processor.py:183} INFO - Processing /home/user/rubix/internship_project/.venv/lib/python3.10/site-packages/airflow/example_dags/example_bash_operator.py took 0.107 seconds
[2024-06-24T14:25:14.115+0300] {processor.py:161} INFO - Started process (PID=29516) to work on /home/user/rubix/internship_project/.venv/lib/python3.10/site-packages/airflow/example_dags/example_bash_operator.py
[2024-06-24T14:25:14.116+0300] {processor.py:830} INFO - Processing file /home/user/rubix/internship_project/.venv/lib/python3.10/site-packages/airflow/example_dags/example_bash_operator.py for tasks to queue
[2024-06-24T14:25:14.118+0300] {logging_mixin.py:188} INFO - [2024-06-24T14:25:14.117+0300] {dagbag.py:545} INFO - Filling up the DagBag from /home/user/rubix/internship_project/.venv/lib/python3.10/site-packages/airflow/example_dags/example_bash_operator.py
[2024-06-24T14:25:14.132+0300] {processor.py:840} INFO - DAG(s) 'example_bash_operator' retrieved from /home/user/rubix/internship_project/.venv/lib/python3.10/site-packages/airflow/example_dags/example_bash_operator.py
[2024-06-24T14:25:14.156+0300] {logging_mixin.py:188} INFO - [2024-06-24T14:25:14.156+0300] {dag.py:3096} INFO - Sync 1 DAGs
[2024-06-24T14:25:14.176+0300] {logging_mixin.py:188} INFO - [2024-06-24T14:25:14.175+0300] {dag.py:3954} INFO - Setting next_dagrun for example_bash_operator to 2024-06-23 00:00:00+00:00, run_after=2024-06-24 00:00:00+00:00
[2024-06-24T14:25:14.208+0300] {processor.py:183} INFO - Processing /home/user/rubix/internship_project/.venv/lib/python3.10/site-packages/airflow/example_dags/example_bash_operator.py took 0.100 seconds
[2024-06-24T14:26:13.579+0300] {processor.py:161} INFO - Started process (PID=29730) to work on /home/user/rubix/internship_project/.venv/lib/python3.10/site-packages/airflow/example_dags/example_bash_operator.py
[2024-06-24T14:26:13.580+0300] {processor.py:830} INFO - Processing file /home/user/rubix/internship_project/.venv/lib/python3.10/site-packages/airflow/example_dags/example_bash_operator.py for tasks to queue
[2024-06-24T14:26:13.581+0300] {logging_mixin.py:188} INFO - [2024-06-24T14:26:13.581+0300] {dagbag.py:545} INFO - Filling up the DagBag from /home/user/rubix/internship_project/.venv/lib/python3.10/site-packages/airflow/example_dags/example_bash_operator.py
[2024-06-24T14:26:13.593+0300] {processor.py:840} INFO - DAG(s) 'example_bash_operator' retrieved from /home/user/rubix/internship_project/.venv/lib/python3.10/site-packages/airflow/example_dags/example_bash_operator.py
[2024-06-24T14:26:13.613+0300] {logging_mixin.py:188} INFO - [2024-06-24T14:26:13.613+0300] {dag.py:3096} INFO - Sync 1 DAGs
[2024-06-24T14:26:13.628+0300] {logging_mixin.py:188} INFO - [2024-06-24T14:26:13.628+0300] {dag.py:3954} INFO - Setting next_dagrun for example_bash_operator to 2024-06-23 00:00:00+00:00, run_after=2024-06-24 00:00:00+00:00
[2024-06-24T14:26:13.658+0300] {processor.py:183} INFO - Processing /home/user/rubix/internship_project/.venv/lib/python3.10/site-packages/airflow/example_dags/example_bash_operator.py took 0.087 seconds
[2024-06-24T14:27:21.546+0300] {processor.py:161} INFO - Started process (PID=30391) to work on /home/user/rubix/internship_project/.venv/lib/python3.10/site-packages/airflow/example_dags/example_bash_operator.py
[2024-06-24T14:27:21.547+0300] {processor.py:830} INFO - Processing file /home/user/rubix/internship_project/.venv/lib/python3.10/site-packages/airflow/example_dags/example_bash_operator.py for tasks to queue
[2024-06-24T14:27:21.549+0300] {logging_mixin.py:188} INFO - [2024-06-24T14:27:21.549+0300] {dagbag.py:545} INFO - Filling up the DagBag from /home/user/rubix/internship_project/.venv/lib/python3.10/site-packages/airflow/example_dags/example_bash_operator.py
[2024-06-24T14:27:21.563+0300] {processor.py:840} INFO - DAG(s) 'example_bash_operator' retrieved from /home/user/rubix/internship_project/.venv/lib/python3.10/site-packages/airflow/example_dags/example_bash_operator.py
[2024-06-24T14:27:21.587+0300] {logging_mixin.py:188} INFO - [2024-06-24T14:27:21.587+0300] {dag.py:3096} INFO - Sync 1 DAGs
[2024-06-24T14:27:21.605+0300] {logging_mixin.py:188} INFO - [2024-06-24T14:27:21.605+0300] {dag.py:3954} INFO - Setting next_dagrun for example_bash_operator to 2024-06-23 00:00:00+00:00, run_after=2024-06-24 00:00:00+00:00
[2024-06-24T14:27:21.636+0300] {processor.py:183} INFO - Processing /home/user/rubix/internship_project/.venv/lib/python3.10/site-packages/airflow/example_dags/example_bash_operator.py took 0.099 seconds
[2024-06-24T14:28:23.910+0300] {processor.py:161} INFO - Started process (PID=30724) to work on /home/user/rubix/internship_project/.venv/lib/python3.10/site-packages/airflow/example_dags/example_bash_operator.py
[2024-06-24T14:28:23.911+0300] {processor.py:830} INFO - Processing file /home/user/rubix/internship_project/.venv/lib/python3.10/site-packages/airflow/example_dags/example_bash_operator.py for tasks to queue
[2024-06-24T14:28:23.913+0300] {logging_mixin.py:188} INFO - [2024-06-24T14:28:23.913+0300] {dagbag.py:545} INFO - Filling up the DagBag from /home/user/rubix/internship_project/.venv/lib/python3.10/site-packages/airflow/example_dags/example_bash_operator.py
[2024-06-24T14:28:23.925+0300] {processor.py:840} INFO - DAG(s) 'example_bash_operator' retrieved from /home/user/rubix/internship_project/.venv/lib/python3.10/site-packages/airflow/example_dags/example_bash_operator.py
[2024-06-24T14:28:23.948+0300] {logging_mixin.py:188} INFO - [2024-06-24T14:28:23.948+0300] {dag.py:3096} INFO - Sync 1 DAGs
[2024-06-24T14:28:23.963+0300] {logging_mixin.py:188} INFO - [2024-06-24T14:28:23.963+0300] {dag.py:3954} INFO - Setting next_dagrun for example_bash_operator to 2024-06-23 00:00:00+00:00, run_after=2024-06-24 00:00:00+00:00
[2024-06-24T14:28:23.993+0300] {processor.py:183} INFO - Processing /home/user/rubix/internship_project/.venv/lib/python3.10/site-packages/airflow/example_dags/example_bash_operator.py took 0.091 seconds
[2024-06-24T14:29:36.249+0300] {processor.py:161} INFO - Started process (PID=31232) to work on /home/user/rubix/internship_project/.venv/lib/python3.10/site-packages/airflow/example_dags/example_bash_operator.py
[2024-06-24T14:29:36.250+0300] {processor.py:830} INFO - Processing file /home/user/rubix/internship_project/.venv/lib/python3.10/site-packages/airflow/example_dags/example_bash_operator.py for tasks to queue
[2024-06-24T14:29:36.252+0300] {logging_mixin.py:188} INFO - [2024-06-24T14:29:36.252+0300] {dagbag.py:545} INFO - Filling up the DagBag from /home/user/rubix/internship_project/.venv/lib/python3.10/site-packages/airflow/example_dags/example_bash_operator.py
[2024-06-24T14:29:36.267+0300] {processor.py:840} INFO - DAG(s) 'example_bash_operator' retrieved from /home/user/rubix/internship_project/.venv/lib/python3.10/site-packages/airflow/example_dags/example_bash_operator.py
[2024-06-24T14:29:36.294+0300] {logging_mixin.py:188} INFO - [2024-06-24T14:29:36.293+0300] {dag.py:3096} INFO - Sync 1 DAGs
[2024-06-24T14:29:36.312+0300] {logging_mixin.py:188} INFO - [2024-06-24T14:29:36.312+0300] {dag.py:3954} INFO - Setting next_dagrun for example_bash_operator to 2024-06-23 00:00:00+00:00, run_after=2024-06-24 00:00:00+00:00
[2024-06-24T14:29:36.346+0300] {processor.py:183} INFO - Processing /home/user/rubix/internship_project/.venv/lib/python3.10/site-packages/airflow/example_dags/example_bash_operator.py took 0.105 seconds
[2024-06-24T14:30:47.653+0300] {processor.py:161} INFO - Started process (PID=31505) to work on /home/user/rubix/internship_project/.venv/lib/python3.10/site-packages/airflow/example_dags/example_bash_operator.py
[2024-06-24T14:30:47.654+0300] {processor.py:830} INFO - Processing file /home/user/rubix/internship_project/.venv/lib/python3.10/site-packages/airflow/example_dags/example_bash_operator.py for tasks to queue
[2024-06-24T14:30:47.658+0300] {logging_mixin.py:188} INFO - [2024-06-24T14:30:47.657+0300] {dagbag.py:545} INFO - Filling up the DagBag from /home/user/rubix/internship_project/.venv/lib/python3.10/site-packages/airflow/example_dags/example_bash_operator.py
[2024-06-24T14:30:47.671+0300] {processor.py:840} INFO - DAG(s) 'example_bash_operator' retrieved from /home/user/rubix/internship_project/.venv/lib/python3.10/site-packages/airflow/example_dags/example_bash_operator.py
[2024-06-24T14:30:47.699+0300] {logging_mixin.py:188} INFO - [2024-06-24T14:30:47.698+0300] {dag.py:3096} INFO - Sync 1 DAGs
[2024-06-24T14:30:47.717+0300] {logging_mixin.py:188} INFO - [2024-06-24T14:30:47.717+0300] {dag.py:3954} INFO - Setting next_dagrun for example_bash_operator to 2024-06-23 00:00:00+00:00, run_after=2024-06-24 00:00:00+00:00
[2024-06-24T14:30:47.777+0300] {processor.py:183} INFO - Processing /home/user/rubix/internship_project/.venv/lib/python3.10/site-packages/airflow/example_dags/example_bash_operator.py took 0.132 seconds
[2024-06-24T14:31:58.020+0300] {processor.py:161} INFO - Started process (PID=31950) to work on /home/user/rubix/internship_project/.venv/lib/python3.10/site-packages/airflow/example_dags/example_bash_operator.py
[2024-06-24T14:31:58.021+0300] {processor.py:830} INFO - Processing file /home/user/rubix/internship_project/.venv/lib/python3.10/site-packages/airflow/example_dags/example_bash_operator.py for tasks to queue
[2024-06-24T14:31:58.022+0300] {logging_mixin.py:188} INFO - [2024-06-24T14:31:58.022+0300] {dagbag.py:545} INFO - Filling up the DagBag from /home/user/rubix/internship_project/.venv/lib/python3.10/site-packages/airflow/example_dags/example_bash_operator.py
[2024-06-24T14:31:58.035+0300] {processor.py:840} INFO - DAG(s) 'example_bash_operator' retrieved from /home/user/rubix/internship_project/.venv/lib/python3.10/site-packages/airflow/example_dags/example_bash_operator.py
[2024-06-24T14:31:58.058+0300] {logging_mixin.py:188} INFO - [2024-06-24T14:31:58.058+0300] {dag.py:3096} INFO - Sync 1 DAGs
[2024-06-24T14:31:58.075+0300] {logging_mixin.py:188} INFO - [2024-06-24T14:31:58.075+0300] {dag.py:3954} INFO - Setting next_dagrun for example_bash_operator to 2024-06-23 00:00:00+00:00, run_after=2024-06-24 00:00:00+00:00
[2024-06-24T14:31:58.104+0300] {processor.py:183} INFO - Processing /home/user/rubix/internship_project/.venv/lib/python3.10/site-packages/airflow/example_dags/example_bash_operator.py took 0.093 seconds
