[2024-06-24T14:03:04.865+0300] {processor.py:161} INFO - Started process (PID=22622) to work on /home/user/rubix/internship_project/.venv/lib/python3.10/site-packages/airflow/example_dags/example_short_circuit_decorator.py
[2024-06-24T14:03:04.866+0300] {processor.py:830} INFO - Processing file /home/user/rubix/internship_project/.venv/lib/python3.10/site-packages/airflow/example_dags/example_short_circuit_decorator.py for tasks to queue
[2024-06-24T14:03:04.875+0300] {logging_mixin.py:188} INFO - [2024-06-24T14:03:04.874+0300] {dagbag.py:545} INFO - Filling up the DagBag from /home/user/rubix/internship_project/.venv/lib/python3.10/site-packages/airflow/example_dags/example_short_circuit_decorator.py
[2024-06-24T14:03:04.885+0300] {processor.py:840} INFO - DAG(s) 'example_short_circuit_decorator' retrieved from /home/user/rubix/internship_project/.venv/lib/python3.10/site-packages/airflow/example_dags/example_short_circuit_decorator.py
[2024-06-24T14:03:04.896+0300] {logging_mixin.py:188} INFO - [2024-06-24T14:03:04.895+0300] {dag.py:3096} INFO - Sync 1 DAGs
[2024-06-24T14:03:04.912+0300] {logging_mixin.py:188} INFO - [2024-06-24T14:03:04.911+0300] {dag.py:3954} INFO - Setting next_dagrun for example_short_circuit_decorator to 2024-06-23 00:00:00+00:00, run_after=2024-06-24 00:00:00+00:00
[2024-06-24T14:03:04.949+0300] {processor.py:183} INFO - Processing /home/user/rubix/internship_project/.venv/lib/python3.10/site-packages/airflow/example_dags/example_short_circuit_decorator.py took 0.091 seconds
[2024-06-24T14:04:17.124+0300] {processor.py:161} INFO - Started process (PID=23174) to work on /home/user/rubix/internship_project/.venv/lib/python3.10/site-packages/airflow/example_dags/example_short_circuit_decorator.py
[2024-06-24T14:04:17.125+0300] {processor.py:830} INFO - Processing file /home/user/rubix/internship_project/.venv/lib/python3.10/site-packages/airflow/example_dags/example_short_circuit_decorator.py for tasks to queue
[2024-06-24T14:04:17.127+0300] {logging_mixin.py:188} INFO - [2024-06-24T14:04:17.126+0300] {dagbag.py:545} INFO - Filling up the DagBag from /home/user/rubix/internship_project/.venv/lib/python3.10/site-packages/airflow/example_dags/example_short_circuit_decorator.py
[2024-06-24T14:04:17.136+0300] {processor.py:840} INFO - DAG(s) 'example_short_circuit_decorator' retrieved from /home/user/rubix/internship_project/.venv/lib/python3.10/site-packages/airflow/example_dags/example_short_circuit_decorator.py
[2024-06-24T14:04:17.148+0300] {logging_mixin.py:188} INFO - [2024-06-24T14:04:17.148+0300] {dag.py:3096} INFO - Sync 1 DAGs
[2024-06-24T14:04:17.165+0300] {logging_mixin.py:188} INFO - [2024-06-24T14:04:17.164+0300] {dag.py:3954} INFO - Setting next_dagrun for example_short_circuit_decorator to 2024-06-23 00:00:00+00:00, run_after=2024-06-24 00:00:00+00:00
[2024-06-24T14:04:17.195+0300] {processor.py:183} INFO - Processing /home/user/rubix/internship_project/.venv/lib/python3.10/site-packages/airflow/example_dags/example_short_circuit_decorator.py took 0.079 seconds
[2024-06-24T14:05:16.845+0300] {processor.py:161} INFO - Started process (PID=23621) to work on /home/user/rubix/internship_project/.venv/lib/python3.10/site-packages/airflow/example_dags/example_short_circuit_decorator.py
[2024-06-24T14:05:16.846+0300] {processor.py:830} INFO - Processing file /home/user/rubix/internship_project/.venv/lib/python3.10/site-packages/airflow/example_dags/example_short_circuit_decorator.py for tasks to queue
[2024-06-24T14:05:16.848+0300] {logging_mixin.py:188} INFO - [2024-06-24T14:05:16.847+0300] {dagbag.py:545} INFO - Filling up the DagBag from /home/user/rubix/internship_project/.venv/lib/python3.10/site-packages/airflow/example_dags/example_short_circuit_decorator.py
[2024-06-24T14:05:16.869+0300] {processor.py:840} INFO - DAG(s) 'example_short_circuit_decorator' retrieved from /home/user/rubix/internship_project/.venv/lib/python3.10/site-packages/airflow/example_dags/example_short_circuit_decorator.py
[2024-06-24T14:05:17.044+0300] {logging_mixin.py:188} INFO - [2024-06-24T14:05:17.043+0300] {dag.py:3096} INFO - Sync 1 DAGs
[2024-06-24T14:05:17.055+0300] {logging_mixin.py:188} INFO - [2024-06-24T14:05:17.054+0300] {dag.py:3954} INFO - Setting next_dagrun for example_short_circuit_decorator to 2024-06-23 00:00:00+00:00, run_after=2024-06-24 00:00:00+00:00
[2024-06-24T14:05:17.070+0300] {processor.py:183} INFO - Processing /home/user/rubix/internship_project/.venv/lib/python3.10/site-packages/airflow/example_dags/example_short_circuit_decorator.py took 0.235 seconds
[2024-06-24T14:06:18.710+0300] {processor.py:161} INFO - Started process (PID=24095) to work on /home/user/rubix/internship_project/.venv/lib/python3.10/site-packages/airflow/example_dags/example_short_circuit_decorator.py
[2024-06-24T14:06:18.714+0300] {processor.py:830} INFO - Processing file /home/user/rubix/internship_project/.venv/lib/python3.10/site-packages/airflow/example_dags/example_short_circuit_decorator.py for tasks to queue
[2024-06-24T14:06:18.716+0300] {logging_mixin.py:188} INFO - [2024-06-24T14:06:18.716+0300] {dagbag.py:545} INFO - Filling up the DagBag from /home/user/rubix/internship_project/.venv/lib/python3.10/site-packages/airflow/example_dags/example_short_circuit_decorator.py
[2024-06-24T14:06:18.734+0300] {processor.py:840} INFO - DAG(s) 'example_short_circuit_decorator' retrieved from /home/user/rubix/internship_project/.venv/lib/python3.10/site-packages/airflow/example_dags/example_short_circuit_decorator.py
[2024-06-24T14:06:18.774+0300] {logging_mixin.py:188} INFO - [2024-06-24T14:06:18.773+0300] {dag.py:3096} INFO - Sync 1 DAGs
[2024-06-24T14:06:18.904+0300] {logging_mixin.py:188} INFO - [2024-06-24T14:06:18.904+0300] {dag.py:3954} INFO - Setting next_dagrun for example_short_circuit_decorator to 2024-06-23 00:00:00+00:00, run_after=2024-06-24 00:00:00+00:00
[2024-06-24T14:06:18.933+0300] {processor.py:183} INFO - Processing /home/user/rubix/internship_project/.venv/lib/python3.10/site-packages/airflow/example_dags/example_short_circuit_decorator.py took 0.235 seconds
[2024-06-24T14:07:12.790+0300] {processor.py:161} INFO - Started process (PID=24264) to work on /home/user/rubix/internship_project/.venv/lib/python3.10/site-packages/airflow/example_dags/example_short_circuit_decorator.py
[2024-06-24T14:07:12.791+0300] {processor.py:830} INFO - Processing file /home/user/rubix/internship_project/.venv/lib/python3.10/site-packages/airflow/example_dags/example_short_circuit_decorator.py for tasks to queue
[2024-06-24T14:07:12.794+0300] {logging_mixin.py:188} INFO - [2024-06-24T14:07:12.793+0300] {dagbag.py:545} INFO - Filling up the DagBag from /home/user/rubix/internship_project/.venv/lib/python3.10/site-packages/airflow/example_dags/example_short_circuit_decorator.py
[2024-06-24T14:07:12.802+0300] {processor.py:840} INFO - DAG(s) 'example_short_circuit_decorator' retrieved from /home/user/rubix/internship_project/.venv/lib/python3.10/site-packages/airflow/example_dags/example_short_circuit_decorator.py
[2024-06-24T14:07:12.820+0300] {logging_mixin.py:188} INFO - [2024-06-24T14:07:12.820+0300] {dag.py:3096} INFO - Sync 1 DAGs
[2024-06-24T14:07:12.835+0300] {logging_mixin.py:188} INFO - [2024-06-24T14:07:12.835+0300] {dag.py:3954} INFO - Setting next_dagrun for example_short_circuit_decorator to 2024-06-23 00:00:00+00:00, run_after=2024-06-24 00:00:00+00:00
[2024-06-24T14:07:12.867+0300] {processor.py:183} INFO - Processing /home/user/rubix/internship_project/.venv/lib/python3.10/site-packages/airflow/example_dags/example_short_circuit_decorator.py took 0.085 seconds
[2024-06-24T14:08:06.063+0300] {processor.py:161} INFO - Started process (PID=24599) to work on /home/user/rubix/internship_project/.venv/lib/python3.10/site-packages/airflow/example_dags/example_short_circuit_decorator.py
[2024-06-24T14:08:06.064+0300] {processor.py:830} INFO - Processing file /home/user/rubix/internship_project/.venv/lib/python3.10/site-packages/airflow/example_dags/example_short_circuit_decorator.py for tasks to queue
[2024-06-24T14:08:06.066+0300] {logging_mixin.py:188} INFO - [2024-06-24T14:08:06.066+0300] {dagbag.py:545} INFO - Filling up the DagBag from /home/user/rubix/internship_project/.venv/lib/python3.10/site-packages/airflow/example_dags/example_short_circuit_decorator.py
[2024-06-24T14:08:06.079+0300] {processor.py:840} INFO - DAG(s) 'example_short_circuit_decorator' retrieved from /home/user/rubix/internship_project/.venv/lib/python3.10/site-packages/airflow/example_dags/example_short_circuit_decorator.py
[2024-06-24T14:08:06.107+0300] {logging_mixin.py:188} INFO - [2024-06-24T14:08:06.107+0300] {dag.py:3096} INFO - Sync 1 DAGs
[2024-06-24T14:08:06.124+0300] {logging_mixin.py:188} INFO - [2024-06-24T14:08:06.124+0300] {dag.py:3954} INFO - Setting next_dagrun for example_short_circuit_decorator to 2024-06-23 00:00:00+00:00, run_after=2024-06-24 00:00:00+00:00
[2024-06-24T14:08:06.154+0300] {processor.py:183} INFO - Processing /home/user/rubix/internship_project/.venv/lib/python3.10/site-packages/airflow/example_dags/example_short_circuit_decorator.py took 0.099 seconds
[2024-06-24T14:08:53.055+0300] {processor.py:161} INFO - Started process (PID=24853) to work on /home/user/rubix/internship_project/.venv/lib/python3.10/site-packages/airflow/example_dags/example_short_circuit_decorator.py
[2024-06-24T14:08:53.056+0300] {processor.py:830} INFO - Processing file /home/user/rubix/internship_project/.venv/lib/python3.10/site-packages/airflow/example_dags/example_short_circuit_decorator.py for tasks to queue
[2024-06-24T14:08:53.058+0300] {logging_mixin.py:188} INFO - [2024-06-24T14:08:53.057+0300] {dagbag.py:545} INFO - Filling up the DagBag from /home/user/rubix/internship_project/.venv/lib/python3.10/site-packages/airflow/example_dags/example_short_circuit_decorator.py
[2024-06-24T14:08:53.068+0300] {processor.py:840} INFO - DAG(s) 'example_short_circuit_decorator' retrieved from /home/user/rubix/internship_project/.venv/lib/python3.10/site-packages/airflow/example_dags/example_short_circuit_decorator.py
[2024-06-24T14:08:53.088+0300] {logging_mixin.py:188} INFO - [2024-06-24T14:08:53.087+0300] {dag.py:3096} INFO - Sync 1 DAGs
[2024-06-24T14:08:53.105+0300] {logging_mixin.py:188} INFO - [2024-06-24T14:08:53.105+0300] {dag.py:3954} INFO - Setting next_dagrun for example_short_circuit_decorator to 2024-06-23 00:00:00+00:00, run_after=2024-06-24 00:00:00+00:00
[2024-06-24T14:08:53.135+0300] {processor.py:183} INFO - Processing /home/user/rubix/internship_project/.venv/lib/python3.10/site-packages/airflow/example_dags/example_short_circuit_decorator.py took 0.091 seconds
[2024-06-24T14:09:41.074+0300] {processor.py:161} INFO - Started process (PID=25143) to work on /home/user/rubix/internship_project/.venv/lib/python3.10/site-packages/airflow/example_dags/example_short_circuit_decorator.py
[2024-06-24T14:09:41.076+0300] {processor.py:830} INFO - Processing file /home/user/rubix/internship_project/.venv/lib/python3.10/site-packages/airflow/example_dags/example_short_circuit_decorator.py for tasks to queue
[2024-06-24T14:09:41.078+0300] {logging_mixin.py:188} INFO - [2024-06-24T14:09:41.077+0300] {dagbag.py:545} INFO - Filling up the DagBag from /home/user/rubix/internship_project/.venv/lib/python3.10/site-packages/airflow/example_dags/example_short_circuit_decorator.py
[2024-06-24T14:09:41.089+0300] {processor.py:840} INFO - DAG(s) 'example_short_circuit_decorator' retrieved from /home/user/rubix/internship_project/.venv/lib/python3.10/site-packages/airflow/example_dags/example_short_circuit_decorator.py
[2024-06-24T14:09:41.109+0300] {logging_mixin.py:188} INFO - [2024-06-24T14:09:41.109+0300] {dag.py:3096} INFO - Sync 1 DAGs
[2024-06-24T14:09:41.128+0300] {logging_mixin.py:188} INFO - [2024-06-24T14:09:41.128+0300] {dag.py:3954} INFO - Setting next_dagrun for example_short_circuit_decorator to 2024-06-23 00:00:00+00:00, run_after=2024-06-24 00:00:00+00:00
[2024-06-24T14:09:41.161+0300] {processor.py:183} INFO - Processing /home/user/rubix/internship_project/.venv/lib/python3.10/site-packages/airflow/example_dags/example_short_circuit_decorator.py took 0.096 seconds
[2024-06-24T14:10:26.485+0300] {processor.py:161} INFO - Started process (PID=25475) to work on /home/user/rubix/internship_project/.venv/lib/python3.10/site-packages/airflow/example_dags/example_short_circuit_decorator.py
[2024-06-24T14:10:26.486+0300] {processor.py:830} INFO - Processing file /home/user/rubix/internship_project/.venv/lib/python3.10/site-packages/airflow/example_dags/example_short_circuit_decorator.py for tasks to queue
[2024-06-24T14:10:26.488+0300] {logging_mixin.py:188} INFO - [2024-06-24T14:10:26.488+0300] {dagbag.py:545} INFO - Filling up the DagBag from /home/user/rubix/internship_project/.venv/lib/python3.10/site-packages/airflow/example_dags/example_short_circuit_decorator.py
[2024-06-24T14:10:26.498+0300] {processor.py:840} INFO - DAG(s) 'example_short_circuit_decorator' retrieved from /home/user/rubix/internship_project/.venv/lib/python3.10/site-packages/airflow/example_dags/example_short_circuit_decorator.py
[2024-06-24T14:10:26.516+0300] {logging_mixin.py:188} INFO - [2024-06-24T14:10:26.516+0300] {dag.py:3096} INFO - Sync 1 DAGs
[2024-06-24T14:10:26.532+0300] {logging_mixin.py:188} INFO - [2024-06-24T14:10:26.532+0300] {dag.py:3954} INFO - Setting next_dagrun for example_short_circuit_decorator to 2024-06-23 00:00:00+00:00, run_after=2024-06-24 00:00:00+00:00
[2024-06-24T14:10:26.566+0300] {processor.py:183} INFO - Processing /home/user/rubix/internship_project/.venv/lib/python3.10/site-packages/airflow/example_dags/example_short_circuit_decorator.py took 0.089 seconds
[2024-06-24T14:11:11.248+0300] {processor.py:161} INFO - Started process (PID=25772) to work on /home/user/rubix/internship_project/.venv/lib/python3.10/site-packages/airflow/example_dags/example_short_circuit_decorator.py
[2024-06-24T14:11:11.249+0300] {processor.py:830} INFO - Processing file /home/user/rubix/internship_project/.venv/lib/python3.10/site-packages/airflow/example_dags/example_short_circuit_decorator.py for tasks to queue
[2024-06-24T14:11:11.251+0300] {logging_mixin.py:188} INFO - [2024-06-24T14:11:11.250+0300] {dagbag.py:545} INFO - Filling up the DagBag from /home/user/rubix/internship_project/.venv/lib/python3.10/site-packages/airflow/example_dags/example_short_circuit_decorator.py
[2024-06-24T14:11:11.261+0300] {processor.py:840} INFO - DAG(s) 'example_short_circuit_decorator' retrieved from /home/user/rubix/internship_project/.venv/lib/python3.10/site-packages/airflow/example_dags/example_short_circuit_decorator.py
[2024-06-24T14:11:11.282+0300] {logging_mixin.py:188} INFO - [2024-06-24T14:11:11.282+0300] {dag.py:3096} INFO - Sync 1 DAGs
[2024-06-24T14:11:11.299+0300] {logging_mixin.py:188} INFO - [2024-06-24T14:11:11.299+0300] {dag.py:3954} INFO - Setting next_dagrun for example_short_circuit_decorator to 2024-06-23 00:00:00+00:00, run_after=2024-06-24 00:00:00+00:00
[2024-06-24T14:11:11.331+0300] {processor.py:183} INFO - Processing /home/user/rubix/internship_project/.venv/lib/python3.10/site-packages/airflow/example_dags/example_short_circuit_decorator.py took 0.092 seconds
[2024-06-24T14:11:56.445+0300] {processor.py:161} INFO - Started process (PID=25997) to work on /home/user/rubix/internship_project/.venv/lib/python3.10/site-packages/airflow/example_dags/example_short_circuit_decorator.py
[2024-06-24T14:11:56.446+0300] {processor.py:830} INFO - Processing file /home/user/rubix/internship_project/.venv/lib/python3.10/site-packages/airflow/example_dags/example_short_circuit_decorator.py for tasks to queue
[2024-06-24T14:11:56.448+0300] {logging_mixin.py:188} INFO - [2024-06-24T14:11:56.448+0300] {dagbag.py:545} INFO - Filling up the DagBag from /home/user/rubix/internship_project/.venv/lib/python3.10/site-packages/airflow/example_dags/example_short_circuit_decorator.py
[2024-06-24T14:11:56.458+0300] {processor.py:840} INFO - DAG(s) 'example_short_circuit_decorator' retrieved from /home/user/rubix/internship_project/.venv/lib/python3.10/site-packages/airflow/example_dags/example_short_circuit_decorator.py
[2024-06-24T14:11:56.476+0300] {logging_mixin.py:188} INFO - [2024-06-24T14:11:56.476+0300] {dag.py:3096} INFO - Sync 1 DAGs
[2024-06-24T14:11:56.491+0300] {logging_mixin.py:188} INFO - [2024-06-24T14:11:56.491+0300] {dag.py:3954} INFO - Setting next_dagrun for example_short_circuit_decorator to 2024-06-23 00:00:00+00:00, run_after=2024-06-24 00:00:00+00:00
[2024-06-24T14:11:56.521+0300] {processor.py:183} INFO - Processing /home/user/rubix/internship_project/.venv/lib/python3.10/site-packages/airflow/example_dags/example_short_circuit_decorator.py took 0.083 seconds
[2024-06-24T14:12:37.811+0300] {processor.py:161} INFO - Started process (PID=26146) to work on /home/user/rubix/internship_project/.venv/lib/python3.10/site-packages/airflow/example_dags/example_short_circuit_decorator.py
[2024-06-24T14:12:37.812+0300] {processor.py:830} INFO - Processing file /home/user/rubix/internship_project/.venv/lib/python3.10/site-packages/airflow/example_dags/example_short_circuit_decorator.py for tasks to queue
[2024-06-24T14:12:37.813+0300] {logging_mixin.py:188} INFO - [2024-06-24T14:12:37.813+0300] {dagbag.py:545} INFO - Filling up the DagBag from /home/user/rubix/internship_project/.venv/lib/python3.10/site-packages/airflow/example_dags/example_short_circuit_decorator.py
[2024-06-24T14:12:37.831+0300] {processor.py:840} INFO - DAG(s) 'example_short_circuit_decorator' retrieved from /home/user/rubix/internship_project/.venv/lib/python3.10/site-packages/airflow/example_dags/example_short_circuit_decorator.py
[2024-06-24T14:12:37.849+0300] {logging_mixin.py:188} INFO - [2024-06-24T14:12:37.849+0300] {dag.py:3096} INFO - Sync 1 DAGs
[2024-06-24T14:12:37.865+0300] {logging_mixin.py:188} INFO - [2024-06-24T14:12:37.865+0300] {dag.py:3954} INFO - Setting next_dagrun for example_short_circuit_decorator to 2024-06-23 00:00:00+00:00, run_after=2024-06-24 00:00:00+00:00
[2024-06-24T14:12:37.893+0300] {processor.py:183} INFO - Processing /home/user/rubix/internship_project/.venv/lib/python3.10/site-packages/airflow/example_dags/example_short_circuit_decorator.py took 0.091 seconds
[2024-06-24T14:13:29.211+0300] {processor.py:161} INFO - Started process (PID=26309) to work on /home/user/rubix/internship_project/.venv/lib/python3.10/site-packages/airflow/example_dags/example_short_circuit_decorator.py
[2024-06-24T14:13:29.212+0300] {processor.py:830} INFO - Processing file /home/user/rubix/internship_project/.venv/lib/python3.10/site-packages/airflow/example_dags/example_short_circuit_decorator.py for tasks to queue
[2024-06-24T14:13:29.215+0300] {logging_mixin.py:188} INFO - [2024-06-24T14:13:29.214+0300] {dagbag.py:545} INFO - Filling up the DagBag from /home/user/rubix/internship_project/.venv/lib/python3.10/site-packages/airflow/example_dags/example_short_circuit_decorator.py
[2024-06-24T14:13:29.223+0300] {processor.py:840} INFO - DAG(s) 'example_short_circuit_decorator' retrieved from /home/user/rubix/internship_project/.venv/lib/python3.10/site-packages/airflow/example_dags/example_short_circuit_decorator.py
[2024-06-24T14:13:29.241+0300] {logging_mixin.py:188} INFO - [2024-06-24T14:13:29.241+0300] {dag.py:3096} INFO - Sync 1 DAGs
[2024-06-24T14:13:29.256+0300] {logging_mixin.py:188} INFO - [2024-06-24T14:13:29.256+0300] {dag.py:3954} INFO - Setting next_dagrun for example_short_circuit_decorator to 2024-06-23 00:00:00+00:00, run_after=2024-06-24 00:00:00+00:00
[2024-06-24T14:13:29.287+0300] {processor.py:183} INFO - Processing /home/user/rubix/internship_project/.venv/lib/python3.10/site-packages/airflow/example_dags/example_short_circuit_decorator.py took 0.083 seconds
[2024-06-24T14:14:20.220+0300] {processor.py:161} INFO - Started process (PID=26664) to work on /home/user/rubix/internship_project/.venv/lib/python3.10/site-packages/airflow/example_dags/example_short_circuit_decorator.py
[2024-06-24T14:14:20.221+0300] {processor.py:830} INFO - Processing file /home/user/rubix/internship_project/.venv/lib/python3.10/site-packages/airflow/example_dags/example_short_circuit_decorator.py for tasks to queue
[2024-06-24T14:14:20.222+0300] {logging_mixin.py:188} INFO - [2024-06-24T14:14:20.222+0300] {dagbag.py:545} INFO - Filling up the DagBag from /home/user/rubix/internship_project/.venv/lib/python3.10/site-packages/airflow/example_dags/example_short_circuit_decorator.py
[2024-06-24T14:14:20.232+0300] {processor.py:840} INFO - DAG(s) 'example_short_circuit_decorator' retrieved from /home/user/rubix/internship_project/.venv/lib/python3.10/site-packages/airflow/example_dags/example_short_circuit_decorator.py
[2024-06-24T14:14:20.252+0300] {logging_mixin.py:188} INFO - [2024-06-24T14:14:20.252+0300] {dag.py:3096} INFO - Sync 1 DAGs
[2024-06-24T14:14:20.268+0300] {logging_mixin.py:188} INFO - [2024-06-24T14:14:20.268+0300] {dag.py:3954} INFO - Setting next_dagrun for example_short_circuit_decorator to 2024-06-23 00:00:00+00:00, run_after=2024-06-24 00:00:00+00:00
[2024-06-24T14:14:20.299+0300] {processor.py:183} INFO - Processing /home/user/rubix/internship_project/.venv/lib/python3.10/site-packages/airflow/example_dags/example_short_circuit_decorator.py took 0.088 seconds
[2024-06-24T14:15:04.233+0300] {processor.py:161} INFO - Started process (PID=26841) to work on /home/user/rubix/internship_project/.venv/lib/python3.10/site-packages/airflow/example_dags/example_short_circuit_decorator.py
[2024-06-24T14:15:04.234+0300] {processor.py:830} INFO - Processing file /home/user/rubix/internship_project/.venv/lib/python3.10/site-packages/airflow/example_dags/example_short_circuit_decorator.py for tasks to queue
[2024-06-24T14:15:04.236+0300] {logging_mixin.py:188} INFO - [2024-06-24T14:15:04.235+0300] {dagbag.py:545} INFO - Filling up the DagBag from /home/user/rubix/internship_project/.venv/lib/python3.10/site-packages/airflow/example_dags/example_short_circuit_decorator.py
[2024-06-24T14:15:04.245+0300] {processor.py:840} INFO - DAG(s) 'example_short_circuit_decorator' retrieved from /home/user/rubix/internship_project/.venv/lib/python3.10/site-packages/airflow/example_dags/example_short_circuit_decorator.py
[2024-06-24T14:15:04.265+0300] {logging_mixin.py:188} INFO - [2024-06-24T14:15:04.265+0300] {dag.py:3096} INFO - Sync 1 DAGs
[2024-06-24T14:15:04.281+0300] {logging_mixin.py:188} INFO - [2024-06-24T14:15:04.281+0300] {dag.py:3954} INFO - Setting next_dagrun for example_short_circuit_decorator to 2024-06-23 00:00:00+00:00, run_after=2024-06-24 00:00:00+00:00
[2024-06-24T14:15:04.310+0300] {processor.py:183} INFO - Processing /home/user/rubix/internship_project/.venv/lib/python3.10/site-packages/airflow/example_dags/example_short_circuit_decorator.py took 0.085 seconds
[2024-06-24T14:15:47.215+0300] {processor.py:161} INFO - Started process (PID=26933) to work on /home/user/rubix/internship_project/.venv/lib/python3.10/site-packages/airflow/example_dags/example_short_circuit_decorator.py
[2024-06-24T14:15:47.216+0300] {processor.py:830} INFO - Processing file /home/user/rubix/internship_project/.venv/lib/python3.10/site-packages/airflow/example_dags/example_short_circuit_decorator.py for tasks to queue
[2024-06-24T14:15:47.218+0300] {logging_mixin.py:188} INFO - [2024-06-24T14:15:47.218+0300] {dagbag.py:545} INFO - Filling up the DagBag from /home/user/rubix/internship_project/.venv/lib/python3.10/site-packages/airflow/example_dags/example_short_circuit_decorator.py
[2024-06-24T14:15:47.228+0300] {processor.py:840} INFO - DAG(s) 'example_short_circuit_decorator' retrieved from /home/user/rubix/internship_project/.venv/lib/python3.10/site-packages/airflow/example_dags/example_short_circuit_decorator.py
[2024-06-24T14:15:47.248+0300] {logging_mixin.py:188} INFO - [2024-06-24T14:15:47.248+0300] {dag.py:3096} INFO - Sync 1 DAGs
[2024-06-24T14:15:47.264+0300] {logging_mixin.py:188} INFO - [2024-06-24T14:15:47.264+0300] {dag.py:3954} INFO - Setting next_dagrun for example_short_circuit_decorator to 2024-06-23 00:00:00+00:00, run_after=2024-06-24 00:00:00+00:00
[2024-06-24T14:15:47.294+0300] {processor.py:183} INFO - Processing /home/user/rubix/internship_project/.venv/lib/python3.10/site-packages/airflow/example_dags/example_short_circuit_decorator.py took 0.087 seconds
[2024-06-24T14:16:27.417+0300] {processor.py:161} INFO - Started process (PID=27081) to work on /home/user/rubix/internship_project/.venv/lib/python3.10/site-packages/airflow/example_dags/example_short_circuit_decorator.py
[2024-06-24T14:16:27.418+0300] {processor.py:830} INFO - Processing file /home/user/rubix/internship_project/.venv/lib/python3.10/site-packages/airflow/example_dags/example_short_circuit_decorator.py for tasks to queue
[2024-06-24T14:16:27.420+0300] {logging_mixin.py:188} INFO - [2024-06-24T14:16:27.420+0300] {dagbag.py:545} INFO - Filling up the DagBag from /home/user/rubix/internship_project/.venv/lib/python3.10/site-packages/airflow/example_dags/example_short_circuit_decorator.py
[2024-06-24T14:16:27.431+0300] {processor.py:840} INFO - DAG(s) 'example_short_circuit_decorator' retrieved from /home/user/rubix/internship_project/.venv/lib/python3.10/site-packages/airflow/example_dags/example_short_circuit_decorator.py
[2024-06-24T14:16:27.451+0300] {logging_mixin.py:188} INFO - [2024-06-24T14:16:27.451+0300] {dag.py:3096} INFO - Sync 1 DAGs
[2024-06-24T14:16:27.467+0300] {logging_mixin.py:188} INFO - [2024-06-24T14:16:27.467+0300] {dag.py:3954} INFO - Setting next_dagrun for example_short_circuit_decorator to 2024-06-23 00:00:00+00:00, run_after=2024-06-24 00:00:00+00:00
[2024-06-24T14:16:27.497+0300] {processor.py:183} INFO - Processing /home/user/rubix/internship_project/.venv/lib/python3.10/site-packages/airflow/example_dags/example_short_circuit_decorator.py took 0.088 seconds
[2024-06-24T14:17:07.516+0300] {processor.py:161} INFO - Started process (PID=27229) to work on /home/user/rubix/internship_project/.venv/lib/python3.10/site-packages/airflow/example_dags/example_short_circuit_decorator.py
[2024-06-24T14:17:07.517+0300] {processor.py:830} INFO - Processing file /home/user/rubix/internship_project/.venv/lib/python3.10/site-packages/airflow/example_dags/example_short_circuit_decorator.py for tasks to queue
[2024-06-24T14:17:07.519+0300] {logging_mixin.py:188} INFO - [2024-06-24T14:17:07.519+0300] {dagbag.py:545} INFO - Filling up the DagBag from /home/user/rubix/internship_project/.venv/lib/python3.10/site-packages/airflow/example_dags/example_short_circuit_decorator.py
[2024-06-24T14:17:07.530+0300] {processor.py:840} INFO - DAG(s) 'example_short_circuit_decorator' retrieved from /home/user/rubix/internship_project/.venv/lib/python3.10/site-packages/airflow/example_dags/example_short_circuit_decorator.py
[2024-06-24T14:17:07.554+0300] {logging_mixin.py:188} INFO - [2024-06-24T14:17:07.554+0300] {dag.py:3096} INFO - Sync 1 DAGs
[2024-06-24T14:17:07.576+0300] {logging_mixin.py:188} INFO - [2024-06-24T14:17:07.576+0300] {dag.py:3954} INFO - Setting next_dagrun for example_short_circuit_decorator to 2024-06-23 00:00:00+00:00, run_after=2024-06-24 00:00:00+00:00
[2024-06-24T14:17:07.607+0300] {processor.py:183} INFO - Processing /home/user/rubix/internship_project/.venv/lib/python3.10/site-packages/airflow/example_dags/example_short_circuit_decorator.py took 0.101 seconds
[2024-06-24T14:18:12.946+0300] {processor.py:161} INFO - Started process (PID=27433) to work on /home/user/rubix/internship_project/.venv/lib/python3.10/site-packages/airflow/example_dags/example_short_circuit_decorator.py
[2024-06-24T14:18:12.947+0300] {processor.py:830} INFO - Processing file /home/user/rubix/internship_project/.venv/lib/python3.10/site-packages/airflow/example_dags/example_short_circuit_decorator.py for tasks to queue
[2024-06-24T14:18:12.949+0300] {logging_mixin.py:188} INFO - [2024-06-24T14:18:12.949+0300] {dagbag.py:545} INFO - Filling up the DagBag from /home/user/rubix/internship_project/.venv/lib/python3.10/site-packages/airflow/example_dags/example_short_circuit_decorator.py
[2024-06-24T14:18:12.977+0300] {processor.py:840} INFO - DAG(s) 'example_short_circuit_decorator' retrieved from /home/user/rubix/internship_project/.venv/lib/python3.10/site-packages/airflow/example_dags/example_short_circuit_decorator.py
[2024-06-24T14:18:12.996+0300] {logging_mixin.py:188} INFO - [2024-06-24T14:18:12.996+0300] {dag.py:3096} INFO - Sync 1 DAGs
[2024-06-24T14:18:13.011+0300] {logging_mixin.py:188} INFO - [2024-06-24T14:18:13.011+0300] {dag.py:3954} INFO - Setting next_dagrun for example_short_circuit_decorator to 2024-06-23 00:00:00+00:00, run_after=2024-06-24 00:00:00+00:00
[2024-06-24T14:18:13.029+0300] {processor.py:183} INFO - Processing /home/user/rubix/internship_project/.venv/lib/python3.10/site-packages/airflow/example_dags/example_short_circuit_decorator.py took 0.091 seconds
[2024-06-24T14:19:09.388+0300] {processor.py:161} INFO - Started process (PID=27667) to work on /home/user/rubix/internship_project/.venv/lib/python3.10/site-packages/airflow/example_dags/example_short_circuit_decorator.py
[2024-06-24T14:19:09.389+0300] {processor.py:830} INFO - Processing file /home/user/rubix/internship_project/.venv/lib/python3.10/site-packages/airflow/example_dags/example_short_circuit_decorator.py for tasks to queue
[2024-06-24T14:19:09.391+0300] {logging_mixin.py:188} INFO - [2024-06-24T14:19:09.391+0300] {dagbag.py:545} INFO - Filling up the DagBag from /home/user/rubix/internship_project/.venv/lib/python3.10/site-packages/airflow/example_dags/example_short_circuit_decorator.py
[2024-06-24T14:19:09.401+0300] {processor.py:840} INFO - DAG(s) 'example_short_circuit_decorator' retrieved from /home/user/rubix/internship_project/.venv/lib/python3.10/site-packages/airflow/example_dags/example_short_circuit_decorator.py
[2024-06-24T14:19:09.418+0300] {logging_mixin.py:188} INFO - [2024-06-24T14:19:09.418+0300] {dag.py:3096} INFO - Sync 1 DAGs
[2024-06-24T14:19:09.433+0300] {logging_mixin.py:188} INFO - [2024-06-24T14:19:09.433+0300] {dag.py:3954} INFO - Setting next_dagrun for example_short_circuit_decorator to 2024-06-23 00:00:00+00:00, run_after=2024-06-24 00:00:00+00:00
[2024-06-24T14:19:09.462+0300] {processor.py:183} INFO - Processing /home/user/rubix/internship_project/.venv/lib/python3.10/site-packages/airflow/example_dags/example_short_circuit_decorator.py took 0.081 seconds
[2024-06-24T14:19:52.574+0300] {processor.py:161} INFO - Started process (PID=27834) to work on /home/user/rubix/internship_project/.venv/lib/python3.10/site-packages/airflow/example_dags/example_short_circuit_decorator.py
[2024-06-24T14:19:52.575+0300] {processor.py:830} INFO - Processing file /home/user/rubix/internship_project/.venv/lib/python3.10/site-packages/airflow/example_dags/example_short_circuit_decorator.py for tasks to queue
[2024-06-24T14:19:52.576+0300] {logging_mixin.py:188} INFO - [2024-06-24T14:19:52.576+0300] {dagbag.py:545} INFO - Filling up the DagBag from /home/user/rubix/internship_project/.venv/lib/python3.10/site-packages/airflow/example_dags/example_short_circuit_decorator.py
[2024-06-24T14:19:52.586+0300] {processor.py:840} INFO - DAG(s) 'example_short_circuit_decorator' retrieved from /home/user/rubix/internship_project/.venv/lib/python3.10/site-packages/airflow/example_dags/example_short_circuit_decorator.py
[2024-06-24T14:19:52.606+0300] {logging_mixin.py:188} INFO - [2024-06-24T14:19:52.606+0300] {dag.py:3096} INFO - Sync 1 DAGs
[2024-06-24T14:19:52.622+0300] {logging_mixin.py:188} INFO - [2024-06-24T14:19:52.622+0300] {dag.py:3954} INFO - Setting next_dagrun for example_short_circuit_decorator to 2024-06-23 00:00:00+00:00, run_after=2024-06-24 00:00:00+00:00
[2024-06-24T14:19:52.651+0300] {processor.py:183} INFO - Processing /home/user/rubix/internship_project/.venv/lib/python3.10/site-packages/airflow/example_dags/example_short_circuit_decorator.py took 0.085 seconds
[2024-06-24T14:20:49.909+0300] {processor.py:161} INFO - Started process (PID=28263) to work on /home/user/rubix/internship_project/.venv/lib/python3.10/site-packages/airflow/example_dags/example_short_circuit_decorator.py
[2024-06-24T14:20:49.910+0300] {processor.py:830} INFO - Processing file /home/user/rubix/internship_project/.venv/lib/python3.10/site-packages/airflow/example_dags/example_short_circuit_decorator.py for tasks to queue
[2024-06-24T14:20:49.912+0300] {logging_mixin.py:188} INFO - [2024-06-24T14:20:49.911+0300] {dagbag.py:545} INFO - Filling up the DagBag from /home/user/rubix/internship_project/.venv/lib/python3.10/site-packages/airflow/example_dags/example_short_circuit_decorator.py
[2024-06-24T14:20:49.921+0300] {processor.py:840} INFO - DAG(s) 'example_short_circuit_decorator' retrieved from /home/user/rubix/internship_project/.venv/lib/python3.10/site-packages/airflow/example_dags/example_short_circuit_decorator.py
[2024-06-24T14:20:49.939+0300] {logging_mixin.py:188} INFO - [2024-06-24T14:20:49.939+0300] {dag.py:3096} INFO - Sync 1 DAGs
[2024-06-24T14:20:49.954+0300] {logging_mixin.py:188} INFO - [2024-06-24T14:20:49.954+0300] {dag.py:3954} INFO - Setting next_dagrun for example_short_circuit_decorator to 2024-06-23 00:00:00+00:00, run_after=2024-06-24 00:00:00+00:00
[2024-06-24T14:20:49.983+0300] {processor.py:183} INFO - Processing /home/user/rubix/internship_project/.venv/lib/python3.10/site-packages/airflow/example_dags/example_short_circuit_decorator.py took 0.082 seconds
[2024-06-24T14:21:33.978+0300] {processor.py:161} INFO - Started process (PID=28555) to work on /home/user/rubix/internship_project/.venv/lib/python3.10/site-packages/airflow/example_dags/example_short_circuit_decorator.py
[2024-06-24T14:21:33.979+0300] {processor.py:830} INFO - Processing file /home/user/rubix/internship_project/.venv/lib/python3.10/site-packages/airflow/example_dags/example_short_circuit_decorator.py for tasks to queue
[2024-06-24T14:21:33.981+0300] {logging_mixin.py:188} INFO - [2024-06-24T14:21:33.980+0300] {dagbag.py:545} INFO - Filling up the DagBag from /home/user/rubix/internship_project/.venv/lib/python3.10/site-packages/airflow/example_dags/example_short_circuit_decorator.py
[2024-06-24T14:21:33.991+0300] {processor.py:840} INFO - DAG(s) 'example_short_circuit_decorator' retrieved from /home/user/rubix/internship_project/.venv/lib/python3.10/site-packages/airflow/example_dags/example_short_circuit_decorator.py
[2024-06-24T14:21:34.011+0300] {logging_mixin.py:188} INFO - [2024-06-24T14:21:34.010+0300] {dag.py:3096} INFO - Sync 1 DAGs
[2024-06-24T14:21:34.027+0300] {logging_mixin.py:188} INFO - [2024-06-24T14:21:34.027+0300] {dag.py:3954} INFO - Setting next_dagrun for example_short_circuit_decorator to 2024-06-23 00:00:00+00:00, run_after=2024-06-24 00:00:00+00:00
[2024-06-24T14:21:34.059+0300] {processor.py:183} INFO - Processing /home/user/rubix/internship_project/.venv/lib/python3.10/site-packages/airflow/example_dags/example_short_circuit_decorator.py took 0.089 seconds
[2024-06-24T14:22:27.991+0300] {processor.py:161} INFO - Started process (PID=28777) to work on /home/user/rubix/internship_project/.venv/lib/python3.10/site-packages/airflow/example_dags/example_short_circuit_decorator.py
[2024-06-24T14:22:27.992+0300] {processor.py:830} INFO - Processing file /home/user/rubix/internship_project/.venv/lib/python3.10/site-packages/airflow/example_dags/example_short_circuit_decorator.py for tasks to queue
[2024-06-24T14:22:27.994+0300] {logging_mixin.py:188} INFO - [2024-06-24T14:22:27.994+0300] {dagbag.py:545} INFO - Filling up the DagBag from /home/user/rubix/internship_project/.venv/lib/python3.10/site-packages/airflow/example_dags/example_short_circuit_decorator.py
[2024-06-24T14:22:28.004+0300] {processor.py:840} INFO - DAG(s) 'example_short_circuit_decorator' retrieved from /home/user/rubix/internship_project/.venv/lib/python3.10/site-packages/airflow/example_dags/example_short_circuit_decorator.py
[2024-06-24T14:22:28.022+0300] {logging_mixin.py:188} INFO - [2024-06-24T14:22:28.021+0300] {dag.py:3096} INFO - Sync 1 DAGs
[2024-06-24T14:22:28.036+0300] {logging_mixin.py:188} INFO - [2024-06-24T14:22:28.036+0300] {dag.py:3954} INFO - Setting next_dagrun for example_short_circuit_decorator to 2024-06-23 00:00:00+00:00, run_after=2024-06-24 00:00:00+00:00
[2024-06-24T14:22:28.069+0300] {processor.py:183} INFO - Processing /home/user/rubix/internship_project/.venv/lib/python3.10/site-packages/airflow/example_dags/example_short_circuit_decorator.py took 0.085 seconds
[2024-06-24T14:23:11.115+0300] {processor.py:161} INFO - Started process (PID=28967) to work on /home/user/rubix/internship_project/.venv/lib/python3.10/site-packages/airflow/example_dags/example_short_circuit_decorator.py
[2024-06-24T14:23:11.116+0300] {processor.py:830} INFO - Processing file /home/user/rubix/internship_project/.venv/lib/python3.10/site-packages/airflow/example_dags/example_short_circuit_decorator.py for tasks to queue
[2024-06-24T14:23:11.118+0300] {logging_mixin.py:188} INFO - [2024-06-24T14:23:11.117+0300] {dagbag.py:545} INFO - Filling up the DagBag from /home/user/rubix/internship_project/.venv/lib/python3.10/site-packages/airflow/example_dags/example_short_circuit_decorator.py
[2024-06-24T14:23:11.127+0300] {processor.py:840} INFO - DAG(s) 'example_short_circuit_decorator' retrieved from /home/user/rubix/internship_project/.venv/lib/python3.10/site-packages/airflow/example_dags/example_short_circuit_decorator.py
[2024-06-24T14:23:11.145+0300] {logging_mixin.py:188} INFO - [2024-06-24T14:23:11.145+0300] {dag.py:3096} INFO - Sync 1 DAGs
[2024-06-24T14:23:11.160+0300] {logging_mixin.py:188} INFO - [2024-06-24T14:23:11.159+0300] {dag.py:3954} INFO - Setting next_dagrun for example_short_circuit_decorator to 2024-06-23 00:00:00+00:00, run_after=2024-06-24 00:00:00+00:00
[2024-06-24T14:23:11.189+0300] {processor.py:183} INFO - Processing /home/user/rubix/internship_project/.venv/lib/python3.10/site-packages/airflow/example_dags/example_short_circuit_decorator.py took 0.082 seconds
[2024-06-24T14:23:56.704+0300] {processor.py:161} INFO - Started process (PID=29061) to work on /home/user/rubix/internship_project/.venv/lib/python3.10/site-packages/airflow/example_dags/example_short_circuit_decorator.py
[2024-06-24T14:23:56.705+0300] {processor.py:830} INFO - Processing file /home/user/rubix/internship_project/.venv/lib/python3.10/site-packages/airflow/example_dags/example_short_circuit_decorator.py for tasks to queue
[2024-06-24T14:23:56.708+0300] {logging_mixin.py:188} INFO - [2024-06-24T14:23:56.708+0300] {dagbag.py:545} INFO - Filling up the DagBag from /home/user/rubix/internship_project/.venv/lib/python3.10/site-packages/airflow/example_dags/example_short_circuit_decorator.py
[2024-06-24T14:23:56.718+0300] {processor.py:840} INFO - DAG(s) 'example_short_circuit_decorator' retrieved from /home/user/rubix/internship_project/.venv/lib/python3.10/site-packages/airflow/example_dags/example_short_circuit_decorator.py
[2024-06-24T14:23:56.744+0300] {logging_mixin.py:188} INFO - [2024-06-24T14:23:56.743+0300] {dag.py:3096} INFO - Sync 1 DAGs
[2024-06-24T14:23:56.765+0300] {logging_mixin.py:188} INFO - [2024-06-24T14:23:56.764+0300] {dag.py:3954} INFO - Setting next_dagrun for example_short_circuit_decorator to 2024-06-23 00:00:00+00:00, run_after=2024-06-24 00:00:00+00:00
[2024-06-24T14:23:56.802+0300] {processor.py:183} INFO - Processing /home/user/rubix/internship_project/.venv/lib/python3.10/site-packages/airflow/example_dags/example_short_circuit_decorator.py took 0.105 seconds
[2024-06-24T14:24:42.682+0300] {processor.py:161} INFO - Started process (PID=29292) to work on /home/user/rubix/internship_project/.venv/lib/python3.10/site-packages/airflow/example_dags/example_short_circuit_decorator.py
[2024-06-24T14:24:42.683+0300] {processor.py:830} INFO - Processing file /home/user/rubix/internship_project/.venv/lib/python3.10/site-packages/airflow/example_dags/example_short_circuit_decorator.py for tasks to queue
[2024-06-24T14:24:42.685+0300] {logging_mixin.py:188} INFO - [2024-06-24T14:24:42.684+0300] {dagbag.py:545} INFO - Filling up the DagBag from /home/user/rubix/internship_project/.venv/lib/python3.10/site-packages/airflow/example_dags/example_short_circuit_decorator.py
[2024-06-24T14:24:42.694+0300] {processor.py:840} INFO - DAG(s) 'example_short_circuit_decorator' retrieved from /home/user/rubix/internship_project/.venv/lib/python3.10/site-packages/airflow/example_dags/example_short_circuit_decorator.py
[2024-06-24T14:24:42.712+0300] {logging_mixin.py:188} INFO - [2024-06-24T14:24:42.712+0300] {dag.py:3096} INFO - Sync 1 DAGs
[2024-06-24T14:24:42.727+0300] {logging_mixin.py:188} INFO - [2024-06-24T14:24:42.727+0300] {dag.py:3954} INFO - Setting next_dagrun for example_short_circuit_decorator to 2024-06-23 00:00:00+00:00, run_after=2024-06-24 00:00:00+00:00
[2024-06-24T14:24:42.756+0300] {processor.py:183} INFO - Processing /home/user/rubix/internship_project/.venv/lib/python3.10/site-packages/airflow/example_dags/example_short_circuit_decorator.py took 0.082 seconds
[2024-06-24T14:25:26.595+0300] {processor.py:161} INFO - Started process (PID=29568) to work on /home/user/rubix/internship_project/.venv/lib/python3.10/site-packages/airflow/example_dags/example_short_circuit_decorator.py
[2024-06-24T14:25:26.596+0300] {processor.py:830} INFO - Processing file /home/user/rubix/internship_project/.venv/lib/python3.10/site-packages/airflow/example_dags/example_short_circuit_decorator.py for tasks to queue
[2024-06-24T14:25:26.598+0300] {logging_mixin.py:188} INFO - [2024-06-24T14:25:26.597+0300] {dagbag.py:545} INFO - Filling up the DagBag from /home/user/rubix/internship_project/.venv/lib/python3.10/site-packages/airflow/example_dags/example_short_circuit_decorator.py
[2024-06-24T14:25:26.607+0300] {processor.py:840} INFO - DAG(s) 'example_short_circuit_decorator' retrieved from /home/user/rubix/internship_project/.venv/lib/python3.10/site-packages/airflow/example_dags/example_short_circuit_decorator.py
[2024-06-24T14:25:26.627+0300] {logging_mixin.py:188} INFO - [2024-06-24T14:25:26.627+0300] {dag.py:3096} INFO - Sync 1 DAGs
[2024-06-24T14:25:26.643+0300] {logging_mixin.py:188} INFO - [2024-06-24T14:25:26.643+0300] {dag.py:3954} INFO - Setting next_dagrun for example_short_circuit_decorator to 2024-06-23 00:00:00+00:00, run_after=2024-06-24 00:00:00+00:00
[2024-06-24T14:25:26.674+0300] {processor.py:183} INFO - Processing /home/user/rubix/internship_project/.venv/lib/python3.10/site-packages/airflow/example_dags/example_short_circuit_decorator.py took 0.087 seconds
[2024-06-24T14:26:06.243+0300] {processor.py:161} INFO - Started process (PID=29713) to work on /home/user/rubix/internship_project/.venv/lib/python3.10/site-packages/airflow/example_dags/example_short_circuit_decorator.py
[2024-06-24T14:26:06.245+0300] {processor.py:830} INFO - Processing file /home/user/rubix/internship_project/.venv/lib/python3.10/site-packages/airflow/example_dags/example_short_circuit_decorator.py for tasks to queue
[2024-06-24T14:26:06.246+0300] {logging_mixin.py:188} INFO - [2024-06-24T14:26:06.246+0300] {dagbag.py:545} INFO - Filling up the DagBag from /home/user/rubix/internship_project/.venv/lib/python3.10/site-packages/airflow/example_dags/example_short_circuit_decorator.py
[2024-06-24T14:26:06.256+0300] {processor.py:840} INFO - DAG(s) 'example_short_circuit_decorator' retrieved from /home/user/rubix/internship_project/.venv/lib/python3.10/site-packages/airflow/example_dags/example_short_circuit_decorator.py
[2024-06-24T14:26:06.275+0300] {logging_mixin.py:188} INFO - [2024-06-24T14:26:06.274+0300] {dag.py:3096} INFO - Sync 1 DAGs
[2024-06-24T14:26:06.289+0300] {logging_mixin.py:188} INFO - [2024-06-24T14:26:06.289+0300] {dag.py:3954} INFO - Setting next_dagrun for example_short_circuit_decorator to 2024-06-23 00:00:00+00:00, run_after=2024-06-24 00:00:00+00:00
[2024-06-24T14:26:06.319+0300] {processor.py:183} INFO - Processing /home/user/rubix/internship_project/.venv/lib/python3.10/site-packages/airflow/example_dags/example_short_circuit_decorator.py took 0.084 seconds
[2024-06-24T14:26:48.989+0300] {processor.py:161} INFO - Started process (PID=29933) to work on /home/user/rubix/internship_project/.venv/lib/python3.10/site-packages/airflow/example_dags/example_short_circuit_decorator.py
[2024-06-24T14:26:48.990+0300] {processor.py:830} INFO - Processing file /home/user/rubix/internship_project/.venv/lib/python3.10/site-packages/airflow/example_dags/example_short_circuit_decorator.py for tasks to queue
[2024-06-24T14:26:48.992+0300] {logging_mixin.py:188} INFO - [2024-06-24T14:26:48.991+0300] {dagbag.py:545} INFO - Filling up the DagBag from /home/user/rubix/internship_project/.venv/lib/python3.10/site-packages/airflow/example_dags/example_short_circuit_decorator.py
[2024-06-24T14:26:49.001+0300] {processor.py:840} INFO - DAG(s) 'example_short_circuit_decorator' retrieved from /home/user/rubix/internship_project/.venv/lib/python3.10/site-packages/airflow/example_dags/example_short_circuit_decorator.py
[2024-06-24T14:26:49.021+0300] {logging_mixin.py:188} INFO - [2024-06-24T14:26:49.020+0300] {dag.py:3096} INFO - Sync 1 DAGs
[2024-06-24T14:26:49.037+0300] {logging_mixin.py:188} INFO - [2024-06-24T14:26:49.037+0300] {dag.py:3954} INFO - Setting next_dagrun for example_short_circuit_decorator to 2024-06-23 00:00:00+00:00, run_after=2024-06-24 00:00:00+00:00
[2024-06-24T14:26:49.067+0300] {processor.py:183} INFO - Processing /home/user/rubix/internship_project/.venv/lib/python3.10/site-packages/airflow/example_dags/example_short_circuit_decorator.py took 0.086 seconds
[2024-06-24T14:27:33.747+0300] {processor.py:161} INFO - Started process (PID=30443) to work on /home/user/rubix/internship_project/.venv/lib/python3.10/site-packages/airflow/example_dags/example_short_circuit_decorator.py
[2024-06-24T14:27:33.748+0300] {processor.py:830} INFO - Processing file /home/user/rubix/internship_project/.venv/lib/python3.10/site-packages/airflow/example_dags/example_short_circuit_decorator.py for tasks to queue
[2024-06-24T14:27:33.750+0300] {logging_mixin.py:188} INFO - [2024-06-24T14:27:33.749+0300] {dagbag.py:545} INFO - Filling up the DagBag from /home/user/rubix/internship_project/.venv/lib/python3.10/site-packages/airflow/example_dags/example_short_circuit_decorator.py
[2024-06-24T14:27:33.761+0300] {processor.py:840} INFO - DAG(s) 'example_short_circuit_decorator' retrieved from /home/user/rubix/internship_project/.venv/lib/python3.10/site-packages/airflow/example_dags/example_short_circuit_decorator.py
[2024-06-24T14:27:33.781+0300] {logging_mixin.py:188} INFO - [2024-06-24T14:27:33.781+0300] {dag.py:3096} INFO - Sync 1 DAGs
[2024-06-24T14:27:33.802+0300] {logging_mixin.py:188} INFO - [2024-06-24T14:27:33.802+0300] {dag.py:3954} INFO - Setting next_dagrun for example_short_circuit_decorator to 2024-06-23 00:00:00+00:00, run_after=2024-06-24 00:00:00+00:00
[2024-06-24T14:27:33.837+0300] {processor.py:183} INFO - Processing /home/user/rubix/internship_project/.venv/lib/python3.10/site-packages/airflow/example_dags/example_short_circuit_decorator.py took 0.098 seconds
[2024-06-24T14:28:16.154+0300] {processor.py:161} INFO - Started process (PID=30711) to work on /home/user/rubix/internship_project/.venv/lib/python3.10/site-packages/airflow/example_dags/example_short_circuit_decorator.py
[2024-06-24T14:28:16.155+0300] {processor.py:830} INFO - Processing file /home/user/rubix/internship_project/.venv/lib/python3.10/site-packages/airflow/example_dags/example_short_circuit_decorator.py for tasks to queue
[2024-06-24T14:28:16.157+0300] {logging_mixin.py:188} INFO - [2024-06-24T14:28:16.157+0300] {dagbag.py:545} INFO - Filling up the DagBag from /home/user/rubix/internship_project/.venv/lib/python3.10/site-packages/airflow/example_dags/example_short_circuit_decorator.py
[2024-06-24T14:28:16.168+0300] {processor.py:840} INFO - DAG(s) 'example_short_circuit_decorator' retrieved from /home/user/rubix/internship_project/.venv/lib/python3.10/site-packages/airflow/example_dags/example_short_circuit_decorator.py
[2024-06-24T14:28:16.187+0300] {logging_mixin.py:188} INFO - [2024-06-24T14:28:16.187+0300] {dag.py:3096} INFO - Sync 1 DAGs
[2024-06-24T14:28:16.203+0300] {logging_mixin.py:188} INFO - [2024-06-24T14:28:16.203+0300] {dag.py:3954} INFO - Setting next_dagrun for example_short_circuit_decorator to 2024-06-23 00:00:00+00:00, run_after=2024-06-24 00:00:00+00:00
[2024-06-24T14:28:16.224+0300] {processor.py:183} INFO - Processing /home/user/rubix/internship_project/.venv/lib/python3.10/site-packages/airflow/example_dags/example_short_circuit_decorator.py took 0.078 seconds
[2024-06-24T14:29:01.407+0300] {processor.py:161} INFO - Started process (PID=30986) to work on /home/user/rubix/internship_project/.venv/lib/python3.10/site-packages/airflow/example_dags/example_short_circuit_decorator.py
[2024-06-24T14:29:01.409+0300] {processor.py:830} INFO - Processing file /home/user/rubix/internship_project/.venv/lib/python3.10/site-packages/airflow/example_dags/example_short_circuit_decorator.py for tasks to queue
[2024-06-24T14:29:01.411+0300] {logging_mixin.py:188} INFO - [2024-06-24T14:29:01.410+0300] {dagbag.py:545} INFO - Filling up the DagBag from /home/user/rubix/internship_project/.venv/lib/python3.10/site-packages/airflow/example_dags/example_short_circuit_decorator.py
[2024-06-24T14:29:01.423+0300] {processor.py:840} INFO - DAG(s) 'example_short_circuit_decorator' retrieved from /home/user/rubix/internship_project/.venv/lib/python3.10/site-packages/airflow/example_dags/example_short_circuit_decorator.py
[2024-06-24T14:29:01.446+0300] {logging_mixin.py:188} INFO - [2024-06-24T14:29:01.446+0300] {dag.py:3096} INFO - Sync 1 DAGs
[2024-06-24T14:29:01.467+0300] {logging_mixin.py:188} INFO - [2024-06-24T14:29:01.466+0300] {dag.py:3954} INFO - Setting next_dagrun for example_short_circuit_decorator to 2024-06-23 00:00:00+00:00, run_after=2024-06-24 00:00:00+00:00
[2024-06-24T14:29:01.503+0300] {processor.py:183} INFO - Processing /home/user/rubix/internship_project/.venv/lib/python3.10/site-packages/airflow/example_dags/example_short_circuit_decorator.py took 0.108 seconds
[2024-06-24T14:29:49.315+0300] {processor.py:161} INFO - Started process (PID=31328) to work on /home/user/rubix/internship_project/.venv/lib/python3.10/site-packages/airflow/example_dags/example_short_circuit_decorator.py
[2024-06-24T14:29:49.316+0300] {processor.py:830} INFO - Processing file /home/user/rubix/internship_project/.venv/lib/python3.10/site-packages/airflow/example_dags/example_short_circuit_decorator.py for tasks to queue
[2024-06-24T14:29:49.317+0300] {logging_mixin.py:188} INFO - [2024-06-24T14:29:49.317+0300] {dagbag.py:545} INFO - Filling up the DagBag from /home/user/rubix/internship_project/.venv/lib/python3.10/site-packages/airflow/example_dags/example_short_circuit_decorator.py
[2024-06-24T14:29:49.327+0300] {processor.py:840} INFO - DAG(s) 'example_short_circuit_decorator' retrieved from /home/user/rubix/internship_project/.venv/lib/python3.10/site-packages/airflow/example_dags/example_short_circuit_decorator.py
[2024-06-24T14:29:49.345+0300] {logging_mixin.py:188} INFO - [2024-06-24T14:29:49.345+0300] {dag.py:3096} INFO - Sync 1 DAGs
[2024-06-24T14:29:49.361+0300] {logging_mixin.py:188} INFO - [2024-06-24T14:29:49.361+0300] {dag.py:3954} INFO - Setting next_dagrun for example_short_circuit_decorator to 2024-06-23 00:00:00+00:00, run_after=2024-06-24 00:00:00+00:00
[2024-06-24T14:29:49.390+0300] {processor.py:183} INFO - Processing /home/user/rubix/internship_project/.venv/lib/python3.10/site-packages/airflow/example_dags/example_short_circuit_decorator.py took 0.083 seconds
[2024-06-24T14:30:37.625+0300] {processor.py:161} INFO - Started process (PID=31487) to work on /home/user/rubix/internship_project/.venv/lib/python3.10/site-packages/airflow/example_dags/example_short_circuit_decorator.py
[2024-06-24T14:30:37.626+0300] {processor.py:830} INFO - Processing file /home/user/rubix/internship_project/.venv/lib/python3.10/site-packages/airflow/example_dags/example_short_circuit_decorator.py for tasks to queue
[2024-06-24T14:30:37.628+0300] {logging_mixin.py:188} INFO - [2024-06-24T14:30:37.627+0300] {dagbag.py:545} INFO - Filling up the DagBag from /home/user/rubix/internship_project/.venv/lib/python3.10/site-packages/airflow/example_dags/example_short_circuit_decorator.py
[2024-06-24T14:30:37.638+0300] {processor.py:840} INFO - DAG(s) 'example_short_circuit_decorator' retrieved from /home/user/rubix/internship_project/.venv/lib/python3.10/site-packages/airflow/example_dags/example_short_circuit_decorator.py
[2024-06-24T14:30:37.657+0300] {logging_mixin.py:188} INFO - [2024-06-24T14:30:37.657+0300] {dag.py:3096} INFO - Sync 1 DAGs
[2024-06-24T14:30:37.673+0300] {logging_mixin.py:188} INFO - [2024-06-24T14:30:37.672+0300] {dag.py:3954} INFO - Setting next_dagrun for example_short_circuit_decorator to 2024-06-23 00:00:00+00:00, run_after=2024-06-24 00:00:00+00:00
[2024-06-24T14:30:37.701+0300] {processor.py:183} INFO - Processing /home/user/rubix/internship_project/.venv/lib/python3.10/site-packages/airflow/example_dags/example_short_circuit_decorator.py took 0.084 seconds
[2024-06-24T14:31:25.365+0300] {processor.py:161} INFO - Started process (PID=31790) to work on /home/user/rubix/internship_project/.venv/lib/python3.10/site-packages/airflow/example_dags/example_short_circuit_decorator.py
[2024-06-24T14:31:25.367+0300] {processor.py:830} INFO - Processing file /home/user/rubix/internship_project/.venv/lib/python3.10/site-packages/airflow/example_dags/example_short_circuit_decorator.py for tasks to queue
[2024-06-24T14:31:25.370+0300] {logging_mixin.py:188} INFO - [2024-06-24T14:31:25.369+0300] {dagbag.py:545} INFO - Filling up the DagBag from /home/user/rubix/internship_project/.venv/lib/python3.10/site-packages/airflow/example_dags/example_short_circuit_decorator.py
[2024-06-24T14:31:25.395+0300] {processor.py:840} INFO - DAG(s) 'example_short_circuit_decorator' retrieved from /home/user/rubix/internship_project/.venv/lib/python3.10/site-packages/airflow/example_dags/example_short_circuit_decorator.py
[2024-06-24T14:31:25.431+0300] {logging_mixin.py:188} INFO - [2024-06-24T14:31:25.430+0300] {dag.py:3096} INFO - Sync 1 DAGs
[2024-06-24T14:31:25.458+0300] {logging_mixin.py:188} INFO - [2024-06-24T14:31:25.458+0300] {dag.py:3954} INFO - Setting next_dagrun for example_short_circuit_decorator to 2024-06-23 00:00:00+00:00, run_after=2024-06-24 00:00:00+00:00
[2024-06-24T14:31:25.494+0300] {processor.py:183} INFO - Processing /home/user/rubix/internship_project/.venv/lib/python3.10/site-packages/airflow/example_dags/example_short_circuit_decorator.py took 0.146 seconds
[2024-06-24T14:32:11.358+0300] {processor.py:161} INFO - Started process (PID=32042) to work on /home/user/rubix/internship_project/.venv/lib/python3.10/site-packages/airflow/example_dags/example_short_circuit_decorator.py
[2024-06-24T14:32:11.359+0300] {processor.py:830} INFO - Processing file /home/user/rubix/internship_project/.venv/lib/python3.10/site-packages/airflow/example_dags/example_short_circuit_decorator.py for tasks to queue
[2024-06-24T14:32:11.361+0300] {logging_mixin.py:188} INFO - [2024-06-24T14:32:11.360+0300] {dagbag.py:545} INFO - Filling up the DagBag from /home/user/rubix/internship_project/.venv/lib/python3.10/site-packages/airflow/example_dags/example_short_circuit_decorator.py
[2024-06-24T14:32:11.371+0300] {processor.py:840} INFO - DAG(s) 'example_short_circuit_decorator' retrieved from /home/user/rubix/internship_project/.venv/lib/python3.10/site-packages/airflow/example_dags/example_short_circuit_decorator.py
[2024-06-24T14:32:11.391+0300] {logging_mixin.py:188} INFO - [2024-06-24T14:32:11.391+0300] {dag.py:3096} INFO - Sync 1 DAGs
[2024-06-24T14:32:11.407+0300] {logging_mixin.py:188} INFO - [2024-06-24T14:32:11.407+0300] {dag.py:3954} INFO - Setting next_dagrun for example_short_circuit_decorator to 2024-06-23 00:00:00+00:00, run_after=2024-06-24 00:00:00+00:00
[2024-06-24T14:32:11.442+0300] {processor.py:183} INFO - Processing /home/user/rubix/internship_project/.venv/lib/python3.10/site-packages/airflow/example_dags/example_short_circuit_decorator.py took 0.092 seconds
