[2024-06-24T14:03:16.683+0300] {processor.py:161} INFO - Started process (PID=22696) to work on /home/user/rubix/internship_project/.venv/lib/python3.10/site-packages/airflow/example_dags/example_local_kubernetes_executor.py
[2024-06-24T14:03:16.684+0300] {processor.py:830} INFO - Processing file /home/user/rubix/internship_project/.venv/lib/python3.10/site-packages/airflow/example_dags/example_local_kubernetes_executor.py for tasks to queue
[2024-06-24T14:03:16.697+0300] {logging_mixin.py:188} INFO - [2024-06-24T14:03:16.697+0300] {dagbag.py:545} INFO - Filling up the DagBag from /home/user/rubix/internship_project/.venv/lib/python3.10/site-packages/airflow/example_dags/example_local_kubernetes_executor.py
[2024-06-24T14:03:16.701+0300] {logging_mixin.py:188} INFO - [2024-06-24T14:03:16.700+0300] {example_local_kubernetes_executor.py:40} WARNING - Could not import DAGs in example_local_kubernetes_executor.py
Traceback (most recent call last):
  File "/home/user/rubix/internship_project/.venv/lib/python3.10/site-packages/airflow/example_dags/example_local_kubernetes_executor.py", line 38, in <module>
    from kubernetes.client import models as k8s
ModuleNotFoundError: No module named 'kubernetes'
[2024-06-24T14:03:16.701+0300] {logging_mixin.py:188} INFO - [2024-06-24T14:03:16.701+0300] {example_local_kubernetes_executor.py:41} WARNING - Install Kubernetes dependencies with: pip install apache-airflow[cncf.kubernetes]
[2024-06-24T14:03:16.701+0300] {processor.py:842} WARNING - No viable dags retrieved from /home/user/rubix/internship_project/.venv/lib/python3.10/site-packages/airflow/example_dags/example_local_kubernetes_executor.py
[2024-06-24T14:03:16.715+0300] {processor.py:183} INFO - Processing /home/user/rubix/internship_project/.venv/lib/python3.10/site-packages/airflow/example_dags/example_local_kubernetes_executor.py took 0.040 seconds
[2024-06-24T14:04:27.762+0300] {processor.py:161} INFO - Started process (PID=23223) to work on /home/user/rubix/internship_project/.venv/lib/python3.10/site-packages/airflow/example_dags/example_local_kubernetes_executor.py
[2024-06-24T14:04:27.763+0300] {processor.py:830} INFO - Processing file /home/user/rubix/internship_project/.venv/lib/python3.10/site-packages/airflow/example_dags/example_local_kubernetes_executor.py for tasks to queue
[2024-06-24T14:04:27.765+0300] {logging_mixin.py:188} INFO - [2024-06-24T14:04:27.764+0300] {dagbag.py:545} INFO - Filling up the DagBag from /home/user/rubix/internship_project/.venv/lib/python3.10/site-packages/airflow/example_dags/example_local_kubernetes_executor.py
[2024-06-24T14:04:27.768+0300] {logging_mixin.py:188} INFO - [2024-06-24T14:04:27.768+0300] {example_local_kubernetes_executor.py:40} WARNING - Could not import DAGs in example_local_kubernetes_executor.py
Traceback (most recent call last):
  File "/home/user/rubix/internship_project/.venv/lib/python3.10/site-packages/airflow/example_dags/example_local_kubernetes_executor.py", line 38, in <module>
    from kubernetes.client import models as k8s
ModuleNotFoundError: No module named 'kubernetes'
[2024-06-24T14:04:27.769+0300] {logging_mixin.py:188} INFO - [2024-06-24T14:04:27.769+0300] {example_local_kubernetes_executor.py:41} WARNING - Install Kubernetes dependencies with: pip install apache-airflow[cncf.kubernetes]
[2024-06-24T14:04:27.769+0300] {processor.py:842} WARNING - No viable dags retrieved from /home/user/rubix/internship_project/.venv/lib/python3.10/site-packages/airflow/example_dags/example_local_kubernetes_executor.py
[2024-06-24T14:04:27.782+0300] {processor.py:183} INFO - Processing /home/user/rubix/internship_project/.venv/lib/python3.10/site-packages/airflow/example_dags/example_local_kubernetes_executor.py took 0.028 seconds
[2024-06-24T14:05:29.439+0300] {processor.py:161} INFO - Started process (PID=23699) to work on /home/user/rubix/internship_project/.venv/lib/python3.10/site-packages/airflow/example_dags/example_local_kubernetes_executor.py
[2024-06-24T14:05:29.440+0300] {processor.py:830} INFO - Processing file /home/user/rubix/internship_project/.venv/lib/python3.10/site-packages/airflow/example_dags/example_local_kubernetes_executor.py for tasks to queue
[2024-06-24T14:05:29.442+0300] {logging_mixin.py:188} INFO - [2024-06-24T14:05:29.442+0300] {dagbag.py:545} INFO - Filling up the DagBag from /home/user/rubix/internship_project/.venv/lib/python3.10/site-packages/airflow/example_dags/example_local_kubernetes_executor.py
[2024-06-24T14:05:29.457+0300] {logging_mixin.py:188} INFO - [2024-06-24T14:05:29.456+0300] {example_local_kubernetes_executor.py:40} WARNING - Could not import DAGs in example_local_kubernetes_executor.py
Traceback (most recent call last):
  File "/home/user/rubix/internship_project/.venv/lib/python3.10/site-packages/airflow/example_dags/example_local_kubernetes_executor.py", line 38, in <module>
    from kubernetes.client import models as k8s
ModuleNotFoundError: No module named 'kubernetes'
[2024-06-24T14:05:29.458+0300] {logging_mixin.py:188} INFO - [2024-06-24T14:05:29.457+0300] {example_local_kubernetes_executor.py:41} WARNING - Install Kubernetes dependencies with: pip install apache-airflow[cncf.kubernetes]
[2024-06-24T14:05:29.458+0300] {processor.py:842} WARNING - No viable dags retrieved from /home/user/rubix/internship_project/.venv/lib/python3.10/site-packages/airflow/example_dags/example_local_kubernetes_executor.py
[2024-06-24T14:05:29.471+0300] {processor.py:183} INFO - Processing /home/user/rubix/internship_project/.venv/lib/python3.10/site-packages/airflow/example_dags/example_local_kubernetes_executor.py took 0.039 seconds
[2024-06-24T14:06:32.693+0300] {processor.py:161} INFO - Started process (PID=24119) to work on /home/user/rubix/internship_project/.venv/lib/python3.10/site-packages/airflow/example_dags/example_local_kubernetes_executor.py
[2024-06-24T14:06:32.694+0300] {processor.py:830} INFO - Processing file /home/user/rubix/internship_project/.venv/lib/python3.10/site-packages/airflow/example_dags/example_local_kubernetes_executor.py for tasks to queue
[2024-06-24T14:06:32.695+0300] {logging_mixin.py:188} INFO - [2024-06-24T14:06:32.695+0300] {dagbag.py:545} INFO - Filling up the DagBag from /home/user/rubix/internship_project/.venv/lib/python3.10/site-packages/airflow/example_dags/example_local_kubernetes_executor.py
[2024-06-24T14:06:32.699+0300] {logging_mixin.py:188} INFO - [2024-06-24T14:06:32.699+0300] {example_local_kubernetes_executor.py:40} WARNING - Could not import DAGs in example_local_kubernetes_executor.py
Traceback (most recent call last):
  File "/home/user/rubix/internship_project/.venv/lib/python3.10/site-packages/airflow/example_dags/example_local_kubernetes_executor.py", line 38, in <module>
    from kubernetes.client import models as k8s
ModuleNotFoundError: No module named 'kubernetes'
[2024-06-24T14:06:32.700+0300] {logging_mixin.py:188} INFO - [2024-06-24T14:06:32.700+0300] {example_local_kubernetes_executor.py:41} WARNING - Install Kubernetes dependencies with: pip install apache-airflow[cncf.kubernetes]
[2024-06-24T14:06:32.700+0300] {processor.py:842} WARNING - No viable dags retrieved from /home/user/rubix/internship_project/.venv/lib/python3.10/site-packages/airflow/example_dags/example_local_kubernetes_executor.py
[2024-06-24T14:06:32.714+0300] {processor.py:183} INFO - Processing /home/user/rubix/internship_project/.venv/lib/python3.10/site-packages/airflow/example_dags/example_local_kubernetes_executor.py took 0.029 seconds
[2024-06-24T14:07:25.265+0300] {processor.py:161} INFO - Started process (PID=24324) to work on /home/user/rubix/internship_project/.venv/lib/python3.10/site-packages/airflow/example_dags/example_local_kubernetes_executor.py
[2024-06-24T14:07:25.267+0300] {processor.py:830} INFO - Processing file /home/user/rubix/internship_project/.venv/lib/python3.10/site-packages/airflow/example_dags/example_local_kubernetes_executor.py for tasks to queue
[2024-06-24T14:07:25.269+0300] {logging_mixin.py:188} INFO - [2024-06-24T14:07:25.268+0300] {dagbag.py:545} INFO - Filling up the DagBag from /home/user/rubix/internship_project/.venv/lib/python3.10/site-packages/airflow/example_dags/example_local_kubernetes_executor.py
[2024-06-24T14:07:25.276+0300] {logging_mixin.py:188} INFO - [2024-06-24T14:07:25.275+0300] {example_local_kubernetes_executor.py:40} WARNING - Could not import DAGs in example_local_kubernetes_executor.py
Traceback (most recent call last):
  File "/home/user/rubix/internship_project/.venv/lib/python3.10/site-packages/airflow/example_dags/example_local_kubernetes_executor.py", line 38, in <module>
    from kubernetes.client import models as k8s
ModuleNotFoundError: No module named 'kubernetes'
[2024-06-24T14:07:25.276+0300] {logging_mixin.py:188} INFO - [2024-06-24T14:07:25.276+0300] {example_local_kubernetes_executor.py:41} WARNING - Install Kubernetes dependencies with: pip install apache-airflow[cncf.kubernetes]
[2024-06-24T14:07:25.277+0300] {processor.py:842} WARNING - No viable dags retrieved from /home/user/rubix/internship_project/.venv/lib/python3.10/site-packages/airflow/example_dags/example_local_kubernetes_executor.py
[2024-06-24T14:07:25.293+0300] {processor.py:183} INFO - Processing /home/user/rubix/internship_project/.venv/lib/python3.10/site-packages/airflow/example_dags/example_local_kubernetes_executor.py took 0.037 seconds
[2024-06-24T14:08:16.846+0300] {processor.py:161} INFO - Started process (PID=24673) to work on /home/user/rubix/internship_project/.venv/lib/python3.10/site-packages/airflow/example_dags/example_local_kubernetes_executor.py
[2024-06-24T14:08:16.847+0300] {processor.py:830} INFO - Processing file /home/user/rubix/internship_project/.venv/lib/python3.10/site-packages/airflow/example_dags/example_local_kubernetes_executor.py for tasks to queue
[2024-06-24T14:08:16.849+0300] {logging_mixin.py:188} INFO - [2024-06-24T14:08:16.848+0300] {dagbag.py:545} INFO - Filling up the DagBag from /home/user/rubix/internship_project/.venv/lib/python3.10/site-packages/airflow/example_dags/example_local_kubernetes_executor.py
[2024-06-24T14:08:16.853+0300] {logging_mixin.py:188} INFO - [2024-06-24T14:08:16.852+0300] {example_local_kubernetes_executor.py:40} WARNING - Could not import DAGs in example_local_kubernetes_executor.py
Traceback (most recent call last):
  File "/home/user/rubix/internship_project/.venv/lib/python3.10/site-packages/airflow/example_dags/example_local_kubernetes_executor.py", line 38, in <module>
    from kubernetes.client import models as k8s
ModuleNotFoundError: No module named 'kubernetes'
[2024-06-24T14:08:16.853+0300] {logging_mixin.py:188} INFO - [2024-06-24T14:08:16.853+0300] {example_local_kubernetes_executor.py:41} WARNING - Install Kubernetes dependencies with: pip install apache-airflow[cncf.kubernetes]
[2024-06-24T14:08:16.853+0300] {processor.py:842} WARNING - No viable dags retrieved from /home/user/rubix/internship_project/.venv/lib/python3.10/site-packages/airflow/example_dags/example_local_kubernetes_executor.py
[2024-06-24T14:08:16.866+0300] {processor.py:183} INFO - Processing /home/user/rubix/internship_project/.venv/lib/python3.10/site-packages/airflow/example_dags/example_local_kubernetes_executor.py took 0.027 seconds
[2024-06-24T14:09:03.557+0300] {processor.py:161} INFO - Started process (PID=24968) to work on /home/user/rubix/internship_project/.venv/lib/python3.10/site-packages/airflow/example_dags/example_local_kubernetes_executor.py
[2024-06-24T14:09:03.558+0300] {processor.py:830} INFO - Processing file /home/user/rubix/internship_project/.venv/lib/python3.10/site-packages/airflow/example_dags/example_local_kubernetes_executor.py for tasks to queue
[2024-06-24T14:09:03.560+0300] {logging_mixin.py:188} INFO - [2024-06-24T14:09:03.560+0300] {dagbag.py:545} INFO - Filling up the DagBag from /home/user/rubix/internship_project/.venv/lib/python3.10/site-packages/airflow/example_dags/example_local_kubernetes_executor.py
[2024-06-24T14:09:03.564+0300] {logging_mixin.py:188} INFO - [2024-06-24T14:09:03.564+0300] {example_local_kubernetes_executor.py:40} WARNING - Could not import DAGs in example_local_kubernetes_executor.py
Traceback (most recent call last):
  File "/home/user/rubix/internship_project/.venv/lib/python3.10/site-packages/airflow/example_dags/example_local_kubernetes_executor.py", line 38, in <module>
    from kubernetes.client import models as k8s
ModuleNotFoundError: No module named 'kubernetes'
[2024-06-24T14:09:03.565+0300] {logging_mixin.py:188} INFO - [2024-06-24T14:09:03.565+0300] {example_local_kubernetes_executor.py:41} WARNING - Install Kubernetes dependencies with: pip install apache-airflow[cncf.kubernetes]
[2024-06-24T14:09:03.565+0300] {processor.py:842} WARNING - No viable dags retrieved from /home/user/rubix/internship_project/.venv/lib/python3.10/site-packages/airflow/example_dags/example_local_kubernetes_executor.py
[2024-06-24T14:09:03.578+0300] {processor.py:183} INFO - Processing /home/user/rubix/internship_project/.venv/lib/python3.10/site-packages/airflow/example_dags/example_local_kubernetes_executor.py took 0.029 seconds
[2024-06-24T14:10:10.936+0300] {processor.py:161} INFO - Started process (PID=25415) to work on /home/user/rubix/internship_project/.venv/lib/python3.10/site-packages/airflow/example_dags/example_local_kubernetes_executor.py
[2024-06-24T14:10:10.937+0300] {processor.py:830} INFO - Processing file /home/user/rubix/internship_project/.venv/lib/python3.10/site-packages/airflow/example_dags/example_local_kubernetes_executor.py for tasks to queue
[2024-06-24T14:10:10.939+0300] {logging_mixin.py:188} INFO - [2024-06-24T14:10:10.939+0300] {dagbag.py:545} INFO - Filling up the DagBag from /home/user/rubix/internship_project/.venv/lib/python3.10/site-packages/airflow/example_dags/example_local_kubernetes_executor.py
[2024-06-24T14:10:10.943+0300] {logging_mixin.py:188} INFO - [2024-06-24T14:10:10.943+0300] {example_local_kubernetes_executor.py:40} WARNING - Could not import DAGs in example_local_kubernetes_executor.py
Traceback (most recent call last):
  File "/home/user/rubix/internship_project/.venv/lib/python3.10/site-packages/airflow/example_dags/example_local_kubernetes_executor.py", line 38, in <module>
    from kubernetes.client import models as k8s
ModuleNotFoundError: No module named 'kubernetes'
[2024-06-24T14:10:10.943+0300] {logging_mixin.py:188} INFO - [2024-06-24T14:10:10.943+0300] {example_local_kubernetes_executor.py:41} WARNING - Install Kubernetes dependencies with: pip install apache-airflow[cncf.kubernetes]
[2024-06-24T14:10:10.943+0300] {processor.py:842} WARNING - No viable dags retrieved from /home/user/rubix/internship_project/.venv/lib/python3.10/site-packages/airflow/example_dags/example_local_kubernetes_executor.py
[2024-06-24T14:10:10.955+0300] {processor.py:183} INFO - Processing /home/user/rubix/internship_project/.venv/lib/python3.10/site-packages/airflow/example_dags/example_local_kubernetes_executor.py took 0.027 seconds
[2024-06-24T14:10:57.396+0300] {processor.py:161} INFO - Started process (PID=25623) to work on /home/user/rubix/internship_project/.venv/lib/python3.10/site-packages/airflow/example_dags/example_local_kubernetes_executor.py
[2024-06-24T14:10:57.397+0300] {processor.py:830} INFO - Processing file /home/user/rubix/internship_project/.venv/lib/python3.10/site-packages/airflow/example_dags/example_local_kubernetes_executor.py for tasks to queue
[2024-06-24T14:10:57.399+0300] {logging_mixin.py:188} INFO - [2024-06-24T14:10:57.399+0300] {dagbag.py:545} INFO - Filling up the DagBag from /home/user/rubix/internship_project/.venv/lib/python3.10/site-packages/airflow/example_dags/example_local_kubernetes_executor.py
[2024-06-24T14:10:57.403+0300] {logging_mixin.py:188} INFO - [2024-06-24T14:10:57.402+0300] {example_local_kubernetes_executor.py:40} WARNING - Could not import DAGs in example_local_kubernetes_executor.py
Traceback (most recent call last):
  File "/home/user/rubix/internship_project/.venv/lib/python3.10/site-packages/airflow/example_dags/example_local_kubernetes_executor.py", line 38, in <module>
    from kubernetes.client import models as k8s
ModuleNotFoundError: No module named 'kubernetes'
[2024-06-24T14:10:57.403+0300] {logging_mixin.py:188} INFO - [2024-06-24T14:10:57.403+0300] {example_local_kubernetes_executor.py:41} WARNING - Install Kubernetes dependencies with: pip install apache-airflow[cncf.kubernetes]
[2024-06-24T14:10:57.403+0300] {processor.py:842} WARNING - No viable dags retrieved from /home/user/rubix/internship_project/.venv/lib/python3.10/site-packages/airflow/example_dags/example_local_kubernetes_executor.py
[2024-06-24T14:10:57.416+0300] {processor.py:183} INFO - Processing /home/user/rubix/internship_project/.venv/lib/python3.10/site-packages/airflow/example_dags/example_local_kubernetes_executor.py took 0.027 seconds
[2024-06-24T14:12:04.144+0300] {processor.py:161} INFO - Started process (PID=26075) to work on /home/user/rubix/internship_project/.venv/lib/python3.10/site-packages/airflow/example_dags/example_local_kubernetes_executor.py
[2024-06-24T14:12:04.145+0300] {processor.py:830} INFO - Processing file /home/user/rubix/internship_project/.venv/lib/python3.10/site-packages/airflow/example_dags/example_local_kubernetes_executor.py for tasks to queue
[2024-06-24T14:12:04.147+0300] {logging_mixin.py:188} INFO - [2024-06-24T14:12:04.147+0300] {dagbag.py:545} INFO - Filling up the DagBag from /home/user/rubix/internship_project/.venv/lib/python3.10/site-packages/airflow/example_dags/example_local_kubernetes_executor.py
[2024-06-24T14:12:04.151+0300] {logging_mixin.py:188} INFO - [2024-06-24T14:12:04.150+0300] {example_local_kubernetes_executor.py:40} WARNING - Could not import DAGs in example_local_kubernetes_executor.py
Traceback (most recent call last):
  File "/home/user/rubix/internship_project/.venv/lib/python3.10/site-packages/airflow/example_dags/example_local_kubernetes_executor.py", line 38, in <module>
    from kubernetes.client import models as k8s
ModuleNotFoundError: No module named 'kubernetes'
[2024-06-24T14:12:04.151+0300] {logging_mixin.py:188} INFO - [2024-06-24T14:12:04.151+0300] {example_local_kubernetes_executor.py:41} WARNING - Install Kubernetes dependencies with: pip install apache-airflow[cncf.kubernetes]
[2024-06-24T14:12:04.151+0300] {processor.py:842} WARNING - No viable dags retrieved from /home/user/rubix/internship_project/.venv/lib/python3.10/site-packages/airflow/example_dags/example_local_kubernetes_executor.py
[2024-06-24T14:12:04.164+0300] {processor.py:183} INFO - Processing /home/user/rubix/internship_project/.venv/lib/python3.10/site-packages/airflow/example_dags/example_local_kubernetes_executor.py took 0.027 seconds
[2024-06-24T14:13:12.143+0300] {processor.py:161} INFO - Started process (PID=26278) to work on /home/user/rubix/internship_project/.venv/lib/python3.10/site-packages/airflow/example_dags/example_local_kubernetes_executor.py
[2024-06-24T14:13:12.144+0300] {processor.py:830} INFO - Processing file /home/user/rubix/internship_project/.venv/lib/python3.10/site-packages/airflow/example_dags/example_local_kubernetes_executor.py for tasks to queue
[2024-06-24T14:13:12.146+0300] {logging_mixin.py:188} INFO - [2024-06-24T14:13:12.145+0300] {dagbag.py:545} INFO - Filling up the DagBag from /home/user/rubix/internship_project/.venv/lib/python3.10/site-packages/airflow/example_dags/example_local_kubernetes_executor.py
[2024-06-24T14:13:12.160+0300] {logging_mixin.py:188} INFO - [2024-06-24T14:13:12.159+0300] {example_local_kubernetes_executor.py:40} WARNING - Could not import DAGs in example_local_kubernetes_executor.py
Traceback (most recent call last):
  File "/home/user/rubix/internship_project/.venv/lib/python3.10/site-packages/airflow/example_dags/example_local_kubernetes_executor.py", line 38, in <module>
    from kubernetes.client import models as k8s
ModuleNotFoundError: No module named 'kubernetes'
[2024-06-24T14:13:12.161+0300] {logging_mixin.py:188} INFO - [2024-06-24T14:13:12.160+0300] {example_local_kubernetes_executor.py:41} WARNING - Install Kubernetes dependencies with: pip install apache-airflow[cncf.kubernetes]
[2024-06-24T14:13:12.161+0300] {processor.py:842} WARNING - No viable dags retrieved from /home/user/rubix/internship_project/.venv/lib/python3.10/site-packages/airflow/example_dags/example_local_kubernetes_executor.py
[2024-06-24T14:13:12.174+0300] {processor.py:183} INFO - Processing /home/user/rubix/internship_project/.venv/lib/python3.10/site-packages/airflow/example_dags/example_local_kubernetes_executor.py took 0.040 seconds
[2024-06-24T14:14:05.309+0300] {processor.py:161} INFO - Started process (PID=26601) to work on /home/user/rubix/internship_project/.venv/lib/python3.10/site-packages/airflow/example_dags/example_local_kubernetes_executor.py
[2024-06-24T14:14:05.310+0300] {processor.py:830} INFO - Processing file /home/user/rubix/internship_project/.venv/lib/python3.10/site-packages/airflow/example_dags/example_local_kubernetes_executor.py for tasks to queue
[2024-06-24T14:14:05.313+0300] {logging_mixin.py:188} INFO - [2024-06-24T14:14:05.312+0300] {dagbag.py:545} INFO - Filling up the DagBag from /home/user/rubix/internship_project/.venv/lib/python3.10/site-packages/airflow/example_dags/example_local_kubernetes_executor.py
[2024-06-24T14:14:05.317+0300] {logging_mixin.py:188} INFO - [2024-06-24T14:14:05.317+0300] {example_local_kubernetes_executor.py:40} WARNING - Could not import DAGs in example_local_kubernetes_executor.py
Traceback (most recent call last):
  File "/home/user/rubix/internship_project/.venv/lib/python3.10/site-packages/airflow/example_dags/example_local_kubernetes_executor.py", line 38, in <module>
    from kubernetes.client import models as k8s
ModuleNotFoundError: No module named 'kubernetes'
[2024-06-24T14:14:05.318+0300] {logging_mixin.py:188} INFO - [2024-06-24T14:14:05.318+0300] {example_local_kubernetes_executor.py:41} WARNING - Install Kubernetes dependencies with: pip install apache-airflow[cncf.kubernetes]
[2024-06-24T14:14:05.318+0300] {processor.py:842} WARNING - No viable dags retrieved from /home/user/rubix/internship_project/.venv/lib/python3.10/site-packages/airflow/example_dags/example_local_kubernetes_executor.py
[2024-06-24T14:14:05.332+0300] {processor.py:183} INFO - Processing /home/user/rubix/internship_project/.venv/lib/python3.10/site-packages/airflow/example_dags/example_local_kubernetes_executor.py took 0.033 seconds
[2024-06-24T14:15:10.859+0300] {processor.py:161} INFO - Started process (PID=26854) to work on /home/user/rubix/internship_project/.venv/lib/python3.10/site-packages/airflow/example_dags/example_local_kubernetes_executor.py
[2024-06-24T14:15:10.860+0300] {processor.py:830} INFO - Processing file /home/user/rubix/internship_project/.venv/lib/python3.10/site-packages/airflow/example_dags/example_local_kubernetes_executor.py for tasks to queue
[2024-06-24T14:15:10.862+0300] {logging_mixin.py:188} INFO - [2024-06-24T14:15:10.861+0300] {dagbag.py:545} INFO - Filling up the DagBag from /home/user/rubix/internship_project/.venv/lib/python3.10/site-packages/airflow/example_dags/example_local_kubernetes_executor.py
[2024-06-24T14:15:10.866+0300] {logging_mixin.py:188} INFO - [2024-06-24T14:15:10.865+0300] {example_local_kubernetes_executor.py:40} WARNING - Could not import DAGs in example_local_kubernetes_executor.py
Traceback (most recent call last):
  File "/home/user/rubix/internship_project/.venv/lib/python3.10/site-packages/airflow/example_dags/example_local_kubernetes_executor.py", line 38, in <module>
    from kubernetes.client import models as k8s
ModuleNotFoundError: No module named 'kubernetes'
[2024-06-24T14:15:10.866+0300] {logging_mixin.py:188} INFO - [2024-06-24T14:15:10.866+0300] {example_local_kubernetes_executor.py:41} WARNING - Install Kubernetes dependencies with: pip install apache-airflow[cncf.kubernetes]
[2024-06-24T14:15:10.866+0300] {processor.py:842} WARNING - No viable dags retrieved from /home/user/rubix/internship_project/.venv/lib/python3.10/site-packages/airflow/example_dags/example_local_kubernetes_executor.py
[2024-06-24T14:15:10.878+0300] {processor.py:183} INFO - Processing /home/user/rubix/internship_project/.venv/lib/python3.10/site-packages/airflow/example_dags/example_local_kubernetes_executor.py took 0.027 seconds
[2024-06-24T14:16:12.774+0300] {processor.py:161} INFO - Started process (PID=27054) to work on /home/user/rubix/internship_project/.venv/lib/python3.10/site-packages/airflow/example_dags/example_local_kubernetes_executor.py
[2024-06-24T14:16:12.775+0300] {processor.py:830} INFO - Processing file /home/user/rubix/internship_project/.venv/lib/python3.10/site-packages/airflow/example_dags/example_local_kubernetes_executor.py for tasks to queue
[2024-06-24T14:16:12.777+0300] {logging_mixin.py:188} INFO - [2024-06-24T14:16:12.777+0300] {dagbag.py:545} INFO - Filling up the DagBag from /home/user/rubix/internship_project/.venv/lib/python3.10/site-packages/airflow/example_dags/example_local_kubernetes_executor.py
[2024-06-24T14:16:12.781+0300] {logging_mixin.py:188} INFO - [2024-06-24T14:16:12.780+0300] {example_local_kubernetes_executor.py:40} WARNING - Could not import DAGs in example_local_kubernetes_executor.py
Traceback (most recent call last):
  File "/home/user/rubix/internship_project/.venv/lib/python3.10/site-packages/airflow/example_dags/example_local_kubernetes_executor.py", line 38, in <module>
    from kubernetes.client import models as k8s
ModuleNotFoundError: No module named 'kubernetes'
[2024-06-24T14:16:12.781+0300] {logging_mixin.py:188} INFO - [2024-06-24T14:16:12.781+0300] {example_local_kubernetes_executor.py:41} WARNING - Install Kubernetes dependencies with: pip install apache-airflow[cncf.kubernetes]
[2024-06-24T14:16:12.781+0300] {processor.py:842} WARNING - No viable dags retrieved from /home/user/rubix/internship_project/.venv/lib/python3.10/site-packages/airflow/example_dags/example_local_kubernetes_executor.py
[2024-06-24T14:16:12.793+0300] {processor.py:183} INFO - Processing /home/user/rubix/internship_project/.venv/lib/python3.10/site-packages/airflow/example_dags/example_local_kubernetes_executor.py took 0.026 seconds
[2024-06-24T14:17:11.388+0300] {processor.py:161} INFO - Started process (PID=27239) to work on /home/user/rubix/internship_project/.venv/lib/python3.10/site-packages/airflow/example_dags/example_local_kubernetes_executor.py
[2024-06-24T14:17:11.389+0300] {processor.py:830} INFO - Processing file /home/user/rubix/internship_project/.venv/lib/python3.10/site-packages/airflow/example_dags/example_local_kubernetes_executor.py for tasks to queue
[2024-06-24T14:17:11.391+0300] {logging_mixin.py:188} INFO - [2024-06-24T14:17:11.391+0300] {dagbag.py:545} INFO - Filling up the DagBag from /home/user/rubix/internship_project/.venv/lib/python3.10/site-packages/airflow/example_dags/example_local_kubernetes_executor.py
[2024-06-24T14:17:11.395+0300] {logging_mixin.py:188} INFO - [2024-06-24T14:17:11.394+0300] {example_local_kubernetes_executor.py:40} WARNING - Could not import DAGs in example_local_kubernetes_executor.py
Traceback (most recent call last):
  File "/home/user/rubix/internship_project/.venv/lib/python3.10/site-packages/airflow/example_dags/example_local_kubernetes_executor.py", line 38, in <module>
    from kubernetes.client import models as k8s
ModuleNotFoundError: No module named 'kubernetes'
[2024-06-24T14:17:11.395+0300] {logging_mixin.py:188} INFO - [2024-06-24T14:17:11.395+0300] {example_local_kubernetes_executor.py:41} WARNING - Install Kubernetes dependencies with: pip install apache-airflow[cncf.kubernetes]
[2024-06-24T14:17:11.395+0300] {processor.py:842} WARNING - No viable dags retrieved from /home/user/rubix/internship_project/.venv/lib/python3.10/site-packages/airflow/example_dags/example_local_kubernetes_executor.py
[2024-06-24T14:17:11.407+0300] {processor.py:183} INFO - Processing /home/user/rubix/internship_project/.venv/lib/python3.10/site-packages/airflow/example_dags/example_local_kubernetes_executor.py took 0.026 seconds
[2024-06-24T14:18:19.409+0300] {processor.py:161} INFO - Started process (PID=27445) to work on /home/user/rubix/internship_project/.venv/lib/python3.10/site-packages/airflow/example_dags/example_local_kubernetes_executor.py
[2024-06-24T14:18:19.411+0300] {processor.py:830} INFO - Processing file /home/user/rubix/internship_project/.venv/lib/python3.10/site-packages/airflow/example_dags/example_local_kubernetes_executor.py for tasks to queue
[2024-06-24T14:18:19.412+0300] {logging_mixin.py:188} INFO - [2024-06-24T14:18:19.412+0300] {dagbag.py:545} INFO - Filling up the DagBag from /home/user/rubix/internship_project/.venv/lib/python3.10/site-packages/airflow/example_dags/example_local_kubernetes_executor.py
[2024-06-24T14:18:19.423+0300] {logging_mixin.py:188} INFO - [2024-06-24T14:18:19.423+0300] {example_local_kubernetes_executor.py:40} WARNING - Could not import DAGs in example_local_kubernetes_executor.py
Traceback (most recent call last):
  File "/home/user/rubix/internship_project/.venv/lib/python3.10/site-packages/airflow/example_dags/example_local_kubernetes_executor.py", line 38, in <module>
    from kubernetes.client import models as k8s
ModuleNotFoundError: No module named 'kubernetes'
[2024-06-24T14:18:19.424+0300] {logging_mixin.py:188} INFO - [2024-06-24T14:18:19.424+0300] {example_local_kubernetes_executor.py:41} WARNING - Install Kubernetes dependencies with: pip install apache-airflow[cncf.kubernetes]
[2024-06-24T14:18:19.424+0300] {processor.py:842} WARNING - No viable dags retrieved from /home/user/rubix/internship_project/.venv/lib/python3.10/site-packages/airflow/example_dags/example_local_kubernetes_executor.py
[2024-06-24T14:18:19.437+0300] {processor.py:183} INFO - Processing /home/user/rubix/internship_project/.venv/lib/python3.10/site-packages/airflow/example_dags/example_local_kubernetes_executor.py took 0.038 seconds
[2024-06-24T14:19:14.803+0300] {processor.py:161} INFO - Started process (PID=27679) to work on /home/user/rubix/internship_project/.venv/lib/python3.10/site-packages/airflow/example_dags/example_local_kubernetes_executor.py
[2024-06-24T14:19:14.804+0300] {processor.py:830} INFO - Processing file /home/user/rubix/internship_project/.venv/lib/python3.10/site-packages/airflow/example_dags/example_local_kubernetes_executor.py for tasks to queue
[2024-06-24T14:19:14.806+0300] {logging_mixin.py:188} INFO - [2024-06-24T14:19:14.806+0300] {dagbag.py:545} INFO - Filling up the DagBag from /home/user/rubix/internship_project/.venv/lib/python3.10/site-packages/airflow/example_dags/example_local_kubernetes_executor.py
[2024-06-24T14:19:14.810+0300] {logging_mixin.py:188} INFO - [2024-06-24T14:19:14.810+0300] {example_local_kubernetes_executor.py:40} WARNING - Could not import DAGs in example_local_kubernetes_executor.py
Traceback (most recent call last):
  File "/home/user/rubix/internship_project/.venv/lib/python3.10/site-packages/airflow/example_dags/example_local_kubernetes_executor.py", line 38, in <module>
    from kubernetes.client import models as k8s
ModuleNotFoundError: No module named 'kubernetes'
[2024-06-24T14:19:14.811+0300] {logging_mixin.py:188} INFO - [2024-06-24T14:19:14.810+0300] {example_local_kubernetes_executor.py:41} WARNING - Install Kubernetes dependencies with: pip install apache-airflow[cncf.kubernetes]
[2024-06-24T14:19:14.811+0300] {processor.py:842} WARNING - No viable dags retrieved from /home/user/rubix/internship_project/.venv/lib/python3.10/site-packages/airflow/example_dags/example_local_kubernetes_executor.py
[2024-06-24T14:19:14.825+0300] {processor.py:183} INFO - Processing /home/user/rubix/internship_project/.venv/lib/python3.10/site-packages/airflow/example_dags/example_local_kubernetes_executor.py took 0.030 seconds
[2024-06-24T14:20:14.916+0300] {processor.py:161} INFO - Started process (PID=28067) to work on /home/user/rubix/internship_project/.venv/lib/python3.10/site-packages/airflow/example_dags/example_local_kubernetes_executor.py
[2024-06-24T14:20:14.917+0300] {processor.py:830} INFO - Processing file /home/user/rubix/internship_project/.venv/lib/python3.10/site-packages/airflow/example_dags/example_local_kubernetes_executor.py for tasks to queue
[2024-06-24T14:20:14.919+0300] {logging_mixin.py:188} INFO - [2024-06-24T14:20:14.918+0300] {dagbag.py:545} INFO - Filling up the DagBag from /home/user/rubix/internship_project/.venv/lib/python3.10/site-packages/airflow/example_dags/example_local_kubernetes_executor.py
[2024-06-24T14:20:14.922+0300] {logging_mixin.py:188} INFO - [2024-06-24T14:20:14.922+0300] {example_local_kubernetes_executor.py:40} WARNING - Could not import DAGs in example_local_kubernetes_executor.py
Traceback (most recent call last):
  File "/home/user/rubix/internship_project/.venv/lib/python3.10/site-packages/airflow/example_dags/example_local_kubernetes_executor.py", line 38, in <module>
    from kubernetes.client import models as k8s
ModuleNotFoundError: No module named 'kubernetes'
[2024-06-24T14:20:14.923+0300] {logging_mixin.py:188} INFO - [2024-06-24T14:20:14.923+0300] {example_local_kubernetes_executor.py:41} WARNING - Install Kubernetes dependencies with: pip install apache-airflow[cncf.kubernetes]
[2024-06-24T14:20:14.923+0300] {processor.py:842} WARNING - No viable dags retrieved from /home/user/rubix/internship_project/.venv/lib/python3.10/site-packages/airflow/example_dags/example_local_kubernetes_executor.py
[2024-06-24T14:20:14.935+0300] {processor.py:183} INFO - Processing /home/user/rubix/internship_project/.venv/lib/python3.10/site-packages/airflow/example_dags/example_local_kubernetes_executor.py took 0.027 seconds
[2024-06-24T14:21:16.975+0300] {processor.py:161} INFO - Started process (PID=28478) to work on /home/user/rubix/internship_project/.venv/lib/python3.10/site-packages/airflow/example_dags/example_local_kubernetes_executor.py
[2024-06-24T14:21:16.976+0300] {processor.py:830} INFO - Processing file /home/user/rubix/internship_project/.venv/lib/python3.10/site-packages/airflow/example_dags/example_local_kubernetes_executor.py for tasks to queue
[2024-06-24T14:21:16.978+0300] {logging_mixin.py:188} INFO - [2024-06-24T14:21:16.978+0300] {dagbag.py:545} INFO - Filling up the DagBag from /home/user/rubix/internship_project/.venv/lib/python3.10/site-packages/airflow/example_dags/example_local_kubernetes_executor.py
[2024-06-24T14:21:16.982+0300] {logging_mixin.py:188} INFO - [2024-06-24T14:21:16.981+0300] {example_local_kubernetes_executor.py:40} WARNING - Could not import DAGs in example_local_kubernetes_executor.py
Traceback (most recent call last):
  File "/home/user/rubix/internship_project/.venv/lib/python3.10/site-packages/airflow/example_dags/example_local_kubernetes_executor.py", line 38, in <module>
    from kubernetes.client import models as k8s
ModuleNotFoundError: No module named 'kubernetes'
[2024-06-24T14:21:16.982+0300] {logging_mixin.py:188} INFO - [2024-06-24T14:21:16.982+0300] {example_local_kubernetes_executor.py:41} WARNING - Install Kubernetes dependencies with: pip install apache-airflow[cncf.kubernetes]
[2024-06-24T14:21:16.982+0300] {processor.py:842} WARNING - No viable dags retrieved from /home/user/rubix/internship_project/.venv/lib/python3.10/site-packages/airflow/example_dags/example_local_kubernetes_executor.py
[2024-06-24T14:21:17.001+0300] {processor.py:183} INFO - Processing /home/user/rubix/internship_project/.venv/lib/python3.10/site-packages/airflow/example_dags/example_local_kubernetes_executor.py took 0.033 seconds
[2024-06-24T14:22:14.284+0300] {processor.py:161} INFO - Started process (PID=28741) to work on /home/user/rubix/internship_project/.venv/lib/python3.10/site-packages/airflow/example_dags/example_local_kubernetes_executor.py
[2024-06-24T14:22:14.286+0300] {processor.py:830} INFO - Processing file /home/user/rubix/internship_project/.venv/lib/python3.10/site-packages/airflow/example_dags/example_local_kubernetes_executor.py for tasks to queue
[2024-06-24T14:22:14.287+0300] {logging_mixin.py:188} INFO - [2024-06-24T14:22:14.287+0300] {dagbag.py:545} INFO - Filling up the DagBag from /home/user/rubix/internship_project/.venv/lib/python3.10/site-packages/airflow/example_dags/example_local_kubernetes_executor.py
[2024-06-24T14:22:14.291+0300] {logging_mixin.py:188} INFO - [2024-06-24T14:22:14.290+0300] {example_local_kubernetes_executor.py:40} WARNING - Could not import DAGs in example_local_kubernetes_executor.py
Traceback (most recent call last):
  File "/home/user/rubix/internship_project/.venv/lib/python3.10/site-packages/airflow/example_dags/example_local_kubernetes_executor.py", line 38, in <module>
    from kubernetes.client import models as k8s
ModuleNotFoundError: No module named 'kubernetes'
[2024-06-24T14:22:14.291+0300] {logging_mixin.py:188} INFO - [2024-06-24T14:22:14.291+0300] {example_local_kubernetes_executor.py:41} WARNING - Install Kubernetes dependencies with: pip install apache-airflow[cncf.kubernetes]
[2024-06-24T14:22:14.291+0300] {processor.py:842} WARNING - No viable dags retrieved from /home/user/rubix/internship_project/.venv/lib/python3.10/site-packages/airflow/example_dags/example_local_kubernetes_executor.py
[2024-06-24T14:22:14.304+0300] {processor.py:183} INFO - Processing /home/user/rubix/internship_project/.venv/lib/python3.10/site-packages/airflow/example_dags/example_local_kubernetes_executor.py took 0.027 seconds
[2024-06-24T14:23:17.521+0300] {processor.py:161} INFO - Started process (PID=28979) to work on /home/user/rubix/internship_project/.venv/lib/python3.10/site-packages/airflow/example_dags/example_local_kubernetes_executor.py
[2024-06-24T14:23:17.522+0300] {processor.py:830} INFO - Processing file /home/user/rubix/internship_project/.venv/lib/python3.10/site-packages/airflow/example_dags/example_local_kubernetes_executor.py for tasks to queue
[2024-06-24T14:23:17.524+0300] {logging_mixin.py:188} INFO - [2024-06-24T14:23:17.523+0300] {dagbag.py:545} INFO - Filling up the DagBag from /home/user/rubix/internship_project/.venv/lib/python3.10/site-packages/airflow/example_dags/example_local_kubernetes_executor.py
[2024-06-24T14:23:17.528+0300] {logging_mixin.py:188} INFO - [2024-06-24T14:23:17.527+0300] {example_local_kubernetes_executor.py:40} WARNING - Could not import DAGs in example_local_kubernetes_executor.py
Traceback (most recent call last):
  File "/home/user/rubix/internship_project/.venv/lib/python3.10/site-packages/airflow/example_dags/example_local_kubernetes_executor.py", line 38, in <module>
    from kubernetes.client import models as k8s
ModuleNotFoundError: No module named 'kubernetes'
[2024-06-24T14:23:17.528+0300] {logging_mixin.py:188} INFO - [2024-06-24T14:23:17.528+0300] {example_local_kubernetes_executor.py:41} WARNING - Install Kubernetes dependencies with: pip install apache-airflow[cncf.kubernetes]
[2024-06-24T14:23:17.528+0300] {processor.py:842} WARNING - No viable dags retrieved from /home/user/rubix/internship_project/.venv/lib/python3.10/site-packages/airflow/example_dags/example_local_kubernetes_executor.py
[2024-06-24T14:23:17.540+0300] {processor.py:183} INFO - Processing /home/user/rubix/internship_project/.venv/lib/python3.10/site-packages/airflow/example_dags/example_local_kubernetes_executor.py took 0.027 seconds
[2024-06-24T14:24:26.841+0300] {processor.py:161} INFO - Started process (PID=29242) to work on /home/user/rubix/internship_project/.venv/lib/python3.10/site-packages/airflow/example_dags/example_local_kubernetes_executor.py
[2024-06-24T14:24:26.842+0300] {processor.py:830} INFO - Processing file /home/user/rubix/internship_project/.venv/lib/python3.10/site-packages/airflow/example_dags/example_local_kubernetes_executor.py for tasks to queue
[2024-06-24T14:24:26.844+0300] {logging_mixin.py:188} INFO - [2024-06-24T14:24:26.843+0300] {dagbag.py:545} INFO - Filling up the DagBag from /home/user/rubix/internship_project/.venv/lib/python3.10/site-packages/airflow/example_dags/example_local_kubernetes_executor.py
[2024-06-24T14:24:26.847+0300] {logging_mixin.py:188} INFO - [2024-06-24T14:24:26.847+0300] {example_local_kubernetes_executor.py:40} WARNING - Could not import DAGs in example_local_kubernetes_executor.py
Traceback (most recent call last):
  File "/home/user/rubix/internship_project/.venv/lib/python3.10/site-packages/airflow/example_dags/example_local_kubernetes_executor.py", line 38, in <module>
    from kubernetes.client import models as k8s
ModuleNotFoundError: No module named 'kubernetes'
[2024-06-24T14:24:26.848+0300] {logging_mixin.py:188} INFO - [2024-06-24T14:24:26.847+0300] {example_local_kubernetes_executor.py:41} WARNING - Install Kubernetes dependencies with: pip install apache-airflow[cncf.kubernetes]
[2024-06-24T14:24:26.848+0300] {processor.py:842} WARNING - No viable dags retrieved from /home/user/rubix/internship_project/.venv/lib/python3.10/site-packages/airflow/example_dags/example_local_kubernetes_executor.py
[2024-06-24T14:24:26.860+0300] {processor.py:183} INFO - Processing /home/user/rubix/internship_project/.venv/lib/python3.10/site-packages/airflow/example_dags/example_local_kubernetes_executor.py took 0.027 seconds
[2024-06-24T14:25:30.598+0300] {processor.py:161} INFO - Started process (PID=29576) to work on /home/user/rubix/internship_project/.venv/lib/python3.10/site-packages/airflow/example_dags/example_local_kubernetes_executor.py
[2024-06-24T14:25:30.599+0300] {processor.py:830} INFO - Processing file /home/user/rubix/internship_project/.venv/lib/python3.10/site-packages/airflow/example_dags/example_local_kubernetes_executor.py for tasks to queue
[2024-06-24T14:25:30.601+0300] {logging_mixin.py:188} INFO - [2024-06-24T14:25:30.600+0300] {dagbag.py:545} INFO - Filling up the DagBag from /home/user/rubix/internship_project/.venv/lib/python3.10/site-packages/airflow/example_dags/example_local_kubernetes_executor.py
[2024-06-24T14:25:30.605+0300] {logging_mixin.py:188} INFO - [2024-06-24T14:25:30.604+0300] {example_local_kubernetes_executor.py:40} WARNING - Could not import DAGs in example_local_kubernetes_executor.py
Traceback (most recent call last):
  File "/home/user/rubix/internship_project/.venv/lib/python3.10/site-packages/airflow/example_dags/example_local_kubernetes_executor.py", line 38, in <module>
    from kubernetes.client import models as k8s
ModuleNotFoundError: No module named 'kubernetes'
[2024-06-24T14:25:30.605+0300] {logging_mixin.py:188} INFO - [2024-06-24T14:25:30.605+0300] {example_local_kubernetes_executor.py:41} WARNING - Install Kubernetes dependencies with: pip install apache-airflow[cncf.kubernetes]
[2024-06-24T14:25:30.605+0300] {processor.py:842} WARNING - No viable dags retrieved from /home/user/rubix/internship_project/.venv/lib/python3.10/site-packages/airflow/example_dags/example_local_kubernetes_executor.py
[2024-06-24T14:25:30.617+0300] {processor.py:183} INFO - Processing /home/user/rubix/internship_project/.venv/lib/python3.10/site-packages/airflow/example_dags/example_local_kubernetes_executor.py took 0.027 seconds
[2024-06-24T14:26:29.890+0300] {processor.py:161} INFO - Started process (PID=29803) to work on /home/user/rubix/internship_project/.venv/lib/python3.10/site-packages/airflow/example_dags/example_local_kubernetes_executor.py
[2024-06-24T14:26:29.891+0300] {processor.py:830} INFO - Processing file /home/user/rubix/internship_project/.venv/lib/python3.10/site-packages/airflow/example_dags/example_local_kubernetes_executor.py for tasks to queue
[2024-06-24T14:26:29.893+0300] {logging_mixin.py:188} INFO - [2024-06-24T14:26:29.893+0300] {dagbag.py:545} INFO - Filling up the DagBag from /home/user/rubix/internship_project/.venv/lib/python3.10/site-packages/airflow/example_dags/example_local_kubernetes_executor.py
[2024-06-24T14:26:29.897+0300] {logging_mixin.py:188} INFO - [2024-06-24T14:26:29.896+0300] {example_local_kubernetes_executor.py:40} WARNING - Could not import DAGs in example_local_kubernetes_executor.py
Traceback (most recent call last):
  File "/home/user/rubix/internship_project/.venv/lib/python3.10/site-packages/airflow/example_dags/example_local_kubernetes_executor.py", line 38, in <module>
    from kubernetes.client import models as k8s
ModuleNotFoundError: No module named 'kubernetes'
[2024-06-24T14:26:29.897+0300] {logging_mixin.py:188} INFO - [2024-06-24T14:26:29.897+0300] {example_local_kubernetes_executor.py:41} WARNING - Install Kubernetes dependencies with: pip install apache-airflow[cncf.kubernetes]
[2024-06-24T14:26:29.897+0300] {processor.py:842} WARNING - No viable dags retrieved from /home/user/rubix/internship_project/.venv/lib/python3.10/site-packages/airflow/example_dags/example_local_kubernetes_executor.py
[2024-06-24T14:26:29.910+0300] {processor.py:183} INFO - Processing /home/user/rubix/internship_project/.venv/lib/python3.10/site-packages/airflow/example_dags/example_local_kubernetes_executor.py took 0.027 seconds
[2024-06-24T14:27:17.439+0300] {processor.py:161} INFO - Started process (PID=30353) to work on /home/user/rubix/internship_project/.venv/lib/python3.10/site-packages/airflow/example_dags/example_local_kubernetes_executor.py
[2024-06-24T14:27:17.440+0300] {processor.py:830} INFO - Processing file /home/user/rubix/internship_project/.venv/lib/python3.10/site-packages/airflow/example_dags/example_local_kubernetes_executor.py for tasks to queue
[2024-06-24T14:27:17.442+0300] {logging_mixin.py:188} INFO - [2024-06-24T14:27:17.442+0300] {dagbag.py:545} INFO - Filling up the DagBag from /home/user/rubix/internship_project/.venv/lib/python3.10/site-packages/airflow/example_dags/example_local_kubernetes_executor.py
[2024-06-24T14:27:17.449+0300] {logging_mixin.py:188} INFO - [2024-06-24T14:27:17.448+0300] {example_local_kubernetes_executor.py:40} WARNING - Could not import DAGs in example_local_kubernetes_executor.py
Traceback (most recent call last):
  File "/home/user/rubix/internship_project/.venv/lib/python3.10/site-packages/airflow/example_dags/example_local_kubernetes_executor.py", line 38, in <module>
    from kubernetes.client import models as k8s
ModuleNotFoundError: No module named 'kubernetes'
[2024-06-24T14:27:17.449+0300] {logging_mixin.py:188} INFO - [2024-06-24T14:27:17.449+0300] {example_local_kubernetes_executor.py:41} WARNING - Install Kubernetes dependencies with: pip install apache-airflow[cncf.kubernetes]
[2024-06-24T14:27:17.449+0300] {processor.py:842} WARNING - No viable dags retrieved from /home/user/rubix/internship_project/.venv/lib/python3.10/site-packages/airflow/example_dags/example_local_kubernetes_executor.py
[2024-06-24T14:27:17.466+0300] {processor.py:183} INFO - Processing /home/user/rubix/internship_project/.venv/lib/python3.10/site-packages/airflow/example_dags/example_local_kubernetes_executor.py took 0.039 seconds
[2024-06-24T14:28:19.715+0300] {processor.py:161} INFO - Started process (PID=30717) to work on /home/user/rubix/internship_project/.venv/lib/python3.10/site-packages/airflow/example_dags/example_local_kubernetes_executor.py
[2024-06-24T14:28:19.716+0300] {processor.py:830} INFO - Processing file /home/user/rubix/internship_project/.venv/lib/python3.10/site-packages/airflow/example_dags/example_local_kubernetes_executor.py for tasks to queue
[2024-06-24T14:28:19.719+0300] {logging_mixin.py:188} INFO - [2024-06-24T14:28:19.718+0300] {dagbag.py:545} INFO - Filling up the DagBag from /home/user/rubix/internship_project/.venv/lib/python3.10/site-packages/airflow/example_dags/example_local_kubernetes_executor.py
[2024-06-24T14:28:19.725+0300] {logging_mixin.py:188} INFO - [2024-06-24T14:28:19.724+0300] {example_local_kubernetes_executor.py:40} WARNING - Could not import DAGs in example_local_kubernetes_executor.py
Traceback (most recent call last):
  File "/home/user/rubix/internship_project/.venv/lib/python3.10/site-packages/airflow/example_dags/example_local_kubernetes_executor.py", line 38, in <module>
    from kubernetes.client import models as k8s
ModuleNotFoundError: No module named 'kubernetes'
[2024-06-24T14:28:19.726+0300] {logging_mixin.py:188} INFO - [2024-06-24T14:28:19.726+0300] {example_local_kubernetes_executor.py:41} WARNING - Install Kubernetes dependencies with: pip install apache-airflow[cncf.kubernetes]
[2024-06-24T14:28:19.726+0300] {processor.py:842} WARNING - No viable dags retrieved from /home/user/rubix/internship_project/.venv/lib/python3.10/site-packages/airflow/example_dags/example_local_kubernetes_executor.py
[2024-06-24T14:28:19.742+0300] {processor.py:183} INFO - Processing /home/user/rubix/internship_project/.venv/lib/python3.10/site-packages/airflow/example_dags/example_local_kubernetes_executor.py took 0.036 seconds
[2024-06-24T14:29:29.819+0300] {processor.py:161} INFO - Started process (PID=31220) to work on /home/user/rubix/internship_project/.venv/lib/python3.10/site-packages/airflow/example_dags/example_local_kubernetes_executor.py
[2024-06-24T14:29:29.820+0300] {processor.py:830} INFO - Processing file /home/user/rubix/internship_project/.venv/lib/python3.10/site-packages/airflow/example_dags/example_local_kubernetes_executor.py for tasks to queue
[2024-06-24T14:29:29.824+0300] {logging_mixin.py:188} INFO - [2024-06-24T14:29:29.824+0300] {dagbag.py:545} INFO - Filling up the DagBag from /home/user/rubix/internship_project/.venv/lib/python3.10/site-packages/airflow/example_dags/example_local_kubernetes_executor.py
[2024-06-24T14:29:29.828+0300] {logging_mixin.py:188} INFO - [2024-06-24T14:29:29.828+0300] {example_local_kubernetes_executor.py:40} WARNING - Could not import DAGs in example_local_kubernetes_executor.py
Traceback (most recent call last):
  File "/home/user/rubix/internship_project/.venv/lib/python3.10/site-packages/airflow/example_dags/example_local_kubernetes_executor.py", line 38, in <module>
    from kubernetes.client import models as k8s
ModuleNotFoundError: No module named 'kubernetes'
[2024-06-24T14:29:29.828+0300] {logging_mixin.py:188} INFO - [2024-06-24T14:29:29.828+0300] {example_local_kubernetes_executor.py:41} WARNING - Install Kubernetes dependencies with: pip install apache-airflow[cncf.kubernetes]
[2024-06-24T14:29:29.829+0300] {processor.py:842} WARNING - No viable dags retrieved from /home/user/rubix/internship_project/.venv/lib/python3.10/site-packages/airflow/example_dags/example_local_kubernetes_executor.py
[2024-06-24T14:29:29.843+0300] {processor.py:183} INFO - Processing /home/user/rubix/internship_project/.venv/lib/python3.10/site-packages/airflow/example_dags/example_local_kubernetes_executor.py took 0.032 seconds
[2024-06-24T14:30:18.458+0300] {processor.py:161} INFO - Started process (PID=31443) to work on /home/user/rubix/internship_project/.venv/lib/python3.10/site-packages/airflow/example_dags/example_local_kubernetes_executor.py
[2024-06-24T14:30:18.459+0300] {processor.py:830} INFO - Processing file /home/user/rubix/internship_project/.venv/lib/python3.10/site-packages/airflow/example_dags/example_local_kubernetes_executor.py for tasks to queue
[2024-06-24T14:30:18.461+0300] {logging_mixin.py:188} INFO - [2024-06-24T14:30:18.461+0300] {dagbag.py:545} INFO - Filling up the DagBag from /home/user/rubix/internship_project/.venv/lib/python3.10/site-packages/airflow/example_dags/example_local_kubernetes_executor.py
[2024-06-24T14:30:18.465+0300] {logging_mixin.py:188} INFO - [2024-06-24T14:30:18.464+0300] {example_local_kubernetes_executor.py:40} WARNING - Could not import DAGs in example_local_kubernetes_executor.py
Traceback (most recent call last):
  File "/home/user/rubix/internship_project/.venv/lib/python3.10/site-packages/airflow/example_dags/example_local_kubernetes_executor.py", line 38, in <module>
    from kubernetes.client import models as k8s
ModuleNotFoundError: No module named 'kubernetes'
[2024-06-24T14:30:18.465+0300] {logging_mixin.py:188} INFO - [2024-06-24T14:30:18.465+0300] {example_local_kubernetes_executor.py:41} WARNING - Install Kubernetes dependencies with: pip install apache-airflow[cncf.kubernetes]
[2024-06-24T14:30:18.465+0300] {processor.py:842} WARNING - No viable dags retrieved from /home/user/rubix/internship_project/.venv/lib/python3.10/site-packages/airflow/example_dags/example_local_kubernetes_executor.py
[2024-06-24T14:30:18.478+0300] {processor.py:183} INFO - Processing /home/user/rubix/internship_project/.venv/lib/python3.10/site-packages/airflow/example_dags/example_local_kubernetes_executor.py took 0.029 seconds
[2024-06-24T14:31:04.958+0300] {processor.py:161} INFO - Started process (PID=31601) to work on /home/user/rubix/internship_project/.venv/lib/python3.10/site-packages/airflow/example_dags/example_local_kubernetes_executor.py
[2024-06-24T14:31:04.959+0300] {processor.py:830} INFO - Processing file /home/user/rubix/internship_project/.venv/lib/python3.10/site-packages/airflow/example_dags/example_local_kubernetes_executor.py for tasks to queue
[2024-06-24T14:31:04.961+0300] {logging_mixin.py:188} INFO - [2024-06-24T14:31:04.960+0300] {dagbag.py:545} INFO - Filling up the DagBag from /home/user/rubix/internship_project/.venv/lib/python3.10/site-packages/airflow/example_dags/example_local_kubernetes_executor.py
[2024-06-24T14:31:04.965+0300] {logging_mixin.py:188} INFO - [2024-06-24T14:31:04.964+0300] {example_local_kubernetes_executor.py:40} WARNING - Could not import DAGs in example_local_kubernetes_executor.py
Traceback (most recent call last):
  File "/home/user/rubix/internship_project/.venv/lib/python3.10/site-packages/airflow/example_dags/example_local_kubernetes_executor.py", line 38, in <module>
    from kubernetes.client import models as k8s
ModuleNotFoundError: No module named 'kubernetes'
[2024-06-24T14:31:04.965+0300] {logging_mixin.py:188} INFO - [2024-06-24T14:31:04.965+0300] {example_local_kubernetes_executor.py:41} WARNING - Install Kubernetes dependencies with: pip install apache-airflow[cncf.kubernetes]
[2024-06-24T14:31:04.965+0300] {processor.py:842} WARNING - No viable dags retrieved from /home/user/rubix/internship_project/.venv/lib/python3.10/site-packages/airflow/example_dags/example_local_kubernetes_executor.py
[2024-06-24T14:31:04.981+0300] {processor.py:183} INFO - Processing /home/user/rubix/internship_project/.venv/lib/python3.10/site-packages/airflow/example_dags/example_local_kubernetes_executor.py took 0.033 seconds
[2024-06-24T14:31:52.735+0300] {processor.py:161} INFO - Started process (PID=31939) to work on /home/user/rubix/internship_project/.venv/lib/python3.10/site-packages/airflow/example_dags/example_local_kubernetes_executor.py
[2024-06-24T14:31:52.736+0300] {processor.py:830} INFO - Processing file /home/user/rubix/internship_project/.venv/lib/python3.10/site-packages/airflow/example_dags/example_local_kubernetes_executor.py for tasks to queue
[2024-06-24T14:31:52.738+0300] {logging_mixin.py:188} INFO - [2024-06-24T14:31:52.737+0300] {dagbag.py:545} INFO - Filling up the DagBag from /home/user/rubix/internship_project/.venv/lib/python3.10/site-packages/airflow/example_dags/example_local_kubernetes_executor.py
[2024-06-24T14:31:52.742+0300] {logging_mixin.py:188} INFO - [2024-06-24T14:31:52.741+0300] {example_local_kubernetes_executor.py:40} WARNING - Could not import DAGs in example_local_kubernetes_executor.py
Traceback (most recent call last):
  File "/home/user/rubix/internship_project/.venv/lib/python3.10/site-packages/airflow/example_dags/example_local_kubernetes_executor.py", line 38, in <module>
    from kubernetes.client import models as k8s
ModuleNotFoundError: No module named 'kubernetes'
[2024-06-24T14:31:52.742+0300] {logging_mixin.py:188} INFO - [2024-06-24T14:31:52.742+0300] {example_local_kubernetes_executor.py:41} WARNING - Install Kubernetes dependencies with: pip install apache-airflow[cncf.kubernetes]
[2024-06-24T14:31:52.742+0300] {processor.py:842} WARNING - No viable dags retrieved from /home/user/rubix/internship_project/.venv/lib/python3.10/site-packages/airflow/example_dags/example_local_kubernetes_executor.py
[2024-06-24T14:31:52.755+0300] {processor.py:183} INFO - Processing /home/user/rubix/internship_project/.venv/lib/python3.10/site-packages/airflow/example_dags/example_local_kubernetes_executor.py took 0.028 seconds
