[2024-06-24T14:02:53.193+0300] {processor.py:161} INFO - Started process (PID=22467) to work on /home/user/rubix/internship_project/.venv/lib/python3.10/site-packages/airflow/example_dags/example_xcomargs.py
[2024-06-24T14:02:53.194+0300] {processor.py:830} INFO - Processing file /home/user/rubix/internship_project/.venv/lib/python3.10/site-packages/airflow/example_dags/example_xcomargs.py for tasks to queue
[2024-06-24T14:02:53.196+0300] {logging_mixin.py:188} INFO - [2024-06-24T14:02:53.196+0300] {dagbag.py:545} INFO - Filling up the DagBag from /home/user/rubix/internship_project/.venv/lib/python3.10/site-packages/airflow/example_dags/example_xcomargs.py
[2024-06-24T14:02:53.221+0300] {processor.py:840} INFO - DAG(s) 'example_xcom_args', 'example_xcom_args_with_operators' retrieved from /home/user/rubix/internship_project/.venv/lib/python3.10/site-packages/airflow/example_dags/example_xcomargs.py
[2024-06-24T14:02:53.231+0300] {logging_mixin.py:188} INFO - [2024-06-24T14:02:53.231+0300] {dag.py:3096} INFO - Sync 2 DAGs
[2024-06-24T14:02:53.243+0300] {logging_mixin.py:188} INFO - [2024-06-24T14:02:53.243+0300] {dag.py:3954} INFO - Setting next_dagrun for example_xcom_args to None, run_after=None
[2024-06-24T14:02:53.245+0300] {logging_mixin.py:188} INFO - [2024-06-24T14:02:53.245+0300] {dag.py:3954} INFO - Setting next_dagrun for example_xcom_args_with_operators to None, run_after=None
[2024-06-24T14:02:53.261+0300] {processor.py:183} INFO - Processing /home/user/rubix/internship_project/.venv/lib/python3.10/site-packages/airflow/example_dags/example_xcomargs.py took 0.076 seconds
[2024-06-24T14:04:07.120+0300] {processor.py:161} INFO - Started process (PID=23053) to work on /home/user/rubix/internship_project/.venv/lib/python3.10/site-packages/airflow/example_dags/example_xcomargs.py
[2024-06-24T14:04:07.122+0300] {processor.py:830} INFO - Processing file /home/user/rubix/internship_project/.venv/lib/python3.10/site-packages/airflow/example_dags/example_xcomargs.py for tasks to queue
[2024-06-24T14:04:07.123+0300] {logging_mixin.py:188} INFO - [2024-06-24T14:04:07.123+0300] {dagbag.py:545} INFO - Filling up the DagBag from /home/user/rubix/internship_project/.venv/lib/python3.10/site-packages/airflow/example_dags/example_xcomargs.py
[2024-06-24T14:04:07.135+0300] {processor.py:840} INFO - DAG(s) 'example_xcom_args_with_operators', 'example_xcom_args' retrieved from /home/user/rubix/internship_project/.venv/lib/python3.10/site-packages/airflow/example_dags/example_xcomargs.py
[2024-06-24T14:04:07.145+0300] {logging_mixin.py:188} INFO - [2024-06-24T14:04:07.145+0300] {dag.py:3096} INFO - Sync 2 DAGs
[2024-06-24T14:04:07.156+0300] {logging_mixin.py:188} INFO - [2024-06-24T14:04:07.156+0300] {dag.py:3954} INFO - Setting next_dagrun for example_xcom_args to None, run_after=None
[2024-06-24T14:04:07.158+0300] {logging_mixin.py:188} INFO - [2024-06-24T14:04:07.158+0300] {dag.py:3954} INFO - Setting next_dagrun for example_xcom_args_with_operators to None, run_after=None
[2024-06-24T14:04:07.189+0300] {processor.py:183} INFO - Processing /home/user/rubix/internship_project/.venv/lib/python3.10/site-packages/airflow/example_dags/example_xcomargs.py took 0.076 seconds
[2024-06-24T14:05:03.594+0300] {processor.py:161} INFO - Started process (PID=23523) to work on /home/user/rubix/internship_project/.venv/lib/python3.10/site-packages/airflow/example_dags/example_xcomargs.py
[2024-06-24T14:05:03.596+0300] {processor.py:830} INFO - Processing file /home/user/rubix/internship_project/.venv/lib/python3.10/site-packages/airflow/example_dags/example_xcomargs.py for tasks to queue
[2024-06-24T14:05:03.597+0300] {logging_mixin.py:188} INFO - [2024-06-24T14:05:03.597+0300] {dagbag.py:545} INFO - Filling up the DagBag from /home/user/rubix/internship_project/.venv/lib/python3.10/site-packages/airflow/example_dags/example_xcomargs.py
[2024-06-24T14:05:03.616+0300] {processor.py:840} INFO - DAG(s) 'example_xcom_args_with_operators', 'example_xcom_args' retrieved from /home/user/rubix/internship_project/.venv/lib/python3.10/site-packages/airflow/example_dags/example_xcomargs.py
[2024-06-24T14:05:03.817+0300] {logging_mixin.py:188} INFO - [2024-06-24T14:05:03.817+0300] {dag.py:3096} INFO - Sync 2 DAGs
[2024-06-24T14:05:03.824+0300] {logging_mixin.py:188} INFO - [2024-06-24T14:05:03.823+0300] {dag.py:3954} INFO - Setting next_dagrun for example_xcom_args to None, run_after=None
[2024-06-24T14:05:03.826+0300] {logging_mixin.py:188} INFO - [2024-06-24T14:05:03.825+0300] {dag.py:3954} INFO - Setting next_dagrun for example_xcom_args_with_operators to None, run_after=None
[2024-06-24T14:05:03.846+0300] {processor.py:183} INFO - Processing /home/user/rubix/internship_project/.venv/lib/python3.10/site-packages/airflow/example_dags/example_xcomargs.py took 0.259 seconds
[2024-06-24T14:06:05.803+0300] {processor.py:161} INFO - Started process (PID=24036) to work on /home/user/rubix/internship_project/.venv/lib/python3.10/site-packages/airflow/example_dags/example_xcomargs.py
[2024-06-24T14:06:05.804+0300] {processor.py:830} INFO - Processing file /home/user/rubix/internship_project/.venv/lib/python3.10/site-packages/airflow/example_dags/example_xcomargs.py for tasks to queue
[2024-06-24T14:06:05.806+0300] {logging_mixin.py:188} INFO - [2024-06-24T14:06:05.806+0300] {dagbag.py:545} INFO - Filling up the DagBag from /home/user/rubix/internship_project/.venv/lib/python3.10/site-packages/airflow/example_dags/example_xcomargs.py
[2024-06-24T14:06:05.816+0300] {processor.py:840} INFO - DAG(s) 'example_xcom_args_with_operators', 'example_xcom_args' retrieved from /home/user/rubix/internship_project/.venv/lib/python3.10/site-packages/airflow/example_dags/example_xcomargs.py
[2024-06-24T14:06:05.835+0300] {logging_mixin.py:188} INFO - [2024-06-24T14:06:05.834+0300] {dag.py:3096} INFO - Sync 2 DAGs
[2024-06-24T14:06:05.844+0300] {logging_mixin.py:188} INFO - [2024-06-24T14:06:05.844+0300] {dag.py:3954} INFO - Setting next_dagrun for example_xcom_args to None, run_after=None
[2024-06-24T14:06:05.847+0300] {logging_mixin.py:188} INFO - [2024-06-24T14:06:05.847+0300] {dag.py:3954} INFO - Setting next_dagrun for example_xcom_args_with_operators to None, run_after=None
[2024-06-24T14:06:05.967+0300] {processor.py:183} INFO - Processing /home/user/rubix/internship_project/.venv/lib/python3.10/site-packages/airflow/example_dags/example_xcomargs.py took 0.171 seconds
[2024-06-24T14:07:01.632+0300] {processor.py:161} INFO - Started process (PID=24244) to work on /home/user/rubix/internship_project/.venv/lib/python3.10/site-packages/airflow/example_dags/example_xcomargs.py
[2024-06-24T14:07:01.633+0300] {processor.py:830} INFO - Processing file /home/user/rubix/internship_project/.venv/lib/python3.10/site-packages/airflow/example_dags/example_xcomargs.py for tasks to queue
[2024-06-24T14:07:01.636+0300] {logging_mixin.py:188} INFO - [2024-06-24T14:07:01.635+0300] {dagbag.py:545} INFO - Filling up the DagBag from /home/user/rubix/internship_project/.venv/lib/python3.10/site-packages/airflow/example_dags/example_xcomargs.py
[2024-06-24T14:07:01.653+0300] {processor.py:840} INFO - DAG(s) 'example_xcom_args', 'example_xcom_args_with_operators' retrieved from /home/user/rubix/internship_project/.venv/lib/python3.10/site-packages/airflow/example_dags/example_xcomargs.py
[2024-06-24T14:07:01.695+0300] {logging_mixin.py:188} INFO - [2024-06-24T14:07:01.694+0300] {dag.py:3096} INFO - Sync 2 DAGs
[2024-06-24T14:07:01.707+0300] {logging_mixin.py:188} INFO - [2024-06-24T14:07:01.707+0300] {dag.py:3954} INFO - Setting next_dagrun for example_xcom_args to None, run_after=None
[2024-06-24T14:07:01.711+0300] {logging_mixin.py:188} INFO - [2024-06-24T14:07:01.711+0300] {dag.py:3954} INFO - Setting next_dagrun for example_xcom_args_with_operators to None, run_after=None
[2024-06-24T14:07:01.743+0300] {processor.py:183} INFO - Processing /home/user/rubix/internship_project/.venv/lib/python3.10/site-packages/airflow/example_dags/example_xcomargs.py took 0.128 seconds
[2024-06-24T14:07:49.397+0300] {processor.py:161} INFO - Started process (PID=24468) to work on /home/user/rubix/internship_project/.venv/lib/python3.10/site-packages/airflow/example_dags/example_xcomargs.py
[2024-06-24T14:07:49.398+0300] {processor.py:830} INFO - Processing file /home/user/rubix/internship_project/.venv/lib/python3.10/site-packages/airflow/example_dags/example_xcomargs.py for tasks to queue
[2024-06-24T14:07:49.400+0300] {logging_mixin.py:188} INFO - [2024-06-24T14:07:49.399+0300] {dagbag.py:545} INFO - Filling up the DagBag from /home/user/rubix/internship_project/.venv/lib/python3.10/site-packages/airflow/example_dags/example_xcomargs.py
[2024-06-24T14:07:49.409+0300] {processor.py:840} INFO - DAG(s) 'example_xcom_args_with_operators', 'example_xcom_args' retrieved from /home/user/rubix/internship_project/.venv/lib/python3.10/site-packages/airflow/example_dags/example_xcomargs.py
[2024-06-24T14:07:49.427+0300] {logging_mixin.py:188} INFO - [2024-06-24T14:07:49.427+0300] {dag.py:3096} INFO - Sync 2 DAGs
[2024-06-24T14:07:49.436+0300] {logging_mixin.py:188} INFO - [2024-06-24T14:07:49.436+0300] {dag.py:3954} INFO - Setting next_dagrun for example_xcom_args to None, run_after=None
[2024-06-24T14:07:49.439+0300] {logging_mixin.py:188} INFO - [2024-06-24T14:07:49.439+0300] {dag.py:3954} INFO - Setting next_dagrun for example_xcom_args_with_operators to None, run_after=None
[2024-06-24T14:07:49.468+0300] {processor.py:183} INFO - Processing /home/user/rubix/internship_project/.venv/lib/python3.10/site-packages/airflow/example_dags/example_xcomargs.py took 0.078 seconds
[2024-06-24T14:08:35.484+0300] {processor.py:161} INFO - Started process (PID=24752) to work on /home/user/rubix/internship_project/.venv/lib/python3.10/site-packages/airflow/example_dags/example_xcomargs.py
[2024-06-24T14:08:35.485+0300] {processor.py:830} INFO - Processing file /home/user/rubix/internship_project/.venv/lib/python3.10/site-packages/airflow/example_dags/example_xcomargs.py for tasks to queue
[2024-06-24T14:08:35.487+0300] {logging_mixin.py:188} INFO - [2024-06-24T14:08:35.487+0300] {dagbag.py:545} INFO - Filling up the DagBag from /home/user/rubix/internship_project/.venv/lib/python3.10/site-packages/airflow/example_dags/example_xcomargs.py
[2024-06-24T14:08:35.498+0300] {processor.py:840} INFO - DAG(s) 'example_xcom_args_with_operators', 'example_xcom_args' retrieved from /home/user/rubix/internship_project/.venv/lib/python3.10/site-packages/airflow/example_dags/example_xcomargs.py
[2024-06-24T14:08:35.524+0300] {logging_mixin.py:188} INFO - [2024-06-24T14:08:35.524+0300] {dag.py:3096} INFO - Sync 2 DAGs
[2024-06-24T14:08:35.535+0300] {logging_mixin.py:188} INFO - [2024-06-24T14:08:35.535+0300] {dag.py:3954} INFO - Setting next_dagrun for example_xcom_args to None, run_after=None
[2024-06-24T14:08:35.537+0300] {logging_mixin.py:188} INFO - [2024-06-24T14:08:35.537+0300] {dag.py:3954} INFO - Setting next_dagrun for example_xcom_args_with_operators to None, run_after=None
[2024-06-24T14:08:35.566+0300] {processor.py:183} INFO - Processing /home/user/rubix/internship_project/.venv/lib/python3.10/site-packages/airflow/example_dags/example_xcomargs.py took 0.090 seconds
[2024-06-24T14:09:21.465+0300] {processor.py:161} INFO - Started process (PID=25073) to work on /home/user/rubix/internship_project/.venv/lib/python3.10/site-packages/airflow/example_dags/example_xcomargs.py
[2024-06-24T14:09:21.466+0300] {processor.py:830} INFO - Processing file /home/user/rubix/internship_project/.venv/lib/python3.10/site-packages/airflow/example_dags/example_xcomargs.py for tasks to queue
[2024-06-24T14:09:21.468+0300] {logging_mixin.py:188} INFO - [2024-06-24T14:09:21.468+0300] {dagbag.py:545} INFO - Filling up the DagBag from /home/user/rubix/internship_project/.venv/lib/python3.10/site-packages/airflow/example_dags/example_xcomargs.py
[2024-06-24T14:09:21.480+0300] {processor.py:840} INFO - DAG(s) 'example_xcom_args', 'example_xcom_args_with_operators' retrieved from /home/user/rubix/internship_project/.venv/lib/python3.10/site-packages/airflow/example_dags/example_xcomargs.py
[2024-06-24T14:09:21.503+0300] {logging_mixin.py:188} INFO - [2024-06-24T14:09:21.502+0300] {dag.py:3096} INFO - Sync 2 DAGs
[2024-06-24T14:09:21.514+0300] {logging_mixin.py:188} INFO - [2024-06-24T14:09:21.514+0300] {dag.py:3954} INFO - Setting next_dagrun for example_xcom_args to None, run_after=None
[2024-06-24T14:09:21.517+0300] {logging_mixin.py:188} INFO - [2024-06-24T14:09:21.517+0300] {dag.py:3954} INFO - Setting next_dagrun for example_xcom_args_with_operators to None, run_after=None
[2024-06-24T14:09:21.549+0300] {processor.py:183} INFO - Processing /home/user/rubix/internship_project/.venv/lib/python3.10/site-packages/airflow/example_dags/example_xcomargs.py took 0.093 seconds
[2024-06-24T14:10:05.666+0300] {processor.py:161} INFO - Started process (PID=25397) to work on /home/user/rubix/internship_project/.venv/lib/python3.10/site-packages/airflow/example_dags/example_xcomargs.py
[2024-06-24T14:10:05.668+0300] {processor.py:830} INFO - Processing file /home/user/rubix/internship_project/.venv/lib/python3.10/site-packages/airflow/example_dags/example_xcomargs.py for tasks to queue
[2024-06-24T14:10:05.670+0300] {logging_mixin.py:188} INFO - [2024-06-24T14:10:05.669+0300] {dagbag.py:545} INFO - Filling up the DagBag from /home/user/rubix/internship_project/.venv/lib/python3.10/site-packages/airflow/example_dags/example_xcomargs.py
[2024-06-24T14:10:05.680+0300] {processor.py:840} INFO - DAG(s) 'example_xcom_args', 'example_xcom_args_with_operators' retrieved from /home/user/rubix/internship_project/.venv/lib/python3.10/site-packages/airflow/example_dags/example_xcomargs.py
[2024-06-24T14:10:05.702+0300] {logging_mixin.py:188} INFO - [2024-06-24T14:10:05.702+0300] {dag.py:3096} INFO - Sync 2 DAGs
[2024-06-24T14:10:05.717+0300] {logging_mixin.py:188} INFO - [2024-06-24T14:10:05.717+0300] {dag.py:3954} INFO - Setting next_dagrun for example_xcom_args to None, run_after=None
[2024-06-24T14:10:05.720+0300] {logging_mixin.py:188} INFO - [2024-06-24T14:10:05.720+0300] {dag.py:3954} INFO - Setting next_dagrun for example_xcom_args_with_operators to None, run_after=None
[2024-06-24T14:10:05.749+0300] {processor.py:183} INFO - Processing /home/user/rubix/internship_project/.venv/lib/python3.10/site-packages/airflow/example_dags/example_xcomargs.py took 0.092 seconds
[2024-06-24T14:10:50.719+0300] {processor.py:161} INFO - Started process (PID=25610) to work on /home/user/rubix/internship_project/.venv/lib/python3.10/site-packages/airflow/example_dags/example_xcomargs.py
[2024-06-24T14:10:50.721+0300] {processor.py:830} INFO - Processing file /home/user/rubix/internship_project/.venv/lib/python3.10/site-packages/airflow/example_dags/example_xcomargs.py for tasks to queue
[2024-06-24T14:10:50.722+0300] {logging_mixin.py:188} INFO - [2024-06-24T14:10:50.722+0300] {dagbag.py:545} INFO - Filling up the DagBag from /home/user/rubix/internship_project/.venv/lib/python3.10/site-packages/airflow/example_dags/example_xcomargs.py
[2024-06-24T14:10:50.731+0300] {processor.py:840} INFO - DAG(s) 'example_xcom_args', 'example_xcom_args_with_operators' retrieved from /home/user/rubix/internship_project/.venv/lib/python3.10/site-packages/airflow/example_dags/example_xcomargs.py
[2024-06-24T14:10:50.751+0300] {logging_mixin.py:188} INFO - [2024-06-24T14:10:50.751+0300] {dag.py:3096} INFO - Sync 2 DAGs
[2024-06-24T14:10:50.763+0300] {logging_mixin.py:188} INFO - [2024-06-24T14:10:50.762+0300] {dag.py:3954} INFO - Setting next_dagrun for example_xcom_args to None, run_after=None
[2024-06-24T14:10:50.765+0300] {logging_mixin.py:188} INFO - [2024-06-24T14:10:50.765+0300] {dag.py:3954} INFO - Setting next_dagrun for example_xcom_args_with_operators to None, run_after=None
[2024-06-24T14:10:50.797+0300] {processor.py:183} INFO - Processing /home/user/rubix/internship_project/.venv/lib/python3.10/site-packages/airflow/example_dags/example_xcomargs.py took 0.086 seconds
[2024-06-24T14:11:36.180+0300] {processor.py:161} INFO - Started process (PID=25918) to work on /home/user/rubix/internship_project/.venv/lib/python3.10/site-packages/airflow/example_dags/example_xcomargs.py
[2024-06-24T14:11:36.181+0300] {processor.py:830} INFO - Processing file /home/user/rubix/internship_project/.venv/lib/python3.10/site-packages/airflow/example_dags/example_xcomargs.py for tasks to queue
[2024-06-24T14:11:36.183+0300] {logging_mixin.py:188} INFO - [2024-06-24T14:11:36.183+0300] {dagbag.py:545} INFO - Filling up the DagBag from /home/user/rubix/internship_project/.venv/lib/python3.10/site-packages/airflow/example_dags/example_xcomargs.py
[2024-06-24T14:11:36.194+0300] {processor.py:840} INFO - DAG(s) 'example_xcom_args_with_operators', 'example_xcom_args' retrieved from /home/user/rubix/internship_project/.venv/lib/python3.10/site-packages/airflow/example_dags/example_xcomargs.py
[2024-06-24T14:11:36.212+0300] {logging_mixin.py:188} INFO - [2024-06-24T14:11:36.212+0300] {dag.py:3096} INFO - Sync 2 DAGs
[2024-06-24T14:11:36.222+0300] {logging_mixin.py:188} INFO - [2024-06-24T14:11:36.221+0300] {dag.py:3954} INFO - Setting next_dagrun for example_xcom_args to None, run_after=None
[2024-06-24T14:11:36.225+0300] {logging_mixin.py:188} INFO - [2024-06-24T14:11:36.225+0300] {dag.py:3954} INFO - Setting next_dagrun for example_xcom_args_with_operators to None, run_after=None
[2024-06-24T14:11:36.259+0300] {processor.py:183} INFO - Processing /home/user/rubix/internship_project/.venv/lib/python3.10/site-packages/airflow/example_dags/example_xcomargs.py took 0.087 seconds
[2024-06-24T14:12:19.310+0300] {processor.py:161} INFO - Started process (PID=26111) to work on /home/user/rubix/internship_project/.venv/lib/python3.10/site-packages/airflow/example_dags/example_xcomargs.py
[2024-06-24T14:12:19.311+0300] {processor.py:830} INFO - Processing file /home/user/rubix/internship_project/.venv/lib/python3.10/site-packages/airflow/example_dags/example_xcomargs.py for tasks to queue
[2024-06-24T14:12:19.314+0300] {logging_mixin.py:188} INFO - [2024-06-24T14:12:19.313+0300] {dagbag.py:545} INFO - Filling up the DagBag from /home/user/rubix/internship_project/.venv/lib/python3.10/site-packages/airflow/example_dags/example_xcomargs.py
[2024-06-24T14:12:19.325+0300] {processor.py:840} INFO - DAG(s) 'example_xcom_args', 'example_xcom_args_with_operators' retrieved from /home/user/rubix/internship_project/.venv/lib/python3.10/site-packages/airflow/example_dags/example_xcomargs.py
[2024-06-24T14:12:19.347+0300] {logging_mixin.py:188} INFO - [2024-06-24T14:12:19.347+0300] {dag.py:3096} INFO - Sync 2 DAGs
[2024-06-24T14:12:19.358+0300] {logging_mixin.py:188} INFO - [2024-06-24T14:12:19.358+0300] {dag.py:3954} INFO - Setting next_dagrun for example_xcom_args to None, run_after=None
[2024-06-24T14:12:19.361+0300] {logging_mixin.py:188} INFO - [2024-06-24T14:12:19.361+0300] {dag.py:3954} INFO - Setting next_dagrun for example_xcom_args_with_operators to None, run_after=None
[2024-06-24T14:12:19.381+0300] {processor.py:183} INFO - Processing /home/user/rubix/internship_project/.venv/lib/python3.10/site-packages/airflow/example_dags/example_xcomargs.py took 0.082 seconds
[2024-06-24T14:13:06.064+0300] {processor.py:161} INFO - Started process (PID=26266) to work on /home/user/rubix/internship_project/.venv/lib/python3.10/site-packages/airflow/example_dags/example_xcomargs.py
[2024-06-24T14:13:06.065+0300] {processor.py:830} INFO - Processing file /home/user/rubix/internship_project/.venv/lib/python3.10/site-packages/airflow/example_dags/example_xcomargs.py for tasks to queue
[2024-06-24T14:13:06.067+0300] {logging_mixin.py:188} INFO - [2024-06-24T14:13:06.066+0300] {dagbag.py:545} INFO - Filling up the DagBag from /home/user/rubix/internship_project/.venv/lib/python3.10/site-packages/airflow/example_dags/example_xcomargs.py
[2024-06-24T14:13:06.085+0300] {processor.py:840} INFO - DAG(s) 'example_xcom_args_with_operators', 'example_xcom_args' retrieved from /home/user/rubix/internship_project/.venv/lib/python3.10/site-packages/airflow/example_dags/example_xcomargs.py
[2024-06-24T14:13:06.102+0300] {logging_mixin.py:188} INFO - [2024-06-24T14:13:06.102+0300] {dag.py:3096} INFO - Sync 2 DAGs
[2024-06-24T14:13:06.113+0300] {logging_mixin.py:188} INFO - [2024-06-24T14:13:06.112+0300] {dag.py:3954} INFO - Setting next_dagrun for example_xcom_args to None, run_after=None
[2024-06-24T14:13:06.115+0300] {logging_mixin.py:188} INFO - [2024-06-24T14:13:06.115+0300] {dag.py:3954} INFO - Setting next_dagrun for example_xcom_args_with_operators to None, run_after=None
[2024-06-24T14:13:06.145+0300] {processor.py:183} INFO - Processing /home/user/rubix/internship_project/.venv/lib/python3.10/site-packages/airflow/example_dags/example_xcomargs.py took 0.089 seconds
[2024-06-24T14:13:58.983+0300] {processor.py:161} INFO - Started process (PID=26494) to work on /home/user/rubix/internship_project/.venv/lib/python3.10/site-packages/airflow/example_dags/example_xcomargs.py
[2024-06-24T14:13:58.984+0300] {processor.py:830} INFO - Processing file /home/user/rubix/internship_project/.venv/lib/python3.10/site-packages/airflow/example_dags/example_xcomargs.py for tasks to queue
[2024-06-24T14:13:58.986+0300] {logging_mixin.py:188} INFO - [2024-06-24T14:13:58.986+0300] {dagbag.py:545} INFO - Filling up the DagBag from /home/user/rubix/internship_project/.venv/lib/python3.10/site-packages/airflow/example_dags/example_xcomargs.py
[2024-06-24T14:13:58.996+0300] {processor.py:840} INFO - DAG(s) 'example_xcom_args_with_operators', 'example_xcom_args' retrieved from /home/user/rubix/internship_project/.venv/lib/python3.10/site-packages/airflow/example_dags/example_xcomargs.py
[2024-06-24T14:13:59.017+0300] {logging_mixin.py:188} INFO - [2024-06-24T14:13:59.017+0300] {dag.py:3096} INFO - Sync 2 DAGs
[2024-06-24T14:13:59.028+0300] {logging_mixin.py:188} INFO - [2024-06-24T14:13:59.027+0300] {dag.py:3954} INFO - Setting next_dagrun for example_xcom_args to None, run_after=None
[2024-06-24T14:13:59.030+0300] {logging_mixin.py:188} INFO - [2024-06-24T14:13:59.030+0300] {dag.py:3954} INFO - Setting next_dagrun for example_xcom_args_with_operators to None, run_after=None
[2024-06-24T14:13:59.060+0300] {processor.py:183} INFO - Processing /home/user/rubix/internship_project/.venv/lib/python3.10/site-packages/airflow/example_dags/example_xcomargs.py took 0.085 seconds
[2024-06-24T14:14:42.767+0300] {processor.py:161} INFO - Started process (PID=26739) to work on /home/user/rubix/internship_project/.venv/lib/python3.10/site-packages/airflow/example_dags/example_xcomargs.py
[2024-06-24T14:14:42.768+0300] {processor.py:830} INFO - Processing file /home/user/rubix/internship_project/.venv/lib/python3.10/site-packages/airflow/example_dags/example_xcomargs.py for tasks to queue
[2024-06-24T14:14:42.770+0300] {logging_mixin.py:188} INFO - [2024-06-24T14:14:42.769+0300] {dagbag.py:545} INFO - Filling up the DagBag from /home/user/rubix/internship_project/.venv/lib/python3.10/site-packages/airflow/example_dags/example_xcomargs.py
[2024-06-24T14:14:42.779+0300] {processor.py:840} INFO - DAG(s) 'example_xcom_args_with_operators', 'example_xcom_args' retrieved from /home/user/rubix/internship_project/.venv/lib/python3.10/site-packages/airflow/example_dags/example_xcomargs.py
[2024-06-24T14:14:42.796+0300] {logging_mixin.py:188} INFO - [2024-06-24T14:14:42.796+0300] {dag.py:3096} INFO - Sync 2 DAGs
[2024-06-24T14:14:42.806+0300] {logging_mixin.py:188} INFO - [2024-06-24T14:14:42.805+0300] {dag.py:3954} INFO - Setting next_dagrun for example_xcom_args to None, run_after=None
[2024-06-24T14:14:42.808+0300] {logging_mixin.py:188} INFO - [2024-06-24T14:14:42.808+0300] {dag.py:3954} INFO - Setting next_dagrun for example_xcom_args_with_operators to None, run_after=None
[2024-06-24T14:14:42.835+0300] {processor.py:183} INFO - Processing /home/user/rubix/internship_project/.venv/lib/python3.10/site-packages/airflow/example_dags/example_xcomargs.py took 0.076 seconds
[2024-06-24T14:15:25.196+0300] {processor.py:161} INFO - Started process (PID=26891) to work on /home/user/rubix/internship_project/.venv/lib/python3.10/site-packages/airflow/example_dags/example_xcomargs.py
[2024-06-24T14:15:25.197+0300] {processor.py:830} INFO - Processing file /home/user/rubix/internship_project/.venv/lib/python3.10/site-packages/airflow/example_dags/example_xcomargs.py for tasks to queue
[2024-06-24T14:15:25.199+0300] {logging_mixin.py:188} INFO - [2024-06-24T14:15:25.198+0300] {dagbag.py:545} INFO - Filling up the DagBag from /home/user/rubix/internship_project/.venv/lib/python3.10/site-packages/airflow/example_dags/example_xcomargs.py
[2024-06-24T14:15:25.208+0300] {processor.py:840} INFO - DAG(s) 'example_xcom_args_with_operators', 'example_xcom_args' retrieved from /home/user/rubix/internship_project/.venv/lib/python3.10/site-packages/airflow/example_dags/example_xcomargs.py
[2024-06-24T14:15:25.226+0300] {logging_mixin.py:188} INFO - [2024-06-24T14:15:25.225+0300] {dag.py:3096} INFO - Sync 2 DAGs
[2024-06-24T14:15:25.235+0300] {logging_mixin.py:188} INFO - [2024-06-24T14:15:25.235+0300] {dag.py:3954} INFO - Setting next_dagrun for example_xcom_args to None, run_after=None
[2024-06-24T14:15:25.237+0300] {logging_mixin.py:188} INFO - [2024-06-24T14:15:25.237+0300] {dag.py:3954} INFO - Setting next_dagrun for example_xcom_args_with_operators to None, run_after=None
[2024-06-24T14:15:25.268+0300] {processor.py:183} INFO - Processing /home/user/rubix/internship_project/.venv/lib/python3.10/site-packages/airflow/example_dags/example_xcomargs.py took 0.079 seconds
[2024-06-24T14:16:06.999+0300] {processor.py:161} INFO - Started process (PID=27042) to work on /home/user/rubix/internship_project/.venv/lib/python3.10/site-packages/airflow/example_dags/example_xcomargs.py
[2024-06-24T14:16:07.000+0300] {processor.py:830} INFO - Processing file /home/user/rubix/internship_project/.venv/lib/python3.10/site-packages/airflow/example_dags/example_xcomargs.py for tasks to queue
[2024-06-24T14:16:07.001+0300] {logging_mixin.py:188} INFO - [2024-06-24T14:16:07.001+0300] {dagbag.py:545} INFO - Filling up the DagBag from /home/user/rubix/internship_project/.venv/lib/python3.10/site-packages/airflow/example_dags/example_xcomargs.py
[2024-06-24T14:16:07.012+0300] {processor.py:840} INFO - DAG(s) 'example_xcom_args', 'example_xcom_args_with_operators' retrieved from /home/user/rubix/internship_project/.venv/lib/python3.10/site-packages/airflow/example_dags/example_xcomargs.py
[2024-06-24T14:16:07.032+0300] {logging_mixin.py:188} INFO - [2024-06-24T14:16:07.031+0300] {dag.py:3096} INFO - Sync 2 DAGs
[2024-06-24T14:16:07.042+0300] {logging_mixin.py:188} INFO - [2024-06-24T14:16:07.042+0300] {dag.py:3954} INFO - Setting next_dagrun for example_xcom_args to None, run_after=None
[2024-06-24T14:16:07.045+0300] {logging_mixin.py:188} INFO - [2024-06-24T14:16:07.045+0300] {dag.py:3954} INFO - Setting next_dagrun for example_xcom_args_with_operators to None, run_after=None
[2024-06-24T14:16:07.097+0300] {processor.py:183} INFO - Processing /home/user/rubix/internship_project/.venv/lib/python3.10/site-packages/airflow/example_dags/example_xcomargs.py took 0.107 seconds
[2024-06-24T14:16:46.898+0300] {processor.py:161} INFO - Started process (PID=27129) to work on /home/user/rubix/internship_project/.venv/lib/python3.10/site-packages/airflow/example_dags/example_xcomargs.py
[2024-06-24T14:16:46.899+0300] {processor.py:830} INFO - Processing file /home/user/rubix/internship_project/.venv/lib/python3.10/site-packages/airflow/example_dags/example_xcomargs.py for tasks to queue
[2024-06-24T14:16:46.901+0300] {logging_mixin.py:188} INFO - [2024-06-24T14:16:46.901+0300] {dagbag.py:545} INFO - Filling up the DagBag from /home/user/rubix/internship_project/.venv/lib/python3.10/site-packages/airflow/example_dags/example_xcomargs.py
[2024-06-24T14:16:46.912+0300] {processor.py:840} INFO - DAG(s) 'example_xcom_args_with_operators', 'example_xcom_args' retrieved from /home/user/rubix/internship_project/.venv/lib/python3.10/site-packages/airflow/example_dags/example_xcomargs.py
[2024-06-24T14:16:46.932+0300] {logging_mixin.py:188} INFO - [2024-06-24T14:16:46.932+0300] {dag.py:3096} INFO - Sync 2 DAGs
[2024-06-24T14:16:46.942+0300] {logging_mixin.py:188} INFO - [2024-06-24T14:16:46.942+0300] {dag.py:3954} INFO - Setting next_dagrun for example_xcom_args to None, run_after=None
[2024-06-24T14:16:46.945+0300] {logging_mixin.py:188} INFO - [2024-06-24T14:16:46.944+0300] {dag.py:3954} INFO - Setting next_dagrun for example_xcom_args_with_operators to None, run_after=None
[2024-06-24T14:16:46.974+0300] {processor.py:183} INFO - Processing /home/user/rubix/internship_project/.venv/lib/python3.10/site-packages/airflow/example_dags/example_xcomargs.py took 0.084 seconds
[2024-06-24T14:17:25.726+0300] {processor.py:161} INFO - Started process (PID=27273) to work on /home/user/rubix/internship_project/.venv/lib/python3.10/site-packages/airflow/example_dags/example_xcomargs.py
[2024-06-24T14:17:25.727+0300] {processor.py:830} INFO - Processing file /home/user/rubix/internship_project/.venv/lib/python3.10/site-packages/airflow/example_dags/example_xcomargs.py for tasks to queue
[2024-06-24T14:17:25.728+0300] {logging_mixin.py:188} INFO - [2024-06-24T14:17:25.728+0300] {dagbag.py:545} INFO - Filling up the DagBag from /home/user/rubix/internship_project/.venv/lib/python3.10/site-packages/airflow/example_dags/example_xcomargs.py
[2024-06-24T14:17:25.737+0300] {processor.py:840} INFO - DAG(s) 'example_xcom_args_with_operators', 'example_xcom_args' retrieved from /home/user/rubix/internship_project/.venv/lib/python3.10/site-packages/airflow/example_dags/example_xcomargs.py
[2024-06-24T14:17:25.755+0300] {logging_mixin.py:188} INFO - [2024-06-24T14:17:25.755+0300] {dag.py:3096} INFO - Sync 2 DAGs
[2024-06-24T14:17:25.768+0300] {logging_mixin.py:188} INFO - [2024-06-24T14:17:25.768+0300] {dag.py:3954} INFO - Setting next_dagrun for example_xcom_args to None, run_after=None
[2024-06-24T14:17:25.770+0300] {logging_mixin.py:188} INFO - [2024-06-24T14:17:25.770+0300] {dag.py:3954} INFO - Setting next_dagrun for example_xcom_args_with_operators to None, run_after=None
[2024-06-24T14:17:25.797+0300] {processor.py:183} INFO - Processing /home/user/rubix/internship_project/.venv/lib/python3.10/site-packages/airflow/example_dags/example_xcomargs.py took 0.079 seconds
[2024-06-24T14:18:12.065+0300] {processor.py:161} INFO - Started process (PID=27429) to work on /home/user/rubix/internship_project/.venv/lib/python3.10/site-packages/airflow/example_dags/example_xcomargs.py
[2024-06-24T14:18:12.066+0300] {processor.py:830} INFO - Processing file /home/user/rubix/internship_project/.venv/lib/python3.10/site-packages/airflow/example_dags/example_xcomargs.py for tasks to queue
[2024-06-24T14:18:12.069+0300] {logging_mixin.py:188} INFO - [2024-06-24T14:18:12.068+0300] {dagbag.py:545} INFO - Filling up the DagBag from /home/user/rubix/internship_project/.venv/lib/python3.10/site-packages/airflow/example_dags/example_xcomargs.py
[2024-06-24T14:18:12.095+0300] {processor.py:840} INFO - DAG(s) 'example_xcom_args', 'example_xcom_args_with_operators' retrieved from /home/user/rubix/internship_project/.venv/lib/python3.10/site-packages/airflow/example_dags/example_xcomargs.py
[2024-06-24T14:18:12.114+0300] {logging_mixin.py:188} INFO - [2024-06-24T14:18:12.114+0300] {dag.py:3096} INFO - Sync 2 DAGs
[2024-06-24T14:18:12.123+0300] {logging_mixin.py:188} INFO - [2024-06-24T14:18:12.123+0300] {dag.py:3954} INFO - Setting next_dagrun for example_xcom_args to None, run_after=None
[2024-06-24T14:18:12.126+0300] {logging_mixin.py:188} INFO - [2024-06-24T14:18:12.126+0300] {dag.py:3954} INFO - Setting next_dagrun for example_xcom_args_with_operators to None, run_after=None
[2024-06-24T14:18:12.155+0300] {processor.py:183} INFO - Processing /home/user/rubix/internship_project/.venv/lib/python3.10/site-packages/airflow/example_dags/example_xcomargs.py took 0.101 seconds
[2024-06-24T14:19:08.200+0300] {processor.py:161} INFO - Started process (PID=27666) to work on /home/user/rubix/internship_project/.venv/lib/python3.10/site-packages/airflow/example_dags/example_xcomargs.py
[2024-06-24T14:19:08.201+0300] {processor.py:830} INFO - Processing file /home/user/rubix/internship_project/.venv/lib/python3.10/site-packages/airflow/example_dags/example_xcomargs.py for tasks to queue
[2024-06-24T14:19:08.202+0300] {logging_mixin.py:188} INFO - [2024-06-24T14:19:08.202+0300] {dagbag.py:545} INFO - Filling up the DagBag from /home/user/rubix/internship_project/.venv/lib/python3.10/site-packages/airflow/example_dags/example_xcomargs.py
[2024-06-24T14:19:08.213+0300] {processor.py:840} INFO - DAG(s) 'example_xcom_args_with_operators', 'example_xcom_args' retrieved from /home/user/rubix/internship_project/.venv/lib/python3.10/site-packages/airflow/example_dags/example_xcomargs.py
[2024-06-24T14:19:08.234+0300] {logging_mixin.py:188} INFO - [2024-06-24T14:19:08.233+0300] {dag.py:3096} INFO - Sync 2 DAGs
[2024-06-24T14:19:08.247+0300] {logging_mixin.py:188} INFO - [2024-06-24T14:19:08.246+0300] {dag.py:3954} INFO - Setting next_dagrun for example_xcom_args to None, run_after=None
[2024-06-24T14:19:08.249+0300] {logging_mixin.py:188} INFO - [2024-06-24T14:19:08.249+0300] {dag.py:3954} INFO - Setting next_dagrun for example_xcom_args_with_operators to None, run_after=None
[2024-06-24T14:19:08.282+0300] {processor.py:183} INFO - Processing /home/user/rubix/internship_project/.venv/lib/python3.10/site-packages/airflow/example_dags/example_xcomargs.py took 0.091 seconds
[2024-06-24T14:19:51.426+0300] {processor.py:161} INFO - Started process (PID=27826) to work on /home/user/rubix/internship_project/.venv/lib/python3.10/site-packages/airflow/example_dags/example_xcomargs.py
[2024-06-24T14:19:51.427+0300] {processor.py:830} INFO - Processing file /home/user/rubix/internship_project/.venv/lib/python3.10/site-packages/airflow/example_dags/example_xcomargs.py for tasks to queue
[2024-06-24T14:19:51.429+0300] {logging_mixin.py:188} INFO - [2024-06-24T14:19:51.428+0300] {dagbag.py:545} INFO - Filling up the DagBag from /home/user/rubix/internship_project/.venv/lib/python3.10/site-packages/airflow/example_dags/example_xcomargs.py
[2024-06-24T14:19:51.438+0300] {processor.py:840} INFO - DAG(s) 'example_xcom_args', 'example_xcom_args_with_operators' retrieved from /home/user/rubix/internship_project/.venv/lib/python3.10/site-packages/airflow/example_dags/example_xcomargs.py
[2024-06-24T14:19:51.458+0300] {logging_mixin.py:188} INFO - [2024-06-24T14:19:51.458+0300] {dag.py:3096} INFO - Sync 2 DAGs
[2024-06-24T14:19:51.468+0300] {logging_mixin.py:188} INFO - [2024-06-24T14:19:51.468+0300] {dag.py:3954} INFO - Setting next_dagrun for example_xcom_args to None, run_after=None
[2024-06-24T14:19:51.470+0300] {logging_mixin.py:188} INFO - [2024-06-24T14:19:51.470+0300] {dag.py:3954} INFO - Setting next_dagrun for example_xcom_args_with_operators to None, run_after=None
[2024-06-24T14:19:51.498+0300] {processor.py:183} INFO - Processing /home/user/rubix/internship_project/.venv/lib/python3.10/site-packages/airflow/example_dags/example_xcomargs.py took 0.080 seconds
[2024-06-24T14:20:40.300+0300] {processor.py:161} INFO - Started process (PID=28234) to work on /home/user/rubix/internship_project/.venv/lib/python3.10/site-packages/airflow/example_dags/example_xcomargs.py
[2024-06-24T14:20:40.301+0300] {processor.py:830} INFO - Processing file /home/user/rubix/internship_project/.venv/lib/python3.10/site-packages/airflow/example_dags/example_xcomargs.py for tasks to queue
[2024-06-24T14:20:40.303+0300] {logging_mixin.py:188} INFO - [2024-06-24T14:20:40.303+0300] {dagbag.py:545} INFO - Filling up the DagBag from /home/user/rubix/internship_project/.venv/lib/python3.10/site-packages/airflow/example_dags/example_xcomargs.py
[2024-06-24T14:20:40.315+0300] {processor.py:840} INFO - DAG(s) 'example_xcom_args', 'example_xcom_args_with_operators' retrieved from /home/user/rubix/internship_project/.venv/lib/python3.10/site-packages/airflow/example_dags/example_xcomargs.py
[2024-06-24T14:20:40.340+0300] {logging_mixin.py:188} INFO - [2024-06-24T14:20:40.340+0300] {dag.py:3096} INFO - Sync 2 DAGs
[2024-06-24T14:20:40.352+0300] {logging_mixin.py:188} INFO - [2024-06-24T14:20:40.351+0300] {dag.py:3954} INFO - Setting next_dagrun for example_xcom_args to None, run_after=None
[2024-06-24T14:20:40.354+0300] {logging_mixin.py:188} INFO - [2024-06-24T14:20:40.354+0300] {dag.py:3954} INFO - Setting next_dagrun for example_xcom_args_with_operators to None, run_after=None
[2024-06-24T14:20:40.383+0300] {processor.py:183} INFO - Processing /home/user/rubix/internship_project/.venv/lib/python3.10/site-packages/airflow/example_dags/example_xcomargs.py took 0.091 seconds
[2024-06-24T14:21:24.614+0300] {processor.py:161} INFO - Started process (PID=28516) to work on /home/user/rubix/internship_project/.venv/lib/python3.10/site-packages/airflow/example_dags/example_xcomargs.py
[2024-06-24T14:21:24.615+0300] {processor.py:830} INFO - Processing file /home/user/rubix/internship_project/.venv/lib/python3.10/site-packages/airflow/example_dags/example_xcomargs.py for tasks to queue
[2024-06-24T14:21:24.618+0300] {logging_mixin.py:188} INFO - [2024-06-24T14:21:24.618+0300] {dagbag.py:545} INFO - Filling up the DagBag from /home/user/rubix/internship_project/.venv/lib/python3.10/site-packages/airflow/example_dags/example_xcomargs.py
[2024-06-24T14:21:24.638+0300] {processor.py:840} INFO - DAG(s) 'example_xcom_args_with_operators', 'example_xcom_args' retrieved from /home/user/rubix/internship_project/.venv/lib/python3.10/site-packages/airflow/example_dags/example_xcomargs.py
[2024-06-24T14:21:24.684+0300] {logging_mixin.py:188} INFO - [2024-06-24T14:21:24.684+0300] {dag.py:3096} INFO - Sync 2 DAGs
[2024-06-24T14:21:24.713+0300] {logging_mixin.py:188} INFO - [2024-06-24T14:21:24.712+0300] {dag.py:3954} INFO - Setting next_dagrun for example_xcom_args to None, run_after=None
[2024-06-24T14:21:24.717+0300] {logging_mixin.py:188} INFO - [2024-06-24T14:21:24.717+0300] {dag.py:3954} INFO - Setting next_dagrun for example_xcom_args_with_operators to None, run_after=None
[2024-06-24T14:21:24.763+0300] {processor.py:183} INFO - Processing /home/user/rubix/internship_project/.venv/lib/python3.10/site-packages/airflow/example_dags/example_xcomargs.py took 0.166 seconds
[2024-06-24T14:22:03.227+0300] {processor.py:161} INFO - Started process (PID=28721) to work on /home/user/rubix/internship_project/.venv/lib/python3.10/site-packages/airflow/example_dags/example_xcomargs.py
[2024-06-24T14:22:03.228+0300] {processor.py:830} INFO - Processing file /home/user/rubix/internship_project/.venv/lib/python3.10/site-packages/airflow/example_dags/example_xcomargs.py for tasks to queue
[2024-06-24T14:22:03.230+0300] {logging_mixin.py:188} INFO - [2024-06-24T14:22:03.230+0300] {dagbag.py:545} INFO - Filling up the DagBag from /home/user/rubix/internship_project/.venv/lib/python3.10/site-packages/airflow/example_dags/example_xcomargs.py
[2024-06-24T14:22:03.243+0300] {processor.py:840} INFO - DAG(s) 'example_xcom_args_with_operators', 'example_xcom_args' retrieved from /home/user/rubix/internship_project/.venv/lib/python3.10/site-packages/airflow/example_dags/example_xcomargs.py
[2024-06-24T14:22:03.262+0300] {logging_mixin.py:188} INFO - [2024-06-24T14:22:03.262+0300] {dag.py:3096} INFO - Sync 2 DAGs
[2024-06-24T14:22:03.272+0300] {logging_mixin.py:188} INFO - [2024-06-24T14:22:03.272+0300] {dag.py:3954} INFO - Setting next_dagrun for example_xcom_args to None, run_after=None
[2024-06-24T14:22:03.275+0300] {logging_mixin.py:188} INFO - [2024-06-24T14:22:03.275+0300] {dag.py:3954} INFO - Setting next_dagrun for example_xcom_args_with_operators to None, run_after=None
[2024-06-24T14:22:03.302+0300] {processor.py:183} INFO - Processing /home/user/rubix/internship_project/.venv/lib/python3.10/site-packages/airflow/example_dags/example_xcomargs.py took 0.086 seconds
[2024-06-24T14:22:41.515+0300] {processor.py:161} INFO - Started process (PID=28803) to work on /home/user/rubix/internship_project/.venv/lib/python3.10/site-packages/airflow/example_dags/example_xcomargs.py
[2024-06-24T14:22:41.516+0300] {processor.py:830} INFO - Processing file /home/user/rubix/internship_project/.venv/lib/python3.10/site-packages/airflow/example_dags/example_xcomargs.py for tasks to queue
[2024-06-24T14:22:41.518+0300] {logging_mixin.py:188} INFO - [2024-06-24T14:22:41.517+0300] {dagbag.py:545} INFO - Filling up the DagBag from /home/user/rubix/internship_project/.venv/lib/python3.10/site-packages/airflow/example_dags/example_xcomargs.py
[2024-06-24T14:22:41.529+0300] {processor.py:840} INFO - DAG(s) 'example_xcom_args_with_operators', 'example_xcom_args' retrieved from /home/user/rubix/internship_project/.venv/lib/python3.10/site-packages/airflow/example_dags/example_xcomargs.py
[2024-06-24T14:22:41.549+0300] {logging_mixin.py:188} INFO - [2024-06-24T14:22:41.549+0300] {dag.py:3096} INFO - Sync 2 DAGs
[2024-06-24T14:22:41.560+0300] {logging_mixin.py:188} INFO - [2024-06-24T14:22:41.559+0300] {dag.py:3954} INFO - Setting next_dagrun for example_xcom_args to None, run_after=None
[2024-06-24T14:22:41.562+0300] {logging_mixin.py:188} INFO - [2024-06-24T14:22:41.562+0300] {dag.py:3954} INFO - Setting next_dagrun for example_xcom_args_with_operators to None, run_after=None
[2024-06-24T14:22:41.591+0300] {processor.py:183} INFO - Processing /home/user/rubix/internship_project/.venv/lib/python3.10/site-packages/airflow/example_dags/example_xcomargs.py took 0.085 seconds
[2024-06-24T14:23:26.580+0300] {processor.py:161} INFO - Started process (PID=28997) to work on /home/user/rubix/internship_project/.venv/lib/python3.10/site-packages/airflow/example_dags/example_xcomargs.py
[2024-06-24T14:23:26.581+0300] {processor.py:830} INFO - Processing file /home/user/rubix/internship_project/.venv/lib/python3.10/site-packages/airflow/example_dags/example_xcomargs.py for tasks to queue
[2024-06-24T14:23:26.583+0300] {logging_mixin.py:188} INFO - [2024-06-24T14:23:26.583+0300] {dagbag.py:545} INFO - Filling up the DagBag from /home/user/rubix/internship_project/.venv/lib/python3.10/site-packages/airflow/example_dags/example_xcomargs.py
[2024-06-24T14:23:26.592+0300] {processor.py:840} INFO - DAG(s) 'example_xcom_args_with_operators', 'example_xcom_args' retrieved from /home/user/rubix/internship_project/.venv/lib/python3.10/site-packages/airflow/example_dags/example_xcomargs.py
[2024-06-24T14:23:26.611+0300] {logging_mixin.py:188} INFO - [2024-06-24T14:23:26.610+0300] {dag.py:3096} INFO - Sync 2 DAGs
[2024-06-24T14:23:26.620+0300] {logging_mixin.py:188} INFO - [2024-06-24T14:23:26.620+0300] {dag.py:3954} INFO - Setting next_dagrun for example_xcom_args to None, run_after=None
[2024-06-24T14:23:26.623+0300] {logging_mixin.py:188} INFO - [2024-06-24T14:23:26.622+0300] {dag.py:3954} INFO - Setting next_dagrun for example_xcom_args_with_operators to None, run_after=None
[2024-06-24T14:23:26.656+0300] {processor.py:183} INFO - Processing /home/user/rubix/internship_project/.venv/lib/python3.10/site-packages/airflow/example_dags/example_xcomargs.py took 0.084 seconds
[2024-06-24T14:24:12.232+0300] {processor.py:161} INFO - Started process (PID=29213) to work on /home/user/rubix/internship_project/.venv/lib/python3.10/site-packages/airflow/example_dags/example_xcomargs.py
[2024-06-24T14:24:12.233+0300] {processor.py:830} INFO - Processing file /home/user/rubix/internship_project/.venv/lib/python3.10/site-packages/airflow/example_dags/example_xcomargs.py for tasks to queue
[2024-06-24T14:24:12.235+0300] {logging_mixin.py:188} INFO - [2024-06-24T14:24:12.234+0300] {dagbag.py:545} INFO - Filling up the DagBag from /home/user/rubix/internship_project/.venv/lib/python3.10/site-packages/airflow/example_dags/example_xcomargs.py
[2024-06-24T14:24:12.247+0300] {processor.py:840} INFO - DAG(s) 'example_xcom_args', 'example_xcom_args_with_operators' retrieved from /home/user/rubix/internship_project/.venv/lib/python3.10/site-packages/airflow/example_dags/example_xcomargs.py
[2024-06-24T14:24:12.270+0300] {logging_mixin.py:188} INFO - [2024-06-24T14:24:12.270+0300] {dag.py:3096} INFO - Sync 2 DAGs
[2024-06-24T14:24:12.286+0300] {logging_mixin.py:188} INFO - [2024-06-24T14:24:12.285+0300] {dag.py:3954} INFO - Setting next_dagrun for example_xcom_args to None, run_after=None
[2024-06-24T14:24:12.292+0300] {logging_mixin.py:188} INFO - [2024-06-24T14:24:12.291+0300] {dag.py:3954} INFO - Setting next_dagrun for example_xcom_args_with_operators to None, run_after=None
[2024-06-24T14:24:12.331+0300] {processor.py:183} INFO - Processing /home/user/rubix/internship_project/.venv/lib/python3.10/site-packages/airflow/example_dags/example_xcomargs.py took 0.108 seconds
[2024-06-24T14:24:58.959+0300] {processor.py:161} INFO - Started process (PID=29392) to work on /home/user/rubix/internship_project/.venv/lib/python3.10/site-packages/airflow/example_dags/example_xcomargs.py
[2024-06-24T14:24:58.960+0300] {processor.py:830} INFO - Processing file /home/user/rubix/internship_project/.venv/lib/python3.10/site-packages/airflow/example_dags/example_xcomargs.py for tasks to queue
[2024-06-24T14:24:58.962+0300] {logging_mixin.py:188} INFO - [2024-06-24T14:24:58.961+0300] {dagbag.py:545} INFO - Filling up the DagBag from /home/user/rubix/internship_project/.venv/lib/python3.10/site-packages/airflow/example_dags/example_xcomargs.py
[2024-06-24T14:24:58.972+0300] {processor.py:840} INFO - DAG(s) 'example_xcom_args_with_operators', 'example_xcom_args' retrieved from /home/user/rubix/internship_project/.venv/lib/python3.10/site-packages/airflow/example_dags/example_xcomargs.py
[2024-06-24T14:24:58.992+0300] {logging_mixin.py:188} INFO - [2024-06-24T14:24:58.992+0300] {dag.py:3096} INFO - Sync 2 DAGs
[2024-06-24T14:24:59.002+0300] {logging_mixin.py:188} INFO - [2024-06-24T14:24:59.002+0300] {dag.py:3954} INFO - Setting next_dagrun for example_xcom_args to None, run_after=None
[2024-06-24T14:24:59.006+0300] {logging_mixin.py:188} INFO - [2024-06-24T14:24:59.006+0300] {dag.py:3954} INFO - Setting next_dagrun for example_xcom_args_with_operators to None, run_after=None
[2024-06-24T14:24:59.036+0300] {processor.py:183} INFO - Processing /home/user/rubix/internship_project/.venv/lib/python3.10/site-packages/airflow/example_dags/example_xcomargs.py took 0.085 seconds
[2024-06-24T14:25:40.394+0300] {processor.py:161} INFO - Started process (PID=29594) to work on /home/user/rubix/internship_project/.venv/lib/python3.10/site-packages/airflow/example_dags/example_xcomargs.py
[2024-06-24T14:25:40.395+0300] {processor.py:830} INFO - Processing file /home/user/rubix/internship_project/.venv/lib/python3.10/site-packages/airflow/example_dags/example_xcomargs.py for tasks to queue
[2024-06-24T14:25:40.397+0300] {logging_mixin.py:188} INFO - [2024-06-24T14:25:40.397+0300] {dagbag.py:545} INFO - Filling up the DagBag from /home/user/rubix/internship_project/.venv/lib/python3.10/site-packages/airflow/example_dags/example_xcomargs.py
[2024-06-24T14:25:40.407+0300] {processor.py:840} INFO - DAG(s) 'example_xcom_args_with_operators', 'example_xcom_args' retrieved from /home/user/rubix/internship_project/.venv/lib/python3.10/site-packages/airflow/example_dags/example_xcomargs.py
[2024-06-24T14:25:40.429+0300] {logging_mixin.py:188} INFO - [2024-06-24T14:25:40.429+0300] {dag.py:3096} INFO - Sync 2 DAGs
[2024-06-24T14:25:40.440+0300] {logging_mixin.py:188} INFO - [2024-06-24T14:25:40.440+0300] {dag.py:3954} INFO - Setting next_dagrun for example_xcom_args to None, run_after=None
[2024-06-24T14:25:40.443+0300] {logging_mixin.py:188} INFO - [2024-06-24T14:25:40.443+0300] {dag.py:3954} INFO - Setting next_dagrun for example_xcom_args_with_operators to None, run_after=None
[2024-06-24T14:25:40.472+0300] {processor.py:183} INFO - Processing /home/user/rubix/internship_project/.venv/lib/python3.10/site-packages/airflow/example_dags/example_xcomargs.py took 0.087 seconds
[2024-06-24T14:26:19.355+0300] {processor.py:161} INFO - Started process (PID=29741) to work on /home/user/rubix/internship_project/.venv/lib/python3.10/site-packages/airflow/example_dags/example_xcomargs.py
[2024-06-24T14:26:19.356+0300] {processor.py:830} INFO - Processing file /home/user/rubix/internship_project/.venv/lib/python3.10/site-packages/airflow/example_dags/example_xcomargs.py for tasks to queue
[2024-06-24T14:26:19.358+0300] {logging_mixin.py:188} INFO - [2024-06-24T14:26:19.358+0300] {dagbag.py:545} INFO - Filling up the DagBag from /home/user/rubix/internship_project/.venv/lib/python3.10/site-packages/airflow/example_dags/example_xcomargs.py
[2024-06-24T14:26:19.369+0300] {processor.py:840} INFO - DAG(s) 'example_xcom_args', 'example_xcom_args_with_operators' retrieved from /home/user/rubix/internship_project/.venv/lib/python3.10/site-packages/airflow/example_dags/example_xcomargs.py
[2024-06-24T14:26:19.389+0300] {logging_mixin.py:188} INFO - [2024-06-24T14:26:19.389+0300] {dag.py:3096} INFO - Sync 2 DAGs
[2024-06-24T14:26:19.399+0300] {logging_mixin.py:188} INFO - [2024-06-24T14:26:19.399+0300] {dag.py:3954} INFO - Setting next_dagrun for example_xcom_args to None, run_after=None
[2024-06-24T14:26:19.402+0300] {logging_mixin.py:188} INFO - [2024-06-24T14:26:19.402+0300] {dag.py:3954} INFO - Setting next_dagrun for example_xcom_args_with_operators to None, run_after=None
[2024-06-24T14:26:19.431+0300] {processor.py:183} INFO - Processing /home/user/rubix/internship_project/.venv/lib/python3.10/site-packages/airflow/example_dags/example_xcomargs.py took 0.085 seconds
[2024-06-24T14:27:02.980+0300] {processor.py:161} INFO - Started process (PID=30086) to work on /home/user/rubix/internship_project/.venv/lib/python3.10/site-packages/airflow/example_dags/example_xcomargs.py
[2024-06-24T14:27:02.981+0300] {processor.py:830} INFO - Processing file /home/user/rubix/internship_project/.venv/lib/python3.10/site-packages/airflow/example_dags/example_xcomargs.py for tasks to queue
[2024-06-24T14:27:02.983+0300] {logging_mixin.py:188} INFO - [2024-06-24T14:27:02.982+0300] {dagbag.py:545} INFO - Filling up the DagBag from /home/user/rubix/internship_project/.venv/lib/python3.10/site-packages/airflow/example_dags/example_xcomargs.py
[2024-06-24T14:27:02.991+0300] {processor.py:840} INFO - DAG(s) 'example_xcom_args_with_operators', 'example_xcom_args' retrieved from /home/user/rubix/internship_project/.venv/lib/python3.10/site-packages/airflow/example_dags/example_xcomargs.py
[2024-06-24T14:27:03.009+0300] {logging_mixin.py:188} INFO - [2024-06-24T14:27:03.009+0300] {dag.py:3096} INFO - Sync 2 DAGs
[2024-06-24T14:27:03.019+0300] {logging_mixin.py:188} INFO - [2024-06-24T14:27:03.018+0300] {dag.py:3954} INFO - Setting next_dagrun for example_xcom_args to None, run_after=None
[2024-06-24T14:27:03.021+0300] {logging_mixin.py:188} INFO - [2024-06-24T14:27:03.021+0300] {dag.py:3954} INFO - Setting next_dagrun for example_xcom_args_with_operators to None, run_after=None
[2024-06-24T14:27:03.050+0300] {processor.py:183} INFO - Processing /home/user/rubix/internship_project/.venv/lib/python3.10/site-packages/airflow/example_dags/example_xcomargs.py took 0.078 seconds
[2024-06-24T14:27:47.282+0300] {processor.py:161} INFO - Started process (PID=30518) to work on /home/user/rubix/internship_project/.venv/lib/python3.10/site-packages/airflow/example_dags/example_xcomargs.py
[2024-06-24T14:27:47.283+0300] {processor.py:830} INFO - Processing file /home/user/rubix/internship_project/.venv/lib/python3.10/site-packages/airflow/example_dags/example_xcomargs.py for tasks to queue
[2024-06-24T14:27:47.285+0300] {logging_mixin.py:188} INFO - [2024-06-24T14:27:47.284+0300] {dagbag.py:545} INFO - Filling up the DagBag from /home/user/rubix/internship_project/.venv/lib/python3.10/site-packages/airflow/example_dags/example_xcomargs.py
[2024-06-24T14:27:47.294+0300] {processor.py:840} INFO - DAG(s) 'example_xcom_args_with_operators', 'example_xcom_args' retrieved from /home/user/rubix/internship_project/.venv/lib/python3.10/site-packages/airflow/example_dags/example_xcomargs.py
[2024-06-24T14:27:47.312+0300] {logging_mixin.py:188} INFO - [2024-06-24T14:27:47.312+0300] {dag.py:3096} INFO - Sync 2 DAGs
[2024-06-24T14:27:47.321+0300] {logging_mixin.py:188} INFO - [2024-06-24T14:27:47.321+0300] {dag.py:3954} INFO - Setting next_dagrun for example_xcom_args to None, run_after=None
[2024-06-24T14:27:47.323+0300] {logging_mixin.py:188} INFO - [2024-06-24T14:27:47.323+0300] {dag.py:3954} INFO - Setting next_dagrun for example_xcom_args_with_operators to None, run_after=None
[2024-06-24T14:27:47.353+0300] {processor.py:183} INFO - Processing /home/user/rubix/internship_project/.venv/lib/python3.10/site-packages/airflow/example_dags/example_xcomargs.py took 0.078 seconds
[2024-06-24T14:28:28.985+0300] {processor.py:161} INFO - Started process (PID=30735) to work on /home/user/rubix/internship_project/.venv/lib/python3.10/site-packages/airflow/example_dags/example_xcomargs.py
[2024-06-24T14:28:28.987+0300] {processor.py:830} INFO - Processing file /home/user/rubix/internship_project/.venv/lib/python3.10/site-packages/airflow/example_dags/example_xcomargs.py for tasks to queue
[2024-06-24T14:28:28.989+0300] {logging_mixin.py:188} INFO - [2024-06-24T14:28:28.989+0300] {dagbag.py:545} INFO - Filling up the DagBag from /home/user/rubix/internship_project/.venv/lib/python3.10/site-packages/airflow/example_dags/example_xcomargs.py
[2024-06-24T14:28:29.000+0300] {processor.py:840} INFO - DAG(s) 'example_xcom_args_with_operators', 'example_xcom_args' retrieved from /home/user/rubix/internship_project/.venv/lib/python3.10/site-packages/airflow/example_dags/example_xcomargs.py
[2024-06-24T14:28:29.026+0300] {logging_mixin.py:188} INFO - [2024-06-24T14:28:29.026+0300] {dag.py:3096} INFO - Sync 2 DAGs
[2024-06-24T14:28:29.037+0300] {logging_mixin.py:188} INFO - [2024-06-24T14:28:29.037+0300] {dag.py:3954} INFO - Setting next_dagrun for example_xcom_args to None, run_after=None
[2024-06-24T14:28:29.040+0300] {logging_mixin.py:188} INFO - [2024-06-24T14:28:29.040+0300] {dag.py:3954} INFO - Setting next_dagrun for example_xcom_args_with_operators to None, run_after=None
[2024-06-24T14:28:29.069+0300] {processor.py:183} INFO - Processing /home/user/rubix/internship_project/.venv/lib/python3.10/site-packages/airflow/example_dags/example_xcomargs.py took 0.092 seconds
[2024-06-24T14:29:16.377+0300] {processor.py:161} INFO - Started process (PID=31076) to work on /home/user/rubix/internship_project/.venv/lib/python3.10/site-packages/airflow/example_dags/example_xcomargs.py
[2024-06-24T14:29:16.378+0300] {processor.py:830} INFO - Processing file /home/user/rubix/internship_project/.venv/lib/python3.10/site-packages/airflow/example_dags/example_xcomargs.py for tasks to queue
[2024-06-24T14:29:16.380+0300] {logging_mixin.py:188} INFO - [2024-06-24T14:29:16.379+0300] {dagbag.py:545} INFO - Filling up the DagBag from /home/user/rubix/internship_project/.venv/lib/python3.10/site-packages/airflow/example_dags/example_xcomargs.py
[2024-06-24T14:29:16.392+0300] {processor.py:840} INFO - DAG(s) 'example_xcom_args', 'example_xcom_args_with_operators' retrieved from /home/user/rubix/internship_project/.venv/lib/python3.10/site-packages/airflow/example_dags/example_xcomargs.py
[2024-06-24T14:29:16.412+0300] {logging_mixin.py:188} INFO - [2024-06-24T14:29:16.412+0300] {dag.py:3096} INFO - Sync 2 DAGs
[2024-06-24T14:29:16.424+0300] {logging_mixin.py:188} INFO - [2024-06-24T14:29:16.423+0300] {dag.py:3954} INFO - Setting next_dagrun for example_xcom_args to None, run_after=None
[2024-06-24T14:29:16.427+0300] {logging_mixin.py:188} INFO - [2024-06-24T14:29:16.427+0300] {dag.py:3954} INFO - Setting next_dagrun for example_xcom_args_with_operators to None, run_after=None
[2024-06-24T14:29:16.460+0300] {processor.py:183} INFO - Processing /home/user/rubix/internship_project/.venv/lib/python3.10/site-packages/airflow/example_dags/example_xcomargs.py took 0.094 seconds
[2024-06-24T14:30:05.966+0300] {processor.py:161} INFO - Started process (PID=31419) to work on /home/user/rubix/internship_project/.venv/lib/python3.10/site-packages/airflow/example_dags/example_xcomargs.py
[2024-06-24T14:30:05.967+0300] {processor.py:830} INFO - Processing file /home/user/rubix/internship_project/.venv/lib/python3.10/site-packages/airflow/example_dags/example_xcomargs.py for tasks to queue
[2024-06-24T14:30:05.969+0300] {logging_mixin.py:188} INFO - [2024-06-24T14:30:05.969+0300] {dagbag.py:545} INFO - Filling up the DagBag from /home/user/rubix/internship_project/.venv/lib/python3.10/site-packages/airflow/example_dags/example_xcomargs.py
[2024-06-24T14:30:05.980+0300] {processor.py:840} INFO - DAG(s) 'example_xcom_args', 'example_xcom_args_with_operators' retrieved from /home/user/rubix/internship_project/.venv/lib/python3.10/site-packages/airflow/example_dags/example_xcomargs.py
[2024-06-24T14:30:06.007+0300] {logging_mixin.py:188} INFO - [2024-06-24T14:30:06.007+0300] {dag.py:3096} INFO - Sync 2 DAGs
[2024-06-24T14:30:06.020+0300] {logging_mixin.py:188} INFO - [2024-06-24T14:30:06.020+0300] {dag.py:3954} INFO - Setting next_dagrun for example_xcom_args to None, run_after=None
[2024-06-24T14:30:06.026+0300] {logging_mixin.py:188} INFO - [2024-06-24T14:30:06.025+0300] {dag.py:3954} INFO - Setting next_dagrun for example_xcom_args_with_operators to None, run_after=None
[2024-06-24T14:30:06.056+0300] {processor.py:183} INFO - Processing /home/user/rubix/internship_project/.venv/lib/python3.10/site-packages/airflow/example_dags/example_xcomargs.py took 0.099 seconds
[2024-06-24T14:30:52.818+0300] {processor.py:161} INFO - Started process (PID=31516) to work on /home/user/rubix/internship_project/.venv/lib/python3.10/site-packages/airflow/example_dags/example_xcomargs.py
[2024-06-24T14:30:52.819+0300] {processor.py:830} INFO - Processing file /home/user/rubix/internship_project/.venv/lib/python3.10/site-packages/airflow/example_dags/example_xcomargs.py for tasks to queue
[2024-06-24T14:30:52.821+0300] {logging_mixin.py:188} INFO - [2024-06-24T14:30:52.821+0300] {dagbag.py:545} INFO - Filling up the DagBag from /home/user/rubix/internship_project/.venv/lib/python3.10/site-packages/airflow/example_dags/example_xcomargs.py
[2024-06-24T14:30:52.833+0300] {processor.py:840} INFO - DAG(s) 'example_xcom_args', 'example_xcom_args_with_operators' retrieved from /home/user/rubix/internship_project/.venv/lib/python3.10/site-packages/airflow/example_dags/example_xcomargs.py
[2024-06-24T14:30:52.853+0300] {logging_mixin.py:188} INFO - [2024-06-24T14:30:52.853+0300] {dag.py:3096} INFO - Sync 2 DAGs
[2024-06-24T14:30:52.868+0300] {logging_mixin.py:188} INFO - [2024-06-24T14:30:52.868+0300] {dag.py:3954} INFO - Setting next_dagrun for example_xcom_args to None, run_after=None
[2024-06-24T14:30:52.874+0300] {logging_mixin.py:188} INFO - [2024-06-24T14:30:52.874+0300] {dag.py:3954} INFO - Setting next_dagrun for example_xcom_args_with_operators to None, run_after=None
[2024-06-24T14:30:52.914+0300] {processor.py:183} INFO - Processing /home/user/rubix/internship_project/.venv/lib/python3.10/site-packages/airflow/example_dags/example_xcomargs.py took 0.105 seconds
[2024-06-24T14:31:40.131+0300] {processor.py:161} INFO - Started process (PID=31914) to work on /home/user/rubix/internship_project/.venv/lib/python3.10/site-packages/airflow/example_dags/example_xcomargs.py
[2024-06-24T14:31:40.132+0300] {processor.py:830} INFO - Processing file /home/user/rubix/internship_project/.venv/lib/python3.10/site-packages/airflow/example_dags/example_xcomargs.py for tasks to queue
[2024-06-24T14:31:40.134+0300] {logging_mixin.py:188} INFO - [2024-06-24T14:31:40.133+0300] {dagbag.py:545} INFO - Filling up the DagBag from /home/user/rubix/internship_project/.venv/lib/python3.10/site-packages/airflow/example_dags/example_xcomargs.py
[2024-06-24T14:31:40.146+0300] {processor.py:840} INFO - DAG(s) 'example_xcom_args', 'example_xcom_args_with_operators' retrieved from /home/user/rubix/internship_project/.venv/lib/python3.10/site-packages/airflow/example_dags/example_xcomargs.py
[2024-06-24T14:31:40.168+0300] {logging_mixin.py:188} INFO - [2024-06-24T14:31:40.168+0300] {dag.py:3096} INFO - Sync 2 DAGs
[2024-06-24T14:31:40.182+0300] {logging_mixin.py:188} INFO - [2024-06-24T14:31:40.182+0300] {dag.py:3954} INFO - Setting next_dagrun for example_xcom_args to None, run_after=None
[2024-06-24T14:31:40.186+0300] {logging_mixin.py:188} INFO - [2024-06-24T14:31:40.185+0300] {dag.py:3954} INFO - Setting next_dagrun for example_xcom_args_with_operators to None, run_after=None
[2024-06-24T14:31:40.220+0300] {processor.py:183} INFO - Processing /home/user/rubix/internship_project/.venv/lib/python3.10/site-packages/airflow/example_dags/example_xcomargs.py took 0.102 seconds
[2024-06-24T14:32:25.137+0300] {processor.py:161} INFO - Started process (PID=32070) to work on /home/user/rubix/internship_project/.venv/lib/python3.10/site-packages/airflow/example_dags/example_xcomargs.py
[2024-06-24T14:32:25.138+0300] {processor.py:830} INFO - Processing file /home/user/rubix/internship_project/.venv/lib/python3.10/site-packages/airflow/example_dags/example_xcomargs.py for tasks to queue
[2024-06-24T14:32:25.140+0300] {logging_mixin.py:188} INFO - [2024-06-24T14:32:25.139+0300] {dagbag.py:545} INFO - Filling up the DagBag from /home/user/rubix/internship_project/.venv/lib/python3.10/site-packages/airflow/example_dags/example_xcomargs.py
[2024-06-24T14:32:25.149+0300] {processor.py:840} INFO - DAG(s) 'example_xcom_args_with_operators', 'example_xcom_args' retrieved from /home/user/rubix/internship_project/.venv/lib/python3.10/site-packages/airflow/example_dags/example_xcomargs.py
[2024-06-24T14:32:25.167+0300] {logging_mixin.py:188} INFO - [2024-06-24T14:32:25.167+0300] {dag.py:3096} INFO - Sync 2 DAGs
[2024-06-24T14:32:25.178+0300] {logging_mixin.py:188} INFO - [2024-06-24T14:32:25.177+0300] {dag.py:3954} INFO - Setting next_dagrun for example_xcom_args to None, run_after=None
[2024-06-24T14:32:25.180+0300] {logging_mixin.py:188} INFO - [2024-06-24T14:32:25.180+0300] {dag.py:3954} INFO - Setting next_dagrun for example_xcom_args_with_operators to None, run_after=None
[2024-06-24T14:32:25.211+0300] {processor.py:183} INFO - Processing /home/user/rubix/internship_project/.venv/lib/python3.10/site-packages/airflow/example_dags/example_xcomargs.py took 0.082 seconds
