[2024-06-24T14:04:43.519+0300] {processor.py:161} INFO - Started process (PID=23309) to work on /home/user/rubix/internship_project/.venv/lib/python3.10/site-packages/airflow/example_dags/example_branch_labels.py
[2024-06-24T14:04:43.521+0300] {processor.py:830} INFO - Processing file /home/user/rubix/internship_project/.venv/lib/python3.10/site-packages/airflow/example_dags/example_branch_labels.py for tasks to queue
[2024-06-24T14:04:43.522+0300] {logging_mixin.py:188} INFO - [2024-06-24T14:04:43.522+0300] {dagbag.py:545} INFO - Filling up the DagBag from /home/user/rubix/internship_project/.venv/lib/python3.10/site-packages/airflow/example_dags/example_branch_labels.py
[2024-06-24T14:04:43.531+0300] {processor.py:840} INFO - DAG(s) 'example_branch_labels' retrieved from /home/user/rubix/internship_project/.venv/lib/python3.10/site-packages/airflow/example_dags/example_branch_labels.py
[2024-06-24T14:04:43.642+0300] {logging_mixin.py:188} INFO - [2024-06-24T14:04:43.641+0300] {dag.py:3096} INFO - Sync 1 DAGs
[2024-06-24T14:04:43.741+0300] {logging_mixin.py:188} INFO - [2024-06-24T14:04:43.740+0300] {dag.py:3954} INFO - Setting next_dagrun for example_branch_labels to 2024-06-23 00:00:00+00:00, run_after=2024-06-24 00:00:00+00:00
[2024-06-24T14:04:43.767+0300] {processor.py:183} INFO - Processing /home/user/rubix/internship_project/.venv/lib/python3.10/site-packages/airflow/example_dags/example_branch_labels.py took 0.256 seconds
[2024-06-24T14:05:45.474+0300] {processor.py:161} INFO - Started process (PID=23829) to work on /home/user/rubix/internship_project/.venv/lib/python3.10/site-packages/airflow/example_dags/example_branch_labels.py
[2024-06-24T14:05:45.475+0300] {processor.py:830} INFO - Processing file /home/user/rubix/internship_project/.venv/lib/python3.10/site-packages/airflow/example_dags/example_branch_labels.py for tasks to queue
[2024-06-24T14:05:45.476+0300] {logging_mixin.py:188} INFO - [2024-06-24T14:05:45.476+0300] {dagbag.py:545} INFO - Filling up the DagBag from /home/user/rubix/internship_project/.venv/lib/python3.10/site-packages/airflow/example_dags/example_branch_labels.py
[2024-06-24T14:05:45.497+0300] {processor.py:840} INFO - DAG(s) 'example_branch_labels' retrieved from /home/user/rubix/internship_project/.venv/lib/python3.10/site-packages/airflow/example_dags/example_branch_labels.py
[2024-06-24T14:05:45.514+0300] {logging_mixin.py:188} INFO - [2024-06-24T14:05:45.514+0300] {dag.py:3096} INFO - Sync 1 DAGs
[2024-06-24T14:05:45.528+0300] {logging_mixin.py:188} INFO - [2024-06-24T14:05:45.528+0300] {dag.py:3954} INFO - Setting next_dagrun for example_branch_labels to 2024-06-23 00:00:00+00:00, run_after=2024-06-24 00:00:00+00:00
[2024-06-24T14:05:45.646+0300] {processor.py:183} INFO - Processing /home/user/rubix/internship_project/.venv/lib/python3.10/site-packages/airflow/example_dags/example_branch_labels.py took 0.180 seconds
[2024-06-24T14:06:46.311+0300] {processor.py:161} INFO - Started process (PID=24148) to work on /home/user/rubix/internship_project/.venv/lib/python3.10/site-packages/airflow/example_dags/example_branch_labels.py
[2024-06-24T14:06:46.312+0300] {processor.py:830} INFO - Processing file /home/user/rubix/internship_project/.venv/lib/python3.10/site-packages/airflow/example_dags/example_branch_labels.py for tasks to queue
[2024-06-24T14:06:46.314+0300] {logging_mixin.py:188} INFO - [2024-06-24T14:06:46.313+0300] {dagbag.py:545} INFO - Filling up the DagBag from /home/user/rubix/internship_project/.venv/lib/python3.10/site-packages/airflow/example_dags/example_branch_labels.py
[2024-06-24T14:06:46.322+0300] {processor.py:840} INFO - DAG(s) 'example_branch_labels' retrieved from /home/user/rubix/internship_project/.venv/lib/python3.10/site-packages/airflow/example_dags/example_branch_labels.py
[2024-06-24T14:06:46.339+0300] {logging_mixin.py:188} INFO - [2024-06-24T14:06:46.339+0300] {dag.py:3096} INFO - Sync 1 DAGs
[2024-06-24T14:06:46.356+0300] {logging_mixin.py:188} INFO - [2024-06-24T14:06:46.356+0300] {dag.py:3954} INFO - Setting next_dagrun for example_branch_labels to 2024-06-23 00:00:00+00:00, run_after=2024-06-24 00:00:00+00:00
[2024-06-24T14:06:46.385+0300] {processor.py:183} INFO - Processing /home/user/rubix/internship_project/.venv/lib/python3.10/site-packages/airflow/example_dags/example_branch_labels.py took 0.082 seconds
[2024-06-24T14:07:58.401+0300] {processor.py:161} INFO - Started process (PID=24526) to work on /home/user/rubix/internship_project/.venv/lib/python3.10/site-packages/airflow/example_dags/example_branch_labels.py
[2024-06-24T14:07:58.402+0300] {processor.py:830} INFO - Processing file /home/user/rubix/internship_project/.venv/lib/python3.10/site-packages/airflow/example_dags/example_branch_labels.py for tasks to queue
[2024-06-24T14:07:58.408+0300] {logging_mixin.py:188} INFO - [2024-06-24T14:07:58.405+0300] {dagbag.py:545} INFO - Filling up the DagBag from /home/user/rubix/internship_project/.venv/lib/python3.10/site-packages/airflow/example_dags/example_branch_labels.py
[2024-06-24T14:07:58.426+0300] {processor.py:840} INFO - DAG(s) 'example_branch_labels' retrieved from /home/user/rubix/internship_project/.venv/lib/python3.10/site-packages/airflow/example_dags/example_branch_labels.py
[2024-06-24T14:07:58.453+0300] {logging_mixin.py:188} INFO - [2024-06-24T14:07:58.452+0300] {dag.py:3096} INFO - Sync 1 DAGs
[2024-06-24T14:07:58.478+0300] {logging_mixin.py:188} INFO - [2024-06-24T14:07:58.478+0300] {dag.py:3954} INFO - Setting next_dagrun for example_branch_labels to 2024-06-23 00:00:00+00:00, run_after=2024-06-24 00:00:00+00:00
[2024-06-24T14:07:58.523+0300] {processor.py:183} INFO - Processing /home/user/rubix/internship_project/.venv/lib/python3.10/site-packages/airflow/example_dags/example_branch_labels.py took 0.134 seconds
[2024-06-24T14:09:05.996+0300] {processor.py:161} INFO - Started process (PID=25006) to work on /home/user/rubix/internship_project/.venv/lib/python3.10/site-packages/airflow/example_dags/example_branch_labels.py
[2024-06-24T14:09:05.997+0300] {processor.py:830} INFO - Processing file /home/user/rubix/internship_project/.venv/lib/python3.10/site-packages/airflow/example_dags/example_branch_labels.py for tasks to queue
[2024-06-24T14:09:05.999+0300] {logging_mixin.py:188} INFO - [2024-06-24T14:09:05.999+0300] {dagbag.py:545} INFO - Filling up the DagBag from /home/user/rubix/internship_project/.venv/lib/python3.10/site-packages/airflow/example_dags/example_branch_labels.py
[2024-06-24T14:09:06.008+0300] {processor.py:840} INFO - DAG(s) 'example_branch_labels' retrieved from /home/user/rubix/internship_project/.venv/lib/python3.10/site-packages/airflow/example_dags/example_branch_labels.py
[2024-06-24T14:09:06.026+0300] {logging_mixin.py:188} INFO - [2024-06-24T14:09:06.026+0300] {dag.py:3096} INFO - Sync 1 DAGs
[2024-06-24T14:09:06.044+0300] {logging_mixin.py:188} INFO - [2024-06-24T14:09:06.044+0300] {dag.py:3954} INFO - Setting next_dagrun for example_branch_labels to 2024-06-23 00:00:00+00:00, run_after=2024-06-24 00:00:00+00:00
[2024-06-24T14:09:06.061+0300] {processor.py:183} INFO - Processing /home/user/rubix/internship_project/.venv/lib/python3.10/site-packages/airflow/example_dags/example_branch_labels.py took 0.073 seconds
[2024-06-24T14:10:14.413+0300] {processor.py:161} INFO - Started process (PID=25421) to work on /home/user/rubix/internship_project/.venv/lib/python3.10/site-packages/airflow/example_dags/example_branch_labels.py
[2024-06-24T14:10:14.414+0300] {processor.py:830} INFO - Processing file /home/user/rubix/internship_project/.venv/lib/python3.10/site-packages/airflow/example_dags/example_branch_labels.py for tasks to queue
[2024-06-24T14:10:14.416+0300] {logging_mixin.py:188} INFO - [2024-06-24T14:10:14.416+0300] {dagbag.py:545} INFO - Filling up the DagBag from /home/user/rubix/internship_project/.venv/lib/python3.10/site-packages/airflow/example_dags/example_branch_labels.py
[2024-06-24T14:10:14.425+0300] {processor.py:840} INFO - DAG(s) 'example_branch_labels' retrieved from /home/user/rubix/internship_project/.venv/lib/python3.10/site-packages/airflow/example_dags/example_branch_labels.py
[2024-06-24T14:10:14.442+0300] {logging_mixin.py:188} INFO - [2024-06-24T14:10:14.442+0300] {dag.py:3096} INFO - Sync 1 DAGs
[2024-06-24T14:10:14.458+0300] {logging_mixin.py:188} INFO - [2024-06-24T14:10:14.458+0300] {dag.py:3954} INFO - Setting next_dagrun for example_branch_labels to 2024-06-23 00:00:00+00:00, run_after=2024-06-24 00:00:00+00:00
[2024-06-24T14:10:14.487+0300] {processor.py:183} INFO - Processing /home/user/rubix/internship_project/.venv/lib/python3.10/site-packages/airflow/example_dags/example_branch_labels.py took 0.083 seconds
[2024-06-24T14:11:21.029+0300] {processor.py:161} INFO - Started process (PID=25809) to work on /home/user/rubix/internship_project/.venv/lib/python3.10/site-packages/airflow/example_dags/example_branch_labels.py
[2024-06-24T14:11:21.030+0300] {processor.py:830} INFO - Processing file /home/user/rubix/internship_project/.venv/lib/python3.10/site-packages/airflow/example_dags/example_branch_labels.py for tasks to queue
[2024-06-24T14:11:21.032+0300] {logging_mixin.py:188} INFO - [2024-06-24T14:11:21.031+0300] {dagbag.py:545} INFO - Filling up the DagBag from /home/user/rubix/internship_project/.venv/lib/python3.10/site-packages/airflow/example_dags/example_branch_labels.py
[2024-06-24T14:11:21.041+0300] {processor.py:840} INFO - DAG(s) 'example_branch_labels' retrieved from /home/user/rubix/internship_project/.venv/lib/python3.10/site-packages/airflow/example_dags/example_branch_labels.py
[2024-06-24T14:11:21.061+0300] {logging_mixin.py:188} INFO - [2024-06-24T14:11:21.060+0300] {dag.py:3096} INFO - Sync 1 DAGs
[2024-06-24T14:11:21.080+0300] {logging_mixin.py:188} INFO - [2024-06-24T14:11:21.080+0300] {dag.py:3954} INFO - Setting next_dagrun for example_branch_labels to 2024-06-23 00:00:00+00:00, run_after=2024-06-24 00:00:00+00:00
[2024-06-24T14:11:21.113+0300] {processor.py:183} INFO - Processing /home/user/rubix/internship_project/.venv/lib/python3.10/site-packages/airflow/example_dags/example_branch_labels.py took 0.092 seconds
[2024-06-24T14:12:25.109+0300] {processor.py:161} INFO - Started process (PID=26122) to work on /home/user/rubix/internship_project/.venv/lib/python3.10/site-packages/airflow/example_dags/example_branch_labels.py
[2024-06-24T14:12:25.110+0300] {processor.py:830} INFO - Processing file /home/user/rubix/internship_project/.venv/lib/python3.10/site-packages/airflow/example_dags/example_branch_labels.py for tasks to queue
[2024-06-24T14:12:25.113+0300] {logging_mixin.py:188} INFO - [2024-06-24T14:12:25.113+0300] {dagbag.py:545} INFO - Filling up the DagBag from /home/user/rubix/internship_project/.venv/lib/python3.10/site-packages/airflow/example_dags/example_branch_labels.py
[2024-06-24T14:12:25.121+0300] {processor.py:840} INFO - DAG(s) 'example_branch_labels' retrieved from /home/user/rubix/internship_project/.venv/lib/python3.10/site-packages/airflow/example_dags/example_branch_labels.py
[2024-06-24T14:12:25.139+0300] {logging_mixin.py:188} INFO - [2024-06-24T14:12:25.138+0300] {dag.py:3096} INFO - Sync 1 DAGs
[2024-06-24T14:12:25.154+0300] {logging_mixin.py:188} INFO - [2024-06-24T14:12:25.154+0300] {dag.py:3954} INFO - Setting next_dagrun for example_branch_labels to 2024-06-23 00:00:00+00:00, run_after=2024-06-24 00:00:00+00:00
[2024-06-24T14:12:25.184+0300] {processor.py:183} INFO - Processing /home/user/rubix/internship_project/.venv/lib/python3.10/site-packages/airflow/example_dags/example_branch_labels.py took 0.083 seconds
[2024-06-24T14:13:44.574+0300] {processor.py:161} INFO - Started process (PID=26393) to work on /home/user/rubix/internship_project/.venv/lib/python3.10/site-packages/airflow/example_dags/example_branch_labels.py
[2024-06-24T14:13:44.575+0300] {processor.py:830} INFO - Processing file /home/user/rubix/internship_project/.venv/lib/python3.10/site-packages/airflow/example_dags/example_branch_labels.py for tasks to queue
[2024-06-24T14:13:44.577+0300] {logging_mixin.py:188} INFO - [2024-06-24T14:13:44.577+0300] {dagbag.py:545} INFO - Filling up the DagBag from /home/user/rubix/internship_project/.venv/lib/python3.10/site-packages/airflow/example_dags/example_branch_labels.py
[2024-06-24T14:13:44.595+0300] {processor.py:840} INFO - DAG(s) 'example_branch_labels' retrieved from /home/user/rubix/internship_project/.venv/lib/python3.10/site-packages/airflow/example_dags/example_branch_labels.py
[2024-06-24T14:13:44.613+0300] {logging_mixin.py:188} INFO - [2024-06-24T14:13:44.613+0300] {dag.py:3096} INFO - Sync 1 DAGs
[2024-06-24T14:13:44.628+0300] {logging_mixin.py:188} INFO - [2024-06-24T14:13:44.628+0300] {dag.py:3954} INFO - Setting next_dagrun for example_branch_labels to 2024-06-23 00:00:00+00:00, run_after=2024-06-24 00:00:00+00:00
[2024-06-24T14:13:44.658+0300] {processor.py:183} INFO - Processing /home/user/rubix/internship_project/.venv/lib/python3.10/site-packages/airflow/example_dags/example_branch_labels.py took 0.091 seconds
[2024-06-24T14:14:50.323+0300] {processor.py:161} INFO - Started process (PID=26755) to work on /home/user/rubix/internship_project/.venv/lib/python3.10/site-packages/airflow/example_dags/example_branch_labels.py
[2024-06-24T14:14:50.324+0300] {processor.py:830} INFO - Processing file /home/user/rubix/internship_project/.venv/lib/python3.10/site-packages/airflow/example_dags/example_branch_labels.py for tasks to queue
[2024-06-24T14:14:50.326+0300] {logging_mixin.py:188} INFO - [2024-06-24T14:14:50.325+0300] {dagbag.py:545} INFO - Filling up the DagBag from /home/user/rubix/internship_project/.venv/lib/python3.10/site-packages/airflow/example_dags/example_branch_labels.py
[2024-06-24T14:14:50.336+0300] {processor.py:840} INFO - DAG(s) 'example_branch_labels' retrieved from /home/user/rubix/internship_project/.venv/lib/python3.10/site-packages/airflow/example_dags/example_branch_labels.py
[2024-06-24T14:14:50.353+0300] {logging_mixin.py:188} INFO - [2024-06-24T14:14:50.353+0300] {dag.py:3096} INFO - Sync 1 DAGs
[2024-06-24T14:14:50.369+0300] {logging_mixin.py:188} INFO - [2024-06-24T14:14:50.369+0300] {dag.py:3954} INFO - Setting next_dagrun for example_branch_labels to 2024-06-23 00:00:00+00:00, run_after=2024-06-24 00:00:00+00:00
[2024-06-24T14:14:50.400+0300] {processor.py:183} INFO - Processing /home/user/rubix/internship_project/.venv/lib/python3.10/site-packages/airflow/example_dags/example_branch_labels.py took 0.086 seconds
[2024-06-24T14:15:52.825+0300] {processor.py:161} INFO - Started process (PID=26946) to work on /home/user/rubix/internship_project/.venv/lib/python3.10/site-packages/airflow/example_dags/example_branch_labels.py
[2024-06-24T14:15:52.826+0300] {processor.py:830} INFO - Processing file /home/user/rubix/internship_project/.venv/lib/python3.10/site-packages/airflow/example_dags/example_branch_labels.py for tasks to queue
[2024-06-24T14:15:52.828+0300] {logging_mixin.py:188} INFO - [2024-06-24T14:15:52.827+0300] {dagbag.py:545} INFO - Filling up the DagBag from /home/user/rubix/internship_project/.venv/lib/python3.10/site-packages/airflow/example_dags/example_branch_labels.py
[2024-06-24T14:15:52.837+0300] {processor.py:840} INFO - DAG(s) 'example_branch_labels' retrieved from /home/user/rubix/internship_project/.venv/lib/python3.10/site-packages/airflow/example_dags/example_branch_labels.py
[2024-06-24T14:15:52.866+0300] {logging_mixin.py:188} INFO - [2024-06-24T14:15:52.866+0300] {dag.py:3096} INFO - Sync 1 DAGs
[2024-06-24T14:15:52.882+0300] {logging_mixin.py:188} INFO - [2024-06-24T14:15:52.882+0300] {dag.py:3954} INFO - Setting next_dagrun for example_branch_labels to 2024-06-23 00:00:00+00:00, run_after=2024-06-24 00:00:00+00:00
[2024-06-24T14:15:52.900+0300] {processor.py:183} INFO - Processing /home/user/rubix/internship_project/.venv/lib/python3.10/site-packages/airflow/example_dags/example_branch_labels.py took 0.083 seconds
[2024-06-24T14:16:52.572+0300] {processor.py:161} INFO - Started process (PID=27142) to work on /home/user/rubix/internship_project/.venv/lib/python3.10/site-packages/airflow/example_dags/example_branch_labels.py
[2024-06-24T14:16:52.574+0300] {processor.py:830} INFO - Processing file /home/user/rubix/internship_project/.venv/lib/python3.10/site-packages/airflow/example_dags/example_branch_labels.py for tasks to queue
[2024-06-24T14:16:52.576+0300] {logging_mixin.py:188} INFO - [2024-06-24T14:16:52.575+0300] {dagbag.py:545} INFO - Filling up the DagBag from /home/user/rubix/internship_project/.venv/lib/python3.10/site-packages/airflow/example_dags/example_branch_labels.py
[2024-06-24T14:16:52.586+0300] {processor.py:840} INFO - DAG(s) 'example_branch_labels' retrieved from /home/user/rubix/internship_project/.venv/lib/python3.10/site-packages/airflow/example_dags/example_branch_labels.py
[2024-06-24T14:16:52.608+0300] {logging_mixin.py:188} INFO - [2024-06-24T14:16:52.608+0300] {dag.py:3096} INFO - Sync 1 DAGs
[2024-06-24T14:16:52.627+0300] {logging_mixin.py:188} INFO - [2024-06-24T14:16:52.627+0300] {dag.py:3954} INFO - Setting next_dagrun for example_branch_labels to 2024-06-23 00:00:00+00:00, run_after=2024-06-24 00:00:00+00:00
[2024-06-24T14:16:52.656+0300] {processor.py:183} INFO - Processing /home/user/rubix/internship_project/.venv/lib/python3.10/site-packages/airflow/example_dags/example_branch_labels.py took 0.093 seconds
[2024-06-24T14:17:53.150+0300] {processor.py:161} INFO - Started process (PID=27327) to work on /home/user/rubix/internship_project/.venv/lib/python3.10/site-packages/airflow/example_dags/example_branch_labels.py
[2024-06-24T14:17:53.152+0300] {processor.py:830} INFO - Processing file /home/user/rubix/internship_project/.venv/lib/python3.10/site-packages/airflow/example_dags/example_branch_labels.py for tasks to queue
[2024-06-24T14:17:53.155+0300] {logging_mixin.py:188} INFO - [2024-06-24T14:17:53.154+0300] {dagbag.py:545} INFO - Filling up the DagBag from /home/user/rubix/internship_project/.venv/lib/python3.10/site-packages/airflow/example_dags/example_branch_labels.py
[2024-06-24T14:17:53.166+0300] {processor.py:840} INFO - DAG(s) 'example_branch_labels' retrieved from /home/user/rubix/internship_project/.venv/lib/python3.10/site-packages/airflow/example_dags/example_branch_labels.py
[2024-06-24T14:17:53.186+0300] {logging_mixin.py:188} INFO - [2024-06-24T14:17:53.185+0300] {dag.py:3096} INFO - Sync 1 DAGs
[2024-06-24T14:17:53.203+0300] {logging_mixin.py:188} INFO - [2024-06-24T14:17:53.203+0300] {dag.py:3954} INFO - Setting next_dagrun for example_branch_labels to 2024-06-23 00:00:00+00:00, run_after=2024-06-24 00:00:00+00:00
[2024-06-24T14:17:53.232+0300] {processor.py:183} INFO - Processing /home/user/rubix/internship_project/.venv/lib/python3.10/site-packages/airflow/example_dags/example_branch_labels.py took 0.091 seconds
[2024-06-24T14:18:53.803+0300] {processor.py:161} INFO - Started process (PID=27508) to work on /home/user/rubix/internship_project/.venv/lib/python3.10/site-packages/airflow/example_dags/example_branch_labels.py
[2024-06-24T14:18:53.804+0300] {processor.py:830} INFO - Processing file /home/user/rubix/internship_project/.venv/lib/python3.10/site-packages/airflow/example_dags/example_branch_labels.py for tasks to queue
[2024-06-24T14:18:53.806+0300] {logging_mixin.py:188} INFO - [2024-06-24T14:18:53.806+0300] {dagbag.py:545} INFO - Filling up the DagBag from /home/user/rubix/internship_project/.venv/lib/python3.10/site-packages/airflow/example_dags/example_branch_labels.py
[2024-06-24T14:18:53.828+0300] {processor.py:840} INFO - DAG(s) 'example_branch_labels' retrieved from /home/user/rubix/internship_project/.venv/lib/python3.10/site-packages/airflow/example_dags/example_branch_labels.py
[2024-06-24T14:18:53.845+0300] {logging_mixin.py:188} INFO - [2024-06-24T14:18:53.845+0300] {dag.py:3096} INFO - Sync 1 DAGs
[2024-06-24T14:18:53.860+0300] {logging_mixin.py:188} INFO - [2024-06-24T14:18:53.860+0300] {dag.py:3954} INFO - Setting next_dagrun for example_branch_labels to 2024-06-23 00:00:00+00:00, run_after=2024-06-24 00:00:00+00:00
[2024-06-24T14:18:53.889+0300] {processor.py:183} INFO - Processing /home/user/rubix/internship_project/.venv/lib/python3.10/site-packages/airflow/example_dags/example_branch_labels.py took 0.094 seconds
[2024-06-24T14:19:58.080+0300] {processor.py:161} INFO - Started process (PID=27882) to work on /home/user/rubix/internship_project/.venv/lib/python3.10/site-packages/airflow/example_dags/example_branch_labels.py
[2024-06-24T14:19:58.081+0300] {processor.py:830} INFO - Processing file /home/user/rubix/internship_project/.venv/lib/python3.10/site-packages/airflow/example_dags/example_branch_labels.py for tasks to queue
[2024-06-24T14:19:58.083+0300] {logging_mixin.py:188} INFO - [2024-06-24T14:19:58.082+0300] {dagbag.py:545} INFO - Filling up the DagBag from /home/user/rubix/internship_project/.venv/lib/python3.10/site-packages/airflow/example_dags/example_branch_labels.py
[2024-06-24T14:19:58.092+0300] {processor.py:840} INFO - DAG(s) 'example_branch_labels' retrieved from /home/user/rubix/internship_project/.venv/lib/python3.10/site-packages/airflow/example_dags/example_branch_labels.py
[2024-06-24T14:19:58.110+0300] {logging_mixin.py:188} INFO - [2024-06-24T14:19:58.110+0300] {dag.py:3096} INFO - Sync 1 DAGs
[2024-06-24T14:19:58.125+0300] {logging_mixin.py:188} INFO - [2024-06-24T14:19:58.125+0300] {dag.py:3954} INFO - Setting next_dagrun for example_branch_labels to 2024-06-23 00:00:00+00:00, run_after=2024-06-24 00:00:00+00:00
[2024-06-24T14:19:58.153+0300] {processor.py:183} INFO - Processing /home/user/rubix/internship_project/.venv/lib/python3.10/site-packages/airflow/example_dags/example_branch_labels.py took 0.082 seconds
[2024-06-24T14:20:55.457+0300] {processor.py:161} INFO - Started process (PID=28279) to work on /home/user/rubix/internship_project/.venv/lib/python3.10/site-packages/airflow/example_dags/example_branch_labels.py
[2024-06-24T14:20:55.458+0300] {processor.py:830} INFO - Processing file /home/user/rubix/internship_project/.venv/lib/python3.10/site-packages/airflow/example_dags/example_branch_labels.py for tasks to queue
[2024-06-24T14:20:55.460+0300] {logging_mixin.py:188} INFO - [2024-06-24T14:20:55.460+0300] {dagbag.py:545} INFO - Filling up the DagBag from /home/user/rubix/internship_project/.venv/lib/python3.10/site-packages/airflow/example_dags/example_branch_labels.py
[2024-06-24T14:20:55.469+0300] {processor.py:840} INFO - DAG(s) 'example_branch_labels' retrieved from /home/user/rubix/internship_project/.venv/lib/python3.10/site-packages/airflow/example_dags/example_branch_labels.py
[2024-06-24T14:20:55.490+0300] {logging_mixin.py:188} INFO - [2024-06-24T14:20:55.490+0300] {dag.py:3096} INFO - Sync 1 DAGs
[2024-06-24T14:20:55.512+0300] {logging_mixin.py:188} INFO - [2024-06-24T14:20:55.512+0300] {dag.py:3954} INFO - Setting next_dagrun for example_branch_labels to 2024-06-23 00:00:00+00:00, run_after=2024-06-24 00:00:00+00:00
[2024-06-24T14:20:55.545+0300] {processor.py:183} INFO - Processing /home/user/rubix/internship_project/.venv/lib/python3.10/site-packages/airflow/example_dags/example_branch_labels.py took 0.096 seconds
[2024-06-24T14:21:58.700+0300] {processor.py:161} INFO - Started process (PID=28649) to work on /home/user/rubix/internship_project/.venv/lib/python3.10/site-packages/airflow/example_dags/example_branch_labels.py
[2024-06-24T14:21:58.701+0300] {processor.py:830} INFO - Processing file /home/user/rubix/internship_project/.venv/lib/python3.10/site-packages/airflow/example_dags/example_branch_labels.py for tasks to queue
[2024-06-24T14:21:58.703+0300] {logging_mixin.py:188} INFO - [2024-06-24T14:21:58.703+0300] {dagbag.py:545} INFO - Filling up the DagBag from /home/user/rubix/internship_project/.venv/lib/python3.10/site-packages/airflow/example_dags/example_branch_labels.py
[2024-06-24T14:21:58.712+0300] {processor.py:840} INFO - DAG(s) 'example_branch_labels' retrieved from /home/user/rubix/internship_project/.venv/lib/python3.10/site-packages/airflow/example_dags/example_branch_labels.py
[2024-06-24T14:21:58.729+0300] {logging_mixin.py:188} INFO - [2024-06-24T14:21:58.728+0300] {dag.py:3096} INFO - Sync 1 DAGs
[2024-06-24T14:21:58.744+0300] {logging_mixin.py:188} INFO - [2024-06-24T14:21:58.744+0300] {dag.py:3954} INFO - Setting next_dagrun for example_branch_labels to 2024-06-23 00:00:00+00:00, run_after=2024-06-24 00:00:00+00:00
[2024-06-24T14:21:58.772+0300] {processor.py:183} INFO - Processing /home/user/rubix/internship_project/.venv/lib/python3.10/site-packages/airflow/example_dags/example_branch_labels.py took 0.079 seconds
[2024-06-24T14:22:55.524+0300] {processor.py:161} INFO - Started process (PID=28832) to work on /home/user/rubix/internship_project/.venv/lib/python3.10/site-packages/airflow/example_dags/example_branch_labels.py
[2024-06-24T14:22:55.526+0300] {processor.py:830} INFO - Processing file /home/user/rubix/internship_project/.venv/lib/python3.10/site-packages/airflow/example_dags/example_branch_labels.py for tasks to queue
[2024-06-24T14:22:55.528+0300] {logging_mixin.py:188} INFO - [2024-06-24T14:22:55.527+0300] {dagbag.py:545} INFO - Filling up the DagBag from /home/user/rubix/internship_project/.venv/lib/python3.10/site-packages/airflow/example_dags/example_branch_labels.py
[2024-06-24T14:22:55.539+0300] {processor.py:840} INFO - DAG(s) 'example_branch_labels' retrieved from /home/user/rubix/internship_project/.venv/lib/python3.10/site-packages/airflow/example_dags/example_branch_labels.py
[2024-06-24T14:22:55.558+0300] {logging_mixin.py:188} INFO - [2024-06-24T14:22:55.558+0300] {dag.py:3096} INFO - Sync 1 DAGs
[2024-06-24T14:22:55.575+0300] {logging_mixin.py:188} INFO - [2024-06-24T14:22:55.575+0300] {dag.py:3954} INFO - Setting next_dagrun for example_branch_labels to 2024-06-23 00:00:00+00:00, run_after=2024-06-24 00:00:00+00:00
[2024-06-24T14:22:55.605+0300] {processor.py:183} INFO - Processing /home/user/rubix/internship_project/.venv/lib/python3.10/site-packages/airflow/example_dags/example_branch_labels.py took 0.089 seconds
[2024-06-24T14:24:03.056+0300] {processor.py:161} INFO - Started process (PID=29137) to work on /home/user/rubix/internship_project/.venv/lib/python3.10/site-packages/airflow/example_dags/example_branch_labels.py
[2024-06-24T14:24:03.057+0300] {processor.py:830} INFO - Processing file /home/user/rubix/internship_project/.venv/lib/python3.10/site-packages/airflow/example_dags/example_branch_labels.py for tasks to queue
[2024-06-24T14:24:03.060+0300] {logging_mixin.py:188} INFO - [2024-06-24T14:24:03.059+0300] {dagbag.py:545} INFO - Filling up the DagBag from /home/user/rubix/internship_project/.venv/lib/python3.10/site-packages/airflow/example_dags/example_branch_labels.py
[2024-06-24T14:24:03.071+0300] {processor.py:840} INFO - DAG(s) 'example_branch_labels' retrieved from /home/user/rubix/internship_project/.venv/lib/python3.10/site-packages/airflow/example_dags/example_branch_labels.py
[2024-06-24T14:24:03.093+0300] {logging_mixin.py:188} INFO - [2024-06-24T14:24:03.093+0300] {dag.py:3096} INFO - Sync 1 DAGs
[2024-06-24T14:24:03.112+0300] {logging_mixin.py:188} INFO - [2024-06-24T14:24:03.112+0300] {dag.py:3954} INFO - Setting next_dagrun for example_branch_labels to 2024-06-23 00:00:00+00:00, run_after=2024-06-24 00:00:00+00:00
[2024-06-24T14:24:03.142+0300] {processor.py:183} INFO - Processing /home/user/rubix/internship_project/.venv/lib/python3.10/site-packages/airflow/example_dags/example_branch_labels.py took 0.096 seconds
[2024-06-24T14:25:11.099+0300] {processor.py:161} INFO - Started process (PID=29513) to work on /home/user/rubix/internship_project/.venv/lib/python3.10/site-packages/airflow/example_dags/example_branch_labels.py
[2024-06-24T14:25:11.101+0300] {processor.py:830} INFO - Processing file /home/user/rubix/internship_project/.venv/lib/python3.10/site-packages/airflow/example_dags/example_branch_labels.py for tasks to queue
[2024-06-24T14:25:11.103+0300] {logging_mixin.py:188} INFO - [2024-06-24T14:25:11.103+0300] {dagbag.py:545} INFO - Filling up the DagBag from /home/user/rubix/internship_project/.venv/lib/python3.10/site-packages/airflow/example_dags/example_branch_labels.py
[2024-06-24T14:25:11.114+0300] {processor.py:840} INFO - DAG(s) 'example_branch_labels' retrieved from /home/user/rubix/internship_project/.venv/lib/python3.10/site-packages/airflow/example_dags/example_branch_labels.py
[2024-06-24T14:25:11.137+0300] {logging_mixin.py:188} INFO - [2024-06-24T14:25:11.136+0300] {dag.py:3096} INFO - Sync 1 DAGs
[2024-06-24T14:25:11.153+0300] {logging_mixin.py:188} INFO - [2024-06-24T14:25:11.153+0300] {dag.py:3954} INFO - Setting next_dagrun for example_branch_labels to 2024-06-23 00:00:00+00:00, run_after=2024-06-24 00:00:00+00:00
[2024-06-24T14:25:11.172+0300] {processor.py:183} INFO - Processing /home/user/rubix/internship_project/.venv/lib/python3.10/site-packages/airflow/example_dags/example_branch_labels.py took 0.082 seconds
[2024-06-24T14:26:11.564+0300] {processor.py:161} INFO - Started process (PID=29724) to work on /home/user/rubix/internship_project/.venv/lib/python3.10/site-packages/airflow/example_dags/example_branch_labels.py
[2024-06-24T14:26:11.566+0300] {processor.py:830} INFO - Processing file /home/user/rubix/internship_project/.venv/lib/python3.10/site-packages/airflow/example_dags/example_branch_labels.py for tasks to queue
[2024-06-24T14:26:11.567+0300] {logging_mixin.py:188} INFO - [2024-06-24T14:26:11.567+0300] {dagbag.py:545} INFO - Filling up the DagBag from /home/user/rubix/internship_project/.venv/lib/python3.10/site-packages/airflow/example_dags/example_branch_labels.py
[2024-06-24T14:26:11.576+0300] {processor.py:840} INFO - DAG(s) 'example_branch_labels' retrieved from /home/user/rubix/internship_project/.venv/lib/python3.10/site-packages/airflow/example_dags/example_branch_labels.py
[2024-06-24T14:26:11.594+0300] {logging_mixin.py:188} INFO - [2024-06-24T14:26:11.594+0300] {dag.py:3096} INFO - Sync 1 DAGs
[2024-06-24T14:26:11.610+0300] {logging_mixin.py:188} INFO - [2024-06-24T14:26:11.609+0300] {dag.py:3954} INFO - Setting next_dagrun for example_branch_labels to 2024-06-23 00:00:00+00:00, run_after=2024-06-24 00:00:00+00:00
[2024-06-24T14:26:11.641+0300] {processor.py:183} INFO - Processing /home/user/rubix/internship_project/.venv/lib/python3.10/site-packages/airflow/example_dags/example_branch_labels.py took 0.085 seconds
[2024-06-24T14:27:18.586+0300] {processor.py:161} INFO - Started process (PID=30370) to work on /home/user/rubix/internship_project/.venv/lib/python3.10/site-packages/airflow/example_dags/example_branch_labels.py
[2024-06-24T14:27:18.587+0300] {processor.py:830} INFO - Processing file /home/user/rubix/internship_project/.venv/lib/python3.10/site-packages/airflow/example_dags/example_branch_labels.py for tasks to queue
[2024-06-24T14:27:18.589+0300] {logging_mixin.py:188} INFO - [2024-06-24T14:27:18.588+0300] {dagbag.py:545} INFO - Filling up the DagBag from /home/user/rubix/internship_project/.venv/lib/python3.10/site-packages/airflow/example_dags/example_branch_labels.py
[2024-06-24T14:27:18.598+0300] {processor.py:840} INFO - DAG(s) 'example_branch_labels' retrieved from /home/user/rubix/internship_project/.venv/lib/python3.10/site-packages/airflow/example_dags/example_branch_labels.py
[2024-06-24T14:27:18.616+0300] {logging_mixin.py:188} INFO - [2024-06-24T14:27:18.616+0300] {dag.py:3096} INFO - Sync 1 DAGs
[2024-06-24T14:27:18.633+0300] {logging_mixin.py:188} INFO - [2024-06-24T14:27:18.633+0300] {dag.py:3954} INFO - Setting next_dagrun for example_branch_labels to 2024-06-23 00:00:00+00:00, run_after=2024-06-24 00:00:00+00:00
[2024-06-24T14:27:18.662+0300] {processor.py:183} INFO - Processing /home/user/rubix/internship_project/.venv/lib/python3.10/site-packages/airflow/example_dags/example_branch_labels.py took 0.084 seconds
[2024-06-24T14:28:20.889+0300] {processor.py:161} INFO - Started process (PID=30718) to work on /home/user/rubix/internship_project/.venv/lib/python3.10/site-packages/airflow/example_dags/example_branch_labels.py
[2024-06-24T14:28:20.893+0300] {processor.py:830} INFO - Processing file /home/user/rubix/internship_project/.venv/lib/python3.10/site-packages/airflow/example_dags/example_branch_labels.py for tasks to queue
[2024-06-24T14:28:20.898+0300] {logging_mixin.py:188} INFO - [2024-06-24T14:28:20.896+0300] {dagbag.py:545} INFO - Filling up the DagBag from /home/user/rubix/internship_project/.venv/lib/python3.10/site-packages/airflow/example_dags/example_branch_labels.py
[2024-06-24T14:28:20.909+0300] {processor.py:840} INFO - DAG(s) 'example_branch_labels' retrieved from /home/user/rubix/internship_project/.venv/lib/python3.10/site-packages/airflow/example_dags/example_branch_labels.py
[2024-06-24T14:28:20.936+0300] {logging_mixin.py:188} INFO - [2024-06-24T14:28:20.936+0300] {dag.py:3096} INFO - Sync 1 DAGs
[2024-06-24T14:28:20.960+0300] {logging_mixin.py:188} INFO - [2024-06-24T14:28:20.959+0300] {dag.py:3954} INFO - Setting next_dagrun for example_branch_labels to 2024-06-23 00:00:00+00:00, run_after=2024-06-24 00:00:00+00:00
[2024-06-24T14:28:20.995+0300] {processor.py:183} INFO - Processing /home/user/rubix/internship_project/.venv/lib/python3.10/site-packages/airflow/example_dags/example_branch_labels.py took 0.116 seconds
[2024-06-24T14:29:32.766+0300] {processor.py:161} INFO - Started process (PID=31226) to work on /home/user/rubix/internship_project/.venv/lib/python3.10/site-packages/airflow/example_dags/example_branch_labels.py
[2024-06-24T14:29:32.767+0300] {processor.py:830} INFO - Processing file /home/user/rubix/internship_project/.venv/lib/python3.10/site-packages/airflow/example_dags/example_branch_labels.py for tasks to queue
[2024-06-24T14:29:32.769+0300] {logging_mixin.py:188} INFO - [2024-06-24T14:29:32.768+0300] {dagbag.py:545} INFO - Filling up the DagBag from /home/user/rubix/internship_project/.venv/lib/python3.10/site-packages/airflow/example_dags/example_branch_labels.py
[2024-06-24T14:29:32.779+0300] {processor.py:840} INFO - DAG(s) 'example_branch_labels' retrieved from /home/user/rubix/internship_project/.venv/lib/python3.10/site-packages/airflow/example_dags/example_branch_labels.py
[2024-06-24T14:29:32.800+0300] {logging_mixin.py:188} INFO - [2024-06-24T14:29:32.800+0300] {dag.py:3096} INFO - Sync 1 DAGs
[2024-06-24T14:29:32.819+0300] {logging_mixin.py:188} INFO - [2024-06-24T14:29:32.818+0300] {dag.py:3954} INFO - Setting next_dagrun for example_branch_labels to 2024-06-23 00:00:00+00:00, run_after=2024-06-24 00:00:00+00:00
[2024-06-24T14:29:32.848+0300] {processor.py:183} INFO - Processing /home/user/rubix/internship_project/.venv/lib/python3.10/site-packages/airflow/example_dags/example_branch_labels.py took 0.091 seconds
[2024-06-24T14:30:25.606+0300] {processor.py:161} INFO - Started process (PID=31456) to work on /home/user/rubix/internship_project/.venv/lib/python3.10/site-packages/airflow/example_dags/example_branch_labels.py
[2024-06-24T14:30:25.608+0300] {processor.py:830} INFO - Processing file /home/user/rubix/internship_project/.venv/lib/python3.10/site-packages/airflow/example_dags/example_branch_labels.py for tasks to queue
[2024-06-24T14:30:25.613+0300] {logging_mixin.py:188} INFO - [2024-06-24T14:30:25.612+0300] {dagbag.py:545} INFO - Filling up the DagBag from /home/user/rubix/internship_project/.venv/lib/python3.10/site-packages/airflow/example_dags/example_branch_labels.py
[2024-06-24T14:30:25.627+0300] {processor.py:840} INFO - DAG(s) 'example_branch_labels' retrieved from /home/user/rubix/internship_project/.venv/lib/python3.10/site-packages/airflow/example_dags/example_branch_labels.py
[2024-06-24T14:30:25.646+0300] {logging_mixin.py:188} INFO - [2024-06-24T14:30:25.645+0300] {dag.py:3096} INFO - Sync 1 DAGs
[2024-06-24T14:30:25.665+0300] {logging_mixin.py:188} INFO - [2024-06-24T14:30:25.665+0300] {dag.py:3954} INFO - Setting next_dagrun for example_branch_labels to 2024-06-23 00:00:00+00:00, run_after=2024-06-24 00:00:00+00:00
[2024-06-24T14:30:25.697+0300] {processor.py:183} INFO - Processing /home/user/rubix/internship_project/.venv/lib/python3.10/site-packages/airflow/example_dags/example_branch_labels.py took 0.116 seconds
[2024-06-24T14:31:36.133+0300] {processor.py:161} INFO - Started process (PID=31907) to work on /home/user/rubix/internship_project/.venv/lib/python3.10/site-packages/airflow/example_dags/example_branch_labels.py
[2024-06-24T14:31:36.134+0300] {processor.py:830} INFO - Processing file /home/user/rubix/internship_project/.venv/lib/python3.10/site-packages/airflow/example_dags/example_branch_labels.py for tasks to queue
[2024-06-24T14:31:36.136+0300] {logging_mixin.py:188} INFO - [2024-06-24T14:31:36.136+0300] {dagbag.py:545} INFO - Filling up the DagBag from /home/user/rubix/internship_project/.venv/lib/python3.10/site-packages/airflow/example_dags/example_branch_labels.py
[2024-06-24T14:31:36.147+0300] {processor.py:840} INFO - DAG(s) 'example_branch_labels' retrieved from /home/user/rubix/internship_project/.venv/lib/python3.10/site-packages/airflow/example_dags/example_branch_labels.py
[2024-06-24T14:31:36.166+0300] {logging_mixin.py:188} INFO - [2024-06-24T14:31:36.166+0300] {dag.py:3096} INFO - Sync 1 DAGs
[2024-06-24T14:31:36.183+0300] {logging_mixin.py:188} INFO - [2024-06-24T14:31:36.183+0300] {dag.py:3954} INFO - Setting next_dagrun for example_branch_labels to 2024-06-23 00:00:00+00:00, run_after=2024-06-24 00:00:00+00:00
[2024-06-24T14:31:36.213+0300] {processor.py:183} INFO - Processing /home/user/rubix/internship_project/.venv/lib/python3.10/site-packages/airflow/example_dags/example_branch_labels.py took 0.087 seconds
[2024-06-24T14:32:43.534+0300] {processor.py:161} INFO - Started process (PID=32106) to work on /home/user/rubix/internship_project/.venv/lib/python3.10/site-packages/airflow/example_dags/example_branch_labels.py
[2024-06-24T14:32:43.535+0300] {processor.py:830} INFO - Processing file /home/user/rubix/internship_project/.venv/lib/python3.10/site-packages/airflow/example_dags/example_branch_labels.py for tasks to queue
[2024-06-24T14:32:43.537+0300] {logging_mixin.py:188} INFO - [2024-06-24T14:32:43.536+0300] {dagbag.py:545} INFO - Filling up the DagBag from /home/user/rubix/internship_project/.venv/lib/python3.10/site-packages/airflow/example_dags/example_branch_labels.py
[2024-06-24T14:32:43.547+0300] {processor.py:840} INFO - DAG(s) 'example_branch_labels' retrieved from /home/user/rubix/internship_project/.venv/lib/python3.10/site-packages/airflow/example_dags/example_branch_labels.py
[2024-06-24T14:32:43.568+0300] {logging_mixin.py:188} INFO - [2024-06-24T14:32:43.567+0300] {dag.py:3096} INFO - Sync 1 DAGs
[2024-06-24T14:32:43.585+0300] {logging_mixin.py:188} INFO - [2024-06-24T14:32:43.585+0300] {dag.py:3954} INFO - Setting next_dagrun for example_branch_labels to 2024-06-23 00:00:00+00:00, run_after=2024-06-24 00:00:00+00:00
[2024-06-24T14:32:43.613+0300] {processor.py:183} INFO - Processing /home/user/rubix/internship_project/.venv/lib/python3.10/site-packages/airflow/example_dags/example_branch_labels.py took 0.087 seconds
